
                  X           uf-100-0-90-Gm5 

                0.                -0.         
               39.94E-09         121.93E-03   
              319.041E-09        604.472E-03  
                1.70601E-06        1.52163    
                7.53894E-06        3.3765     
               29.9775E-06         6.84795    
              111.812E-06         13.7544     
              399.954E-06         30.3763     
                1.38837E-03       77.4537     
                4.70264E-03      221.687      
               15.5512E-03       675.016      
               49.9952E-03         2.0892E+03 
              154.626E-03          6.35316E+03
              450.699E-03         18.3329E+03 
              551.162E-03         22.4512E+03 
              661.566E-03         26.5307E+03 
              844.518E-03         33.1914E+03 
              862.666E-03         34.052E+03  
              864.375E-03         34.1317E+03 
              866.942E-03         34.2178E+03 
              867.906E-03         34.2498E+03 
              869.352E-03         34.2948E+03 
              869.894E-03         34.3121E+03 
              870.708E-03         34.3373E+03 
              871.93E-03          34.374E+03  
              872.388E-03         34.3882E+03 
              873.076E-03         34.4091E+03 
              874.108E-03         34.4396E+03 
              874.624E-03         34.4552E+03 
              875.141E-03         34.4706E+03 
              875.915E-03         34.4932E+03 
              876.206E-03         34.5019E+03 
              876.642E-03         34.5147E+03 
              877.296E-03         34.5335E+03 
              878.277E-03         34.5612E+03 
              879.259E-03         34.5888E+03 
              880.242E-03         34.6163E+03 
              881.224E-03         34.6434E+03 
              882.208E-03         34.6702E+03 
              883.191E-03         34.6966E+03 
              884.176E-03         34.7228E+03 
              885.16E-03          34.7485E+03 
              886.145E-03         34.774E+03  
              887.624E-03         34.8112E+03 
              889.103E-03         34.8483E+03 
              890.584E-03         34.8852E+03 
              892.066E-03         34.9222E+03 
              893.548E-03         34.959E+03  
              895.032E-03         34.9953E+03 
              896.516E-03         35.0298E+03 
              898.002E-03         35.06E+03   
              899.489E-03         35.0812E+03 
              900.976E-03         35.086E+03  
              902.465E-03         35.0635E+03 
              903.955E-03         34.9992E+03 
              905.445E-03         34.8756E+03 
              906.937E-03         34.6734E+03 
              908.43E-03          34.3729E+03 
              909.923E-03         33.9567E+03 
              911.418E-03         33.412E+03  
              912.914E-03         32.7328E+03 
              914.41E-03          31.9211E+03 
              915.908E-03         30.9871E+03 
              917.406E-03         29.9486E+03 
              918.906E-03         28.8293E+03 
              920.407E-03         27.6562E+03 
              921.908E-03         26.4576E+03 
              923.411E-03         25.2599E+03 
              924.915E-03         24.0866E+03 
              926.419E-03         22.9562E+03 
              927.925E-03         21.8817E+03 
              929.431E-03         20.8709E+03 
              930.939E-03         19.9259E+03 
              932.447E-03         19.0449E+03 
              933.957E-03         18.2226E+03 
              935.467E-03         17.4516E+03 
              936.979E-03         16.7239E+03 
              938.491E-03         16.0318E+03 
              940.005E-03         15.3688E+03 
              941.519E-03         14.7304E+03 
              943.034E-03         14.1146E+03 
              944.551E-03         13.5218E+03 
              946.068E-03         12.9545E+03 
              947.586E-03         12.4169E+03 
              949.106E-03         11.9146E+03 
              950.626E-03         11.4536E+03 
              952.147E-03         11.0399E+03 
              952.718E-03         10.8923E+03 
              953.574E-03         10.6869E+03 
              954.859E-03         10.4183E+03 
              956.788E-03         10.1113E+03 
              958.718E-03          9.90292E+03
              960.167E-03          9.80179E+03
              961.616E-03          9.75317E+03
              963.792E-03          9.78634E+03
              964.881E-03          9.82903E+03
              965.97E-03           9.89416E+03
              967.605E-03         10.0339E+03 
              969.241E-03         10.2075E+03 
              970.878E-03         10.4049E+03 
              972.516E-03         10.6171E+03 
              974.155E-03         10.8372E+03 
              975.795E-03         11.062E+03  
              978.257E-03         11.4226E+03 
              979.489E-03         11.6137E+03 
              980.722E-03         11.8182E+03 
              982.572E-03         12.1754E+03 
              984.423E-03         12.6037E+03 
              986.276E-03         13.1172E+03 
              988.13E-03          13.7212E+03 
              989.986E-03         14.4115E+03 
              991.843E-03         15.1739E+03 
              992.539E-03         15.4699E+03 
              993.585E-03         15.9299E+03 
              995.153E-03         16.642E+03  
              997.508E-03         17.7089E+03 
              999.865E-03         18.7308E+03 
                1.00163           19.4567E+03 
                1.00341           20.1302E+03 
                1.00518           20.7448E+03 
                1.00651           21.1715E+03 
                1.0085            21.7324E+03 
                1.0105            22.2199E+03 
                1.0125            22.6403E+03 
                1.0145            23.002E+03  
                1.0165            23.3139E+03 
                1.0185            23.5851E+03 
                1.02051           23.8241E+03 
                1.02352           24.1314E+03 
                1.02653           24.4038E+03 
                1.02955           24.6456E+03 
                1.03257           24.8512E+03 
                1.03559           25.0046E+03 
                1.03861           25.0808E+03 
                1.04164           25.0482E+03 
                1.04468           24.8723E+03 
                1.04771           24.521E+03  
                1.05075           23.9699E+03 
                1.05303           23.4382E+03 
                1.05532           22.7852E+03 
                1.0576            22.015E+03  
                1.05989           21.1377E+03 
                1.06218           20.1694E+03 
                1.06447           19.1319E+03 
                1.06676           18.0518E+03 
                1.06734           17.7804E+03 
                1.06791           17.5069E+03 
                1.06877           17.0937E+03 
                1.07006           16.4734E+03 
                1.072             15.5636E+03 
                1.07394           14.6954E+03 
                1.07588           13.8882E+03 
                1.07733           13.3254E+03 
                1.07879           12.812E+03  
                1.08025           12.3552E+03 
                1.0808            12.1926E+03 
                1.08162           11.9682E+03 
                1.08285           11.6788E+03 
                1.08469           11.3613E+03 
                1.08516           11.29E+03   
                1.08562           11.2261E+03 
                1.08631           11.1474E+03 
                1.08735           11.0688E+03 
                1.08891           11.0428E+03 
                1.09048           11.1102E+03 
                1.09204           11.2705E+03 
                1.0936            11.522E+03  
                1.09517           11.8624E+03 
                1.09673           12.288E+03  
                1.0983            12.7947E+03 
                1.09986           13.3772E+03 
                1.10143           14.0298E+03 
                1.103             14.7459E+03 
                1.10457           15.5184E+03 
                1.10516           15.8161E+03 
                1.10604           16.2779E+03 
                1.10736           17.0004E+03 
                1.10836           17.5575E+03 
                1.10985           18.4193E+03 
                1.11134           19.3003E+03 
                1.11284           20.1925E+03 
                1.11508           21.5289E+03 
                1.11592           22.0294E+03 
                1.11718           22.771E+03  
                1.11907           23.8481E+03 
                1.11978           24.2471E+03 
                1.12085           24.8295E+03 
                1.12245           25.6587E+03 
                1.12485           26.7768E+03 
                1.12605           27.3023E+03 
                1.12725           27.7898E+03 
                1.12906           28.4266E+03 
                1.12973           28.6523E+03 
                1.13075           28.9584E+03 
                1.13227           29.3411E+03 
                1.13456           29.735E+03  
                1.13684           29.9449E+03 
                1.13856           29.9985E+03 
                1.14028           29.9482E+03 
                1.142             29.7965E+03 
                1.14264           29.726E+03  
                1.14361           29.5886E+03 
                1.14506           29.3146E+03 
                1.14724           28.7644E+03 
                1.14942           28.0912E+03 
                1.1516            27.3122E+03 
                1.15378           26.4469E+03 
                1.15596           25.5162E+03 
                1.15815           24.5422E+03 
                1.16033           23.5471E+03 
                1.16143           23.0477E+03 
                1.16252           22.5482E+03 
                1.16416           21.8078E+03 
                1.16663           20.7471E+03 
                1.16755           20.359E+03  
                1.16894           19.7996E+03 
                1.16946           19.5937E+03 
                1.17024           19.2934E+03 
                1.17141           18.8648E+03 
                1.17317           18.2788E+03 
                1.17383           18.0681E+03 
                1.17482           17.7715E+03 
                1.1763            17.374E+03  
                1.17686           17.2322E+03 
                1.1777            17.0352E+03 
                1.17895           16.7761E+03 
                1.17942           16.6845E+03 
                1.18012           16.5588E+03 
                1.18118           16.3972E+03 
                1.18277           16.2159E+03 
                1.18337           16.157E+03  
                1.18426           16.0878E+03 
                1.1856            16.0263E+03 
                1.1861            16.0096E+03 
                1.18686           15.9976E+03 
                1.18799           16.0084E+03 
                1.18969           16.0865E+03 
                1.19139           16.2234E+03 
                1.19309           16.4142E+03 
                1.19437           16.5857E+03 
                1.19564           16.7832E+03 
                1.19692           17.0045E+03 
                1.1974            17.091E+03  
                1.19812           17.2273E+03 
                1.1992            17.4454E+03 
                1.20081           17.7991E+03 
                1.20142           17.9358E+03 
                1.20233           18.1475E+03 
                1.2037            18.4779E+03 
                1.20575           18.9939E+03 
                1.20652           19.1907E+03 
                1.20767           19.4892E+03 
                1.2094            19.941E+03  
                1.212             20.615E+03  
                1.21298           20.8677E+03 
                1.21444           21.2409E+03 
                1.21664           21.7837E+03 
                1.21746           21.9854E+03 
                1.2187            22.2805E+03 
                1.22055           22.7048E+03 
                1.22125           22.8619E+03 
                1.22229           23.0908E+03 
                1.22386           23.4185E+03 
                1.22444           23.5397E+03 
                1.22533           23.7161E+03 
                1.22665           23.9685E+03 
                1.22714           24.0618E+03 
                1.22789           24.1977E+03 
                1.22901           24.3924E+03 
                1.23068           24.664E+03  
                1.23131           24.7636E+03 
                1.23225           24.906E+03  
                1.23367           25.1044E+03 
                1.2342            25.1771E+03 
                1.23499           25.2812E+03 
                1.23619           25.4263E+03 
                1.23798           25.6198E+03 
                1.23865           25.6895E+03 
                1.23966           25.7861E+03 
                1.24118           25.9134E+03 
                1.24174           25.9592E+03 
                1.2426            26.0221E+03 
                1.24387           26.1039E+03 
                1.24579           26.1991E+03 
                1.24651           26.2316E+03 
                1.24759           26.2713E+03 
                1.24921           26.3111E+03 
                1.25164           26.3276E+03 
                1.25255           26.3286E+03 
                1.25392           26.316E+03  
                1.25598           26.2668E+03 
                1.25675           26.2448E+03 
                1.2579            26.2021E+03 
                1.25964           26.1172E+03 
                1.26224           25.9461E+03 
                1.26322           25.8769E+03 
                1.26468           25.7592E+03 
                1.26688           25.5545E+03 
                1.2677            25.4748E+03 
                1.26894           25.3463E+03 
                1.2708            25.1364E+03 
                1.2715            25.0559E+03 
                1.27254           24.9299E+03 
                1.27411           24.7304E+03 
                1.27646           24.4126E+03 
                1.27734           24.2918E+03 
                1.27867           24.1052E+03 
                1.28066           23.8168E+03 
                1.2814            23.7083E+03 
                1.28252           23.5432E+03 

 MINIMUM        0.                -0.         
  AT X =                           0.         
 MAXIMUM        1.28252           35.086E+03  
  AT X =                         900.976E-03  




