
                  X              uf-100-45    

                0.                -0.         
               39.94E-09         112.085E-03  
              319.041E-09        535.177E-03  
                1.70601E-06        1.29607    
                7.53894E-06        2.82675    
               29.9775E-06         5.66361    
              111.812E-06         10.7015     
              399.954E-06         20.2195     
                1.38837E-03       41.5762     
                4.70264E-03       98.7492     
               15.5512E-03       266.856      
               49.9952E-03       774.882      
              154.626E-03          2.2852E+03 
              212.548E-03          3.19937E+03
              319.557E-03          4.65512E+03
              365.934E-03          5.38943E+03
              384.196E-03          5.66151E+03
              412.475E-03          5.99982E+03
              423.352E-03          6.17519E+03
              424.379E-03          6.20349E+03
              425.922E-03          6.22825E+03
              426.502E-03          6.23731E+03
              427.372E-03          6.24874E+03
              427.698E-03          6.2533E+03 
              428.188E-03          6.2597E+03 
              428.924E-03          6.26876E+03
              429.2E-03            6.27245E+03
              429.614E-03          6.27779E+03
              430.235E-03          6.28549E+03
              430.858E-03          6.29324E+03
              431.48E-03           6.30106E+03
              432.103E-03          6.30892E+03
              432.727E-03          6.31682E+03
              433.351E-03          6.32474E+03
              433.819E-03          6.33082E+03
              434.287E-03          6.33687E+03
              434.756E-03          6.34288E+03
              435.46E-03           6.35158E+03
              436.164E-03          6.36039E+03
              436.869E-03          6.36929E+03
              437.575E-03          6.37824E+03
              438.281E-03          6.3872E+03 
              438.987E-03          6.39617E+03
              439.695E-03          6.40513E+03
              440.402E-03          6.41407E+03
              441.111E-03          6.42301E+03
              441.82E-03           6.43192E+03
              442.529E-03          6.44081E+03
              443.24E-03           6.44966E+03
              443.95E-03           6.45847E+03
              444.662E-03          6.46722E+03
              445.374E-03          6.47591E+03
              446.086E-03          6.48451E+03
              446.799E-03          6.49302E+03
              447.513E-03          6.50142E+03
              448.227E-03          6.50968E+03
              448.942E-03          6.51777E+03
              449.658E-03          6.52567E+03
              450.374E-03          6.53333E+03
              451.091E-03          6.5407E+03 
              451.808E-03          6.54768E+03
              452.526E-03          6.55421E+03
              453.244E-03          6.56015E+03
              453.963E-03          6.56536E+03
              454.683E-03          6.56968E+03
              455.403E-03          6.57291E+03
              455.943E-03          6.57479E+03
              456.484E-03          6.57579E+03
              457.025E-03          6.57582E+03
              457.567E-03          6.57475E+03
              458.109E-03          6.57249E+03
              458.651E-03          6.5689E+03 
              459.193E-03          6.56383E+03
              459.736E-03          6.55714E+03
              460.279E-03          6.54867E+03
              461.095E-03          6.53112E+03
              461.299E-03          6.52672E+03
              461.503E-03          6.52201E+03
              461.809E-03          6.51413E+03
              462.268E-03          6.50041E+03
              462.957E-03          6.47552E+03
              463.13E-03           6.46924E+03
              463.302E-03          6.4627E+03 
              463.561E-03          6.45222E+03
              463.949E-03          6.43499E+03
              464.532E-03          6.40575E+03
              465.407E-03          6.35451E+03
              466.064E-03          6.31252E+03
              466.721E-03          6.26669E+03
              467.378E-03          6.21715E+03
              468.036E-03          6.16414E+03
              468.695E-03          6.10794E+03
              469.354E-03          6.04882E+03
              470.014E-03          5.98704E+03
              470.674E-03          5.92281E+03
              471.664E-03          5.82065E+03
              472.656E-03          5.71275E+03
              473.649E-03          5.59755E+03
              474.643E-03          5.47279E+03
              475.638E-03          5.33581E+03
              476.635E-03          5.18392E+03
              477.632E-03          5.01501E+03
              478.63E-03           4.82796E+03
              479.63E-03           4.62303E+03
              480.63E-03           4.40202E+03
              482.133E-03          4.04573E+03
              482.509E-03          3.95621E+03
              482.885E-03          3.8655E+03 
              483.449E-03          3.72739E+03
              484.297E-03          3.51907E+03
              484.615E-03          3.44137E+03
              485.092E-03          3.32532E+03
              485.808E-03          3.15418E+03
              486.883E-03          2.90908E+03
              487.96E-03           2.67949E+03
              488.229E-03          2.62353E+03
              488.499E-03          2.56856E+03
              488.903E-03          2.48828E+03
              489.51E-03           2.37313E+03
              490.42E-03           2.21289E+03
              490.762E-03          2.15501E+03
              491.275E-03          2.07198E+03
              492.045E-03          1.95558E+03
              492.815E-03          1.84707E+03
              493.586E-03          1.74551E+03
              494.358E-03          1.64977E+03
              495.516E-03          1.51432E+03
              496.676E-03          1.38315E+03
              497.837E-03          1.25152E+03
              499.E-03             1.11534E+03
              499.291E-03          1.08143E+03
              499.582E-03          1.04704E+03
              500.018E-03        994.073      
              500.674E-03        911.237      
              501.657E-03        779.201      
              501.903E-03        746.091      
              502.15E-03         712.492      
              502.519E-03        660.858      
              503.073E-03        580.735      
              503.905E-03        455.403      
              504.217E-03        408.091      
              504.686E-03        335.666      
              505.389E-03        224.499      
              506.444E-03         55.1078     
              506.84E-03          -8.07245    
              507.435E-03       -103.055      
              507.658E-03       -138.487      
              507.992E-03       -191.585      
              508.494E-03       -270.782      
              509.248E-03       -387.384      
              510.379E-03       -554.319      
              511.229E-03       -673.469      
              512.504E-03       -838.826      
              513.781E-03       -989.428      
              515.06E-03          -1.12618E+03
              515.38E-03          -1.15897E+03
              515.7E-03           -1.19103E+03
              516.18E-03          -1.23773E+03
              516.901E-03         -1.30482E+03
              517.983E-03         -1.39985E+03
              519.608E-03         -1.53619E+03
              519.913E-03         -1.56081E+03
              520.371E-03         -1.59779E+03
              521.057E-03         -1.65391E+03
              522.089E-03         -1.74034E+03
              523.637E-03         -1.87595E+03
              525.188E-03         -2.01518E+03
              526.741E-03         -2.15368E+03
              527.13E-03          -2.18741E+03
              527.519E-03         -2.22109E+03
              528.102E-03         -2.27127E+03
              528.978E-03         -2.34364E+03
              530.293E-03         -2.43889E+03
              532.269E-03         -2.5358E+03 
              534.248E-03         -2.57739E+03
              536.231E-03         -2.56289E+03
              536.728E-03         -2.55463E+03
              537.224E-03         -2.54326E+03
              537.969E-03         -2.5195E+03 
              539.088E-03         -2.46871E+03
              540.769E-03         -2.36126E+03
              541.399E-03         -2.31565E+03
              542.346E-03         -2.23945E+03
              543.768E-03         -2.1091E+03 
              545.904E-03         -1.8829E+03 
              549.117E-03         -1.49085E+03
              550.324E-03         -1.33429E+03
              550.776E-03         -1.27441E+03
              551.456E-03         -1.18366E+03
              552.477E-03         -1.04473E+03
              554.009E-03       -829.169      
              556.312E-03       -491.763      
              558.619E-03       -142.993      
              560.931E-03        211.625      
              564.407E-03        737.313      
              569.642E-03          1.47137E+03
              574.9E-03            2.1306E+03 
              580.181E-03          2.70124E+03
              585.487E-03          3.17273E+03
              590.815E-03          3.53105E+03
              593.488E-03          3.68358E+03
              596.167E-03          3.80065E+03
              598.852E-03          3.88266E+03
              601.542E-03          3.92845E+03
              604.239E-03          3.937E+03  
              606.941E-03          3.90796E+03
              609.649E-03          3.8419E+03 
              610.327E-03          3.82474E+03
              611.344E-03          3.79223E+03
              612.872E-03          3.73067E+03
              613.445E-03          3.70674E+03
              614.306E-03          3.66675E+03
              615.598E-03          3.59861E+03
              617.538E-03          3.4806E+03 
              619.481E-03          3.34943E+03
              620.454E-03          3.2816E+03 
              621.427E-03          3.21024E+03
              622.889E-03          3.09609E+03
              623.437E-03          3.05314E+03
              624.26E-03           2.98647E+03
              625.496E-03          2.88257E+03
              626.424E-03          2.80348E+03
              627.816E-03          2.68149E+03
              628.339E-03          2.63604E+03
              629.123E-03          2.56674E+03
              630.3E-03            2.46129E+03
              632.068E-03          2.30244E+03
              632.953E-03          2.2242E+03 
              633.838E-03          2.14603E+03
              635.167E-03          2.02939E+03
              635.666E-03          1.98644E+03
              636.415E-03          1.92221E+03
              637.538E-03          1.82709E+03
              639.225E-03          1.6892E+03 
              640.915E-03          1.55802E+03
              642.606E-03          1.43394E+03
              644.299E-03          1.31744E+03
              645.995E-03          1.20893E+03
              647.693E-03          1.10871E+03
              649.392E-03          1.01692E+03
              651.094E-03        933.552      
              652.798E-03        858.459      
              654.504E-03        791.392      
              656.212E-03        732.003      
              657.922E-03        679.869      
              659.635E-03        634.515      
              661.349E-03        595.431      
              663.065E-03        562.092      
              665.644E-03        522.246      
              667.581E-03        499.331      
              669.52E-03         481.068      
              672.435E-03        462.004      
              675.355E-03        452.667      
              678.281E-03        451.836      
              682.681E-03        468.261      
              684.334E-03        480.72       
              684.955E-03        486.085      
              685.886E-03        493.716      
              687.284E-03        506.067      
              687.809E-03        511.535      
              688.596E-03        519.999      
              689.777E-03        533.797      
              691.552E-03        558.105      
              692.217E-03        568.695      
              693.217E-03        585.203      
              693.592E-03        591.831      
              694.154E-03        601.924      
              694.998E-03        617.617      
              696.266E-03        643.063      
              698.168E-03        686.356      
              701.027E-03        763.136      
              703.891E-03        852.042      
              706.76E-03         950.075      
              707.838E-03        989.541      
              709.455E-03          1.04853E+03
              711.885E-03          1.13764E+03
              715.536E-03          1.26929E+03
              721.029E-03          1.46211E+03
              729.303E-03          1.7526E+03 
              731.379E-03          1.83282E+03
              733.457E-03          1.90848E+03
              735.537E-03          1.98283E+03
              736.579E-03          2.02074E+03
              738.142E-03          2.07608E+03
              738.728E-03          2.09736E+03
              739.609E-03          2.12861E+03
              740.93E-03           2.17444E+03
              742.914E-03          2.24145E+03
              745.894E-03          2.33652E+03
              750.375E-03          2.45804E+03
              757.118E-03          2.56902E+03
              763.888E-03          2.60277E+03
              765.585E-03          2.61105E+03
              767.284E-03          2.6109E+03 
              769.834E-03          2.59668E+03
              773.667E-03          2.55153E+03
              779.433E-03          2.43694E+03
              785.217E-03          2.28049E+03
              791.02E-03           2.0833E+03 
              799.759E-03          1.71586E+03
              800.58E-03           1.68625E+03
              801.813E-03          1.63609E+03
              802.276E-03          1.61697E+03
              802.97E-03           1.58698E+03
              804.011E-03          1.54022E+03
              805.575E-03          1.46801E+03
              807.922E-03          1.35685E+03
              811.449E-03          1.18644E+03
              816.752E-03        930.647      
              818.08E-03         870.402      
              819.409E-03        808.589      
              820.738E-03        746.215      
              822.069E-03        683.992      
              824.067E-03        591.335      
              827.068E-03        456.347      
              831.578E-03        266.854      
              836.098E-03         94.9759     
              838.362E-03         15.5858     
              840.629E-03        -60.7427     
              844.034E-03       -165.818      
              847.444E-03       -258.145      
              848.298E-03       -278.847      
              849.152E-03       -299.462      
              850.434E-03       -329.911      
              852.358E-03       -372.479      
              854.283E-03       -410.669      
              856.211E-03       -444.711      
              859.106E-03       -487.495      
              862.005E-03       -520.098      
              864.908E-03       -542.706      
              867.815E-03       -554.99       
              870.726E-03       -556.499      
              873.641E-03       -546.859      
              878.022E-03       -508.372      
              882.412E-03       -443.653      
              886.81E-03        -355.064      
              893.425E-03       -178.08       
              903.385E-03        157.155      
              918.41E-03         688.6        
              924.071E-03        896.046      
              926.197E-03        973.435      
              929.39E-03           1.08103E+03
              930.589E-03          1.12216E+03
              932.387E-03          1.1809E+03 
              933.062E-03          1.20322E+03
              934.075E-03          1.23567E+03
              934.455E-03          1.24793E+03
              935.025E-03          1.26597E+03
              935.88E-03           1.29238E+03
              937.164E-03          1.33084E+03
              939.09E-03           1.38625E+03
              941.983E-03          1.46385E+03
              946.329E-03          1.56579E+03
              952.862E-03          1.67941E+03
              959.414E-03          1.75138E+03
              965.983E-03          1.77967E+03
              966.394E-03          1.78314E+03
              966.805E-03          1.78617E+03
              967.422E-03          1.78941E+03
              968.348E-03          1.79193E+03
              969.274E-03          1.79299E+03
              970.201E-03          1.79301E+03
              971.591E-03          1.79085E+03
              973.678E-03          1.78344E+03
              976.811E-03          1.76403E+03
              981.519E-03          1.71858E+03
              986.236E-03          1.65954E+03
              990.961E-03          1.58644E+03
              998.065E-03          1.44559E+03
                1.00519            1.28219E+03
                1.01233            1.1007E+03 
                1.02308          809.079      
                1.03929          408.229      
                1.05559           94.8625     
                1.07199         -120.848      
                1.08847         -249.466      
                1.09261         -267.322      
                1.09364         -271.217      
                1.0952          -279.198      
                1.09753         -291.557      
                1.0984          -295.347      
                1.09971         -301.209      
                1.10168         -309.62       
                1.10464         -320.421      
                1.10908         -332.638      
                1.11575         -344.491      
                1.12579         -356.663      
                1.13585         -366.53       
                1.14595         -376.756      
                1.15607         -383.233      
                1.17132         -375.664      
                1.19432         -327.054      
                1.21746         -264.453      
                1.24075         -215.589      
                1.24659         -193.895      
                1.24805         -188.345      
                1.2486          -186.437      
                1.24942         -184.396      
                1.24973         -183.644      
                1.25019         -182.694      
                1.25089         -181.536      
                1.25193         -180.07       
                1.25349         -178.081      
                1.25584         -175.359      
                1.25936         -171.864      
                1.26465         -168.139      
                1.2726          -166.504      
                1.28056         -167.386      
                1.28853         -171.992      
                1.29653         -180.019      
                1.30453         -191.275      
                1.31255         -206.044      
                1.32461         -241.536      
                1.3367          -289.584      
                1.34882         -353.845      
                1.36097         -432.064      
                1.36401         -448.328      
                1.36706         -468.592      
                1.3682          -475.941      
                1.36991         -488.08       
                1.37055         -492.479      
                1.37152         -499.387      
                1.37297         -510.191      
                1.37514         -526.83       
                1.37839         -552.207      
                1.38165         -577.289      
                1.38492         -602.272      
                1.38981         -639.876      
                1.39104         -647.983      
                1.39227         -656.536      
                1.39272         -659.686      
                1.39341         -664.588      
                1.39445         -672.179      
                1.396           -683.658      
                1.39658         -687.741      
                1.39746         -693.93       
                1.39778         -696.189      
                1.39827         -699.607      
                1.39901         -704.802      
                1.40012         -712.645      
                1.40122         -720.349      
                1.40233         -727.917      
                1.40399         -739.2        
                1.40648         -755.689      
                1.41022         -778.585      
                1.41583         -809.418      
                1.42145         -843.393      
                1.42285         -850.949      
                1.42496         -865.347      
                1.42575         -870.8        
                1.42694         -880.046      
                1.42872         -896.226      
                1.4305          -914.515      
                1.43228         -935.011      
                1.43496         -969.849      
                1.43596         -982.861      
                1.43746           -1.00327E+03
                1.43972           -1.03303E+03
                1.44311           -1.06711E+03
                1.44819           -1.08146E+03
                1.45328           -1.06104E+03
                1.45838           -1.01841E+03
                1.46348         -967.664      
                1.46858         -920.127      
                1.47369         -882.769      
                1.48136         -857.141      
                1.48904         -857.387      
                1.49672         -877.694      
                1.50442         -909.25       
                1.51598         -953.277      
                1.52756         -971.589      
                1.53046         -971.631      
                1.53119         -971.423      
                1.53227         -971.529      
                1.5339          -971.798      
                1.53452         -971.697      
                1.53543         -971.473      
                1.53681         -970.835      
                1.53888         -968.892      
                1.54198         -963.533      
                1.54314         -960.676      
                1.54488         -956.073      
                1.5475          -947.966      
                1.54848         -944.356      
                1.54996         -938.79       
                1.55217         -929.839      
                1.55548         -914.898      
                1.55673         -908.554      
                1.55859         -899.144      
                1.56139         -884.844      
                1.5656          -863.089      
                1.56717         -854.175      
                1.56954         -841.674      
                1.57309         -823.986      
                1.57842         -799.705      
                1.58041         -789.937      
                1.58116         -786.233      
                1.58229         -781.143      
                1.58398         -774.172      
                1.58651         -764.551      
                1.59031         -751.611      
                1.59173         -746.361      
                1.59387         -739.531      
                1.59708         -730.676      
                1.59828         -727.055      
                1.60009         -722.331      
                1.60279         -716.201      
                1.60381         -713.663      
                1.60533         -710.313      
                1.60762         -705.934      
                1.60848         -704.105      
                1.60977         -701.651      
                1.6117          -698.408      
                1.61459         -694.044      
                1.61568         -692.092      
                1.61731         -689.572      
                1.61975         -686.284      
                1.62067         -684.82       
                1.62205         -682.889      
                1.62411         -680.345      
                1.62489         -679.22       
                1.62605         -677.702      
                1.62779         -675.687      
                1.6304          -672.925      
                1.63138         -671.615      
                1.63286         -669.93       
                1.63506         -667.779      
                1.63589         -666.788      
                1.63713         -665.502      
                1.63899         -663.887      
                1.64179         -661.853      
                1.64284         -660.814      
                1.64441         -659.615      
                1.64677         -658.334      
                1.64766         -657.67       
                1.64898         -656.937      
                1.65098         -656.262      
                1.65396         -655.848      
                1.65509         -655.422      
                1.65677         -655.235      
                1.65929         -655.604      
                1.66024         -655.557      
                1.66166         -655.803      
                1.66379         -656.665      
                1.66458         -656.852      
                1.66578         -657.346      
                1.66758         -658.451      
                1.67028         -660.595      
                1.67129         -661.181      
                1.67281         -662.39       
                1.67508         -664.687      
                1.67594         -665.396      
                1.67722         -666.679      
                1.67914         -668.957      
                1.68202         -672.823      
                1.68491         -676.879      
                1.68779         -681.346      
                1.69068         -686.421      
                1.69212         -688.914      
                1.69357         -691.731      
                1.69411         -692.764      
                1.69492         -694.462      
                1.69614         -697.326      
                1.69797         -702.223      
                1.69979         -707.614      
                1.70162         -713.603      
                1.70231         -715.832      
                1.70333         -719.484      
                1.70488         -725.608      
                1.70719         -735.964      
                1.71067         -753.301      
                1.71414         -771.169      
                1.71761         -788.557      
                1.72109         -804.453      
                1.72196         -808.052      
                1.72283         -811.607      
                1.72413         -816.851      
                1.72609         -824.12       
                1.72804         -830.539      
                1.73            -836.199      
                1.73294         -843.708      
                1.73587         -850.556      
                1.73881         -857.37       
                1.74175         -864.523      
                1.74469         -872.12       
                1.74762         -880.024      
                1.75056         -887.894      
                1.7535          -895.233      
                1.75644         -901.437      
                1.75939         -905.849      
                1.76233         -907.844      
                1.76527         -906.909      
                1.76821         -902.724      
                1.77116         -895.216      
                1.7741          -884.564      
                1.77705         -871.172      
                1.77999         -855.604      
                1.78294         -838.503      
                1.78515         -825.002      
                1.78736         -811.247      
                1.78819         -805.965      
                1.78943         -798.12       
                1.79129         -786.567      
                1.79409         -769.817      
                1.79689         -753.71       
                1.79969         -738.475      
                1.80074         -732.755      
                1.80232         -724.644      
                1.80468         -713.352      
                1.80556         -709.108      
                1.80689         -703.045      
                1.80889         -694.546      
                1.81188         -682.837      
                1.81487         -671.918      
                1.81786         -661.813      
                1.82085         -652.523      
                1.82385         -644.064      
                1.82684         -636.471      
                1.82796         -633.617      
                1.82965         -629.779      
                1.83028         -628.346      
                1.83123         -626.335      
                1.83265         -623.62       
                1.83478         -620.136      
                1.83798         -616.318      
                1.84118         -614.076      
                1.84438         -613.885      
                1.84758         -616.239      
                1.85078         -621.63       
                1.85158         -623.066      
                1.85238         -624.726      
                1.85358         -627.804      
                1.85538         -633.687      
                1.85808         -645.348      
                1.86213         -669.172      
                1.86618         -698.673      
                1.87024         -732.906      
                1.87429         -770.439      
                1.87531         -779.87       
                1.87683         -794.457      
                1.87911         -816.899      
                1.88139         -839.394      
                1.88367         -861.591      
                1.88709         -893.144      
                1.89222         -932.74       
                1.89993         -964.939      
                1.90763         -963.866      
                1.91534         -928.628      
                1.92304         -863.295      
                1.93075         -776.169      
                1.93846         -677.979      
                1.94617         -579.661      
                1.9481          -555.124      
                1.95099         -519.38       
                1.95208         -506.128      
                1.9537          -486.715      
                1.95431         -479.504      
                1.95523         -468.851      
                1.95557         -464.884      
                1.95609         -458.984      
                1.95686         -450.28       
                1.95802         -437.571      
                1.95975         -419.356      
                1.96236         -394.165      
                1.96627         -361.675      
                1.97213         -325.115      
                1.978           -299.698      
                1.98386         -283.465      
                1.98973         -273.858      
                1.99559         -268.148      
                2.00439         -260.616      
                2.01318         -249.109      
                2.02198         -231.131      
                2.02418         -226.369      
                2.02638         -221.035      
                2.02968         -211.924      
                2.03091         -208.42       
                2.03277         -202.759      
                2.03555         -193.515      
                2.03834         -183.605      
                2.04112         -173.051      
                2.04529         -155.888      
                2.05155         -128.127      
                2.06094          -86.4862     
                2.07033          -50.4984     
                2.07209          -44.375      
                2.07385          -38.2609     
                2.07649          -29.6291     
                2.07748          -26.577      
                2.07897          -22.1757     
                2.08119          -16.1969     
                2.08453           -8.9544     
                2.08579           -6.62812    
                2.08766           -3.61725    
                2.09048         -506.404E-03  
                2.09471          648.239E-03  
                2.09629          373.976E-03  
                2.09867         -975.368E-03  
                2.10224           -5.51961    
                2.10759          -18.0507     
                2.11293          -36.0548     
                2.11828          -58.5237     
                2.1263           -96.1894     
                2.13832         -138.68       
                2.15634         -134.564      
                2.18334          -30.0057     
                2.21031           86.2096     
                2.23723          175.48       
                2.2641           243.768      
                2.29092          311.61       
                2.29259          311.484      
                2.29511          316.195      
                2.29605          318.106      
                2.29746          321.553      
                2.29958          327.108      
                2.30037          329.017      
                2.30156          332.059      
                2.30335          336.825      
                2.30603          344.19       
                2.30703          346.678      
                2.30854          350.712      
                2.3108           357.097      
                2.31418          367.075      
                2.31545          370.432      
                2.31736          375.995      
                2.32021          384.901      
                2.3245           399.495      
                2.33092          428.011      
                2.34055          482.823      
                2.35497          547.505      
                2.37656          597.42       
                2.3981           632.189      
                2.40348          635.507      
                2.40885          643.402      
                2.41086          645.713      
                2.41388          650.719      
                2.41841          659.174      
                2.42294          667.62       
                2.42746          676.395      
                2.43424          691.014      
                2.44439          712.776      
                2.45961          738.485      
                2.47478          752.791      
                2.48993          759.543      
                2.51258          771.148      
                2.52106          768.944      
                2.52423          767.987      
                2.52542          767.631      
                2.52721          768.323      
                2.52989          770.204      
                2.53089          770.455      
                2.53239          771.342      
                2.53465          773.194      
                2.53803          776.48       
                2.54142          779.715      
                2.54479          783.26       
                2.54986          789.871      
                2.55745          798.007      
                2.56882          801.854      
                2.58582          807.109      
                2.61123          835.214      
                2.64912          893.242      
                2.70538          939.141      
                2.7263           924.644      
                2.72825          915.499      
                2.72898          913.168      
                2.73008          912.045      
                2.73173          912.334      
                2.7342           913.481      
                2.73791          915.073      
                2.74346          916.611      
                2.74554          914.919      
                2.74866          914.431      
                2.74983          913.392      
                2.75158          912.662      
                2.75223          912.073      
                2.75322          911.48       
                2.7547           910.806      
                2.75691          909.581      
                2.75912          907.539      
                2.76134          904.954      
                2.76465          900.975      
                2.76962          894.02       
                2.77706          880.961      
                2.78819          862.614      
                2.80483          851.581      
                2.82965          845.191      
                2.86654          811.545      
                2.90301          752.881      
                2.93906          688.358      
                2.97467          618.357      
                3.00981          540.09       
                3.06163          413.862      
                3.11233          259.896      
                3.12483          182.564      
                3.13725          146.592      
                3.14189          126.103      
                3.14883          109.968      
                3.15142           99.4329     
                3.15531           90.3165     
                3.15676           84.8536     
                3.15895           79.4846     
                3.15976           76.6641     
                3.16099           73.479      
                3.16283           69.5713     
                3.16558           64.0099     
                3.16833           57.4797     
                3.17107           50.642      
                3.17518           41.4606     
                3.18133           26.9005     
                3.19051            2.73621    
                3.20421          -34.4084     
                3.22455          -88.0964     
                3.25464         -177.827      
                3.26578         -240.754      
                3.26994         -264.936      
                3.27072         -271.005      
                3.27189         -276.742      
                3.27233         -278.973      
                3.27298         -281.638      
                3.27397         -284.922      
                3.27544         -289.424      
                3.27765         -296.07       
                3.28096         -305.973      
                3.28591         -320.382      
                3.28776         -329.69       
                3.29053         -338.606      
                3.29157         -343.425      
                3.29313         -348.592      
                3.29371         -351.073      
                3.29459         -354.072      
                3.2959          -357.785      
                3.29786         -362.874      
                3.29982         -368.585      
                3.30031         -370.879      
                3.30105         -373.673      
                3.30215         -376.97       
                3.30325         -380.229      
                3.30435         -383.543      
                3.306           -388.067      
                3.30847         -394.903      
                3.31217         -406.148      
                3.3177          -426.312      
                3.3232          -452.152      
                3.32869         -479.45       
                3.33416         -504.602      
                3.34232         -524.945      
                3.35043         -534.794      
                3.3585          -537.419      
                3.36651         -542.212      
                3.37448         -556.901      
                3.38635         -598.612      
                3.40394         -679.696      
                3.42129         -759.094      
                3.43839         -820.831      
                3.45523         -869.358      
                3.48003         -916.896      
                3.50424         -969.951      
                3.51021           -1.01364E+03
                3.51613           -1.02644E+03
                3.51835           -1.03609E+03
                3.51917           -1.04E+03   
                3.52042           -1.04253E+03
                3.52088           -1.04396E+03
                3.52158           -1.04527E+03
                3.52262           -1.04639E+03
                3.52301           -1.04731E+03
                3.5236            -1.04829E+03
                3.52448           -1.04917E+03
                3.5258            -1.04999E+03
                3.52777           -1.05082E+03
                3.53073           -1.0514E+03 
                3.53514           -1.05119E+03
                3.54171           -1.05094E+03
                3.54824           -1.05685E+03
                3.55472           -1.0655E+03 
                3.56116           -1.07552E+03
                3.56754           -1.08487E+03
                3.57388           -1.09156E+03
                3.58016           -1.09432E+03
                3.5864            -1.09308E+03




