
                  X              uf-60-exp    

                0.                -0.         
               39.94E-09         122.036E-03  
              319.041E-09        605.906E-03  
                1.70601E-06        1.55163    
                7.53894E-06        3.63009    
               29.9775E-06         7.98076    
              111.812E-06         17.4109     
              399.954E-06         41.6386     
                1.38837E-03      113.827      
                4.70264E-03      341.38       
               15.5512E-03         1.06592E+03
               49.9952E-03         3.33899E+03
              154.626E-03         10.2092E+03 
              450.699E-03         29.5986E+03 
              605.155E-03         39.7458E+03 
              668.784E-03         43.8545E+03 
              693.413E-03         45.4347E+03 
              731.121E-03         47.7824E+03 
              789.361E-03         51.3192E+03 
              790.286E-03         51.4353E+03 
              791.212E-03         51.5183E+03 
              792.602E-03         51.6108E+03 
              793.124E-03         51.6438E+03 
              793.906E-03         51.6912E+03 
              795.081E-03         51.7612E+03 
              796.844E-03         51.8659E+03 
              797.506E-03         51.9063E+03 
              798.499E-03         51.966E+03  
              799.989E-03         52.0546E+03 
              800.548E-03         52.0886E+03 
              801.108E-03         52.1224E+03 
              801.667E-03         52.156E+03  
              802.507E-03         52.206E+03  
              803.767E-03         52.2805E+03 
              805.659E-03         52.3919E+03 
              807.552E-03         52.5034E+03 
              808.026E-03         52.5322E+03 
              808.5E-03           52.5606E+03 
              809.211E-03         52.6024E+03 
              810.278E-03         52.6635E+03 
              811.88E-03          52.7514E+03 
              812.481E-03         52.7847E+03 
              813.383E-03         52.8321E+03 
              814.736E-03         52.8955E+03 
              815.244E-03         52.9189E+03 
              816.006E-03         52.9502E+03 
              817.15E-03          52.9865E+03 
              818.866E-03         53.0044E+03 
              819.51E-03          53.0063E+03 
              820.477E-03         52.9922E+03 
              821.928E-03         52.9224E+03 
              824.106E-03         52.6744E+03 
              826.287E-03         52.2588E+03 
              828.47E-03          51.665E+03  
              830.656E-03         50.8994E+03 
              831.203E-03         50.6986E+03 
              832.023E-03         50.3734E+03 
              833.255E-03         49.8371E+03 
              835.104E-03         48.9432E+03 
              835.797E-03         48.5976E+03 
              836.838E-03         48.0556E+03 
              838.401E-03         47.2012E+03 
              838.987E-03         46.8764E+03 
              839.867E-03         46.3783E+03 
              841.187E-03         45.6118E+03 
              843.169E-03         44.4289E+03 
              843.913E-03         43.9824E+03 
              845.029E-03         43.3034E+03 
              846.705E-03         42.2697E+03 
              847.333E-03         41.8811E+03 
              848.277E-03         41.2943E+03 
              849.693E-03         40.4096E+03 
              851.818E-03         39.0885E+03 
              852.35E-03          38.7601E+03 
              852.882E-03         38.4323E+03 
              853.68E-03          37.9429E+03 
              854.878E-03         37.2179E+03 
              856.676E-03         36.163E+03  
              857.351E-03         35.7737E+03 
              858.363E-03         35.202E+03  
              859.883E-03         34.3777E+03 
              860.453E-03         34.0744E+03 
              861.308E-03         33.6305E+03 
              862.592E-03         32.9915E+03 
              864.52E-03          32.0939E+03 
              866.449E-03         31.2557E+03 
              868.38E-03          30.4725E+03 
              870.313E-03         29.7411E+03 
              872.247E-03         29.0602E+03 
              872.973E-03         28.8128E+03 
              874.063E-03         28.4567E+03 
              875.698E-03         27.9591E+03 
              876.311E-03         27.7786E+03 
              877.232E-03         27.5197E+03 
              878.613E-03         27.1602E+03 
              879.132E-03         27.0302E+03 
              879.909E-03         26.8445E+03 
              881.077E-03         26.5881E+03 
              882.829E-03         26.2551E+03 
              883.486E-03         26.1386E+03 
              884.472E-03         25.9792E+03 
              884.842E-03         25.922E+03  
              885.397E-03         25.8409E+03 
              886.23E-03          25.7298E+03 
              887.48E-03          25.5861E+03 
              889.357E-03         25.4147E+03 
              890.061E-03         25.3573E+03 
              891.118E-03         25.2817E+03 
              892.704E-03         25.1877E+03 
              895.085E-03         25.0795E+03 
              897.468E-03         25.0002E+03 
              899.854E-03         24.9511E+03 
              900.451E-03         24.9419E+03 
              901.048E-03         24.9343E+03 
              901.944E-03         24.9268E+03 
              903.289E-03         24.9269E+03 
              905.307E-03         24.9553E+03 
              908.339E-03         25.045E+03  
              912.893E-03         25.2041E+03 
              919.742E-03         25.5242E+03 
              922.316E-03         25.67E+03   
              926.182E-03         25.9703E+03 
              931.994E-03         26.709E+03  
              940.738E-03         28.2837E+03 
              953.916E-03         30.5418E+03 
              973.818E-03         32.179E+03  
                1.00397           32.4101E+03 
                1.04985           32.8374E+03 
                1.12008           34.7741E+03 
                1.22836           38.1795E+03 
                1.26979           39.5264E+03 
                1.33271           41.4466E+03 
                1.35654           42.2047E+03 
                1.3655            42.4886E+03 
                1.37898           42.8947E+03 
                1.38024           42.9386E+03 
                1.38214           42.9982E+03 
                1.38499           43.0842E+03 
                1.38606           43.1171E+03 
                1.38767           43.1656E+03 
                1.39007           43.2378E+03 
                1.39097           43.2655E+03 
                1.39233           43.3064E+03 
                1.39436           43.3672E+03 
                1.39512           43.3905E+03 
                1.39627           43.425E+03  
                1.39798           43.4763E+03 
                1.39863           43.4959E+03 
                1.39959           43.525E+03  
                1.40104           43.5683E+03 
                1.40158           43.5848E+03 
                1.4024            43.6093E+03 
                1.40362           43.6458E+03 
                1.40546           43.7003E+03 
                1.40614           43.7212E+03 
                1.40718           43.7521E+03 
                1.40873           43.7981E+03 
                1.40931           43.8156E+03 
                1.41018           43.8416E+03 
                1.41149           43.8802E+03 
                1.41345           43.937E+03  
                1.41419           43.9587E+03 
                1.41529           43.9903E+03 
                1.41695           44.0354E+03 
                1.41757           44.0523E+03 
                1.4185            44.0763E+03 
                1.4199            44.1085E+03 
                1.422             44.1408E+03 
                1.42278           44.1507E+03 
                1.42397           44.157E+03  
                1.42574           44.1385E+03 
                1.4284            44.0093E+03 
                1.43106           43.7401E+03 
                1.43372           43.3038E+03 
                1.43472           43.1162E+03 
                1.43621           42.7775E+03 
                1.43846           42.1518E+03 
                1.44184           41.0415E+03 
                1.4431            40.6077E+03 
                1.445             39.9358E+03 
                1.44785           38.9409E+03 
                1.44892           38.5731E+03 
                1.45052           38.0374E+03 
                1.45293           37.2767E+03 
                1.45654           36.2113E+03 
                1.45789           35.8218E+03 
                1.45993           35.2522E+03 
                1.46298           34.4338E+03 
                1.46603           33.6732E+03 
                1.46679           33.4877E+03 
                1.46755           33.3063E+03 
                1.4687            33.0455E+03 
                1.47042           32.6865E+03 
                1.47106           32.5571E+03 
                1.47203           32.375E+03  
                1.47348           32.1318E+03 
                1.47566           31.839E+03  
                1.47647           31.7399E+03 
                1.4777            31.6135E+03 
                1.47953           31.4696E+03 
                1.48229           31.3302E+03 
                1.48333           31.2878E+03 
                1.48488           31.2383E+03 
                1.48546           31.2217E+03 
                1.48633           31.1995E+03 
                1.48764           31.1692E+03 
                1.48961           31.1211E+03 
                1.49034           31.1027E+03 
                1.49145           31.0717E+03 
                1.49311           31.0148E+03 
                1.4956            30.9031E+03 
                1.49653           30.8582E+03 
                1.49793           30.7826E+03 
                1.50003           30.6581E+03 
                1.50319           30.4857E+03 
                1.50437           30.4262E+03 
                1.50615           30.3542E+03 
                1.50881           30.31E+03   
                1.50981           30.3042E+03 
                1.51131           30.3202E+03 
                1.51356           30.4015E+03 
                1.5144            30.4404E+03 
                1.51567           30.5148E+03 
                1.51757           30.6537E+03 
                1.51828           30.7095E+03 
                1.51935           30.7982E+03 
                1.52095           30.9341E+03 
                1.52335           31.1152E+03 
                1.52576           31.2484E+03 
                1.52636           31.2787E+03 
                1.52696           31.3051E+03 
                1.52787           31.335E+03  
                1.52922           31.3556E+03 
                1.53125           31.3279E+03 
                1.53201           31.3095E+03 
                1.53316           31.2629E+03 
                1.53487           31.1522E+03 
                1.53745           30.9071E+03 
                1.53841           30.8053E+03 
                1.53986           30.6315E+03 
                1.54203           30.3318E+03 
                1.54529           29.8072E+03 
                1.54855           29.2004E+03 
                1.54937           29.044E+03  
                1.55059           28.7957E+03 
                1.55243           28.3879E+03 
                1.55518           27.6818E+03 
                1.55622           27.4035E+03 
                1.55777           26.9522E+03 
                1.56009           26.2029E+03 
                1.56242           25.396E+03  
                1.56475           24.556E+03  
                1.56708           23.7151E+03 
                1.56941           22.9078E+03 
                1.57173           22.1657E+03 
                1.57407           21.5118E+03 
                1.5764            20.9576E+03 
                1.57727           20.7644E+03 
                1.57858           20.5065E+03 
                1.58055           20.1846E+03 
                1.5835            19.8027E+03 
                1.58793           19.2788E+03 
                1.59458           18.2971E+03 
                1.59708           17.8948E+03 
                1.59958           17.4554E+03 
                1.60207           16.9877E+03 
                1.60582           16.2796E+03 
                1.60957           15.6367E+03 
                1.61332           15.128E+03  
                1.61895           14.803E+03  
                1.62739           15.2173E+03 
                1.63056           15.4874E+03 
                1.63532           16.0675E+03 
                1.64246           17.1036E+03 
                1.65318           18.6838E+03 
                1.66929           20.7905E+03 
                1.69349           22.5935E+03 
                1.72989           22.7267E+03 
                1.78468           22.2414E+03 
                1.8672            22.9868E+03 
                1.99142           24.6347E+03 
                2.03805           25.2331E+03 
                2.05552           25.4486E+03 
                2.08173           25.7652E+03 
                2.09156           25.881E+03  
                2.09524           25.9242E+03 
                2.10076           25.9898E+03 
                2.10284           26.014E+03  
                2.10594           26.0508E+03 
                2.10711           26.0644E+03 
                2.10886           26.0851E+03 
                2.11148           26.1161E+03 
                2.11541           26.1628E+03 
                2.11688           26.18E+03   
                2.11909           26.2062E+03 
                2.12241           26.2455E+03 
                2.12365           26.26E+03   
                2.12552           26.2819E+03 
                2.12831           26.3147E+03 
                2.13251           26.3615E+03 
                2.1367            26.4026E+03 
                2.1409            26.4338E+03 
                2.14247           26.4437E+03 
                2.14483           26.4544E+03 
                2.14837           26.4592E+03 
                2.15367           26.4434E+03 
                2.15566           26.4341E+03 
                2.15865           26.4166E+03 
                2.15976           26.4094E+03 
                2.16144           26.3983E+03 
                2.16396           26.3828E+03 
                2.1649            26.3771E+03 
                2.16632           26.3695E+03 
                2.16844           26.3615E+03 
                2.16924           26.3588E+03 
                2.17043           26.3563E+03 
                2.17222           26.3559E+03 
                2.17491           26.3627E+03 
                2.17592           26.366E+03  
                2.17743           26.3734E+03 
                2.17799           26.3763E+03 
                2.17884           26.3814E+03 
                2.18012           26.3902E+03 
                2.18203           26.4046E+03 
                2.1849            26.4242E+03 
                2.1892            26.4366E+03 
                2.19564           26.4058E+03 
                2.19806           26.3865E+03 
                2.20169           26.3464E+03 
                2.20712           26.2746E+03 
                2.21527           26.1761E+03 
                2.21833           26.1406E+03 
                2.22291           26.0957E+03 
                2.22463           26.0792E+03 
                2.22527           26.0731E+03 
                2.22624           26.0645E+03 
                2.22769           26.0523E+03 
                2.22986           26.0352E+03 
                2.23312           26.0105E+03 
                2.23801           25.9739E+03 
                2.24534           25.9268E+03 
                2.25633           25.9003E+03 
                2.25736           25.8964E+03 
                2.2589            25.8933E+03 
                2.26122           25.8923E+03 
                2.26353           25.894E+03  
                2.26585           25.8983E+03 
                2.26932           25.9112E+03 
                2.27453           25.9433E+03 
                2.27648           25.9561E+03 
                2.27941           25.9801E+03 
                2.28051           25.9892E+03 
                2.28215           26.0043E+03 
                2.28277           26.01E+03   
                2.28369           26.0189E+03 
                2.28508           26.0332E+03 
                2.28717           26.0559E+03 
                2.29029           26.092E+03  
                2.29146           26.1052E+03 
                2.29322           26.126E+03  
                2.29585           26.1579E+03 
                2.29848           26.1895E+03 
                2.29914           26.197E+03  
                2.30013           26.2086E+03 
                2.30161           26.2259E+03 
                2.30216           26.2323E+03 
                2.303             26.2418E+03 
                2.30425           26.256E+03  
                2.30612           26.2765E+03 
                2.30893           26.3047E+03 
                2.30963           26.3112E+03 
                2.31033           26.3177E+03 
                2.31139           26.3272E+03 
                2.31297           26.3405E+03 
                2.31356           26.3452E+03 
                2.31445           26.3519E+03 
                2.31578           26.3613E+03 
                2.31628           26.3646E+03 
                2.31703           26.3692E+03 
                2.31815           26.3756E+03 
                2.31857           26.3778E+03 
                2.31921           26.3809E+03 
                2.32015           26.385E+03  
                2.32158           26.3897E+03 
                2.32371           26.3925E+03 
                2.32451           26.3926E+03 
                2.32571           26.3912E+03 
                2.32751           26.3845E+03 
                2.32818           26.381E+03  
                2.32919           26.3739E+03 
                2.33071           26.3581E+03 
                2.33299           26.3183E+03 
                2.3364            26.2144E+03 
                2.34152           25.9604E+03 
                2.34279           25.8898E+03 
                2.34407           25.814E+03  
                2.34599           25.6889E+03 
                2.34887           25.4783E+03 
                2.34994           25.3957E+03 
                2.35156           25.2659E+03 
                2.35217           25.2162E+03 
                2.35308           25.1401E+03 
                2.35444           25.0224E+03 
                2.35649           24.8395E+03 
                2.35955           24.5588E+03 
                2.3607            24.4525E+03 
                2.36243           24.2942E+03 
                2.36502           24.063E+03  
                2.3676            23.8409E+03 
                2.37019           23.6308E+03 
                2.37116           23.5534E+03 
                2.37261           23.4423E+03 
                2.37479           23.2865E+03 
                2.37561           23.2293E+03 
                2.37683           23.1473E+03 
                2.37867           23.032E+03  
                2.38143           22.872E+03  
                2.38246           22.813E+03  
                2.38401           22.7271E+03 
                2.38634           22.5983E+03 




