
               u_80_0_exp        f_80_0_exp 

                0.                -0.         
               39.94E-09         144.258E-03  
              319.041E-09        746.54E-03   
                1.70601E-06        1.9485     
                7.53894E-06        4.44843    
               29.9775E-06         9.54911    
              111.812E-06         21.6481     
              399.954E-06         56.0724     
                1.38837E-03      163.196      
                4.70264E-03      506.743      
               15.5512E-03         1.60972E+03
               49.9952E-03         5.08309E+03
              154.626E-03         15.5979E+03 
              212.548E-03         21.5083E+03 
              319.557E-03         32.1591E+03 
              322.357E-03         32.923E+03  
              326.58E-03          33.3298E+03 
              328.172E-03         33.4786E+03 
              328.769E-03         33.5342E+03 
              329.667E-03         33.6101E+03 
              331.017E-03         33.7184E+03 
              333.047E-03         33.871E+03  
              335.083E-03         34.016E+03  
              337.126E-03         34.1512E+03 
              339.176E-03         34.2778E+03 
              339.69E-03          34.3135E+03 
              340.461E-03         34.3603E+03 
              341.619E-03         34.4255E+03 
              342.78E-03          34.4902E+03 
              343.942E-03         34.5541E+03 
              345.107E-03         34.6177E+03 
              346.274E-03         34.6816E+03 
              347.443E-03         34.7466E+03 
              348.614E-03         34.8131E+03 
              350.375E-03         34.9128E+03 
              352.14E-03          35.0127E+03 
              353.911E-03         35.1062E+03 
              355.686E-03         35.1911E+03 
              357.465E-03         35.2705E+03 
              359.25E-03          35.3518E+03 
              360.591E-03         35.4194E+03 
              361.936E-03         35.4947E+03 
              363.282E-03         35.5817E+03 
              364.632E-03         35.6825E+03 
              365.984E-03         35.7972E+03 
              367.339E-03         35.925E+03  
              369.376E-03         36.1383E+03 
              372.444E-03         36.4963E+03 
              377.07E-03          37.0739E+03 
              381.727E-03         37.6607E+03 
              386.414E-03         38.2238E+03 
              393.501E-03         38.9759E+03 
              404.26E-03          39.9946E+03 
              415.171E-03         41.013E+03  
              426.235E-03         42.0625E+03 
              430.422E-03         42.4873E+03 
              431.998E-03         42.6479E+03 
              432.59E-03          42.7083E+03 
              433.479E-03         42.7939E+03 
              434.813E-03         42.9206E+03 
              436.149E-03         43.049E+03  
              437.488E-03         43.1781E+03 
              438.829E-03         43.3077E+03 
              440.172E-03         43.4375E+03 
              441.517E-03         43.5673E+03 
              442.864E-03         43.6966E+03 
              444.213E-03         43.8244E+03 
              445.565E-03         43.9497E+03 
              446.918E-03         44.0707E+03 
              448.952E-03         44.2362E+03 
              452.013E-03         44.4533E+03 
              453.163E-03         44.5378E+03 
              454.892E-03         44.6505E+03 
              457.49E-03          44.8215E+03 
              461.403E-03         45.1215E+03 
              467.304E-03         45.6744E+03 
              476.227E-03         46.6015E+03 
              480.721E-03         47.0926E+03 
              485.237E-03         47.5608E+03 
              488.638E-03         47.9037E+03 
              492.05E-03          48.2262E+03 
              495.475E-03         48.5277E+03 
              497.192E-03         48.6783E+03 
              499.773E-03         48.8833E+03 
              502.36E-03          49.0819E+03 
              504.955E-03         49.2779E+03 
              507.556E-03         49.4773E+03 
              511.47E-03          49.7983E+03 
              517.37E-03          50.3521E+03 
              518.85E-03          50.5091E+03 
              520.332E-03         50.6606E+03 
              522.559E-03         50.8908E+03 
              524.792E-03         51.1289E+03 
              527.029E-03         51.3711E+03 
              530.393E-03         51.731E+03  
              531.657E-03         51.8722E+03 
              533.556E-03         52.073E+03  
              536.412E-03         52.3633E+03 
              539.275E-03         52.6458E+03 
              542.145E-03         52.9176E+03 
              545.023E-03         53.1791E+03 
              549.354E-03         53.5504E+03 
              555.882E-03         54.1017E+03 
              558.34E-03          54.3237E+03 
              559.263E-03         54.4077E+03 
              560.649E-03         54.5276E+03 
              562.731E-03         54.7082E+03 
              564.295E-03         54.8486E+03 
              566.645E-03         55.0619E+03 
              569.E-03            55.284E+03  
              571.36E-03          55.5132E+03 
              573.724E-03         55.7482E+03 
              574.612E-03         55.8404E+03 
              575.945E-03         55.9751E+03 
              577.948E-03         56.1764E+03 
              580.958E-03         56.4765E+03 
              583.22E-03          56.7035E+03 
              585.487E-03         56.9262E+03 
              588.895E-03         57.2505E+03 
              592.313E-03         57.5714E+03 
              595.74E-03          57.8863E+03 
              599.177E-03         58.1949E+03 
              602.624E-03         58.4986E+03 
              603.487E-03         58.5798E+03 
              604.35E-03          58.657E+03  
              605.647E-03         58.769E+03  
              607.594E-03         58.9351E+03 
              610.521E-03         59.1833E+03 
              613.455E-03         59.4331E+03 
              616.395E-03         59.6823E+03 
              619.342E-03         59.9306E+03 
              623.775E-03         60.3004E+03 
              627.109E-03         60.5861E+03 
              632.127E-03         61.0169E+03 
              637.164E-03         61.4655E+03 
              642.22E-03          61.9279E+03 
              646.024E-03         62.2847E+03 
              646.977E-03         62.3797E+03 
              648.407E-03         62.5145E+03 
              650.555E-03         62.7148E+03 
              653.784E-03         63.0155E+03 
              657.02E-03          63.3178E+03 
              660.263E-03         63.6182E+03 
              665.142E-03         64.0596E+03 
              672.493E-03         64.7212E+03 
              674.336E-03         64.9011E+03 
              676.182E-03         65.071E+03  
              678.955E-03         65.3219E+03 
              683.125E-03         65.7026E+03 
              689.401E-03         66.2851E+03 
              691.761E-03         66.5163E+03 
              692.648E-03         66.6036E+03 
              693.978E-03         66.7296E+03 
              695.975E-03         66.9171E+03 
              698.976E-03         67.1985E+03 
              701.983E-03         67.4815E+03 
              704.996E-03         67.7622E+03 
              706.128E-03         67.8709E+03 
              707.826E-03         68.0268E+03 
              710.378E-03         68.2553E+03 
              712.294E-03         68.4273E+03 
              715.173E-03         68.6766E+03 
              719.501E-03         69.042E+03  
              723.841E-03         69.4072E+03 
              724.928E-03         69.5047E+03 
              726.56E-03          69.6422E+03 
              729.01E-03          69.846E+03  
              729.93E-03          69.9258E+03 
              731.311E-03         70.042E+03  
              733.385E-03         70.216E+03  
              735.461E-03         70.3926E+03 
              737.54E-03          70.571E+03  
              739.622E-03         70.751E+03  
              741.706E-03         70.9323E+03 
              743.792E-03         71.1148E+03 
              746.928E-03         71.3863E+03 
              750.069E-03         71.6565E+03 
              753.215E-03         71.9195E+03 
              756.368E-03         72.1726E+03 
              759.527E-03         72.4159E+03 
              762.691E-03         72.6534E+03 
              765.861E-03         72.891E+03  
              769.038E-03         73.1353E+03 
              772.219E-03         73.3915E+03 
              775.407E-03         73.6624E+03 
              778.601E-03         73.9486E+03 
              783.402E-03         74.4026E+03 
              790.628E-03         75.1141E+03 
              801.521E-03         76.1657E+03 
              812.478E-03         77.1811E+03 
              823.5E-03           78.1657E+03 
              827.65E-03          78.5464E+03 
              829.208E-03         78.6892E+03 
              831.548E-03         78.8938E+03 
              835.064E-03         79.1986E+03 
              840.348E-03         79.6588E+03 
              845.647E-03         80.1275E+03 
              850.96E-03          80.6006E+03 
              852.956E-03         80.7847E+03 
              855.954E-03         81.0516E+03 
              858.956E-03         81.3192E+03 
              861.962E-03         81.5865E+03 
              864.973E-03         81.8526E+03 
              867.989E-03         82.117E+03  
              872.52E-03          82.5064E+03 
              877.061E-03         82.8956E+03 
              881.612E-03         83.2831E+03 
              883.321E-03         83.4331E+03 
              885.887E-03         83.6497E+03 
              889.742E-03         83.9709E+03 
              892.638E-03         84.2137E+03 
              896.989E-03         84.5682E+03 
              901.348E-03         84.9214E+03 
              905.716E-03         85.2742E+03 
              907.357E-03         85.4111E+03 
              909.82E-03          85.6104E+03 
              913.519E-03         85.9122E+03 
              917.224E-03         86.2215E+03 
              920.936E-03         86.536E+03  
              926.514E-03         87.0085E+03 
              932.106E-03         87.4824E+03 
              937.712E-03         87.953E+03  
              943.331E-03         88.4243E+03 
              948.963E-03         88.9043E+03 
              951.079E-03         89.0919E+03 
              954.256E-03         89.3695E+03 
              955.448E-03         89.4774E+03 
              957.238E-03         89.6376E+03 
              957.909E-03         89.6992E+03 
              958.917E-03         89.7909E+03 
              959.295E-03         89.8258E+03 
              959.862E-03         89.8779E+03 
              960.713E-03         89.9561E+03 
              961.989E-03         90.0744E+03 
              962.468E-03         90.1199E+03 
              963.187E-03         90.1878E+03 
              964.265E-03         90.2901E+03 
              965.884E-03         90.4454E+03 
              967.503E-03         90.6035E+03 
              969.124E-03         90.7626E+03 
              970.745E-03         90.9199E+03 
              972.368E-03         91.0701E+03 
              974.804E-03         91.2392E+03 
              975.718E-03         91.2947E+03 
              977.089E-03         91.342E+03  
              977.604E-03         91.3553E+03 
              978.376E-03         91.3603E+03 
              979.535E-03         91.3288E+03 
              981.274E-03         91.1787E+03 
              983.884E-03         90.7312E+03 
              984.537E-03         90.6082E+03 
              985.19E-03          90.4714E+03 
              986.171E-03         90.2395E+03 
              987.642E-03         89.8506E+03 
              989.85E-03          89.2311E+03 
              992.06E-03          88.6138E+03 
              992.612E-03         88.4617E+03 
              993.442E-03         88.2343E+03 
              993.753E-03         88.1497E+03 
              994.22E-03          88.0232E+03 
              994.92E-03          87.8356E+03 
              995.97E-03          87.559E+03  
              997.547E-03         87.1535E+03 
              999.914E-03         86.5679E+03 
                1.00228           86.0218E+03 
                1.00465           85.5325E+03 
                1.00703           85.1075E+03 
                1.00762           85.007E+03  
                1.00822           84.9099E+03 
                1.00911           84.7715E+03 
                1.01044           84.579E+03  
                1.01245           84.3079E+03 
                1.0132            84.2093E+03 
                1.01433           84.0601E+03 
                1.01603           83.83E+03   
                1.01857           83.4924E+03 
                1.02112           83.2086E+03 
                1.02367           83.0211E+03 
                1.02623           82.9472E+03 
                1.02878           82.97E+03   
                1.03134           83.0463E+03 
                1.03198           83.0698E+03 
                1.03262           83.0942E+03 
                1.03358           83.1303E+03 
                1.03502           83.1759E+03 
                1.03718           83.2053E+03 
                1.03935           83.1903E+03 
                1.04151           83.1343E+03 
                1.04368           83.0458E+03 
                1.04585           82.9297E+03 
                1.04639           82.9004E+03 
                1.04721           82.8514E+03 
                1.04843           82.7671E+03 
                1.05026           82.6126E+03 
                1.0521            82.4231E+03 
                1.05393           82.1912E+03 
                1.05669           81.7439E+03 
                1.05738           81.6282E+03 
                1.05807           81.5056E+03 
                1.0591            81.3079E+03 
                1.06065           80.9874E+03 
                1.06298           80.4703E+03 
                1.06532           79.9272E+03 
                1.0659            79.7915E+03 
                1.06648           79.6535E+03 
                1.06736           79.4421E+03 
                1.06769           79.3626E+03 
                1.06818           79.2421E+03 
                1.06892           79.0584E+03 
                1.07003           78.7769E+03 
                1.07169           78.3436E+03 
                1.07232           78.1809E+03 
                1.07325           77.9338E+03 
                1.07466           77.5638E+03 
                1.07607           77.2037E+03 
                1.07747           76.8618E+03 
                1.07958           76.4095E+03 
                1.08011           76.3019E+03 
                1.08064           76.1983E+03 
                1.08143           76.0521E+03 
                1.08262           75.8542E+03 
                1.08441           75.5939E+03 
                1.08485           75.532E+03  
                1.0853            75.4716E+03 
                1.08597           75.3832E+03 
                1.08697           75.2521E+03 
                1.08848           75.0462E+03 
                1.08905           74.9679E+03 
                1.0899            74.8432E+03 
                1.09117           74.6372E+03 
                1.09308           74.2969E+03 
                1.09595           73.8224E+03 
                1.09667           73.7102E+03 
                1.09739           73.6032E+03 
                1.09846           73.4621E+03 
                1.10008           73.3138E+03 
                1.10251           73.2342E+03 
                1.10311           73.2248E+03 
                1.10372           73.2228E+03 
                1.10463           73.2338E+03 
                1.106             73.2664E+03 
                1.10805           73.2792E+03 
                1.10882           73.2764E+03 
                1.10997           73.2363E+03 
                1.11171           73.0601E+03 
                1.11236           72.9771E+03 
                1.11333           72.8069E+03 
                1.1148            72.4453E+03 
                1.11534           72.2957E+03 
                1.11617           72.0383E+03 
                1.1174            71.5877E+03 
                1.11926           70.8182E+03 
                1.11995           70.5206E+03 
                1.121             70.0605E+03 
                1.12256           69.3718E+03 
                1.12492           68.3965E+03 
                1.12727           67.4788E+03 
                1.12962           66.5812E+03 
                1.13021           66.3588E+03 
                1.1308            66.1355E+03 
                1.13169           65.7962E+03 
                1.13301           65.2688E+03 
                1.135             64.4066E+03 
                1.1365            63.7091E+03 
                1.13799           62.9496E+03 
                1.13855           62.6563E+03 
                1.13939           62.1935E+03 
                1.14065           61.4474E+03 
                1.14255           60.2261E+03 
                1.14326           59.7561E+03 
                1.14432           59.0263E+03 
                1.14592           57.9087E+03 
                1.14752           56.809E+03  
                1.14912           55.7692E+03 
                1.15152           54.4584E+03 
                1.15393           53.4554E+03 
                1.15634           52.7541E+03 
                1.15874           52.304E+03  
                1.16115           52.0405E+03 
                1.16176           51.9867E+03 
                1.16236           51.9417E+03 
                1.16326           51.8914E+03 
                1.16462           51.848E+03  
                1.16666           51.8499E+03 
                1.16869           51.9272E+03 
                1.17073           52.0908E+03 
                1.17379           52.5275E+03 
                1.17456           52.6506E+03 
                1.17532           52.7841E+03 
                1.17647           53.0049E+03 
                1.1782            53.3666E+03 
                1.18078           53.9017E+03 
                1.18143           54.0355E+03 
                1.18208           54.1657E+03 
                1.18305           54.3493E+03 
                1.18451           54.5892E+03 
                1.18669           54.8539E+03 
                1.18751           54.9406E+03 
                1.18875           55.0376E+03 
                1.19059           55.1162E+03 
                1.19129           55.1378E+03 
                1.19233           55.1499E+03 
                1.19389           55.1222E+03 
                1.19623           54.9516E+03 
                1.19857           54.6189E+03 
                1.19916           54.5263E+03 
                1.19974           54.4219E+03 
                1.20062           54.2373E+03 
                1.20194           53.8963E+03 
                1.20244           53.7599E+03 
                1.20318           53.5346E+03 
                1.20429           53.1527E+03 
                1.20596           52.5008E+03 
                1.20764           51.7991E+03 
                1.20931           51.0805E+03 
                1.21182           50.0575E+03 
                1.21245           49.8081E+03 
                1.21308           49.5642E+03 
                1.21402           49.2138E+03 
                1.21543           48.7279E+03 
                1.21756           48.0721E+03 
                1.21968           47.457E+03  
                1.22021           47.3063E+03 
                1.22074           47.1565E+03 
                1.22154           46.9319E+03 
                1.22273           46.5899E+03 
                1.22453           46.0477E+03 
                1.2252            45.8405E+03 
                1.22621           45.5148E+03 
                1.22659           45.3909E+03 
                1.22716           45.1995E+03 
                1.22801           44.899E+03  
                1.22833           44.7847E+03 
                1.22881           44.6085E+03 
                1.22953           44.3329E+03 
                1.23061           43.8921E+03 
                1.23223           43.1619E+03 
                1.23466           41.8923E+03 
                1.23557           41.3924E+03 
                1.23694           40.5827E+03 
                1.23899           39.2354E+03 
                1.24207           36.9221E+03 
                1.24284           36.3276E+03 
                1.24361           35.7144E+03 
                1.24477           34.7549E+03 
                1.24651           33.2399E+03 
                1.24911           30.8559E+03 
                1.25172           28.4375E+03 
                1.25433           26.0725E+03 
                1.25694           23.8534E+03 
                1.25955           21.865E+03  
                1.26216           20.1701E+03 
                1.26478           18.7995E+03 
                1.26739           17.7496E+03 
                1.26805           17.5083E+03 
                1.2687            17.286E+03  
                1.26969           16.9938E+03 
                1.27116           16.6426E+03 
                1.27337           16.2839E+03 
                1.27669           16.0444E+03 
                1.28001           16.0561E+03 
                1.28334           16.2961E+03 
                1.285             16.4733E+03 
                1.28562           16.5479E+03 
                1.28656           16.6761E+03 
                1.28796           16.9065E+03 
                1.29007           17.3391E+03 
                1.29086           17.5146E+03 
                1.29205           17.8041E+03 
                1.29383           18.2971E+03 
                1.2965            19.1599E+03 
                1.2985            19.8718E+03 
                1.29925           20.1481E+03 
                1.30038           20.5793E+03 
                1.30207           21.2601E+03 
                1.30461           22.3379E+03 
                1.30716           23.4479E+03 
                1.30779           23.7282E+03 
                1.30874           24.1494E+03 
                1.31018           24.7797E+03 
                1.31232           25.7061E+03 
                1.31447           26.5974E+03 
                1.31662           27.4373E+03 
                1.31984           28.5406E+03 
                1.32307           29.4651E+03 
                1.32368           29.6335E+03 
                1.32428           29.7947E+03 
                1.32519           30.0203E+03 
                1.32655           30.3234E+03 
                1.32707           30.4327E+03 
                1.32783           30.5852E+03 
                1.32898           30.7889E+03 
                1.33071           31.0404E+03 
                1.33136           31.128E+03  
                1.33233           31.2425E+03 
                1.33379           31.3784E+03 
                1.33433           31.4251E+03 
                1.33515           31.4842E+03 
                1.33639           31.55E+03   
                1.33823           31.6027E+03 
                1.341             31.5931E+03 
                1.34378           31.5046E+03 
                1.34447           31.4789E+03 
                1.34516           31.4478E+03 
                1.3462            31.3896E+03 
                1.34776           31.2764E+03 
                1.34835           31.231E+03  
                1.34923           31.1536E+03 
                1.35055           31.0146E+03 
                1.35104           30.9597E+03 
                1.35178           30.8688E+03 
                1.3529            30.711E+03  
                1.35457           30.4141E+03 
                1.35707           29.7766E+03 
                1.35958           28.8878E+03 
                1.36209           27.7085E+03 
                1.3646            26.2457E+03 
                1.36522           25.8636E+03 
                1.36585           25.4642E+03 
                1.36679           24.8294E+03 
                1.3682            23.8151E+03 
                1.37032           22.2342E+03 
                1.37351           19.9717E+03 
                1.37669           17.9411E+03 
                1.37987           16.1328E+03 
                1.38067           15.6955E+03 
                1.38147           15.2696E+03 
                1.38177           15.1115E+03 
                1.38222           14.8777E+03 
                1.38289           14.5331E+03 
                1.3839            14.0266E+03 
                1.38427           13.8381E+03 
                1.38484           13.5573E+03 
                1.38569           13.1372E+03 
                1.38601           12.9799E+03 
                1.38649           12.7436E+03 
                1.38721           12.3864E+03 
                1.38829           11.8408E+03 
                1.38991           10.9925E+03 
                1.39233            9.65798E+03
                1.39325            9.15091E+03
                1.39461            8.37754E+03
                1.39666            7.22038E+03
                1.39743            6.78951E+03
                1.39858            6.15327E+03
                1.40032            5.24132E+03
                1.40291            4.00645E+03
                1.40551            2.90891E+03
                1.40811            1.92003E+03
                1.41201          510.511      
                1.41592         -958.835      
                1.41983           -2.51954E+03
                1.42374           -4.09187E+03
                1.42765           -5.53558E+03
                1.43157           -6.7152E+03 
                1.43549           -7.54482E+03
                1.43941           -8.00119E+03
                1.44333           -8.11317E+03
                1.44726           -7.93809E+03
                1.44824           -7.8757E+03 
                1.44972           -7.75022E+03
                1.45193           -7.50002E+03
                1.45525           -7.02499E+03
                1.46023           -6.18079E+03
                1.46521           -5.24556E+03
                1.4702            -4.23951E+03
                1.47145           -3.98151E+03
                1.47332           -3.58904E+03
                1.47613           -2.98761E+03
                1.48035           -2.0873E+03 
                1.48457           -1.22478E+03
                1.48879         -428.596      
                1.49301          290.472      
                1.49407          467.076      
                1.49513          637.66       
                1.49671          881.548      
                1.49909            1.22495E+03
                1.50266            1.70047E+03
                1.50802            2.34427E+03
                1.51338            2.9162E+03 
                1.51875            3.39425E+03
                1.52009            3.50979E+03
                1.52211            3.66444E+03
                1.52513            3.85523E+03
                1.52815            4.00251E+03
                1.53118            4.10325E+03
                1.53572            4.15077E+03
                1.54026            4.10764E+03
                1.54481            3.99087E+03
                1.54936            3.81994E+03
                1.55391            3.61205E+03
                1.55846            3.38E+03   
                1.56302            3.13143E+03
                1.56758            2.87074E+03
                1.57214            2.59977E+03
                1.57671            2.31945E+03
                1.58128            2.03135E+03
                1.58585            1.73865E+03
                1.59042            1.44615E+03
                1.59499            1.1608E+03 
                1.59957          891.286      
                1.60415          646.965      
                1.60874          436.994      
                1.61332          269.754      
                1.61791          152.871      
                1.6225            93.1369     
                1.62709           95.5916     
                1.63169          162.852      
                1.63628          294.983      
                1.64318          624.94       
                1.65009            1.06275E+03
                1.657              1.56989E+03
                1.66391            2.10016E+03
                1.66564            2.23555E+03
                1.66737            2.36937E+03
                1.66997            2.56641E+03
                1.67386            2.84763E+03
                1.67776            3.10795E+03
                1.68165            3.34063E+03
                1.68555            3.54061E+03
                1.68945            3.7042E+03 
                1.69335            3.82931E+03
                1.69921            3.92892E+03
                1.70067            3.95009E+03
                1.70213            3.96484E+03
                1.70433            3.97428E+03
                1.70653            3.97253E+03
                1.70873            3.96012E+03
                1.71092            3.93778E+03
                1.71422            3.88429E+03
                1.71917            3.76726E+03
                1.72412            3.61858E+03
                1.72659            3.53748E+03
                1.72907            3.44833E+03
                1.73279            3.29941E+03
                1.7365             3.13918E+03
                1.74022            2.97025E+03
                1.7458             2.70277E+03
                1.74719            2.63647E+03
                1.74859            2.56868E+03
                1.75068            2.46486E+03
                1.75382            2.30619E+03
                1.75696            2.14593E+03
                1.7601             1.98481E+03
                1.76324            1.82365E+03
                1.76796            1.58295E+03
                1.77267            1.34641E+03
                1.77739            1.11734E+03
                1.78211          900.728      
                1.78683          701.848      
                1.79391          455.876      
                1.79657          373.078      
                1.80055          266.046      
                1.80354          196.978      
                1.80803          115.83       
                1.80915           97.6931     
                1.81027           80.5593     
                1.81195           57.4093     
                1.81448           28.678      
                1.81826           -2.96207    
                1.82205          -25.1945     
                1.82584          -40.4138     
                1.82726          -44.786      
                1.82939          -50.3668     
                1.83259          -55.9529     
                1.83579          -58.6777     
                1.83899          -58.826      
                1.84378          -52.7357     
                1.84858          -37.8601     
                1.85339          -12.2924     
                1.85519         -570.376E-03  
                1.85789           20.2415     
                1.86194           61.4541     
                1.86599          113.853      
                1.87005          177.437      
                1.87613          295.994      
                1.88525          515.794      
                1.88867          604.499      
                1.89381          745.699      
                1.90151          971.656      
                1.90921            1.20548E+03
                1.91692            1.4405E+03 
                1.92463            1.67137E+03
                1.93234            1.89417E+03
                1.94005            2.10663E+03
                1.94197            2.15944E+03
                1.94487            2.23651E+03
                1.94595            2.26526E+03
                1.94758            2.30774E+03
                1.95002            2.37025E+03
                1.95368            2.46153E+03
                1.95917            2.59375E+03
                1.96466            2.72117E+03
                1.97015            2.84221E+03
                1.97564            2.95548E+03
                1.98388            3.10828E+03
                1.98697            3.16336E+03
                1.9916             3.24108E+03
                1.99334            3.26956E+03
                1.99594            3.31083E+03
                1.99985            3.36916E+03
                2.00376            3.42353E+03
                2.00767            3.47352E+03
                2.01354            3.5378E+03 
                2.0194             3.59068E+03
                2.02527            3.6321E+03 
                2.02747            3.64586E+03
                2.03076            3.66326E+03
                2.03571            3.68266E+03
                2.04066            3.69699E+03
                2.04561            3.70843E+03
                2.05303            3.72449E+03
                2.05488            3.72801E+03
                2.05674            3.7319E+03 
                2.05952            3.73812E+03
                2.06369            3.74782E+03
                2.06995            3.76087E+03
                2.0723             3.76491E+03
                2.07582            3.77017E+03
                2.08109            3.77287E+03
                2.08901            3.76023E+03
                2.09693            3.72984E+03
                2.10484            3.68473E+03
                2.11276            3.6293E+03 
                2.11572            3.60646E+03
                2.12017            3.57173E+03
                2.12685            3.51869E+03
                2.12935            3.49788E+03
                2.1331             3.4684E+03 
                2.13873            3.4271E+03 
                2.14717            3.37293E+03
                2.1535             3.33582E+03
                2.16298            3.29302E+03
                2.16654            3.27697E+03
                2.17188            3.25959E+03
                2.17721            3.24696E+03
                2.18254            3.24004E+03
                2.19054            3.24599E+03
                2.19853            3.26903E+03
                2.20252            3.28403E+03
                2.20851            3.31997E+03
                2.2145             3.36687E+03
                2.22048            3.42489E+03
                2.22646            3.49325E+03
                2.23245            3.57046E+03
                2.23543            3.61003E+03
                2.23992            3.67484E+03
                2.24664            3.7774E+03 
                2.25336            3.8811E+03 
                2.25504            3.90543E+03
                2.25672            3.93101E+03
                2.25923            3.97011E+03
                2.26301            4.02805E+03
                2.26867            4.11069E+03
                2.27079            4.1394E+03 
                2.27398            4.18242E+03
                2.27875            4.24177E+03
                2.28591            4.31603E+03
                2.29663            4.39305E+03
                2.31271            4.44558E+03
                2.31672            4.44881E+03
                2.32073            4.45354E+03
                2.32675            4.45636E+03
                2.33276            4.45372E+03
                2.33877            4.44803E+03
                2.34778            4.43896E+03
                2.36127            4.42767E+03
                2.38148            4.4031E+03 
                2.4117             4.27379E+03
                2.41924            4.21823E+03
                2.42677            4.16819E+03
                2.4343             4.11077E+03
                2.44557            4.00937E+03
                2.46245            3.82565E+03
                2.48769            3.53854E+03
                2.49713            3.41822E+03
                2.51127            3.2771E+03 
                2.51259            3.25584E+03
                2.51458            3.23402E+03
                2.51755            3.20602E+03
                2.52201            3.16739E+03
                2.52647            3.13097E+03
                2.53093            3.09844E+03
                2.53761            3.06109E+03
                2.54011            3.04461E+03
                2.54386            3.02756E+03
                2.54948            3.00728E+03
                2.55791            2.98662E+03
                2.57052            2.98255E+03
                2.5831             3.00127E+03
                2.59566            3.04321E+03
                2.60819            3.10459E+03
                2.62068            3.18127E+03
                2.63315            3.2686E+03 
                2.65179            3.41208E+03
                2.65353            3.41031E+03
                2.65615            3.42678E+03
                2.66006            3.45656E+03
                2.66594            3.50072E+03
                2.66814            3.51291E+03
                2.67144            3.53592E+03
                2.67638            3.56883E+03
                2.68378            3.61057E+03
                2.68656            3.61951E+03
                2.69072            3.63884E+03
                2.69695            3.67025E+03
                2.70317            3.70338E+03
                2.70938            3.74014E+03
                2.71868            3.80174E+03
                2.72216            3.81723E+03
                2.72346            3.82271E+03
                2.72542            3.83471E+03
                2.72836            3.85355E+03
                2.73275            3.87994E+03
                2.73934            3.91126E+03
                2.7492             3.93569E+03
                2.76394            3.94043E+03
                2.77863            3.9279E+03 
                2.79326            3.91316E+03
                2.8151             3.88956E+03
                2.84761            3.82046E+03
                2.85064            3.77387E+03
                2.85518            3.75744E+03
                2.86199            3.74031E+03
                2.87216            3.71838E+03
                2.88737            3.69034E+03
                2.89305            3.66323E+03
                2.89518            3.6526E+03 
                2.89837            3.64563E+03
                2.90076            3.63901E+03
                2.90435            3.63214E+03
                2.90792            3.62399E+03
                2.9115             3.6159E+03 
                2.91685            3.60669E+03
                2.92486            3.59102E+03
                2.93684            3.56272E+03
                2.94877            3.53043E+03
                2.95174            3.50901E+03
                2.9562             3.49885E+03
                2.95787            3.49124E+03
                2.96037            3.48633E+03
                2.96412            3.48177E+03
                2.96973            3.47813E+03
                2.97183            3.47095E+03
                2.97498            3.46939E+03
                2.9797             3.47199E+03
                2.98676            3.48779E+03
                2.99732            3.53689E+03
                3.01307            3.63496E+03
                3.03652            3.79974E+03
                3.07128            4.07729E+03
                3.12244            4.47341E+03
                3.19691            4.82005E+03
                3.30315            4.89048E+03
                3.44933            4.80426E+03
                3.57852            4.79152E+03
                3.68982            4.85494E+03
                3.82234            4.96138E+03
                3.94604            5.02259E+03
                3.99958            5.07127E+03
                4.                 5.00472E+03




