
              u_100_45_exp        f_100_45_exp   

                0.                -0.         
               39.94E-09         118.044E-03  
              319.041E-09        563.669E-03  
                1.70601E-06        1.36492    
                7.53894E-06        2.9768     
               29.9775E-06         5.96433    
              111.812E-06         11.2694     
              399.954E-06         21.2799     
                1.38837E-03       43.6767     
                4.70264E-03      103.482      
               15.5512E-03       279.1        
               49.9952E-03       809.476      
              154.626E-03          2.38568E+03
              450.699E-03          6.8047E+03 
                1.18929           15.6601E+03 
                1.2446            16.4597E+03 
                1.25855           16.4556E+03 
                1.27254           16.3989E+03 
                1.29363           16.3135E+03 
                1.31482           16.2412E+03 
                1.33611           16.1403E+03 
                1.35749           15.9584E+03 
                1.38975           15.4416E+03 
                1.4019            15.2264E+03 
                1.42017           14.8166E+03 
                1.44769           14.0427E+03 
                1.48922           12.5886E+03 
                1.49313           12.4652E+03 
                1.49899           12.2538E+03 
                1.50486           12.0354E+03 
                1.51074           11.8124E+03 
                1.51956           11.4704E+03 
                1.53282           10.9621E+03 
                1.5378            10.7768E+03 
                1.53966           10.7078E+03 
                1.54246           10.6033E+03 
                1.54667           10.4486E+03 
                1.55088           10.2975E+03 
                1.55509           10.1505E+03 
                1.56141            9.94081E+03
                1.5709             9.66321E+03
                1.5804             9.432E+03  
                1.58991            9.24832E+03
                1.6042             9.06761E+03
                1.60956            9.01591E+03
                1.61157            8.9984E+03 
                1.61459            8.97431E+03
                1.61912            8.94581E+03
                1.62366            8.92569E+03
                1.62819            8.91349E+03
                1.635              8.91171E+03
                1.64522            8.9429E+03 
                1.66058            9.02889E+03
                1.68365            9.12333E+03
                1.71835            9.16029E+03
                1.77058            9.24529E+03
                1.84926            9.28908E+03
                1.96773            9.0148E+03 
                1.97885            8.98976E+03
                1.99553            8.93695E+03
                1.99709            8.93179E+03
                1.99944            8.92407E+03
                2.00296            8.91215E+03
                2.00428            8.9076E+03 
                2.00626            8.90074E+03
                2.00923            8.89027E+03
                2.01368            8.87423E+03
                2.01479            8.87013E+03
                2.01591            8.86606E+03
                2.01758            8.85993E+03
                2.02008            8.85067E+03
                2.02384            8.83668E+03
                2.02948            8.81565E+03
                2.03511            8.79461E+03
                2.04075            8.77352E+03
                2.0492             8.73905E+03
                2.06188            8.65989E+03
                2.08089            8.46245E+03
                2.10939            8.18129E+03
                2.15209            8.05836E+03
                2.21598            8.14666E+03
                2.31132            8.18298E+03
                2.45272            7.36437E+03
                2.48769            7.08114E+03
                2.52247            6.83148E+03
                2.57428            6.51501E+03
                2.57912            6.46314E+03
                2.58093            6.44814E+03
                2.58364            6.4309E+03 
                2.58466            6.42416E+03
                2.58619            6.41484E+03
                2.58848            6.40148E+03
                2.59077            6.38804E+03
                2.59306            6.37467E+03
                2.59649            6.35549E+03
                2.60163            6.32777E+03
                2.60933            6.28451E+03
                2.62086            6.19892E+03
                2.63811            6.04969E+03
                2.66386            5.88203E+03
                2.70223            5.71497E+03
                2.71654            5.64095E+03
                2.7379             5.56244E+03
                2.7399             5.54471E+03
                2.74289            5.53046E+03
                2.74402            5.52506E+03
                2.7457             5.51843E+03
                2.74822            5.50935E+03
                2.74917            5.50526E+03
                2.75059            5.49977E+03
                2.75271            5.49212E+03
                2.7559             5.48091E+03
                2.76068            5.46429E+03
                2.76783            5.4401E+03 
                2.77853            5.40438E+03
                2.79453            5.3362E+03 
                2.81841            5.1935E+03 
                2.85391            5.00421E+03
                2.90647            4.7938E+03 
                2.98362            4.393E+03  
                3.09524            3.67027E+03
                3.0978             3.55496E+03
                3.09875            3.53002E+03
                3.10019            3.5131E+03 
                3.10234            3.49821E+03
                3.10556            3.47803E+03
                3.11038            3.4483E+03 
                3.11759            3.41132E+03
                3.12837            3.36932E+03
                3.14443            3.24569E+03
                3.16828            3.01345E+03
                3.20352            2.80625E+03
                3.25512            2.50944E+03
                3.27407            2.34145E+03
                3.28112            2.27693E+03
                3.28375            2.25259E+03
                3.28474            2.24345E+03
                3.28622            2.23283E+03
                3.28844            2.21855E+03
                3.28927            2.21189E+03
                3.29051            2.20313E+03
                3.29238            2.19095E+03
                3.29308            2.18538E+03
                3.29413            2.1779E+03 
                3.2957             2.16751E+03
                3.29628            2.16288E+03
                3.29717            2.15653E+03
                3.29849            2.1477E+03 
                3.30047            2.13486E+03
                3.30344            2.11574E+03
                3.30788            2.08697E+03
                3.31452            2.04002E+03
                3.32442            1.95407E+03
                3.33914            1.83004E+03
                3.36095            1.70013E+03
                3.393              1.49198E+03
                3.43959            1.11786E+03
                3.50604          622.588      
                3.59774           57.1326     
                3.71676         -416.924      
                3.85296         -343.055      
                3.96737          527.866      
                4.                 1.40512E+03




