
                  X             uf-80-45-lin  

                0.                -0.         
               39.94E-09         116.287E-03  
              319.041E-09        551.021E-03  
                1.70601E-06        1.32509    
                7.53894E-06        2.9044     
               29.9775E-06         5.91241    
              111.812E-06         11.2705     
              399.954E-06         21.0001     
                1.38837E-03       41.3662     
                4.70264E-03       92.5526     
               15.5512E-03       238.054      
               49.9952E-03       671.04       
              154.626E-03          1.94926E+03
              450.699E-03          5.52312E+03
                1.18929           14.3946E+03 
                1.2781            15.6758E+03 
                1.4113            16.9056E+03 
                1.41963           17.0457E+03 
                1.42795           17.1292E+03 
                1.44044           17.247E+03  
                1.44122           17.2568E+03 
                1.442             17.266E+03  
                1.44317           17.2784E+03 
                1.44493           17.2954E+03 
                1.44559           17.3019E+03 
                1.44658           17.3115E+03 
                1.44806           17.3257E+03 
                1.44861           17.3311E+03 
                1.44945           17.3392E+03 
                1.4507            17.3513E+03 
                1.45257           17.3691E+03 
                1.45445           17.3872E+03 
                1.45632           17.4054E+03 
                1.4582            17.4235E+03 
                1.46007           17.4417E+03 
                1.46195           17.4598E+03 
                1.46382           17.4779E+03 
                1.46523           17.4916E+03 
                1.46664           17.5052E+03 
                1.46804           17.5188E+03 
                1.46945           17.5323E+03 
                1.47086           17.5458E+03 
                1.47226           17.5593E+03 
                1.47367           17.5728E+03 
                1.47508           17.5863E+03 
                1.47648           17.5997E+03 
                1.47789           17.6132E+03 
                1.4793            17.6266E+03 
                1.4807            17.6401E+03 
                1.48211           17.6535E+03 
                1.48264           17.6587E+03 
                1.48343           17.6663E+03 
                1.48461           17.6777E+03 
                1.4858            17.689E+03  
                1.48699           17.7003E+03 
                1.48817           17.7116E+03 
                1.48936           17.7229E+03 
                1.49055           17.7342E+03 
                1.49173           17.7454E+03 
                1.49292           17.7565E+03 
                1.49411           17.7675E+03 
                1.49455           17.7717E+03 
                1.49522           17.7779E+03 
                1.49622           17.7869E+03 
                1.49772           17.7997E+03 
                1.49923           17.812E+03  
                1.50073           17.8233E+03 
                1.50223           17.8333E+03 
                1.50373           17.8415E+03 
                1.50523           17.8474E+03 
                1.50674           17.8503E+03 
                1.50824           17.8494E+03 
                1.50974           17.8438E+03 
                1.51124           17.8322E+03 
                1.51274           17.8137E+03 
                1.51312           17.8087E+03 
                1.51349           17.8032E+03 
                1.51406           17.7938E+03 
                1.5149            17.7767E+03 
                1.51617           17.7437E+03 
                1.51807           17.6755E+03 
                1.51997           17.5868E+03 
                1.52187           17.4764E+03 
                1.5233            17.3816E+03 
                1.52472           17.2749E+03 
                1.52508           17.2475E+03 
                1.52544           17.2195E+03 
                1.52597           17.1758E+03 
                1.52677           17.1068E+03 
                1.52798           16.9965E+03 
                1.52978           16.8202E+03 
                1.53158           16.6382E+03 
                1.53339           16.4554E+03 
                1.53384           16.4099E+03 
                1.53429           16.3645E+03 
                1.53497           16.2968E+03 
                1.53598           16.1971E+03 
                1.53751           16.0541E+03 
                1.53903           15.9197E+03 
                1.54055           15.7948E+03 
                1.54093           15.7642E+03 
                1.54103           15.7567E+03 
                1.54117           15.7454E+03 
                1.54138           15.7286E+03 
                1.5417            15.7039E+03 
                1.54219           15.6678E+03 
                1.54291           15.6157E+03 
                1.54399           15.542E+03  
                1.54562           15.4399E+03 
                1.54724           15.3435E+03 
                1.54887           15.2497E+03 
                1.54928           15.2265E+03 
                1.54968           15.2033E+03 
                1.55029           15.1684E+03 
                1.55121           15.1153E+03 
                1.55258           15.032E+03  
                1.55464           14.894E+03  
                1.55669           14.7403E+03 
                1.55875           14.5696E+03 
                1.56029           14.4325E+03 
                1.56068           14.3977E+03 
                1.56107           14.3624E+03 
                1.56164           14.308E+03  
                1.56251           14.2238E+03 
                1.56284           14.192E+03  
                1.56333           14.1434E+03 
                1.56351           14.125E+03  
                1.56378           14.0973E+03 
                1.5642            14.0553E+03 
                1.56481           13.9913E+03 
                1.56574           13.8936E+03 
                1.56713           13.7451E+03 
                1.56748           13.7079E+03 
                1.56783           13.6707E+03 
                1.56835           13.6148E+03 
                1.56854           13.5939E+03 
                1.56884           13.5624E+03 
                1.56928           13.5154E+03 
                1.56994           13.445E+03  
                1.57093           13.3409E+03 
                1.57241           13.1898E+03 
                1.5739            13.0457E+03 
                1.57427           13.0103E+03 
                1.57464           12.9753E+03 
                1.5752            12.9239E+03 
                1.57603           12.8497E+03 
                1.57728           12.7454E+03 
                1.57775           12.7074E+03 
                1.57846           12.6528E+03 
                1.57916           12.6007E+03 
                1.57987           12.5513E+03 
                1.58092           12.483E+03  
                1.58198           12.4209E+03 
                1.58304           12.3648E+03 
                1.58462           12.2939E+03 
                1.58621           12.2351E+03 
                1.5878            12.1871E+03 
                1.58938           12.1477E+03 
                1.59097           12.1148E+03 
                1.59255           12.0857E+03 
                1.59414           12.0574E+03 
                1.59572           12.0267E+03 
                1.59731           11.9899E+03 
                1.5989            11.9434E+03 
                1.60048           11.8833E+03 
                1.60207           11.8064E+03 
                1.60365           11.7103E+03 
                1.60524           11.594E+03  
                1.60682           11.4584E+03 
                1.60801           11.3471E+03 
                1.6092            11.2276E+03 
                1.61039           11.1025E+03 
                1.61158           10.9745E+03 
                1.61203           10.9264E+03 
                1.61269           10.8541E+03 
                1.6137            10.7477E+03 
                1.6152            10.5992E+03 
                1.61671           10.4674E+03 
                1.61821           10.3564E+03 
                1.61972           10.2688E+03 
                1.62122           10.2055E+03 
                1.62273           10.1662E+03 
                1.62423           10.1493E+03 
                1.62574           10.1531E+03 
                1.62724           10.1752E+03 
                1.62762           10.1819E+03 
                1.62771           10.1837E+03 
                1.62786           10.1865E+03 
                1.62807           10.191E+03  
                1.62838           10.1985E+03 
                1.62886           10.2113E+03 
                1.62958           10.2338E+03 
                1.63065           10.2743E+03 
                1.63225           10.3483E+03 
                1.63386           10.4342E+03 
                1.63547           10.5303E+03 
                1.63708           10.6352E+03 
                1.63868           10.7474E+03 
                1.64029           10.8654E+03 
                1.6419            10.9877E+03 
                1.6425            11.0342E+03 
                1.6434            11.1048E+03 
                1.64476           11.2117E+03 
                1.64612           11.319E+03  
                1.64747           11.426E+03  
                1.64883           11.5322E+03 
                1.65018           11.637E+03  
                1.65154           11.74E+03   
                1.6529            11.8407E+03 
                1.65425           11.9388E+03 
                1.65561           12.0339E+03 
                1.65764           12.1681E+03 
                1.65968           12.2926E+03 
                1.66171           12.4056E+03 
                1.66375           12.5054E+03 
                1.66425           12.5296E+03 
                1.66476           12.5529E+03 
                1.66553           12.5858E+03 
                1.66667           12.63E+03   
                1.66839           12.6841E+03 
                1.6701            12.7251E+03 
                1.67182           12.7518E+03 
                1.67354           12.7629E+03 
                1.67525           12.757E+03  
                1.67697           12.7328E+03 
                1.67868           12.6892E+03 
                1.6804            12.6249E+03 
                1.68212           12.5393E+03 
                1.68383           12.4319E+03 
                1.68555           12.3027E+03 
                1.68598           12.2691E+03 
                1.68641           12.2342E+03 
                1.68705           12.1787E+03 
                1.68729           12.1575E+03 
                1.68738           12.1495E+03 
                1.68752           12.1373E+03 
                1.68772           12.1188E+03 
                1.68803           12.0903E+03 
                1.68849           12.0461E+03 
                1.68917           11.9764E+03 
                1.6902            11.8648E+03 
                1.69175           11.683E+03  
                1.6933            11.4887E+03 
                1.69484           11.284E+03  
                1.69639           11.0714E+03 
                1.69794           10.8532E+03 
                1.69948           10.6321E+03 
                1.70103           10.4106E+03 
                1.70258           10.1909E+03 
                1.70412            9.97492E+03
                1.70567            9.76431E+03
                1.70722            9.56018E+03
                1.70876            9.3633E+03 
                1.71031            9.17418E+03
                1.71185            8.99325E+03
                1.71243            8.92664E+03
                1.7133             8.82941E+03
                1.71461            8.68995E+03
                1.71657            8.49755E+03
                1.71852            8.32514E+03
                1.72048            8.17596E+03
                1.72244            8.05298E+03
                1.7244             7.95832E+03
                1.72635            7.89285E+03
                1.72831            7.85623E+03
                1.73027            7.84705E+03
                1.73222            7.86324E+03
                1.73418            7.90246E+03
                1.73614            7.96241E+03
                1.7381             8.04105E+03
                1.74005            8.13665E+03
                1.74201            8.24782E+03
                1.74397            8.37337E+03
                1.74592            8.51221E+03
                1.74788            8.66318E+03
                1.74984            8.82496E+03
                1.7518             8.99592E+03
                1.75375            9.17408E+03
                1.75571            9.35706E+03
                1.75767            9.54209E+03
                1.75963            9.72605E+03
                1.76158            9.90555E+03
                1.76354           10.0771E+03 
                1.76366           10.0878E+03 
                1.76371           10.0918E+03 
                1.76378           10.0978E+03 
                1.76388           10.1068E+03 
                1.76403           10.1202E+03 
                1.76427           10.1403E+03 
                1.76462           10.17E+03   
                1.76514           10.2137E+03 
                1.76592           10.2772E+03 
                1.7671            10.3672E+03 
                1.76886           10.4881E+03 
                1.77062           10.5926E+03 
                1.77239           10.679E+03  
                1.77415           10.7456E+03 
                1.77591           10.7916E+03 
                1.77768           10.8163E+03 
                1.77944           10.8196E+03 
                1.7812            10.8017E+03 
                1.78165           10.796E+03  
                1.78209           10.789E+03  
                1.78275           10.7755E+03 
                1.78374           10.7487E+03 
                1.78523           10.6946E+03 
                1.78746           10.5851E+03 
                1.78969           10.4515E+03 
                1.79192           10.299E+03  
                1.79416           10.1338E+03 
                1.79471           10.0918E+03 
                1.79527           10.0493E+03 
                1.79611            9.98445E+03
                1.79736            9.88604E+03
                1.79925            9.73963E+03
                1.80113            9.5975E+03 
                1.80301            9.4617E+03 
                1.8049             9.33356E+03
                1.80678            9.21378E+03
                1.80866            9.10269E+03
                1.81055            9.00042E+03
                1.81243            8.90708E+03
                1.81431            8.82283E+03
                1.8162             8.74793E+03
                1.81902            8.65777E+03
                1.82185            8.59146E+03
                1.82467            8.55043E+03
                1.82749            8.53598E+03
                1.83032            8.54928E+03
                1.83314            8.5913E+03 
                1.83597            8.66284E+03
                1.83879            8.76435E+03
                1.84162            8.8957E+03 
                1.84444            9.05582E+03
                1.84727            9.24244E+03
                1.85009            9.45195E+03
                1.85292            9.6795E+03 
                1.85574            9.91931E+03
                1.85857           10.165E+03  
                1.86139           10.4102E+03 
                1.86422           10.6486E+03 
                1.86704           10.8744E+03 
                1.86987           11.0826E+03 
                1.87269           11.2688E+03 
                1.87552           11.4296E+03 
                1.87834           11.5626E+03 
                1.88116           11.6659E+03 
                1.88399           11.7388E+03 
                1.88681           11.7813E+03 
                1.88964           11.7937E+03 
                1.89246           11.7771E+03 
                1.89529           11.7328E+03 
                1.89811           11.6623E+03 
                1.90094           11.5676E+03 
                1.90376           11.4508E+03 
                1.90659           11.3142E+03 
                1.90941           11.1603E+03 
                1.91012           11.1208E+03 
                1.91082           11.0803E+03 
                1.91188           11.0174E+03 
                1.91347           10.9187E+03 
                1.91586           10.7627E+03 
                1.91824           10.6007E+03 
                1.92062           10.4345E+03 
                1.92301           10.2664E+03 
                1.92539           10.0986E+03 
                1.92777            9.9333E+03 
                1.92956            9.81177E+03
                1.93135            9.69359E+03
                1.93403            9.52683E+03
                1.93671            9.37328E+03
                1.93939            9.23511E+03
                1.94207            9.11405E+03
                1.94476            9.01137E+03
                1.94744            8.92794E+03
                1.95012            8.8643E+03 
                1.9528             8.82075E+03
                1.95548            8.79735E+03
                1.95816            8.79405E+03
                1.96084            8.81064E+03
                1.96352            8.84678E+03
                1.96621            8.902E+03  
                1.96889            8.9757E+03 
                1.97157            9.06713E+03
                1.97425            9.17536E+03
                1.97693            9.29936E+03
                1.97794            9.34801E+03
                1.97944            9.42565E+03
                1.98171            9.55173E+03
                1.98256            9.60032E+03
                1.98383            9.67602E+03
                1.98574            9.7953E+03 
                1.9886             9.98514E+03
                1.99146           10.1838E+03 
                1.99433           10.3892E+03 
                1.99719           10.5991E+03 
                2.00005           10.8117E+03 
                2.00292           11.0251E+03 
                2.00578           11.2377E+03 
                2.00864           11.448E+03  
                2.01151           11.6547E+03 
                2.01437           11.8568E+03 
                2.01723           12.0532E+03 
                2.0201            12.2431E+03 
                2.02296           12.4255E+03 
                2.02582           12.5994E+03 
                2.02869           12.7637E+03 
                2.03155           12.9174E+03 
                2.0337            13.0264E+03 
                2.03584           13.1284E+03 
                2.03665           13.1657E+03 
                2.03786           13.2193E+03 
                2.03967           13.2943E+03 
                2.04239           13.3936E+03 
                2.04511           13.4785E+03 
                2.04782           13.5482E+03 
                2.05054           13.6016E+03 
                2.05326           13.6379E+03 
                2.05598           13.6561E+03 
                2.05869           13.6556E+03 
                2.06073           13.6445E+03 
                2.06277           13.6224E+03 
                2.06354           13.6125E+03 
                2.06468           13.5943E+03 
                2.0664            13.5591E+03 
                2.06898           13.4884E+03 
                2.07156           13.4E+03    
                2.07414           13.2941E+03 
                2.07672           13.1711E+03 
                2.0793            13.0316E+03 
                2.08124           12.918E+03  
                2.08317           12.796E+03  
                2.0839            12.749E+03  
                2.08499           12.676E+03  
                2.08662           12.5612E+03 
                2.08907           12.3787E+03 
                2.09152           12.1875E+03 
                2.09396           11.9892E+03 
                2.09641           11.7856E+03 
                2.09886           11.578E+03  
                2.10131           11.3675E+03 
                2.10376           11.1551E+03 
                2.10621           10.9418E+03 
                2.10866           10.7286E+03 
                2.11111           10.5166E+03 
                2.11356           10.3074E+03 
                2.116             10.1025E+03 
                2.11845            9.90365E+03
                2.12029            9.75865E+03
                2.12213            9.61856E+03
                2.12396            9.48399E+03
                2.12442            9.45064E+03
                2.12488            9.41768E+03
                2.12557            9.36911E+03
                2.1266             9.29831E+03
                2.12815            9.19685E+03
                2.13048            9.05568E+03
                2.13222            8.95595E+03
                2.13266            8.93135E+03
                2.13309            8.90717E+03
                2.13375            8.8718E+03 
                2.13399            8.85865E+03
                2.13436            8.83921E+03
                2.13491            8.8107E+03 
                2.13574            8.76932E+03
                2.13698            8.71029E+03
                2.13884            8.62812E+03
                2.1407             8.55178E+03
                2.14257            8.48079E+03
                2.14443            8.41468E+03
                2.14629            8.35305E+03
                2.14815            8.29566E+03
                2.15001            8.24251E+03
                2.15187            8.19381E+03
                2.15374            8.14994E+03
                2.1556             8.11139E+03
                2.15746            8.07867E+03
                2.15932            8.05222E+03
                2.16118            8.03245E+03
                2.16304            8.0197E+03 
                2.16491            8.01437E+03
                2.16677            8.01691E+03
                2.16863            8.02791E+03
                2.16909            8.03112E+03
                2.16956            8.0349E+03 
                2.16973            8.03639E+03
                2.17               8.03881E+03
                2.17009            8.03974E+03
                2.17024            8.0412E+03 
                2.17046            8.04352E+03
                2.17055            8.0444E+03 
                2.17067            8.04578E+03
                2.17086            8.04793E+03
                2.17114            8.05138E+03
                2.17155            8.05705E+03
                2.17218            8.0667E+03 
                2.17313            8.08381E+03
                2.17454            8.11574E+03
                2.17667            8.17838E+03
                2.17826            8.23367E+03
                2.17985            8.29723E+03
                2.18144            8.36864E+03
                2.18184            8.38692E+03
                2.18194            8.39151E+03
                2.18209            8.39848E+03
                2.18231            8.40909E+03
                2.18265            8.42533E+03
                2.18315            8.45044E+03
                2.18391            8.48967E+03
                2.18504            8.55157E+03
                2.18674            8.64959E+03
                2.18717            8.67431E+03
                2.18759            8.69932E+03
                2.18823            8.73736E+03
                2.18919            8.79524E+03
                2.19062            8.88269E+03
                2.19098            8.90451E+03
                2.19134            8.92634E+03
                2.19188            8.95904E+03
                2.19268            9.00777E+03
                2.19389            9.07951E+03
                2.1951             9.14929E+03
                2.19541            9.16657E+03
                2.19571            9.18372E+03
                2.19582            9.19013E+03
                2.19599            9.1997E+03 
                2.19625            9.21395E+03
                2.19663            9.23509E+03
                2.19721            9.26622E+03
                2.19807            9.3115E+03 
                2.19936            9.37602E+03
                2.20065            9.43705E+03
                2.20195            9.49469E+03
                2.20324            9.54911E+03
                2.20453            9.60055E+03
                2.20582            9.64926E+03
                2.20712            9.69551E+03
                2.20841            9.73955E+03
                2.21035            9.80148E+03
                2.21229            9.85981E+03
                2.21423            9.91516E+03
                2.21616            9.96814E+03
                2.2181            10.0195E+03 
                2.22004           10.0702E+03 
                2.22198           10.1215E+03 
                2.22392           10.1748E+03 
                2.22586           10.2315E+03 
                2.22731           10.2763E+03 
                2.2295            10.3492E+03 
                2.23168           10.4267E+03 
                2.23386           10.5064E+03 
                2.23604           10.5854E+03 
                2.23822           10.6604E+03 
                2.2404            10.7285E+03 
                2.24258           10.788E+03  
                2.24476           10.8382E+03 
                2.24695           10.8794E+03 
                2.24913           10.9129E+03 
                2.25131           10.9407E+03 
                2.25349           10.9649E+03 
                2.25567           10.9878E+03 
                2.25785           11.0117E+03 
                2.26003           11.0381E+03 
                2.26221           11.0682E+03 
                2.2644            11.1027E+03 
                2.26658           11.1414E+03 
                2.26876           11.1837E+03 
                2.27094           11.2284E+03 
                2.27312           11.2741E+03 
                2.2753            11.3191E+03 
                2.27748           11.3617E+03 
                2.27967           11.4003E+03 
                2.28185           11.4336E+03 
                2.28403           11.4604E+03 
                2.28621           11.4798E+03 
                2.28839           11.4912E+03 
                2.29057           11.494E+03  
                2.29275           11.4881E+03 
                2.29493           11.473E+03  
                2.29712           11.4488E+03 
                2.2993            11.4153E+03 
                2.30148           11.3728E+03 
                2.30366           11.3216E+03 
                2.30584           11.2623E+03 
                2.30802           11.1959E+03 
                2.3102            11.1235E+03 
                2.31239           11.0466E+03 
                2.31457           10.9671E+03 
                2.31675           10.8867E+03 
                2.31757           10.8564E+03 
                2.31879           10.8115E+03 
                2.32063           10.7463E+03 
                2.32201           10.6989E+03 
                2.32408           10.6331E+03 
                2.32615           10.5737E+03 
                2.32823           10.5219E+03 
                2.3303            10.4783E+03 
                2.33237           10.4433E+03 
                2.33444           10.4171E+03 
                2.33651           10.3994E+03 
                2.33858           10.3898E+03 
                2.34065           10.3875E+03 
                2.34272           10.3917E+03 
                2.34479           10.4015E+03 
                2.34686           10.4156E+03 
                2.34893           10.4331E+03 
                2.351             10.4527E+03 
                2.35307           10.4735E+03 
                2.35514           10.4946E+03 
                2.35721           10.515E+03  
                2.35928           10.5341E+03 
                2.36135           10.5514E+03 
                2.36342           10.5664E+03 
                2.3655            10.5789E+03 
                2.36757           10.5889E+03 
                2.36964           10.5965E+03 
                2.37171           10.6017E+03 
                2.37378           10.6048E+03 
                2.37585           10.6063E+03 
                2.37792           10.6065E+03 
                2.37999           10.6058E+03 
                2.38154           10.6049E+03 
                2.3831            10.6039E+03 
                2.38465           10.603E+03  
                2.3862            10.6023E+03 
                2.38775           10.6021E+03 
                2.39008           10.6032E+03 
                2.39241           10.6059E+03 
                2.39474           10.6105E+03 
                2.39707           10.6171E+03 
                2.61016           10.6171E+03 
                2.69569           10.6171E+03 
                2.77961           10.6171E+03 
                2.80031           10.6171E+03 
                2.82089           10.6171E+03 
                2.84136           10.6171E+03 
                2.87183           10.6171E+03 
                2.917             10.6171E+03 
                2.96149           10.6171E+03 
                3.00529           10.6171E+03 
                3.04836           10.6171E+03 
                3.11152           10.6171E+03 
                3.20287           10.6171E+03 
                3.20339           10.6171E+03 
                3.20417           10.6171E+03 
                3.20535           10.6171E+03 
                3.20711           10.6171E+03 
                3.20975           10.6171E+03 
                3.2137            10.6171E+03 
                3.21961           10.6171E+03 
                3.22843           10.6171E+03 
                3.24159           10.6171E+03 
                3.26114           10.6171E+03 
                3.29003           10.6171E+03 
                3.33237           10.6171E+03 
                3.3936            10.6171E+03 
                3.4801            10.6171E+03 
                3.51083           10.6171E+03 
                3.55516           10.6171E+03 
                3.61756           10.6171E+03 
                3.63968           10.6171E+03 
                3.6478            10.6171E+03 
                3.65978           10.6171E+03 
                3.66089           10.6171E+03 
                3.66131           10.6171E+03 
                3.66193           10.6171E+03 
                3.66217           10.6171E+03 
                3.66252           10.6171E+03 
                3.66304           10.6171E+03 
                3.66383           10.6171E+03 
                3.66501           10.6171E+03 
                3.66678           10.6171E+03 
                3.66942           10.6171E+03 
                3.67335           10.6171E+03 
                3.67921           10.6171E+03 
                3.68789           10.6171E+03 
                3.70066           10.6171E+03 
                3.71927           10.6171E+03 
                3.74596           10.6171E+03 
                3.7832            10.6171E+03 
                3.78652           10.6171E+03 
                3.79144           10.6171E+03 
                3.7919            10.6171E+03 
                3.79259           10.6171E+03 
                3.79285           10.6171E+03 
                3.79323           10.6171E+03 
                3.79381           10.6171E+03 
                3.79467           10.6171E+03 
                3.79596           10.6171E+03 
                3.79789           10.6171E+03 
                3.80077           10.6171E+03 
                3.80504           10.6171E+03 
                3.81134           10.6171E+03 
                3.82057           10.6171E+03 
                3.83392           10.6171E+03 
                3.85282           10.6171E+03 
                3.8787            10.6171E+03 
                3.91206           10.6171E+03 
                3.92294           10.6171E+03 
                3.93765           10.6171E+03 
                3.94268           10.6171E+03 
                3.9445            10.6171E+03 
                3.94517           10.6171E+03 
                3.94542           10.6171E+03 
                3.9458            10.6171E+03 
                3.94594           10.6171E+03 
                3.94615           10.6171E+03 
                3.94646           10.6171E+03 
                3.94693           10.6171E+03 
                3.94763           10.6171E+03 
                3.94867           10.6171E+03 
                3.94906           10.6171E+03 
                3.9492            10.6171E+03 
                3.94942           10.6171E+03 
                3.9495            10.6171E+03 
                3.94962           10.6171E+03 
                3.9498            10.6171E+03 
                3.95007           10.6171E+03 
                3.95048           10.6171E+03 
                3.95108           10.6171E+03 
                3.95198           10.6171E+03 
                3.95286           10.6171E+03 
                3.95374           10.6171E+03 
                3.95382           10.6171E+03 
                3.95394           10.6171E+03 
                3.95413           10.6171E+03 
                3.95419           10.6171E+03 
                3.9543            10.6171E+03 
                3.95445           10.6171E+03 
                3.95468           10.6171E+03 
                3.95477           10.6171E+03 
                3.9549            10.6171E+03 
                3.95509           10.6171E+03 
                3.95538           10.6171E+03 
                3.95581           10.6171E+03 
                3.95645           10.6171E+03 
                3.9574            10.6171E+03 
                3.9588            10.6171E+03 
                3.96085           10.6171E+03 
                3.9638            10.6171E+03 
                3.96796           10.6171E+03 
                3.97361           10.6171E+03 
                3.98083           10.6171E+03 
                3.98908           10.6171E+03 
                3.9965            10.6171E+03 
                3.99992           10.6171E+03 
                4.                10.6171E+03 

 MINIMUM        0.                -0.         
  AT X =                           0.         
 MAXIMUM        4.                17.8503E+03 
  AT X =                           1.50674    




