
             u_100_0_90_exp      f_100_0_90_exp  

                0.                -0.         
               39.94E-09         128.44E-03   
              319.041E-09        636.823E-03  
                1.70601E-06        1.60294    
                7.53894E-06        3.55677    
               29.9775E-06         7.21153    
              111.812E-06         14.457      
              399.954E-06         31.7765     
                1.38837E-03       80.5854     
                4.70264E-03      229.735      
               15.5512E-03       697.864      
               49.9952E-03         2.15708E+03
              154.626E-03          6.55482E+03
              450.699E-03         18.8897E+03 
              551.162E-03         23.0681E+03 
              577.852E-03         24.0819E+03 
              605.155E-03         24.9694E+03 
              633.063E-03         25.908E+03  
              661.566E-03         26.8596E+03 
              690.656E-03         27.8144E+03 
              720.321E-03         28.7924E+03 
              765.875E-03         30.3069E+03 
              783.278E-03         30.932E+03  
              809.702E-03         31.7648E+03 
              816.368E-03         32.0062E+03 
              823.057E-03         32.2164E+03 
              833.134E-03         32.5145E+03 
              834.082E-03         32.5519E+03 
              835.504E-03         32.5982E+03 
              836.037E-03         32.6154E+03 
              836.838E-03         32.6396E+03 
              838.039E-03         32.6746E+03 
              839.843E-03         32.7263E+03 
              840.52E-03          32.7468E+03 
              841.535E-03         32.7764E+03 
              841.916E-03         32.7878E+03 
              842.488E-03         32.8045E+03 
              843.345E-03         32.8289E+03 
              844.633E-03         32.865E+03  
              846.565E-03         32.9184E+03 
              849.467E-03         32.996E+03  
              853.828E-03         33.0794E+03 
              860.388E-03         32.9628E+03 
              870.266E-03         32.3076E+03 
              873.982E-03         32.0258E+03 
              879.57E-03          31.622E+03  
              887.978E-03         31.4489E+03 
              900.652E-03         32.1289E+03 
              919.802E-03         33.5413E+03 
              948.83E-03          34.7322E+03 
              993.039E-03         35.664E+03  
                1.03802           36.7138E+03 
                1.08374           37.9561E+03 
                1.10107           38.4723E+03 
                1.12725           39.2018E+03 
                1.12972           39.2923E+03 
                1.13342           39.4E+03    
                1.13481           39.4411E+03 
                1.13689           39.4999E+03 
                1.14002           39.5871E+03 
                1.14119           39.6214E+03 
                1.14296           39.6711E+03 
                1.14362           39.6903E+03 
                1.14461           39.7184E+03 
                1.1461            39.7599E+03 
                1.14833           39.8217E+03 
                1.15169           39.9139E+03 
                1.15672           40.0464E+03 
                1.16177           40.1618E+03 
                1.16682           40.2348E+03 
                1.16871           40.2572E+03 
                1.17156           40.2641E+03 
                1.17263           40.2643E+03 
                1.17423           40.2542E+03 
                1.17664           40.2153E+03 
                1.17904           40.1521E+03 
                1.18145           40.0644E+03 
                1.18236           40.0289E+03 
                1.18371           39.967E+03  
                1.18575           39.8586E+03 
                1.18651           39.8167E+03 
                1.18765           39.7493E+03 
                1.18937           39.6408E+03 
                1.19195           39.469E+03  
                1.19453           39.2935E+03 
                1.19518           39.2504E+03 
                1.19615           39.1845E+03 
                1.1976            39.0842E+03 
                1.19978           38.9299E+03 
                1.2006            38.8723E+03 
                1.20183           38.7832E+03 
                1.20367           38.6419E+03 
                1.20644           38.4051E+03 
                1.20747           38.3136E+03 
                1.20903           38.165E+03  
                1.21137           37.9154E+03 
                1.21224           37.8189E+03 
                1.21356           37.6641E+03 
                1.21553           37.4089E+03 
                1.21627           37.3107E+03 
                1.21738           37.155E+03  
                1.21905           36.9024E+03 
                1.22155           36.4795E+03 
                1.22218           36.3719E+03 
                1.22281           36.2614E+03 
                1.22374           36.0888E+03 
                1.22515           35.8164E+03 
                1.22727           35.3842E+03 
                1.22806           35.2201E+03 
                1.22925           34.9682E+03 
                1.23104           34.5844E+03 
                1.23171           34.4406E+03 
                1.23271           34.2245E+03 
                1.23422           33.9028E+03 
                1.23648           33.4319E+03 
                1.23733           33.2581E+03 
                1.2386            33.0005E+03 
                1.23908           32.9047E+03 
                1.2398            32.7619E+03 
                1.24087           32.5491E+03 
                1.24195           32.3372E+03 
                1.24303           32.125E+03  
                1.24464           31.8004E+03 
                1.24706           31.2821E+03 
                1.24797           31.0833E+03 
                1.24934           30.7692E+03 
                1.25138           30.2554E+03 
                1.25215           30.057E+03  
                1.2533            29.7442E+03 
                1.25503           29.2416E+03 
                1.25763           28.4255E+03 
                1.26022           27.5676E+03 
                1.26087           27.3517E+03 
                1.26185           27.0231E+03 
                1.26331           26.5256E+03 
                1.2655            25.7876E+03 
                1.26632           25.5138E+03 
                1.26756           25.1104E+03 
                1.26941           24.5323E+03 
                1.27219           23.7537E+03 
                1.27323           23.4765E+03 
                1.2748            23.0938E+03 
                1.27715           22.6038E+03 
                1.27803           22.4331E+03 
                1.27935           22.2047E+03 
                1.28133           21.9276E+03 
                1.28431           21.6642E+03 
                1.28543           21.5882E+03 
                1.28711           21.5213E+03 
                1.28962           21.5234E+03 
                1.29056           21.5393E+03 
                1.29198           21.592E+03  
                1.2941            21.7271E+03 
                1.2949            21.7858E+03 
                1.2961            21.8871E+03 
                1.29789           22.0599E+03 
                1.29857           22.1276E+03 
                1.29957           22.2322E+03 
                1.30109           22.3896E+03 
                1.30336           22.6064E+03 
                1.30422           22.6848E+03 
                1.3055            22.7903E+03 
                1.30742           22.9149E+03 
                1.3103            23.0139E+03 
                1.31102           23.0341E+03 
                1.31174           23.0482E+03 
                1.31282           23.0555E+03 
                1.31444           23.036E+03  
                1.31688           22.938E+03  
                1.32054           22.6319E+03 
                1.32191           22.4959E+03 
                1.32397           22.2387E+03 
                1.32705           21.7373E+03 
                1.33169           20.7521E+03 
                1.33343           20.3537E+03 
                1.33408           20.2002E+03 
                1.33506           19.96E+03   
                1.33653           19.5796E+03 
                1.33874           18.9709E+03 
                1.33956           18.7383E+03 
                1.34081           18.3788E+03 
                1.34267           17.8213E+03 
                1.34546           16.9674E+03 
                1.34966           15.7492E+03 
                1.35595           14.3731E+03 
                1.35832           13.9377E+03 
                1.36187           13.4858E+03 
                1.3632            13.3475E+03 
                1.3652            13.2076E+03 
                1.36595           13.1653E+03 
                1.36707           13.1233E+03 
                1.36876           13.1077E+03 
                1.37129           13.1842E+03 
                1.37509           13.4875E+03 
                1.37651           13.6272E+03 
                1.37865           13.8836E+03 
                1.37945           13.9867E+03 
                1.38066           14.1543E+03 
                1.38246           14.432E+03  
                1.38517           14.9E+03    
                1.38924           15.6913E+03 
                1.39535           16.9508E+03 
                1.40452           18.5093E+03 
                1.40797           19.0262E+03 
                1.40926           19.209E+03  
                1.4112            19.4515E+03 
                1.41411           19.7374E+03 
                1.4152            19.8342E+03 
                1.41684           19.9516E+03 
                1.4193            20.0645E+03 
                1.42299           20.0941E+03 
                1.42852           19.8609E+03 
                1.43684           19.067E+03  
                1.43996           18.7201E+03 
                1.44465           18.1083E+03 
                1.44641           17.8697E+03 
                1.44904           17.4907E+03 
                1.453             16.8921E+03 
                1.45895           15.9648E+03 
                1.46788           14.6367E+03 
                1.47123           14.1583E+03 
                1.47626           13.4986E+03 
                1.47752           13.3396E+03 
                1.47877           13.1845E+03 
                1.48066           12.9631E+03 
                1.48137           12.8822E+03 
                1.48243           12.7649E+03 
                1.48403           12.5992E+03 
                1.48642           12.3773E+03 
                1.48732           12.2986E+03 
                1.48866           12.1894E+03 
                1.49068           12.0474E+03 
                1.49144           11.9978E+03 
                1.49257           11.9305E+03 
                1.49428           11.8464E+03 
                1.49684           11.7597E+03 
                1.4994            11.7124E+03 
                1.50196           11.7026E+03 
                1.50292           11.7045E+03 
                1.50436           11.7178E+03 
                1.50652           11.759E+03  
                1.50733           11.7779E+03 
                1.50855           11.8116E+03 
                1.51037           11.8722E+03 
                1.51311           11.9727E+03 
                1.51414           12.0116E+03 
                1.51568           12.0674E+03 
                1.51799           12.1343E+03 
                1.52146           12.1561E+03 
                1.52667           11.9437E+03 
                1.53188           11.5191E+03 
                1.5371            10.9884E+03 
                1.53906           10.7826E+03 
                1.54199           10.4785E+03 
                1.5464            10.1019E+03 
                1.55301            9.76136E+03
                1.5555             9.66599E+03
                1.55643            9.63448E+03
                1.55782            9.59478E+03
                1.55992            9.54945E+03
                1.56306            9.49703E+03
                1.56778            9.40235E+03
                1.56955            9.3635E+03 
                1.57221            9.28778E+03
                1.5762             9.13254E+03
                1.57769            9.06951E+03
                1.57994            8.96182E+03
                1.5833             8.7795E+03 
                1.58457            8.70945E+03
                1.58646            8.5996E+03 
                1.5893             8.43074E+03
                1.59037            8.36775E+03
                1.59197            8.27306E+03
                1.59437            8.13409E+03
                1.59677            8.00112E+03
                1.59917            7.87593E+03
                1.60158            7.76011E+03
                1.60518            7.61134E+03
                1.61059            7.44676E+03
                1.61871            7.23921E+03
                1.62176            7.16239E+03
                1.62633            7.01624E+03
                1.63091            6.82524E+03
                1.63548            6.59048E+03
                1.64006            6.3348E+03 
                1.64121            6.27088E+03
                1.64293            6.17395E+03
                1.64551            6.03594E+03
                1.64647            5.98618E+03
                1.64792            5.91635E+03
                1.6501             5.82863E+03
                1.65337            5.75174E+03
                1.65826            5.77855E+03
                1.66562            6.04775E+03
                1.66746            6.12911E+03
                1.6693             6.21937E+03
                1.67206            6.36671E+03
                1.67309            6.42365E+03
                1.67465            6.50973E+03
                1.67698            6.63534E+03
                1.68047            6.80143E+03
                1.68572            6.97758E+03
                1.68769            7.03377E+03
                1.69064            7.09256E+03
                1.69359            7.12943E+03
                1.69655            7.14796E+03
                1.70098            7.14718E+03
                1.70763            7.10461E+03
                1.71013            7.0847E+03 
                1.71262            7.0586E+03 
                1.71512            7.02599E+03
                1.71887            6.95607E+03
                1.72449            6.77508E+03
                1.73293            6.28045E+03
                1.74137            5.60229E+03
                1.74981            4.8458E+03 
                1.75298            4.55886E+03
                1.75774            4.13925E+03
                1.75952            3.98549E+03
                1.7622             3.76441E+03
                1.76621            3.46513E+03
                1.76772            3.35843E+03
                1.76998            3.21012E+03
                1.77337            3.01676E+03
                1.77464            2.94884E+03
                1.77654            2.85601E+03
                1.7794             2.73746E+03
                1.78048            2.69621E+03
                1.78209            2.64049E+03
                1.7845             2.57065E+03
                1.78692            2.51424E+03
                1.78933            2.47038E+03
                1.79024            2.45584E+03
                1.79159            2.43752E+03
                1.79363            2.41751E+03
                1.79669            2.4022E+03 
                1.80128            2.40361E+03
                1.803              2.40763E+03
                1.80558            2.41821E+03
                1.80655            2.42299E+03
                1.808              2.43115E+03
                1.81018            2.44509E+03
                1.81345            2.4679E+03 
                1.81467            2.47692E+03
                1.81651            2.49014E+03
                1.81927            2.50869E+03
                1.82341            2.53066E+03
                1.82962            2.53977E+03
                1.83583            2.51512E+03
                1.84205            2.44593E+03
                1.85137            2.21567E+03
                1.8607             1.85704E+03
                1.87003            1.39277E+03
                1.87353            1.2062E+03 
                1.87878          903.416      
                1.88666          429.073      
                1.89848         -251.96       
                1.90291         -498.904      
                1.90956         -845.25       
                1.91954           -1.29362E+03
                1.93451           -1.80639E+03
                1.94013           -1.97653E+03
                1.94855           -2.19009E+03
                1.95698           -2.366E+03  
                1.96541           -2.50584E+03
                1.97805           -2.62678E+03
                1.97924           -2.63726E+03
                1.98101           -2.6512E+03 
                1.98368           -2.66808E+03
                1.98468           -2.67383E+03
                1.98618           -2.68109E+03
                1.98843           -2.68887E+03
                1.98927           -2.69136E+03
                1.99054           -2.69406E+03
                1.99244           -2.69583E+03
                1.99529           -2.69323E+03
                1.99956           -2.67756E+03
                2.00597           -2.63074E+03
                2.00837           -2.61024E+03
                2.01197           -2.57392E+03
                2.01738           -2.5155E+03 
                2.02549           -2.45055E+03
                2.0336            -2.41895E+03
                2.04171           -2.40155E+03
                2.05387           -2.30334E+03
                2.07211           -1.90655E+03
                2.09945         -979.822      
                2.1097          -602.086      
                2.12506            8.42651    
                2.13082          239.998      
                2.13946          595.436      
                2.1427           728.457      
                2.14756          930.187      
                2.14938            1.00549E+03
                2.15211            1.11922E+03
                2.1562             1.29022E+03
                2.16235            1.54685E+03
                2.17156            1.93015E+03
                2.18537            2.48491E+03
                2.20606            3.20887E+03
                2.23706            3.93581E+03
                2.28342            4.12403E+03
                2.30077            4.05697E+03
                2.32673            3.71713E+03
                2.36555            2.82395E+03
                2.42348            1.25931E+03
                2.50957         -369.121      
                2.59452         -950.619      
                2.67814         -690.171      
                2.76026          -10.8744     
                2.88024          906.506      
                2.99586            1.32489E+03
                3.10659            1.37202E+03
                3.14675            1.28744E+03
                3.20552            1.26031E+03
                3.29021            1.18753E+03
                3.32086            1.08941E+03
                3.36564            1.12745E+03
                3.43008            1.18459E+03
                3.52039            1.29762E+03
                3.52846            1.11318E+03
                3.54042            1.1694E+03 
                3.55808            1.27531E+03
                3.58389            1.35996E+03
                3.62108            1.41316E+03
                3.6734             1.47369E+03
                3.74401            1.54943E+03
                3.83219            1.61997E+03
                3.85984            1.5265E+03 
                3.89593            1.63093E+03
                3.90783            1.56289E+03
                3.92408            1.63585E+03
                3.92969            1.59167E+03
                3.93172            1.57719E+03
                3.93471            1.60246E+03
                3.93903            1.63697E+03
                3.94518            1.66159E+03
                3.95366            1.67282E+03
                3.96476            1.68165E+03
                3.97802            1.68756E+03
                3.99113            1.6859E+03 
                3.99917            1.67604E+03
                4.                 1.66339E+03




