
                  X                 uf-2      

                0.                -0.         
               39.94E-09         144.262E-03  
              319.041E-09        746.553E-03  
                1.70601E-06        1.94853    
                7.53894E-06        4.44846    
               29.9775E-06         9.54913    
              111.812E-06         21.6481     
              399.954E-06         56.0726     
                1.38837E-03      163.196      
                4.70264E-03      506.744      
               15.5512E-03         1.60972E+03
               49.9952E-03         5.08272E+03
              154.626E-03         15.5863E+03 
              450.699E-03         45.0047E+03 
              551.162E-03         54.9966E+03 
              661.566E-03         65.5817E+03 
              781.336E-03         77.1077E+03 
              812.662E-03         80.2072E+03 
              844.518E-03         83.1666E+03 
              856.598E-03         84.3329E+03 
              874.854E-03         86.0377E+03 
              881.741E-03         86.7089E+03 
              884.329E-03         86.9616E+03 
              885.301E-03         87.0564E+03 
              885.665E-03         87.0919E+03 
              886.212E-03         87.1441E+03 
              887.032E-03         87.2211E+03 
              887.34E-03          87.2504E+03 
              887.802E-03         87.294E+03  
              887.975E-03         87.3105E+03 
              888.235E-03         87.3351E+03 
              888.624E-03         87.3718E+03 
              889.209E-03         87.4266E+03 
              889.794E-03         87.4815E+03 
              890.379E-03         87.5366E+03 
              890.964E-03         87.5917E+03 
              891.549E-03         87.6468E+03 
              892.135E-03         87.702E+03  
              892.72E-03          87.7572E+03 
              893.306E-03         87.8124E+03 
              893.892E-03         87.8676E+03 
              894.478E-03         87.9228E+03 
              895.064E-03         87.978E+03  
              895.651E-03         88.0333E+03 
              896.531E-03         88.1158E+03 
              897.851E-03         88.2392E+03 
              899.172E-03         88.363E+03  
              899.503E-03         88.3948E+03 
              899.833E-03         88.4264E+03 
              900.329E-03         88.4731E+03 
              901.073E-03         88.5422E+03 
              901.352E-03         88.5684E+03 
              901.771E-03         88.6074E+03 
              902.399E-03         88.6651E+03 
              902.635E-03         88.6869E+03 
              902.988E-03         88.7193E+03 
              903.518E-03         88.7671E+03 
              904.314E-03         88.8362E+03 
              904.513E-03         88.8537E+03 
              904.712E-03         88.871E+03  
              905.01E-03          88.8964E+03 
              905.122E-03         88.9059E+03 
              905.29E-03          88.9199E+03 
              905.542E-03         88.9404E+03 
              905.636E-03         88.9481E+03 
              905.778E-03         88.9594E+03 
              905.991E-03         88.9759E+03 
              906.15E-03          88.9881E+03 
              906.389E-03         89.0057E+03 
              906.479E-03         89.0123E+03 
              906.614E-03         89.0219E+03 
              906.816E-03         89.0358E+03 
              907.118E-03         89.0552E+03 
              907.194E-03         89.06E+03   
              907.27E-03          89.0647E+03 
              907.383E-03         89.0716E+03 
              907.554E-03         89.0814E+03 
              907.81E-03          89.0946E+03 
              908.193E-03         89.1109E+03 
              908.337E-03         89.1166E+03 
              908.553E-03         89.1237E+03 
              908.876E-03         89.1309E+03 
              908.998E-03         89.1332E+03 
              909.18E-03          89.1353E+03 
              909.453E-03         89.1353E+03 
              909.863E-03         89.1269E+03 
              910.478E-03         89.0903E+03 
              911.093E-03         89.0242E+03 
              911.708E-03         88.9219E+03 
              912.631E-03         88.665E+03  
              913.554E-03         88.2865E+03 
              913.785E-03         88.1844E+03 
              914.016E-03         88.0741E+03 
              914.363E-03         87.8893E+03 
              914.882E-03         87.5673E+03 
              915.662E-03         86.9835E+03 
              916.833E-03         85.9059E+03 
              918.004E-03         84.6701E+03 
              919.175E-03         83.328E+03  
              919.468E-03         82.9873E+03 
              919.761E-03         82.6414E+03 
              920.201E-03         82.114E+03  
              920.861E-03         81.3132E+03 
              921.85E-03          80.1204E+03 
              922.098E-03         79.8237E+03 
              922.345E-03         79.5284E+03 
              922.717E-03         79.0897E+03 
              923.274E-03         78.4456E+03 
              924.11E-03          77.5234E+03 
              925.364E-03         76.2614E+03 
              926.62E-03          75.1217E+03 
              927.875E-03         74.0818E+03 
              929.132E-03         73.1033E+03 
              930.389E-03         72.1412E+03 
              931.647E-03         71.1561E+03 
              932.906E-03         70.1238E+03 
              934.165E-03         69.04E+03   
              935.425E-03         67.9195E+03 
              936.686E-03         66.7906E+03 
              937.947E-03         65.6866E+03 
              938.263E-03         65.4133E+03 
              938.578E-03         65.1425E+03 
              939.051E-03         64.7435E+03 
              939.762E-03         64.1665E+03 
              940.827E-03         63.3609E+03 
              941.094E-03         63.164E+03  
              941.36E-03          62.971E+03  
              941.76E-03          62.6905E+03 
              942.36E-03          62.29E+03   
              943.26E-03          61.7314E+03 
              944.611E-03         60.9674E+03 
              945.962E-03         60.2574E+03 
              947.314E-03         59.5886E+03 
              948.668E-03         58.9609E+03 
              950.021E-03         58.3869E+03 
              951.376E-03         57.889E+03  
              952.731E-03         57.4958E+03 
              954.087E-03         57.2363E+03 
              955.444E-03         57.1346E+03 
              956.802E-03         57.2041E+03 
              958.16E-03          57.444E+03  
              959.52E-03          57.8366E+03 
              959.859E-03         57.9447E+03 
              960.199E-03         58.0614E+03 
              960.709E-03         58.254E+03  
              961.475E-03         58.5756E+03 
              962.24E-03          58.9221E+03 
              962.814E-03         59.1921E+03 
              963.389E-03         59.4679E+03 
              963.82E-03          59.6762E+03 
              964.251E-03         59.884E+03  
              964.682E-03         60.0895E+03 
              965.113E-03         60.2908E+03 
              965.544E-03         60.4864E+03 
              965.975E-03         60.6745E+03 
              966.299E-03         60.8109E+03 
              966.622E-03         60.9418E+03 
              966.946E-03         61.0667E+03 
              967.269E-03         61.1851E+03 
              967.593E-03         61.2966E+03 
              967.917E-03         61.4008E+03 
              968.241E-03         61.4975E+03 
              968.564E-03         61.5863E+03 
              968.807E-03         61.6485E+03 
              969.05E-03          61.7062E+03 
              969.293E-03         61.7593E+03 
              969.536E-03         61.8079E+03 
              969.779E-03         61.852E+03  
              970.022E-03         61.8915E+03 
              970.265E-03         61.9266E+03 
              970.508E-03         61.9573E+03 
              970.751E-03         61.9838E+03 
              970.994E-03         62.0061E+03 
              971.237E-03         62.0244E+03 
              971.481E-03         62.0388E+03 
              971.724E-03         62.0495E+03 
              971.967E-03         62.0566E+03 
              972.21E-03          62.0604E+03 
              972.453E-03         62.061E+03  
              972.697E-03         62.0585E+03 
              972.94E-03          62.0533E+03 
              973.183E-03         62.0454E+03 
              973.427E-03         62.0352E+03 
              973.67E-03          62.0227E+03 
              973.913E-03         62.0082E+03 
              974.157E-03         61.9919E+03 
              974.4E-03           61.9739E+03 
              974.644E-03         61.9545E+03 
              974.887E-03         61.9338E+03 
              975.13E-03          61.912E+03  
              975.374E-03         61.8892E+03 
              975.618E-03         61.8656E+03 
              975.861E-03         61.8414E+03 
              976.105E-03         61.8166E+03 
              976.348E-03         61.7915E+03 
              976.592E-03         61.7661E+03 
              976.836E-03         61.7405E+03 
              977.079E-03         61.7148E+03 
              977.323E-03         61.6892E+03 
              977.567E-03         61.6638E+03 
              977.81E-03          61.6387E+03 
              978.054E-03         61.6139E+03 
              978.298E-03         61.5896E+03 
              978.542E-03         61.5659E+03 
              978.786E-03         61.5429E+03 
              979.03E-03          61.5207E+03 
              979.274E-03         61.4995E+03 
              979.517E-03         61.4793E+03 
              979.761E-03         61.4603E+03 
              980.005E-03         61.4426E+03 
              980.249E-03         61.4264E+03 
              980.493E-03         61.4118E+03 
              980.737E-03         61.399E+03  
              980.982E-03         61.3881E+03 
              981.226E-03         61.3792E+03 
              981.47E-03          61.3725E+03 
              981.714E-03         61.3681E+03 
              981.958E-03         61.3662E+03 
              982.202E-03         61.3668E+03 
              982.446E-03         61.3701E+03 
              982.63E-03          61.374E+03  
              982.813E-03         61.3795E+03 
              982.881E-03         61.3818E+03 
              982.984E-03         61.3857E+03 
              983.139E-03         61.3926E+03 
              983.255E-03         61.3984E+03 
              983.429E-03         61.4084E+03 
              983.494E-03         61.4123E+03 
              983.592E-03         61.4187E+03 
              983.739E-03         61.4291E+03 
              983.959E-03         61.4466E+03 
              984.124E-03         61.4608E+03 
              984.289E-03         61.476E+03  
              984.351E-03         61.4819E+03 
              984.444E-03         61.4909E+03 
              984.583E-03         61.5051E+03 
              984.792E-03         61.5275E+03 
              984.949E-03         61.5449E+03 
              985.106E-03         61.5627E+03 
              985.165E-03         61.5694E+03 
              985.253E-03         61.5797E+03 
              985.385E-03         61.5952E+03 
              985.584E-03         61.6186E+03 
              985.782E-03         61.642E+03  
              985.931E-03         61.6593E+03 
              986.08E-03          61.6764E+03 
              986.136E-03         61.6828E+03 
              986.22E-03          61.6922E+03 
              986.346E-03         61.7059E+03 
              986.534E-03         61.7255E+03 
              986.723E-03         61.7437E+03 
              986.911E-03         61.7603E+03 
              987.1E-03           61.775E+03  
              987.288E-03         61.7877E+03 
              987.43E-03          61.7959E+03 
              987.571E-03         61.8027E+03 
              987.624E-03         61.8051E+03 
              987.704E-03         61.8081E+03 
              987.823E-03         61.8116E+03 
              988.002E-03         61.8142E+03 
              988.181E-03         61.8138E+03 
              988.36E-03          61.8104E+03 
              988.539E-03         61.8038E+03 
              988.718E-03         61.7939E+03 
              988.897E-03         61.7806E+03 
              989.076E-03         61.7636E+03 
              989.211E-03         61.7488E+03 
              989.345E-03         61.732E+03  
              989.395E-03         61.7253E+03 
              989.471E-03         61.7147E+03 
              989.584E-03         61.6973E+03 
              989.754E-03         61.6674E+03 
              989.882E-03         61.643E+03  
              990.009E-03         61.6164E+03 
              990.057E-03         61.6062E+03 
              990.129E-03         61.5902E+03 
              990.237E-03         61.5646E+03 
              990.398E-03         61.5226E+03 
              990.56E-03          61.477E+03  
              990.721E-03         61.4277E+03 
              990.842E-03         61.3886E+03 
              990.963E-03         61.3473E+03 
              991.009E-03         61.3315E+03 
              991.077E-03         61.3071E+03 
              991.179E-03         61.2689E+03 
              991.332E-03         61.2079E+03 
              991.486E-03         61.1429E+03 
              991.639E-03         61.074E+03  
              991.792E-03         61.0009E+03 
              991.946E-03         60.9236E+03 
              992.099E-03         60.8418E+03 
              992.252E-03         60.7554E+03 
              992.367E-03         60.688E+03  
              992.482E-03         60.6178E+03 
              992.598E-03         60.5449E+03 
              992.713E-03         60.4691E+03 
              992.828E-03         60.3905E+03 
              992.943E-03         60.3088E+03 
              993.058E-03         60.2241E+03 
              993.173E-03         60.1363E+03 
              993.288E-03         60.0454E+03 
              993.403E-03         59.9513E+03 
              993.489E-03         59.8789E+03 
              993.619E-03         59.7662E+03 
              993.748E-03         59.6494E+03 
              993.878E-03         59.5283E+03 
              994.007E-03         59.4031E+03 
              994.137E-03         59.2738E+03 
              994.266E-03         59.1404E+03 
              994.396E-03         59.0029E+03 
              994.525E-03         58.8614E+03 
              994.574E-03         58.8078E+03 
              994.647E-03         58.7261E+03 
              994.756E-03         58.601E+03  
              994.92E-03          58.4075E+03 
              995.084E-03         58.2086E+03 
              995.248E-03         58.0047E+03 
              995.412E-03         57.7964E+03 
              995.576E-03         57.5841E+03 
              995.637E-03         57.504E+03  
              995.73E-03          57.3827E+03 
              995.868E-03         57.1988E+03 
              996.076E-03         56.9198E+03 
              996.283E-03         56.6391E+03 
              996.491E-03         56.3583E+03 
              996.698E-03         56.079E+03  
              996.906E-03         55.8028E+03 
              997.218E-03         55.4005E+03 
              997.685E-03         54.8385E+03 
              998.152E-03         54.3281E+03 
              998.62E-03          53.8746E+03 
              999.087E-03         53.4777E+03 
              999.555E-03         53.1328E+03 
                1.00002           52.831E+03  
                1.00049           52.5613E+03 
                1.00096           52.3111E+03 
                1.00143           52.0679E+03 
                1.00189           51.8207E+03 
                1.00236           51.56E+03   
                1.00283           51.2794E+03 
                1.00318           51.0556E+03 
                1.00353           50.8174E+03 
                1.00388           50.5641E+03 
                1.00424           50.2961E+03 
                1.00459           50.0139E+03 
                1.00494           49.7186E+03 
                1.00529           49.4112E+03 
                1.00564           49.0928E+03 
                1.00599           48.7644E+03 
                1.00635           48.4267E+03 
                1.0067            48.0801E+03 
                1.00705           47.7246E+03 
                1.0074            47.3599E+03 
                1.00775           46.9855E+03 
                1.0081            46.6006E+03 
                1.00846           46.2042E+03 
                1.00881           45.7956E+03 
                1.00916           45.374E+03  
                1.00951           44.939E+03  
                1.00986           44.4903E+03 
                1.01022           44.0281E+03 
                1.01075           43.3069E+03 
                1.01127           42.5625E+03 
                1.01167           41.9937E+03 
                1.01207           41.4168E+03 
                1.01246           40.835E+03  
                1.01286           40.2512E+03 
                1.01326           39.6686E+03 
                1.01365           39.0902E+03 
                1.01405           38.5188E+03 
                1.01445           37.957E+03  
                1.01484           37.4073E+03 
                1.01524           36.872E+03  
                1.01564           36.3531E+03 
                1.01603           35.8526E+03 
                1.01643           35.3723E+03 
                1.01673           35.0242E+03 
                1.01703           34.6888E+03 
                1.01733           34.3667E+03 
                1.01762           34.0583E+03 
                1.01792           33.7643E+03 
                1.01822           33.4847E+03 
                1.01852           33.22E+03   
                1.01882           32.9701E+03 
                1.01911           32.7349E+03 
                1.01941           32.5143E+03 
                1.01971           32.3078E+03 
                1.02016           32.0274E+03 
                1.02083           31.6617E+03 
                1.0215            31.3375E+03 
                1.02217           31.0403E+03 
                1.02284           30.7564E+03 
                1.02352           30.4744E+03 
                1.02419           30.186E+03  
                1.02486           29.8868E+03 
                1.02553           29.5759E+03 
                1.02621           29.2553E+03 
                1.02688           28.9294E+03 
                1.02755           28.6036E+03 
                1.02822           28.2832E+03 
                1.0289            27.9727E+03 
                1.02991           27.5355E+03 
                1.03092           27.1245E+03 
                1.03193           26.7309E+03 
                1.03294           26.3435E+03 
                1.03395           25.9537E+03 
                1.03496           25.5574E+03 
                1.03598           25.1558E+03 
                1.03699           24.7535E+03 
                1.038             24.3566E+03 
                1.03902           23.9707E+03 
                1.03927           23.8754E+03 
                1.03952           23.7809E+03 
                1.0399            23.641E+03  
                1.04047           23.4361E+03 
                1.04104           23.237E+03  
                1.04161           23.0438E+03 
                1.04218           22.8569E+03 
                1.04276           22.6766E+03 
                1.04333           22.5034E+03 
                1.0439            22.3381E+03 
                1.04447           22.1817E+03 
                1.04504           22.0357E+03 
                1.04561           21.9014E+03 
                1.04618           21.7805E+03 
                1.04675           21.6744E+03 
                1.04733           21.5844E+03 
                1.0479            21.5112E+03 
                1.04847           21.4552E+03 
                1.04904           21.416E+03  
                1.04962           21.3923E+03 
                1.05019           21.3825E+03 
                1.05076           21.3842E+03 
                1.05162           21.4019E+03 
                1.05248           21.4236E+03 
                1.05312           21.4374E+03 
                1.05377           21.4434E+03 
                1.05401           21.4445E+03 
                1.05437           21.4421E+03 
                1.05492           21.427E+03  
                1.05532           21.4084E+03 
                1.05594           21.3607E+03 
                1.05655           21.2911E+03 
                1.0567            21.2725E+03 
                1.05686           21.2524E+03 
                1.05709           21.2188E+03 
                1.05743           21.1606E+03 
                1.05795           21.0548E+03 
                1.05872           20.8552E+03 
                1.0595            20.6176E+03 
                1.05969           20.556E+03  
                1.05989           20.4922E+03 
                1.06018           20.3914E+03 
                1.06062           20.2298E+03 
                1.06127           19.9688E+03 
                1.06193           19.6944E+03 
                1.06258           19.4118E+03 
                1.06283           19.3051E+03 
                1.0632            19.1439E+03 
                1.06375           18.9023E+03 
                1.06396           18.8121E+03 
                1.06427           18.6775E+03 
                1.06474           18.4788E+03 
                1.06491           18.4049E+03 
                1.06517           18.2953E+03 
                1.06557           18.1342E+03 
                1.06616           17.901E+03  
                1.06675           17.6764E+03 
                1.06734           17.4603E+03 
                1.06793           17.2524E+03 
                1.06853           17.0525E+03 
                1.06912           16.8609E+03 
                1.06956           16.7223E+03 
                1.07001           16.589E+03  
                1.07045           16.4617E+03 
                1.0709            16.3411E+03 
                1.07134           16.228E+03  
                1.07167           16.1479E+03 
                1.07201           16.0728E+03 
                1.07234           16.0032E+03 
                1.07267           15.9393E+03 
                1.07301           15.8816E+03 
                1.07334           15.8302E+03 
                1.07367           15.7855E+03 
                1.07401           15.7475E+03 
                1.07434           15.7163E+03 
                1.07467           15.6918E+03 
                1.07501           15.6738E+03 
                1.07534           15.662E+03  
                1.07559           15.6565E+03 
                1.07584           15.6542E+03 
                1.07609           15.6546E+03 
                1.07634           15.6577E+03 
                1.07659           15.6631E+03 




