
                  X                 uf-3      

                0.                -0.         
               39.94E-09         144.262E-03  
              319.041E-09        746.553E-03  
                1.70601E-06        1.94853    
                7.53894E-06        4.44846    
               29.9775E-06         9.54913    
              111.812E-06         21.6481     
              399.954E-06         56.0726     
                1.38837E-03      163.196      
                4.70264E-03      506.745      
               15.5512E-03         1.60973E+03
               49.9952E-03         5.08308E+03
              154.626E-03         15.5953E+03 
              212.548E-03         21.4987E+03 
              319.557E-03         32.1084E+03 
              450.699E-03         45.1304E+03 
              487.177E-03         48.8522E+03 
              496.522E-03         49.7845E+03 
              497.109E-03         49.8586E+03 
              497.33E-03          49.8843E+03 
              497.66E-03          49.9183E+03 
              497.784E-03         49.9306E+03 
              497.97E-03          49.9481E+03 
              498.249E-03         49.9731E+03 
              498.668E-03         50.0097E+03 
              499.296E-03         50.0644E+03 
              500.239E-03         50.1467E+03 
              501.656E-03         50.2702E+03 
              502.01E-03          50.3032E+03 
              502.365E-03         50.3355E+03 
              502.897E-03         50.3827E+03 
              503.695E-03         50.4526E+03 
              504.495E-03         50.5229E+03 
              505.294E-03         50.5934E+03 
              506.496E-03         50.6983E+03 
              508.3E-03           50.8555E+03 
              510.107E-03         51.0145E+03 
              511.918E-03         51.1731E+03 
              513.732E-03         51.3303E+03 
              515.549E-03         51.4845E+03 
              516.004E-03         51.5255E+03 
              516.687E-03         51.5835E+03 
              516.943E-03         51.6055E+03 
              517.327E-03         51.6375E+03 
              517.471E-03         51.6497E+03 
              517.687E-03         51.6676E+03 
              518.012E-03         51.694E+03  
              518.255E-03         51.7137E+03 
              518.62E-03          51.7428E+03 
              518.757E-03         51.7538E+03 
              518.963E-03         51.7702E+03 
              519.271E-03         51.7944E+03 
              519.734E-03         51.83E+03   
              520.428E-03         51.8819E+03 
              520.689E-03         51.9018E+03 
              521.079E-03         51.9309E+03 
              521.666E-03         51.9729E+03 
              522.253E-03         52.014E+03  
              522.84E-03          52.0541E+03 
              523.722E-03         52.1112E+03 
              525.045E-03         52.1919E+03 
              526.371E-03         52.2702E+03 
              527.698E-03         52.3466E+03 
              529.026E-03         52.4218E+03 
              529.359E-03         52.4421E+03 
              529.483E-03         52.4498E+03 
              529.671E-03         52.461E+03  
              529.951E-03         52.4772E+03 
              530.372E-03         52.5009E+03 
              530.794E-03         52.5244E+03 
              531.215E-03         52.548E+03  
              531.847E-03         52.5832E+03 
              532.322E-03         52.6102E+03 
              533.034E-03         52.6504E+03 
              534.104E-03         52.7112E+03 
              535.174E-03         52.7736E+03 
              536.245E-03         52.8366E+03 
              537.318E-03         52.8992E+03 
              538.392E-03         52.9602E+03 
              539.466E-03         53.0187E+03 
              539.735E-03         53.0342E+03 
              539.802E-03         53.0381E+03 
              539.903E-03         53.0439E+03 
              540.054E-03         53.0523E+03 
              540.281E-03         53.0645E+03 
              540.622E-03         53.082E+03  
              541.133E-03         53.1067E+03 
              541.9E-03           53.1414E+03 
              543.051E-03         53.1889E+03 
              544.78E-03          53.2533E+03 
              546.512E-03         53.3168E+03 
              548.247E-03         53.3823E+03 
              549.115E-03         53.418E+03  
              549.984E-03         53.4537E+03 
              551.289E-03         53.5097E+03 
              551.779E-03         53.5332E+03 
              552.514E-03         53.5685E+03 
              553.617E-03         53.6258E+03 
              555.274E-03         53.7291E+03 
              556.518E-03         53.8211E+03 
              558.387E-03         53.991E+03  
              560.26E-03          54.1999E+03 
              562.135E-03         54.4463E+03 
              564.013E-03         54.7262E+03 
              565.894E-03         55.034E+03  
              567.779E-03         55.3632E+03 
              569.666E-03         55.707E+03  
              571.557E-03         56.0587E+03 
              573.451E-03         56.4112E+03 
              575.347E-03         56.7576E+03 
              577.247E-03         57.0911E+03 
              577.96E-03          57.2165E+03 
              579.031E-03         57.3951E+03 
              580.639E-03         57.6445E+03 
              583.054E-03         57.9732E+03 
              583.961E-03         58.094E+03  
              585.323E-03         58.2548E+03 
              587.369E-03         58.4592E+03 
              588.137E-03         58.5341E+03 
              589.29E-03          58.6322E+03 
              591.022E-03         58.7552E+03 
              591.672E-03         58.8008E+03 
              592.647E-03         58.8599E+03 
              594.112E-03         58.934E+03  
              596.313E-03         59.0215E+03 
              597.139E-03         59.055E+03  
              598.379E-03         59.0959E+03 
              600.242E-03         59.1485E+03 
              600.941E-03         59.1702E+03 
              601.991E-03         59.1992E+03 
              603.567E-03         59.2424E+03 
              605.935E-03         59.3202E+03 
              606.824E-03         59.3556E+03 
              608.159E-03         59.4112E+03 
              610.164E-03         59.5124E+03 
              610.917E-03         59.5562E+03 
              612.047E-03         59.6259E+03 
              613.743E-03         59.7459E+03 
              616.292E-03         59.9642E+03 
              617.25E-03          60.0555E+03 
              618.687E-03         60.1992E+03 
              620.846E-03         60.4356E+03 
              621.656E-03         60.5304E+03 
              622.873E-03         60.6751E+03 
              624.7E-03           60.9009E+03 
              627.445E-03         61.2535E+03 
              628.476E-03         61.3916E+03 
              630.024E-03         61.5951E+03 
              632.35E-03          61.8967E+03 
              633.223E-03         62.0129E+03 
              634.533E-03         62.1813E+03 
              636.502E-03         62.4261E+03 
              637.241E-03         62.5197E+03 
              638.35E-03          62.6547E+03 
              640.015E-03         62.8496E+03 
              640.64E-03          62.9241E+03 
              641.578E-03         63.0315E+03 
              642.987E-03         63.1867E+03 
              645.102E-03         63.4098E+03 
              647.221E-03         63.6264E+03 
              647.751E-03         63.6827E+03 
              648.281E-03         63.7373E+03 
              649.077E-03         63.8162E+03 
              650.272E-03         63.9316E+03 
              652.066E-03         64.1012E+03 
              654.761E-03         64.352E+03  
              656.786E-03         64.5428E+03 
              658.814E-03         64.7329E+03 
              661.862E-03         65.0182E+03 
              663.006E-03         65.1305E+03 
              664.725E-03         65.2938E+03 
              667.306E-03         65.5378E+03 
              671.187E-03         65.9026E+03 
              673.132E-03         66.0908E+03 
              675.079E-03         66.275E+03  
              678.004E-03         66.5477E+03 
              680.935E-03         66.8229E+03 
              683.873E-03         67.0983E+03 
              686.816E-03         67.3726E+03 
              689.765E-03         67.6444E+03 
              692.719E-03         67.9126E+03 
              694.199E-03         68.0489E+03 
              695.68E-03          68.1816E+03 
              695.772E-03         68.1904E+03 
              695.865E-03         68.1992E+03 
              696.004E-03         68.2122E+03 
              696.056E-03         68.2171E+03 
              696.134E-03         68.2244E+03 
              696.164E-03         68.2271E+03 
              696.208E-03         68.2312E+03 
              696.273E-03         68.2373E+03 
              696.372E-03         68.2464E+03 
              696.521E-03         68.2598E+03 
              696.744E-03         68.2797E+03 
              697.078E-03         68.3091E+03 
              697.579E-03         68.3527E+03 
              698.331E-03         68.4179E+03 
              699.46E-03          68.5151E+03 
              701.154E-03         68.6598E+03 
              703.7E-03           68.8751E+03 
              705.612E-03         69.039E+03  
              707.527E-03         69.202E+03  
              708.245E-03         69.2651E+03 
              709.324E-03         69.3571E+03 
              710.943E-03         69.494E+03  
              713.374E-03         69.7016E+03 
              715.201E-03         69.8616E+03 
              717.029E-03         70.023E+03  
              717.715E-03         70.0856E+03 
              718.745E-03         70.1778E+03 
              720.291E-03         70.3166E+03 
              720.871E-03         70.3706E+03 
              721.742E-03         70.4508E+03 
              723.049E-03         70.5715E+03 
              725.011E-03         70.7567E+03 
              725.502E-03         70.8056E+03 
              725.993E-03         70.854E+03  
              726.73E-03          70.9258E+03 
              727.836E-03         71.0341E+03 
              729.496E-03         71.2002E+03 
              731.158E-03         71.3713E+03 
              732.822E-03         71.5464E+03 
              734.488E-03         71.7249E+03 
              736.989E-03         71.9966E+03 
              739.495E-03         72.2733E+03 
              742.004E-03         72.5506E+03 
              743.888E-03         72.7588E+03 
              745.775E-03         72.9637E+03 
              748.608E-03         73.2608E+03 
              751.447E-03         73.5514E+03 
              754.29E-03          73.834E+03  
              755.358E-03         73.9421E+03 
              756.96E-03          74.097E+03  
              759.367E-03         74.3229E+03 
              760.27E-03          74.41E+03   
              761.626E-03         74.5358E+03 
              763.662E-03         74.7201E+03 
              766.721E-03         74.9912E+03 
              767.869E-03         75.0964E+03 
              769.593E-03         75.248E+03  
              772.182E-03         75.4723E+03 
              776.072E-03         75.8071E+03 
              777.533E-03         75.9381E+03 
              779.728E-03         76.1274E+03 
              783.024E-03         76.4088E+03 
              787.979E-03         76.8326E+03 
              789.841E-03         76.9994E+03 
              792.638E-03         77.2419E+03 
              793.688E-03         77.3364E+03 
              795.264E-03         77.4747E+03 
              797.63E-03          77.6832E+03 
              799.999E-03         77.8964E+03 
              802.372E-03         78.1134E+03 
              805.936E-03         78.4443E+03 
              809.507E-03         78.7845E+03 
              813.085E-03         79.1302E+03 
              816.67E-03          79.4797E+03 
              820.262E-03         79.8319E+03 
              823.86E-03          80.1864E+03 
              829.27E-03          80.7205E+03 
              834.696E-03         81.2639E+03 
              836.054E-03         81.4073E+03 
              838.094E-03         81.613E+03  
              841.158E-03         81.9193E+03 
              843.459E-03         82.1519E+03 
              845.762E-03         82.3829E+03 
              849.222E-03         82.7228E+03 
              854.424E-03         83.2127E+03 
              859.639E-03         83.6823E+03 
              864.867E-03         84.1363E+03 
              866.831E-03         84.311E+03  
              867.568E-03         84.3766E+03 
              868.674E-03         84.4715E+03 
              870.335E-03         84.6123E+03 
              870.957E-03         84.6667E+03 
              871.892E-03         84.747E+03  
              873.295E-03         84.8677E+03 
              875.401E-03         85.0527E+03 
              877.509E-03         85.2445E+03 
              879.619E-03         85.4425E+03 
              880.411E-03         85.5194E+03 
              881.599E-03         85.6342E+03 
              882.045E-03         85.6781E+03 
              882.714E-03         85.7438E+03 
              883.717E-03         85.8424E+03 
              885.224E-03         85.992E+03  
              886.731E-03         86.1437E+03 
              888.24E-03          86.2964E+03 
              890.505E-03         86.5244E+03 
              893.906E-03         86.8637E+03 
              895.183E-03         86.9945E+03 
              897.1E-03           87.1842E+03 
              899.979E-03         87.4615E+03 
              901.059E-03         87.5677E+03 
              902.681E-03         87.7206E+03 
              903.289E-03         87.7788E+03 
              904.202E-03         87.8635E+03 
              905.572E-03         87.987E+03  
              907.629E-03         88.1658E+03 
              909.687E-03         88.3394E+03 
              911.748E-03         88.5079E+03 
              913.81E-03          88.6726E+03 
              915.875E-03         88.8359E+03 
              918.975E-03         89.0848E+03 
              920.138E-03         89.1828E+03 
              921.885E-03         89.33E+03   
              922.759E-03         89.406E+03  
              923.633E-03         89.4828E+03 
              924.507E-03         89.5608E+03 
              925.382E-03         89.6403E+03 
              926.257E-03         89.7215E+03 
              927.133E-03         89.8044E+03 
              928.008E-03         89.8891E+03 
              928.884E-03         89.9755E+03 
              930.199E-03         90.108E+03  
              931.186E-03         90.21E+03   
              932.173E-03         90.3136E+03 
              933.16E-03          90.4184E+03 
              934.148E-03         90.5242E+03 
              935.136E-03         90.6306E+03 
              936.125E-03         90.7368E+03 
              936.372E-03         90.7638E+03 
              936.619E-03         90.7906E+03 
              936.99E-03          90.8305E+03 
              937.547E-03         90.8895E+03 
              938.382E-03         90.9754E+03 
              939.217E-03         91.0582E+03 
              940.053E-03         91.1356E+03 
              940.889E-03         91.2051E+03 
              941.098E-03         91.2223E+03 
              941.307E-03         91.2388E+03 
              941.62E-03          91.2619E+03 
              942.091E-03         91.2922E+03 
              942.561E-03         91.3176E+03 
              942.679E-03         91.3238E+03 
              942.797E-03         91.3296E+03 
              942.973E-03         91.3376E+03 
              943.238E-03         91.3475E+03 
              943.635E-03         91.3575E+03 
              944.231E-03         91.3596E+03 
              944.827E-03         91.3471E+03 
              945.424E-03         91.3179E+03 
              945.647E-03         91.3047E+03 
              945.983E-03         91.2789E+03 
              946.486E-03         91.2256E+03 
              947.241E-03         91.1107E+03 
              948.375E-03         90.8595E+03 
              949.508E-03         90.5365E+03 
              949.792E-03         90.4519E+03 
              950.076E-03         90.363E+03  
              950.501E-03         90.2204E+03 
              951.139E-03         89.9888E+03 
              951.379E-03         89.8998E+03 
              951.738E-03         89.7617E+03 
              952.277E-03         89.5457E+03 
              952.815E-03         89.3231E+03 
              953.354E-03         89.0955E+03 
              954.163E-03         88.7468E+03 
              954.972E-03         88.3942E+03 
              955.782E-03         88.0395E+03 
              956.591E-03         87.6833E+03 
              956.743E-03         87.6167E+03 
              956.895E-03         87.55E+03   
              956.952E-03         87.5251E+03 
              957.037E-03         87.4875E+03 
              957.165E-03         87.4312E+03 
              957.358E-03         87.3466E+03 
              957.646E-03         87.2193E+03 
              957.862E-03         87.1237E+03 
              958.079E-03         87.028E+03  
              958.403E-03         86.8839E+03 
              958.728E-03         86.7395E+03 
              959.052E-03         86.5947E+03 
              959.377E-03         86.4492E+03 
              959.499E-03         86.3947E+03 
              959.681E-03         86.3126E+03 
              959.955E-03         86.1888E+03 
              960.366E-03         86.0011E+03 
              960.777E-03         85.8111E+03 
              960.88E-03          85.7635E+03 
              960.983E-03         85.7158E+03 
              961.137E-03         85.6438E+03 
              961.368E-03         85.5346E+03 
              961.455E-03         85.4936E+03 
              961.585E-03         85.4316E+03 
              961.78E-03          85.3377E+03 
              961.975E-03         85.2428E+03 
              962.171E-03         85.1467E+03 
              962.219E-03         85.1226E+03 
              962.268E-03         85.0985E+03 
              962.341E-03         85.0621E+03 
              962.451E-03         85.007E+03  
              962.616E-03         84.9235E+03 
              962.781E-03         84.8389E+03 
              962.946E-03         84.7531E+03 
              963.11E-03          84.6661E+03 
              963.275E-03         84.5778E+03 
              963.44E-03          84.4881E+03 
              963.605E-03         84.3969E+03 
              963.77E-03          84.3042E+03 
              963.934E-03         84.2098E+03 
              964.099E-03         84.1137E+03 
              964.264E-03         84.0157E+03 
              964.429E-03         83.9158E+03 
              964.594E-03         83.814E+03  
              964.759E-03         83.71E+03   
              964.924E-03         83.6039E+03 
              965.089E-03         83.4956E+03 
              965.253E-03         83.385E+03  
              965.315E-03         83.3432E+03 
              965.408E-03         83.2798E+03 
              965.547E-03         83.1829E+03 
              965.756E-03         83.0337E+03 
              965.965E-03         82.8804E+03 
              966.174E-03         82.7231E+03 
              966.382E-03         82.5616E+03 
              966.461E-03         82.5005E+03 
              966.578E-03         82.4076E+03 
              966.755E-03         82.2652E+03 
              967.019E-03         82.045E+03  
              967.283E-03         81.8183E+03 
              967.548E-03         81.5853E+03 
              967.944E-03         81.2223E+03 
              968.341E-03         80.8465E+03 
              968.738E-03         80.4588E+03 
              969.135E-03         80.06E+03   
              969.234E-03         79.9597E+03 
              969.333E-03         79.8587E+03 
              969.482E-03         79.7058E+03 
              969.705E-03         79.4732E+03 
              970.04E-03          79.1175E+03 
              970.375E-03         78.7556E+03 
              970.71E-03          78.388E+03  
              971.046E-03         78.015E+03  
              971.381E-03         77.6372E+03 
              971.716E-03         77.2551E+03 
              972.051E-03         76.8696E+03 
              972.386E-03         76.4814E+03 
              972.722E-03         76.0918E+03 
              972.848E-03         75.9456E+03 
              973.036E-03         75.7262E+03 
              973.319E-03         75.3978E+03 
              973.425E-03         75.2748E+03 
              973.585E-03         75.0909E+03 
              973.823E-03         74.8169E+03 
              974.182E-03         74.4126E+03 
              974.719E-03         73.8311E+03 
              975.526E-03         73.0431E+03 
              975.728E-03         72.8521E+03 
              975.929E-03         72.6671E+03 
              976.232E-03         72.4043E+03 
              976.686E-03         72.0451E+03 
              977.14E-03          71.7217E+03 
              977.594E-03         71.4327E+03 
              978.048E-03         71.1749E+03 
              978.502E-03         70.9436E+03 
              978.957E-03         70.7327E+03 
              979.638E-03         70.439E+03  
              980.32E-03          70.1466E+03 
              981.002E-03         69.8383E+03 
              981.685E-03         69.5029E+03 
              981.855E-03         69.4174E+03 
              982.026E-03         69.33E+03   
              982.282E-03         69.194E+03  
              982.666E-03         68.9792E+03 
              983.242E-03         68.6352E+03 
              983.458E-03         68.5036E+03 
              983.539E-03         68.4538E+03 
              983.66E-03          68.3783E+03 
              983.782E-03         68.3021E+03 
              983.903E-03         68.225E+03  
              984.086E-03         68.1079E+03 
              984.359E-03         67.9294E+03 
              984.769E-03         67.6577E+03 
              984.923E-03         67.5554E+03 
              985.154E-03         67.4014E+03 
              985.5E-03           67.1702E+03 
              985.63E-03          67.0837E+03 
              985.825E-03         66.9541E+03 
              986.117E-03         66.7608E+03 
              986.556E-03         66.4751E+03 
              987.214E-03         66.0594E+03 
              987.461E-03         65.9058E+03 
              987.831E-03         65.6803E+03 
              988.386E-03         65.3554E+03 
              989.219E-03         64.9087E+03 
              990.47E-03          64.3692E+03 
              991.721E-03         63.9845E+03 
              992.972E-03         63.7517E+03 
              994.224E-03         63.6448E+03 
              995.477E-03         63.6249E+03 
              996.731E-03         63.6527E+03 
              997.985E-03         63.6967E+03 
              999.239E-03         63.7375E+03 
                1.00049           63.7675E+03 
                1.00175           63.7889E+03 
                1.00301           63.8112E+03 
                1.00426           63.8475E+03 
                1.00552           63.9119E+03 
                1.00678           64.0153E+03 
                1.00709           64.0444E+03 
                1.00741           64.0761E+03 
                1.00788           64.1297E+03 
                1.00859           64.2249E+03 
                1.00965           64.3996E+03 
                1.00992           64.4458E+03 
                1.01018           64.4937E+03 
                1.01058           64.5694E+03 
                1.01118           64.6897E+03 
                1.01208           64.8791E+03 
                1.01298           65.0694E+03 
                1.01387           65.2509E+03 
                1.0141            65.2959E+03 
                1.01432           65.34E+03   
                1.01441           65.3564E+03 
                1.01453           65.3807E+03 
                1.01472           65.4163E+03 
                1.01501           65.4674E+03 
                1.01543           65.538E+03  
                1.01607           65.6275E+03 
                1.01631           65.6589E+03 
                1.01667           65.6998E+03 
                1.01722           65.7462E+03 
                1.01803           65.7789E+03 
                1.01833           65.7863E+03 
                1.01879           65.7851E+03 
                1.01947           65.7562E+03 
                1.0205            65.6595E+03 
                1.02204           65.4441E+03 
                1.02358           65.2188E+03 
                1.02512           65.0353E+03 
                1.02628           64.9364E+03 
                1.02744           64.8797E+03 
                1.02773           64.8687E+03 
                1.02816           64.8576E+03 
                1.02881           64.8516E+03 
                1.02979           64.8532E+03 
                1.03077           64.8468E+03 
                1.03175           64.8089E+03 
                1.03273           64.7148E+03 
                1.03371           64.5418E+03 
                1.0342            64.4333E+03 
                1.03469           64.3001E+03 
                1.03518           64.1401E+03 
                1.03567           63.9519E+03 
                1.03616           63.7348E+03 
                1.03665           63.4884E+03 
                1.03714           63.213E+03  
                1.03763           62.9098E+03 
                1.03812           62.5803E+03 
                1.03861           62.2269E+03 
                1.03935           61.6535E+03 
                1.04008           61.0503E+03 
                1.04082           60.4324E+03 
                1.04192           59.5244E+03 
                1.04303           58.6853E+03 
                1.04413           57.9538E+03 
                1.04524           57.3547E+03 
                1.04552           57.214E+03  
                1.04579           57.0821E+03 
                1.04621           56.9044E+03 
                1.04683           56.6836E+03 
                1.04777           56.4467E+03 
                1.0487            56.2876E+03 
                1.04964           56.1826E+03 
                1.04987           56.1596E+03 
                1.0501            56.1392E+03 
                1.05045           56.1126E+03 
                1.05098           56.0766E+03 
                1.05177           56.0134E+03 
                1.05296           55.8419E+03 
                1.05325           55.7939E+03 
                1.05355           55.7395E+03 
                1.05399           55.6405E+03 
                1.05466           55.4468E+03 
                1.05491           55.3677E+03 
                1.05528           55.2331E+03 
                1.05585           54.9935E+03 
                1.05669           54.5488E+03 
                1.05796           53.7117E+03 
                1.05986           52.2131E+03 
                1.06129           51.0195E+03 
                1.06165           50.7183E+03 
                1.062             50.4146E+03 
                1.06254           49.9566E+03 
                1.06334           49.2749E+03 
                1.06455           48.2908E+03 
                1.06575           47.3607E+03 
                1.06696           46.4889E+03 
                1.06817           45.6715E+03 
                1.06847           45.471E+03  
                1.06877           45.2735E+03 
                1.06888           45.1999E+03 
                1.06905           45.0905E+03 
                1.06931           44.9283E+03 
                1.0694            44.8677E+03 
                1.06955           44.7775E+03 
                1.06976           44.6435E+03 
                1.07008           44.4451E+03 
                1.07057           44.1527E+03 
                1.07129           43.7231E+03 
                1.07238           43.0902E+03 
                1.07347           42.4632E+03 
                1.07456           41.8383E+03 
                1.07565           41.2151E+03 
                1.07675           40.5957E+03 
                1.07784           39.9839E+03 
                1.07893           39.3849E+03 
                1.0792            39.2364E+03 
                1.07961           39.0157E+03 
                1.08023           38.6902E+03 
                1.08115           38.2177E+03 
                1.08149           38.0433E+03 
                1.08201           37.7873E+03 
                1.08279           37.4164E+03 
                1.08357           37.0591E+03 
                1.08435           36.7144E+03 
                1.08513           36.3811E+03 
                1.0859            36.0576E+03 
                1.08668           35.7423E+03 
                1.08746           35.4339E+03 
                1.08766           35.3574E+03 
                1.08785           35.2814E+03 
                1.08815           35.168E+03  
                1.08858           34.9996E+03 
                1.08924           34.7514E+03 
                1.09023           34.3925E+03 
                1.09122           34.0523E+03 
                1.09221           33.7353E+03 
                1.09319           33.4451E+03 
                1.09418           33.1829E+03 
                1.09517           32.948E+03  
                1.09616           32.7372E+03 
                1.09641           32.6864E+03 
                1.09678           32.6129E+03 
                1.09715           32.5423E+03 
                1.09752           32.4741E+03 
                1.09808           32.3769E+03 




