
              u_100_45_exp       f_100_45_exp       

                0.                -0.         
               39.94E-09         118.044E-03  
              319.041E-09        563.669E-03  
                1.70601E-06        1.36492    
                7.53894E-06        2.9768     
               29.9775E-06         5.96433    
              111.812E-06         11.2694     
              399.954E-06         21.2799     
                1.38837E-03       43.6767     
                4.70264E-03      103.482      
               15.5512E-03       279.1        
               49.9952E-03       809.476      
              154.626E-03          2.38568E+03
              212.548E-03          3.34083E+03
              319.557E-03          4.8589E+03 
              365.934E-03          5.626E+03  
              384.196E-03          5.9101E+03 
              412.475E-03          6.26248E+03
              423.352E-03          6.44568E+03
              424.379E-03          6.47541E+03
              425.922E-03          6.50119E+03
              426.502E-03          6.51064E+03
              427.372E-03          6.52256E+03
              428.678E-03          6.53905E+03
              429.169E-03          6.54616E+03
              429.905E-03          6.55607E+03
              431.011E-03          6.57014E+03
              432.119E-03          6.58456E+03
              432.396E-03          6.58874E+03
              432.673E-03          6.59284E+03
              433.089E-03          6.59865E+03
              433.713E-03          6.60684E+03
              434.338E-03          6.615E+03  
              434.806E-03          6.62131E+03
              435.276E-03          6.62759E+03
              435.745E-03          6.63385E+03
              436.215E-03          6.64009E+03
              436.684E-03          6.64632E+03
              437.155E-03          6.65255E+03
              437.625E-03          6.65878E+03
              438.096E-03          6.665E+03  
              438.567E-03          6.67123E+03
              439.273E-03          6.68028E+03
              439.981E-03          6.68946E+03
              440.689E-03          6.69872E+03
              441.398E-03          6.708E+03  
              442.107E-03          6.71727E+03
              442.817E-03          6.72652E+03
              443.527E-03          6.73573E+03
              444.238E-03          6.7449E+03 
              444.95E-03           6.75403E+03
              445.662E-03          6.76309E+03
              446.375E-03          6.7721E+03 
              447.088E-03          6.78105E+03
              447.802E-03          6.78994E+03
              448.517E-03          6.79876E+03
              449.232E-03          6.80752E+03
              449.948E-03          6.81622E+03
              450.664E-03          6.82487E+03
              451.381E-03          6.83347E+03
              452.457E-03          6.84568E+03
              453.535E-03          6.85796E+03
              454.614E-03          6.86991E+03
              455.694E-03          6.88103E+03
              455.965E-03          6.88425E+03
              456.235E-03          6.88733E+03
              456.641E-03          6.89144E+03
              457.25E-03           6.89657E+03
              458.164E-03          6.90207E+03
              459.079E-03          6.9054E+03 
              459.995E-03          6.90558E+03
              460.912E-03          6.90149E+03
              461.83E-03           6.89196E+03
              462.749E-03          6.87576E+03
              463.669E-03          6.85171E+03
              464.129E-03          6.83798E+03
              464.59E-03           6.82188E+03
              465.281E-03          6.79174E+03
              465.973E-03          6.75578E+03
              466.665E-03          6.71382E+03
              467.358E-03          6.66577E+03
              468.051E-03          6.61169E+03
              468.745E-03          6.5518E+03 
              469.439E-03          6.48649E+03
              470.134E-03          6.41631E+03
              470.829E-03          6.34194E+03
              471.525E-03          6.26416E+03
              472.222E-03          6.18378E+03
              472.919E-03          6.10159E+03
              473.093E-03          6.08115E+03
              473.267E-03          6.06061E+03
              473.529E-03          6.02954E+03
              473.921E-03          5.9825E+03 
              474.069E-03          5.96491E+03
              474.29E-03           5.93841E+03
              474.621E-03          5.89853E+03
              475.118E-03          5.83862E+03
              475.865E-03          5.74912E+03
              476.612E-03          5.66037E+03
              477.36E-03           5.572E+03  
              478.109E-03          5.48343E+03
              478.858E-03          5.39399E+03
              479.607E-03          5.30299E+03
              480.357E-03          5.20982E+03
              481.108E-03          5.11399E+03
              481.86E-03           5.01517E+03
              482.612E-03          4.91325E+03
              483.364E-03          4.80825E+03
              484.117E-03          4.70033E+03
              484.871E-03          4.58967E+03
              485.625E-03          4.4764E+03 
              486.38E-03           4.36053E+03
              487.136E-03          4.24185E+03
              487.419E-03          4.19722E+03
              487.845E-03          4.12907E+03
              488.483E-03          4.02389E+03
              489.442E-03          3.85853E+03
              490.881E-03          3.59027E+03
              492.323E-03          3.30239E+03
              492.683E-03          3.22996E+03
              493.044E-03          3.15616E+03
              493.586E-03          3.04235E+03
              494.399E-03          2.86642E+03
              494.704E-03          2.8002E+03 
              495.161E-03          2.69969E+03
              495.848E-03          2.54776E+03
              496.106E-03          2.49098E+03
              496.493E-03          2.40583E+03
              497.073E-03          2.27921E+03
              497.944E-03          2.09547E+03
              499.253E-03          1.84459E+03
              500.563E-03          1.62691E+03
              501.874E-03          1.44639E+03
              503.188E-03          1.30366E+03
              504.503E-03          1.19615E+03
              504.996E-03          1.16132E+03
              505.737E-03          1.11806E+03
              506.85E-03           1.06996E+03
              508.52E-03           1.019E+03  
              510.194E-03        971.697      
              510.613E-03        960.751      
              511.032E-03        949.164      
              511.661E-03        929.194      
              511.897E-03        921.527      
              512.25E-03         908.953      
              512.782E-03        887.283      
              513.313E-03        862.613      
              513.845E-03        834.539      
              514.643E-03        783.225      
              515.841E-03        683.129      
              516.141E-03        657.206      
              516.441E-03        629.744      
              516.891E-03        584.821      
              517.566E-03        509.116      
              517.82E-03         479.819      
              518.2E-03          433.242      
              518.77E-03         357.639      
              519.341E-03        276.762      
              519.912E-03        190.875      
              520.127E-03        158.13       
              520.448E-03        107.416      
              520.931E-03         27.9786     
              521.655E-03        -97.7131     
              522.379E-03       -228.562      
              523.104E-03       -363.551      
              523.376E-03       -414.463      
              523.784E-03       -492.008      
              524.397E-03       -610.254      
              525.316E-03       -789.365      
              526.697E-03         -1.05465E+03
              528.08E-03          -1.31043E+03
              529.464E-03         -1.55344E+03
              529.81E-03          -1.61268E+03
              530.33E-03          -1.69998E+03
              531.11E-03          -1.82685E+03
              532.281E-03         -2.00684E+03
              534.041E-03         -2.2546E+03 
              535.803E-03         -2.48223E+03
              537.568E-03         -2.69281E+03
              539.336E-03         -2.88727E+03
              539.778E-03         -2.93389E+03
              540.221E-03         -2.97977E+03
              540.885E-03         -3.04704E+03
              541.882E-03         -3.14309E+03
              543.379E-03         -3.27252E+03
              544.879E-03         -3.3833E+03 
              546.38E-03          -3.47272E+03
              547.884E-03         -3.53781E+03
              549.389E-03         -3.5757E+03 
              551.651E-03         -3.56498E+03
              553.918E-03         -3.48062E+03
              556.189E-03         -3.32354E+03
              556.758E-03         -3.27829E+03
              557.327E-03         -3.22909E+03
              558.18E-03          -3.14661E+03
              559.462E-03         -3.00293E+03
              560.745E-03         -2.83966E+03
              562.03E-03          -2.65896E+03
              563.316E-03         -2.46319E+03
              564.604E-03         -2.25476E+03
              565.893E-03         -2.03615E+03
              567.829E-03         -1.69415E+03
              569.769E-03         -1.3438E+03 
              571.711E-03       -992.043      
              573.657E-03       -644.458      
              575.607E-03       -305.273      
              576.094E-03       -219.972      
              576.582E-03       -135.634      
              577.315E-03        -11.5775     
              578.414E-03        169.66       
              580.065E-03        431.543      
              581.719E-03        684.727      
              583.374E-03        929.58       
              585.032E-03          1.16731E+03
              587.523E-03          1.51273E+03
              591.269E-03          2.02752E+03
              592.208E-03          2.15964E+03
              593.147E-03          2.29068E+03
              594.557E-03          2.48675E+03
              596.675E-03          2.78491E+03
              599.859E-03          3.24044E+03
              604.65E-03           3.89532E+03
              611.87E-03           4.58816E+03
              619.132E-03          4.83279E+03
              626.435E-03          4.58963E+03
              633.778E-03          3.94334E+03
              644.87E-03           2.5922E+03 
              656.051E-03          1.33199E+03
              667.323E-03        422.086      
              672.993E-03         82.4371     
              678.684E-03       -149.55       
              681.539E-03       -233.1        
              684.398E-03       -290.907      
              688.698E-03       -318.646      
              690.853E-03       -314.223      
              693.011E-03       -297.207      
              696.253E-03       -243.719      
              699.503E-03       -161.378      
              702.759E-03        -53.5767     
              706.022E-03         76.926      
              707.657E-03        149.3        
              709.293E-03        225.449      
              711.75E-03         348.093      
              712.672E-03        396.934      
              714.057E-03        471.528      
              716.136E-03        587.991      
              719.26E-03         772.53       
              720.825E-03        869.192      
              722.39E-03         966.769      
              724.742E-03          1.11451E+03
              725.625E-03          1.17161E+03
              726.95E-03           1.25645E+03
              728.94E-03           1.38307E+03
              731.929E-03          1.57085E+03
              734.924E-03          1.75527E+03
              736.423E-03          1.84762E+03
              737.924E-03          1.93715E+03
              740.178E-03          2.06471E+03
              741.024E-03          2.11299E+03
              742.293E-03          2.18221E+03
              744.2E-03            2.28002E+03
              744.915E-03          2.3169E+03 
              745.989E-03          2.36963E+03
              747.601E-03          2.44361E+03
              750.022E-03          2.54363E+03
              752.446E-03          2.63316E+03
              754.874E-03          2.71088E+03
              755.786E-03          2.73952E+03
              757.153E-03          2.777E+03  
              759.207E-03          2.82294E+03
              762.293E-03          2.87063E+03
              763.452E-03          2.88759E+03
              763.886E-03          2.89375E+03
              764.538E-03          2.90145E+03
              765.517E-03          2.91006E+03
              765.884E-03          2.91321E+03
              766.435E-03          2.91706E+03
              766.642E-03          2.91848E+03
              766.952E-03          2.92034E+03
              767.417E-03          2.92251E+03
              768.115E-03          2.92449E+03
              769.162E-03          2.92489E+03
              770.734E-03          2.92009E+03
              772.308E-03          2.91056E+03
              773.883E-03          2.89603E+03
              776.248E-03          2.86208E+03
              778.617E-03          2.81771E+03
              780.988E-03          2.76258E+03
              783.363E-03          2.69646E+03
              785.741E-03          2.61906E+03
              786.336E-03          2.60004E+03
              786.931E-03          2.57999E+03
              787.824E-03          2.54746E+03
              789.165E-03          2.49418E+03
              791.177E-03          2.40575E+03
              791.681E-03          2.38399E+03
              792.185E-03          2.3616E+03 
              792.94E-03           2.32641E+03
              794.074E-03          2.2707E+03 
              795.777E-03          2.18254E+03
              796.416E-03          2.1497E+03 
              797.375E-03          2.09891E+03
              798.814E-03          2.02075E+03
              799.354E-03          1.99182E+03
              800.164E-03          1.9479E+03 
              801.38E-03           1.88176E+03
              803.205E-03          1.78443E+03
              805.947E-03          1.64627E+03
              808.693E-03          1.51746E+03
              811.442E-03          1.39573E+03
              814.196E-03          1.27827E+03
              816.954E-03          1.16188E+03
              821.098E-03        978.632      
              825.251E-03        783.527      
              829.413E-03        573.602      
              833.584E-03        350.769      
              837.764E-03        119.978      
              838.811E-03         64.2246     
              839.858E-03          6.93716    
              841.429E-03        -81.0819     
              843.788E-03       -213.389      
              847.333E-03       -405.627      
              850.884E-03       -584.746      
              854.441E-03       -746.032      
              858.004E-03       -883.84       
              861.574E-03       -992.698      
              862.467E-03         -1.01623E+03
              863.361E-03         -1.0386E+03 
              864.702E-03         -1.06884E+03
              866.044E-03         -1.09428E+03
              867.387E-03         -1.11454E+03
              867.891E-03         -1.12101E+03
              868.647E-03         -1.12937E+03
              869.782E-03         -1.13849E+03
              871.485E-03         -1.14343E+03
              872.124E-03         -1.14333E+03
              873.083E-03         -1.1407E+03 
              874.522E-03         -1.13065E+03
              875.062E-03         -1.12548E+03
              875.872E-03         -1.11593E+03
              877.088E-03         -1.09727E+03
              878.913E-03         -1.05884E+03
              880.74E-03          -1.00932E+03
              882.568E-03       -949.255      
              883.94E-03        -898.093      
              885.313E-03       -841.55       
              886.687E-03       -779.67       
              888.062E-03       -712.553      
              889.437E-03       -640.361      
              890.814E-03       -563.294      
              892.191E-03       -481.576      
              893.57E-03        -395.451      
              894.949E-03       -305.178      
              896.329E-03       -211.03       
              897.71E-03        -113.294      
              899.783E-03         39.7556     
              901.858E-03        199.269      
              903.935E-03        363.892      
              906.014E-03        532.466      
              909.136E-03        789.71       
              912.262E-03          1.04977E+03
              915.393E-03          1.30868E+03
              917.744E-03          1.50147E+03
              920.097E-03          1.69028E+03
              922.453E-03          1.87418E+03
              924.812E-03          2.05204E+03
              925.697E-03          2.1187E+03 
              927.025E-03          2.21536E+03
              929.018E-03          2.35362E+03
              929.766E-03          2.40536E+03
              930.889E-03          2.48029E+03
              932.574E-03          2.58701E+03
              935.103E-03          2.73432E+03
              936.052E-03          2.78891E+03
              937.477E-03          2.86547E+03
              939.615E-03          2.96912E+03
              940.418E-03          3.00734E+03
              941.622E-03          3.06049E+03
              943.43E-03           3.13136E+03
              944.108E-03          3.1574E+03 
              945.125E-03          3.19327E+03
              946.653E-03          3.2403E+03 
              948.945E-03          3.29598E+03
              951.24E-03           3.33721E+03
              953.537E-03          3.36316E+03
              955.836E-03          3.37339E+03
              958.138E-03          3.36775E+03
              960.441E-03          3.34626E+03
              962.747E-03          3.30913E+03
              965.055E-03          3.25678E+03
              967.365E-03          3.18981E+03
              967.943E-03          3.17289E+03
              968.521E-03          3.1549E+03 
              969.388E-03          3.12536E+03
              970.69E-03           3.07619E+03
              972.643E-03          2.99312E+03
              973.376E-03          2.96146E+03
              974.476E-03          2.9108E+03 
              976.127E-03          2.82873E+03
              978.605E-03          2.6947E+03 
              979.535E-03          2.64408E+03
              980.93E-03           2.56442E+03
              983.025E-03          2.43891E+03
              983.811E-03          2.39191E+03
              984.99E-03           2.31947E+03
              986.761E-03          2.20787E+03
              987.425E-03          2.16629E+03
              988.421E-03          2.10297E+03
              989.917E-03          2.00672E+03
              990.478E-03          1.97095E+03
              991.319E-03          1.91687E+03
              992.583E-03          1.83532E+03
              994.478E-03          1.71341E+03
              995.19E-03           1.66849E+03
              996.257E-03          1.60106E+03
              997.859E-03          1.50074E+03
              998.46E-03           1.46379E+03
              999.362E-03          1.40857E+03
                1.00071            1.32676E+03
                1.00122            1.29662E+03
                1.00198            1.25171E+03
                1.00313            1.18528E+03
                1.00484            1.08864E+03
                1.00549            1.05341E+03
                1.00645            1.00134E+03
                1.0079           925.462      
                1.00844          897.763      
                1.00926          856.852      
                1.01048          797.205      
                1.01232          712.387      
                1.01416          633.004      
                1.016            558.837      
                1.01876          458.219      
                1.02152          369.43       
                1.02429          292.171      
                1.02706          226.676      
                1.02983          173.325      
                1.03261          132.305      
                1.03538          103.383      
                1.03817           85.8149     
                1.04095           78.4055     
                1.04374           79.679      
                1.04652           88.11       
                1.05071          111.789      
                1.05491          146.557      
                1.05911          191.037      
                1.06332          245.269      
                1.06753          309.306      
                1.07175          382.56       
                1.07598          463.644      
                1.08021          550.542      
                1.08127          574.247      
                1.08233          597.451      
                1.08392          631.525      
                1.0863           682.69       
                1.08869          734.615      
                1.09108          786.554      
                1.09347          837.995      
                1.09587          888.562      
                1.09826          937.943      
                1.10066          985.872      
                1.10306            1.03212E+03
                1.10366            1.0442E+03 
                1.10456            1.06157E+03
                1.10591            1.0863E+03 
                1.10794            1.12143E+03
                1.10997            1.15528E+03
                1.112              1.18751E+03
                1.11403            1.21786E+03
                1.11606            1.24619E+03
                1.11809            1.27236E+03
                1.12013            1.29624E+03
                1.12217            1.31772E+03
                1.1242             1.33668E+03
                1.12624            1.35303E+03
                1.12828            1.36668E+03
                1.13033            1.37751E+03
                1.13237            1.38546E+03
                1.13288            1.38772E+03
                1.13365            1.39038E+03
                1.1348             1.3929E+03 
                1.13652            1.39408E+03
                1.13911            1.39066E+03
                1.14171            1.38266E+03
                1.1443             1.36949E+03
                1.1469             1.35091E+03
                1.1495             1.32684E+03
                1.1534             1.27787E+03
                1.15438            1.26631E+03
                1.15535            1.25353E+03
                1.15682            1.23183E+03
                1.15902            1.19549E+03
                1.16232            1.13519E+03
                1.16294            1.12463E+03
                1.16356            1.11372E+03
                1.16449            1.09643E+03
                1.16588            1.06918E+03
                1.16798            1.02687E+03
                1.17007          984.199      
                1.17217          941.19       
                1.17426          897.925      
                1.17636          854.477      
                1.17951          788.347      
                1.1803           772.753      
                1.18109          756.892      
                1.18227          732.422      
                1.18271          723.383      
                1.18338          709.646      
                1.18363          704.539      
                1.184            696.829      
                1.18456          685.156      
                1.18541          667.504      
                1.18667          640.95       
                1.18857          601.356      
                1.19142          543.281      
                1.19427          487.642      
                1.19712          434.173      
                1.19997          382.517      
                1.20069          370.431      
                1.2014           358.223      
                1.20247          339.524      
                1.20408          311.214      
                1.20649          268.479      
                1.2074           253.105      
                1.20875          229.274      
                1.20926          220.492      
                1.21003          207.002      
                1.21118          186.169      
                1.2129           153.998      
                1.21548          104.706      
                1.21936           33.2339     
                1.22518          -54.9302     
                1.22736          -82.3382     
                1.23065         -118.27       
                1.23557         -156.424      
                1.23742         -166.629      
                1.23812         -169.982      
                1.23916         -175.034      
                1.24072         -181.965      
                1.24306         -189.969      
                1.24658         -196.435      
                1.2479          -196.923      
                1.24988         -197.097      
                1.25063         -196.568      
                1.25174         -195.658      
                1.25341         -193.482      
                1.25509         -189.831      
                1.25676         -184.673      
                1.25927         -173.787      
                1.26022         -168.533      
                1.26163         -159.993      
                1.26216         -156.428      
                1.26296         -150.884      
                1.26415         -141.911      
                1.26594         -126.335      
                1.26863          -97.1448     
                1.27267          -37.7206     
                1.27419          -11.7465     
                1.27646           31.4541     
                1.27987          109.583      
                1.28073          130.934      
                1.28158          152.952      
                1.28286          187.493      
                1.28478          243.82       
                1.28671          305.51       
                1.28863          372.559      
                1.29152          484.561      
                1.29585          677.224      
                1.30236            1.00443E+03
                1.30481            1.13382E+03
                1.30573            1.18305E+03
                1.3071             1.25686E+03
                1.30917            1.36804E+03
                1.30994            1.41026E+03
                1.3111             1.47337E+03
                1.31284            1.56732E+03
                1.31546            1.70523E+03
                1.31644            1.7571E+03 
                1.31791            1.83282E+03
                1.32012            1.94122E+03
                1.32095            1.98161E+03
                1.3222             2.03996E+03
                1.32406            2.12221E+03
                1.32686            2.2324E+03 
                1.32791            2.2725E+03 
                1.32949            2.32737E+03
                1.33008            2.34747E+03
                1.33097            2.37583E+03
                1.3323             2.41439E+03
                1.3343             2.46339E+03
                1.33505            2.48093E+03
                1.33617            2.50414E+03
                1.33786            2.53213E+03
                1.33954            2.55372E+03
                1.34123            2.56887E+03
                1.34292            2.57758E+03
                1.34461            2.57995E+03
                1.3463             2.57613E+03
                1.34799            2.56628E+03
                1.34968            2.5506E+03 
                1.35137            2.52932E+03
                1.35306            2.50261E+03
                1.35475            2.47069E+03
                1.35645            2.43372E+03
                1.35814            2.39184E+03
                1.36068            2.31792E+03
                1.3645             2.18373E+03
                1.36832            2.02847E+03
                1.37214            1.85412E+03
                1.37596            1.66413E+03
                1.37979            1.46277E+03
                1.38553            1.14765E+03
                1.39416          676.221      
                1.40713           28.3404     
                1.412           -199.063      
                1.41246         -219.679      
                1.41315         -250.831      
                1.41417         -297.929      
                1.41572         -368.168      
                1.41803         -470.752      
                1.4189          -508.331      
                1.4202          -563.931      
                1.42216         -645.054      
                1.42289         -674.793      
                1.42399         -718.737      
                1.42564         -782.823      
                1.42812         -873.904      
                1.43184         -997.469      
                1.43742           -1.14981E+03
                1.43777           -1.15858E+03
                1.43812           -1.16723E+03
                1.43864           -1.18011E+03
                1.43943           -1.19924E+03
                1.44061           -1.227E+03  
                1.44237           -1.26546E+03
                1.44503           -1.31501E+03
                1.44901           -1.37019E+03
                1.45499           -1.40757E+03
                1.46396           -1.35871E+03
                1.47746           -1.09369E+03
                1.49775         -518.77       
                1.50537         -285.682      
                1.51683           42.4839     
                1.52113          165.018      
                1.52274          210.529      
                1.52516          275.685      
                1.52607          300.132      
                1.52743          335.851      
                1.52948          387.647      
                1.53255          461.598      
                1.53561          531.954      
                1.53868          598.19       
                1.54329          686.865      
                1.55021          795.38       
                1.56059          900.854      
                1.5762           933.978      
                1.58792          896.769      
                1.59966          803.109      
                1.61142          667.11       
                1.6232           503.836      
                1.63498          329.095      
                1.64679          158.251      
                1.66452          -50.6894     
                1.69118         -210.207      
                1.73128         -239.844      
                1.79167         -238.73       
                1.79261         -233.232      
                1.79356         -229.491      
                1.79498         -227.473      
                1.79711         -227.072      
                1.8003          -227.341      
                1.80509         -228.084      
                1.81227         -230.665      
                1.82306         -240.719      
                1.83925         -267.84       
                1.86355         -311.471      
                1.90005         -350.731      
                1.95486         -373.922      
                2.03714         -423.016      
                2.06799         -449.232      
                2.11422         -495.477      
                2.13154         -517.4        
                2.13803         -526.12       
                2.14046         -529.457      
                2.14411         -533.664      
                2.14548         -535.448      
                2.14599         -536.137      
                2.14676         -537.092      
                2.14792         -538.436      
                2.14965         -540.38       
                2.15138         -542.365      
                2.15312         -544.367      
                2.15571         -547.255      
                2.15961         -550.951      
                2.16545         -551.521      
                2.17421         -545.867      
                2.18735         -558.158      
                2.20703         -601.208      
                2.23651         -634.093      
                2.28062         -640.38       
                2.29712         -648.162      
                2.32183         -646.916      
                2.32414         -652.002      
                2.32761         -653.365      
                2.32891         -653.966      
                2.33086         -654.134      
                2.33379         -654.014      
                2.33817         -653.755      
                2.34475         -653.517      
                2.3546          -654.345      
                2.36937         -656.456      
                2.39147         -653.566      
                2.42452         -644.078      
                2.47383         -640.152      
                2.54713         -635.503      
                2.57439         -655.032      
                2.58458         -662.274      
                2.59983         -654.501      
                2.60554         -656.819      
                2.61409         -651.44       
                2.61729         -652.196      
                2.61849         -652.657      
                2.62029         -651.923      
                2.62299         -649.943      
                2.624           -649.81       
                2.62552         -649.001      
                2.6278          -647.274      
                2.63007         -645.754      
                2.63234         -644.3        
                2.63575         -641.545      
                2.64086         -637.198      
                2.64851         -631.285      
                2.65615         -629.203      
                2.65996         -631.144      
                2.66377         -632.552      
                2.66758         -635.061      
                2.67138         -639.083      
                2.67519         -644.559      
                2.67899         -651.116      
                2.68278         -658.096      
                2.68657         -664.631      
                2.69036         -669.773      
                2.69415         -672.637      
                2.69793         -672.535      
                2.70171         -669.053      
                2.70549         -662.065      
                2.70926         -651.698      
                2.71303         -638.26       
                2.7168          -622.172      
                2.72056         -603.913      
                2.7262          -572.216      
                2.73464         -523.947      
                2.74307         -483.413      
                2.74938         -460.201      
                2.75567         -443.223      
                2.76196         -434.564      
                2.76824         -434.423      
                2.77451         -442.036      
                2.78077         -455.971      
                2.78701         -474.36       
                2.79013         -486.409      
                2.79325         -497.46       
                2.79792         -512.829      
                2.80259         -528.636      
                2.80724         -543.331      
                2.8119          -556.077      
                2.81277         -559.956      
                2.81364         -563.104      
                2.81495         -566.545      
                2.81691         -570.448      
                2.81984         -574.869      
                2.82278         -578.639      
                2.82571         -581.194      
                2.82864         -582.372      
                2.83157         -582.158      
                2.83449         -580.612      
                2.83742         -577.858      
                2.84179         -570.605      
                2.84617         -562.78       
                2.85054         -553.786      
                2.8549          -543.232      
                2.85925         -530.67       
                2.86361         -515.884      
                2.86795         -499.142      
                2.87229         -481.189      
                2.87662         -463.021      
                2.88095         -445.615      
                2.88527         -429.755      
                2.88959         -415.98       
                2.8939          -404.597      
                2.89551         -402.359      
                2.89793         -397.361      
                2.90156         -390.441      
                2.90292         -389.635      
                2.90496         -387.208      
                2.90801         -383.404      
                2.91258         -378.245      
                2.91715         -374.347      
                2.92057         -372.309      
                2.92399         -369.447      
                2.9274          -366.525      
                2.93081         -363.912      
                2.93422         -361.825      
                2.93762         -360.338      
                2.94102         -359.373      
                2.94441         -358.721      
                2.94949         -356.078      
                2.95457         -353.84       
                2.95963         -350.623      
                2.96469         -346.437      
                2.96973         -341.71       
                2.97477         -336.98       
                2.9798          -332.736      
                2.98482         -329.321      
                2.98982         -326.904      
                2.99482         -325.476      
                2.99981         -324.876      
                3.00168         -327.135      
                3.00448         -327.125      
                3.00868         -325.98       
                3.01496         -323.823      
                3.01809         -326.281      
                3.02122         -326.415      
                3.02591         -323.654      
                3.02767         -325.143      
                3.0303          -323.904      
                3.03424         -320.035      
                3.04014         -312.395      
                3.04603         -305.15       
                3.0519          -296.672      
                3.05776         -286.945      
                3.05995         -286.296      
                3.06323         -280.05       
                3.06815         -268.522      
                3.07551         -249.978      
                3.08285         -233.302      
                3.08834         -222.623      
                3.09381         -210.225      
                3.09927         -197.895      
                3.10472         -186.083      
                3.11015         -175.03       
                3.11557         -164.922      
                3.12097         -155.903      
                3.12637         -148.07       
                3.13443         -135.987      
                3.13845         -136.275      
                3.14246         -133.627      
                3.14846         -127.685      
                3.15071         -129.944      
                3.15407         -128.069      
                3.15911         -124.025      
                3.16287         -123.789      
                3.16851         -119.589      
                3.17062         -122.062      
                3.17379         -120.426      
                3.17852         -115.992      
                3.1856          -108.207      
                3.18913         -109.38       
                3.19265         -107.094      
                3.19792         -100.065      
                3.20317          -94.2666     
                3.20841          -88.061      
                3.21364          -81.2586     
                3.21885          -73.8838     
                3.22405          -66.0081     
                3.22923          -57.7289     
                3.23439          -49.1549     
                3.23954          -40.3937     
                3.24467          -31.5453     
                3.24851          -26.4821     
                3.25235          -20.0616     
                3.25617          -13.4846     
                3.25998           -6.96642    
                3.26569            5.0834     
                3.26782            4.75774    
                3.27102           10.318      
                3.2758            20.2113     
                3.27759           19.9627     
                3.28027           24.2973     
                3.28428           32.2883     
                3.29028           44.0797     
                3.29252           43.0654     
                3.29588           48.2665     
                3.30091           57.7093     
                3.30279           56.8823     
                3.3056            60.9577     
                3.30666           60.7918     
                3.30824           62.7573     
                3.31061           66.9907     
                3.31415           73.6152     
                3.31548           73.2659     
                3.31747           75.8702     
                3.32045           81.2788     
                3.32156           81.1267     
                3.32323           83.2589     
                3.32574           87.8434     
                3.32667           87.8748     
                3.32808           89.6555     
                3.33018           93.5539     
                3.33333           99.8286     
                3.33412           99.125      
                3.33491           99.2454     
                3.33609          100.907      
                3.33785          104.348      
                3.3405           109.763      
                3.34149          109.84       
                3.34297          111.889      
                3.3452           116.208      
                3.34853          122.971      
                3.34978          122.764      
                3.35164          125.43       
                3.35444          130.884      
                3.35723          135.217      
                3.35793          134.49       
                3.35863          134.486      
                3.35967          135.833      
                3.36124          138.795      
                3.36358          143.501      
                3.36709          150.5        
                3.37233          160.489      
                3.38016          170.422      
                3.39182          165.91       
                3.4091           155.18       
                3.41338          130.842      
                3.41445          124.292      
                3.41552          121.374      
                3.41712          120.435      
                3.41872          119.799      
                3.42031          119.397      
                3.4227           120.866      
                3.42628          126.133      
                3.43162          140.575      
                3.43958          171.743      
                3.44749          200.885      
                3.45535          226.156      
                3.46703          255.62       
                3.48431          283.221      
                3.5097           311.236      
                3.51905          285.943      
                3.52253          275.932      
                3.52384          272.18       
                3.52579          273.088      
                3.52652          272.128      
                3.52762          272.534      
                3.52925          274.437      
                3.53171          277.729      
                3.53416          279.686      
                3.5366           281.507      
                3.54025          286.706      
                3.5457           294.406      
                3.5538           301.904      
                3.56582          304.513      
                3.58354          307.178      
                3.60938          326.587      
                3.61176          281.201      
                3.61531          277.652      
                3.61664          274.234      
                3.61863          275.779      
                3.6216           280.725      
                3.62455          284.621      
                3.6275           289.401      
                3.6286           288.185      
                3.63025          291.5        
                3.63087          291.467      
                3.63179          293.297      
                3.63318          297.591      
                3.6337           298.024      
                3.63447          299.83       
                3.63564          303.659      
                3.63738          309.784      
                3.63803          310.212      
                3.63901          312.481      
                3.64048          316.735      
                3.64266          321.918      
                3.64594          325.259      
                3.64919          321.826      
                3.65243          314.34       
                3.65565          303.69       
                3.65806          292.462      
                3.66045          281.596      
                3.66284          270.298      
                3.66522          258.978      
                3.66759          248.391      
                3.66995          239.379      
                3.67171          232.599      
                3.67347          228.378      
                3.67523          226.167      
                3.67698          225.923      
                3.67872          227.667      
                3.68046          231.357      
                3.68219          236.876      
                3.68478          250.671      
                3.68865          277.193      
                3.69439          319.405      
                3.7029           363.807      
                3.71542          385.661      
                3.73364          370.058      
                3.75972          308.875      
                3.79602          225.18       
                3.80876          133.199      
                3.80993           98.3826     
                3.81037           90.6385     
                3.81103           87.4931     
                3.81201           87.4177     
                3.81237           86.2903     
                3.81251           85.729      
                3.81272           85.1671     
                3.81303           84.8444     
                3.81349           84.9869     
                3.81395           85.0638     
                3.81441           85.0679     
                3.81511           85.6263     
                3.81614           86.965      
                3.81769           90.1576     
                3.81999          102.137      
                3.82341          133.041      
                3.82848          156.604      
                3.83592          138.25       
                3.84672          110.921      
                3.86211           83.5366     
                3.88342           18.0154     
                3.91147          -91.6076     
                3.94514         -242.303      
                3.97847         -405.271      
                3.99835         -463.167      
                4.              -414.649      





                  X                  uf       

                0.                -0.         
               39.94E-09         118.044E-03  
              319.041E-09        563.669E-03  
                1.70601E-06        1.36492    
                7.53894E-06        2.9768     
               29.9775E-06         5.96433    
              111.812E-06         11.2694     
              399.954E-06         21.2799     
                1.38837E-03       43.6767     
                4.70264E-03      103.482      
               15.5512E-03       279.1        
               49.9952E-03       809.476      
              154.626E-03          2.38568E+03
              212.548E-03          3.34083E+03
              319.557E-03          4.8589E+03 
              365.934E-03          5.626E+03  
              384.196E-03          5.9101E+03 
              412.475E-03          6.26248E+03
              423.352E-03          6.44568E+03
              424.379E-03          6.47541E+03
              425.922E-03          6.50119E+03
              426.502E-03          6.51064E+03
              427.372E-03          6.52256E+03
              428.678E-03          6.53905E+03
              429.169E-03          6.54616E+03
              429.905E-03          6.55607E+03
              431.011E-03          6.57014E+03
              432.119E-03          6.58456E+03
              432.396E-03          6.58874E+03
              432.673E-03          6.59284E+03
              433.089E-03          6.59865E+03
              433.713E-03          6.60684E+03
              434.338E-03          6.615E+03  
              434.806E-03          6.62131E+03
              435.276E-03          6.62759E+03
              435.745E-03          6.63385E+03
              436.215E-03          6.64009E+03
              436.684E-03          6.64632E+03
              437.155E-03          6.65255E+03
              437.625E-03          6.65878E+03
              438.096E-03          6.665E+03  
              438.567E-03          6.67123E+03
              439.273E-03          6.68028E+03
              439.981E-03          6.68946E+03
              440.689E-03          6.69872E+03
              441.398E-03          6.708E+03  
              442.107E-03          6.71727E+03
              442.817E-03          6.72652E+03
              443.527E-03          6.73573E+03
              444.238E-03          6.7449E+03 
              444.95E-03           6.75403E+03
              445.662E-03          6.76309E+03
              446.375E-03          6.7721E+03 
              447.088E-03          6.78105E+03
              447.802E-03          6.78994E+03
              448.517E-03          6.79876E+03
              449.232E-03          6.80752E+03
              449.948E-03          6.81622E+03
              450.664E-03          6.82487E+03
              451.381E-03          6.83347E+03
              452.457E-03          6.84568E+03
              453.535E-03          6.85796E+03
              454.614E-03          6.86991E+03
              455.694E-03          6.88103E+03
              455.965E-03          6.88425E+03
              456.235E-03          6.88733E+03
              456.641E-03          6.89144E+03
              457.25E-03           6.89657E+03
              458.164E-03          6.90207E+03
              459.079E-03          6.9054E+03 
              459.995E-03          6.90558E+03
              460.912E-03          6.90149E+03
              461.83E-03           6.89196E+03
              462.749E-03          6.87576E+03
              463.669E-03          6.85171E+03
              464.129E-03          6.83798E+03
              464.59E-03           6.82188E+03
              465.281E-03          6.79174E+03
              465.973E-03          6.75578E+03
              466.665E-03          6.71382E+03
              467.358E-03          6.66577E+03
              468.051E-03          6.61169E+03
              468.745E-03          6.5518E+03 
              469.439E-03          6.48649E+03
              470.134E-03          6.41631E+03
              470.829E-03          6.34194E+03
              471.525E-03          6.26416E+03
              472.222E-03          6.18378E+03
              472.919E-03          6.10159E+03
              473.093E-03          6.08115E+03
              473.267E-03          6.06061E+03
              473.529E-03          6.02954E+03
              473.921E-03          5.9825E+03 
              474.069E-03          5.96491E+03
              474.29E-03           5.93841E+03
              474.621E-03          5.89853E+03
              475.118E-03          5.83862E+03
              475.865E-03          5.74912E+03
              476.612E-03          5.66037E+03
              477.36E-03           5.572E+03  
              478.109E-03          5.48343E+03
              478.858E-03          5.39399E+03
              479.607E-03          5.30299E+03
              480.357E-03          5.20982E+03
              481.108E-03          5.11399E+03
              481.86E-03           5.01517E+03
              482.612E-03          4.91325E+03
              483.364E-03          4.80825E+03
              484.117E-03          4.70033E+03
              484.871E-03          4.58967E+03
              485.625E-03          4.4764E+03 
              486.38E-03           4.36053E+03
              487.136E-03          4.24185E+03
              487.419E-03          4.19722E+03
              487.845E-03          4.12907E+03
              488.483E-03          4.02389E+03
              489.442E-03          3.85853E+03
              490.881E-03          3.59027E+03
              492.323E-03          3.30239E+03
              492.683E-03          3.22996E+03
              493.044E-03          3.15616E+03
              493.586E-03          3.04235E+03
              494.399E-03          2.86642E+03
              494.704E-03          2.8002E+03 
              495.161E-03          2.69969E+03
              495.848E-03          2.54776E+03
              496.106E-03          2.49098E+03
              496.493E-03          2.40583E+03
              497.073E-03          2.27921E+03
              497.944E-03          2.09547E+03
              499.253E-03          1.84459E+03
              500.563E-03          1.62691E+03
              501.874E-03          1.44639E+03
              503.188E-03          1.30366E+03
              504.503E-03          1.19615E+03
              504.996E-03          1.16132E+03
              505.737E-03          1.11806E+03
              506.85E-03           1.06996E+03
              508.52E-03           1.019E+03  
              510.194E-03        971.697      
              510.613E-03        960.751      
              511.032E-03        949.164      
              511.661E-03        929.194      
              511.897E-03        921.527      
              512.25E-03         908.953      
              512.782E-03        887.283      
              513.313E-03        862.613      
              513.845E-03        834.539      
              514.643E-03        783.225      
              515.841E-03        683.129      
              516.141E-03        657.206      
              516.441E-03        629.744      
              516.891E-03        584.821      
              517.566E-03        509.116      
              517.82E-03         479.819      
              518.2E-03          433.242      
              518.77E-03         357.639      
              519.341E-03        276.762      
              519.912E-03        190.875      
              520.127E-03        158.13       
              520.448E-03        107.416      
              520.931E-03         27.9786     
              521.655E-03        -97.7131     
              522.379E-03       -228.562      
              523.104E-03       -363.551      
              523.376E-03       -414.463      
              523.784E-03       -492.008      
              524.397E-03       -610.254      
              525.316E-03       -789.365      
              526.697E-03         -1.05465E+03
              528.08E-03          -1.31043E+03
              529.464E-03         -1.55344E+03
              529.81E-03          -1.61268E+03
              530.33E-03          -1.69998E+03
              531.11E-03          -1.82685E+03
              532.281E-03         -2.00684E+03
              534.041E-03         -2.2546E+03 
              535.803E-03         -2.48223E+03
              537.568E-03         -2.69281E+03
              539.336E-03         -2.88727E+03
              539.778E-03         -2.93389E+03
              540.221E-03         -2.97977E+03
              540.885E-03         -3.04704E+03
              541.882E-03         -3.14309E+03
              543.379E-03         -3.27252E+03
              544.879E-03         -3.3833E+03 
              546.38E-03          -3.47272E+03
              547.884E-03         -3.53781E+03
              549.389E-03         -3.5757E+03 
              551.651E-03         -3.56498E+03
              553.918E-03         -3.48062E+03
              556.189E-03         -3.32354E+03
              556.758E-03         -3.27829E+03
              557.327E-03         -3.22909E+03
              558.18E-03          -3.14661E+03
              559.462E-03         -3.00293E+03
              560.745E-03         -2.83966E+03
              562.03E-03          -2.65896E+03
              563.316E-03         -2.46319E+03
              564.604E-03         -2.25476E+03
              565.893E-03         -2.03615E+03
              567.829E-03         -1.69415E+03
              569.769E-03         -1.3438E+03 
              571.711E-03       -992.043      
              573.657E-03       -644.458      
              575.607E-03       -305.273      
              576.094E-03       -219.972      
              576.582E-03       -135.634      
              577.315E-03        -11.5775     
              578.414E-03        169.66       
              580.065E-03        431.543      
              581.719E-03        684.727      
              583.374E-03        929.58       
              585.032E-03          1.16731E+03
              587.523E-03          1.51273E+03
              591.269E-03          2.02752E+03
              592.208E-03          2.15964E+03
              593.147E-03          2.29068E+03
              594.557E-03          2.48675E+03
              596.675E-03          2.78491E+03
              599.859E-03          3.24044E+03
              604.65E-03           3.89532E+03
              611.87E-03           4.58816E+03
              619.132E-03          4.83279E+03
              626.435E-03          4.58963E+03
              633.778E-03          3.94334E+03
              644.87E-03           2.5922E+03 
              656.051E-03          1.33199E+03
              667.323E-03        422.086      
              672.993E-03         82.4371     
              678.684E-03       -149.55       
              681.539E-03       -233.1        
              684.398E-03       -290.907      
              688.698E-03       -318.646      
              690.853E-03       -314.223      
              693.011E-03       -297.207      
              696.253E-03       -243.719      
              699.503E-03       -161.378      
              702.759E-03        -53.5767     
              706.022E-03         76.926      
              707.657E-03        149.3        
              709.293E-03        225.449      
              711.75E-03         348.093      
              712.672E-03        396.934      
              714.057E-03        471.528      
              716.136E-03        587.991      
              719.26E-03         772.53       
              720.825E-03        869.192      
              722.39E-03         966.769      
              724.742E-03          1.11451E+03
              725.625E-03          1.17161E+03
              726.95E-03           1.25645E+03
              728.94E-03           1.38307E+03
              731.929E-03          1.57085E+03
              734.924E-03          1.75527E+03
              736.423E-03          1.84762E+03
              737.924E-03          1.93715E+03
              740.178E-03          2.06471E+03
              741.024E-03          2.11299E+03
              742.293E-03          2.18221E+03
              744.2E-03            2.28002E+03
              744.915E-03          2.3169E+03 
              745.989E-03          2.36963E+03
              747.601E-03          2.44361E+03
              750.022E-03          2.54363E+03
              752.446E-03          2.63316E+03
              754.874E-03          2.71088E+03
              755.786E-03          2.73952E+03
              757.153E-03          2.777E+03  
              759.207E-03          2.82294E+03
              762.293E-03          2.87063E+03
              763.452E-03          2.88759E+03
              763.886E-03          2.89375E+03
              764.538E-03          2.90145E+03
              765.517E-03          2.91006E+03
              765.884E-03          2.91321E+03
              766.435E-03          2.91706E+03
              766.642E-03          2.91848E+03
              766.952E-03          2.92034E+03
              767.417E-03          2.92251E+03
              768.115E-03          2.92449E+03
              769.162E-03          2.92489E+03
              770.734E-03          2.92009E+03
              772.308E-03          2.91056E+03
              773.883E-03          2.89603E+03
              776.248E-03          2.86208E+03
              778.617E-03          2.81771E+03
              780.988E-03          2.76258E+03
              783.363E-03          2.69646E+03
              785.741E-03          2.61906E+03
              786.336E-03          2.60004E+03
              786.931E-03          2.57999E+03
              787.824E-03          2.54746E+03
              789.165E-03          2.49418E+03
              791.177E-03          2.40575E+03
              791.681E-03          2.38399E+03
              792.185E-03          2.3616E+03 
              792.94E-03           2.32641E+03
              794.074E-03          2.2707E+03 
              795.777E-03          2.18254E+03
              796.416E-03          2.1497E+03 
              797.375E-03          2.09891E+03
              798.814E-03          2.02075E+03
              799.354E-03          1.99182E+03
              800.164E-03          1.9479E+03 
              801.38E-03           1.88176E+03
              803.205E-03          1.78443E+03
              805.947E-03          1.64627E+03
              808.693E-03          1.51746E+03
              811.442E-03          1.39573E+03
              814.196E-03          1.27827E+03
              816.954E-03          1.16188E+03
              821.098E-03        978.632      
              825.251E-03        783.527      
              829.413E-03        573.602      
              833.584E-03        350.769      
              837.764E-03        119.978      
              838.811E-03         64.2246     
              839.858E-03          6.93716    
              841.429E-03        -81.0819     
              843.788E-03       -213.389      
              847.333E-03       -405.627      
              850.884E-03       -584.746      
              854.441E-03       -746.032      
              858.004E-03       -883.84       
              861.574E-03       -992.698      
              862.467E-03         -1.01623E+03
              863.361E-03         -1.0386E+03 
              864.702E-03         -1.06884E+03
              866.044E-03         -1.09428E+03
              867.387E-03         -1.11454E+03
              867.891E-03         -1.12101E+03
              868.647E-03         -1.12937E+03
              869.782E-03         -1.13849E+03
              871.485E-03         -1.14343E+03
              872.124E-03         -1.14333E+03
              873.083E-03         -1.1407E+03 
              874.522E-03         -1.13065E+03
              875.062E-03         -1.12548E+03
              875.872E-03         -1.11593E+03
              877.088E-03         -1.09727E+03
              878.913E-03         -1.05884E+03
              880.74E-03          -1.00932E+03
              882.568E-03       -949.255      
              883.94E-03        -898.093      
              885.313E-03       -841.55       
              886.687E-03       -779.67       
              888.062E-03       -712.553      
              889.437E-03       -640.361      
              890.814E-03       -563.294      
              892.191E-03       -481.576      
              893.57E-03        -395.451      
              894.949E-03       -305.178      
              896.329E-03       -211.03       
              897.71E-03        -113.294      
              899.783E-03         39.7556     
              901.858E-03        199.269      
              903.935E-03        363.892      
              906.014E-03        532.466      
              909.136E-03        789.71       
              912.262E-03          1.04977E+03
              915.393E-03          1.30868E+03
              917.744E-03          1.50147E+03
              920.097E-03          1.69028E+03
              922.453E-03          1.87418E+03
              924.812E-03          2.05204E+03
              925.697E-03          2.1187E+03 
              927.025E-03          2.21536E+03
              929.018E-03          2.35362E+03
              929.766E-03          2.40536E+03
              930.889E-03          2.48029E+03
              932.574E-03          2.58701E+03
              935.103E-03          2.73432E+03
              936.052E-03          2.78891E+03
              937.477E-03          2.86547E+03
              939.615E-03          2.96912E+03
              940.418E-03          3.00734E+03
              941.622E-03          3.06049E+03
              943.43E-03           3.13136E+03
              944.108E-03          3.1574E+03 
              945.125E-03          3.19327E+03
              946.653E-03          3.2403E+03 
              948.945E-03          3.29598E+03
              951.24E-03           3.33721E+03
              953.537E-03          3.36316E+03
              955.836E-03          3.37339E+03
              958.138E-03          3.36775E+03
              960.441E-03          3.34626E+03
              962.747E-03          3.30913E+03
              965.055E-03          3.25678E+03
              967.365E-03          3.18981E+03
              967.943E-03          3.17289E+03
              968.521E-03          3.1549E+03 
              969.388E-03          3.12536E+03
              970.69E-03           3.07619E+03
              972.643E-03          2.99312E+03
              973.376E-03          2.96146E+03
              974.476E-03          2.9108E+03 
              976.127E-03          2.82873E+03
              978.605E-03          2.6947E+03 
              979.535E-03          2.64408E+03
              980.93E-03           2.56442E+03
              983.025E-03          2.43891E+03
              983.811E-03          2.39191E+03
              984.99E-03           2.31947E+03
              986.761E-03          2.20787E+03
              987.425E-03          2.16629E+03
              988.421E-03          2.10297E+03
              989.917E-03          2.00672E+03
              990.478E-03          1.97095E+03
              991.319E-03          1.91687E+03
              992.583E-03          1.83532E+03
              994.478E-03          1.71341E+03
              995.19E-03           1.66849E+03
              996.257E-03          1.60106E+03
              997.859E-03          1.50074E+03
              998.46E-03           1.46379E+03
              999.362E-03          1.40857E+03
                1.00071            1.32676E+03
                1.00122            1.29662E+03
                1.00198            1.25171E+03
                1.00313            1.18528E+03
                1.00484            1.08864E+03
                1.00549            1.05341E+03
                1.00645            1.00134E+03
                1.0079           925.462      
                1.00844          897.763      
                1.00926          856.852      
                1.01048          797.205      
                1.01232          712.387      
                1.01416          633.004      
                1.016            558.837      
                1.01876          458.219      
                1.02152          369.43       
                1.02429          292.171      
                1.02706          226.676      
                1.02983          173.325      
                1.03261          132.305      
                1.03538          103.383      
                1.03817           85.8149     
                1.04095           78.4055     
                1.04374           79.679      
                1.04652           88.11       
                1.05071          111.789      
                1.05491          146.557      
                1.05911          191.037      
                1.06332          245.269      
                1.06753          309.306      
                1.07175          382.56       
                1.07598          463.644      
                1.08021          550.542      
                1.08127          574.247      
                1.08233          597.451      
                1.08392          631.525      
                1.0863           682.69       
                1.08869          734.615      
                1.09108          786.554      
                1.09347          837.995      
                1.09587          888.562      
                1.09826          937.943      
                1.10066          985.872      
                1.10306            1.03212E+03
                1.10366            1.0442E+03 
                1.10456            1.06157E+03
                1.10591            1.0863E+03 
                1.10794            1.12143E+03
                1.10997            1.15528E+03
                1.112              1.18751E+03
                1.11403            1.21786E+03
                1.11606            1.24619E+03
                1.11809            1.27236E+03
                1.12013            1.29624E+03
                1.12217            1.31772E+03
                1.1242             1.33668E+03
                1.12624            1.35303E+03
                1.12828            1.36668E+03
                1.13033            1.37751E+03
                1.13237            1.38546E+03
                1.13288            1.38772E+03
                1.13365            1.39038E+03
                1.1348             1.3929E+03 
                1.13652            1.39408E+03
                1.13911            1.39066E+03
                1.14171            1.38266E+03
                1.1443             1.36949E+03
                1.1469             1.35091E+03
                1.1495             1.32684E+03
                1.1534             1.27787E+03
                1.15438            1.26631E+03
                1.15535            1.25353E+03
                1.15682            1.23183E+03
                1.15902            1.19549E+03
                1.16232            1.13519E+03
                1.16294            1.12463E+03
                1.16356            1.11372E+03
                1.16449            1.09643E+03
                1.16588            1.06918E+03
                1.16798            1.02687E+03
                1.17007          984.199      
                1.17217          941.19       
                1.17426          897.925      
                1.17636          854.477      
                1.17951          788.347      
                1.1803           772.753      
                1.18109          756.892      
                1.18227          732.422      
                1.18271          723.383      
                1.18338          709.646      
                1.18363          704.539      
                1.184            696.829      
                1.18456          685.156      
                1.18541          667.504      
                1.18667          640.95       
                1.18857          601.356      
                1.19142          543.281      
                1.19427          487.642      
                1.19712          434.173      
                1.19997          382.517      
                1.20069          370.431      
                1.2014           358.223      
                1.20247          339.524      
                1.20408          311.214      
                1.20649          268.479      
                1.2074           253.105      
                1.20875          229.274      
                1.20926          220.492      
                1.21003          207.002      
                1.21118          186.169      
                1.2129           153.998      
                1.21548          104.706      
                1.21936           33.2339     
                1.22518          -54.9302     
                1.22736          -82.3382     
                1.23065         -118.27       
                1.23557         -156.424      
                1.23742         -166.629      
                1.23812         -169.982      
                1.23916         -175.034      
                1.24072         -181.965      
                1.24306         -189.969      
                1.24658         -196.435      
                1.2479          -196.923      
                1.24988         -197.097      
                1.25063         -196.568      
                1.25174         -195.658      
                1.25341         -193.482      
                1.25509         -189.831      
                1.25676         -184.673      
                1.25927         -173.787      
                1.26022         -168.533      
                1.26163         -159.993      
                1.26216         -156.428      
                1.26296         -150.884      
                1.26415         -141.911      
                1.26594         -126.335      
                1.26863          -97.1448     
                1.27267          -37.7206     
                1.27419          -11.7465     
                1.27646           31.4541     
                1.27987          109.583      
                1.28073          130.934      
                1.28158          152.952      
                1.28286          187.493      
                1.28478          243.82       
                1.28671          305.51       
                1.28863          372.559      
                1.29152          484.561      
                1.29585          677.224      
                1.30236            1.00443E+03
                1.30481            1.13382E+03
                1.30573            1.18305E+03
                1.3071             1.25686E+03
                1.30917            1.36804E+03
                1.30994            1.41026E+03
                1.3111             1.47337E+03
                1.31284            1.56732E+03
                1.31546            1.70523E+03
                1.31644            1.7571E+03 
                1.31791            1.83282E+03
                1.32012            1.94122E+03
                1.32095            1.98161E+03
                1.3222             2.03996E+03
                1.32406            2.12221E+03
                1.32686            2.2324E+03 
                1.32791            2.2725E+03 
                1.32949            2.32737E+03
                1.33008            2.34747E+03
                1.33097            2.37583E+03
                1.3323             2.41439E+03
                1.3343             2.46339E+03
                1.33505            2.48093E+03
                1.33617            2.50414E+03
                1.33786            2.53213E+03
                1.33954            2.55372E+03
                1.34123            2.56887E+03
                1.34292            2.57758E+03
                1.34461            2.57995E+03
                1.3463             2.57613E+03
                1.34799            2.56628E+03
                1.34968            2.5506E+03 
                1.35137            2.52932E+03
                1.35306            2.50261E+03
                1.35475            2.47069E+03
                1.35645            2.43372E+03
                1.35814            2.39184E+03
                1.36068            2.31792E+03
                1.3645             2.18373E+03
                1.36832            2.02847E+03
                1.37214            1.85412E+03
                1.37596            1.66413E+03
                1.37979            1.46277E+03
                1.38553            1.14765E+03
                1.39416          676.221      
                1.40713           28.3404     
                1.412           -199.063      
                1.41246         -219.679      
                1.41315         -250.831      
                1.41417         -297.929      
                1.41572         -368.168      
                1.41803         -470.752      
                1.4189          -508.331      
                1.4202          -563.931      
                1.42216         -645.054      
                1.42289         -674.793      
                1.42399         -718.737      
                1.42564         -782.823      
                1.42812         -873.904      
                1.43184         -997.469      
                1.43742           -1.14981E+03
                1.43777           -1.15858E+03
                1.43812           -1.16723E+03
                1.43864           -1.18011E+03
                1.43943           -1.19924E+03
                1.44061           -1.227E+03  
                1.44237           -1.26546E+03
                1.44503           -1.31501E+03
                1.44901           -1.37019E+03
                1.45499           -1.40757E+03
                1.46396           -1.35871E+03
                1.47746           -1.09369E+03
                1.49775         -518.77       
                1.50537         -285.682      
                1.51683           42.4839     
                1.52113          165.018      
                1.52274          210.529      
                1.52516          275.685      
                1.52607          300.132      
                1.52743          335.851      
                1.52948          387.647      
                1.53255          461.598      
                1.53561          531.954      
                1.53868          598.19       
                1.54329          686.865      
                1.55021          795.38       
                1.56059          900.854      
                1.5762           933.978      
                1.58792          896.769      
                1.59966          803.109      
                1.61142          667.11       
                1.6232           503.836      
                1.63498          329.095      
                1.64679          158.251      
                1.66452          -50.6894     
                1.69118         -210.207      
                1.73128         -239.844      
                1.79167         -238.73       
                1.79261         -233.232      
                1.79356         -229.491      
                1.79498         -227.473      
                1.79711         -227.072      
                1.8003          -227.341      
                1.80509         -228.084      
                1.81227         -230.665      
                1.82306         -240.719      
                1.83925         -267.84       
                1.86355         -311.471      
                1.90005         -350.731      
                1.95486         -373.922      
                2.03714         -423.016      
                2.06799         -449.232      
                2.11422         -495.477      
                2.13154         -517.4        
                2.13803         -526.12       
                2.14046         -529.457      
                2.14411         -533.664      
                2.14548         -535.448      
                2.14599         -536.137      
                2.14676         -537.092      
                2.14792         -538.436      
                2.14965         -540.38       
                2.15138         -542.365      
                2.15312         -544.367      
                2.15571         -547.255      
                2.15961         -550.951      
                2.16545         -551.521      
                2.17421         -545.867      
                2.18735         -558.158      
                2.20703         -601.208      
                2.23651         -634.093      
                2.28062         -640.38       
                2.29712         -648.162      
                2.32183         -646.916      
                2.32414         -652.002      
                2.32761         -653.365      
                2.32891         -653.966      
                2.33086         -654.134      
                2.33379         -654.014      
                2.33817         -653.755      
                2.34475         -653.517      
                2.3546          -654.345      
                2.36937         -656.456      
                2.39147         -653.566      
                2.42452         -644.078      
                2.47383         -640.152      
                2.54713         -635.503      
                2.57439         -655.032      
                2.58458         -662.274      
                2.59983         -654.501      
                2.60554         -656.819      
                2.61409         -651.44       
                2.61729         -652.196      
                2.61849         -652.657      
                2.62029         -651.923      
                2.62299         -649.943      
                2.624           -649.81       
                2.62552         -649.001      
                2.6278          -647.274      
                2.63007         -645.754      
                2.63234         -644.3        
                2.63575         -641.545      
                2.64086         -637.198      
                2.64851         -631.285      
                2.65615         -629.203      
                2.65996         -631.144      
                2.66377         -632.552      
                2.66758         -635.061      
                2.67138         -639.083      
                2.67519         -644.559      
                2.67899         -651.116      
                2.68278         -658.096      
                2.68657         -664.631      
                2.69036         -669.773      
                2.69415         -672.637      
                2.69793         -672.535      
                2.70171         -669.053      
                2.70549         -662.065      
                2.70926         -651.698      
                2.71303         -638.26       
                2.7168          -622.172      
                2.72056         -603.913      
                2.7262          -572.216      
                2.73464         -523.947      
                2.74307         -483.413      
                2.74938         -460.201      
                2.75567         -443.223      
                2.76196         -434.564      
                2.76824         -434.423      
                2.77451         -442.036      
                2.78077         -455.971      
                2.78701         -474.36       
                2.79013         -486.409      
                2.79325         -497.46       
                2.79792         -512.829      
                2.80259         -528.636      
                2.80724         -543.331      
                2.8119          -556.077      
                2.81277         -559.956      
                2.81364         -563.104      
                2.81495         -566.545      
                2.81691         -570.448      
                2.81984         -574.869      
                2.82278         -578.639      
                2.82571         -581.194      
                2.82864         -582.372      
                2.83157         -582.158      
                2.83449         -580.612      
                2.83742         -577.858      
                2.84179         -570.605      
                2.84617         -562.78       
                2.85054         -553.786      
                2.8549          -543.232      
                2.85925         -530.67       
                2.86361         -515.884      
                2.86795         -499.142      
                2.87229         -481.189      
                2.87662         -463.021      
                2.88095         -445.615      
                2.88527         -429.755      
                2.88959         -415.98       
                2.8939          -404.597      
                2.89551         -402.359      
                2.89793         -397.361      
                2.90156         -390.441      
                2.90292         -389.635      
                2.90496         -387.208      
                2.90801         -383.404      
                2.91258         -378.245      
                2.91715         -374.347      
                2.92057         -372.309      
                2.92399         -369.447      
                2.9274          -366.525      
                2.93081         -363.912      
                2.93422         -361.825      
                2.93762         -360.338      
                2.94102         -359.373      
                2.94441         -358.721      
                2.94949         -356.078      
                2.95457         -353.84       
                2.95963         -350.623      
                2.96469         -346.437      
                2.96973         -341.71       
                2.97477         -336.98       
                2.9798          -332.736      
                2.98482         -329.321      
                2.98982         -326.904      
                2.99482         -325.476      
                2.99981         -324.876      
                3.00168         -327.135      
                3.00448         -327.125      
                3.00868         -325.98       
                3.01496         -323.823      
                3.01809         -326.281      
                3.02122         -326.415      
                3.02591         -323.654      
                3.02767         -325.143      
                3.0303          -323.904      
                3.03424         -320.035      
                3.04014         -312.395      
                3.04603         -305.15       
                3.0519          -296.672      
                3.05776         -286.945      
                3.05995         -286.296      
                3.06323         -280.05       
                3.06815         -268.522      
                3.07551         -249.978      
                3.08285         -233.302      
                3.08834         -222.623      
                3.09381         -210.225      
                3.09927         -197.895      
                3.10472         -186.083      
                3.11015         -175.03       
                3.11557         -164.922      
                3.12097         -155.903      
                3.12637         -148.07       
                3.13443         -135.987      
                3.13845         -136.275      
                3.14246         -133.627      
                3.14846         -127.685      
                3.15071         -129.944      
                3.15407         -128.069      
                3.15911         -124.025      
                3.16287         -123.789      
                3.16851         -119.589      
                3.17062         -122.062      
                3.17379         -120.426      
                3.17852         -115.992      
                3.1856          -108.207      
                3.18913         -109.38       
                3.19265         -107.094      
                3.19792         -100.065      
                3.20317          -94.2666     
                3.20841          -88.061      
                3.21364          -81.2586     
                3.21885          -73.8838     
                3.22405          -66.0081     
                3.22923          -57.7289     
                3.23439          -49.1549     
                3.23954          -40.3937     
                3.24467          -31.5453     
                3.24851          -26.4821     
                3.25235          -20.0616     
                3.25617          -13.4846     
                3.25998           -6.96642    
                3.26569            5.0834     
                3.26782            4.75774    
                3.27102           10.318      
                3.2758            20.2113     
                3.27759           19.9627     
                3.28027           24.2973     
                3.28428           32.2883     
                3.29028           44.0797     
                3.29252           43.0654     
                3.29588           48.2665     
                3.30091           57.7093     
                3.30279           56.8823     
                3.3056            60.9577     
                3.30666           60.7918     
                3.30824           62.7573     
                3.31061           66.9907     
                3.31415           73.6152     
                3.31548           73.2659     
                3.31747           75.8702     
                3.32045           81.2788     
                3.32156           81.1267     
                3.32323           83.2589     
                3.32574           87.8434     
                3.32667           87.8748     
                3.32808           89.6555     
                3.33018           93.5539     
                3.33333           99.8286     
                3.33412           99.125      
                3.33491           99.2454     
                3.33609          100.907      
                3.33785          104.348      
                3.3405           109.763      
                3.34149          109.84       
                3.34297          111.889      
                3.3452           116.208      
                3.34853          122.971      
                3.34978          122.764      
                3.35164          125.43       
                3.35444          130.884      
                3.35723          135.217      
                3.35793          134.49       
                3.35863          134.486      
                3.35967          135.833      
                3.36124          138.795      
                3.36358          143.501      
                3.36709          150.5        
                3.37233          160.489      
                3.38016          170.422      
                3.39182          165.91       
                3.4091           155.18       
                3.41338          130.842      
                3.41445          124.292      
                3.41552          121.374      
                3.41712          120.435      
                3.41872          119.799      
                3.42031          119.397      
                3.4227           120.866      
                3.42628          126.133      
                3.43162          140.575      
                3.43958          171.743      
                3.44749          200.885      
                3.45535          226.156      
                3.46703          255.62       
                3.48431          283.221      
                3.5097           311.236      
                3.51905          285.943      
                3.52253          275.932      
                3.52384          272.18       
                3.52579          273.088      
                3.52652          272.128      
                3.52762          272.534      
                3.52925          274.437      
                3.53171          277.729      
                3.53416          279.686      
                3.5366           281.507      
                3.54025          286.706      
                3.5457           294.406      
                3.5538           301.904      
                3.56582          304.513      
                3.58354          307.178      
                3.60938          326.587      
                3.61176          281.201      
                3.61531          277.652      
                3.61664          274.234      
                3.61863          275.779      
                3.6216           280.725      
                3.62455          284.621      
                3.6275           289.401      
                3.6286           288.185      
                3.63025          291.5        
                3.63087          291.467      
                3.63179          293.297      
                3.63318          297.591      
                3.6337           298.024      
                3.63447          299.83       
                3.63564          303.659      
                3.63738          309.784      
                3.63803          310.212      
                3.63901          312.481      
                3.64048          316.735      
                3.64266          321.918      
                3.64594          325.259      
                3.64919          321.826      
                3.65243          314.34       
                3.65565          303.69       
                3.65806          292.462      
                3.66045          281.596      
                3.66284          270.298      
                3.66522          258.978      
                3.66759          248.391      
                3.66995          239.379      
                3.67171          232.599      
                3.67347          228.378      
                3.67523          226.167      
                3.67698          225.923      
                3.67872          227.667      
                3.68046          231.357      
                3.68219          236.876      
                3.68478          250.671      
                3.68865          277.193      
                3.69439          319.405      
                3.7029           363.807      
                3.71542          385.661      
                3.73364          370.058      
                3.75972          308.875      
                3.79602          225.18       
                3.80876          133.199      
                3.80993           98.3826     
                3.81037           90.6385     
                3.81103           87.4931     
                3.81201           87.4177     
                3.81237           86.2903     
                3.81251           85.729      
                3.81272           85.1671     
                3.81303           84.8444     
                3.81349           84.9869     
                3.81395           85.0638     
                3.81441           85.0679     
                3.81511           85.6263     
                3.81614           86.965      
                3.81769           90.1576     
                3.81999          102.137      
                3.82341          133.041      
                3.82848          156.604      
                3.83592          138.25       
                3.84672          110.921      
                3.86211           83.5366     
                3.88342           18.0154     
                3.91147          -91.6076     
                3.94514         -242.303      
                3.97847         -405.271      
                3.99835         -463.167      
                4.              -414.649      




