
                  X              uf-80-0-Xt   

                0.                -0.         
               39.94E-09         144.258E-03  
              319.041E-09        746.54E-03   
                1.70601E-06        1.9485     
                7.53894E-06        4.44843    
               29.9775E-06         9.54911    
              111.812E-06         21.6481     
              399.954E-06         56.0724     
                1.38837E-03      163.196      
                4.70264E-03      506.743      
               15.5512E-03         1.60972E+03
               49.9952E-03         5.08309E+03
              154.626E-03         15.5979E+03 
              212.548E-03         21.5083E+03 
              319.557E-03         32.1591E+03 
              322.357E-03         32.923E+03  
              326.58E-03          33.3298E+03 
              328.172E-03         33.4786E+03 
              328.769E-03         33.5342E+03 
              328.994E-03         33.555E+03  
              329.331E-03         33.5844E+03 
              329.836E-03         33.6266E+03 
              330.595E-03         33.6882E+03 
              331.355E-03         33.7495E+03 
              332.115E-03         33.8098E+03 
              332.877E-03         33.8688E+03 
              333.64E-03          33.9263E+03 
              334.786E-03         34.0073E+03 
              335.072E-03         34.0293E+03 
              335.359E-03         34.0505E+03 
              335.79E-03          34.0803E+03 
              336.436E-03         34.1223E+03 
              337.084E-03         34.1632E+03 
              337.731E-03         34.2024E+03 
              338.38E-03          34.2394E+03 
              339.354E-03         34.2867E+03 
              340.33E-03          34.3258E+03 
              341.307E-03         34.3535E+03 
              342.285E-03         34.3678E+03 
              343.756E-03         34.3538E+03 
              345.968E-03         34.2635E+03 
              348.188E-03         34.1403E+03 
              350.416E-03         34.0356E+03 
              352.651E-03         34.0045E+03 
              354.894E-03         34.0829E+03 
              358.273E-03         34.4347E+03 
              363.373E-03         35.2419E+03 
              364.655E-03         35.4722E+03 
              365.938E-03         35.7E+03    
              367.868E-03         36.0421E+03 
              370.773E-03         36.5367E+03 
              375.153E-03         37.1738E+03 
              379.561E-03         37.6903E+03 
              383.996E-03         38.1004E+03 
              385.109E-03         38.2081E+03 
              386.223E-03         38.3013E+03 
              386.642E-03         38.3365E+03 
              387.27E-03          38.3853E+03 
              387.741E-03         38.4212E+03 
              388.449E-03         38.4723E+03 
              389.157E-03         38.5224E+03 
              389.867E-03         38.5716E+03 
              390.576E-03         38.62E+03   
              391.287E-03         38.6678E+03 
              392.354E-03         38.7382E+03 
              393.957E-03         38.8454E+03 
              396.369E-03         39.0108E+03 
              396.595E-03         39.03E+03   
              396.935E-03         39.0567E+03 
              397.445E-03         39.0939E+03 
              398.211E-03         39.1473E+03 
              398.977E-03         39.2007E+03 
              399.745E-03         39.2536E+03 
              400.897E-03         39.3284E+03 
              402.629E-03         39.4322E+03 
              405.234E-03         39.5966E+03 
              409.159E-03         39.9411E+03 
              415.082E-03         40.6111E+03 
              424.051E-03         41.608E+03  
              437.692E-03         42.9563E+03 
              441.137E-03         43.3267E+03 
              444.597E-03         43.6581E+03 
              449.812E-03         44.1434E+03 
              457.693E-03         44.8869E+03 
              460.667E-03         45.1891E+03 
              461.784E-03         45.3035E+03 
              463.463E-03         45.4657E+03 
              464.725E-03         45.5894E+03 
              466.62E-03          45.7728E+03 
              468.519E-03         45.9593E+03 
              470.423E-03         46.1472E+03 
              472.33E-03          46.3361E+03 
              474.241E-03         46.5253E+03 
              476.156E-03         46.714E+03  
              478.075E-03         46.9007E+03 
              479.998E-03         47.0836E+03 
              481.925E-03         47.2611E+03 
              483.855E-03         47.4324E+03 
              486.759E-03         47.6745E+03 
              487.85E-03          47.7699E+03 
              489.489E-03         47.9033E+03 
              491.953E-03         48.0988E+03 
              494.422E-03         48.2957E+03 
              496.899E-03         48.4928E+03 
              499.381E-03         48.6909E+03 
              501.87E-03          48.8914E+03 
              503.116E-03         48.9961E+03 
              504.365E-03         49.0992E+03 
              506.24E-03          49.2547E+03 
              508.118E-03         49.4172E+03 
              510.001E-03         49.5866E+03 
              510.472E-03         49.6322E+03 
              511.179E-03         49.6985E+03 
              512.24E-03          49.7982E+03 
              512.639E-03         49.8372E+03 
              513.237E-03         49.8953E+03 
              514.134E-03         49.983E+03  
              514.471E-03         50.0171E+03 
              514.976E-03         50.0679E+03 
              515.734E-03         50.1442E+03 
              516.873E-03         50.2598E+03 
              518.013E-03         50.3772E+03 
              519.154E-03         50.4953E+03 
              520.297E-03         50.6136E+03 
              522.013E-03         50.7899E+03 
              522.657E-03         50.8589E+03 
              523.624E-03         50.9596E+03 
              525.076E-03         51.1092E+03 
              525.621E-03         51.1675E+03 
              526.44E-03          51.2528E+03 
              527.668E-03         51.3789E+03 
              529.513E-03         51.5655E+03 
              531.362E-03         51.7517E+03 
              533.214E-03         51.9364E+03 
              535.069E-03         52.1197E+03 
              536.927E-03         52.3012E+03 
              538.789E-03         52.4797E+03 
              540.653E-03         52.6532E+03 
              543.456E-03         52.8959E+03 
              546.266E-03         53.1286E+03 
              549.083E-03         53.3559E+03 
              551.908E-03         53.5851E+03 
              554.739E-03         53.8213E+03 
              557.578E-03         54.0664E+03 
              560.424E-03         54.3211E+03 
              564.706E-03         54.7224E+03 
              569.004E-03         55.1504E+03 
              573.318E-03         55.5971E+03 
              579.818E-03         56.2777E+03 
              586.354E-03         56.96E+03   
              592.926E-03         57.6259E+03 
              599.533E-03         58.2746E+03 
              601.19E-03          58.4484E+03 
              601.812E-03         58.5126E+03 
              602.746E-03         58.6036E+03 
              604.148E-03         58.737E+03  
              604.674E-03         58.7887E+03 
              605.463E-03         58.8643E+03 
              606.649E-03         58.976E+03  
              608.429E-03         59.1428E+03 
              609.765E-03         59.2697E+03 
              611.103E-03         59.3959E+03 
              612.442E-03         59.5218E+03 
              613.783E-03         59.6473E+03 
              615.125E-03         59.772E+03  
              616.469E-03         59.8952E+03 
              617.814E-03         60.0156E+03 
              618.15E-03          60.0469E+03 
              618.487E-03         60.0774E+03 
              618.992E-03         60.1217E+03 
              619.75E-03          60.1856E+03 
              620.888E-03         60.276E+03  
              622.596E-03         60.3959E+03 
              623.023E-03         60.427E+03  
              623.451E-03         60.4562E+03 
              624.092E-03         60.4959E+03 
              625.055E-03         60.5476E+03 
              625.417E-03         60.5669E+03 
              625.959E-03         60.5927E+03 
              626.772E-03         60.6252E+03 
              627.078E-03         60.6373E+03 
              627.536E-03         60.6532E+03 
              628.223E-03         60.6726E+03 
              629.255E-03         60.6934E+03 
              629.513E-03         60.6991E+03 
              629.771E-03         60.7042E+03 
              630.158E-03         60.7103E+03 
              630.303E-03         60.7126E+03 
              630.521E-03         60.7156E+03 
              630.848E-03         60.7192E+03 
              631.338E-03         60.7232E+03 
              631.522E-03         60.7249E+03 
              631.798E-03         60.7269E+03 
              632.213E-03         60.7292E+03 
              632.368E-03         60.7301E+03 
              632.601E-03         60.7314E+03 
              632.951E-03         60.7328E+03 
              633.082E-03         60.7335E+03 
              633.278E-03         60.7343E+03 
              633.573E-03         60.7354E+03 
              633.684E-03         60.7359E+03 
              633.85E-03          60.7366E+03 
              634.099E-03         60.7376E+03 
              634.473E-03         60.7391E+03 
              634.847E-03         60.7409E+03 
              635.221E-03         60.7431E+03 
              635.595E-03         60.7457E+03 
              635.735E-03         60.7469E+03 
              635.946E-03         60.7488E+03 
              636.262E-03         60.7517E+03 
              636.38E-03          60.7529E+03 
              636.558E-03         60.7549E+03 
              636.824E-03         60.7579E+03 
              637.224E-03         60.7628E+03 
              637.624E-03         60.7684E+03 
              638.025E-03         60.7745E+03 
              638.425E-03         60.7813E+03 
              638.825E-03         60.7885E+03 
              639.226E-03         60.7961E+03 
              639.627E-03         60.804E+03  
              640.027E-03         60.8121E+03 
              640.178E-03         60.8153E+03 
              640.403E-03         60.82E+03   
              640.488E-03         60.8219E+03 
              640.615E-03         60.8246E+03 
              640.805E-03         60.8286E+03 
              641.091E-03         60.8344E+03 
              641.519E-03         60.8428E+03 
              641.68E-03          60.8461E+03 
              641.921E-03         60.8509E+03 
              642.283E-03         60.8577E+03 
              642.825E-03         60.8671E+03 
              643.368E-03         60.876E+03  
              643.911E-03         60.8841E+03 
              644.455E-03         60.8914E+03 
              645.27E-03          60.8998E+03 
              646.495E-03         60.9105E+03 
              646.801E-03         60.9143E+03 
              647.107E-03         60.9178E+03 
              647.567E-03         60.9228E+03 
              648.256E-03         60.9312E+03 
              648.946E-03         60.9429E+03 
              649.637E-03         60.9593E+03 
              650.673E-03         60.9972E+03 
              651.061E-03         61.0145E+03 
              651.645E-03         61.0448E+03 
              652.52E-03          61.1004E+03 
              653.834E-03         61.2006E+03 
              654.163E-03         61.2279E+03 
              654.492E-03         61.2557E+03 
              654.985E-03         61.2975E+03 
              655.726E-03         61.3587E+03 
              656.467E-03         61.4162E+03 
              657.208E-03         61.4664E+03 
              657.486E-03         61.4845E+03 
              657.903E-03         61.5078E+03 
              658.529E-03         61.532E+03  
              658.764E-03         61.5399E+03 
              659.116E-03         61.5477E+03 
              659.645E-03         61.549E+03  
              660.438E-03         61.5246E+03 
              661.629E-03         61.4252E+03 
              662.82E-03          61.2699E+03 
              663.119E-03         61.2287E+03 
              663.566E-03         61.1592E+03 
              663.734E-03         61.1323E+03 
              663.985E-03         61.0897E+03 
              664.363E-03         61.0218E+03 
              664.93E-03          60.9137E+03 
              665.78E-03          60.7493E+03 
              667.056E-03         60.5334E+03 
              667.375E-03         60.4831E+03 
              667.695E-03         60.4355E+03 
              668.174E-03         60.3716E+03 
              668.653E-03         60.3169E+03 
              669.133E-03         60.2728E+03 
              669.852E-03         60.2315E+03 
              670.932E-03         60.2245E+03 
              672.013E-03         60.2643E+03 
              672.283E-03         60.2777E+03 
              672.554E-03         60.2936E+03 
              672.959E-03         60.3217E+03 
              673.568E-03         60.3714E+03 
              673.796E-03         60.3913E+03 
              674.139E-03         60.4226E+03 
              674.653E-03         60.471E+03  
              675.424E-03         60.5402E+03 
              675.714E-03         60.5659E+03 
              676.148E-03         60.6012E+03 
              676.582E-03         60.6321E+03 
              677.016E-03         60.6578E+03 
              677.451E-03         60.6769E+03 
              678.103E-03         60.6875E+03 
              678.755E-03         60.6777E+03 
              679.408E-03         60.6453E+03 
              680.061E-03         60.5887E+03 
              680.714E-03         60.5077E+03 
              681.367E-03         60.4026E+03 
              682.021E-03         60.2752E+03 
              682.675E-03         60.1281E+03 
              683.33E-03          59.965E+03  
              683.984E-03         59.7902E+03 
              684.639E-03         59.6087E+03 
              684.885E-03         59.5403E+03 
              685.253E-03         59.4368E+03 
              685.806E-03         59.283E+03  
              686.014E-03         59.2261E+03 
              686.325E-03         59.1421E+03 
              686.792E-03         59.0213E+03 
              687.493E-03         58.8579E+03 
              688.544E-03         58.6682E+03 
              688.939E-03         58.6065E+03 
              689.531E-03         58.534E+03  
              689.753E-03         58.5101E+03 
              690.086E-03         58.4808E+03 
              690.211E-03         58.4709E+03 
              690.399E-03         58.4582E+03 
              690.68E-03          58.4439E+03 
              691.102E-03         58.4335E+03 
              691.735E-03         58.4422E+03 
              692.685E-03         58.5042E+03 
              692.923E-03         58.5233E+03 
              693.161E-03         58.5453E+03 
              693.517E-03         58.5838E+03 
              694.052E-03         58.653E+03  
              694.855E-03         58.7772E+03 
              695.659E-03         58.9165E+03 
              696.463E-03         59.0646E+03 
              697.267E-03         59.2153E+03 
              698.071E-03         59.3628E+03 
              698.675E-03         59.4697E+03 
              699.279E-03         59.5702E+03 
              699.883E-03         59.6626E+03 
              700.488E-03         59.7449E+03 
              701.093E-03         59.8158E+03 
              701.698E-03         59.8739E+03 
              702.303E-03         59.9181E+03 
              702.908E-03         59.9481E+03 
              703.135E-03         59.9576E+03 
              703.476E-03         59.967E+03  
              703.987E-03         59.9704E+03 
              704.499E-03         59.9641E+03 
              705.01E-03          59.9486E+03 
              705.522E-03         59.9248E+03 
              706.29E-03          59.8733E+03 
              707.058E-03         59.8098E+03 
              707.827E-03         59.737E+03  
              708.596E-03         59.6573E+03 
              709.365E-03         59.5723E+03 
              709.558E-03         59.5511E+03 
              709.847E-03         59.5186E+03 
              710.28E-03          59.4683E+03 
              710.93E-03          59.3905E+03 
              711.173E-03         59.3615E+03 
              711.539E-03         59.3175E+03 
              712.088E-03         59.2507E+03 
              712.294E-03         59.2259E+03 
              712.602E-03         59.1885E+03 
              713.066E-03         59.1325E+03 
              713.761E-03         59.0499E+03 
              714.457E-03         58.9709E+03 
              715.153E-03         58.8966E+03 
              715.849E-03         58.8285E+03 
              716.545E-03         58.7678E+03 
              717.242E-03         58.7153E+03 
              717.416E-03         58.7031E+03 
              717.591E-03         58.6914E+03 
              717.852E-03         58.6749E+03 
              718.244E-03         58.6526E+03 
              718.833E-03         58.6253E+03 
              719.716E-03         58.5977E+03 
              719.937E-03         58.5922E+03 
              720.158E-03         58.5875E+03 
              720.489E-03         58.5818E+03 
              720.986E-03         58.5764E+03 
              721.173E-03         58.5751E+03 
              721.453E-03         58.5739E+03 
              721.872E-03         58.574E+03  
              722.502E-03         58.5776E+03 
              723.448E-03         58.5881E+03 
              723.684E-03         58.5916E+03 
              723.921E-03         58.5953E+03 
              724.275E-03         58.6009E+03 
              724.808E-03         58.609E+03  
              725.607E-03         58.6196E+03 
              725.906E-03         58.624E+03  
              726.356E-03         58.6295E+03 
              726.805E-03         58.6341E+03 
              727.255E-03         58.6378E+03 
              727.705E-03         58.6406E+03 
              728.38E-03          58.6431E+03 
              729.056E-03         58.645E+03  
              729.731E-03         58.6473E+03 
              730.407E-03         58.6505E+03 
              731.084E-03         58.6554E+03 
              732.099E-03         58.6673E+03 
              733.114E-03         58.6846E+03 
              734.13E-03          58.7063E+03 
              734.512E-03         58.7157E+03 
              735.084E-03         58.7299E+03 
              735.942E-03         58.7511E+03 
              736.371E-03         58.7624E+03 
              736.801E-03         58.7733E+03 
              737.445E-03         58.7885E+03 
              738.09E-03          58.8023E+03 
              738.735E-03         58.8145E+03 
              739.38E-03          58.8245E+03 
              740.026E-03         58.8319E+03 
              740.671E-03         58.8365E+03 
              741.317E-03         58.8382E+03 
              741.964E-03         58.8368E+03 
              742.125E-03         58.8366E+03 
              742.287E-03         58.8361E+03 
              742.529E-03         58.8349E+03 
              742.893E-03         58.8318E+03 
              743.439E-03         58.825E+03  
              743.643E-03         58.8225E+03 
              743.951E-03         58.818E+03  
              744.411E-03         58.81E+03   
              745.103E-03         58.7962E+03 
              745.794E-03         58.7816E+03 
              746.14E-03          58.7746E+03 
              746.486E-03         58.7673E+03 
              747.005E-03         58.7558E+03 
              747.2E-03           58.7517E+03 
              747.492E-03         58.7454E+03 
              747.931E-03         58.7356E+03 
              748.588E-03         58.7202E+03 
              749.575E-03         58.6947E+03 
              749.76E-03          58.6904E+03 
              750.038E-03         58.6835E+03 
              750.455E-03         58.672E+03  
              751.08E-03          58.6524E+03 
              752.018E-03         58.6176E+03 
              752.37E-03          58.6045E+03 
              752.502E-03         58.5996E+03 
              752.7E-03           58.592E+03  
              752.997E-03         58.5798E+03 
              753.443E-03         58.5601E+03 
              754.112E-03         58.5287E+03 
              755.115E-03         58.4806E+03 
              755.366E-03         58.4692E+03 
              755.617E-03         58.4578E+03 
              755.994E-03         58.4406E+03 
              756.559E-03         58.415E+03  
              757.125E-03         58.3907E+03 
              757.69E-03          58.3679E+03 
              757.902E-03         58.3598E+03 
              758.22E-03          58.3479E+03 
              758.698E-03         58.331E+03  
              759.414E-03         58.307E+03  
              760.489E-03         58.2718E+03 
              761.296E-03         58.2451E+03 
              762.104E-03         58.2156E+03 
              762.911E-03         58.182E+03  
              763.719E-03         58.1435E+03 
              764.528E-03         58.0993E+03 
              764.73E-03          58.0883E+03 
              764.932E-03         58.0769E+03 
              765.008E-03         58.0726E+03 
              765.121E-03         58.066E+03  
              765.292E-03         58.0557E+03 
              765.548E-03         58.0395E+03 
              765.932E-03         58.0135E+03 
              766.508E-03         57.9714E+03 
              767.373E-03         57.9016E+03 
              767.454E-03         57.8953E+03 
              767.576E-03         57.8856E+03 
              767.758E-03         57.8707E+03 
              768.032E-03         57.8476E+03 
              768.442E-03         57.8112E+03 
              769.059E-03         57.7529E+03 
              769.675E-03         57.6913E+03 
              770.292E-03         57.6258E+03 
              770.908E-03         57.5563E+03 
              771.525E-03         57.4824E+03 
              772.143E-03         57.4041E+03 
              772.76E-03          57.3214E+03 
              773.378E-03         57.2346E+03 
              773.996E-03         57.1443E+03 
              774.054E-03         57.1359E+03 
              774.141E-03         57.1233E+03 
              774.271E-03         57.1041E+03 
              774.467E-03         57.075E+03  
              774.76E-03          57.0306E+03 
              775.2E-03           56.9625E+03 
              775.861E-03         56.8592E+03 
              776.109E-03         56.8208E+03 
              776.48E-03          56.763E+03  
              777.038E-03         56.677E+03  
              777.247E-03         56.6452E+03 
              777.561E-03         56.598E+03  
              778.032E-03         56.5291E+03 
              778.739E-03         56.4325E+03 
              779.799E-03         56.3089E+03 
              780.86E-03          56.2103E+03 
              781.922E-03         56.1361E+03 
              782.984E-03         56.0836E+03 
              784.047E-03         56.0483E+03 
              784.313E-03         56.0412E+03 
              784.578E-03         56.0348E+03 
              784.977E-03         56.0266E+03 
              785.576E-03         56.0167E+03 
              785.8E-03           56.0136E+03 
              786.137E-03         56.0095E+03 
              786.642E-03         56.004E+03  
              786.832E-03         56.0022E+03 
              787.116E-03         55.9995E+03 
              787.223E-03         55.9986E+03 
              787.383E-03         55.9972E+03 
              787.622E-03         55.995E+03  
              787.982E-03         55.9912E+03 
              788.523E-03         55.9843E+03 
              789.333E-03         55.9695E+03 
              789.536E-03         55.966E+03  
              789.738E-03         55.9621E+03 
              790.042E-03         55.9552E+03 
              790.499E-03         55.9424E+03 
              791.183E-03         55.9171E+03 
              791.868E-03         55.8859E+03 
              792.553E-03         55.8481E+03 
              792.724E-03         55.8386E+03 
              792.896E-03         55.8286E+03 
              793.153E-03         55.8125E+03 
              793.538E-03         55.7859E+03 
              794.117E-03         55.7413E+03 
              794.985E-03         55.666E+03  
              795.419E-03         55.6272E+03 
              795.854E-03         55.5869E+03 
              796.505E-03         55.5238E+03 
              797.157E-03         55.4596E+03 
              797.32E-03          55.4438E+03 
              797.483E-03         55.4279E+03 
              797.728E-03         55.4038E+03 
              798.095E-03         55.3675E+03 
              798.645E-03         55.3132E+03 
              798.852E-03         55.2931E+03 
              799.162E-03         55.2631E+03 
              799.278E-03         55.2519E+03 
              799.452E-03         55.2352E+03 
              799.714E-03         55.2102E+03 
              800.106E-03         55.1729E+03 
              800.694E-03         55.1174E+03 
              801.283E-03         55.0623E+03 
              801.43E-03          55.0488E+03 
              801.578E-03         55.0353E+03 
              801.799E-03         55.0149E+03 
              802.13E-03          54.984E+03  
              802.627E-03         54.9364E+03 
              803.373E-03         54.8614E+03 
              804.119E-03         54.7822E+03 
              804.866E-03         54.6981E+03 
              805.986E-03         54.5625E+03 
              807.107E-03         54.4234E+03 
              807.387E-03         54.3891E+03 
              807.668E-03         54.3546E+03 
              808.089E-03         54.3026E+03 
              808.72E-03          54.2253E+03 
              808.956E-03         54.1968E+03 
              809.312E-03         54.1546E+03 
              809.845E-03         54.0932E+03 
              810.644E-03         54.0062E+03 
              811.444E-03         53.9251E+03 
              812.245E-03         53.8494E+03 
              813.045E-03         53.7784E+03 
              813.346E-03         53.7529E+03 
              813.796E-03         53.7155E+03 
              814.472E-03         53.6615E+03 
              815.487E-03         53.5845E+03 
              816.248E-03         53.5287E+03 
              816.629E-03         53.5014E+03 
              817.01E-03          53.4739E+03 
              817.581E-03         53.4314E+03 
              818.153E-03         53.3874E+03 
              818.725E-03         53.341E+03  
              818.939E-03         53.3234E+03 
              819.261E-03         53.2959E+03 
              819.744E-03         53.2515E+03 
              820.468E-03         53.1761E+03 
              821.192E-03         53.0907E+03 
              821.917E-03         52.9935E+03 
              822.642E-03         52.8837E+03 
              823.368E-03         52.7609E+03 
              824.093E-03         52.626E+03  
              824.819E-03         52.4803E+03 
              825.545E-03         52.326E+03  
              826.272E-03         52.1656E+03 
              827.362E-03         51.9211E+03 
              828.453E-03         51.6829E+03 
              829.544E-03         51.4574E+03 
              830.637E-03         51.2487E+03 
              831.729E-03         51.0585E+03 
              832.823E-03         50.8878E+03 
              833.916E-03         50.7369E+03 
              835.011E-03         50.6068E+03 
              835.832E-03         50.522E+03  
              836.654E-03         50.4498E+03 
              836.859E-03         50.4329E+03 
              837.065E-03         50.4169E+03 
              837.373E-03         50.3944E+03 
              837.836E-03         50.3647E+03 
              838.529E-03         50.3302E+03 
              838.79E-03          50.3191E+03 
              839.18E-03          50.3056E+03 
              839.766E-03         50.2927E+03 
              839.986E-03         50.2892E+03 
              840.316E-03         50.2862E+03 
              840.81E-03          50.2866E+03 
              841.552E-03         50.298E+03  
              841.831E-03         50.3042E+03 
              842.248E-03         50.3163E+03 
              842.875E-03         50.3401E+03 
              843.11E-03          50.35E+03   
              843.463E-03         50.3662E+03 
              843.992E-03         50.3928E+03 
              844.786E-03         50.4346E+03 
              845.083E-03         50.4508E+03 
              845.53E-03          50.4746E+03 
              846.2E-03           50.5069E+03 
              846.452E-03         50.5188E+03 
              846.829E-03         50.5349E+03 
              846.97E-03          50.5408E+03 
              847.182E-03         50.5489E+03 
              847.501E-03         50.5594E+03 
              847.979E-03         50.5707E+03 
              848.456E-03         50.5772E+03 
              848.934E-03         50.5781E+03 
              849.054E-03         50.5781E+03 
              849.173E-03         50.5778E+03 
              849.352E-03         50.5763E+03 
              849.621E-03         50.572E+03  
              850.025E-03         50.5603E+03 
              850.63E-03          50.5302E+03 
              851.235E-03         50.487E+03  
              851.387E-03         50.4756E+03 
              851.425E-03         50.4727E+03 
              851.481E-03         50.4682E+03 
              851.503E-03         50.4665E+03 
              851.535E-03         50.464E+03  
              851.583E-03         50.46E+03   
              851.654E-03         50.4539E+03 
              851.762E-03         50.4442E+03 
              851.924E-03         50.4286E+03 
              852.167E-03         50.4028E+03 
              852.53E-03          50.3584E+03 
              853.076E-03         50.2791E+03 
              853.281E-03         50.2478E+03 
              853.588E-03         50.1968E+03 
              854.049E-03         50.1108E+03 
              854.741E-03         49.961E+03  
              855.433E-03         49.7914E+03 
              856.125E-03         49.6035E+03 
              856.817E-03         49.3996E+03 
              857.51E-03          49.1833E+03 
              858.203E-03         48.9592E+03 
              858.896E-03         48.733E+03  
              859.589E-03         48.5112E+03 
              860.629E-03         48.2103E+03 
              861.019E-03         48.1039E+03 
              861.605E-03         47.9606E+03 
              861.825E-03         47.9096E+03 
              862.154E-03         47.8392E+03 
              862.648E-03         47.7493E+03 
              863.39E-03          47.6538E+03 
              864.132E-03         47.5992E+03 
              864.874E-03         47.5839E+03 
              865.617E-03         47.6045E+03 
              866.359E-03         47.656E+03  
              866.638E-03         47.6798E+03 
              867.056E-03         47.7232E+03 
              867.683E-03         47.8027E+03 
              868.624E-03         47.9432E+03 
              869.566E-03         48.0957E+03 
              870.508E-03         48.2522E+03 
              870.743E-03         48.2919E+03 
              871.096E-03         48.3511E+03 
              871.627E-03         48.4381E+03 
              872.422E-03         48.5625E+03 
              873.218E-03         48.6792E+03 
              874.014E-03         48.7868E+03 
              874.312E-03         48.8262E+03 
              874.424E-03         48.8408E+03 
              874.592E-03         48.8622E+03 
              874.844E-03         48.8932E+03 
              875.222E-03         48.9369E+03 
              875.79E-03          48.9965E+03 
              876.641E-03         49.0722E+03 
              876.96E-03          49.0991E+03 
              877.439E-03         49.1346E+03 
              878.158E-03         49.1763E+03 
              878.877E-03         49.2064E+03 
              879.596E-03         49.224E+03  
              880.315E-03         49.2286E+03 
              881.035E-03         49.2197E+03 
              881.755E-03         49.197E+03  
              882.025E-03         49.1868E+03 
              882.43E-03          49.167E+03  
              883.038E-03         49.1272E+03 
              883.95E-03          49.0474E+03 
              885.319E-03         48.8928E+03 
              886.688E-03         48.7139E+03 
              887.031E-03         48.6686E+03 
              887.374E-03         48.6219E+03 
              887.888E-03         48.5486E+03 
              888.659E-03         48.4337E+03 
              888.948E-03         48.3904E+03 
              889.382E-03         48.3241E+03 
              889.491E-03         48.3075E+03 
              889.599E-03         48.2909E+03 
              889.762E-03         48.2658E+03 
              890.006E-03         48.2276E+03 
              890.372E-03         48.1696E+03 
              890.922E-03         48.0807E+03 
              891.747E-03         47.9425E+03 
              892.985E-03         47.7196E+03 
              894.223E-03         47.4768E+03 
              894.533E-03         47.4155E+03 
              894.998E-03         47.3197E+03 
              895.695E-03         47.1673E+03 
              896.392E-03         47.0064E+03 
              897.09E-03          46.8371E+03 
              897.788E-03         46.6597E+03 
              898.486E-03         46.4749E+03 
              899.184E-03         46.2838E+03 
              899.883E-03         46.0877E+03 
              900.581E-03         45.8879E+03 
              901.28E-03          45.6856E+03 
              901.455E-03         45.6352E+03 
              901.63E-03          45.5846E+03 
              901.892E-03         45.5084E+03 
              902.285E-03         45.3935E+03 
              902.876E-03         45.2211E+03 
              903.761E-03         44.9652E+03 
              903.983E-03         44.9019E+03 
              904.204E-03         44.8388E+03 
              904.536E-03         44.7448E+03 
              905.035E-03         44.6052E+03 
              905.783E-03         44.4008E+03 
              906.531E-03         44.2026E+03 
              907.279E-03         44.0116E+03 
              908.028E-03         43.8286E+03 
              908.777E-03         43.6542E+03 
              909.526E-03         43.4886E+03 
              909.713E-03         43.448E+03  
              909.901E-03         43.408E+03  
              910.182E-03         43.3489E+03 
              910.603E-03         43.2623E+03 
              911.236E-03         43.1361E+03 
              912.185E-03         42.9482E+03 
              912.423E-03         42.9017E+03 
              912.66E-03          42.855E+03  
              913.016E-03         42.7839E+03 
              913.551E-03         42.6731E+03 
              914.352E-03         42.4906E+03 
              915.154E-03         42.2854E+03 
              915.355E-03         42.2329E+03 
              915.556E-03         42.1787E+03 
              915.856E-03         42.0933E+03 
              916.308E-03         41.9547E+03 
              916.985E-03         41.7224E+03 
              917.663E-03         41.4658E+03 
              918.34E-03          41.1863E+03 
              918.594E-03         41.0785E+03 
              918.976E-03         40.9101E+03 
              919.548E-03         40.644E+03  
              919.977E-03         40.4381E+03 
              920.621E-03         40.1179E+03 
              921.265E-03         39.7902E+03 
              921.426E-03         39.7081E+03 
              921.587E-03         39.6256E+03 
              921.829E-03         39.5012E+03 
              922.191E-03         39.3136E+03 
              922.735E-03         39.032E+03  
              922.871E-03         38.9618E+03 
              923.007E-03         38.8916E+03 
              923.211E-03         38.7865E+03 
              923.517E-03         38.6295E+03 
              923.632E-03         38.5708E+03 
              923.804E-03         38.483E+03  
              924.062E-03         38.3519E+03 
              924.45E-03          38.1568E+03 
              924.595E-03         38.084E+03  
              924.813E-03         37.9753E+03 
              925.14E-03          37.8133E+03 
              925.631E-03         37.5719E+03 
              926.367E-03         37.2106E+03 
              926.643E-03         37.0754E+03 
              927.057E-03         36.8716E+03 
              927.679E-03         36.5615E+03 
              927.912E-03         36.4447E+03 
              928.262E-03         36.2676E+03 
              928.393E-03         36.2009E+03 
              928.589E-03         36.1002E+03 
              928.885E-03         35.9473E+03 
              929.18E-03          35.7925E+03 
              929.475E-03         35.6359E+03 
              929.918E-03         35.3967E+03 
              930.582E-03         35.0293E+03 
              930.832E-03         34.8907E+03 
              931.205E-03         34.6805E+03 
              931.766E-03         34.3613E+03 
              931.977E-03         34.2413E+03 
              932.292E-03         34.0604E+03 
              932.766E-03         33.7877E+03 
              932.944E-03         33.6855E+03 
              933.21E-03          33.532E+03  
              933.61E-03          33.3017E+03 
              933.76E-03          33.2155E+03 
              933.984E-03         33.0862E+03 
              934.322E-03         32.8927E+03 
              934.828E-03         32.6031E+03 
              935.018E-03         32.4948E+03 
              935.302E-03         32.3324E+03 
              935.73E-03          32.0882E+03 
              936.371E-03         31.7162E+03 
              937.012E-03         31.3336E+03 
              937.653E-03         30.9347E+03 
              938.295E-03         30.5135E+03 
              938.936E-03         30.0639E+03 
              939.578E-03         29.5808E+03 
              940.22E-03          29.0606E+03 
              940.862E-03         28.5019E+03 
              941.505E-03         27.9058E+03 
              942.147E-03         27.2756E+03 
              942.79E-03          26.6163E+03 
              943.433E-03         25.9342E+03 
              944.076E-03         25.2362E+03 
              944.236E-03         25.061E+03  
              944.397E-03         24.885E+03  
              944.638E-03         24.6195E+03 
              945.E-03            24.2195E+03 
              945.543E-03         23.6198E+03 
              945.747E-03         23.3954E+03 
              946.052E-03         23.0602E+03 
              946.511E-03         22.5631E+03 
              947.198E-03         21.837E+03  
              947.886E-03         21.1367E+03 
              948.058E-03         20.9636E+03 
              948.23E-03          20.7921E+03 
              948.488E-03         20.5391E+03 
              948.875E-03         20.1694E+03 
              949.456E-03         19.6388E+03 
              950.327E-03         18.899E+03  
              950.545E-03         18.7179E+03 
              950.763E-03         18.5404E+03 
              951.09E-03          18.2818E+03 
              951.58E-03          17.9105E+03 
              952.316E-03         17.3867E+03 
              952.5E-03           17.258E+03  
              952.684E-03         17.1313E+03 
              952.96E-03          16.945E+03  
              953.374E-03         16.6732E+03 
              953.996E-03         16.2778E+03 
              954.617E-03         15.8909E+03 
              955.239E-03         15.5084E+03 
              955.86E-03          15.1271E+03 
              956.016E-03         15.032E+03  
              956.171E-03         14.9368E+03 
              956.405E-03         14.7937E+03 
              956.755E-03         14.5781E+03 
              957.28E-03          14.2512E+03 
              958.067E-03         13.7525E+03 
              958.264E-03         13.6276E+03 
              958.461E-03         13.5022E+03 
              958.757E-03         13.313E+03  
              959.2E-03           13.0276E+03 
              959.865E-03         12.6008E+03 
              960.53E-03          12.1816E+03 
              961.196E-03         11.7766E+03 
              961.861E-03         11.3923E+03 
              962.527E-03         11.0349E+03 
              962.777E-03         10.9052E+03 
              963.151E-03         10.7205E+03 
              963.713E-03         10.4684E+03 
              963.924E-03         10.3776E+03 
              964.241E-03         10.2499E+03 
              964.715E-03         10.0779E+03 
              965.427E-03          9.86439E+03
              965.605E-03          9.81406E+03
              965.783E-03          9.7665E+03 
              966.05E-03           9.70126E+03
              966.45E-03           9.61662E+03
              967.051E-03          9.51678E+03
              967.277E-03          9.48322E+03
              967.615E-03          9.44036E+03
              968.122E-03          9.39012E+03
              968.63E-03           9.35112E+03
              969.137E-03          9.32035E+03
              969.899E-03          9.28295E+03
              970.089E-03          9.27429E+03
              970.28E-03           9.2659E+03 
              970.565E-03          9.25335E+03
              970.994E-03          9.23311E+03
              971.637E-03          9.19509E+03
              972.28E-03           9.14617E+03
              972.923E-03          9.0841E+03 
              973.567E-03          9.00821E+03
              974.211E-03          8.91937E+03
              974.854E-03          8.81952E+03
              975.096E-03          8.78087E+03
              975.458E-03          8.71998E+03
              976.002E-03          8.62408E+03
              976.817E-03          8.47755E+03
              977.633E-03          8.33617E+03
              977.837E-03          8.30155E+03
              978.041E-03          8.26742E+03
              978.347E-03          8.21756E+03
              978.806E-03          8.14664E+03
              979.495E-03          8.05108E+03
              980.528E-03          7.93019E+03
              980.787E-03          7.9018E+03 
              981.045E-03          7.87462E+03
              981.433E-03          7.83599E+03
              982.015E-03          7.7813E+03 
              982.888E-03          7.69961E+03
              983.215E-03          7.66906E+03
              983.706E-03          7.62063E+03
              984.443E-03          7.53651E+03
              985.549E-03          7.36724E+03
              985.964E-03          7.2975E+03 
              986.119E-03          7.27041E+03
              986.353E-03          7.22723E+03
              986.703E-03          7.1563E+03 
              987.228E-03          7.03497E+03
              987.754E-03          6.89788E+03
              988.279E-03          6.74389E+03
              988.805E-03          6.57183E+03
              989.33E-03           6.38056E+03
              989.856E-03          6.16916E+03
              990.382E-03          5.93707E+03
              990.908E-03          5.68409E+03
              991.697E-03          5.25888E+03
              992.487E-03          4.79198E+03
              993.276E-03          4.28903E+03
              994.066E-03          3.75787E+03
              994.857E-03          3.20855E+03
              995.153E-03          3.00088E+03
              995.598E-03          2.68676E+03
              996.265E-03          2.2178E+03 
              997.266E-03          1.54701E+03
              997.641E-03          1.30205E+03
              998.205E-03        952.304      
              999.05E-03         479.554      
                1.00032          -96.0421     
                1.00159         -543.623      
                1.00286         -883.784      
                1.00317         -961.854      
                1.00349           -1.03411E+03
                1.00397           -1.13095E+03
                1.00415           -1.16558E+03
                1.00441           -1.21426E+03
                1.00482           -1.28067E+03
                1.00497           -1.30458E+03
                1.00519           -1.33854E+03
                1.00553           -1.38554E+03
                1.00604           -1.44775E+03
                1.00623           -1.46978E+03
                1.00652           -1.5003E+03 
                1.00663           -1.51135E+03
                1.00679           -1.52712E+03
                1.00703           -1.54899E+03
                1.00739           -1.57745E+03
                1.00794           -1.60882E+03
                1.00875           -1.62369E+03
                1.00957           -1.5999E+03 
                1.01039           -1.5338E+03 
                1.0112            -1.42514E+03
                1.01202           -1.27762E+03
                1.01284           -1.09852E+03
                1.01366         -897.646      
                1.01396         -819.492      
                1.01442         -698.903      
                1.01511         -517.17       
                1.01615         -262.987      
                1.01641         -200.433      
                1.01667         -139.658      
                1.01706          -53.5751     
                1.01764           61.7619     
                1.01851          199.334      
                1.01983          326.347      
                1.02032          363.976      
                1.02106          397.631      
                1.02217          408.969      
                1.02383          377.788      
                1.02549          329.16       
                1.02716          281.167      
                1.02883          243.714      
                1.0305           222.092      
                1.03091          218.681      
                1.03133          215.696      
                1.03196          212.414      
                1.03289          213.568      
                1.0343           233.832      
                1.03571          276.578      
                1.03712          345.93       
                1.03924          524.354      
                1.0403           636.34       
                1.04136          770.936      
                1.04176          825.07       
                1.04235          912.72       
                1.04325            1.05872E+03
                1.04459            1.30852E+03
                1.04661            1.72671E+03
                1.04862            2.15108E+03
                1.05064            2.53944E+03
                1.05115            2.63489E+03
                1.05165            2.72629E+03
                1.05241            2.85232E+03
                1.05355            3.01179E+03
                1.05397            3.06782E+03
                1.05461            3.14071E+03
                1.05557            3.22285E+03
                1.05701            3.28247E+03
                1.05917            3.23867E+03
                1.05971            3.22116E+03
                1.06026            3.19532E+03
                1.06107            3.13896E+03
                1.06228            3.02143E+03
                1.06411            2.79416E+03
                1.06594            2.54071E+03
                1.06731            2.34606E+03
                1.06868            2.15503E+03
                1.0692             2.08511E+03
                1.06997            1.98323E+03
                1.07113            1.84278E+03
                1.07287            1.6727E+03 
                1.07461            1.5511E+03 
                1.07505            1.52476E+03
                1.0757             1.49153E+03
                1.07668            1.45689E+03
                1.07815            1.43902E+03
                1.08036            1.47553E+03
                1.08256            1.55712E+03
                1.08477            1.66154E+03
                1.08699            1.76755E+03
                1.0892             1.85675E+03
                1.09141            1.91538E+03
                1.09363            1.93606E+03
                1.09585            1.91881E+03
                1.09807            1.87115E+03
                1.10029            1.80648E+03
                1.10251            1.74128E+03
                1.10363            1.71195E+03
                1.10474            1.68598E+03
                1.10641            1.66201E+03
                1.10891            1.67967E+03
                1.11142            1.76207E+03
                1.11268            1.82137E+03
                1.11393            1.89636E+03
                1.11582            2.04289E+03
                1.1177             2.22101E+03
                1.11959            2.42409E+03
                1.12147            2.64434E+03
                1.12195            2.70137E+03
                1.12265            2.78764E+03
                1.12372            2.91815E+03
                1.12478            3.04909E+03
                1.12584            3.17861E+03
                1.12744            3.36255E+03
                1.12903            3.53121E+03
                1.13063            3.67893E+03
                1.13223            3.80114E+03
                1.13383            3.89432E+03
                1.13623            3.96204E+03
                1.13863            3.95968E+03
                1.14103            3.89044E+03
                1.14343            3.76092E+03
                1.14584            3.57945E+03
                1.14825            3.35489E+03
                1.14885            3.29763E+03
                1.14945            3.23733E+03
                1.15036            3.14083E+03
                1.15171            2.98585E+03
                1.15375            2.73571E+03
                1.15578            2.47224E+03
                1.15629            2.40666E+03
                1.1568             2.3399E+03 
                1.15757            2.23733E+03
                1.15871            2.07986E+03
                1.16043            1.83848E+03
                1.16108            1.74839E+03
                1.16205            1.61113E+03
                1.16241            1.5598E+03 
                1.16296            1.48211E+03
                1.16377            1.36438E+03
                1.165              1.18572E+03
                1.16684          913.947      
                1.16753          812.696      
                1.16857          658.931      
                1.17012          426.748      
                1.17071          340.471      
                1.17158          210.439      
                1.17289           15.5988     
                1.17486         -273.802      
                1.1756          -380.356      
                1.17671         -539.027      
                1.17838         -771.456      
                1.18087           -1.10069E+03
                1.18337           -1.398E+03  
                1.18587           -1.65764E+03
                1.18838           -1.87181E+03
                1.19088           -2.03081E+03
                1.19135           -2.05733E+03
                1.19182           -2.08221E+03
                1.19253           -2.11564E+03
                1.19358           -2.1552E+03 
                1.19517           -2.18833E+03
                1.19577           -2.19613E+03
                1.19666           -2.20007E+03
                1.198             -2.18783E+03
                1.1985            -2.18001E+03
                1.19926           -2.16304E+03
                1.20039           -2.12586E+03
                1.20209           -2.04479E+03
                1.20272           -2.00993E+03
                1.20368           -1.95085E+03
                1.20511           -1.84708E+03
                1.20727           -1.6609E+03 
                1.20942           -1.44916E+03
                1.21157           -1.21844E+03
                1.21373         -973.427      
                1.21427         -910.265      
                1.21508         -814.909      
                1.21629         -669.684      
                1.2172          -558.829      
                1.21754         -516.785      
                1.21805         -453.55       
                1.21882         -358.237      
                1.21998         -214.075      
                1.22171            4.03821    
                1.22235           86.9914     
                1.22333          210.867      
                1.22479          396.131      
                1.22698          673.385      
                1.22753          743.87       
                1.22808          813.968      
                1.2289           918.258      
                1.23014            1.07404E+03
                1.23199            1.30715E+03
                1.23268            1.39552E+03
                1.23373            1.52691E+03
                1.23529            1.72262E+03
                1.23764            2.01392E+03
                1.23999            2.30275E+03
                1.24234            2.58647E+03
                1.24469            2.86251E+03
                1.24587            2.99936E+03
                1.24704            3.13292E+03
                1.24881            3.32504E+03
                1.24947            3.39681E+03
                1.25047            3.50102E+03
                1.25196            3.65089E+03
                1.2521             3.66517E+03
                1.25231            3.68645E+03
                1.25262            3.71795E+03
                1.25309            3.76431E+03
                1.2538             3.83207E+03
                1.25486            3.93023E+03
                1.25646            4.06999E+03
                1.25706            4.12213E+03
                1.25795            4.19725E+03
                1.2593             4.3036E+03 
                1.26065            4.40428E+03
                1.26199            4.49898E+03
                1.26402            4.62585E+03
                1.26604            4.7396E+03 
                1.26806            4.83669E+03
                1.27009            4.91396E+03
                1.27211            4.96966E+03
                1.27414            5.00236E+03
                1.27617            5.01091E+03
                1.27819            4.99469E+03
                1.28022            4.95383E+03
                1.28225            4.88926E+03
                1.28276            4.87252E+03
                1.28327            4.85403E+03
                1.28403            4.82245E+03
                1.28517            4.76776E+03
                1.28689            4.67172E+03
                1.2886             4.56391E+03
                1.29032            4.44553E+03
                1.29204            4.31819E+03
                1.29376            4.18344E+03
                1.29504            4.07913E+03
                1.29633            3.97136E+03
                1.29682            3.93093E+03
                1.29754            3.86885E+03
                1.29863            3.77324E+03
                1.30026            3.62531E+03
                1.3019             3.47385E+03
                1.30353            3.31888E+03
                1.30517            3.16081E+03
                1.30762            2.91875E+03
                1.31007            2.67693E+03
                1.31253            2.43903E+03
                1.31499            2.20922E+03
                1.31745            1.9914E+03 
                1.31806            1.93887E+03
                1.31868            1.88673E+03
                1.3196             1.80978E+03
                1.32098            1.69912E+03
                1.32306            1.54636E+03
                1.32514            1.40855E+03
                1.32722            1.28578E+03
                1.3293             1.17824E+03
                1.33008            1.14094E+03
                1.33125            1.0887E+03 
                1.333              1.02043E+03
                1.33564          942.095      
                1.3363           925.359      
                1.33696          909.667      
                1.33795          888.659      
                1.33943          864.285      
                1.34166          844.671      
                1.34389          842.562      
                1.34444          844.013      
                1.345            846.167      
                1.34584          851.018      
                1.34709          862.968      
                1.34897          892.018      
                1.34968          905.338      
                1.35074          927.923      
                1.35233          968.264      
                1.35292          984.981      
                1.35382            1.01156E+03
                1.35516            1.05509E+03
                1.35717            1.12793E+03
                1.35919            1.20735E+03
                1.3612             1.29128E+03
                1.36322            1.37803E+03
                1.36523            1.4659E+03 
                1.36675            1.53208E+03
                1.36826            1.59704E+03
                1.36883            1.62171E+03
                1.36968            1.65759E+03
                1.37096            1.70932E+03
                1.37287            1.78245E+03
                1.37479            1.85155E+03
                1.37671            1.91624E+03
                1.37863            1.97673E+03
                1.38055            2.03363E+03
                1.38127            2.0552E+03 
                1.38235            2.08578E+03
                1.38397            2.12963E+03
                1.3864             2.19418E+03
                1.38732            2.21951E+03
                1.38868            2.25646E+03
                1.39074            2.31208E+03
                1.39151            2.33398E+03
                1.39267            2.36633E+03
                1.3944             2.41524E+03
                1.39505            2.4344E+03 
                1.39603            2.46285E+03
                1.39749            2.50578E+03
                1.39969            2.57173E+03
                1.40299            2.67506E+03
                1.40629            2.78436E+03
                1.40794            2.84163E+03
                1.40959            2.89927E+03
                1.41207            2.98734E+03
                1.413              3.02184E+03
                1.41439            3.07313E+03
                1.41648            3.15082E+03
                1.41858            3.23017E+03
                1.42067            3.31064E+03
                1.42276            3.39192E+03
                1.42486            3.47374E+03
                1.42696            3.5557E+03 
                1.42774            3.58717E+03
                1.42892            3.6333E+03 
                1.43069            3.70122E+03
                1.43335            3.79934E+03
                1.436              3.89151E+03
                1.43866            3.97378E+03
                1.44132            4.04305E+03
                1.44398            4.0969E+03 
                1.44598            4.12823E+03
                1.44898            4.15019E+03
                1.45197            4.14699E+03
                1.45497            4.11621E+03
                1.45797            4.05831E+03
                1.45872            4.0434E+03 
                1.45947            4.02651E+03
                1.4606             3.99741E+03
                1.46229            3.94626E+03
                1.46482            3.85338E+03
                1.46736            3.74673E+03
                1.46799            3.72009E+03
                1.46863            3.69226E+03
                1.46958            3.64807E+03
                1.47101            3.57779E+03
                1.47315            3.46583E+03
                1.47395            3.42385E+03
                1.47516            3.35856E+03
                1.47697            3.25771E+03
                1.47968            3.10448E+03
                1.48239            2.95334E+03
                1.48511            2.80666E+03
                1.48613            2.75336E+03
                1.48766            2.67429E+03
                1.48995            2.56154E+03
                1.49081            2.52111E+03
                1.4921             2.4621E+03 
                1.49404            2.37957E+03
                1.49597            2.30471E+03
                1.49791            2.23796E+03
                1.49985            2.17981E+03
                1.50057            2.15979E+03
                1.50166            2.13191E+03
                1.5033             2.09616E+03
                1.50453            2.07348E+03
                1.50637            2.04743E+03
                1.50821            2.03007E+03
                1.51005            2.02108E+03
                1.5119             2.02004E+03
                1.51259            2.02124E+03
                1.51362            2.02479E+03
                1.51518            2.03438E+03
                1.51751            2.05669E+03
                1.51839            2.06687E+03
                1.5197             2.08296E+03
                1.52167            2.1084E+03 
                1.52241            2.11874E+03
                1.52352            2.13377E+03
                1.52518            2.1555E+03 
                1.52768            2.18634E+03
                1.52862            2.19857E+03
                1.53002            2.2154E+03 
                1.53213            2.23881E+03
                1.53292            2.24808E+03
                1.53411            2.26088E+03
                1.53588            2.2784E+03 
                1.53855            2.3006E+03 
                1.53956            2.30926E+03
                1.54106            2.31952E+03
                1.54331            2.32963E+03




