
                  X           uf-100-half-exp 

                0.                -0.         
               39.94E-09         128.172E-03  
              319.041E-09        736.577E-03  
                1.70601E-06        1.86883    
                7.53894E-06        4.11996    
               29.9775E-06         8.47713    
              111.812E-06         18.1582     
              399.954E-06         44.0993     
                1.38837E-03      121.466      
                4.70264E-03      361.843      
               15.5512E-03         1.11057E+03
               49.9952E-03         3.37744E+03
              154.626E-03          9.86335E+03
              212.548E-03         13.6008E+03 
              319.557E-03         19.9816E+03 
              365.934E-03         22.8985E+03 
              370.455E-03         23.3814E+03 
              372.158E-03         23.4418E+03 
              374.72E-03          23.521E+03  
              377.292E-03         23.6479E+03 
              379.873E-03         23.7783E+03 
              382.464E-03         23.8981E+03 
              383.763E-03         23.9653E+03 
              385.064E-03         24.0202E+03 
              386.367E-03         24.0705E+03 
              387.673E-03         24.1204E+03 
              388.981E-03         24.1709E+03 
              390.292E-03         24.2211E+03 
              392.262E-03         24.2877E+03 
              395.227E-03         24.3749E+03 
              398.203E-03         24.4565E+03 
              398.949E-03         24.4914E+03 
              400.07E-03          24.5209E+03 
              401.753E-03         24.5511E+03 
              403.441E-03         24.5947E+03 
              405.132E-03         24.6539E+03 
              406.827E-03         24.7282E+03 
              408.525E-03         24.8167E+03 
              410.228E-03         24.9174E+03 
              411.934E-03         25.0264E+03 
              413.643E-03         25.1382E+03 
              415.357E-03         25.2485E+03 
              417.934E-03         25.4006E+03 
              421.815E-03         25.6366E+03 
              425.715E-03         25.9049E+03 
              429.633E-03         26.1931E+03 
              435.546E-03         26.6112E+03 
              441.501E-03         27.0003E+03 
              447.498E-03         27.3398E+03 
              453.536E-03         27.6477E+03 
              459.616E-03         27.9476E+03 
              465.738E-03         28.2588E+03 
              467.275E-03         28.3688E+03 
              469.585E-03         28.4789E+03 
              473.061E-03         28.654E+03  
              474.368E-03         28.7412E+03 
              476.332E-03         28.8498E+03 
              479.286E-03         29.0138E+03 
              482.249E-03         29.193E+03  
              485.221E-03         29.3748E+03 
              486.71E-03          29.4754E+03 
              488.202E-03         29.5654E+03 
              489.323E-03         29.6326E+03 
              491.006E-03         29.7263E+03 
              492.692E-03         29.8233E+03 
              494.38E-03          29.9195E+03 
              496.072E-03         30.0118E+03 
              497.767E-03         30.0991E+03 
              499.465E-03         30.1813E+03 
              501.165E-03         30.2584E+03 
              502.869E-03         30.3298E+03 
              504.575E-03         30.3947E+03 
              506.285E-03         30.4519E+03 
              508.854E-03         30.5153E+03 
              511.43E-03          30.5732E+03 
              514.012E-03         30.6286E+03 
              516.601E-03         30.6912E+03 
              519.197E-03         30.7694E+03 
              521.799E-03         30.8669E+03 
              524.407E-03         30.9835E+03 
              527.022E-03         31.1173E+03 
              529.644E-03         31.2662E+03 
              532.272E-03         31.4287E+03 
              536.226E-03         31.6913E+03 
              542.184E-03         32.1166E+03 
              548.175E-03         32.5483E+03 
              554.198E-03         32.9527E+03 
              560.254E-03         33.323E+03  
              566.342E-03         33.6614E+03 
              567.869E-03         33.7712E+03 
              569.398E-03         33.852E+03  
              571.695E-03         33.954E+03  
              575.15E-03          34.1159E+03 
              578.614E-03         34.2866E+03 
              582.089E-03         34.4545E+03 
              585.574E-03         34.6225E+03 
              589.068E-03         34.793E+03  
              592.573E-03         34.9655E+03 
              593.451E-03         35.022E+03  
              594.33E-03          35.0709E+03 
              595.648E-03         35.1304E+03 
              597.629E-03         35.2157E+03 
              599.613E-03         35.3094E+03 
              601.601E-03         35.4049E+03 
              603.591E-03         35.4976E+03 
              605.585E-03         35.5864E+03 
              606.333E-03         35.625E+03  
              607.456E-03         35.6741E+03 
              609.143E-03         35.7393E+03 
              610.833E-03         35.8062E+03 
              612.524E-03         35.8733E+03 
              614.218E-03         35.9384E+03 
              615.914E-03         36.0003E+03 
              617.612E-03         36.0596E+03 
              620.164E-03         36.1447E+03 
              624.E-03            36.2972E+03 
              629.776E-03         36.5951E+03 
              638.488E-03         37.1266E+03 
              641.769E-03         37.3647E+03 
              646.706E-03         37.6682E+03 
              651.661E-03         37.9775E+03 
              656.633E-03         38.2698E+03 
              659.126E-03         38.4224E+03 
              661.623E-03         38.5532E+03 
              665.378E-03         38.7298E+03 
              669.142E-03         38.9046E+03 
              672.916E-03         39.0707E+03 
              675.753E-03         39.1965E+03 
              680.019E-03         39.3726E+03 
              684.297E-03         39.5651E+03 
              688.588E-03         39.768E+03  
              692.891E-03         39.9813E+03 
              697.207E-03         40.204E+03  
              703.703E-03         40.5412E+03 
              704.924E-03         40.6319E+03 
              706.146E-03         40.7043E+03 
              707.981E-03         40.7909E+03 
              710.737E-03         40.9245E+03 
              713.499E-03         41.0719E+03 
              716.265E-03         41.2202E+03 
              719.036E-03         41.3648E+03 
              721.812E-03         41.5061E+03 
              724.593E-03         41.6448E+03 
              727.378E-03         41.7807E+03 
              730.169E-03         41.9136E+03 
              734.364E-03         42.099E+03  
              735.94E-03          42.1825E+03 
              738.306E-03         42.282E+03  
              741.862E-03         42.4206E+03 
              745.426E-03         42.562E+03  
              748.998E-03         42.6978E+03 
              750.339E-03         42.7579E+03 
              752.353E-03         42.8288E+03 
              755.379E-03         42.9299E+03 
              758.41E-03          43.0413E+03 
              761.446E-03         43.1573E+03 
              764.488E-03         43.2781E+03 
              767.535E-03         43.4057E+03 
              769.823E-03         43.5095E+03 
              773.262E-03         43.6653E+03 
              776.708E-03         43.8359E+03 
              780.16E-03          44.0125E+03 
              783.619E-03         44.1904E+03 
              787.085E-03         44.3661E+03 
              790.558E-03         44.5368E+03 
              794.037E-03         44.6999E+03 
              797.523E-03         44.8548E+03 
              801.015E-03         45.001E+03  
              804.514E-03         45.1393E+03 
              808.02E-03          45.2768E+03 
              813.291E-03         45.4852E+03 
              818.576E-03         45.7158E+03 
              823.877E-03         45.9593E+03 
              829.192E-03         46.2104E+03 
              834.522E-03         46.4611E+03 
              839.866E-03         46.7052E+03 
              847.909E-03         47.0516E+03 
              855.985E-03         47.407E+03  
              864.093E-03         47.76E+03   
              872.233E-03         48.1072E+03 
              880.405E-03         48.4378E+03 
              882.453E-03         48.5429E+03 
              884.503E-03         48.6219E+03 
              887.582E-03         48.7275E+03 
              892.208E-03         48.895E+03  
              896.844E-03         49.0735E+03 
              901.49E-03          49.2505E+03 
              902.653E-03         49.3046E+03 
              903.816E-03         49.352E+03  
              905.563E-03         49.4136E+03 
              908.185E-03         49.5139E+03 
              910.811E-03         49.6288E+03 
              913.439E-03         49.7518E+03 
              917.388E-03         49.9392E+03 
              918.87E-03          50.0212E+03 
              919.427E-03         50.0528E+03 
              920.261E-03         50.0965E+03 
              921.513E-03         50.1565E+03 
              923.393E-03         50.2454E+03 
              924.099E-03         50.2827E+03 
              925.157E-03         50.3373E+03 
              926.746E-03         50.4178E+03 
              929.131E-03         50.5371E+03 
              932.713E-03         50.7089E+03 
              936.3E-03           50.8696E+03 
              939.893E-03         51.018E+03  
              943.492E-03         51.1562E+03 
              948.9E-03           51.3382E+03 
              950.254E-03         51.3973E+03 
              951.609E-03         51.4458E+03 
              953.642E-03         51.5013E+03 
              956.696E-03         51.5833E+03 
              959.753E-03         51.6715E+03 
              962.814E-03         51.7583E+03 
              965.879E-03         51.8472E+03 
              968.948E-03         51.9299E+03 
              972.021E-03         52.0114E+03 
              975.097E-03         52.0834E+03 
              978.178E-03         52.1553E+03 
              981.262E-03         52.2281E+03 
              984.35E-03          52.2892E+03 
              987.441E-03         52.3027E+03 
              990.536E-03         52.3112E+03 
              995.187E-03         52.1376E+03 
              999.845E-03         51.6853E+03 
                1.00451           50.7469E+03 
                1.00919           49.1251E+03 
                1.01387           46.8772E+03 
                1.01563           45.956E+03  
                1.01827           44.4256E+03 
                1.01926           43.8134E+03 
                1.02075           42.933E+03  
                1.0213            42.5915E+03 
                1.02214           42.0765E+03 
                1.0234            41.2938E+03 
                1.02387           40.989E+03  
                1.02457           40.5465E+03 
                1.02563           39.8725E+03 
                1.02722           38.8004E+03 
                1.02882           37.7386E+03 
                1.03041           36.6889E+03 
                1.0328            35.1331E+03 
                1.03519           33.725E+03  
                1.03759           32.481E+03  
                1.03999           31.5513E+03 
                1.04239           30.6753E+03 
                1.04599           29.4838E+03 
                1.0496            28.2986E+03 
                1.05321           27.3267E+03 
                1.05683           26.3653E+03 
                1.06045           25.2834E+03 
                1.06408           23.9743E+03 
                1.06771           22.5616E+03 
                1.07134           20.922E+03  
                1.07407           19.8322E+03 
                1.07817           18.9808E+03 
                1.08227           18.9889E+03 
                1.08638           19.6205E+03 
                1.0905            20.5617E+03 
                1.09153           20.8254E+03 
                1.09256           21.0995E+03 
                1.09411           21.5253E+03 
                1.09643           22.1793E+03 
                1.0973            22.4265E+03 
                1.0986            22.7704E+03 
                1.09909           22.894E+03  
                1.09983           23.048E+03  
                1.10093           23.0494E+03 
                1.10259           22.0766E+03 
                1.103             21.7678E+03 
                1.10342           21.3974E+03 
                1.10404           20.7463E+03 
                1.10497           19.7377E+03 
                1.10637           18.3381E+03 
                1.10847           16.2053E+03 
                1.11057           14.722E+03  
                1.11267           14.2992E+03 
                1.11346           14.2885E+03 
                1.11464           14.4613E+03 
                1.11641           14.7253E+03 
                1.11908           14.8367E+03 
                1.12308           14.7471E+03 
                1.12709           14.6271E+03 
                1.1311            14.4766E+03 
                1.13512           14.2675E+03 
                1.13914           14.0051E+03 
                1.14316           13.7134E+03 
                1.14921           13.2718E+03 
                1.15527           12.8552E+03 
                1.16134           12.4499E+03 
                1.1659            12.1481E+03 
                1.17047           11.8348E+03 
                1.17504           11.5185E+03 
                1.18191           11.0306E+03 
                1.1888            10.5455E+03 
                1.19569           10.0663E+03 
                1.2026             9.60924E+03
                1.20952            9.18659E+03
                1.21212            9.04286E+03
                1.21602            8.82166E+03
                1.22188            8.5387E+03 
                1.22408            8.45049E+03
                1.22739            8.31875E+03
                1.23235            8.16483E+03
                1.23731            8.06456E+03
                1.24228            8.01281E+03
                1.24975            8.03799E+03
                1.25724            8.16169E+03
                1.26473            8.36019E+03
                1.26755            8.45362E+03
                1.27177            8.59034E+03
                1.27812            8.82417E+03
                1.28448            9.06683E+03
                1.29084            9.30819E+03
                1.29244            9.37828E+03
                1.29403            9.44144E+03
                1.29642            9.53048E+03
                1.30001            9.67125E+03
                1.3036             9.81951E+03
                1.3072             9.96691E+03
                1.3108            10.107E+03  
                1.3162            10.2794E+03 
                1.32161           10.3548E+03 
                1.32703           10.392E+03  
                1.33245           10.4741E+03 
                1.33788           10.5697E+03 
                1.34603           10.6325E+03 
                1.34807           10.6648E+03 
                1.35012           10.6765E+03 
                1.35318           10.6656E+03 
                1.35778           10.6171E+03 
                1.36239           10.5345E+03 
                1.36699           10.4199E+03 
                1.37161           10.2612E+03 
                1.37622           10.0701E+03 
                1.38085            9.83255E+03
                1.38547            9.59999E+03
                1.3901             9.3489E+03 
                1.39473            9.09212E+03
                1.39937            8.8755E+03 
                1.40401            8.65692E+03
                1.40866            8.43701E+03
                1.41331            8.18064E+03
                1.41797            7.88958E+03
                1.41971            7.79693E+03
                1.42233            7.64521E+03
                1.42627            7.41542E+03
                1.43217            7.22885E+03
                1.43808            7.11273E+03
                1.444              6.97502E+03
                1.44992            6.74811E+03
                1.45585            6.578E+03  
                1.46178            6.44462E+03
                1.46772            6.38841E+03
                1.47367            6.41586E+03
                1.47962            6.4704E+03 
                1.48186            6.49167E+03
                1.48521            6.526E+03  
                1.49024            6.65426E+03
                1.49527            6.82096E+03
                1.50031            6.99625E+03
                1.50536            7.16461E+03
                1.5104             7.32214E+03
                1.51545            7.46616E+03
                1.52051            7.59013E+03
                1.52556            7.69457E+03
                1.53316            7.80398E+03
                1.54076            7.88405E+03
                1.54266            7.90919E+03
                1.54551            7.93152E+03
                1.5498             7.95884E+03
                1.55408            7.98814E+03
                1.55837            8.02033E+03
                1.5648             8.08436E+03
                1.57124            8.13102E+03
                1.57769            8.14429E+03
                1.58414            8.10402E+03
                1.5906             8.0042E+03 
                1.59706            7.85002E+03
                1.60353            7.65236E+03
                1.61               7.4595E+03 
                1.61647            7.24449E+03
                1.62295            7.04095E+03
                1.62944            6.83557E+03
                1.63593            6.688E+03  
                1.64242            6.588E+03  
                1.64892            6.52927E+03
                1.65543            6.51467E+03
                1.66194            6.5298E+03 
                1.66845            6.56824E+03
                1.67496            6.61043E+03
                1.68148            6.65062E+03
                1.68801            6.67966E+03
                1.69454            6.68999E+03
                1.70107            6.6798E+03 
                1.7076             6.66245E+03
                1.71414            6.65009E+03
                1.72069            6.68597E+03
                1.72723            6.76013E+03
                1.73378            6.80829E+03
                1.74033            6.79681E+03
                1.74689            6.75788E+03
                1.75345            6.74322E+03
                1.76001            6.73397E+03
                1.76658            6.7338E+03 
                1.77315            6.72955E+03
                1.77972            6.71799E+03
                1.78629            6.69913E+03
                1.79287            6.68583E+03
                1.79945            6.67771E+03
                1.80603            6.63714E+03
                1.81261            6.56834E+03
                1.8192             6.60546E+03
                1.82579            6.73315E+03
                1.83238            6.6547E+03 
                1.83897            6.54307E+03
                1.84886            6.39706E+03
                1.85876            6.09691E+03
                1.86866            5.84856E+03
                1.87857            5.72367E+03
                1.88104            5.70309E+03
                1.88352            5.68891E+03
                1.88724            5.68625E+03
                1.89281            5.73209E+03
                1.89839            5.81201E+03
                1.90396            5.88861E+03
                1.91233            6.03257E+03
                1.9207             6.14077E+03
                1.92907            6.20706E+03
                1.93744            6.27601E+03
                1.94581            6.32109E+03
                1.95418            6.30616E+03
                1.96674            6.33177E+03
                1.98559            6.47596E+03
                1.9903             6.52242E+03
                1.99501            6.57552E+03
                2.00208            6.67098E+03
                2.00915            6.77891E+03
                2.01621            6.89481E+03
                2.02328            7.02054E+03
                2.03388            7.35876E+03
                2.03653            7.46985E+03
                2.03918            7.52954E+03
                2.04315            7.57569E+03
                2.04912            7.58589E+03
                2.05508            7.54376E+03
                2.06104            7.49175E+03
                2.06998            7.41941E+03
                2.07891            7.33887E+03
                2.08785            7.26547E+03
                2.09008            7.2459E+03 
                2.09232            7.22859E+03
                2.09567            7.20575E+03
                2.10069            7.17647E+03
                2.10823            7.15523E+03
                2.11576            7.15696E+03
                2.12329            7.15877E+03
                2.13082            7.16547E+03
                2.13835            7.15577E+03
                2.14588            7.13229E+03
                2.1534             7.1113E+03 
                2.16092            7.1046E+03 
                2.16844            7.11082E+03
                2.17595            7.12781E+03
                2.18346            7.16419E+03
                2.19097            7.22222E+03
                2.19285            7.23697E+03
                2.19473            7.25517E+03
                2.19754            7.28827E+03
                2.20176            7.34152E+03
                2.20809            7.43615E+03
                2.21758            7.54794E+03
                2.22707            7.58899E+03
                2.23655            7.56921E+03
                2.24602            7.50228E+03
                2.25548            7.41643E+03
                2.26494            7.32826E+03
                2.2744             7.24192E+03
                2.27676            7.21497E+03
                2.27912            7.20117E+03
                2.28266            7.18308E+03
                2.2862             7.16929E+03
                2.28974            7.15527E+03
                2.29328            7.16241E+03
                2.29859            7.17013E+03
                2.29991            7.16846E+03
                2.30124            7.16598E+03
                2.30323            7.16268E+03
                2.30621            7.15686E+03
                2.31068            7.15294E+03
                2.31738            7.12633E+03
                2.32408            7.09265E+03
                2.33078            7.06428E+03
                2.33747            7.04839E+03
                2.34416            7.0285E+03 
                2.35084            7.01224E+03
                2.35752            6.98146E+03
                2.36419            6.94086E+03
                2.37086            6.90583E+03
                2.37752            6.91307E+03
                2.38252            6.91856E+03
                2.39               6.87396E+03
                2.39748            6.79E+03   
                2.40496            6.67774E+03
                2.40776            6.63159E+03
                2.41196            6.57272E+03
                2.41825            6.50268E+03
                2.42454            6.45497E+03
                2.43083            6.44577E+03
                2.43711            6.48986E+03
                2.44338            6.56554E+03
                2.44965            6.6098E+03 
                2.45592            6.58775E+03
                2.4653             6.49272E+03
                2.47468            6.40475E+03
                2.48404            6.34038E+03
                2.49339            6.31229E+03
                2.50039            6.29374E+03
                2.50738            6.26948E+03
                2.51786            6.21739E+03
                2.52832            6.17629E+03
                2.53355            6.16695E+03
                2.53877            6.14392E+03
                2.54398            6.11406E+03
                2.54919            6.0724E+03 
                2.5544             6.02681E+03
                2.5596             5.97216E+03
                2.5648             5.91999E+03
                2.57258            5.87082E+03
                2.57453            5.84714E+03
                2.57647            5.83188E+03
                2.57939            5.81783E+03
                2.58376            5.80553E+03
                2.59031            5.80144E+03
                2.60011            5.80031E+03
                2.6099             5.78034E+03
                2.61967            5.75976E+03
                2.62211            5.74222E+03
                2.62455            5.74463E+03
                2.62821            5.75386E+03
                2.63368            5.76806E+03
                2.64189            5.79864E+03
                2.65008            5.80818E+03
                2.65826            5.83693E+03
                2.66643            5.83232E+03
                2.67458            5.82295E+03
                2.67661            5.80812E+03
                2.67865            5.80459E+03
                2.6817             5.80914E+03
                2.68627            5.81185E+03
                2.69083            5.81008E+03
                2.69539            5.81141E+03
                2.69995            5.81462E+03
                2.70678            5.82099E+03
                2.71359            5.82617E+03
                2.7204             5.82734E+03
                2.72719            5.83328E+03
                2.73398            5.84547E+03
                2.74075            5.86549E+03
                2.74751            5.89132E+03
                2.75426            5.92244E+03
                2.75594            5.92062E+03
                2.75847            5.93402E+03
                2.76226            5.96689E+03
                2.76368            5.97144E+03
                2.76581            5.98548E+03
                2.769              6.00202E+03
                2.77019            6.00359E+03
                2.77198            6.01628E+03
                2.77467            6.03093E+03
                2.7787             6.0404E+03 
                2.78272            6.0321E+03 
                2.78674            6.01938E+03
                2.79276            6.0028E+03 
                2.79577            5.97987E+03
                2.79877            5.96216E+03
                2.80327            5.94201E+03
                2.80777            5.921E+03  
                2.81226            5.90365E+03
                2.81674            5.88963E+03
                2.82122            5.87956E+03
                2.8257             5.8736E+03 
                2.8324             5.87455E+03
                2.83407            5.86193E+03
                2.83574            5.86034E+03
                2.83825            5.86964E+03
                2.842              5.87986E+03
                2.84576            5.88376E+03
                2.8495             5.88876E+03
                2.85325            5.90414E+03
                2.85886            5.93743E+03
                2.86445            5.98179E+03
                2.87004            6.02244E+03
                2.87562            6.02637E+03
                2.88119            5.9964E+03 
                2.88675            5.95095E+03
                2.89507            5.88773E+03
                2.90337            5.86416E+03
                2.91165            5.86616E+03
                2.9199             5.87714E+03
                2.92813            5.89621E+03
                2.93634            5.92638E+03
                2.94453            5.96642E+03
                2.95065            5.99477E+03
                2.95676            6.02671E+03
                2.96286            6.05389E+03
                2.96894            6.0776E+03 
                2.97501            6.09805E+03
                2.98107            6.11391E+03
                2.98712            6.11857E+03
                2.99615            6.11195E+03
                2.99841            6.08839E+03
                3.00066            6.08683E+03
                3.00404            6.08785E+03
                3.00741            6.07763E+03
                3.01078            6.06567E+03
                3.01414            6.05659E+03
                3.01918            6.05335E+03
                3.0242             6.05119E+03
                3.02922            6.05586E+03
                3.03422            6.0643E+03 
                3.03922            6.07302E+03
                3.0442             6.08258E+03
                3.05166            6.11487E+03
                3.0591             6.14828E+03
                3.06651            6.18223E+03
                3.07389            6.20763E+03
                3.07574            6.1981E+03 
                3.07758            6.20631E+03
                3.08034            6.22634E+03
                3.08447            6.23798E+03
                3.08602            6.23008E+03
                3.08834            6.23132E+03
                3.09182            6.23472E+03
                3.09702            6.22655E+03
                3.09897            6.20942E+03
                3.10189            6.20426E+03
                3.10626            6.19299E+03
                3.1128             6.16355E+03
                3.11932            6.12596E+03
                3.12582            6.08745E+03
                3.12744            6.06146E+03
                3.12907            6.0515E+03 
                3.13149            6.04805E+03
                3.13513            6.03075E+03
                3.13876            6.00245E+03
                3.14239            5.97485E+03
                3.14601            5.94968E+03
                3.14962            5.92502E+03
                3.15323            5.90134E+03
                3.15683            5.87688E+03
                3.16042            5.85119E+03
                3.1658             5.8201E+03 
                3.17116            5.7861E+03 
                3.1765             5.75759E+03
                3.18184            5.73589E+03
                3.18716            5.72035E+03
                3.19246            5.70867E+03
                3.19775            5.7009E+03 
                3.20302            5.6948E+03 
                3.20499            5.68068E+03
                3.20795            5.68405E+03
                3.21237            5.68321E+03
                3.21899            5.66965E+03
                3.22558            5.64821E+03
                3.23215            5.63226E+03
                3.23869            5.61956E+03
                3.24846            5.60832E+03
                3.25089            5.57646E+03
                3.25332            5.58067E+03
                3.25696            5.59071E+03
                3.2624             5.58792E+03
                3.27053            5.58315E+03
                3.27862            5.57582E+03
                3.28667            5.57149E+03
                3.29468            5.56601E+03
                3.30264            5.55675E+03
                3.31056            5.54227E+03
                3.31845            5.52799E+03
                3.32629            5.51585E+03
                3.33408            5.50713E+03
                3.33603            5.48067E+03
                3.33797            5.48475E+03
                3.34087            5.49835E+03
                3.34522            5.49995E+03
                3.34955            5.49352E+03
                3.35387            5.49045E+03
                3.35818            5.48783E+03
                3.36247            5.48332E+03
                3.36675            5.47672E+03
                3.37314            5.46901E+03
                3.3795             5.44965E+03
                3.38583            5.43127E+03
                3.38741            5.40481E+03
                3.38899            5.40229E+03
                3.39135            5.41004E+03
                3.39488            5.39324E+03
                3.40016            5.36234E+03
                3.40148            5.33434E+03
                3.40279            5.32547E+03
                3.40476            5.33157E+03
                3.40771            5.33568E+03
                3.41065            5.33006E+03
                3.41359            5.32531E+03
                3.41798            5.32091E+03
                3.42235            5.30281E+03
                3.42671            5.2801E+03 
                3.43321            5.24846E+03
                3.43968            5.21423E+03
                3.44611            5.19337E+03
                3.45251            5.18359E+03
                3.45887            5.179E+03  
                3.46519            5.17983E+03
                3.47148            5.18381E+03
                3.47772            5.18415E+03
                3.48394            5.17524E+03
                3.49011            5.15532E+03
                3.49625            5.12767E+03
                3.50235            5.09795E+03
                3.50841            5.06988E+03
                3.51443            5.0437E+03 
                3.52042            5.01764E+03
                3.52191            4.98619E+03
                3.5234             4.98336E+03
                3.52563            4.99082E+03
                3.52896            4.98244E+03
                3.53394            4.96506E+03
                3.53888            4.95332E+03
                3.54381            4.95175E+03
                3.5487             4.94808E+03
                3.55357            4.93397E+03
                3.55841            4.9124E+03 
                3.56322            4.88541E+03
                3.56801            4.85777E+03
                3.57277            4.83025E+03
                3.5775             4.80604E+03
                3.57868            4.77855E+03
                3.57985            4.77338E+03
                3.58161            4.78119E+03
                3.58425            4.77829E+03
                3.58688            4.76075E+03
                3.58949            4.7426E+03 
                3.5921             4.72425E+03
                3.5947             4.69783E+03
                3.5973             4.66481E+03
                3.59988            4.62969E+03
                3.60374            4.58202E+03
                3.60758            4.53094E+03
                3.6114             4.49167E+03
                3.61519            4.46548E+03
                3.61897            4.45301E+03
                3.62273            4.45356E+03
                3.62647            4.46473E+03
                3.63019            4.48223E+03
                3.63389            4.50165E+03
                3.63757            4.51433E+03
                3.64123            4.51535E+03
                3.64487            4.50861E+03
                3.64849            4.49554E+03
                3.65209            4.47961E+03
                3.65567            4.4617E+03 
                3.66101            4.43009E+03
                3.6663             4.37585E+03
                3.66761            4.33464E+03
                3.66892            4.3261E+03 
                3.67089            4.32158E+03
                3.67382            4.29008E+03
                3.67674            4.24744E+03
                3.67964            4.21046E+03
                3.68253            4.17841E+03
                3.68684            4.14553E+03
                3.69112            4.11255E+03
                3.69536            4.08741E+03
                3.69957            4.06631E+03
                3.70375            4.05025E+03
                3.7079             4.03891E+03
                3.71201            4.03214E+03
                3.71508            4.02478E+03
                3.71813            4.02817E+03
                3.72116            4.03269E+03
                3.72567            4.04421E+03
                3.73235            4.05063E+03
                3.73895            4.02354E+03
                3.74545            3.98711E+03
                3.75187            3.98239E+03
                3.75819            4.00064E+03
                3.75975            3.97278E+03
                3.76131            3.99561E+03
                3.76364            4.02526E+03
                3.76711            4.02646E+03
                3.77226            4.00782E+03
                3.77735            3.97991E+03
                3.78237            3.96096E+03
                3.78732            3.95446E+03
                3.79463            3.97268E+03
                3.79644            3.93503E+03
                3.79823            3.95856E+03
                3.80091            3.98151E+03
                3.80489            3.99634E+03
                3.80637            3.97796E+03
                3.80857            3.99881E+03
                3.81186            4.01101E+03
                3.81511            4.00756E+03
                3.81832            4.00311E+03
                3.82309            3.99541E+03
                3.8301             3.96302E+03
                3.83695            3.90675E+03
                3.84363            3.84962E+03
                3.85015            3.80255E+03
                3.85651            3.76919E+03
                3.85807            3.72194E+03
                3.85963            3.73525E+03
                3.86194            3.74179E+03
                3.86309            3.72551E+03
                3.86423            3.72658E+03
                3.86536            3.72948E+03
                3.8665             3.73039E+03
                3.86762            3.73059E+03
                3.86874            3.73115E+03
                3.86985            3.73209E+03
                3.87151            3.7378E+03 
                3.87398            3.74083E+03
                3.87763            3.7422E+03 
                3.87898            3.71759E+03
                3.88099            3.73221E+03
                3.88397            3.73493E+03
                3.88507            3.71146E+03
                3.88672            3.72342E+03
                3.88916            3.72831E+03
                3.89007            3.70818E+03
                3.89142            3.71909E+03
                3.89343            3.72621E+03
                3.89542            3.72321E+03
                3.89738            3.72296E+03
                3.89933            3.72403E+03
                3.9022             3.73519E+03
                3.90291            3.70805E+03
                3.90362            3.71598E+03
                3.90467            3.73566E+03
                3.90624            3.74502E+03
                3.9078             3.74389E+03
                3.90934            3.74988E+03
                3.91086            3.76021E+03
                3.91237            3.7733E+03 
                3.91386            3.78901E+03
                3.91534            3.8073E+03 
                3.9168             3.82802E+03
                3.91824            3.85097E+03
                3.91967            3.87584E+03
                3.92179            3.92095E+03
                3.9249             3.98275E+03
                3.92942            4.06019E+03
                3.93053            4.03811E+03
                3.93162            4.073E+03  
                3.93324            4.10673E+03
                3.93562            4.13897E+03
                3.93796            4.16255E+03
                3.94024            4.18595E+03
                3.94246            4.20579E+03
                3.94464            4.22146E+03
                3.94676            4.23299E+03
                3.94884            4.23882E+03
                3.95086            4.23251E+03
                3.95283            4.20537E+03
                3.95332            4.17371E+03
                3.9538             4.17327E+03
                3.95452            4.17395E+03
                3.95558            4.15729E+03
                3.95663            4.13727E+03
                3.95766            4.12496E+03
                3.95868            4.11696E+03
                3.95968            4.11354E+03
                3.96066            4.11511E+03
                3.96211            4.13201E+03
                3.96265            4.12192E+03
                3.96344            4.14598E+03
                3.96461            4.17507E+03
                3.96505            4.16953E+03
                3.96569            4.19363E+03
                3.96633            4.21151E+03
                3.96695            4.2263E+03 
                3.96757            4.24031E+03
                3.96849            4.26203E+03
                3.96984            4.27932E+03
                3.97115            4.27774E+03
                3.97242            4.26491E+03
                3.97273            4.24073E+03
                3.97304            4.24105E+03
                3.9735             4.24472E+03
                3.97418            4.2298E+03 
                3.97519            4.19714E+03
                3.97617            4.15712E+03
                3.97712            4.11709E+03
                3.9785             4.05959E+03
                3.97983            4.00005E+03
                3.98111            3.95379E+03
                3.98292            3.91768E+03
                3.98336            3.88132E+03
                3.98379            3.88809E+03
                3.98442            3.89021E+03
                3.98533            3.88594E+03
                3.98621            3.87427E+03
                3.98706            3.83727E+03
                3.98787            3.79284E+03
                3.98865            3.74397E+03
                3.98893            3.714E+03  
                3.98935            3.69626E+03
                3.98995            3.65985E+03
                3.99082            3.60811E+03
                3.99164            3.56013E+03
                3.99241            3.51742E+03
                3.99268            3.49519E+03
                3.99308            3.50231E+03
                3.99347            3.49393E+03
                3.99384            3.46377E+03
                3.99438            3.41641E+03
                3.99488            3.36097E+03
                3.995              3.33164E+03
                3.99512            3.32159E+03
                3.99529            3.3104E+03 
                3.99546            3.30166E+03
                3.99563            3.29749E+03
                3.99579            3.29255E+03
                3.99595            3.28634E+03
                3.99611            3.27688E+03
                3.99626            3.26703E+03
                3.99641            3.25631E+03
                3.99655            3.24456E+03
                3.99676            3.22745E+03
                3.99705            3.20257E+03
                3.99733            3.18477E+03
                3.99759            3.17016E+03
                3.99795            3.16133E+03
                3.99807            3.14918E+03
                3.99825            3.15575E+03
                3.99832            3.15041E+03
                3.99841            3.1561E+03 
                3.99854            3.16287E+03
                3.99867            3.16748E+03
                3.99879            3.17394E+03
                3.9989             3.18018E+03
                3.999              3.18546E+03
                3.99914            3.19224E+03
                3.99927            3.19328E+03
                3.99939            3.19174E+03
                3.99947            3.18753E+03
                3.99954            3.18326E+03
                3.9996             3.17603E+03
                3.99966            3.16678E+03
                3.99974            3.14801E+03
                3.9998             3.11982E+03
                3.99982            3.10762E+03
                3.99983            3.10262E+03
                3.99985            3.09521E+03
                3.99988            3.0809E+03 
                3.99991            3.06197E+03
                3.99994            3.04323E+03
                3.99996            3.02246E+03
                3.99997            2.99872E+03
                3.99998            2.97378E+03
                3.99999            2.95381E+03
                4.                 2.93016E+03
                4.                 2.90628E+03
                4.                 2.88257E+03
                4.                 2.85587E+03
                4.                 2.85054E+03




