
              u_100_0_90_exp     f_100_0_90_exp  

                0.                -0.         
               39.94E-09         121.93E-03   
              319.041E-09        604.472E-03  
                1.70601E-06        1.52163    
                7.53894E-06        3.3765     
               29.9775E-06         6.84795    
              111.812E-06         13.7544     
              399.954E-06         30.3763     
                1.38837E-03       77.4537     
                4.70264E-03      221.687      
               15.5512E-03       675.016      
               49.9952E-03         2.0892E+03 
              154.626E-03          6.35316E+03
              450.699E-03         18.3409E+03 
              551.162E-03         22.4842E+03 
              661.566E-03         26.6335E+03 
              844.518E-03         33.4244E+03 
              847.531E-03         33.7911E+03 
              848.285E-03         33.8506E+03 
              849.04E-03          33.8898E+03 
              850.172E-03         33.9327E+03 
              851.871E-03         33.9918E+03 
              853.572E-03         34.0513E+03 
              855.274E-03         34.111E+03  
              855.912E-03         34.1342E+03 
              856.871E-03         34.1681E+03 
              858.309E-03         34.218E+03  
              858.849E-03         34.2373E+03 
              859.658E-03         34.2656E+03 
              860.873E-03         34.3071E+03 
              862.698E-03         34.3675E+03 
              863.382E-03         34.3909E+03 
              864.409E-03         34.4243E+03 
              865.951E-03         34.4705E+03 
              866.529E-03         34.4881E+03 
              867.397E-03         34.5125E+03 
              868.7E-03           34.5441E+03 
              870.655E-03         34.5745E+03 
              871.389E-03         34.5843E+03 
              872.49E-03          34.59E+03   
              874.143E-03         34.5711E+03 
              874.763E-03         34.5606E+03 
              875.693E-03         34.5327E+03 
              877.09E-03          34.4566E+03 
              879.186E-03         34.2362E+03 
              879.973E-03         34.1382E+03 
              881.154E-03         33.9472E+03 
              882.926E-03         33.546E+03  
              883.591E-03         33.3796E+03 
              884.589E-03         33.0889E+03 
              886.086E-03         32.5556E+03 
              886.648E-03         32.3426E+03 
              887.491E-03         31.991E+03  
              888.757E-03         31.3923E+03 
              890.656E-03         30.3437E+03 
              891.368E-03         29.931E+03  
              892.438E-03         29.2677E+03 
              894.043E-03         28.1876E+03 
              894.645E-03         27.7722E+03 
              895.549E-03         27.1264E+03 
              896.905E-03         26.1187E+03 
              898.941E-03         24.5639E+03 
              899.705E-03         23.9783E+03 
              900.851E-03         23.0988E+03 
              902.572E-03         21.8033E+03 
              903.218E-03         21.3231E+03 
              904.186E-03         20.6166E+03 
              905.64E-03          19.5985E+03 
              907.823E-03         18.1808E+03 
              908.642E-03         17.6663E+03 
              909.871E-03         16.9285E+03 
              911.716E-03         15.8924E+03 
              912.409E-03         15.5144E+03 
              913.448E-03         14.9662E+03 
              915.007E-03         14.181E+03  
              916.567E-03         13.429E+03  
              918.128E-03         12.7075E+03 
              918.714E-03         12.4418E+03 
              919.593E-03         12.052E+03  
              919.923E-03         11.9074E+03 
              920.417E-03         11.6932E+03 
              921.159E-03         11.3788E+03 
              921.438E-03         11.2621E+03 
              921.855E-03         11.0894E+03 
              922.482E-03         10.8358E+03 
              923.422E-03         10.4698E+03 
              924.833E-03          9.95937E+03
              926.951E-03          9.30357E+03
              930.132E-03          8.62357E+03
              934.911E-03          8.28893E+03
              942.099E-03          8.84491E+03
              952.921E-03         10.972E+03  
              969.246E-03         15.2101E+03 
              993.936E-03         19.4844E+03 
                1.03142           20.5875E+03 
                1.08861           20.407E+03  
                1.17643           21.586E+03  
                1.31232           24.0142E+03 
                1.36442           24.989E+03  
                1.44359           26.3904E+03 
                1.45108           26.5674E+03 
                1.46232           26.7665E+03 
                1.46654           26.844E+03  
                1.47287           26.9531E+03 
                1.47525           26.9959E+03 
                1.47614           27.012E+03  
                1.47748           27.0353E+03 
                1.47949           27.0693E+03 
                1.48024           27.0825E+03 
                1.48137           27.1018E+03 
                1.48306           27.1304E+03 
                1.4837            27.1414E+03 
                1.48465           27.1576E+03 
                1.48608           27.1817E+03 
                1.48662           27.1909E+03 
                1.48743           27.2045E+03 
                1.48863           27.2248E+03 
                1.49044           27.255E+03  
                1.49316           27.3004E+03 
                1.49418           27.3181E+03 
                1.49571           27.3441E+03 
                1.49801           27.3826E+03 
                1.50031           27.421E+03  
                1.5026            27.4582E+03 
                1.50347           27.4723E+03 
                1.50476           27.4921E+03 
                1.5067            27.5173E+03 
                1.50961           27.5307E+03 
                1.5107            27.5321E+03 
                1.51234           27.5195E+03 
                1.5148            27.4503E+03 
                1.51572           27.4168E+03 
                1.5171            27.3443E+03 
                1.51918           27.1747E+03 
                1.51995           27.1025E+03 
                1.52112           26.9718E+03 
                1.52287           26.7236E+03 
                1.5255            26.2454E+03 
                1.52649           26.0528E+03 
                1.52797           25.7371E+03 
                1.53019           25.2284E+03 
                1.53352           24.4652E+03 
                1.53435           24.2763E+03 
                1.53518           24.0895E+03 
                1.53643           23.8169E+03 
                1.53831           23.4317E+03 
                1.54112           22.9037E+03 
                1.54183           22.7752E+03 
                1.54253           22.6494E+03 
                1.54359           22.4653E+03 
                1.54517           22.1953E+03 
                1.54754           21.7883E+03 
                1.54844           21.6351E+03 
                1.54977           21.4002E+03 
                1.55178           21.0323E+03 
                1.55479           20.4491E+03 
                1.55592           20.2271E+03 
                1.55761           19.8875E+03 
                1.56015           19.3769E+03 
                1.56111           19.1866E+03 
                1.56254           18.9046E+03 
                1.56468           18.499E+03  
                1.5679            17.9553E+03 
                1.56911           17.7625E+03 
                1.57092           17.4994E+03 
                1.57364           17.1719E+03 
                1.57432           17.0948E+03 
                1.575             17.022E+03  
                1.57602           16.9224E+03 
                1.57755           16.795E+03  
                1.57984           16.6497E+03 
                1.58329           16.5129E+03 
                1.58846           16.4273E+03 
                1.5904            16.4107E+03 
                1.59331           16.4118E+03 
                1.59768           16.4788E+03 
                1.59877           16.5007E+03 
                1.59986           16.5267E+03 
                1.6015            16.5757E+03 
                1.60396           16.675E+03  
                1.60765           16.8837E+03 
                1.60903           16.971E+03  
                1.61111           17.1187E+03 
                1.61422           17.3712E+03 
                1.61539           17.4704E+03 
                1.61715           17.6255E+03 
                1.61978           17.865E+03  
                1.62372           18.21E+03   
                1.62767           18.516E+03  
                1.63162           18.7708E+03 
                1.63261           18.8319E+03 
                1.6336            18.8892E+03 
                1.63508           18.9673E+03 
                1.6373            19.0703E+03 
                1.64064           19.2116E+03 
                1.64189           19.2645E+03 
                1.64377           19.3458E+03 
                1.64659           19.4868E+03 
                1.64764           19.5435E+03 
                1.64923           19.638E+03  
                1.65161           19.806E+03  
                1.65517           20.1153E+03 
                1.65651           20.2395E+03 
                1.65852           20.4388E+03 
                1.66153           20.7477E+03 
                1.66266           20.8642E+03 
                1.66436           21.0344E+03 
                1.6669            21.2629E+03 
                1.66786           21.3444E+03 
                1.66929           21.4528E+03 
                1.67143           21.5759E+03 
                1.67466           21.6519E+03 
                1.67586           21.6647E+03 
                1.67768           21.6454E+03 
                1.6804            21.5295E+03 
                1.68448           21.177E+03  
                1.68601           21.0215E+03 
                1.6883            20.7381E+03 
                1.69175           20.2193E+03 
                1.69692           19.2922E+03 
                1.70468           17.7982E+03 
                1.71244           16.4448E+03 
                1.72021           15.4339E+03 
                1.72313           15.1136E+03 
                1.7275            14.7821E+03 
                1.73407           14.6347E+03 
                1.74392           15.0347E+03 
                1.75871           16.2954E+03 
                1.78092           18.0675E+03 
                1.8143            19.2133E+03 
                1.86448           19.4444E+03 
                1.93991           19.8526E+03 
                2.05321           20.9719E+03 
                2.06383           21.0764E+03 
                2.06781           21.1164E+03 
                2.07378           21.1784E+03 
                2.07602           21.2014E+03 
                2.07938           21.2367E+03 
                2.08442           21.2904E+03 
                2.0863            21.3103E+03 
                2.08914           21.3406E+03 
                2.0902            21.3518E+03 
                2.09179           21.3689E+03 
                2.09418           21.3947E+03 
                2.09777           21.4335E+03 
                2.09866           21.4429E+03 
                2.09956           21.4525E+03 
                2.1009            21.4669E+03 
                2.10292           21.4885E+03 
                2.10368           21.4965E+03 
                2.10481           21.5085E+03 
                2.10651           21.5264E+03 
                2.10906           21.5519E+03 
                2.11002           21.561E+03  
                2.11145           21.5741E+03 
                2.11361           21.59E+03   
                2.11683           21.5897E+03 
                2.11804           21.5849E+03 
                2.11986           21.5632E+03 
                2.12258           21.4756E+03 
                2.1236            21.4335E+03 
                2.12514           21.3456E+03 
                2.12743           21.1437E+03 
                2.13088           20.6684E+03 
                2.13432           20.0533E+03 
                2.13518           19.8912E+03 
                2.13605           19.7221E+03 
                2.13734           19.4566E+03 
                2.13927           19.0482E+03 
                2.14218           18.4719E+03 
                2.14509           17.9766E+03 
                2.14799           17.5808E+03 
                2.14908           17.4466E+03 
                2.15071           17.2762E+03 
                2.15316           17.0696E+03 
                2.15408           16.9976E+03 
                2.15546           16.8969E+03 
                2.15753           16.7418E+03 
                2.1596            16.5629E+03 
                2.16166           16.3443E+03 
                2.16373           16.0753E+03 
                2.1658            15.7516E+03 
                2.16657           15.6223E+03 
                2.16773           15.4114E+03 
                2.16948           15.0611E+03 
                2.17209           14.4848E+03 
                2.17601           13.6064E+03 
                2.17748           13.2798E+03 
                2.17969           12.8128E+03 
                2.183             12.1933E+03 
                2.1863            11.663E+03  
                2.18961           11.2141E+03 
                2.19085           11.0563E+03 




