
                  X                uf-100     

                0.                -0.         
               39.94E-09         143.665E-03  
              319.041E-09        740.288E-03  
                1.70601E-06        1.88358    
                7.53894E-06        4.11869    
               29.9775E-06         8.46038    
              111.812E-06         18.3904     
              399.954E-06         45.7799     
                1.38837E-03      129.358      
                4.70264E-03      394.746      
               15.5512E-03         1.24302E+03
               49.9952E-03         3.90927E+03
              154.626E-03         11.9744E+03 
              212.548E-03         16.5218E+03 
              319.557E-03         24.6748E+03 
              330.833E-03         25.865E+03  
              348.145E-03         26.9612E+03 
              354.76E-03          27.4504E+03 
              357.258E-03         27.6385E+03 
              361.022E-03         27.8985E+03 
              362.44E-03          28.0071E+03 
              364.571E-03         28.1585E+03 
              366.709E-03         28.3132E+03 
              368.853E-03         28.4692E+03 
              371.004E-03         28.6243E+03 
              373.162E-03         28.7747E+03 
              373.703E-03         28.8165E+03 
              374.244E-03         28.8552E+03 
              375.056E-03         28.9089E+03 
              376.276E-03         28.9848E+03 
              377.498E-03         29.0578E+03 
              378.722E-03         29.1265E+03 
              379.949E-03         29.1907E+03 
              381.792E-03         29.2757E+03 
              383.178E-03         29.3378E+03 
              384.566E-03         29.3934E+03 
              385.957E-03         29.4419E+03 
              387.351E-03         29.4809E+03 
              389.447E-03         29.5116E+03 
              390.497E-03         29.5251E+03 
              391.548E-03         29.5306E+03 
              393.128E-03         29.53E+03   
              395.505E-03         29.5476E+03 
              399.083E-03         29.6888E+03 
              404.483E-03         30.1375E+03 
              409.922E-03         30.7101E+03 
              415.398E-03         31.2927E+03 
              423.683E-03         32.035E+03  
              436.272E-03         32.9689E+03 
              455.513E-03         34.3556E+03 
              457.339E-03         34.5454E+03 
              460.084E-03         34.7504E+03 
              461.116E-03         34.8305E+03 
              462.666E-03         34.9431E+03 
              464.996E-03         35.1098E+03 
              465.871E-03         35.1771E+03 
              467.186E-03         35.272E+03  
              468.502E-03         35.3667E+03 
              469.82E-03          35.4609E+03 
              471.141E-03         35.5546E+03 
              472.463E-03         35.6478E+03 
              473.787E-03         35.7406E+03 
              475.112E-03         35.833E+03  
              476.44E-03          35.9249E+03 
              478.435E-03         36.0578E+03 
              481.436E-03         36.2376E+03 
              485.955E-03         36.4588E+03 
              492.773E-03         36.8163E+03 
              495.342E-03         36.9787E+03 
              499.209E-03         37.242E+03  
              503.091E-03         37.5473E+03 
              506.988E-03         37.8747E+03 
              508.453E-03         38.0065E+03 
              510.655E-03         38.1928E+03 
              513.967E-03         38.4589E+03 
              515.211E-03         38.5635E+03 
              517.081E-03         38.7059E+03 
              519.892E-03         38.9052E+03 
              524.123E-03         39.1909E+03 
              528.371E-03         39.483E+03  
              529.436E-03         39.5648E+03 
              531.035E-03         39.6771E+03 
              533.438E-03         39.8466E+03 
              534.34E-03          39.9151E+03 
              535.695E-03         40.0143E+03 
              537.731E-03         40.1641E+03 
              539.771E-03         40.3183E+03 
              541.815E-03         40.4743E+03 
              543.862E-03         40.6312E+03 
              545.913E-03         40.7883E+03 
              547.969E-03         40.9446E+03 
              550.027E-03         41.0993E+03 
              552.09E-03          41.2509E+03 
              555.191E-03         41.4627E+03 
              556.356E-03         41.546E+03  
              558.106E-03         41.6581E+03 
              560.736E-03         41.8118E+03 
              563.372E-03         41.9578E+03 
              566.015E-03         42.0974E+03 
              568.663E-03         42.2344E+03 
              571.317E-03         42.3723E+03 
              573.977E-03         42.5144E+03 
              576.643E-03         42.6633E+03 
              579.316E-03         42.8214E+03 
              581.994E-03         42.9912E+03 
              584.678E-03         43.1746E+03 
              586.695E-03         43.3227E+03 
              589.727E-03         43.5602E+03 
              592.767E-03         43.8185E+03 
              595.814E-03         44.0892E+03 
              596.959E-03         44.1965E+03 
              598.678E-03         44.3515E+03 
              601.261E-03         44.5785E+03 
              605.145E-03         44.8983E+03 
              606.605E-03         45.0221E+03 
              608.797E-03         45.1901E+03 
              610.994E-03         45.3501E+03 
              613.194E-03         45.5023E+03 
              615.398E-03         45.6473E+03 
              617.606E-03         45.7862E+03 
              619.818E-03         45.9202E+03 
              623.142E-03         46.1117E+03 
              628.145E-03         46.3988E+03 
              630.654E-03         46.5532E+03 
              633.167E-03         46.7063E+03 
              635.685E-03         46.8653E+03 
              638.208E-03         47.0325E+03 
              640.735E-03         47.2082E+03 
              643.267E-03         47.3913E+03 
              645.804E-03         47.5785E+03 
              648.345E-03         47.7656E+03 
              650.892E-03         47.9475E+03 
              651.529E-03         47.996E+03  
              652.167E-03         48.0421E+03 
              653.124E-03         48.1074E+03 
              654.56E-03          48.2E+03    
              656.718E-03         48.3225E+03 
              657.528E-03         48.369E+03  
              658.744E-03         48.4275E+03 
              659.2E-03           48.4494E+03 
              659.885E-03         48.4778E+03 
              660.912E-03         48.5109E+03 
              662.455E-03         48.5352E+03 
              664.772E-03         48.4993E+03 
              667.093E-03         48.3904E+03 
              669.418E-03         48.2212E+03 
              670.E-03            48.1783E+03 
              670.582E-03         48.1307E+03 
              671.455E-03         48.0516E+03 
              672.766E-03         47.925E+03  
              673.751E-03         47.8298E+03 
              675.228E-03         47.6889E+03 
              676.707E-03         47.556E+03  
              678.188E-03         47.431E+03  
              678.743E-03         47.3866E+03 
              679.577E-03         47.3202E+03 
              680.829E-03         47.2213E+03 
              682.708E-03         47.0719E+03 
              684.59E-03          46.9249E+03 
              686.474E-03         46.7891E+03 
              688.36E-03          46.681E+03  
              691.194E-03         46.6307E+03 
              692.259E-03         46.6345E+03 
              693.856E-03         46.6815E+03 
              696.256E-03         46.8481E+03 
              696.857E-03         46.8988E+03 
              697.458E-03         46.9539E+03 
              698.359E-03         47.0458E+03 
              699.713E-03         47.2015E+03 
              701.745E-03         47.449E+03  
              703.78E-03          47.6822E+03 
              705.818E-03         47.8724E+03 
              707.858E-03         47.999E+03  
              709.901E-03         48.0504E+03 
              711.947E-03         48.0249E+03 
              713.996E-03         47.9295E+03 
              714.508E-03         47.9036E+03 
              715.021E-03         47.8727E+03 
              715.791E-03         47.8161E+03 
              716.945E-03         47.7139E+03 
              718.679E-03         47.534E+03  
              719.33E-03          47.4654E+03 
              720.306E-03         47.3549E+03 
              721.772E-03         47.1797E+03 
              723.239E-03         46.9999E+03 
              724.708E-03         46.816E+03  
              726.913E-03         46.5239E+03 
              729.122E-03         46.2104E+03 
              729.674E-03         46.1329E+03 
              730.503E-03         46.01E+03   
              731.748E-03         45.8135E+03 
              733.617E-03         45.4959E+03 
              736.424E-03         45.0033E+03 
              739.236E-03         44.5477E+03 
              742.052E-03         44.1722E+03 
              744.874E-03         43.8967E+03 
              747.7E-03           43.7147E+03 
              750.531E-03         43.6038E+03 
              753.367E-03         43.5398E+03 
              756.208E-03         43.5035E+03 
              759.053E-03         43.4765E+03 
              761.904E-03         43.4354E+03 
              762.617E-03         43.4272E+03 
              763.33E-03          43.4154E+03 
              764.401E-03         43.3898E+03 
              766.009E-03         43.3317E+03 
              768.423E-03         43.1843E+03 
              769.027E-03         43.1463E+03 
              769.632E-03         43.1029E+03 
              770.538E-03         43.026E+03  
              771.9E-03           42.8872E+03 
              773.943E-03         42.6399E+03 
              777.013E-03         42.2501E+03 
              780.089E-03         41.8994E+03 
              780.858E-03         41.8185E+03 
              781.628E-03         41.7391E+03 
              782.784E-03         41.6272E+03 
              784.519E-03         41.4787E+03 
              787.124E-03         41.2788E+03 
              789.734E-03         41.0803E+03 
              792.347E-03         40.8708E+03 
              794.963E-03         40.6542E+03 
              797.584E-03         40.4427E+03 
              800.208E-03         40.2461E+03 
              802.836E-03         40.066E+03  
              805.468E-03         39.896E+03  
              808.104E-03         39.7281E+03 
              809.093E-03         39.6677E+03 
              810.578E-03         39.5718E+03 
              812.064E-03         39.4742E+03 
              813.551E-03         39.3755E+03 
              815.784E-03         39.2258E+03 
              818.02E-03          39.076E+03  
              820.258E-03         38.9181E+03 
              822.499E-03         38.7386E+03 
              824.743E-03         38.5193E+03 
              826.989E-03         38.2403E+03 
              829.238E-03         37.8824E+03 
              831.489E-03         37.4269E+03 
              832.053E-03         37.3088E+03 
              832.898E-03         37.114E+03  
              834.166E-03         36.7823E+03 
              834.642E-03         36.6534E+03 
              835.356E-03         36.4462E+03 
              836.428E-03         36.1035E+03 
              838.036E-03         35.5117E+03 
              840.451E-03         34.4289E+03 
              841.056E-03         34.1483E+03 
              841.66E-03          33.8539E+03 
              842.567E-03         33.3813E+03 
              843.928E-03         32.605E+03  
              845.972E-03         31.3045E+03 
              848.018E-03         29.8943E+03 
              850.066E-03         28.4046E+03 
              852.116E-03         26.8643E+03 
              852.628E-03         26.4783E+03 
              853.141E-03         26.0892E+03 
              853.911E-03         25.5003E+03 
              855.066E-03         24.6104E+03 
              856.8E-03           23.2683E+03 
              858.535E-03         21.9229E+03 
              858.969E-03         21.5877E+03 
              859.403E-03         21.2517E+03 
              860.055E-03         20.7462E+03 
              861.032E-03         19.9859E+03 
              862.499E-03         18.8419E+03 
              864.702E-03         17.1135E+03 
              866.906E-03         15.3653E+03 
              869.114E-03         13.5829E+03 
              871.323E-03         11.7502E+03 
              873.535E-03          9.85123E+03
              875.75E-03           7.87771E+03
              877.966E-03          5.83885E+03
              880.185E-03          3.77072E+03
              881.018E-03          2.9955E+03 
              882.267E-03          1.83802E+03
              884.143E-03        174.239      
              886.96E-03          -1.9279E+03 
              889.781E-03         -3.4253E+03 
              892.605E-03         -4.18115E+03
              895.433E-03         -4.15667E+03
              898.265E-03         -3.41062E+03
              899.327E-03         -3.03167E+03
              900.922E-03         -2.27431E+03
              903.317E-03       -809.939      
              905.715E-03        876.852      
              908.115E-03          2.68481E+03
              910.518E-03          4.52984E+03
              912.923E-03          6.34673E+03
              913.826E-03          7.02313E+03
              915.18E-03           8.01041E+03
              917.214E-03          9.41392E+03
              920.268E-03         11.3001E+03 
              921.414E-03         11.9778E+03 
              923.134E-03         12.9102E+03 
              925.717E-03         14.1063E+03 
              928.303E-03         15.0809E+03 
              930.892E-03         15.8091E+03 
              933.484E-03         16.2668E+03 
              936.078E-03         16.4346E+03 
              938.676E-03         16.3012E+03 
              941.276E-03         15.8674E+03 
              943.879E-03         15.1474E+03 
              946.485E-03         14.1689E+03 
              949.094E-03         12.9717E+03 
              951.706E-03         11.6046E+03 
              954.321E-03         10.1228E+03 
              958.248E-03          7.83028E+03
              962.182E-03          5.64481E+03
              966.122E-03          3.7017E+03 
              970.068E-03          2.09421E+03
              974.021E-03        871.866      
              977.98E-03          45.9347     
              981.945E-03       -402.308      
              983.433E-03       -515.183      
              985.668E-03       -581.359      
              989.023E-03       -469.705      
              992.383E-03       -181.35       
              995.747E-03        241.284      
              999.116E-03        755.634      
                1.00249            1.31982E+03
                1.00587            1.89468E+03
                1.00925            2.44572E+03
                1.01263            2.94445E+03
                1.01602            3.36878E+03
                1.01942            3.70288E+03




