
              u_60_45_exp_n2      f_60_45_exp_n2

                0.                -0.         
               39.94E-09         112.028E-03  
              319.041E-09        534.921E-03  
                1.70601E-06        1.30328    
                7.53894E-06        2.91858    
               29.9775E-06         6.16795    
              111.812E-06         12.4637     
              399.954E-06         25.4133     
                1.38837E-03       57.1433     
                4.70264E-03      147.718      
               15.5512E-03       423.49       
               49.9952E-03         1.27055E+03
              154.626E-03          3.79083E+03
              450.699E-03         10.4821E+03 
              909.771E-03         18.5591E+03 
                1.49255           24.1393E+03 
                1.73037           25.4236E+03 
                1.97271           26.21E+03   
                2.15499           26.591E+03  
                2.29083           26.7584E+03 
                2.35821           26.7993E+03 
                2.42512           26.8147E+03 
                2.47494           26.7918E+03 
                2.5244            26.7364E+03 
                2.57348           26.6364E+03 
                2.62213           26.4875E+03 
                2.67031           26.2914E+03 
                2.718             26.057E+03  
                2.76516           25.7994E+03 
                2.81176           25.538E+03  
                2.85776           25.2906E+03 
                2.90313           25.0682E+03 
                2.94783           24.8736E+03 
                2.99185           24.7011E+03 
                3.05651           24.4771E+03 
                3.08032           24.3521E+03 
                3.11557           24.2383E+03 
                3.16737           24.0611E+03 
                3.21783           23.8642E+03 
                3.2669            23.6737E+03 
                3.33779           23.3713E+03 
                3.35499           23.2199E+03 
                3.37198           23.1397E+03 
                3.37829           23.0955E+03 
                3.3877            23.0545E+03 
                3.4017            22.9921E+03 
                3.42239           22.8866E+03 
                3.45277           22.698E+03  
                3.49682           22.3536E+03 
                3.51286           22.1663E+03 
                3.53642           21.9566E+03 
                3.54511           21.8462E+03 
                3.54834           21.8044E+03 
                3.54955           21.7887E+03 
                3.55136           21.7709E+03 
                3.55204           21.7631E+03 
                3.55306           21.7529E+03 
                3.55458           21.7388E+03 
                3.55515           21.7325E+03 
                3.556             21.7238E+03 
                3.55728           21.7117E+03 
                3.55856           21.6993E+03 
                3.55984           21.6866E+03 
                3.56175           21.6684E+03 
                3.56461           21.6413E+03 
                3.56568           21.6282E+03 
                3.56728           21.6117E+03 
                3.56788           21.6045E+03 
                3.56878           21.5949E+03 
                3.57013           21.5817E+03 
                3.57214           21.5623E+03 
                3.57416           21.5418E+03 
                3.57616           21.5213E+03 
                3.57916           21.4939E+03 
                3.58215           21.4677E+03 
                3.58513           21.4454E+03 
                3.58809           21.427E+03  
                3.5892            21.4178E+03 
                3.59087           21.409E+03  
                3.59149           21.4046E+03 
                3.59242           21.3997E+03 
                3.59382           21.3931E+03 
                3.59434           21.3896E+03 
                3.59512           21.3849E+03 
                3.5963            21.3777E+03 
                3.59806           21.3634E+03 
                3.60068           21.3276E+03 
                3.60461           21.2334E+03 
                3.60852           21.1013E+03 
                3.60949           21.0618E+03 
                3.61046           21.0231E+03 
                3.61192           20.9644E+03 
                3.61246           20.9409E+03 
                3.61328           20.906E+03  
                3.61451           20.8534E+03 
                3.61496           20.8327E+03 
                3.61565           20.8022E+03 
                3.61668           20.7573E+03 
                3.61822           20.6919E+03 
                3.62053           20.6009E+03 
                3.62397           20.485E+03  
                3.6274            20.3858E+03 
                3.63081           20.2986E+03 
                3.63124           20.2849E+03 
                3.63187           20.2669E+03 
                3.63283           20.2434E+03 
                3.63319           20.2343E+03 
                3.63372           20.2213E+03 
                3.63453           20.2026E+03 
                3.63573           20.1747E+03 
                3.63753           20.1306E+03 
                3.64023           20.0547E+03 
                3.64291           19.9656E+03 
                3.64558           19.8661E+03 
                3.64824           19.7596E+03 
                3.65089           19.6501E+03 
                3.65353           19.5413E+03 
                3.65616           19.4362E+03 
                3.65878           19.3363E+03 
                3.66268           19.2008E+03 
                3.66657           19.0703E+03 
                3.67042           18.9456E+03 
                3.67617           18.7889E+03 
                3.68468           18.6494E+03 
                3.69721           18.5792E+03 
                3.70184           18.5436E+03 
                3.70356           18.5312E+03 
                3.70614           18.5256E+03 
                3.7071            18.5206E+03 
                3.70854           18.5173E+03 
                3.70908           18.5148E+03 
                3.70989           18.5126E+03 
                3.7111            18.51E+03   
                3.71156           18.5079E+03 
                3.71224           18.5055E+03 
                3.71325           18.5024E+03 
                3.71363           18.5004E+03 
                3.7142            18.4978E+03 
                3.71506           18.4943E+03 
                3.71634           18.4884E+03 
                3.71825           18.4767E+03 
                3.72111           18.4513E+03 
                3.72395           18.414E+03  
                3.72677           18.3648E+03 
                3.72783           18.3412E+03 
                3.72941           18.3069E+03 
                3.73              18.292E+03  
                3.73088           18.2703E+03 
                3.73121           18.2614E+03 
                3.73171           18.2483E+03 
                3.73246           18.2287E+03 
                3.73357           18.1978E+03 
                3.73523           18.1481E+03 
                3.73772           18.0685E+03 
                3.74143           17.9423E+03 
                3.7451            17.8076E+03 
                3.74875           17.668E+03  
                3.75417           17.4683E+03 
                3.75618           17.3854E+03 
                3.75693           17.3541E+03 
                3.75806           17.313E+03  
                3.75975           17.2564E+03 
                3.76038           17.2334E+03 
                3.76132           17.2024E+03 
                3.76167           17.1903E+03 
                3.7622            17.1734E+03 
                3.76299           17.1499E+03 
                3.76418           17.1175E+03 
                3.76536           17.0867E+03 
                3.76654           17.0582E+03 
                3.7683            17.0219E+03 
                3.77093           16.9769E+03 
                3.77485           16.9204E+03 
                3.78065           16.8348E+03 
                3.78918           16.6342E+03 
                3.79753           16.3284E+03 
                3.80568           15.9557E+03 
                3.80868           15.7942E+03 
                3.8098            15.7324E+03 
                3.81148           15.648E+03  
                3.8121            15.6139E+03 
                3.81304           15.5658E+03 
                3.81339           15.5468E+03 
                3.81391           15.5195E+03 
                3.8147            15.4796E+03 
                3.81499           15.4638E+03 
                3.81543           15.4409E+03 
                3.81609           15.4073E+03 
                3.81708           15.3578E+03 
                3.81807           15.3082E+03 
                3.81905           15.259E+03  
                3.82051           15.1887E+03 
                3.8227            15.0894E+03 
                3.82487           14.9944E+03 
                3.82702           14.9057E+03 
                3.83023           14.7856E+03 
                3.83102           14.7493E+03 
                3.83181           14.7175E+03 
                3.833             14.6737E+03 
                3.83477           14.6078E+03 
                3.8374            14.5019E+03 
                3.84131           14.3275E+03 
                3.84516           14.1453E+03 
                3.84895           13.9754E+03 
                3.85454           13.7806E+03 
                3.86269           13.5638E+03 
                3.87439           13.2571E+03 
                3.87863           13.1087E+03 
                3.88481           12.9319E+03 
                3.88538           12.8984E+03 
                3.88624           12.8677E+03 
                3.88751           12.83E+03   
                3.88798           12.8135E+03 
                3.88869           12.7918E+03 
                3.88975           12.7607E+03 
                3.89014           12.747E+03  
                3.89074           12.7287E+03 
                3.89162           12.7027E+03 
                3.89195           12.6914E+03 
                3.89245           12.676E+03  
                3.89318           12.6542E+03 
                3.89429           12.6223E+03 
                3.89593           12.5751E+03 
                3.89654           12.5536E+03 
                3.89677           12.5452E+03 
                3.89711           12.5341E+03 
                3.89763           12.5191E+03 
                3.89839           12.4971E+03 
                3.89915           12.4745E+03 
                3.89991           12.4517E+03 
                3.90105           12.4189E+03 
                3.90273           12.3697E+03 
                3.90336           12.3468E+03 
                3.90429           12.3174E+03 
                3.90569           12.2739E+03 
                3.90775           12.2047E+03 
                3.9108            12.0812E+03 
                3.91526           11.8283E+03 
                3.91958           11.5282E+03 
                3.92377           11.2396E+03 
                3.9253            11.1245E+03 
                3.92587           11.0817E+03 
                3.92672           11.0272E+03 
                3.92799           10.9539E+03 
                3.92846           10.9239E+03 
                3.92916           10.8855E+03 
                3.93021           10.8351E+03 
                3.93047           10.8203E+03 
                3.93073           10.8068E+03 
                3.93112           10.7892E+03 
                3.93169           10.7655E+03 
                3.93256           10.7342E+03 
                3.93384           10.6955E+03 
                3.93574           10.6521E+03 
                3.93852           10.5988E+03 
                3.94255           10.5207E+03 
                3.94828           10.4313E+03 
                3.95365           10.363E+03  
                3.95866           10.3117E+03 
                3.96551           10.2688E+03 
                3.97438           10.2915E+03 
                3.98165           10.407E+03  
                3.98745           10.6218E+03 
                3.99371           11.0928E+03 
                3.99861           11.8541E+03 
                4.                12.6812E+03 




