
                  X                uf-600     

                0.                -0.         
               39.94E-09         144.262E-03  
              319.041E-09        746.553E-03  
                1.70601E-06        1.94853    
                7.53894E-06        4.44846    
               29.9775E-06         9.54913    
              111.812E-06         21.6481     
              399.954E-06         56.0726     
                1.38837E-03      163.196      
                4.70264E-03      506.745      
               15.5512E-03         1.60973E+03
               49.9952E-03         5.08311E+03
              154.626E-03         15.598E+03  
              212.548E-03         21.5084E+03 
              319.557E-03         32.1593E+03 
              330.833E-03         33.63E+03   
              348.145E-03         35.1323E+03 
              349.793E-03         35.3371E+03 
              352.272E-03         35.5596E+03 
              352.505E-03         35.5844E+03 
              352.854E-03         35.6183E+03 
              353.379E-03         35.6655E+03 
              353.576E-03         35.6834E+03 
              353.871E-03         35.7097E+03 
              354.314E-03         35.7484E+03 
              354.98E-03          35.8063E+03 
              355.646E-03         35.8651E+03 
              356.313E-03         35.9243E+03 
              356.98E-03          35.9839E+03 
              357.983E-03         36.0728E+03 
              358.233E-03         36.0966E+03 
              358.484E-03         36.1201E+03 
              358.861E-03         36.1544E+03 
              359.426E-03         36.2051E+03 
              359.992E-03         36.2561E+03 
              360.558E-03         36.3074E+03 
              361.125E-03         36.3586E+03 
              361.976E-03         36.4334E+03 
              363.255E-03         36.5363E+03 
              364.535E-03         36.6237E+03 
              365.819E-03         36.6861E+03 
              367.748E-03         36.7035E+03 
              369.683E-03         36.6506E+03 
              371.623E-03         36.5471E+03 
              373.569E-03         36.4314E+03 
              376.498E-03         36.3608E+03 
              377.599E-03         36.3633E+03 
              379.255E-03         36.4199E+03 
              381.745E-03         36.6458E+03 
              385.496E-03         37.2069E+03 
              386.908E-03         37.4521E+03 
              387.438E-03         37.5478E+03 
              388.234E-03         37.6925E+03 
              389.43E-03          37.9168E+03 
              390.627E-03         38.1485E+03 
              391.827E-03         38.3839E+03 
              392.277E-03         38.4744E+03 
              392.953E-03         38.6081E+03 
              393.968E-03         38.8067E+03 
              395.493E-03         39.0988E+03 
              396.066E-03         39.2105E+03 
              396.926E-03         39.3718E+03 
              398.218E-03         39.602E+03  
              399.188E-03         39.7696E+03 
              400.646E-03         39.9983E+03 
              402.106E-03         40.2041E+03 
              403.57E-03          40.3829E+03 
              404.119E-03         40.4485E+03 
              404.944E-03         40.5343E+03 
              406.183E-03         40.6406E+03 
              406.648E-03         40.6797E+03 
              407.346E-03         40.7299E+03 
              408.395E-03         40.7902E+03 
              409.971E-03         40.8553E+03 
              410.562E-03         40.8797E+03 
              411.45E-03          40.9067E+03 
              411.784E-03         40.9171E+03 
              412.284E-03         40.9298E+03 
              412.472E-03         40.9348E+03 
              412.753E-03         40.9413E+03 
              413.176E-03         40.9496E+03 
              413.811E-03         40.9604E+03 
              414.445E-03         40.9708E+03 
              415.081E-03         40.9811E+03 
              415.717E-03         40.9916E+03 
              416.672E-03         41.0081E+03 
              418.106E-03         41.0413E+03 
              419.543E-03         41.0881E+03 
              420.983E-03         41.1491E+03 
              421.343E-03         41.1674E+03 
              421.703E-03         41.1857E+03 
              422.244E-03         41.2135E+03 
              422.447E-03         41.2246E+03 
              422.752E-03         41.2414E+03 
              423.209E-03         41.2674E+03 
              423.895E-03         41.3088E+03 
              424.925E-03         41.3753E+03 
              426.473E-03         41.4798E+03 
              427.247E-03         41.5357E+03 
              428.023E-03         41.5905E+03 
              429.188E-03         41.6721E+03 
              430.354E-03         41.7591E+03 
              431.522E-03         41.8558E+03 
              432.692E-03         41.9676E+03 
              434.45E-03          42.179E+03  
              436.211E-03         42.4374E+03 
              436.652E-03         42.5078E+03 
              437.093E-03         42.5794E+03 
              437.756E-03         42.69E+03   
              438.75E-03          42.8636E+03 
              440.243E-03         43.1298E+03 
              441.74E-03          43.3908E+03 
              443.238E-03         43.6358E+03 
              444.74E-03          43.8589E+03 
              446.244E-03         44.0591E+03 
              447.75E-03          44.2382E+03 
              449.26E-03          44.4001E+03 
              450.772E-03         44.5489E+03 
              451.339E-03         44.6053E+03 
              452.191E-03         44.6838E+03 
              453.471E-03         44.7947E+03 
              453.952E-03         44.8377E+03 
              454.673E-03         44.8988E+03 
              455.755E-03         44.9861E+03 
              457.382E-03         45.1091E+03 
              458.604E-03         45.199E+03  
              460.44E-03          45.3191E+03 
              461.129E-03         45.3659E+03 
              462.165E-03         45.4284E+03 
              463.72E-03          45.5143E+03 
              464.303E-03         45.5485E+03 
              465.18E-03          45.5958E+03 
              466.496E-03         45.6652E+03 
              468.474E-03         45.7779E+03 
              470.456E-03         45.9093E+03 
              472.443E-03         46.0626E+03 
              474.433E-03         46.2394E+03 
              476.428E-03         46.4388E+03 
              478.428E-03         46.6574E+03 
              480.431E-03         46.8901E+03 
              482.439E-03         47.1305E+03 
              484.451E-03         47.3719E+03 
              487.477E-03         47.7161E+03 
              488.614E-03         47.8486E+03 
              490.323E-03         48.0317E+03 
              492.891E-03         48.2862E+03 
              495.466E-03         48.5267E+03 
              498.048E-03         48.7531E+03 
              500.636E-03         48.9677E+03 
              501.933E-03         49.076E+03  
              503.881E-03         49.2273E+03 
              505.833E-03         49.3768E+03 
              507.789E-03         49.5257E+03 
              509.749E-03         49.6766E+03 
              511.713E-03         49.8325E+03 
              513.68E-03          49.9961E+03 
              516.638E-03         50.2587E+03 
              521.091E-03         50.6894E+03 
              522.766E-03         50.865E+03  
              525.283E-03         51.1229E+03 
              529.071E-03         51.515E+03  
              530.019E-03         51.6213E+03 
              530.969E-03         51.723E+03  
              532.396E-03         51.8715E+03 
              533.466E-03         51.9841E+03 
              535.075E-03         52.1498E+03 
              536.686E-03         52.3151E+03 
              538.299E-03         52.4787E+03 
              539.914E-03         52.64E+03   
              542.342E-03         52.872E+03  
              544.167E-03         53.0437E+03 
              546.909E-03         53.2799E+03 
              549.658E-03         53.5011E+03 
              552.414E-03         53.7088E+03 
              555.177E-03         53.9099E+03 
              559.334E-03         54.2181E+03 
              560.896E-03         54.3447E+03 
              561.483E-03         54.3932E+03 
              562.363E-03         54.4632E+03 
              563.685E-03         54.5696E+03 
              564.181E-03         54.6118E+03 
              564.926E-03         54.6746E+03 
              566.044E-03         54.7707E+03 
              566.463E-03         54.8085E+03 
              567.093E-03         54.865E+03  
              568.037E-03         54.9513E+03 
              569.456E-03         55.0864E+03 
              569.988E-03         55.1398E+03 
              570.788E-03         55.22E+03   
              571.987E-03         55.3432E+03 
              572.437E-03         55.3914E+03 
              573.113E-03         55.4637E+03 
              574.127E-03         55.5736E+03 
              575.65E-03          55.743E+03  
              576.222E-03         55.8093E+03 
              577.08E-03          55.908E+03  
              578.368E-03         56.057E+03  
              578.851E-03         56.1148E+03 
              579.576E-03         56.2005E+03 
              580.665E-03         56.3289E+03 
              581.074E-03         56.3784E+03 
              581.687E-03         56.4519E+03 
              582.607E-03         56.5616E+03 
              583.989E-03         56.7265E+03 
              586.065E-03         56.9735E+03 
              589.185E-03         57.3349E+03 
              590.358E-03         57.4742E+03 
              590.797E-03         57.5265E+03 
              591.457E-03         57.602E+03  
              592.448E-03         57.7115E+03 
              593.936E-03         57.8697E+03 
              594.494E-03         57.9303E+03 
              595.332E-03         58.0173E+03 
              596.59E-03          58.1418E+03 
              598.48E-03          58.3177E+03 
              601.32E-03          58.5624E+03 
              602.386E-03         58.6566E+03 
              603.988E-03         58.7878E+03 
              604.589E-03         58.8383E+03 
              605.491E-03         58.9107E+03 
              606.846E-03         59.0167E+03 
              607.354E-03         59.0579E+03 
              608.117E-03         59.1181E+03 
              609.262E-03         59.2072E+03 
              610.982E-03         59.3424E+03 
              611.627E-03         59.3959E+03 
              612.596E-03         59.4746E+03 
              614.05E-03          59.5939E+03 
              616.235E-03         59.7803E+03 
              617.056E-03         59.8547E+03 
              618.287E-03         59.9654E+03 
              620.136E-03         60.1361E+03 
              620.831E-03         60.2037E+03 
              621.873E-03         60.3043E+03 
              623.437E-03         60.4582E+03 
              625.788E-03         60.698E+03  
              629.321E-03         61.0722E+03 
              630.648E-03         61.2203E+03 
              632.642E-03         61.4371E+03 
              634.639E-03         61.6548E+03 
              636.638E-03         61.8717E+03 
              638.641E-03         62.0863E+03 
              640.647E-03         62.297E+03  
              641.399E-03         62.3779E+03 
              642.53E-03          62.4942E+03 
              644.226E-03         62.6626E+03 
              644.863E-03         62.7274E+03 
              645.819E-03         62.8206E+03 
              647.254E-03         62.9549E+03 
              647.793E-03         63.0064E+03 
              648.601E-03         63.0806E+03 
              649.814E-03         63.1872E+03 
              651.028E-03         63.2909E+03 
              652.244E-03         63.3913E+03 
              653.46E-03          63.4883E+03 
              654.677E-03         63.5823E+03 
              654.982E-03         63.6067E+03 
              655.287E-03         63.6306E+03 
              655.744E-03         63.6652E+03 
              656.429E-03         63.7157E+03 
              656.687E-03         63.735E+03  
              657.073E-03         63.7634E+03 
              657.652E-03         63.8052E+03 
              658.521E-03         63.8672E+03 
              659.826E-03         63.9603E+03 
              660.315E-03         63.9968E+03 
              661.05E-03          64.0507E+03 
              662.153E-03         64.1317E+03 
              662.567E-03         64.1634E+03 
              663.188E-03         64.2104E+03 
              663.421E-03         64.2285E+03 
              663.77E-03          64.2553E+03 
              664.294E-03         64.2954E+03 
              665.081E-03         64.3559E+03 
              665.376E-03         64.3793E+03 
              665.819E-03         64.4142E+03 
              666.484E-03         64.4661E+03 
              666.733E-03         64.486E+03  
              667.107E-03         64.5156E+03 
              667.668E-03         64.5593E+03 
              667.879E-03         64.5759E+03 
              668.195E-03         64.6006E+03 
              668.668E-03         64.6369E+03 
              669.38E-03          64.6896E+03 
              670.447E-03         64.7633E+03 
              672.049E-03         64.8544E+03 
              673.653E-03         64.9211E+03 
              675.259E-03         64.9594E+03 
              676.867E-03         64.9711E+03 
              678.477E-03         64.9626E+03 
              680.088E-03         64.943E+03  
              680.491E-03         64.9392E+03 
              680.894E-03         64.9344E+03 
              681.046E-03         64.9326E+03 
              681.273E-03         64.9296E+03 
              681.613E-03         64.9245E+03 
              681.645E-03         64.9241E+03 
              681.693E-03         64.9234E+03 
              681.764E-03         64.9224E+03 
              681.872E-03         64.9209E+03 
              682.034E-03         64.9185E+03 
              682.276E-03         64.9148E+03 
              682.64E-03          64.9094E+03 
              683.186E-03         64.902E+03  
              684.005E-03         64.8937E+03 
              684.312E-03         64.8917E+03 
              684.773E-03         64.8895E+03 
              685.465E-03         64.8884E+03 
              686.503E-03         64.8926E+03 
              688.062E-03         64.9134E+03 
              688.647E-03         64.9251E+03 
              688.702E-03         64.9263E+03 
              688.784E-03         64.9282E+03 
              688.907E-03         64.931E+03  
              689.093E-03         64.9352E+03 
              689.37E-03          64.9417E+03 
              689.787E-03         64.9518E+03 
              690.413E-03         64.9692E+03 
              691.351E-03         65.0013E+03 
              692.76E-03          65.0668E+03 
              693.289E-03         65.0956E+03 
              694.082E-03         65.1439E+03 
              695.273E-03         65.231E+03  
              697.061E-03         65.3974E+03 
              698.851E-03         65.5983E+03 
              700.644E-03         65.8293E+03 
              702.438E-03         66.088E+03  
              703.785E-03         66.298E+03  
              705.134E-03         66.5223E+03 
              706.483E-03         66.761E+03  
              707.834E-03         67.0138E+03 
              708.341E-03         67.1118E+03 
              709.101E-03         67.2614E+03 
              710.243E-03         67.4924E+03 
              711.957E-03         67.8486E+03 
              713.672E-03         68.2062E+03 
              714.531E-03         68.3853E+03 
              715.39E-03          68.5606E+03 
              716.679E-03         68.8109E+03 
              718.615E-03         69.1479E+03 
              720.069E-03         69.3772E+03 
              721.524E-03         69.5785E+03 
              723.709E-03         69.8173E+03 
              724.529E-03         69.9013E+03 
              725.76E-03          70.0065E+03 
              727.609E-03         70.129E+03  
              728.302E-03         70.1728E+03 
              729.343E-03         70.2273E+03 
              730.906E-03         70.2915E+03 
              732.47E-03          70.3433E+03 
              734.036E-03         70.3844E+03 
              735.604E-03         70.4165E+03 
              737.957E-03         70.4499E+03 
              738.841E-03         70.464E+03  
              740.167E-03         70.4797E+03 
              742.158E-03         70.5034E+03 
              742.906E-03         70.5152E+03 
              744.027E-03         70.5329E+03 
              745.711E-03         70.5678E+03 
              746.343E-03         70.5844E+03 
              747.292E-03         70.6117E+03 
              748.715E-03         70.6636E+03 
              750.853E-03         70.7743E+03 
              751.655E-03         70.8234E+03 
              752.859E-03         70.906E+03  
              754.667E-03         71.0559E+03 
              757.382E-03         71.3408E+03 
              758.402E-03         71.4596E+03 
              759.932E-03         71.6511E+03 
              762.23E-03          71.9703E+03 
              763.092E-03         72.0973E+03 
              764.387E-03         72.2931E+03 
              766.33E-03          72.5998E+03 
              767.06E-03          72.7188E+03 
              768.155E-03         72.8979E+03 
              769.798E-03         73.1686E+03 
              772.266E-03         73.5715E+03 
              773.192E-03         73.7247E+03 
              774.583E-03         73.9472E+03 
              776.671E-03         74.2651E+03 
              777.454E-03         74.3845E+03 
              778.63E-03          74.555E+03  
              780.396E-03         74.7938E+03 
              781.058E-03         74.8829E+03 
              782.052E-03         75.0092E+03 
              783.545E-03         75.1842E+03 
              785.786E-03         75.4159E+03 
              786.627E-03         75.5012E+03 
              787.889E-03         75.6166E+03 
              789.784E-03         75.7681E+03 
              792.631E-03         75.9575E+03 
              795.482E-03         76.1223E+03 
              798.337E-03         76.2728E+03 
              801.197E-03         76.4211E+03 
              804.061E-03         76.579E+03  
              806.93E-03          76.7559E+03 
              809.803E-03         76.9587E+03 
              812.681E-03         77.1907E+03 
              815.563E-03         77.4521E+03 
              818.449E-03         77.7405E+03 
              821.34E-03          78.0514E+03 
              824.235E-03         78.379E+03  
              827.134E-03         78.717E+03  
              830.038E-03         79.059E+03  
              832.946E-03         79.3989E+03 
              834.038E-03         79.5287E+03 
              835.677E-03         79.7166E+03 
              838.137E-03         79.9886E+03 
              839.061E-03         80.0921E+03 
              840.447E-03         80.2409E+03 
              842.528E-03         80.4541E+03 
              845.653E-03         80.7533E+03 
              846.827E-03         80.8665E+03 
              848.588E-03         81.0251E+03 
              851.233E-03         81.2485E+03 
              855.206E-03         81.5628E+03 
              856.699E-03         81.6836E+03 
              858.939E-03         81.8549E+03 
              862.304E-03         82.1103E+03 
              863.146E-03         82.1782E+03 
              863.989E-03         82.2444E+03 
              864.305E-03         82.2694E+03 
              864.423E-03         82.2788E+03 
              864.601E-03         82.2929E+03 
              864.868E-03         82.3137E+03 
              865.268E-03         82.3447E+03 
              865.868E-03         82.391E+03  
              866.769E-03         82.4611E+03 
              868.121E-03         82.568E+03  
              870.151E-03         82.7338E+03 
              871.674E-03         82.8633E+03 
              873.961E-03         83.0639E+03 
              874.105E-03         83.0773E+03 
              874.248E-03         83.0908E+03 
              874.462E-03         83.1108E+03 
              874.543E-03         83.1183E+03 
              874.663E-03         83.1296E+03 
              874.709E-03         83.1338E+03 
              874.777E-03         83.1401E+03 
              874.878E-03         83.1495E+03 
              875.031E-03         83.1635E+03 
              875.261E-03         83.1843E+03 
              875.604E-03         83.2155E+03 
              876.12E-03          83.2624E+03 
              876.895E-03         83.3339E+03 
              878.057E-03         83.4434E+03 
              878.166E-03         83.454E+03  
              878.329E-03         83.47E+03   
              878.574E-03         83.4939E+03 
              878.666E-03         83.5029E+03 
              878.804E-03         83.5164E+03 
              879.011E-03         83.5366E+03 
              879.321E-03         83.5668E+03 
              879.787E-03         83.6122E+03 
              880.486E-03         83.6808E+03 
              881.535E-03         83.7855E+03 
              881.928E-03         83.8258E+03 
              882.076E-03         83.841E+03  
              882.297E-03         83.8638E+03 
              882.629E-03         83.8979E+03 
              883.127E-03         83.949E+03  
              883.874E-03         84.0262E+03 
              884.996E-03         84.1433E+03 
              886.679E-03         84.3216E+03 
              887.311E-03         84.3904E+03 
              888.259E-03         84.4925E+03 
              888.614E-03         84.5313E+03 
              889.148E-03         84.5891E+03 
              889.948E-03         84.6752E+03 
              891.149E-03         84.8037E+03 
              892.952E-03         84.9939E+03 
              893.629E-03         85.0665E+03 
              894.644E-03         85.1726E+03 
              896.167E-03         85.3271E+03 
              897.692E-03         85.4784E+03 
              899.218E-03         85.6262E+03 
              899.79E-03          85.6822E+03 
              900.649E-03         85.7636E+03 
              901.938E-03         85.8826E+03 
              903.873E-03         86.0569E+03 
              906.778E-03         86.3141E+03 
              909.688E-03         86.5714E+03 
              910.416E-03         86.6385E+03 
              911.144E-03         86.704E+03  
              912.237E-03         86.8003E+03 
              913.056E-03         86.873E+03  
              913.877E-03         86.9455E+03 
              915.107E-03         87.0538E+03 
              916.955E-03         87.2166E+03 
              919.729E-03         87.4626E+03 
              922.506E-03         87.7112E+03 
              925.287E-03         87.9589E+03 
              926.679E-03         88.0844E+03 
              928.071E-03         88.2072E+03 
              930.162E-03         88.3857E+03 
              932.254E-03         88.56E+03   
              934.348E-03         88.7285E+03 
              937.493E-03         88.9672E+03 
              940.642E-03         89.2007E+03 
              943.795E-03         89.4347E+03 
              946.952E-03         89.6764E+03 
              948.137E-03         89.7713E+03 
              949.916E-03         89.9135E+03 
              952.587E-03         90.1365E+03 
              956.598E-03         90.4951E+03 
              957.602E-03         90.5907E+03 
              958.606E-03         90.6853E+03 
              960.114E-03         90.8277E+03 
              960.679E-03         90.8824E+03 
              961.527E-03         90.9644E+03 
              962.801E-03         91.0882E+03 
              964.074E-03         91.2139E+03 
              965.349E-03         91.3412E+03 
              967.262E-03         91.5338E+03 
              967.98E-03          91.608E+03  
              968.249E-03         91.636E+03  
              968.653E-03         91.6777E+03 
              969.259E-03         91.7398E+03 
              969.486E-03         91.7633E+03 
              969.827E-03         91.7984E+03 
              970.339E-03         91.851E+03  
              970.531E-03         91.8709E+03 
              970.818E-03         91.9007E+03 
              971.25E-03          91.9453E+03 
              971.898E-03         92.0122E+03 
              972.87E-03          92.1128E+03 
              973.234E-03         92.1512E+03 
              973.781E-03         92.2086E+03 
              973.987E-03         92.2302E+03 
              974.294E-03         92.2626E+03 
              974.756E-03         92.3111E+03 
              975.449E-03         92.3836E+03 
              976.488E-03         92.4927E+03 
              976.878E-03         92.5342E+03 
              977.463E-03         92.5962E+03 
              978.341E-03         92.6888E+03 
              979.658E-03         92.8271E+03 
              980.152E-03         92.8797E+03 
              980.893E-03         92.9578E+03 
              981.171E-03         92.9872E+03 
              981.588E-03         93.031E+03  
              982.214E-03         93.0959E+03 
              982.449E-03         93.1203E+03 
              982.801E-03         93.1567E+03 
              983.329E-03         93.2107E+03 
              984.122E-03         93.2902E+03 
              984.419E-03         93.3202E+03 
              984.865E-03         93.3646E+03 
              985.535E-03         93.4299E+03 
              985.785E-03         93.4544E+03 
              986.162E-03         93.4907E+03 
              986.727E-03         93.544E+03  
              987.575E-03         93.6216E+03 
              987.892E-03         93.6508E+03 
              988.369E-03         93.6938E+03 
              989.085E-03         93.7564E+03 
              990.159E-03         93.847E+03  
              990.562E-03         93.8812E+03 
              991.166E-03         93.9312E+03 
              991.392E-03         93.95E+03   
              991.732E-03         93.9778E+03 
              992.242E-03         94.0186E+03 
              993.008E-03         94.0787E+03 
              993.295E-03         94.1014E+03 
              993.726E-03         94.135E+03  
              994.372E-03         94.1847E+03 
              994.614E-03         94.2035E+03 
              994.978E-03         94.2314E+03 
              995.523E-03         94.2729E+03 
              996.341E-03         94.3344E+03 
              996.648E-03         94.3578E+03 
              997.109E-03         94.3927E+03 
              997.799E-03         94.4447E+03 
              997.929E-03         94.4546E+03 
              998.123E-03         94.4695E+03 
              998.415E-03         94.4917E+03 
              998.852E-03         94.5249E+03 
              999.508E-03         94.5748E+03 
              999.755E-03         94.5938E+03 
                1.00012           94.6224E+03 
                1.00068           94.6655E+03 
                1.00151           94.7313E+03 
                1.00182           94.7565E+03 
                1.00229           94.7947E+03 
                1.00299           94.853E+03  
                1.00404           94.9431E+03 
                1.00444           94.9779E+03 
                1.00459           94.991E+03  
                1.00481           95.0109E+03 
                1.00514           95.0407E+03 
                1.00564           95.0859E+03 
                1.00639           95.1545E+03 
                1.00667           95.1808E+03 
                1.0071            95.2203E+03 
                1.00773           95.2799E+03 
                1.00868           95.3701E+03 
                1.00904           95.4045E+03 
                1.00957           95.456E+03  
                1.00977           95.4755E+03 
                1.01007           95.5045E+03 
                1.01052           95.548E+03  
                1.01069           95.5643E+03 
                1.01095           95.5888E+03 
                1.01133           95.6254E+03 
                1.0119            95.68E+03   
                1.01211           95.7006E+03 
                1.01243           95.7313E+03 
                1.01292           95.7772E+03 
                1.01364           95.8453E+03 
                1.01391           95.871E+03  
                1.01432           95.9093E+03 
                1.01493           95.9661E+03 
                1.01585           96.0499E+03 
                1.01619           96.0817E+03 
                1.01671           96.1287E+03 
                1.01748           96.1981E+03 
                1.01864           96.3003E+03 
                1.01908           96.3391E+03 
                1.01973           96.3963E+03 
                1.02071           96.4807E+03 
                1.02108           96.5127E+03 
                1.02163           96.56E+03   
                1.02246           96.6303E+03 
                1.02277           96.6569E+03 
                1.02324           96.6967E+03 
                1.02394           96.7561E+03 
                1.02499           96.8461E+03 
                1.02656           96.9859E+03 
                1.02715           97.0402E+03 
                1.02737           97.0608E+03 
                1.02771           97.0917E+03 
                1.0282            97.1382E+03 
                1.02895           97.2087E+03 
                1.02923           97.2356E+03 
                1.02965           97.2761E+03 
                1.02981           97.2914E+03 
                1.02987           97.2972E+03 
                1.02989           97.2993E+03 
                1.02993           97.3026E+03 
                1.02998           97.3075E+03 
                1.03005           97.3148E+03 
                1.03016           97.3257E+03 
                1.03033           97.3422E+03 
                1.03058           97.3668E+03 
                1.03096           97.4038E+03 
                1.03153           97.4594E+03 
                1.03239           97.5426E+03 
                1.03271           97.5741E+03 
                1.03319           97.6211E+03 
                1.03391           97.6908E+03 
                1.03418           97.717E+03  
                1.03459           97.7561E+03 
                1.03519           97.8139E+03 
                1.03611           97.8996E+03 
                1.03645           97.932E+03  
                1.03696           97.9802E+03 
                1.03716           97.9984E+03 
                1.03745           98.0255E+03 
                1.03788           98.0658E+03 
                1.03853           98.1261E+03 
                1.03877           98.149E+03  
                1.03914           98.1831E+03 
                1.03969           98.2343E+03 
                1.04051           98.3114E+03 
                1.04082           98.3407E+03 
                1.04129           98.3847E+03 
                1.04198           98.4507E+03 
                1.04224           98.4758E+03 
                1.04263           98.5134E+03 
                1.04322           98.5698E+03 
                1.0441            98.6541E+03 
                1.04443           98.6862E+03 
                1.04493           98.7338E+03 
                1.04567           98.804E+03  
                1.04595           98.8304E+03 
                1.04637           98.8695E+03 
                1.047             98.9262E+03 
                1.04794           99.006E+03  
                1.04829           99.0355E+03 
                1.04882           99.0776E+03 
                1.04962           99.1349E+03 
                1.04992           99.1559E+03 
                1.05037           99.1853E+03 
                1.05104           99.2249E+03 
                1.05205           99.2752E+03 
                1.05356           99.3387E+03 
                1.05412           99.3624E+03 
                1.05498           99.3963E+03 
                1.0553            99.4093E+03 
                1.05577           99.4289E+03 
                1.05649           99.46E+03   
                1.05757           99.5138E+03 
                1.05798           99.5358E+03 
                1.05858           99.5715E+03 
                1.05949           99.6319E+03 
                1.05983           99.656E+03  
                1.06035           99.6941E+03 
                1.06111           99.7557E+03 
                1.06227           99.856E+03  
                1.0627            99.8952E+03 
                1.06335           99.9554E+03 
                1.06432          100.048E+03  
                1.06469          100.083E+03  
                1.06524          100.136E+03  
                1.06606          100.214E+03  
                1.06637          100.244E+03  
                1.06683          100.289E+03  
                1.06752          100.355E+03  
                1.06856          100.452E+03  
                1.06895          100.489E+03  
                1.06954          100.544E+03  
                1.07042          100.627E+03  
                1.07174          100.752E+03  
                1.07223          100.8E+03    
                1.07298          100.873E+03  
                1.07325          100.901E+03  
                1.07367          100.943E+03  
                1.0743           101.007E+03  
                1.07524          101.106E+03  
                1.07559          101.145E+03  
                1.07612          101.202E+03  
                1.07692          101.292E+03  
                1.07721          101.326E+03  
                1.07766          101.377E+03  
                1.07833          101.456E+03  
                1.07934          101.577E+03  
                1.07971          101.623E+03  
                1.08028          101.693E+03  
                1.08113          101.798E+03  
                1.08145          101.837E+03  
                1.08192          101.897E+03  
                1.08264          101.986E+03  
                1.08372          102.119E+03  
                1.08412          102.169E+03  
                1.08472          102.243E+03  
                1.08563          102.353E+03  
                1.08699          102.511E+03  
                1.08751          102.571E+03  
                1.08827          102.658E+03  
                1.08942          102.785E+03  
                1.08985          102.833E+03  
                1.0905           102.903E+03  
                1.09147          103.005E+03  
                1.09184          103.043E+03  
                1.09238          103.1E+03    
                1.0932           103.184E+03  
                1.09351          103.215E+03  
                1.09397          103.262E+03  
                1.09467          103.332E+03  
                1.09571          103.435E+03  
                1.09609          103.474E+03  
                1.09668          103.532E+03  
                1.09756          103.618E+03  
                1.09887          103.747E+03  
                1.09937          103.796E+03  
                1.10011          103.868E+03  
                1.10122          103.976E+03  
                1.10163          104.017E+03  
                1.10226          104.078E+03  
                1.1032           104.168E+03  
                1.10461          104.299E+03  
                1.10513          104.349E+03  
                1.10593          104.421E+03  
                1.10622          104.448E+03  
                1.10667          104.488E+03  
                1.10734          104.547E+03  
                1.10759          104.569E+03  
                1.10797          104.602E+03  
                1.10853          104.65E+03   
                1.10938          104.719E+03  
                1.10959          104.737E+03  
                1.1098           104.754E+03  
                1.11012          104.779E+03  
                1.1106           104.817E+03  
                1.11131          104.871E+03  
                1.11158          104.892E+03  
                1.11198          104.922E+03  
                1.11259          104.965E+03  
                1.11349          105.028E+03  
                1.11372          105.044E+03  
                1.11394          105.06E+03   
                1.11428          105.083E+03  
                1.11479          105.118E+03  
                1.11556          105.167E+03  
                1.11575          105.18E+03   
                1.11594          105.192E+03  
                1.11623          105.211E+03  
                1.11666          105.238E+03  
                1.1173           105.278E+03  
                1.11827          105.338E+03  
                1.11851          105.353E+03  
                1.11876          105.369E+03  
                1.11912          105.391E+03  
                1.11967          105.425E+03  
                1.12048          105.476E+03  
                1.12079          105.496E+03  
                1.12125          105.525E+03  
                1.12194          105.569E+03  
                1.12298          105.637E+03  
                1.12337          105.663E+03  
                1.12351          105.673E+03  
                1.12373          105.688E+03  
                1.12406          105.71E+03   
                1.12455          105.744E+03  
                1.12504          105.779E+03  
                1.12553          105.813E+03  
                1.12627          105.867E+03  
                1.12655          105.887E+03  
                1.12696          105.918E+03  
                1.12759          105.964E+03  
                1.12852          106.035E+03  
                1.12887          106.062E+03  
                1.1294           106.103E+03  
                1.13019          106.164E+03  
                1.13048          106.188E+03  
                1.13093          106.222E+03  
                1.1316           106.274E+03  
                1.13259          106.351E+03  
                1.13297          106.381E+03  
                1.13353          106.424E+03  
                1.13438          106.488E+03  
                1.13469          106.512E+03  
                1.13517          106.548E+03  
                1.13588          106.601E+03  
                1.13695          106.681E+03  
                1.13735          106.712E+03  
                1.13795          106.758E+03  
                1.13885          106.828E+03  
                1.13919          106.855E+03  
                1.1397           106.896E+03  
                1.14046          106.959E+03  
                1.14075          106.984E+03  
                1.14118          107.021E+03  
                1.14182          107.078E+03  
                1.14206          107.1E+03    
                1.14242          107.134E+03  
                1.14297          107.186E+03  
                1.14317          107.205E+03  
                1.14347          107.235E+03  
                1.14393          107.281E+03  
                1.14462          107.352E+03  
                1.14531          107.425E+03  
                1.146            107.5E+03    
                1.14668          107.576E+03  
                1.14737          107.654E+03  
                1.14806          107.732E+03  
                1.14875          107.81E+03   
                1.14944          107.889E+03  
                1.15012          107.967E+03  
                1.15081          108.044E+03  
                1.1515           108.121E+03  
                1.15176          108.149E+03  
                1.15215          108.192E+03  
                1.15273          108.254E+03  
                1.15295          108.277E+03  
                1.15327          108.312E+03  
                1.15376          108.362E+03  
                1.1545           108.436E+03  
                1.15524          108.507E+03  
                1.15597          108.576E+03  
                1.15625          108.602E+03  
                1.15666          108.639E+03  
                1.15682          108.653E+03  
                1.15705          108.674E+03  
                1.1574           108.704E+03  
                1.15793          108.748E+03  
                1.15871          108.812E+03  
                1.1595           108.873E+03  
                1.16029          108.932E+03  
                1.16108          108.99E+03   
                1.16186          109.045E+03  
                1.16216          109.066E+03  
                1.1626           109.097E+03  
                1.16327          109.142E+03  
                1.16352          109.158E+03  
                1.16389          109.183E+03  
                1.16445          109.22E+03   
                1.16529          109.273E+03  
                1.16614          109.326E+03  
                1.16635          109.339E+03  
                1.16656          109.352E+03  
                1.16687          109.372E+03  
                1.16735          109.4E+03    
                1.16806          109.442E+03  
                1.16913          109.501E+03  
                1.16953          109.523E+03  
                1.17013          109.555E+03  
                1.17035          109.567E+03  
                1.17069          109.584E+03  
                1.1712           109.61E+03   
                1.17196          109.646E+03  
                1.17224          109.66E+03   
                1.17267          109.68E+03   
                1.17331          109.71E+03   
                1.17355          109.721E+03  
                1.17391          109.738E+03  
                1.17445          109.763E+03  
                1.17527          109.802E+03  
                1.17557          109.817E+03  
                1.17603          109.841E+03  
                1.17671          109.878E+03  
                1.17697          109.892E+03  
                1.17736          109.914E+03  
                1.17794          109.95E+03   
                1.17881          110.008E+03  
                1.17913          110.031E+03  
                1.17962          110.068E+03  
                1.18035          110.126E+03  
                1.18145          110.222E+03  
                1.18187          110.26E+03   
                1.18249          110.319E+03  
                1.18341          110.411E+03  
                1.18376          110.447E+03  
                1.18428          110.501E+03  
                1.18507          110.583E+03  
                1.18625          110.708E+03  
                1.18669          110.755E+03  
                1.18735          110.826E+03  
                1.18834          110.929E+03  
                1.18871          110.968E+03  
                1.18927          111.026E+03  
                1.19011          111.11E+03   
                1.19043          111.141E+03  
                1.1909           111.188E+03  
                1.1916           111.256E+03  
                1.19187          111.281E+03  
                1.19227          111.319E+03  
                1.19287          111.375E+03  
                1.19376          111.456E+03  
                1.1941           111.487E+03  
                1.1946           111.533E+03  
                1.19536          111.601E+03  
                1.19564          111.626E+03  
                1.19607          111.664E+03  
                1.19671          111.722E+03  
                1.19766          111.808E+03  
                1.1991           111.942E+03  
                1.19964          111.994E+03  
                1.20045          112.073E+03  
                1.20075          112.103E+03  
                1.20121          112.148E+03  
                1.20189          112.217E+03  
                1.20292          112.324E+03  
                1.2033           112.366E+03  
                1.20388          112.428E+03  
                1.20474          112.523E+03  
                1.20604          112.671E+03  
                1.20653          112.728E+03  
                1.20671          112.749E+03  
                1.20698          112.782E+03  
                1.20709          112.794E+03  
                1.20724          112.812E+03  
                1.20747          112.839E+03  
                1.20782          112.881E+03  
                1.20834          112.943E+03  
                1.20912          113.037E+03  
                1.21029          113.18E+03   
                1.21073          113.234E+03  
                1.21139          113.316E+03  
                1.21237          113.438E+03  
                1.21336          113.561E+03  
                1.21435          113.683E+03  
                1.21472          113.729E+03  
                1.21528          113.798E+03  
                1.21549          113.823E+03  
                1.2158           113.862E+03  
                1.21627          113.919E+03  
                1.21697          114.004E+03  
                1.21803          114.129E+03  
                1.21962          114.309E+03  
                1.22021          114.377E+03  
                1.22111          114.476E+03  
                1.22244          114.617E+03  
                1.22295          114.67E+03   
                1.2237           114.747E+03  
                1.22483          114.857E+03  
                1.22526          114.899E+03  
                1.22589          114.959E+03  
                1.22685          115.046E+03  
                1.2272           115.079E+03  
                1.22774          115.127E+03  
                1.22855          115.197E+03  
                1.22976          115.297E+03  
                1.23021          115.335E+03  
                1.23089          115.391E+03  
                1.23191          115.472E+03  
                1.23229          115.503E+03  
                1.23287          115.547E+03  
                1.23373          115.614E+03  
                1.23502          115.711E+03  
                1.23551          115.747E+03  
                1.23623          115.802E+03  
                1.23733          115.881E+03  
                1.23773          115.911E+03  
                1.23835          115.956E+03  
                1.23927          116.022E+03  
                1.23962          116.046E+03  
                1.24013          116.083E+03  
                1.24091          116.137E+03  
                1.24208          116.217E+03  
                1.24252          116.247E+03  
                1.24317          116.292E+03  
                1.24416          116.357E+03  
                1.24453          116.382E+03  
                1.24508          116.419E+03  
                1.24591          116.472E+03  
                1.24716          116.551E+03  
                1.24763          116.58E+03   
                1.24833          116.624E+03  
                1.24859          116.64E+03   
                1.24899          116.665E+03  
                1.24958          116.7E+03    
                1.25047          116.753E+03  
                1.25092          116.779E+03  
                1.25136          116.806E+03  
                1.25203          116.844E+03  
                1.25228          116.859E+03  
                1.25265          116.881E+03  
                1.25322          116.913E+03  
                1.25406          116.961E+03  
                1.25438          116.979E+03  
                1.25485          117.006E+03  
                1.25557          117.046E+03  
                1.25583          117.061E+03  
                1.25623          117.084E+03  
                1.25684          117.119E+03  
                1.25774          117.171E+03  
                1.25808          117.191E+03  
                1.25859          117.221E+03  
                1.25935          117.266E+03  
                1.26049          117.338E+03  
                1.26092          117.365E+03  
                1.26156          117.407E+03  
                1.26253          117.473E+03  
                1.26289          117.498E+03  
                1.26343          117.536E+03  
                1.26425          117.596E+03  
                1.26547          117.69E+03   
                1.26593          117.727E+03  
                1.26662          117.783E+03  
                1.26765          117.871E+03  
                1.26804          117.905E+03  
                1.26862          117.956E+03  
                1.26949          118.035E+03  
                1.26981          118.066E+03  
                1.2703           118.112E+03  
                1.27104          118.182E+03  
                1.27132          118.209E+03  
                1.27173          118.249E+03  
                1.27235          118.311E+03  
                1.27328          118.404E+03  
                1.27363          118.44E+03   
                1.27415          118.494E+03  
                1.27494          118.575E+03  
                1.27612          118.697E+03  
                1.27656          118.743E+03  
                1.27723          118.812E+03  
                1.27822          118.916E+03  
                1.27859          118.955E+03  
                1.27915          119.013E+03  
                1.27999          119.101E+03  
                1.28126          119.231E+03  
                1.28173          119.281E+03  
                1.28244          119.355E+03  
                1.2835           119.466E+03  
                1.2839           119.508E+03  
                1.2845           119.571E+03  
                1.2854           119.665E+03  
                1.28574          119.701E+03  
                1.28624          119.755E+03  
                1.287            119.836E+03  
                1.28814          119.958E+03  
                1.28856          120.005E+03  
                1.2892           120.074E+03  
                1.29016          120.18E+03   
                1.29052          120.219E+03  
                1.29107          120.279E+03  
                1.29188          120.369E+03  
                1.29218          120.403E+03  
                1.29264          120.454E+03  
                1.29332          120.53E+03   
                1.29435          120.644E+03  
                1.29473          120.687E+03  
                1.29531          120.751E+03  
                1.29618          120.847E+03  
                1.29748          120.988E+03  
                1.29796          121.041E+03  
                1.2987           121.12E+03   
                1.29979          121.234E+03  
                1.30021          121.277E+03  
                1.30082          121.34E+03   
                1.30105          121.364E+03  
                1.3014           121.399E+03  
                1.30192          121.451E+03  
                1.30212          121.47E+03   
                1.30241          121.499E+03  
                1.30252          121.509E+03  
                1.30269          121.525E+03  
                1.30293          121.549E+03  
                1.30331          121.585E+03  
                1.30386          121.637E+03  
                1.3047           121.713E+03  
                1.30501          121.742E+03  
                1.30548          121.784E+03  
                1.30619          121.845E+03  
                1.30672          121.891E+03  
                1.30751          121.958E+03  
                1.30781          121.983E+03  
                1.30825          122.02E+03   
                1.30892          122.073E+03  
                1.30917          122.093E+03  
                1.30955          122.123E+03  
                1.30969          122.134E+03  
                1.30975          122.139E+03  
                1.30983          122.145E+03  
                1.30994          122.154E+03  
                1.31012          122.168E+03  
                1.31039          122.188E+03  
                1.31079          122.219E+03  
                1.3114           122.263E+03  
                1.3123           122.327E+03  
                1.31264          122.351E+03  
                1.31268          122.353E+03  
                1.31272          122.356E+03  
                1.31279          122.361E+03  
                1.3129           122.369E+03  
                1.31306          122.38E+03   
                1.31331          122.397E+03  
                1.3134           122.403E+03  
                1.31353          122.412E+03  
                1.31374          122.426E+03  
                1.31404          122.446E+03  
                1.3145           122.476E+03  
                1.31467          122.487E+03  
                1.31493          122.504E+03  
                1.31532          122.528E+03  
                1.3159           122.564E+03  
                1.31677          122.617E+03  
                1.3171           122.637E+03  
                1.31759          122.667E+03  
                1.31778          122.678E+03  
                1.31805          122.695E+03  
                1.31847          122.72E+03   
                1.31909          122.757E+03  
                1.32002          122.814E+03  
                1.32037          122.836E+03  
                1.3209           122.869E+03  
                1.32109          122.882E+03  
                1.32139          122.901E+03  
                1.32183          122.93E+03   
                1.32249          122.975E+03  
                1.32349          123.045E+03  
                1.32386          123.072E+03  
                1.32442          123.114E+03  
                1.32527          123.178E+03  
                1.32653          123.281E+03  
                1.327            123.32E+03   
                1.32771          123.38E+03   
                1.32798          123.403E+03  
                1.32838          123.438E+03  
                1.32898          123.49E+03   
                1.3292           123.51E+03   
                1.32954          123.539E+03  
                1.33004          123.584E+03  
                1.3308           123.651E+03  
                1.33194          123.751E+03  
                1.33223          123.776E+03  
                1.33251          123.801E+03  
                1.33294          123.838E+03  
                1.33358          123.894E+03  
                1.33454          123.975E+03  
                1.3349           124.006E+03  
                1.33544          124.052E+03  
                1.33625          124.12E+03   
                1.33656          124.145E+03  
                1.33701          124.183E+03  
                1.3377           124.24E+03   
                1.33872          124.325E+03  
                1.33911          124.357E+03  
                1.33969          124.405E+03  
                1.34055          124.478E+03  
                1.34088          124.506E+03  
                1.34137          124.548E+03  
                1.3421           124.611E+03  
                1.3432           124.709E+03  
                1.34361          124.746E+03  
                1.34423          124.803E+03  
                1.34515          124.89E+03   
                1.3455           124.923E+03  
                1.34602          124.974E+03  
                1.3468           125.05E+03   
                1.34798          125.165E+03  
                1.34842          125.209E+03  
                1.34908          125.274E+03  
                1.35007          125.37E+03   
                1.35044          125.407E+03  
                1.351            125.46E+03   
                1.35183          125.538E+03  
                1.35215          125.567E+03  
                1.35262          125.61E+03   
                1.35332          125.672E+03  
                1.35359          125.696E+03  
                1.35369          125.704E+03  
                1.35384          125.717E+03  
                1.35389          125.722E+03  
                1.35398          125.729E+03  
                1.3541           125.74E+03   
                1.35429          125.756E+03  
                1.35448          125.771E+03  
                1.35467          125.787E+03  
                1.35495          125.81E+03   
                1.35537          125.843E+03  
                1.35601          125.891E+03  
                1.35696          125.957E+03  
                1.35732          125.981E+03  
                1.35786          126.016E+03  
                1.35867          126.063E+03  
                1.35897          126.081E+03  
                1.35942          126.106E+03  
                1.3601           126.14E+03   
                1.36112          126.184E+03  
                1.36138          126.194E+03  
                1.36163          126.205E+03  
                1.36201          126.219E+03  
                1.36259          126.239E+03  
                1.3628           126.246E+03  
                1.36313          126.256E+03  
                1.36361          126.27E+03   
                1.36434          126.288E+03  
                1.36461          126.294E+03  
                1.36502          126.303E+03  
                1.36563          126.315E+03  
                1.36655          126.329E+03  
                1.36747          126.342E+03  
                1.36839          126.353E+03  
                1.36931          126.364E+03  
                1.37023          126.374E+03  
                1.37046          126.377E+03  
                1.3707           126.379E+03  
                1.37104          126.383E+03  
                1.37156          126.389E+03  
                1.37234          126.399E+03  
                1.3735           126.414E+03  
                1.37467          126.432E+03  
                1.37584          126.452E+03  
                1.37613          126.458E+03  
                1.37642          126.463E+03  
                1.37686          126.472E+03  
                1.37751          126.485E+03  
                1.3785           126.504E+03  
                1.37948          126.524E+03  
                1.38047          126.544E+03  
                1.38072          126.549E+03  
                1.38096          126.554E+03  
                1.38133          126.561E+03  
                1.38189          126.571E+03  
                1.38272          126.584E+03  
                1.38397          126.599E+03  
                1.38428          126.603E+03  
                1.38459          126.607E+03  
                1.38506          126.612E+03  
                1.38576          126.619E+03  
                1.38602          126.621E+03  
                1.38642          126.624E+03  
                1.38701          126.629E+03  
                1.3879           126.636E+03  
                1.38923          126.649E+03  
                1.38957          126.653E+03  
                1.3899           126.657E+03  
                1.3904           126.664E+03  
                1.39115          126.675E+03  
                1.39228          126.696E+03  
                1.39256          126.702E+03  
                1.39284          126.709E+03  
                1.39326          126.719E+03  
                1.3939           126.737E+03  
                1.39485          126.769E+03  
                1.39521          126.782E+03  
                1.39574          126.804E+03  
                1.39654          126.843E+03  
                1.39775          126.912E+03  
                1.39805          126.931E+03  
                1.39835          126.95E+03   
                1.3988           126.98E+03   
                1.39948          127.03E+03   
                1.40049          127.112E+03  
                1.40088          127.145E+03  
                1.40145          127.196E+03  
                1.40231          127.279E+03  
                1.40263          127.311E+03  
                1.40311          127.361E+03  
                1.40383          127.44E+03   
                1.40411          127.47E+03   
                1.40451          127.516E+03  
                1.40512          127.589E+03  
                1.40573          127.663E+03  
                1.40635          127.74E+03   
                1.40696          127.819E+03  
                1.40757          127.9E+03    
                1.40818          127.982E+03  
                1.40879          128.067E+03  
                1.4094           128.153E+03  
                1.41001          128.241E+03  
                1.41093          128.377E+03  
                1.41128          128.429E+03  
                1.41179          128.508E+03  
                1.41257          128.629E+03  
                1.41315          128.722E+03  
                1.41402          128.864E+03  
                1.41435          128.918E+03  
                1.41484          128.999E+03  
                1.41557          129.124E+03  
                1.41585          129.171E+03  
                1.41626          129.242E+03  
                1.41688          129.349E+03  
                1.41711          129.389E+03  
                1.41746          129.45E+03   
                1.41799          129.541E+03  
                1.41877          129.679E+03  
                1.41907          129.731E+03  
                1.41951          129.809E+03  
                1.41968          129.838E+03  
                1.41993          129.882E+03  
                1.4203           129.948E+03  
                1.42086          130.046E+03  
                1.4217           130.193E+03  
                1.42201          130.248E+03  
                1.42249          130.329E+03  
                1.42266          130.36E+03   
                1.42293          130.406E+03  




