
                  X              uf-600-exp   

                0.                -0.         
               39.94E-09         144.262E-03  
              319.041E-09        746.553E-03  
                1.70601E-06        1.94853    
                7.53894E-06        4.44846    
               29.9775E-06         9.54913    
              111.812E-06         21.6481     
              399.954E-06         56.0726     
                1.38837E-03      163.196      
                4.70264E-03      506.745      
               15.5512E-03         1.60973E+03
               49.9952E-03         5.08311E+03
              154.626E-03         15.598E+03  
              212.548E-03         21.5084E+03 
              319.557E-03         32.1593E+03 
              330.833E-03         33.63E+03   
              348.145E-03         35.1323E+03 
              349.793E-03         35.3371E+03 
              352.272E-03         35.5596E+03 
              353.204E-03         35.647E+03  
              354.604E-03         35.7702E+03 
              356.711E-03         35.9554E+03 
              358.295E-03         36.0996E+03 
              359.883E-03         36.2435E+03 
              361.475E-03         36.3876E+03 
              363.07E-03          36.5309E+03 
              364.67E-03          36.6716E+03 
              366.273E-03         36.8077E+03 
              367.879E-03         36.9375E+03 
              369.49E-03          37.0598E+03 
              371.104E-03         37.1733E+03 
              372.722E-03         37.2769E+03 
              374.344E-03         37.3684E+03 
              375.97E-03          37.4453E+03 
              377.599E-03         37.5061E+03 
              379.232E-03         37.5522E+03 
              381.688E-03         37.606E+03  
              383.536E-03         37.6562E+03 
              385.389E-03         37.7235E+03 
              387.246E-03         37.8201E+03 
              389.109E-03         37.9523E+03 
              391.911E-03         38.224E+03  
              396.134E-03         38.7422E+03 
              402.513E-03         39.5883E+03 
              412.183E-03         40.7345E+03 
              426.912E-03         42.1965E+03 
              449.512E-03         44.3518E+03 
              451.661E-03         44.6263E+03 
              453.816E-03         44.8402E+03 
              455.976E-03         45.047E+03  
              459.227E-03         45.3542E+03 
              460.448E-03         45.4769E+03 
              460.907E-03         45.5234E+03 
              461.595E-03         45.59E+03   
              462.629E-03         45.6878E+03 
              464.181E-03         45.8341E+03 
              465.737E-03         45.9818E+03 
              467.295E-03         46.1294E+03 
              468.855E-03         46.2763E+03 
              470.418E-03         46.4219E+03 
              472.768E-03         46.6309E+03 
              473.945E-03         46.7375E+03 
              475.124E-03         46.8383E+03 
              476.895E-03         46.9764E+03 
              478.669E-03         47.1035E+03 
              480.446E-03         47.2187E+03 
              482.227E-03         47.3248E+03 
              484.904E-03         47.4811E+03 
              487.589E-03         47.6599E+03 
              490.282E-03         47.8705E+03 
              492.306E-03         48.0495E+03 
              494.335E-03         48.2436E+03 
              496.368E-03         48.4504E+03 
              499.425E-03         48.7709E+03 
              504.028E-03         49.2516E+03 
              505.76E-03          49.4412E+03 
              508.363E-03         49.7075E+03 
              510.973E-03         49.9706E+03 
              513.589E-03         50.23E+03   
              516.212E-03         50.4866E+03 
              518.842E-03         50.7413E+03 
              521.479E-03         50.9945E+03 
              524.122E-03         51.246E+03  
              526.772E-03         51.495E+03  
              529.429E-03         51.7407E+03 
              532.092E-03         51.9831E+03 
              534.094E-03         52.1652E+03 
              537.104E-03         52.4304E+03 
              540.122E-03         52.6971E+03 
              541.634E-03         52.8347E+03 
              543.148E-03         52.9689E+03 
              545.424E-03         53.1674E+03 
              547.704E-03         53.3686E+03 
              549.989E-03         53.5716E+03 
              552.278E-03         53.7772E+03 
              555.721E-03         54.0917E+03 
              560.905E-03         54.5892E+03 
              562.205E-03         54.7264E+03 
              563.506E-03         54.8578E+03 
              565.461E-03         55.0535E+03 
              568.399E-03         55.3522E+03 
              571.344E-03         55.6569E+03 
              574.297E-03         55.9619E+03 
              577.258E-03         56.2641E+03 
              581.712E-03         56.6998E+03 
              583.387E-03         56.8698E+03 
              585.903E-03         57.1083E+03 
              588.425E-03         57.3431E+03 
              590.952E-03         57.5744E+03 
              593.484E-03         57.8032E+03 
              596.021E-03         58.0308E+03 
              598.564E-03         58.258E+03  
              602.388E-03         58.5962E+03 
              604.304E-03         58.7721E+03 
              606.223E-03         58.9443E+03 
              609.107E-03         59.1996E+03 
              611.998E-03         59.4578E+03 
              614.895E-03         59.7165E+03 
              615.621E-03         59.7855E+03 
              616.346E-03         59.8519E+03 
              617.436E-03         59.9485E+03 
              619.072E-03         60.0918E+03 
              621.529E-03         60.304E+03  
              625.224E-03         60.6131E+03 
              628.93E-03          60.9176E+03 
              632.646E-03         61.2178E+03 
              636.372E-03         61.5172E+03 
              640.109E-03         61.8171E+03 
              643.856E-03         62.1165E+03 
              646.673E-03         62.3425E+03 
              649.496E-03         62.5651E+03 
              652.325E-03         62.7873E+03 
              655.159E-03         63.0124E+03 
              657.999E-03         63.2447E+03 
              660.845E-03         63.4896E+03 
              663.697E-03         63.7506E+03 
              667.985E-03         64.1743E+03 
              672.286E-03         64.6252E+03 
              676.6E-03           65.0837E+03 
              680.926E-03         65.5355E+03 
              687.44E-03          66.1705E+03 
              697.265E-03         67.054E+03  
              704.675E-03         67.7092E+03 
              712.122E-03         68.3571E+03 
              713.989E-03         68.5316E+03 
              716.794E-03         68.776E+03  
              717.847E-03         68.8711E+03 
              719.428E-03         69.0094E+03 
              721.802E-03         69.2165E+03 
              725.371E-03         69.5308E+03 
              728.947E-03         69.8515E+03 
              732.531E-03         70.1752E+03 
              737.922E-03         70.6603E+03 
              746.042E-03         71.3966E+03 
              749.098E-03         71.6881E+03 
              750.245E-03         71.7981E+03 
              751.967E-03         71.9566E+03 
              754.554E-03         72.1937E+03 
              756.496E-03         72.375E+03  
              758.441E-03         72.5564E+03 
              760.388E-03         72.7386E+03 
              763.313E-03         73.0116E+03 
              764.411E-03         73.1181E+03 
              766.059E-03         73.2735E+03 
              768.535E-03         73.5047E+03 
              771.014E-03         73.7361E+03 
              773.497E-03         73.9651E+03 
              775.983E-03         74.1903E+03 
              778.472E-03         74.4111E+03 
              780.965E-03         74.6273E+03 
              784.712E-03         74.9405E+03 
              787.526E-03         75.1758E+03 
              791.757E-03         75.521E+03  
              795.997E-03         75.8725E+03 
              800.248E-03         76.2338E+03 
              804.508E-03         76.6086E+03 
              810.916E-03         77.1952E+03 
              813.325E-03         77.4286E+03 
              816.944E-03         77.7711E+03 
              822.386E-03         78.2837E+03 
              830.577E-03         79.0307E+03 
              842.929E-03         80.1132E+03 
              852.244E-03         80.9362E+03 
              861.602E-03         81.7707E+03 
              865.122E-03         82.0986E+03 
              870.414E-03         82.5802E+03 
              874.392E-03         82.9512E+03 
              875.885E-03         83.0946E+03 
              878.127E-03         83.3043E+03 
              881.495E-03         83.6195E+03 
              886.557E-03         84.0908E+03 
              891.631E-03         84.5566E+03 
              896.717E-03         85.0068E+03 
              898.627E-03         85.1786E+03 
              901.496E-03         85.4205E+03 
              902.572E-03         85.5131E+03 
              904.188E-03         85.6457E+03 
              906.614E-03         85.8375E+03 
              909.043E-03         86.0248E+03 
              911.475E-03         86.2067E+03 
              913.909E-03         86.3832E+03 
              917.565E-03         86.6361E+03 
              923.06E-03          87.0071E+03 
              925.124E-03         87.153E+03  
              928.224E-03         87.365E+03  
              932.881E-03         87.6979E+03 
              939.884E-03         88.2578E+03 
              941.639E-03         88.4112E+03 
              943.394E-03         88.5624E+03 
              946.03E-03          88.7955E+03 
              949.989E-03         89.1646E+03 
              955.939E-03         89.742E+03  
              961.905E-03         90.3229E+03 
              967.885E-03         90.8885E+03 
              976.882E-03         91.6893E+03 
              980.264E-03         91.9954E+03 
              985.346E-03         92.4294E+03 
              987.254E-03         92.5964E+03 
              990.12E-03          92.8374E+03 
              991.195E-03         92.93E+03   
              992.809E-03         93.0651E+03 
              995.231E-03         93.2656E+03 
              998.869E-03         93.5645E+03 
                1.00251           93.8634E+03 
                1.00616           94.1591E+03 
                1.00753           94.2725E+03 
                1.00959           94.4361E+03 
                1.01267           94.6742E+03 
                1.01576           94.9065E+03 
                1.01886           95.1311E+03 
                1.0235            95.4508E+03 
                1.03049           95.9263E+03 
                1.041             96.7319E+03 
                1.05155           97.6666E+03 
                1.06214           98.6794E+03 
                1.06479           98.9481E+03 
                1.06745           99.2094E+03 
                1.07144           99.598E+03  
                1.07743          100.167E+03  
                1.07968          100.384E+03  
                1.08306          100.692E+03  
                1.08433          100.81E+03   
                1.08623          100.979E+03  
                1.08909          101.223E+03  
                1.09016          101.316E+03  
                1.09177          101.45E+03   
                1.09418          101.645E+03  
                1.09781          101.927E+03  
                1.10325          102.329E+03  
                1.10462          102.434E+03  
                1.10598          102.534E+03  
                1.10803          102.68E+03   
                1.1111           102.892E+03  
                1.11225          102.973E+03  
                1.11398          103.09E+03   
                1.11658          103.259E+03  
                1.11918          103.426E+03  
                1.12178          103.59E+03   
                1.12569          103.831E+03  
                1.1296           104.076E+03  
                1.13352          104.332E+03  
                1.1394           104.754E+03  
                1.14529          105.227E+03  
                1.15119          105.747E+03  
                1.15341          105.953E+03  
                1.15674          106.266E+03  
                1.16173          106.753E+03  
                1.16924          107.495E+03  
                1.17489          108.051E+03  
                1.18054          108.592E+03  
                1.18903          109.357E+03  
                1.19222          109.645E+03  
                1.19701          110.053E+03  
                1.20421          110.639E+03  
                1.21143          111.214E+03  
                1.21865          111.788E+03  
                1.22952          112.664E+03  
                1.2336           113.007E+03  
                1.23973          113.516E+03  
                1.24203          113.713E+03  
                1.24549          114.006E+03  
                1.24679          114.118E+03  
                1.24873          114.285E+03  
                1.25165          114.537E+03  
                1.25275          114.633E+03  
                1.25439          114.777E+03  
                1.25686          114.993E+03  
                1.26056          115.321E+03  
                1.26613          115.819E+03  
                1.26821          116.011E+03  
                1.269            116.083E+03  
                1.27017          116.19E+03   
                1.27193          116.349E+03  
                1.27458          116.587E+03  
                1.27557          116.678E+03  
                1.27706          116.812E+03  
                1.2793           117.012E+03  
                1.28265          117.304E+03  
                1.28391          117.415E+03  
                1.2858           117.577E+03  
                1.28864          117.81E+03   
                1.29289          118.14E+03   
                1.29449          118.263E+03  
                1.29689          118.438E+03  
                1.29778          118.504E+03  
                1.29913          118.599E+03  
                1.30116          118.736E+03  
                1.3042           118.934E+03  
                1.30876          119.217E+03  
                1.31047          119.325E+03  
                1.31304          119.481E+03  
                1.31689          119.714E+03  
                1.31834          119.805E+03  
                1.32051          119.938E+03  
                1.32377          120.142E+03  
                1.32866          120.465E+03  
                1.33601          121.002E+03  
                1.33877          121.217E+03  
                1.34291          121.551E+03  
                1.34446          121.681E+03  
                1.3468           121.879E+03  
                1.35029          122.186E+03  
                1.35161          122.305E+03  
                1.35358          122.485E+03  
                1.35653          122.76E+03   
                1.35764          122.865E+03  
                1.35931          123.024E+03  
                1.36181          123.264E+03  
                1.36555          123.629E+03  
                1.36931          123.995E+03  
                1.37306          124.356E+03  
                1.3787           124.875E+03  
                1.38716          125.607E+03  
                1.39034          125.88E+03   
                1.39511          126.27E+03   
                1.40228          126.828E+03  
                1.40497          127.039E+03  
                1.40598          127.117E+03  
                1.40749          127.232E+03  
                1.40976          127.401E+03  
                1.41317          127.648E+03  
                1.41829          128.008E+03  
                1.42597          128.531E+03  
                1.42789          128.666E+03  
                1.42982          128.797E+03  
                1.4327           128.99E+03   
                1.43704          129.281E+03  
                1.43866          129.393E+03  
                1.4411           129.558E+03  
                1.44476          129.807E+03  
                1.45026          130.189E+03  
                1.45232          130.336E+03  
                1.45541          130.556E+03  
                1.46006          130.892E+03  
                1.46703          131.406E+03  
                1.46878          131.539E+03  
                1.47052          131.669E+03  
                1.47314          131.863E+03  
                1.47707          132.151E+03  
                1.481            132.433E+03  
                1.48199          132.505E+03  
                1.48346          132.61E+03   
                1.48568          132.763E+03  
                1.48651          132.821E+03  
                1.48775          132.906E+03  
                1.48962          133.031E+03  
                1.49243          133.215E+03  
                1.49664          133.478E+03  
                1.50296          133.848E+03  
                1.50928          134.199E+03  
                1.51561          134.536E+03  
                1.5172           134.623E+03  
                1.51878          134.707E+03  
                1.52116          134.83E+03   
                1.52473          135.012E+03  
                1.53008          135.285E+03  
                1.53142          135.355E+03  
                1.53276          135.424E+03  
                1.53477          135.527E+03  
                1.53678          135.63E+03   
                1.53879          135.736E+03  
                1.54181          135.901E+03  
                1.54294          135.965E+03  
                1.54464          136.063E+03  
                1.54718          136.22E+03   
                1.55101          136.477E+03  
                1.55483          136.752E+03  
                1.55866          137.039E+03  
                1.56249          137.33E+03   
                1.56632          137.624E+03  
                1.57015          137.917E+03  
                1.57399          138.207E+03  
                1.57782          138.49E+03   
                1.57926          138.596E+03  
                1.58142          138.751E+03  
                1.58223          138.809E+03  
                1.58345          138.895E+03  
                1.58527          139.02E+03   
                1.58595          139.068E+03  
                1.58698          139.137E+03  
                1.58852          139.239E+03  
                1.59082          139.388E+03  
                1.59169          139.445E+03  
                1.59299          139.528E+03  
                1.59494          139.65E+03   
                1.59786          139.83E+03   
                1.59896          139.898E+03  
                1.6006           140.E+03     
                1.60307          140.15E+03   
                1.60678          140.375E+03  
                1.61234          140.707E+03  
                1.6179           141.026E+03  
                1.61929          141.107E+03  
                1.62138          141.222E+03  
                1.62451          141.384E+03  
                1.62764          141.533E+03  
                1.63078          141.667E+03  
                1.63391          141.782E+03  
                1.63705          141.877E+03  
                1.64019          141.952E+03  
                1.64136          141.979E+03  
                1.64313          142.011E+03  
                1.64578          142.048E+03  
                1.64677          142.061E+03  
                1.64826          142.077E+03  
                1.6505           142.095E+03  
                1.65134          142.101E+03  
                1.6526           142.109E+03  
                1.65448          142.117E+03  
                1.65731          142.125E+03  
                1.65802          142.128E+03  
                1.65873          142.13E+03   
                1.65979          142.132E+03  
                1.66139          142.134E+03  
                1.66378          142.135E+03  
                1.66737          142.131E+03  
                1.67275          142.112E+03  
                1.67814          142.074E+03  
                1.67948          142.064E+03  
                1.68083          142.053E+03  
                1.68285          142.032E+03  
                1.68588          141.99E+03   
                1.68892          141.936E+03  
                1.69195          141.865E+03  
                1.69499          141.772E+03  
                1.69612          141.734E+03  
                1.69783          141.668E+03  
                1.70039          141.548E+03  
                1.70136          141.501E+03  
                1.7028           141.422E+03  
                1.70496          141.287E+03  
                1.70577          141.234E+03  
                1.70699          141.15E+03   
                1.70881          141.015E+03  
                1.71155          140.798E+03  
                1.71258          140.715E+03  
                1.71412          140.587E+03  
                1.71643          140.389E+03  
                1.7173           140.313E+03  
                1.7186           140.198E+03  
                1.72055          140.016E+03  
                1.72348          139.731E+03  
                1.7264           139.442E+03  
                1.72933          139.158E+03  
                1.7308           139.02E+03   
                1.733            138.822E+03  
                1.73519          138.639E+03  
                1.73739          138.47E+03   
                1.73959          138.314E+03  
                1.74041          138.257E+03  
                1.74165          138.173E+03  
                1.74351          138.05E+03   
                1.74629          137.864E+03  
                1.74907          137.672E+03  
                1.75186          137.47E+03   
                1.75464          137.25E+03   
                1.75743          137.002E+03  
                1.76021          136.721E+03  
                1.76126          136.611E+03  
                1.76283          136.433E+03  
                1.76518          136.138E+03  
                1.76753          135.817E+03  
                1.76988          135.476E+03  
                1.77341          134.941E+03  
                1.77694          134.407E+03  
                1.78047          133.894E+03  
                1.78136          133.767E+03  
                1.78224          133.642E+03  
                1.78357          133.459E+03  
                1.78555          133.196E+03  
                1.7863           133.1E+03    
                1.78742          132.959E+03  
                1.78909          132.759E+03  
                1.79161          132.483E+03  
                1.79255          132.383E+03  
                1.79397          132.241E+03  
                1.79609          132.043E+03  
                1.79689          131.971E+03  
                1.79808          131.866E+03  
                1.79987          131.716E+03  
                1.80256          131.501E+03  
                1.80659          131.207E+03  
                1.8076           131.136E+03  
                1.80861          131.066E+03  
                1.81012          130.967E+03  
                1.81239          130.827E+03  
                1.8158           130.622E+03  
                1.8192           130.405E+03  
                1.82261          130.174E+03  
                1.82388          130.087E+03  
                1.8258           129.952E+03  
                1.82772          129.818E+03  
                1.82963          129.681E+03  
                1.83251          129.457E+03  
                1.83538          129.202E+03  
                1.83826          128.914E+03  
                1.84114          128.597E+03  
                1.84401          128.255E+03  
                1.84689          127.897E+03  
                1.84977          127.529E+03  
                1.85408          126.959E+03  
                1.85516          126.816E+03  
                1.85624          126.671E+03  
                1.85786          126.449E+03  
                1.85847          126.365E+03  
                1.85938          126.237E+03  
                1.86075          126.039E+03  
                1.8628           125.716E+03  
                1.86356          125.591E+03  
                1.86472          125.391E+03  
                1.86645          125.059E+03  
                1.86904          124.493E+03  
                1.87164          123.882E+03  
                1.87423          123.252E+03  
                1.87683          122.622E+03  
                1.8778           122.388E+03  
                1.87926          122.04E+03   
                1.88145          121.531E+03  
                1.88474          120.762E+03  
                1.88802          119.95E+03   
                1.89131          119.061E+03  
                1.89254          118.716E+03  
                1.89439          118.167E+03  
                1.89508          117.957E+03  
                1.89612          117.632E+03  
                1.89768          117.124E+03  
                1.90002          116.319E+03  
                1.9009           116.013E+03  
                1.90222          115.541E+03  
                1.90419          114.812E+03  
                1.90493          114.535E+03  
                1.90604          114.114E+03  
                1.90771          113.465E+03  
                1.91021          112.456E+03  
                1.91115          112.072E+03  
                1.91255          111.484E+03  
                1.91466          110.574E+03  
                1.91545          110.228E+03  
                1.91664          109.701E+03  
                1.91842          108.888E+03  
                1.9202           108.048E+03  
                1.92198          107.177E+03  
                1.92465          105.777E+03  
                1.92732          104.264E+03  
                1.92999          102.622E+03  
                1.93266          100.843E+03  
                1.93533           98.9143E+03 
                1.938             96.8204E+03 
                1.94068           94.5341E+03 
                1.94168           93.6482E+03 
                1.94318           92.2477E+03 
                1.94543           89.958E+03  
                1.94881           85.9901E+03 
                1.94966           84.9632E+03 
                1.9505            83.8995E+03 
                1.95177           82.2153E+03 
                1.95367           79.4715E+03 
                1.95653           74.8234E+03 
                1.95938           69.632E+03  
                1.96223           63.9324E+03 
                1.96509           57.8136E+03 
                1.96794           51.4167E+03 
                1.97079           44.919E+03  
                1.97365           38.5085E+03 
                1.9765            32.3551E+03 
                1.97936           26.586E+03  
                1.98221           21.2706E+03 
                1.98506           16.4187E+03 
                1.98934           10.005E+03  
                1.99255            5.57238E+03
                1.99577            1.40993E+03
                1.99898           -2.55748E+03
                2.00219           -6.34914E+03
                2.0054            -9.91833E+03
                2.00861          -13.158E+03  
                2.01182          -15.922E+03  
                2.01503          -18.0607E+03 
                2.01623          -18.7671E+03 
                2.01804          -19.5879E+03 
                2.02075          -20.2437E+03 
                2.02346          -20.3319E+03 
                2.02617          -19.9224E+03 
                2.02887          -19.1324E+03 
                2.03158          -18.106E+03  
                2.0326           -17.6959E+03 
                2.03412          -17.051E+03  
                2.03641          -16.1037E+03 
                2.03984          -14.9201E+03 
                2.04326          -14.0099E+03 
                2.04669          -13.2779E+03 
                2.05012          -12.5965E+03 
                2.05355          -11.8532E+03 
                2.05697          -10.9386E+03 
                2.0604            -9.75343E+03
                2.06383           -8.24855E+03
                2.06725           -6.45414E+03
                2.07068           -4.46743E+03
                2.0741            -2.4122E+03 
                2.07753         -396.493      
                2.08096            1.51742E+03
                2.08438            3.32535E+03
                2.08952            5.97197E+03
                2.0908             6.63233E+03
                2.09209            7.29582E+03
                2.09401            8.31028E+03
                2.0969             9.90615E+03
                2.10124           12.4763E+03 
                2.10557           15.1336E+03 
                2.1099            17.7147E+03 
                2.11152           18.6616E+03 
                2.11396           19.999E+03  
                2.11761           21.6873E+03 
                2.11899           22.2685E+03 
                2.12104           23.0034E+03 
                2.12412           23.7358E+03 
                2.12721           24.0541E+03 
                2.13029           23.9305E+03 
                2.1326            23.5819E+03 
                2.13606           22.4809E+03 
                2.13953           20.8184E+03 
                2.143             18.6318E+03 
                2.14646           15.9771E+03 
                2.14733           15.2847E+03 
                2.14863           14.1866E+03 
                2.15058           12.418E+03  
                2.1535             9.54423E+03
                2.15642            6.50735E+03
                2.15934            3.36897E+03
                2.16372           -1.35506E+03
                2.16811           -5.89589E+03
                2.17249          -10.0727E+03 
                2.17687          -13.732E+03  
                2.17796          -14.6128E+03 
                2.17905          -15.4565E+03 
                2.1807           -16.6321E+03 
                2.18316          -18.1765E+03 
                2.18685          -19.9587E+03 
                2.18824          -20.5508E+03 
                2.19031          -21.2603E+03 
                2.19343          -21.9161E+03 
                2.1981           -21.9922E+03 
                2.20277          -21.2062E+03 
                2.20744          -19.635E+03  
                2.21211          -17.3873E+03 
                2.21677          -14.5997E+03 
                2.22144          -11.4298E+03 
                2.2226           -10.6168E+03 
                2.22377           -9.78455E+03
                2.22552           -8.50239E+03
                2.22814           -6.53558E+03
                2.23207           -3.59198E+03
                2.23601         -753.088      
                2.23994            1.89466E+03
                2.24387            4.27774E+03
                2.2478             6.33744E+03
                2.25172            8.03113E+03
                2.25565            9.3332E+03 
                2.25712            9.7646E+03 
                2.25933           10.285E+03  
                2.26264           10.7809E+03 
                2.26595           11.0006E+03 
                2.26926           10.9592E+03 
                2.27257           10.6755E+03 
                2.27588           10.1708E+03 
                2.27919            9.46834E+03
                2.28414            8.05956E+03
                2.2891             6.39188E+03
                2.29406            4.56832E+03
                2.29901            2.68967E+03
                2.30396          848.679      
                2.3052           390.86       
                2.30705         -281.084      
                2.30984           -1.24503E+03
                2.31401           -2.5544E+03 
                2.32027           -4.12529E+03
                2.32652           -5.26133E+03
                2.33277           -5.95393E+03
                2.33511           -6.15332E+03
                2.33862           -6.313E+03  
                2.34389           -6.26641E+03
                2.35179           -5.66597E+03
                2.35376           -5.4877E+03 
                2.35573           -5.27807E+03
                2.35869           -4.90408E+03
                2.36312           -4.23996E+03
                2.36756           -3.50132E+03
                2.37199           -2.71308E+03
                2.37863           -1.49324E+03
                2.38029           -1.18983E+03
                2.38195         -884.655      
                2.38444         -429.15       
                2.38817          235.645      
                2.38957          480.423      
                2.39166          840.251      
                2.39481            1.35503E+03
                2.39953            2.05479E+03
                2.4013             2.30444E+03
                2.40395            2.6547E+03 
                2.40792            3.11611E+03
                2.4119             3.50761E+03
                2.41587            3.82564E+03
                2.41736            3.93307E+03
                2.41959            4.07189E+03
                2.42294            4.22584E+03
                2.42796            4.34447E+03
                2.43297            4.36975E+03
                2.43799            4.32534E+03
                2.4455             4.16767E+03
                2.44738            4.11968E+03
                2.44925            4.07017E+03
                2.45207            3.991E+03  
                2.45629            3.86605E+03
                2.4605             3.74199E+03
                2.46472            3.62833E+03
                2.46893            3.5336E+03 
                2.47524            3.45694E+03
                2.4847             3.50385E+03
                2.48706            3.52039E+03
                2.48943            3.55077E+03
                2.49297            3.61937E+03
                2.49828            3.76093E+03
                2.50358            3.92836E+03
                2.50888            4.11092E+03
                2.51087            4.17859E+03
                2.51384            4.28499E+03
                2.51831            4.44083E+03
                2.525              4.63784E+03
                2.52751            4.70137E+03
                2.53127            4.78228E+03
                2.5369             4.84988E+03
                2.54253            4.85517E+03
                2.54394            4.84972E+03
                2.54534            4.84237E+03
                2.54745            4.82401E+03
                2.55061            4.77693E+03
                2.55535            4.66335E+03
                2.56245            4.41045E+03
                2.56954            4.09106E+03
                2.57663            3.72359E+03
                2.57928            3.57612E+03
                2.58326            3.34976E+03
                2.58922            2.99182E+03
                2.59146            2.85146E+03
                2.59481            2.6412E+03 
                2.59732            2.4804E+03 
                2.60108            2.23778E+03
                2.60484            1.99199E+03
                2.6086             1.74463E+03
                2.61423            1.37385E+03
                2.61986            1.00264E+03
                2.62548          637.517      
                2.6311           285.6        
                2.6367           -44.9313     
                2.64231         -345.598      
                2.6479          -608.472      
                2.65349         -827.587      
                2.65907           -1.00072E+03
                2.66743           -1.16196E+03
                2.67161           -1.22572E+03
                2.67578           -1.26364E+03
                2.67995           -1.27817E+03
                2.68151           -1.28264E+03
                2.68385           -1.27794E+03
                2.68736           -1.25168E+03
                2.68868           -1.24153E+03
                2.69065           -1.21795E+03
                2.69361           -1.17004E+03
                2.69804           -1.07798E+03
                2.70468         -912.417      
                2.70634         -874.83       
                2.708           -832.561      
                2.71048         -764.666      
                2.71421         -659.094      
                2.71979         -498.136      
                2.72397         -380.878      
                2.73024         -202.641      
                2.7318          -163.246      
                2.73337         -120.662      
                2.73571          -54.5218     
                2.73923           45.5302     
                2.74449          195.452      
                2.74976          340.201      
                2.75501          478.893      
                2.76026          610.288      
                2.76157          638.82       
                2.76288          669.571      
                2.76484          716.812      
                2.76779          785.986      
                2.77073          851.895      
                2.77367          915.434      
                2.77807            1.00666E+03
                2.78467            1.12795E+03
                2.79455            1.28171E+03
                2.79825            1.3268E+03 
                2.80194            1.37597E+03
                2.80563            1.42374E+03
                2.80932            1.46949E+03
                2.81484            1.53729E+03
                2.81691            1.55751E+03
                2.82001            1.59399E+03
                2.82466            1.65115E+03
                2.83161            1.73913E+03
                2.83856            1.82215E+03
                2.84549            1.89851E+03
                2.84808            1.92039E+03
                2.85197            1.95907E+03
                2.8578             2.00893E+03
                2.86651            2.05859E+03
                2.87955            2.08431E+03
                2.88442            2.07372E+03
                2.89172            2.06868E+03
                2.90263            2.05707E+03
                2.90671            2.04043E+03
                2.91283            2.03322E+03
                2.92197            2.02936E+03
                2.92539            2.01857E+03
                2.93052            2.01788E+03
                2.93564            2.0155E+03 
                2.94075            2.01117E+03
                2.94585            2.00404E+03
                2.95094            1.99346E+03
                2.95856            1.97225E+03
                2.96141            1.95418E+03
                2.96568            1.93555E+03
                2.96728            1.92399E+03
                2.96968            1.9112E+03 
                2.97328            1.89088E+03
                2.97866            1.85371E+03
                2.98671            1.7799E+03 
                2.99875            1.62983E+03
                3.0167             1.36555E+03
                3.04338            1.04974E+03
                3.06978          887.157      
                3.07633          820.698      
                3.07796          804.252      
                3.08041          795.635      
                3.08408          790.46       
                3.08775          787.979      
                3.09141          790.269      
                3.09689          808.723      
                3.10508          860.608      
                3.1173           974.384      
                3.12187            1.00283E+03
                3.12358            1.01345E+03
                3.12614            1.03986E+03
                3.12998            1.0831E+03 
                3.13573            1.1501E+03 
                3.14146            1.21489E+03
                3.14717            1.2824E+03 
                3.15286            1.3537E+03 
                3.15854            1.42773E+03
                3.16421            1.502E+03  
                3.16986            1.57379E+03
                3.17549            1.64084E+03
                3.1811             1.70185E+03
                3.1867             1.75659E+03
                3.19228            1.80573E+03
                3.19437            1.81644E+03
                3.1975             1.8425E+03 
                3.20218            1.88119E+03
                3.20919            1.93479E+03
                3.21964            1.99731E+03
                3.22354            2.00019E+03
                3.22938            2.02079E+03
                3.2352             2.02952E+03
                3.241              2.02959E+03
                3.24967            2.01918E+03
                3.26258            1.9707E+03 
                3.28176            1.84059E+03
                3.3101             1.58268E+03
                3.33792            1.3171E+03 
                3.3652             1.12636E+03
                3.40509            1.07628E+03
                3.41973            1.01179E+03
                3.42517          993.732      
                3.42721          987.977      
                3.43025          999.715      
                3.43481            1.02625E+03
                3.43651            1.02783E+03
                3.43906            1.0443E+03 
                3.44288            1.07436E+03
                3.44857            1.12199E+03
                3.45707            1.19006E+03
                3.46968            1.28114E+03
                3.48833            1.40159E+03
                3.51567            1.53621E+03
                3.52573            1.51537E+03
                3.54061            1.57938E+03
                3.56248            1.61255E+03
                3.5838             1.55145E+03
                3.60456            1.44903E+03
                3.63465            1.3058E+03 
                3.67741            1.19833E+03
                3.73614            1.31154E+03
                3.81205            1.59855E+03
                3.89903            1.83336E+03
                3.97424            1.96993E+03
                3.99999            2.05667E+03
                4.                 1.86951E+03




