
                  X                 Guf       

                0.                -0.         
               39.94E-09         144.262E-03  
              319.041E-09        746.553E-03  
                1.70601E-06        1.94853    
                7.53894E-06        4.44846    
               29.9775E-06         9.54913    
              111.812E-06         21.6481     
              399.954E-06         56.0726     
                1.38837E-03      163.196      
                4.70264E-03      506.745      
               15.5512E-03         1.60973E+03
               49.9952E-03         5.08311E+03
              154.626E-03         15.598E+03  
              281.19E-03          28.3361E+03 
              339.75E-03          34.2773E+03 
              438.864E-03         44.0421E+03 
              442.176E-03         44.722E+03  
              443.006E-03         44.8322E+03 
              444.253E-03         44.9544E+03 
              446.126E-03         45.1271E+03 
              446.83E-03          45.1953E+03 
              447.886E-03         45.2931E+03 
              449.473E-03         45.4367E+03 
              450.069E-03         45.4931E+03 
              450.963E-03         45.5741E+03 
              452.307E-03         45.6916E+03 
              454.326E-03         45.8602E+03 
              455.085E-03         45.9264E+03 
              456.224E-03         46.0182E+03 
              457.935E-03         46.1475E+03 
              460.507E-03         46.3317E+03 
              464.38E-03          46.6113E+03 
              465.837E-03         46.7269E+03 
              466.384E-03         46.7711E+03 
              467.204E-03         46.8341E+03 
              468.437E-03         46.9291E+03 
              470.289E-03         47.0786E+03 
              473.074E-03         47.3207E+03 
              474.121E-03         47.42E+03   
              475.693E-03         47.567E+03  
              478.056E-03         47.796E+03  
              481.612E-03         48.1551E+03 
              482.949E-03         48.2995E+03 
              483.451E-03         48.3544E+03 
              484.204E-03         48.4335E+03 
              485.335E-03         48.5508E+03 
              487.034E-03         48.727E+03  
              489.588E-03         48.9904E+03 
              493.432E-03         49.3798E+03 
              494.878E-03         49.5334E+03 
              495.42E-03          49.5913E+03 
              496.235E-03         49.674E+03  
              497.458E-03         49.7953E+03 
              499.295E-03         49.9754E+03 
              502.057E-03         50.2441E+03 
              503.095E-03         50.3503E+03 
              504.653E-03         50.5028E+03 
              506.996E-03         50.7305E+03 
              507.876E-03         50.8205E+03 
              509.197E-03         50.9509E+03 
              511.182E-03         51.1463E+03 
              514.167E-03         51.4434E+03 
              518.661E-03         51.8968E+03 
              520.351E-03         52.0776E+03 
              522.892E-03         52.3372E+03 
              523.846E-03         52.439E+03  
              525.279E-03         52.586E+03  
              527.432E-03         52.8043E+03 
              530.67E-03          53.1297E+03 
              531.887E-03         53.2578E+03 
              533.715E-03         53.4407E+03 
              534.401E-03         53.5118E+03 
              535.431E-03         53.6144E+03 
              536.978E-03         53.7656E+03 
              539.303E-03         53.9893E+03 
              540.176E-03         54.077E+03  
              541.487E-03         54.2028E+03 
              543.456E-03         54.3875E+03 
              544.196E-03         54.4598E+03 
              545.306E-03         54.5639E+03 
              546.973E-03         54.7172E+03 
              549.478E-03         54.9447E+03 
              550.419E-03         55.0343E+03 
              551.832E-03         55.1629E+03 
              553.955E-03         55.3535E+03 
              554.752E-03         55.4286E+03 
              555.949E-03         55.5371E+03 
              557.746E-03         55.6986E+03 
              560.448E-03         55.9426E+03 
              561.463E-03         56.0394E+03 
              562.986E-03         56.1794E+03 
              565.276E-03         56.3896E+03 
              568.719E-03         56.7098E+03 
              570.012E-03         56.8372E+03 
              571.955E-03         57.0218E+03 
              572.685E-03         57.094E+03  
              573.78E-03          57.1992E+03 
              575.424E-03         57.3567E+03 
              576.042E-03         57.4184E+03 
              576.968E-03         57.5088E+03 
              578.36E-03          57.6439E+03 
              580.449E-03         57.8484E+03 
              583.591E-03         58.1595E+03 
              584.771E-03         58.2825E+03 
              586.544E-03         58.4609E+03 
              589.208E-03         58.7282E+03 
              590.208E-03         58.8332E+03 
              591.71E-03          58.9855E+03 
              592.274E-03         59.0443E+03 
              593.12E-03          59.1304E+03 
              594.39E-03          59.2583E+03 
              596.298E-03         59.4498E+03 
              597.014E-03         59.5245E+03 
              598.09E-03          59.6334E+03 
              599.704E-03         59.7949E+03 
              600.31E-03          59.8577E+03 
              601.219E-03         59.9494E+03 
              602.585E-03         60.0853E+03 
              604.636E-03         60.2878E+03 
              607.719E-03         60.5892E+03 
              608.877E-03         60.7072E+03 
              610.616E-03         60.8768E+03 
              613.229E-03         61.1275E+03 
              617.158E-03         61.5006E+03 
              618.634E-03         61.6474E+03 
              620.853E-03         61.8578E+03 
              621.685E-03         61.9397E+03 
              622.935E-03         62.0583E+03 
              624.813E-03         62.2343E+03 
              627.634E-03         62.4982E+03 
              628.693E-03         62.6018E+03 
              630.284E-03         62.7517E+03 
              632.674E-03         62.975E+03  
              633.571E-03         63.0625E+03 
              634.918E-03         63.1895E+03 
              636.942E-03         63.3787E+03 
              639.982E-03         63.6635E+03 
              641.124E-03         63.7755E+03 
              642.839E-03         63.9379E+03 
              645.415E-03         64.1807E+03 
              649.288E-03         64.548E+03  
              650.743E-03         64.6928E+03 
              651.289E-03         64.7477E+03 
              652.109E-03         64.8271E+03 
              653.339E-03         64.9446E+03 
              655.187E-03         65.1212E+03 
              655.88E-03          65.1901E+03 
              656.921E-03         65.2909E+03 
              658.483E-03         65.4411E+03 
              660.831E-03         65.6669E+03 
              661.712E-03         65.7552E+03 
              663.035E-03         65.8839E+03 
              665.021E-03         66.0758E+03 
              665.767E-03         66.1506E+03 
              666.886E-03         66.2599E+03 
              668.567E-03         66.4227E+03 
              671.091E-03         66.6674E+03 
              672.039E-03         66.7631E+03 
              673.462E-03         66.9026E+03 
              675.599E-03         67.1105E+03 
              676.401E-03         67.1915E+03 
              677.605E-03         67.3099E+03 
              679.413E-03         67.4861E+03 
              682.129E-03         67.7509E+03 
              683.149E-03         67.8544E+03 
              684.68E-03          68.005E+03  
              686.98E-03          68.2295E+03 
              690.436E-03         68.5665E+03 
              691.734E-03         68.6984E+03 
              693.683E-03         68.8894E+03 
              696.612E-03         69.1735E+03 
              697.711E-03         69.2844E+03 
              699.362E-03         69.4451E+03 
              701.842E-03         69.6838E+03 
              702.773E-03         69.7767E+03 
              704.171E-03         69.9119E+03 
              706.27E-03          70.1124E+03 
              709.423E-03         70.4118E+03 
              710.607E-03         70.5288E+03 
              712.385E-03         70.698E+03  
              715.056E-03         70.9492E+03 
              719.071E-03         71.3242E+03 
              720.579E-03         71.4709E+03 
              722.844E-03         71.6825E+03 
              726.247E-03         71.9976E+03 
              727.525E-03         72.1209E+03 
              729.444E-03         72.2997E+03 
              732.327E-03         72.5671E+03 
              736.661E-03         72.972E+03  
              738.289E-03         73.1313E+03 
              740.735E-03         73.3629E+03 
              744.409E-03         73.7118E+03 
              745.79E-03          73.8486E+03 
              747.862E-03         74.0479E+03 
              750.975E-03         74.3469E+03 
              752.144E-03         74.4637E+03 
              753.899E-03         74.6341E+03 
              756.535E-03         74.8886E+03 
              760.497E-03         75.271E+03  
              761.985E-03         75.4203E+03 
              764.219E-03         75.6368E+03 
              767.576E-03         75.9593E+03 
              768.837E-03         76.0849E+03 
              770.729E-03         76.2673E+03 
              773.572E-03         76.5388E+03 
              777.845E-03         76.9457E+03 
              779.45E-03          77.1047E+03 
              781.86E-03          77.335E+03  
              782.764E-03         77.424E+03  
              784.122E-03         77.554E+03  
              786.161E-03         77.7476E+03 
              789.223E-03         78.0379E+03 
              790.373E-03         78.1509E+03 
              792.099E-03         78.3156E+03 
              794.691E-03         78.5609E+03 
              798.586E-03         78.9286E+03 
              800.048E-03         79.0719E+03 
              802.245E-03         79.2798E+03 
              805.544E-03         79.5895E+03 
              806.783E-03         79.7099E+03 
              808.642E-03         79.8851E+03 
              811.435E-03         80.1461E+03 
              815.633E-03         80.5376E+03 
              817.209E-03         80.6903E+03 
              819.576E-03         80.9122E+03 
              823.132E-03         81.2442E+03 
              824.467E-03         81.3735E+03 
              826.472E-03         81.5621E+03 
              829.483E-03         81.8442E+03 
              834.008E-03         82.2695E+03 
              840.815E-03         82.912E+03  
              841.454E-03         82.9808E+03 
              842.414E-03         83.0759E+03 
              843.854E-03         83.213E+03  
              846.016E-03         83.4173E+03 
              849.263E-03         83.7245E+03 
              850.482E-03         83.8438E+03 
              852.312E-03         84.0181E+03 
              855.06E-03          84.2785E+03 
              859.19E-03          84.6693E+03 
              860.74E-03          84.8213E+03 
              863.068E-03         85.0425E+03 
              866.566E-03         85.3721E+03 
              871.822E-03         85.8654E+03 
              873.797E-03         86.0574E+03 
              876.763E-03         86.3359E+03 
              877.876E-03         86.4433E+03 
              879.547E-03         86.6004E+03 
              882.056E-03         86.8345E+03 
              882.997E-03         86.9251E+03 
              884.41E-03          87.0579E+03 
              886.532E-03         87.256E+03  
              889.718E-03         87.5536E+03 
              890.914E-03         87.669E+03  
              892.709E-03         87.8379E+03 
              895.405E-03         88.0902E+03 
              896.416E-03         88.1877E+03 
              897.935E-03         88.3308E+03 
              898.505E-03         88.3855E+03 
              899.359E-03         88.4662E+03 
              900.642E-03         88.5864E+03 
              901.605E-03         88.6773E+03 
              902.568E-03         88.7681E+03 
              903.531E-03         88.8589E+03 
              904.495E-03         88.9496E+03 
              905.46E-03          89.0403E+03 
              906.424E-03         89.1311E+03 
              907.389E-03         89.2219E+03 
              908.355E-03         89.3127E+03 
              909.321E-03         89.4034E+03 
              910.287E-03         89.4941E+03 
              911.254E-03         89.5847E+03 
              912.221E-03         89.6749E+03 
              913.189E-03         89.7643E+03 
              914.157E-03         89.8521E+03 
              915.126E-03         89.9367E+03 
              916.095E-03         90.0155E+03 
              917.064E-03         90.0845E+03 
              918.034E-03         90.1376E+03 
              919.004E-03         90.1663E+03 
              919.974E-03         90.1595E+03 
              920.945E-03         90.104E+03  
              921.917E-03         89.9847E+03 
              922.889E-03         89.7864E+03 
              923.861E-03         89.4947E+03 
              924.834E-03         89.0981E+03 
              925.807E-03         88.5891E+03 
              926.78E-03          87.9655E+03 
              927.754E-03         87.2304E+03 
              928.728E-03         86.3917E+03 
              929.703E-03         85.4613E+03 
              930.678E-03         84.453E+03  
              931.654E-03         83.3812E+03 
              932.63E-03          82.2593E+03 
              933.606E-03         81.099E+03  
              934.583E-03         79.9094E+03 
              935.56E-03          78.6978E+03 
              936.537E-03         77.4695E+03 
              937.515E-03         76.229E+03  
              938.494E-03         74.9809E+03 
              939.473E-03         73.7303E+03 
              940.452E-03         72.4832E+03 
              941.431E-03         71.2465E+03 
              942.411E-03         70.028E+03  
              943.392E-03         68.8353E+03 
              944.373E-03         67.6753E+03 
              945.354E-03         66.5534E+03 
              946.336E-03         65.4731E+03 
              947.318E-03         64.4352E+03 
              948.3E-03           63.4383E+03 
              949.283E-03         62.4791E+03 
              950.266E-03         61.5532E+03 
              951.25E-03          60.6559E+03 
              952.234E-03         59.783E+03  
              953.218E-03         58.9321E+03 
              954.203E-03         58.1023E+03 
              955.189E-03         57.2949E+03 
              956.174E-03         56.5131E+03 
              957.16E-03          55.7615E+03 
              958.147E-03         55.0453E+03 
              959.134E-03         54.3702E+03 
              960.121E-03         53.741E+03  
              961.109E-03         53.1618E+03 
              962.097E-03         52.6348E+03 
              963.085E-03         52.1611E+03 
              964.074E-03         51.7396E+03 
              965.064E-03         51.3675E+03 
              966.053E-03         51.0402E+03 
              967.043E-03         50.7514E+03 
              968.034E-03         50.4932E+03 
              968.405E-03         50.4007E+03 
              968.963E-03         50.2686E+03 
              969.799E-03         50.0796E+03 
              970.636E-03         49.8943E+03 
              971.473E-03         49.7063E+03 
              972.31E-03          49.5095E+03 
              973.147E-03         49.2981E+03 
              973.985E-03         49.0675E+03 
              974.823E-03         48.8141E+03 
              975.661E-03         48.5358E+03 
              976.5E-03           48.2318E+03 
              977.339E-03         47.9035E+03 
              978.178E-03         47.5536E+03 
              979.018E-03         47.1871E+03 
              979.857E-03         46.8105E+03 
              980.697E-03         46.4319E+03 
              981.538E-03         46.0607E+03 
              982.378E-03         45.7071E+03 
              982.588E-03         45.6202E+03 
              982.799E-03         45.5347E+03 
              983.114E-03         45.4101E+03 
              983.587E-03         45.2333E+03 
              984.06E-03          45.0687E+03 
              984.533E-03         44.9181E+03 
              985.007E-03         44.7833E+03 
              985.48E-03          44.6657E+03 
              985.954E-03         44.5666E+03 
              986.427E-03         44.487E+03  
              987.138E-03         44.4125E+03 
              988.204E-03         44.3949E+03 
              989.271E-03         44.4514E+03 
              990.338E-03         44.5488E+03 
              991.406E-03         44.6455E+03 
              991.672E-03         44.6694E+03 
              991.94E-03          44.6918E+03 
              992.34E-03          44.7194E+03 
              992.941E-03         44.7392E+03 
              993.542E-03         44.7297E+03 
              994.143E-03         44.684E+03  
              994.745E-03         44.596E+03  
              995.346E-03         44.4613E+03 
              995.948E-03         44.2774E+03 
              996.549E-03         44.0436E+03 
              997.151E-03         43.7613E+03 
              997.753E-03         43.4334E+03 
              998.356E-03         43.0647E+03 
              998.958E-03         42.6606E+03 
              999.56E-03          42.2272E+03 
                1.00046           41.5317E+03 
                1.00137           40.809E+03  
                1.00227           40.0726E+03 
                1.00318           39.332E+03  
                1.00408           38.5935E+03 
                1.00544           37.5036E+03 
                1.00748           35.9467E+03 
                1.00952           34.4913E+03 
                1.01156           33.1303E+03 
                1.01361           31.8247E+03 
                1.01565           30.5146E+03 
                1.0177            29.1397E+03 
                1.01975           27.6631E+03 
                1.0218            26.0876E+03 
                1.02231           25.6891E+03 
                1.02282           25.2844E+03 
                1.02359           24.6662E+03 
                1.02475           23.7276E+03 
                1.0259            22.7954E+03 
                1.02706           21.8891E+03 
                1.02821           21.0295E+03 
                1.02937           20.2374E+03 
                1.03053           19.5315E+03 
                1.03226           18.7093E+03 
                1.03357           18.2381E+03 
                1.03552           17.8535E+03 
                1.0365            17.7411E+03 
                1.03748           17.702E+03  
                1.03846           17.7306E+03 
                1.03944           17.8195E+03 
                1.04042           17.9602E+03 
                1.0414            18.1434E+03 
                1.04238           18.359E+03  
                1.04336           18.5962E+03 
                1.04434           18.8437E+03 
                1.04532           19.0897E+03 
                1.0463            19.3224E+03 
                1.04728           19.5298E+03 
                1.04827           19.7012E+03 
                1.04925           19.8271E+03 
                1.04962           19.8678E+03 
                1.05017           19.9119E+03 
                1.05072           19.9381E+03 
                1.05128           19.9459E+03 
                1.05183           19.9351E+03 
                1.05238           19.9059E+03 
                1.05294           19.859E+03  
                1.05349           19.7954E+03 
                1.05405           19.7168E+03 
                1.0546            19.6252E+03 
                1.05481           19.5893E+03 
                1.05512           19.5318E+03 
                1.05559           19.4393E+03 
                1.05629           19.2925E+03 
                1.05699           19.1441E+03 
                1.05769           19.0001E+03 
                1.05839           18.8657E+03 
                1.0591            18.7455E+03 
                1.0598            18.6427E+03 
                1.0605            18.5593E+03 
                1.06103           18.5082E+03 
                1.06155           18.4683E+03 
                1.06208           18.4394E+03 
                1.06261           18.4208E+03 
                1.0634            18.4128E+03 
                1.06419           18.4216E+03 
                1.06498           18.4444E+03 
                1.06577           18.4791E+03 
                1.06637           18.5116E+03 
                1.06696           18.5503E+03 
                1.06756           18.5957E+03 
                1.06815           18.6486E+03 
                1.06874           18.7102E+03 
                1.06934           18.7819E+03 
                1.06993           18.8649E+03 
                1.07053           18.9606E+03 
                1.07112           19.07E+03   
                1.07172           19.194E+03  
                1.07231           19.3327E+03 
                1.07291           19.4859E+03 
                1.0735            19.6529E+03 
                1.0744            19.9286E+03 
                1.07529           20.2215E+03 
                1.07619           20.5205E+03 
                1.07753           20.932E+03  
                1.07954           21.2768E+03 
                1.08155           21.1926E+03 
                1.08357           20.6061E+03 
                1.08508           19.8877E+03 
                1.08735           18.3397E+03 
                1.08962           16.5497E+03 
                1.0919            14.7244E+03 
                1.09417           13.0008E+03 
                1.09645           11.4368E+03 
                1.09987            9.41549E+03
                1.10329            7.63057E+03
                1.10415            7.20017E+03
                1.10501            6.78002E+03
                1.10629            6.17048E+03
                1.10822            5.29855E+03
                1.10967            4.66846E+03
                1.11184            3.77319E+03
                1.11265            3.44627E+03
                1.11388            2.97114E+03
                1.11571            2.29773E+03
                1.11709            1.81736E+03
                1.11916            1.15369E+03
                1.12123          555.763      
                1.12329           32.6908     
                1.12537         -403.284      
                1.12744         -737.512      
                1.12951         -953.975      
                1.13159           -1.03663E+03
                1.13366         -970.966      
                1.13574         -745.641      
                1.13782         -354.013      
                1.1399           204.598      
                1.14198          924.082      
                1.14406            1.79125E+03
                1.14719            3.34666E+03
                1.15032            5.06058E+03
                1.15345            6.82296E+03
                1.15659            8.52705E+03
                1.15973           10.0797E+03 
                1.16444           11.8633E+03 
                1.16916           13.0193E+03 
                1.17388           13.5531E+03 
                1.18098           13.2325E+03 
                1.1881            12.182E+03  
                1.19523           10.7994E+03 
                1.20237            9.4432E+03 
                1.20953            8.38321E+03
                1.2167             7.76778E+03
                1.22388            7.61583E+03
                1.23108            7.83844E+03
                1.23829            8.28236E+03
                1.2401             8.4102E+03 
                1.2419             8.54212E+03
                1.24461            8.74671E+03
                1.24563            8.82591E+03
                1.24715            8.94284E+03
                1.24773            8.9872E+03 
                1.24858            9.05252E+03
                1.24987            9.14779E+03
                1.25181            9.28256E+03
                1.25253            9.3329E+03 
                1.25362            9.40401E+03
                1.25525            9.50066E+03
                1.25586            9.5363E+03 
                1.25678            9.58565E+03
                1.25816            9.65067E+03
                1.26023            9.72699E+03
                1.261              9.75373E+03
                1.26217            9.78559E+03
                1.26392            9.81597E+03
                1.26654            9.8236E+03 
                1.26752            9.82279E+03
                1.269              9.80814E+03
                1.27121            9.76035E+03
                1.27454            9.64068E+03
                1.27953            9.39221E+03
                1.28452            9.12021E+03
                1.28953            8.86487E+03
                1.29454            8.6607E+03 
                1.29642            8.59596E+03
                1.29924            8.51835E+03
                1.30347            8.46361E+03
                1.30506            8.45508E+03
                1.30745            8.45964E+03
                1.31103            8.51059E+03
                1.31237            8.53817E+03
                1.31439            8.59E+03   
                1.31741            8.69283E+03
                1.32195            8.89017E+03
                1.32366            8.97242E+03
                1.32622            9.10062E+03
                1.33005            9.30054E+03
                1.3315             9.37857E+03
                1.33366            9.49231E+03
                1.3369             9.6553E+03 
                1.34177            9.86962E+03
                1.34421            9.9707E+03 
                1.34665           10.0597E+03 
                1.35031           10.1658E+03 
                1.3558            10.2659E+03 
                1.3613            10.3126E+03 
                1.36681           10.3111E+03 
                1.37232           10.2728E+03 
                1.37784           10.2147E+03 
                1.38337           10.1576E+03 
                1.3889            10.1232E+03 
                1.39444           10.1294E+03 
                1.39652           10.1412E+03 
                1.39963           10.1709E+03 
                1.40431           10.2548E+03 
                1.409             10.3778E+03 
                1.41369           10.5322E+03 
                1.42073           10.7971E+03 
                1.42337           10.9035E+03 
                1.42734           11.057E+03  
                1.4333            11.2645E+03 
                1.43926           11.4377E+03 
                1.44523           11.5671E+03 
                1.44821           11.6226E+03 
                1.4512            11.664E+03  
                1.45568           11.6976E+03 
                1.46017           11.7069E+03 
                1.46466           11.6936E+03 
                1.47141           11.635E+03  
                1.47816           11.5596E+03 
                1.48491           11.4838E+03 
                1.49506           11.405E+03  
                1.50523           11.3794E+03 
                1.51541           11.4005E+03 
                1.53071           11.4934E+03 
                1.53454           11.5287E+03 
                1.53837           11.5597E+03 
                1.54413           11.6072E+03 
                1.55276           11.6761E+03 
                1.56574           11.7466E+03 
                1.57873           11.7737E+03 
                1.59175           11.7586E+03 
                1.60479           11.7194E+03 
                1.61785           11.6815E+03 
                1.63093           11.6697E+03 
                1.64075           11.6862E+03 
                1.65058           11.7301E+03 
                1.65304           11.7464E+03 
                1.65673           11.7703E+03 
                1.66226           11.8155E+03 
                1.66434           11.8357E+03 
                1.66746           11.8671E+03 
                1.67213           11.9211E+03 
                1.67915           12.0181E+03 
                1.68179           12.059E+03  
                1.68574           12.122E+03  
                1.69167           12.2261E+03 
                1.70057           12.4008E+03 
                1.70391           12.4715E+03 
                1.70892           12.5782E+03 
                1.71644           12.7436E+03 
                1.71926           12.8085E+03 
                1.72349           12.9034E+03 
                1.72985           13.044E+03  
                1.73938           13.2443E+03 
                1.74296           13.3201E+03 
                1.74833           13.4252E+03 
                1.75638           13.5695E+03 
                1.76848           13.7555E+03 
                1.78058           13.9138E+03 
                1.79269           14.0452E+03 
                1.80481           14.1522E+03 
                1.80784           14.1797E+03 
                1.81087           14.2038E+03 
                1.81542           14.2358E+03 
                1.82225           14.2769E+03 
                1.82907           14.3119E+03 




