
                  X          uf-80-45-exp-n=2

                0.                -0.         
               39.94E-09         112.026E-03  
              319.041E-09        534.836E-03  
                1.70601E-06        1.30133    
                7.53894E-06        2.89055    
               29.9775E-06         5.98404    
              111.812E-06         11.731      
              399.954E-06         23.0505     
                1.38837E-03       49.6602     
                4.70264E-03      123.489      
               15.5512E-03       344.923      
               49.9952E-03         1.02021E+03
              154.626E-03          3.0226E+03 
              450.699E-03          8.32215E+03
              909.771E-03         14.7236E+03 
                1.49255           19.1204E+03 
                1.97271           20.8537E+03 
                2.15499           21.1897E+03 
                2.29083           21.3306E+03 
                2.39173           21.3901E+03 
                2.46666           21.392E+03  
                2.52235           21.3546E+03 
                2.57755           21.2719E+03 
                2.6322            21.1301E+03 
                2.68627           20.9298E+03 
                2.73969           20.6839E+03 
                2.79241           20.4176E+03 
                2.8444            20.1593E+03 
                2.89561           19.9285E+03 
                2.94598           19.7295E+03 
                2.99549           19.5493E+03 
                3.04407           19.3679E+03 
                3.0917            19.1714E+03 
                3.13833           18.9528E+03 
                3.18392           18.7105E+03 
                3.22845           18.4429E+03 
                3.27186           18.1475E+03 
                3.31414           17.8252E+03 
                3.37535           17.3016E+03 
                3.37909           17.1917E+03 
                3.38281           17.1472E+03 
                3.38421           17.1313E+03 
                3.3863            17.1125E+03 
                3.38708           17.1045E+03 
                3.38825           17.0937E+03 
                3.39001           17.0784E+03 
                3.39176           17.0626E+03 
                3.39351           17.0465E+03 
                3.39526           17.0303E+03 
                3.39701           17.0141E+03 
                3.39963           16.9913E+03 
                3.40224           16.9685E+03 
                3.40484           16.9473E+03 
                3.40744           16.9284E+03 
                3.41004           16.9118E+03 
                3.41392           16.8895E+03 
                3.41779           16.8599E+03 
                3.42164           16.8197E+03 
                3.4274            16.7387E+03 
                3.43314           16.6403E+03 
                3.43884           16.5371E+03 
                3.44734           16.3939E+03 
                3.45578           16.2599E+03 
                3.46416           16.1418E+03 
                3.4766            16.0022E+03 
                3.49499           15.8097E+03 
                3.52196           15.4914E+03 
                3.56099           14.9648E+03 
                3.57518           14.7113E+03 
                3.5765            14.6714E+03 
                3.57848           14.6371E+03 
                3.57921           14.6242E+03 
                3.58032           14.6076E+03 
                3.58198           14.5842E+03 
                3.58446           14.5494E+03 
                3.58693           14.5131E+03 
                3.5894            14.4767E+03 
                3.59308           14.4248E+03 
                3.59857           14.3481E+03 
                3.59994           14.3217E+03 
                3.6013            14.2998E+03 
                3.60181           14.2911E+03 
                3.60258           14.2794E+03 
                3.60372           14.2631E+03 
                3.60544           14.239E+03  
                3.60715           14.2137E+03 
                3.60886           14.1878E+03 
                3.61142           14.1492E+03 
                3.61524           14.0855E+03 
                3.61904           14.0104E+03 
                3.62282           13.9236E+03 
                3.62845           13.7679E+03 
                3.63403           13.5815E+03 
                3.63957           13.3752E+03 
                3.6478            13.0623E+03 
                3.65086           12.9329E+03 
                3.652             12.884E+03  
                3.65243           12.8657E+03 
                3.65307           12.84E+03   
                3.65403           12.8033E+03 
                3.65439           12.789E+03  
                3.65493           12.7681E+03 
                3.65574           12.7377E+03 
                3.65695           12.6932E+03 
                3.65876           12.6284E+03 
                3.66147           12.5369E+03 
                3.66552           12.4145E+03 
                3.66953           12.3046E+03 
                3.67352           12.2102E+03 
                3.67749           12.1327E+03 
                3.68338           12.0648E+03 
                3.69211           12.031E+03  
                3.70496           11.9724E+03 
                3.71751           11.8289E+03 
                3.7206            11.7657E+03 
                3.7252            11.6943E+03 
                3.72691           11.6593E+03 
                3.72947           11.6138E+03 
                3.73043           11.5931E+03 
                3.73186           11.5655E+03 
                3.7324            11.5538E+03 
                3.7332            11.5376E+03 
                3.7344            11.5141E+03 
                3.73485           11.504E+03  
                3.73552           11.4898E+03 
                3.73653           11.4693E+03 
                3.73691           11.4607E+03 
                3.73747           11.4484E+03 
                3.73832           11.4307E+03 
                3.73959           11.4043E+03 
                3.74149           11.3644E+03 
                3.74432           11.3038E+03 
                3.74853           11.2136E+03 
                3.75477           11.0828E+03 
                3.76093           10.9452E+03 
                3.767             10.7977E+03 
                3.77298           10.6398E+03 
                3.78178           10.416E+03  
                3.79462           10.1303E+03 
                3.81305            9.76035E+03
                3.81472            9.67841E+03
                3.81535            9.65652E+03
                3.81629            9.63499E+03
                3.81664            9.62654E+03
                3.81716            9.61531E+03
                3.81795            9.59962E+03
                3.81912            9.57666E+03
                3.81956            9.56638E+03
                3.82022            9.55256E+03
                3.82121            9.5331E+03 
                3.82268            9.50453E+03
                3.82488            9.46323E+03
                3.82706            9.42292E+03
                3.82922            9.38673E+03
                3.83137            9.35398E+03
                3.8335             9.32128E+03
                3.83562            9.28378E+03
                3.83772            9.23698E+03
                3.8398             9.17831E+03
                3.84187            9.10773E+03
                3.84494            8.98808E+03
                3.84798            8.86113E+03
                3.85099            8.74127E+03
                3.85395            8.63608E+03
                3.85689            8.54845E+03
                3.86122            8.45768E+03
                3.86229            8.42593E+03
                3.86336            8.40403E+03
                3.86376            8.39512E+03
                3.86436            8.38464E+03
                3.86525            8.37159E+03
                3.86558            8.36555E+03
                3.86608            8.35807E+03
                3.86627            8.35493E+03
                3.86655            8.35078E+03
                3.86697            8.34541E+03
                3.8676             8.33827E+03
                3.86854            8.32868E+03
                3.86994            8.31624E+03
                3.87133            8.30388E+03
                3.87271            8.29274E+03
                3.87477            8.28032E+03
                3.87681            8.2656E+03 
                3.87883            8.24924E+03
                3.88083            8.23182E+03
                3.88281            8.21556E+03
                3.88574            8.20533E+03
                3.88863            8.20095E+03
                3.89147            8.19526E+03
                3.89427            8.17504E+03
                3.89839            8.10384E+03
                3.90438            7.97083E+03
                3.91296            7.88021E+03
                3.92493            7.91197E+03
                3.93584            7.98362E+03
                3.94571            8.09125E+03
                3.95459            8.23779E+03
                3.96612            8.54027E+03
                3.97964            9.05329E+03
                3.99253            9.79279E+03
                3.99957           10.5036E+03 
                4.                10.7545E+03 

 MINIMUM        0.                -0.         
  AT X =                           0.         
 MAXIMUM        4.                21.392E+03  
  AT X =                           2.46666    




