
                  X            uf-80-0-90-lin 

                0.                -0.         
               39.94E-09          97.5815E-03 
              319.041E-09        484.201E-03  
                1.70601E-06        1.23349    
                7.53894E-06        2.82592    
               29.9775E-06         5.9746     
              111.812E-06         12.4644     
              399.954E-06         28.5663     
                1.38837E-03       75.3735     
                4.70264E-03      220.901      
               15.5512E-03       681.375      
               49.9952E-03         2.12208E+03
              154.626E-03          6.47153E+03
              450.699E-03         18.7416E+03 
              605.155E-03         25.1813E+03 
              876.892E-03         36.109E+03  
              904.601E-03         37.4075E+03 
              946.819E-03         38.9019E+03 
              947.818E-03         38.9646E+03 
              948.193E-03         38.9858E+03 
              948.755E-03         39.0122E+03 
              949.598E-03         39.0451E+03 
              950.442E-03         39.0754E+03 
              951.075E-03         39.0978E+03 
              951.708E-03         39.1201E+03 
              952.341E-03         39.1424E+03 
              952.975E-03         39.1648E+03 
              953.608E-03         39.1872E+03 
              954.242E-03         39.2096E+03 
              954.876E-03         39.2321E+03 
              955.51E-03          39.2545E+03 
              956.144E-03         39.277E+03  
              956.779E-03         39.2995E+03 
              957.731E-03         39.3332E+03 
              958.683E-03         39.367E+03  
              959.636E-03         39.4009E+03 
              960.589E-03         39.4349E+03 
              961.542E-03         39.469E+03  
              962.496E-03         39.5032E+03 
              963.45E-03          39.5374E+03 
              964.405E-03         39.5717E+03 
              965.36E-03          39.6061E+03 
              966.315E-03         39.6406E+03 
              967.271E-03         39.6751E+03 
              968.227E-03         39.7097E+03 
              969.184E-03         39.7442E+03 
              970.14E-03          39.7786E+03 
              971.097E-03         39.8125E+03 
              972.055E-03         39.8456E+03 
              973.013E-03         39.8772E+03 
              973.971E-03         39.9061E+03 
              974.93E-03          39.9307E+03 
              975.889E-03         39.9485E+03 
              976.848E-03         39.9561E+03 
              977.808E-03         39.9491E+03 
              978.768E-03         39.9219E+03 
              979.729E-03         39.8681E+03 
              980.69E-03          39.7803E+03 
              981.651E-03         39.6507E+03 
              982.612E-03         39.4714E+03 
              983.574E-03         39.2351E+03 
              984.537E-03         38.9358E+03 
              985.499E-03         38.5693E+03 
              986.462E-03         38.1335E+03 
              987.426E-03         37.6292E+03 
              988.39E-03          37.0598E+03 
              989.354E-03         36.4314E+03 
              990.318E-03         35.7524E+03 
              991.283E-03         35.0328E+03 
              992.248E-03         34.2841E+03 
              993.214E-03         33.518E+03  
              994.18E-03          32.746E+03  
              995.146E-03         31.979E+03  
              996.113E-03         31.2266E+03 
              997.08E-03          30.4966E+03 
              998.047E-03         29.7955E+03 
              999.015E-03         29.1274E+03 
              999.983E-03         28.4952E+03 
                1.00095           27.8998E+03 
                1.00192           27.3409E+03 
                1.00289           26.8172E+03 
                1.00362           26.4434E+03 
                1.00434           26.0875E+03 
                1.00507           25.7483E+03 
                1.0058            25.4246E+03 
                1.00653           25.1154E+03 
                1.00726           24.8194E+03 
                1.00798           24.5357E+03 
                1.00908           24.1346E+03 
                1.01017           23.7555E+03 
                1.01126           23.3958E+03 
                1.01236           23.053E+03  
                1.01345           22.7245E+03 
                1.01455           22.4077E+03 
                1.01564           22.1003E+03 
                1.01674           21.8003E+03 
                1.01784           21.5068E+03 
                1.01893           21.2193E+03 
                1.02003           20.9386E+03 
                1.02113           20.6659E+03 
                1.02223           20.4031E+03 
                1.02333           20.1521E+03 
                1.02442           19.9144E+03 
                1.02552           19.6909E+03 
                1.02662           19.4817E+03 
                1.02772           19.2862E+03 
                1.02883           19.1029E+03 
                1.02993           18.9302E+03 
                1.03103           18.7666E+03 
                1.03213           18.6108E+03 
                1.03323           18.4624E+03 
                1.03434           18.3218E+03 
                1.03544           18.1901E+03 
                1.03655           18.0693E+03 
                1.03765           17.9621E+03 
                1.03875           17.871E+03  
                1.03986           17.7984E+03 
                1.04097           17.7464E+03 
                1.04207           17.7161E+03 
                1.04318           17.7078E+03 
                1.04429           17.7206E+03 
                1.04539           17.7529E+03 
                1.0465            17.8022E+03 
                1.04761           17.8656E+03 
                1.04872           17.9402E+03 
                1.04983           18.0227E+03 
                1.05094           18.1106E+03 
                1.05205           18.2016E+03 
                1.05316           18.294E+03  
                1.05427           18.3866E+03 
                1.05538           18.4786E+03 
                1.05649           18.5695E+03 
                1.05761           18.6589E+03 
                1.05927           18.7878E+03 
                1.06178           18.9626E+03 
                1.06429           19.1106E+03 
                1.06492           19.1466E+03 
                1.06554           19.1803E+03 
                1.06648           19.2252E+03 
                1.0679            19.2792E+03 
                1.07002           19.3287E+03 
                1.07214           19.3482E+03 
                1.07426           19.3411E+03 
                1.07639           19.3121E+03 
                1.07851           19.2632E+03 
                1.08064           19.1907E+03 
                1.08277           19.0835E+03 
                1.0849            18.925E+03  
                1.08704           18.6979E+03 
                1.08917           18.3897E+03 
                1.09131           17.9985E+03 
                1.09344           17.5361E+03 
                1.09558           17.0282E+03 
                1.09638           16.8335E+03 
                1.09759           16.5365E+03 
                1.09939           16.1065E+03 
                1.10211           15.5799E+03 




