
                  X            uf-80-0-90-lin 

                0.                -0.         
               39.94E-09         128.493E-03  
              319.041E-09        637.603E-03  
                1.70601E-06        1.62416    
                7.53894E-06        3.72085    
               29.9775E-06         7.86666    
              111.812E-06         16.4118     
              399.954E-06         37.6133     
                1.38837E-03       99.2456     
                4.70264E-03      290.867      
               15.5512E-03       897.187      
               49.9952E-03         2.79422E+03
              154.626E-03          8.52129E+03
              450.699E-03         24.6777E+03 
              605.155E-03         33.1572E+03 
              876.892E-03         47.5461E+03 
              904.601E-03         49.2559E+03 
              946.819E-03         51.2236E+03 
              947.818E-03         51.3064E+03 
              948.567E-03         51.3563E+03 
              948.849E-03         51.3735E+03 
              949.27E-03          51.3964E+03 
              949.903E-03         51.4272E+03 
              950.14E-03          51.4386E+03 
              950.496E-03         51.4551E+03 
              951.03E-03          51.4797E+03 
              951.831E-03         51.5165E+03 
              952.432E-03         51.5445E+03 
              953.034E-03         51.5725E+03 
              953.635E-03         51.6006E+03 
              954.237E-03         51.6287E+03 
              954.839E-03         51.6567E+03 
              955.441E-03         51.6848E+03 
              956.043E-03         51.7128E+03 
              956.645E-03         51.741E+03  
              957.247E-03         51.7691E+03 
              958.151E-03         51.8112E+03 
              959.055E-03         51.8535E+03 
              959.96E-03          51.8959E+03 
              960.864E-03         51.9385E+03 
              961.769E-03         51.9811E+03 
              962.675E-03         52.0238E+03 
              963.581E-03         52.0666E+03 
              964.487E-03         52.1095E+03 
              965.393E-03         52.1525E+03 
              966.3E-03           52.1956E+03 
              967.207E-03         52.2388E+03 
              968.115E-03         52.282E+03  
              969.023E-03         52.3253E+03 
              969.931E-03         52.3686E+03 
              970.839E-03         52.4117E+03 
              971.748E-03         52.4544E+03 
              972.657E-03         52.4962E+03 
              973.567E-03         52.5364E+03 
              974.477E-03         52.574E+03  
              975.387E-03         52.6071E+03 
              976.753E-03         52.6364E+03 
              978.119E-03         52.6308E+03 
              979.486E-03         52.5698E+03 
              980.855E-03         52.4286E+03 
              982.223E-03         52.1813E+03 
              983.593E-03         51.8036E+03 
              984.963E-03         51.2768E+03 
              986.334E-03         50.5915E+03 
              987.706E-03         49.749E+03  
              989.079E-03         48.7626E+03 
              990.452E-03         47.6551E+03 
              991.139E-03         47.0751E+03 
              991.826E-03         46.4721E+03 
              992.857E-03         45.5304E+03 
              993.888E-03         44.5675E+03 
              994.92E-03          43.5985E+03 
              995.952E-03         42.6374E+03 
              996.985E-03         41.696E+03  
              998.018E-03         40.7846E+03 
              999.051E-03         39.9104E+03 
                1.00009           39.0789E+03 
                1.00112           38.2929E+03 
                1.00215           37.5537E+03 
                1.00319           36.8609E+03 
                1.00422           36.2129E+03 
                1.00526           35.6076E+03 
                1.0063            35.0424E+03 
                1.00733           34.5143E+03 
                1.00837           34.0204E+03 
                1.00941           33.5577E+03 
                1.01045           33.1232E+03 
                1.01148           32.7141E+03 
                1.01252           32.3273E+03 
                1.01304           32.1394E+03 
                1.01356           31.9563E+03 
                1.01434           31.6911E+03 
                1.01512           31.4346E+03 
                1.0159            31.1857E+03 
                1.01668           30.9437E+03 
                1.01746           30.7077E+03 
                1.01824           30.4773E+03 
                1.01942           30.143E+03  
                1.02059           29.8206E+03 
                1.02176           29.5104E+03 
                1.02293           29.2128E+03 
                1.02411           28.9281E+03 
                1.02528           28.6561E+03 
                1.02646           28.3959E+03 
                1.02675           28.3319E+03 
                1.02704           28.2686E+03 
                1.02748           28.175E+03  
                1.02815           28.0376E+03 
                1.02914           27.8382E+03 
                1.03013           27.6458E+03 
                1.03112           27.461E+03  
                1.03212           27.2852E+03 
                1.03311           27.1204E+03 
                1.0341            26.9692E+03 
                1.0351            26.8348E+03 
                1.03609           26.7201E+03 
                1.03758           26.5993E+03 
                1.0387            26.54E+03   
                1.03955           26.5133E+03 
                1.04039           26.5035E+03 
                1.04123           26.5099E+03 
                1.04207           26.5312E+03 
                1.04291           26.5659E+03 
                1.04375           26.612E+03  
                1.04459           26.6678E+03 
                1.04543           26.7315E+03 
                1.04628           26.8016E+03 
                1.04712           26.877E+03  
                1.04796           26.9566E+03 
                1.0488            27.0401E+03 
                1.04965           27.1271E+03 
                1.05049           27.2178E+03 
                1.05134           27.3122E+03 
                1.05218           27.4109E+03 
                1.0525            27.4487E+03 
                1.05297           27.5066E+03 
                1.05368           27.5967E+03 
                1.05475           27.7398E+03 
                1.05582           27.8915E+03 
                1.05689           28.0513E+03 
                1.0577            28.1755E+03 
                1.0585            28.3033E+03 
                1.0593            28.4339E+03 
                1.06051           28.6325E+03 
                1.06171           28.8299E+03 
                1.06201           28.8794E+03 
                1.06232           28.9286E+03 
                1.06277           29.0015E+03 
                1.06345           29.1078E+03 
                1.06446           29.2578E+03 
                1.06548           29.3959E+03 
                1.0665            29.5198E+03 
                1.06803           29.6681E+03 
                1.06956           29.7775E+03 
                1.07109           29.8475E+03 
                1.07262           29.878E+03  
                1.07416           29.8685E+03 
                1.07569           29.8178E+03 
                1.07722           29.7239E+03 
                1.07953           29.476E+03  
                1.08183           29.1138E+03 
                1.08414           28.6321E+03 
                1.08644           28.0368E+03 
                1.08875           27.3519E+03 
                1.09107           26.6219E+03 
                1.09338           25.9071E+03 
                1.09569           25.2732E+03 
                1.09801           24.7774E+03 
                1.10033           24.4584E+03 
                1.10265           24.331E+03  
                1.10497           24.3874E+03 
                1.10555           24.4137E+03 
                1.10613           24.4507E+03 
                1.107             24.529E+03  
                1.10831           24.6927E+03 
                1.11027           25.0213E+03 
                1.11224           25.4112E+03 
                1.1142            25.8423E+03 
                1.11617           26.2978E+03 
                1.11764           26.648E+03  
                1.11912           27.0014E+03 
                1.11967           27.1346E+03 
                1.12051           27.334E+03  
                1.12175           27.6308E+03 
                1.12362           28.0683E+03 
                1.12549           28.4961E+03 
                1.12737           28.912E+03  
                1.12877           29.2169E+03 
                1.13018           29.5137E+03 
                1.13071           29.6242E+03 
                1.1315            29.7869E+03 
                1.13269           30.0242E+03 
                1.13447           30.3651E+03 
                1.13625           30.6908E+03 
                1.13803           31.0002E+03 
                1.13982           31.2923E+03 
                1.1416            31.5665E+03 
                1.14339           31.8219E+03 
                1.14518           32.0576E+03 
                1.14697           32.273E+03  
                1.14876           32.4672E+03 
                1.15055           32.6393E+03 
                1.15234           32.7883E+03 
                1.15413           32.9132E+03 
                1.15592           33.0129E+03 
                1.15772           33.0863E+03 
                1.15839           33.1105E+03 
                1.1594            33.1376E+03 
                1.16092           33.1573E+03 
                1.16319           33.1391E+03 
                1.1649            33.099E+03  
                1.1666            33.0314E+03 

 MINIMUM        0.                -0.         
  AT X =                           0.         
 MAXIMUM        1.1666            52.6364E+03 
  AT X =                         976.753E-03  




