
            u_100_0_90_lin         f_100_0_90_lin 

                0.                -0.         
               39.94E-09         128.44E-03   
              319.041E-09        636.823E-03  
                1.70601E-06        1.60294    
                7.53894E-06        3.55677    
               29.9775E-06         7.21153    
              111.812E-06         14.457      
              399.954E-06         31.7765     
                1.38837E-03       80.5854     
                4.70264E-03      229.735      
               15.5512E-03       697.864      
               49.9952E-03         2.15708E+03
              154.626E-03          6.55482E+03
              212.548E-03          9.07108E+03
              319.557E-03         13.4673E+03 
              365.934E-03         15.475E+03  
              441.807E-03         18.5279E+03 
              443.675E-03         18.7852E+03 
              444.377E-03         18.8425E+03 
              445.43E-03          18.8929E+03 
              447.013E-03         18.955E+03  
              447.607E-03         18.9798E+03 
              448.499E-03         19.0151E+03 
              449.169E-03         19.0419E+03 
              450.174E-03         19.081E+03  
              450.551E-03         19.0965E+03 
              451.118E-03         19.1191E+03 
              451.968E-03         19.1521E+03 
              453.245E-03         19.2011E+03 
              454.204E-03         19.2389E+03 
              455.163E-03         19.2762E+03 
              456.124E-03         19.3129E+03 
              457.086E-03         19.3489E+03 
              458.049E-03         19.3841E+03 
              459.013E-03         19.4181E+03 
              459.978E-03         19.4508E+03 
              460.944E-03         19.482E+03  
              461.911E-03         19.5116E+03 
              462.395E-03         19.5267E+03 
              462.88E-03          19.5411E+03 
              463.606E-03         19.561E+03  
              464.334E-03         19.5802E+03 
              465.062E-03         19.5988E+03 
              465.79E-03          19.6168E+03 
              466.064E-03         19.6239E+03 
              466.474E-03         19.634E+03  
              467.09E-03          19.6484E+03 
              468.014E-03         19.669E+03  
              468.939E-03         19.6895E+03 
              469.633E-03         19.705E+03  
              470.328E-03         19.7198E+03 
              471.024E-03         19.7338E+03 
              472.068E-03         19.7509E+03 
              473.114E-03         19.764E+03  
              474.16E-03          19.7711E+03 
              475.733E-03         19.7626E+03 
              476.323E-03         19.7585E+03 
              477.209E-03         19.7443E+03 
              478.54E-03          19.7088E+03 
              479.539E-03         19.6771E+03 
              480.539E-03         19.6407E+03 
              481.541E-03         19.6018E+03 
              483.045E-03         19.5444E+03 
              484.174E-03         19.5066E+03 
              485.305E-03         19.4743E+03 
              486.438E-03         19.4489E+03 
              487.571E-03         19.4304E+03 
              488.706E-03         19.4181E+03 
              489.842E-03         19.4104E+03 
              490.98E-03          19.4055E+03 
              492.689E-03         19.4E+03    
              494.401E-03         19.3983E+03 
              496.116E-03         19.4037E+03 
              497.834E-03         19.422E+03  
              499.555E-03         19.46E+03   
              501.279E-03         19.5233E+03 
              503.006E-03         19.6149E+03 
              504.736E-03         19.7346E+03 
              506.469E-03         19.8797E+03 
              508.205E-03         20.0449E+03 
              508.639E-03         20.0889E+03 
              509.074E-03         20.1334E+03 
              509.726E-03         20.2011E+03 
              510.705E-03         20.305E+03  
              511.685E-03         20.4113E+03 
              512.667E-03         20.5188E+03 
              513.649E-03         20.6262E+03 
              514.632E-03         20.7326E+03 
              515.616E-03         20.8372E+03 
              516.6E-03           20.9396E+03 
              517.586E-03         21.0395E+03 
              518.573E-03         21.1365E+03 
              519.561E-03         21.2309E+03 
              520.302E-03         21.3005E+03 
              521.415E-03         21.4007E+03 
              522.529E-03         21.4981E+03 
              523.645E-03         21.5928E+03 
              524.762E-03         21.6845E+03 
              525.879E-03         21.773E+03  
              526.998E-03         21.8578E+03 
              528.679E-03         21.9733E+03 
              529.31E-03          22.0166E+03 
              530.257E-03         22.0756E+03 
              531.68E-03          22.1511E+03 
              533.817E-03         22.2311E+03 
              534.352E-03         22.2512E+03 
              534.887E-03         22.2684E+03 
              535.69E-03          22.2874E+03 
              536.896E-03         22.3028E+03 
              537.198E-03         22.3067E+03 
              537.5E-03           22.3097E+03 
              537.952E-03         22.312E+03  
              538.632E-03         22.3109E+03 
              539.652E-03         22.3003E+03 
              540.674E-03         22.2823E+03 
              541.696E-03         22.2573E+03 
              542.719E-03         22.2261E+03 
              543.743E-03         22.1896E+03 
              544.768E-03         22.1491E+03 
              546.307E-03         22.0824E+03 
              546.885E-03         22.0583E+03 
              547.752E-03         22.0206E+03 
              549.055E-03         21.9647E+03 
              551.011E-03         21.8915E+03 
              552.48E-03          21.8474E+03 
              553.951E-03         21.814E+03  
              555.425E-03         21.7932E+03 
              555.978E-03         21.7884E+03 
              556.807E-03         21.7843E+03 
              558.054E-03         21.7874E+03 
              558.521E-03         21.7911E+03 
              559.223E-03         21.7991E+03 
              560.276E-03         21.8179E+03 
              561.858E-03         21.8622E+03 
              562.452E-03         21.8825E+03 
              563.344E-03         21.9165E+03 
              563.678E-03         21.9303E+03 
              564.18E-03          21.952E+03  
              564.933E-03         21.9867E+03 
              566.064E-03         22.0442E+03 
              567.762E-03         22.1396E+03 
              570.313E-03         22.2948E+03 
              572.871E-03         22.4578E+03 
              575.434E-03         22.6233E+03 
              576.396E-03         22.6879E+03 
              577.841E-03         22.7811E+03 
              578.927E-03         22.851E+03  
              580.556E-03         22.953E+03  
              580.964E-03         22.9797E+03 
              581.372E-03         23.006E+03  
              581.984E-03         23.0442E+03 
              582.902E-03         23.1E+03    
              584.282E-03         23.1812E+03 
              584.799E-03         23.2124E+03 
              585.576E-03         23.2575E+03 
              586.742E-03         23.322E+03  
              587.18E-03          23.3466E+03 
              587.837E-03         23.3822E+03 
              588.823E-03         23.4332E+03 
              590.303E-03         23.5065E+03 
              591.785E-03         23.579E+03  
              593.269E-03         23.6515E+03 
              594.383E-03         23.7069E+03 
              595.498E-03         23.763E+03  
              595.916E-03         23.7848E+03 
              596.544E-03         23.8172E+03 
              597.486E-03         23.866E+03  
              598.901E-03         23.9412E+03 
              600.318E-03         24.0186E+03 
              601.736E-03         24.0969E+03 
              602.268E-03         24.1272E+03 
              603.067E-03         24.1715E+03 
              604.266E-03         24.2357E+03 
              604.716E-03         24.2605E+03 
              605.391E-03         24.2964E+03 
              606.405E-03         24.348E+03  
              607.927E-03         24.4216E+03 
              608.498E-03         24.45E+03   
              609.355E-03         24.4904E+03 
              610.642E-03         24.5479E+03 
              612.575E-03         24.6304E+03 
              614.026E-03         24.6925E+03 
              615.48E-03          24.7534E+03 
              616.934E-03         24.8134E+03 
              618.391E-03         24.8727E+03 
              619.849E-03         24.931E+03  
              621.309E-03         24.9882E+03 
              622.77E-03          25.0436E+03 
              624.233E-03         25.0967E+03 
              625.698E-03         25.1469E+03 
              626.247E-03         25.1663E+03 
              627.072E-03         25.193E+03  
              628.311E-03         25.2292E+03 
              630.17E-03          25.2757E+03 
              632.033E-03         25.316E+03  
              633.897E-03         25.35E+03   
              635.765E-03         25.3785E+03 
              637.635E-03         25.4024E+03 
              639.508E-03         25.4226E+03 
              641.383E-03         25.4398E+03 
              641.852E-03         25.4453E+03 
              642.557E-03         25.4519E+03 
              643.613E-03         25.4598E+03 
              645.2E-03           25.4702E+03 
              646.392E-03         25.4792E+03 
              648.181E-03         25.4933E+03 
              649.972E-03         25.5118E+03 
              651.766E-03         25.5358E+03 
              653.562E-03         25.5661E+03 
              654.236E-03         25.5798E+03 
              655.248E-03         25.6007E+03 
              656.767E-03         25.6357E+03 
              657.337E-03         25.6506E+03 
              658.192E-03         25.6734E+03 
              659.476E-03         25.7094E+03 
              659.958E-03         25.7241E+03 
              660.681E-03         25.7462E+03 
              661.767E-03         25.7802E+03 
              663.397E-03         25.833E+03  
              664.008E-03         25.8543E+03 
              664.926E-03         25.8857E+03 
              666.304E-03         25.9319E+03 
              666.649E-03         25.9443E+03 
              666.994E-03         25.9565E+03 
              667.511E-03         25.9744E+03 
              668.287E-03         26.0002E+03 
              669.453E-03         26.0377E+03 
              670.619E-03         26.0744E+03 
              671.786E-03         26.1099E+03 
              672.224E-03         26.1236E+03 
              672.881E-03         26.1431E+03 
              673.868E-03         26.1704E+03 
              675.348E-03         26.2089E+03 
              675.719E-03         26.2193E+03 
              676.089E-03         26.2295E+03 
              676.645E-03         26.2441E+03 
              677.479E-03         26.2651E+03 
              678.732E-03         26.2963E+03 
              680.612E-03         26.3448E+03 
              682.495E-03         26.3962E+03 
              682.967E-03         26.4104E+03 
              683.438E-03         26.4244E+03 
              684.145E-03         26.4444E+03 
              685.206E-03         26.4735E+03 
              686.8E-03           26.5144E+03 
              688.395E-03         26.5514E+03 
              689.992E-03         26.5818E+03 
              691.591E-03         26.6043E+03 
              693.191E-03         26.6184E+03 
              694.793E-03         26.6246E+03 
              695.394E-03         26.6268E+03 
              696.297E-03         26.6268E+03 
              697.651E-03         26.6221E+03 
              698.159E-03         26.6207E+03 
              698.922E-03         26.6171E+03 
              700.067E-03         26.6101E+03 
              701.785E-03         26.6005E+03 
              702.43E-03          26.5985E+03 
              703.398E-03         26.5954E+03 
              703.761E-03         26.5949E+03 
              704.306E-03         26.5941E+03 
              705.124E-03         26.5936E+03 
              705.942E-03         26.5948E+03 
              706.761E-03         26.598E+03  
              707.989E-03         26.6066E+03 
              709.834E-03         26.6295E+03 
              711.681E-03         26.663E+03  
              713.53E-03          26.706E+03  
              713.993E-03         26.7185E+03 
              714.456E-03         26.7312E+03 
              715.15E-03          26.7505E+03 
              716.192E-03         26.7813E+03 
              717.757E-03         26.8325E+03 
              720.107E-03         26.9186E+03 
              720.695E-03         26.9426E+03 
              721.283E-03         26.9665E+03 
              722.166E-03         27.0021E+03 
              723.491E-03         27.0562E+03 
              725.48E-03          27.1393E+03 
              727.472E-03         27.2247E+03 
              729.467E-03         27.3109E+03 
              731.464E-03         27.3975E+03 
              733.463E-03         27.4856E+03 
              735.465E-03         27.5756E+03 
              737.47E-03          27.6677E+03 
              739.476E-03         27.7616E+03 
              740.23E-03          27.7983E+03 
              741.36E-03          27.8521E+03 
              743.057E-03         27.9319E+03 
              744.756E-03         28.0121E+03 
              746.456E-03         28.091E+03  
              747.307E-03         28.1309E+03 
              748.585E-03         28.1877E+03 
              749.863E-03         28.2421E+03 
              751.142E-03         28.2935E+03 
              752.422E-03         28.3418E+03 
              753.703E-03         28.3869E+03 
              754.985E-03         28.4288E+03 
              756.268E-03         28.4675E+03 
              757.552E-03         28.5032E+03 
              758.837E-03         28.5363E+03 
              760.123E-03         28.567E+03  
              761.41E-03          28.5959E+03 
              761.893E-03         28.6071E+03 
              762.618E-03         28.6229E+03 
              763.705E-03         28.6454E+03 
              764.113E-03         28.6543E+03 
              764.725E-03         28.6673E+03 
              765.644E-03         28.6867E+03 
              767.022E-03         28.7177E+03 
              767.54E-03          28.7305E+03 
              768.316E-03         28.75E+03   
              768.607E-03         28.7576E+03 
              769.044E-03         28.7692E+03 
              769.208E-03         28.7736E+03 
              769.454E-03         28.7803E+03 
              769.822E-03         28.7904E+03 
              770.376E-03         28.8057E+03 
              771.206E-03         28.8289E+03 
              772.452E-03         28.8615E+03 
              774.323E-03         28.8839E+03 
              775.025E-03         28.8884E+03 
              776.079E-03         28.8773E+03 
              776.474E-03         28.8708E+03 
              777.067E-03         28.8536E+03 
              777.957E-03         28.8075E+03 
              779.293E-03         28.6823E+03 
              779.794E-03         28.6277E+03 
              780.547E-03         28.5246E+03 
              781.675E-03         28.3196E+03 
              783.37E-03          27.9075E+03 
              784.006E-03         27.7403E+03 
              784.96E-03          27.4622E+03 
              785.914E-03         27.1644E+03 
              786.87E-03          26.8555E+03 
              787.228E-03         26.7389E+03 
              787.766E-03         26.5629E+03 
              788.572E-03         26.3027E+03 
              789.783E-03         25.941E+03  
              791.601E-03         25.5161E+03 
              792.056E-03         25.4187E+03 
              792.51E-03          25.3298E+03 
              793.193E-03         25.2174E+03 
              794.217E-03         25.1002E+03 
              795.755E-03         25.0365E+03 
              796.331E-03         25.0289E+03 
              797.197E-03         25.0491E+03 
              797.522E-03         25.0612E+03 
              798.009E-03         25.0883E+03 
              798.74E-03          25.1468E+03 
              799.837E-03         25.267E+03  
              801.484E-03         25.4935E+03 
              803.132E-03         25.7465E+03 
              804.781E-03         26.0088E+03 
              805.401E-03         26.1085E+03 
              806.329E-03         26.256E+03  
              807.724E-03         26.47E+03   
              809.119E-03         26.6774E+03 
              810.515E-03         26.8799E+03 
              811.039E-03         26.9559E+03 
              811.825E-03         27.0685E+03 
              812.12E-03          27.1109E+03 
              812.563E-03         27.1742E+03 
              813.226E-03         27.2691E+03 
              814.223E-03         27.4133E+03 
              815.718E-03         27.6389E+03 
              816.279E-03         27.7259E+03 
              817.12E-03          27.8601E+03 
              818.384E-03         28.0726E+03 
              820.281E-03         28.4197E+03 
              820.992E-03         28.5552E+03 
              822.06E-03          28.766E+03  
              823.664E-03         29.0973E+03 
              825.268E-03         29.4404E+03 
              826.874E-03         29.7896E+03 
              829.286E-03         30.3046E+03 
              830.191E-03         30.4972E+03 
              831.549E-03         30.7744E+03 
              832.909E-03         31.037E+03  
              834.269E-03         31.2805E+03 
              836.311E-03         31.5904E+03 
              838.356E-03         31.8396E+03 
              840.402E-03         32.0225E+03 
              843.476E-03         32.1375E+03 
              844.63E-03          32.1606E+03 
              846.362E-03         32.1419E+03 
              848.962E-03         32.0029E+03 
              852.87E-03          31.5925E+03 
              856.785E-03         31.048E+03  
              860.708E-03         30.4451E+03 
              866.606E-03         29.6437E+03 
              868.083E-03         29.459E+03  
              869.562E-03         29.2841E+03 
              871.781E-03         29.0567E+03 
              872.614E-03         28.9785E+03 
              873.864E-03         28.8739E+03 
              874.332E-03         28.8371E+03 
              875.036E-03         28.7863E+03 
              876.092E-03         28.7213E+03 
              877.677E-03         28.6509E+03 
              880.056E-03         28.6073E+03 
              883.629E-03         28.6718E+03 
              887.209E-03         28.849E+03  
              888.105E-03         28.9023E+03 
              889.45E-03          28.9929E+03 
              889.954E-03         29.029E+03  
              890.711E-03         29.0862E+03 
              891.847E-03         29.1791E+03 
              892.983E-03         29.279E+03  
              894.12E-03          29.385E+03  
              895.827E-03         29.5548E+03 
              898.389E-03         29.8273E+03 
              899.351E-03         29.9333E+03 
              900.794E-03         30.0943E+03 
              902.96E-03          30.3383E+03 
              906.214E-03         30.6993E+03 
              909.473E-03         31.0472E+03 
              912.737E-03         31.3748E+03 
              916.005E-03         31.6793E+03 
              919.278E-03         31.9613E+03 
              922.556E-03         32.2233E+03 
              925.838E-03         32.4676E+03 
              929.125E-03         32.6957E+03 
              932.417E-03         32.908E+03  
              935.714E-03         33.1036E+03 
              939.015E-03         33.28E+03   
              942.321E-03         33.4343E+03 
              943.562E-03         33.4908E+03 
              945.424E-03         33.5649E+03 
              948.221E-03         33.6548E+03 
              949.27E-03          33.6875E+03 
              950.845E-03         33.7278E+03 
              953.21E-03          33.7715E+03 
              954.098E-03         33.7871E+03 
              955.429E-03         33.8039E+03 
              957.428E-03         33.8169E+03 
              960.43E-03          33.8097E+03 
              963.435E-03         33.7829E+03 
              966.444E-03         33.7424E+03 
              967.196E-03         33.7332E+03 
              967.949E-03         33.7225E+03 
              969.079E-03         33.7039E+03 
              970.775E-03         33.6728E+03 
              973.321E-03         33.6224E+03 
              977.145E-03         33.5502E+03 
              978.102E-03         33.5352E+03 
              979.059E-03         33.5196E+03 
              979.418E-03         33.514E+03  
              979.957E-03         33.5054E+03 
              980.765E-03         33.4926E+03 
              981.978E-03         33.4751E+03 
              982.281E-03         33.4712E+03 
              982.585E-03         33.4674E+03 
              983.04E-03          33.4618E+03 
              983.723E-03         33.454E+03  
              984.747E-03         33.4438E+03 
              986.285E-03         33.4334E+03 
              988.593E-03         33.4303E+03 
              989.459E-03         33.4323E+03 
              990.759E-03         33.4384E+03 
              992.709E-03         33.4571E+03 
              995.638E-03         33.5095E+03 
              996.737E-03         33.5345E+03 
              998.387E-03         33.578E+03  
                1.00086           33.66E+03   
                1.00334           33.7602E+03 
                1.00582           33.8774E+03 
                1.00675           33.9248E+03 
                1.00815           33.9993E+03 
                1.01025           34.1204E+03 
                1.01104           34.1682E+03 
                1.01222           34.2418E+03 
                1.01399           34.3572E+03 
                1.01465           34.402E+03  
                1.01565           34.47E+03   
                1.01715           34.5741E+03 
                1.01939           34.7335E+03 
                1.02024           34.7949E+03 
                1.0215            34.8861E+03 
                1.0234            35.0209E+03 
                1.02625           35.2148E+03 
                1.03053           35.4723E+03 
                1.03134           35.5219E+03 
                1.03214           35.5691E+03 
                1.03335           35.635E+03  
                1.03516           35.7248E+03 
                1.03788           35.8394E+03 
                1.0406            35.9347E+03 
                1.04332           36.0101E+03 
                1.04741           36.0813E+03 
                1.0515            36.1213E+03 
                1.05561           36.1391E+03 
                1.05971           36.1462E+03 
                1.06383           36.1539E+03 
                1.06537           36.1597E+03 
                1.06691           36.1652E+03 
                1.06846           36.172E+03  
                1.07001           36.181E+03  
                1.07155           36.1928E+03 
                1.0731            36.2079E+03 
                1.07465           36.2266E+03 
                1.0762            36.2493E+03 
                1.07775           36.2762E+03 
                1.0793            36.3075E+03 
                1.08046           36.3338E+03 
                1.08163           36.3625E+03 
                1.08338           36.4105E+03 
                1.08381           36.4235E+03 
                1.08425           36.4367E+03 
                1.08491           36.4569E+03 
                1.08589           36.4883E+03 
                1.08737           36.5383E+03 
                1.08884           36.5907E+03 
                1.09032           36.644E+03  
                1.0918            36.6959E+03 
                1.09328           36.7432E+03 
                1.09439           36.7749E+03 
                1.09606           36.8054E+03 
                1.09772           36.8121E+03 
                1.09814           36.8126E+03 
                1.09856           36.8113E+03 
                1.09918           36.8047E+03 
                1.10012           36.783E+03  
                1.10153           36.7215E+03 
                1.10294           36.6297E+03 
                1.10364           36.5766E+03 
                1.10435           36.5158E+03 
                1.1054            36.408E+03  
                1.10646           36.2864E+03 
                1.10752           36.1542E+03 
                1.10858           36.0152E+03 
                1.10964           35.8741E+03 
                1.11069           35.7359E+03 
                1.11175           35.6055E+03 
                1.11281           35.488E+03  
                1.11387           35.3877E+03 
                1.11494           35.3087E+03 
                1.11653           35.2453E+03 
                1.11712           35.2303E+03 
                1.11802           35.226E+03  
                1.11936           35.2598E+03 
                1.12037           35.3071E+03 
                1.12113           35.3538E+03 
                1.12226           35.4445E+03 
                1.1234            35.553E+03  
                1.12454           35.6754E+03 
                1.12567           35.8078E+03 
                1.12681           35.9459E+03 
                1.12795           36.0856E+03 
                1.12908           36.2223E+03 
                1.13022           36.3509E+03 
                1.13136           36.4667E+03 
                1.1325            36.5654E+03 
                1.13364           36.6439E+03 
                1.13478           36.7001E+03 
                1.13592           36.7324E+03 
                1.13763           36.7246E+03 
                1.13848           36.7073E+03 
                1.13934           36.6761E+03 
                1.14062           36.6011E+03 
                1.14191           36.5036E+03 
                1.14319           36.3899E+03 
                1.14448           36.2673E+03 
                1.14577           36.1429E+03 
                1.14705           36.024E+03  
                1.14834           35.9168E+03 
                1.14963           35.8268E+03 
                1.15092           35.7582E+03 
                1.1522            35.7139E+03 
                1.15349           35.696E+03  
                1.15398           35.6933E+03 
                1.1547            35.6978E+03 
                1.15579           35.7237E+03 
                1.15688           35.7691E+03 
                1.15797           35.8332E+03 
                1.15906           35.9148E+03 
                1.16015           36.0123E+03 
                1.16124           36.1237E+03 
                1.16233           36.2465E+03 
                1.16342           36.3777E+03 
                1.16506           36.5809E+03 
                1.1667            36.7783E+03 
                1.16833           36.9572E+03 
                1.16997           37.1068E+03 
                1.17161           37.2195E+03 
                1.17326           37.2916E+03 
                1.17449           37.323E+03  
                1.17572           37.3325E+03 
                1.17695           37.3223E+03 
                1.17818           37.2955E+03 
                1.17942           37.2558E+03 
                1.18065           37.2065E+03 
                1.18188           37.1508E+03 
                1.18312           37.0913E+03 
                1.18435           37.0294E+03 
                1.18559           36.9661E+03 
                1.18682           36.9009E+03 
                1.18806           36.8329E+03 
                1.18991           36.7186E+03 
                1.19038           36.6897E+03 
                1.19084           36.6598E+03 
                1.19154           36.6123E+03 
                1.19258           36.534E+03  
                1.19336           36.4715E+03 
                1.19454           36.3675E+03 
                1.19572           36.2534E+03 
                1.19689           36.1294E+03 
                1.19807           35.9965E+03 
                1.19851           35.9457E+03 
                1.19917           35.8669E+03 
                1.20016           35.744E+03  
                1.20166           35.5554E+03 
                1.20315           35.3694E+03 
                1.20389           35.2782E+03 
                1.20464           35.1892E+03 
                1.20576           35.0633E+03 
                1.20688           34.9486E+03 
                1.208             34.8478E+03 
                1.20912           34.7636E+03 
                1.21024           34.6982E+03 
                1.21052           34.6832E+03 
                1.21094           34.6636E+03 
                1.21157           34.6406E+03 
                1.21251           34.6213E+03 
                1.21393           34.6266E+03 
                1.21535           34.6631E+03 
                1.21677           34.725E+03  
                1.21819           34.8048E+03 
                1.21962           34.8938E+03 
                1.22104           34.9833E+03 
                1.22139           35.0059E+03 
                1.22175           35.0282E+03 
                1.22228           35.0605E+03 
                1.22308           35.1054E+03 
                1.22428           35.1609E+03 
                1.22549           35.2028E+03 
                1.22669           35.2292E+03 
                1.22789           35.2398E+03 
                1.22909           35.2349E+03 
                1.23029           35.2152E+03 
                1.2315            35.1822E+03 
                1.2327            35.1373E+03 
                1.23391           35.0819E+03 
                1.23511           35.0164E+03 
                1.23631           34.9404E+03 
                1.23752           34.8527E+03 
                1.23872           34.7513E+03 
                1.23993           34.634E+03  
                1.24114           34.4985E+03 
                1.24234           34.3429E+03 
                1.24355           34.1666E+03 
                1.24446           34.0228E+03 
                1.24536           33.8677E+03 
                1.24672           33.6137E+03 
                1.24808           33.3456E+03 
                1.24944           33.0719E+03 
                1.2508            32.8025E+03 
                1.25216           32.5475E+03 
                1.25352           32.3161E+03 
                1.25488           32.1157E+03 
                1.25624           31.9513E+03 
                1.25761           31.8253E+03 
                1.25897           31.7377E+03 
                1.26033           31.6859E+03 
                1.2617            31.6662E+03 
                1.26204           31.6634E+03 
                1.26238           31.6625E+03 
                1.26289           31.6648E+03 
                1.26366           31.6759E+03 
                1.26481           31.7064E+03 
                1.26596           31.7479E+03 
                1.26711           31.7971E+03 
                1.26827           31.8509E+03 
                1.26942           31.9067E+03 
                1.27057           31.9619E+03 
                1.27173           32.0139E+03 
                1.27288           32.0604E+03 
                1.27404           32.0989E+03 
                1.27519           32.1266E+03 
                1.27635           32.141E+03  
                1.2775            32.1394E+03 
                1.27866           32.1192E+03 
                1.27981           32.0781E+03 
                1.28097           32.0144E+03 
                1.28212           31.927E+03  
                1.28328           31.8154E+03 
                1.28415           31.7184E+03 
                1.28502           31.6084E+03 
                1.28588           31.4859E+03 
                1.28675           31.352E+03  
                1.28762           31.2077E+03 
                1.28849           31.0544E+03 
                1.28936           30.8932E+03 
                1.29023           30.7254E+03 
                1.2911            30.5519E+03 
                1.29197           30.3735E+03 
                1.29327           30.0956E+03 
                1.29458           29.8071E+03 
                1.29588           29.5063E+03 
                1.29719           29.1912E+03 
                1.29849           28.861E+03  
                1.29882           28.7777E+03 
                1.29915           28.6934E+03 
                1.29964           28.5647E+03 
                1.30037           28.3668E+03 
                1.30147           28.0621E+03 
                1.30189           27.9471E+03 
                1.30251           27.7732E+03 
                1.30344           27.5126E+03 
                1.30379           27.4152E+03 
                1.30431           27.2704E+03 
                1.30484           27.1278E+03 
                1.30536           26.9883E+03 
                1.30614           26.7891E+03 
                1.30693           26.6039E+03 
                1.30772           26.4364E+03 
                1.3085            26.2899E+03 
                1.30929           26.1679E+03 
                1.31008           26.073E+03  
                1.31037           26.0415E+03 
                1.31081           26.0034E+03 
                1.31148           25.968E+03  
                1.31247           25.9644E+03 
                1.31347           26.0085E+03 
                1.31447           26.0958E+03 
                1.31546           26.219E+03  
                1.31646           26.3692E+03 
                1.31746           26.5359E+03 
                1.31845           26.7083E+03 
                1.31945           26.8755E+03 
                1.32045           27.0281E+03 
                1.32145           27.1581E+03 
                1.32245           27.2591E+03 
                1.32344           27.327E+03  
                1.32444           27.359E+03  
                1.32544           27.3546E+03 
                1.32644           27.3147E+03 
                1.32744           27.2418E+03 
                1.32844           27.1396E+03 
                1.32869           27.1124E+03 
                1.32894           27.0835E+03 
                1.32931           27.0364E+03 
                1.32988           26.9584E+03 
                1.33072           26.8282E+03 
                1.33156           26.6884E+03 
                1.33241           26.5426E+03 
                1.33325           26.3942E+03 
                1.3341            26.2465E+03 
                1.33536           26.0358E+03 
                1.33663           25.8435E+03 
                1.3379            25.6739E+03 
                1.33917           25.5278E+03 
                1.34044           25.4023E+03 
                1.3417            25.2907E+03 
                1.34297           25.1829E+03 
                1.34424           25.0653E+03 
                1.34551           24.9225E+03 
                1.34615           24.8431E+03 
                1.34678           24.7533E+03 
                1.34773           24.5884E+03 
                1.34869           24.388E+03  
                1.34964           24.1471E+03 
                1.35059           23.8629E+03 
                1.35155           23.5337E+03 
                1.3519            23.4041E+03 
                1.35244           23.1957E+03 
                1.35325           22.8531E+03 
                1.35405           22.4835E+03 
                1.35486           22.0913E+03 
                1.35566           21.6815E+03 
                1.35647           21.2602E+03 
                1.35727           20.8341E+03 
                1.35808           20.4103E+03 
                1.35888           19.9961E+03 
                1.35969           19.5985E+03 
                1.36049           19.2241E+03 
                1.3613            18.8788E+03 
                1.3616            18.7538E+03 
                1.36206           18.5771E+03 
                1.36274           18.3387E+03 
                1.36376           18.047E+03  
                1.36414           17.9473E+03 
                1.36471           17.8196E+03 
                1.36558           17.6775E+03 
                1.36687           17.5699E+03 
                1.36816           17.5579E+03 
                1.36945           17.6284E+03 
                1.37075           17.7669E+03 
                1.37204           17.9598E+03 
                1.37334           18.1946E+03 
                1.37463           18.4608E+03 
                1.3756            18.6745E+03 
                1.37657           18.8992E+03 
                1.37755           19.1324E+03 
                1.37779           19.1913E+03 
                1.37815           19.2806E+03 
                1.3787            19.4164E+03 
                1.37952           19.6234E+03 
                1.38034           19.8333E+03 
                1.38116           20.0453E+03 
                1.38198           20.2588E+03 
                1.3828            20.4731E+03 
                1.38362           20.6876E+03 
                1.38444           20.9016E+03 
                1.38526           21.1143E+03 
                1.38608           21.3252E+03 
                1.38691           21.5334E+03 
                1.38711           21.5854E+03 
                1.38732           21.6372E+03 
                1.38762           21.7145E+03 
                1.38809           21.8291E+03 
                1.38878           21.9983E+03 
                1.38982           22.2454E+03 
                1.39021           22.3372E+03 
                1.39079           22.4727E+03 
                1.39167           22.671E+03  
                1.392             22.7449E+03 
                1.3925            22.8541E+03 
                1.39324           23.015E+03  
                1.39435           23.2516E+03 
                1.39476           23.3399E+03 
                1.39539           23.4714E+03 
                1.39633           23.6679E+03 
                1.39727           23.8652E+03 
                1.39821           24.0646E+03 
                1.39844           24.1147E+03 
                1.39867           24.1649E+03 
                1.39903           24.2407E+03 
                1.39955           24.3553E+03 
                1.40035           24.5299E+03 
                1.40154           24.7981E+03 
                1.40272           25.0717E+03 
                1.40391           25.3486E+03 
                1.4051            25.6259E+03 
                1.40629           25.8999E+03 
                1.40748           26.1663E+03 
                1.40867           26.4201E+03 
                1.40986           26.6564E+03 
                1.41105           26.87E+03   
                1.41224           27.0566E+03 
                1.41343           27.2124E+03 
                1.41463           27.3347E+03 
                1.41582           27.4218E+03 
                1.41627           27.4496E+03 
                1.41694           27.4799E+03 
                1.41794           27.4998E+03 
                1.41945           27.4758E+03 
                1.42096           27.4025E+03 
                1.42134           27.3814E+03 
                1.42172           27.3574E+03 
                1.42228           27.3147E+03 
                1.42313           27.2369E+03 
                1.42345           27.2059E+03 
                1.42393           27.1552E+03 
                1.42464           27.0701E+03 
                1.42572           26.9233E+03 
                1.4268            26.7582E+03 
                1.42787           26.5749E+03 
                1.42895           26.3738E+03 
                1.43002           26.1548E+03 
                1.4311            25.9181E+03 
                1.43151           25.8269E+03 
                1.43211           25.6845E+03 
                1.43302           25.458E+03  
                1.43438           25.0899E+03 
                1.43575           24.6945E+03 
                1.43609           24.5941E+03 
                1.43643           24.492E+03  
                1.43694           24.3349E+03 
                1.43771           24.0908E+03 
                1.43886           23.7065E+03 
                1.44001           23.3056E+03 
                1.44116           22.89E+03   
                1.44231           22.4619E+03 
                1.44347           22.0239E+03 
                1.44462           21.5795E+03 
                1.44491           21.4681E+03 
                1.4452            21.3565E+03 
                1.44563           21.1885E+03 
                1.44628           20.9359E+03 
                1.44725           20.5585E+03 
                1.44871           20.0041E+03 
                1.45017           19.4694E+03 
                1.45163           18.9607E+03 
                1.45309           18.4833E+03 
                1.45345           18.3662E+03 
                1.45382           18.2512E+03 
                1.45437           18.0834E+03 
                1.45519           17.8431E+03 
                1.45642           17.5096E+03 
                1.45766           17.2035E+03 
                1.45889           16.9243E+03 
                1.46012           16.6708E+03 
                1.46136           16.4415E+03 
                1.46259           16.2345E+03 
                1.46306           16.16E+03   
                1.46375           16.0546E+03 
                1.46479           15.9094E+03 
                1.46636           15.7168E+03 
                1.46792           15.5453E+03 
                1.46948           15.3904E+03 
                1.47105           15.2481E+03 
                1.47261           15.1152E+03 
                1.47339           15.0509E+03 
                1.47418           14.9884E+03 
                1.47535           14.8979E+03 
                1.47653           14.8108E+03 
                1.4777            14.7276E+03 
                1.47858           14.6676E+03 
                1.47946           14.6101E+03 
                1.48034           14.5553E+03 
                1.48123           14.5037E+03 
                1.48211           14.4554E+03 
                1.48299           14.411E+03  
                1.48431           14.3535E+03 
                1.48564           14.306E+03  
                1.48696           14.2684E+03 
                1.48795           14.2457E+03 
                1.48894           14.2278E+03 
                1.48994           14.2138E+03 
                1.49093           14.2024E+03 
                1.49192           14.1921E+03 
                1.49292           14.1809E+03 
                1.49391           14.1666E+03 
                1.4949            14.147E+03  
                1.4959            14.1197E+03 
                1.49689           14.0831E+03 
                1.49789           14.0359E+03 
                1.49888           13.9777E+03 
                1.50037           13.8686E+03 
                1.50187           13.7451E+03 
                1.50336           13.6167E+03 
                1.50485           13.4934E+03 
                1.50634           13.384E+03  
                1.50784           13.2941E+03 
                1.50821           13.2731E+03 
                1.50858           13.2534E+03 
                1.50914           13.227E+03  
                1.50998           13.1943E+03 
                1.51125           13.1591E+03 
                1.51251           13.1343E+03 
                1.51377           13.1147E+03 
                1.51503           13.0946E+03 
                1.51535           13.0895E+03 
                1.51566           13.0843E+03 
                1.51613           13.0755E+03 
                1.51684           13.0594E+03 
                1.51791           13.0258E+03 
                1.51951           12.947E+03  
                1.5211            12.8363E+03 
                1.5227            12.6924E+03 
                1.5243            12.5162E+03 
                1.5259            12.3098E+03 
                1.5275            12.0761E+03 
                1.5291            11.818E+03  
                1.5307            11.5378E+03 
                1.5323            11.2377E+03 
                1.5327            11.1616E+03 
                1.5331            11.0843E+03 
                1.5337            10.9657E+03 
                1.5346            10.782E+03  
                1.53595           10.495E+03  
                1.53646           10.3861E+03 
                1.53722           10.2196E+03 
                1.53751           10.1567E+03 
                1.53793           10.0616E+03 
                1.53857            9.91696E+03
                1.53882            9.86254E+03
                1.53918            9.78039E+03
                1.53931            9.74952E+03
                1.53936            9.73794E+03
                1.53944            9.72055E+03
                1.53955            9.69442E+03
                1.53972            9.65511E+03
                1.53998            9.59594E+03
                1.54008            9.57373E+03
                1.54022            9.54036E+03
                1.54044            9.49017E+03
                1.54076            9.41464E+03
                1.54125            9.30093E+03
                1.54198            9.12981E+03
                1.54308            8.87295E+03
                1.54418            8.61684E+03
                1.54528            8.362E+03  
                1.54638            8.10885E+03
                1.54748            7.85769E+03
                1.54912            7.48583E+03
                1.54954            7.39341E+03
                1.54995            7.3013E+03 
                1.55057            7.16377E+03
                1.55149            6.95909E+03
                1.55242            6.75635E+03
                1.55335            6.55575E+03
                1.55474            6.25996E+03
                1.55613            5.9695E+03 
                1.55753            5.68528E+03
                1.55962            5.27936E+03
                1.56171            4.9002E+03 
                1.56223            4.80747E+03
                1.56275            4.71649E+03
                1.56353            4.58409E+03
                1.56471            4.39545E+03
                1.56515            4.32609E+03
                1.56581            4.22506E+03
                1.56681            4.08098E+03
                1.56829            3.88275E+03
                1.56843            3.86436E+03
                1.56864            3.83714E+03
                1.56896            3.79708E+03
                1.56943            3.73872E+03
                1.56961            3.71708E+03
                1.56987            3.68516E+03
                1.57027            3.63837E+03
                1.57086            3.57064E+03
                1.57176            3.47426E+03
                1.5731             3.33986E+03
                1.57444            3.2137E+03 
                1.57579            3.0941E+03 
                1.57713            2.98053E+03
                1.57847            2.87158E+03
                1.57982            2.76577E+03
                1.58116            2.66168E+03
                1.58251            2.55767E+03
                1.58385            2.45221E+03
                1.58519            2.3434E+03 
                1.58654            2.22946E+03
                1.58788            2.10933E+03
                1.58923            1.98279E+03
                1.59057            1.85087E+03
                1.59192            1.71523E+03
                1.59327            1.57759E+03
                1.59461            1.44051E+03
                1.59596            1.30754E+03
                1.59731            1.17886E+03
                1.59739            1.17086E+03
                1.59747            1.16289E+03
                1.5976             1.15096E+03
                1.59779            1.13312E+03
                1.59807            1.1065E+03 
                1.5985             1.06694E+03
                1.59914            1.00856E+03
                1.6001           923.315      
                1.60046          891.76       
                1.601            845.06       
                1.60181          775.905      
                1.60211          750.131      
                1.60256          711.553      
                1.60325          653.357      
                1.60427          563.771      
                1.60504          494.865      
                1.60581          423.802      
                1.60658          350.489      
                1.60735          275.14       
                1.60812          198.254      
                1.60888          120.573      
                1.61004            5.43364    
                1.61119         -104.593      
                1.61234         -206.102      
                1.61292         -254.218      
                1.6135          -299.454      
                1.61436         -359.873      
                1.61458         -374.446      
                1.6148          -388.513      
                1.61512         -408.47       
                1.61561         -435.721      
                1.61634         -470.394      
                1.61707         -498.887      
                1.6178          -521.559      
                1.61853         -539.015      
                1.61926         -552.055      
                1.61944         -555.02       
                1.61963         -557.732      
                1.6199          -561.305      
                1.62031         -565.731      
                1.62093         -570.893      
                1.62185         -577.383      
                1.62278         -584.496      
                1.6237          -593.939      
                1.62463         -607.025      
                1.62555         -624.643      
                1.6259          -631.86       
                1.62642         -644.343      
                1.6272          -666.97       
                1.62798         -693.493      
                1.62876         -723.93       
                1.62906         -735.849      
                1.6295          -754.989      
                1.63016         -786.521      
                1.6304          -798.7        
                1.63077         -817.844      
                1.63133         -848.5        
                1.63216         -898.67       
                1.63279         -938.522      
                1.63342         -980.652      
                1.63365         -996.745      
                1.634             -1.02163E+03
                1.63453           -1.06074E+03
                1.63473           -1.07564E+03
                1.63503           -1.09856E+03
                1.63547           -1.13435E+03
                1.63614           -1.19126E+03
                1.63639           -1.21303E+03
                1.63677           -1.24671E+03
                1.63733           -1.29949E+03
                1.63818           -1.38302E+03
                1.63902           -1.46991E+03
                1.63987           -1.5592E+03 
                1.64072           -1.64998E+03
                1.64156           -1.74151E+03
                1.64241           -1.83318E+03
                1.64326           -1.92457E+03
                1.6441            -2.01542E+03
                1.64495           -2.10558E+03
                1.6458            -2.19495E+03
                1.64611           -2.2283E+03 
                1.64659           -2.27807E+03
                1.64731           -2.3521E+03 
                1.64757           -2.37972E+03
                1.64798           -2.42092E+03
                1.64858           -2.48211E+03
                1.64948           -2.57218E+03
                1.65039           -2.66012E+03
                1.65129           -2.74566E+03
                1.6522            -2.82847E+03
                1.65254           -2.85907E+03
                1.65305           -2.90404E+03
                1.65381           -2.96915E+03
                1.65496           -3.06034E+03
                1.6561            -3.14361E+03
                1.65725           -3.21773E+03
                1.6584            -3.28161E+03
                1.65868           -3.29686E+03
                1.65897           -3.31143E+03
                1.6594            -3.33178E+03
                1.65972           -3.34616E+03
                1.65984           -3.35142E+03
                1.66002           -3.35904E+03
                1.6603            -3.36983E+03
                1.6607            -3.38459E+03
                1.66132           -3.40346E+03
                1.66223           -3.42434E+03
                1.66258           -3.43105E+03
                1.66309           -3.43876E+03
                1.66387           -3.44505E+03
                1.66416           -3.44662E+03
                1.6646            -3.44732E+03
                1.66476           -3.44733E+03
                1.66501           -3.44683E+03
                1.66537           -3.44493E+03
                1.66592           -3.43949E+03
                1.66613           -3.43707E+03
                1.66644           -3.43263E+03
                1.66656           -3.43085E+03
                1.66673           -3.42792E+03
                1.667             -3.42297E+03
                1.66739           -3.41434E+03
                1.66798           -3.39878E+03
                1.66857           -3.38069E+03
                1.66916           -3.36002E+03
                1.6693            -3.35467E+03
                1.66934           -3.35332E+03
                1.66935           -3.35281E+03
                1.66938           -3.35205E+03
                1.66941           -3.35089E+03
                1.66945           -3.34914E+03
                1.66952           -3.34648E+03
                1.66963           -3.34241E+03
                1.66979           -3.33609E+03
                1.67002           -3.32611E+03
                1.67038           -3.30974E+03
                1.67091           -3.28109E+03
                1.67144           -3.24763E+03
                1.67197           -3.20917E+03
                1.6725            -3.16612E+03
                1.67303           -3.11932E+03
                1.67356           -3.06989E+03
                1.67409           -3.01898E+03
                1.67463           -2.96758E+03
                1.67516           -2.91645E+03
                1.67569           -2.8661E+03 
                1.67622           -2.81685E+03
                1.67675           -2.76886E+03
                1.67728           -2.72222E+03
                1.67781           -2.67697E+03
                1.67835           -2.63312E+03
                1.67888           -2.59064E+03
                1.67941           -2.54947E+03
                1.67994           -2.50946E+03
                1.68047           -2.4704E+03 
                1.68101           -2.43199E+03
                1.68154           -2.39388E+03
                1.68207           -2.35565E+03
                1.6826            -2.31686E+03
                1.68313           -2.27712E+03
                1.68366           -2.23606E+03
                1.6842            -2.19346E+03
                1.68473           -2.14913E+03
                1.68526           -2.103E+03  
                1.68579           -2.0551E+03 
                1.68632           -2.0055E+03 
                1.68686           -1.95433E+03
                1.68739           -1.90172E+03
                1.68792           -1.84775E+03
                1.68845           -1.79247E+03
                1.68898           -1.73589E+03
                1.68952           -1.67796E+03
                1.69005           -1.61861E+03
                1.69058           -1.5577E+03 
                1.69111           -1.49507E+03
                1.69164           -1.43052E+03
                1.69218           -1.36383E+03
                1.69271           -1.29478E+03
                1.69324           -1.22317E+03
                1.69377           -1.14883E+03
                1.69431           -1.07163E+03
                1.69484         -991.519      
                1.69537         -908.477      
                1.6959          -822.569      
                1.69644         -733.918      
                1.69697         -642.685      
                1.6975          -549.069      
                1.69803         -453.294      
                1.69857         -355.605      
                1.6991          -256.26       
                1.69963         -155.523      
                1.70016          -53.6513     
                1.7007            49.1093     
                1.7015           204.508      
                1.7023           360.71       
                1.70309          517.417      
                1.70389          674.55       
                1.70469          832.229      
                1.70549          990.728      
                1.70629            1.15039E+03
                1.70709            1.31157E+03
                1.70789            1.4745E+03 
                1.70869            1.63928E+03
                1.70949            1.80585E+03
                1.71029            1.9739E+03 
                1.71109            2.14299E+03
                1.71189            2.3126E+03 
                1.71269            2.48231E+03
                1.71389            2.73607E+03
                1.71509            2.98812E+03
                1.71629            3.2371E+03 
                1.71749            3.48089E+03
                1.71779            3.54153E+03
                1.71809            3.60178E+03
                1.71854            3.69106E+03
                1.71921            3.82177E+03
                1.71989            3.94843E+03
                1.72056            4.06997E+03
                1.72124            4.18526E+03
                1.72192            4.29326E+03
                1.72259            4.39313E+03
                1.72327            4.48441E+03
                1.72394            4.56699E+03
                1.72462            4.64113E+03
                1.72529            4.70744E+03
                1.72597            4.76683E+03
                1.72664            4.82044E+03
                1.72732            4.86952E+03
                1.728              4.91536E+03
                1.72867            4.95913E+03
                1.72935            5.00183E+03
                1.73002            5.04421E+03
                1.7307             5.08675E+03
                1.73137            5.12968E+03
                1.73205            5.17301E+03
                1.73273            5.21663E+03
                1.7334             5.26034E+03
                1.73408            5.30392E+03
                1.73475            5.34719E+03
                1.73543            5.38997E+03
                1.73611            5.43215E+03
                1.73678            5.47364E+03




