
                  X              uf-new-d10   

                0.                -0.         
               39.94E-09         852.39E-03   
              319.041E-09          3.81368    
                1.70601E-06        8.70331    
                7.53894E-06       18.7283     
               29.9775E-06        39.4374     
              111.812E-06         80.4534     
              399.954E-06        157.264      
                1.38837E-03      309.626      
                4.70264E-03      674.695      
               15.5512E-03         1.69238E+03
               49.9952E-03         4.68915E+03
              154.626E-03         13.488E+03  
              212.548E-03         19.0328E+03 
              319.557E-03         27.3E+03    
              322.357E-03         28.6216E+03 
              326.58E-03          29.2056E+03 
              328.172E-03         29.3693E+03 
              330.567E-03         29.5525E+03 
              332.971E-03         29.7309E+03 
              335.385E-03         29.9105E+03 
              337.809E-03         30.0914E+03 
              340.242E-03         30.2733E+03 
              341.157E-03         30.3503E+03 
              342.531E-03         30.4563E+03 
              344.599E-03         30.6061E+03 
              346.673E-03         30.7593E+03 
              348.754E-03         30.914E+03  
              350.842E-03         31.0687E+03 
              352.936E-03         31.2223E+03 
              356.09E-03          31.4365E+03 
              359.26E-03          31.6459E+03 
              362.444E-03         31.8388E+03 
              365.643E-03         32.0079E+03 
              370.47E-03          32.1806E+03 
              372.289E-03         32.2621E+03 
              375.027E-03         32.3332E+03 
              376.056E-03         32.3658E+03 
              377.602E-03         32.3968E+03 
              379.929E-03         32.4198E+03 
              382.263E-03         32.4345E+03 
              384.604E-03         32.441E+03  
              386.953E-03         32.4409E+03 
              389.31E-03          32.437E+03  
              392.859E-03         32.4248E+03 
              398.214E-03         32.4547E+03 
              400.233E-03         32.5046E+03 
              403.27E-03          32.5745E+03 
              407.849E-03         32.7364E+03 
              412.455E-03         32.9818E+03 
              417.088E-03         33.2915E+03 
              418.25E-03          33.3915E+03 
              419.414E-03         33.4869E+03 
              421.164E-03         33.6224E+03 
              423.795E-03         33.8289E+03 
              427.758E-03         34.1565E+03 
              431.74E-03          34.5108E+03 
              435.741E-03         34.8821E+03 
              439.762E-03         35.2706E+03 
              443.801E-03         35.6796E+03 
              447.86E-03          36.1119E+03 
              451.937E-03         36.5681E+03 
              456.034E-03         37.0455E+03 
              460.15E-03          37.5381E+03 
              464.284E-03         38.0376E+03 
              468.438E-03         38.5344E+03 
              470.001E-03         38.7345E+03 
              472.349E-03         39.0115E+03 
              475.884E-03         39.4003E+03 
              477.212E-03         39.5568E+03 
              479.209E-03         39.7737E+03 
              482.212E-03         40.0739E+03 
              486.735E-03         40.4841E+03 
              489.004E-03         40.699E+03  
              491.279E-03         40.8971E+03 
              494.701E-03         41.1602E+03 
              495.987E-03         41.2675E+03 
              497.92E-03          41.4116E+03 
              500.826E-03         41.6057E+03 
              505.201E-03         41.8705E+03 
              509.595E-03         42.1289E+03 
              511.8E-03           42.2689E+03 
              514.009E-03         42.3981E+03 
              517.331E-03         42.5747E+03 
              518.58E-03          42.6509E+03 
              520.456E-03         42.7551E+03 
              523.276E-03         42.9028E+03 
              527.521E-03         43.1252E+03 
              529.117E-03         43.2255E+03 
              531.516E-03         43.3631E+03 
              535.124E-03         43.5644E+03 
              536.48E-03          43.6526E+03 
              538.517E-03         43.7762E+03 
              541.581E-03         43.9572E+03 
              546.192E-03         44.2381E+03 
              550.822E-03         44.5444E+03 
              551.983E-03         44.6365E+03 
              553.145E-03         44.7244E+03 
              554.89E-03          44.8477E+03 
              557.512E-03         45.0298E+03 
              558.497E-03         45.1054E+03 
              559.976E-03         45.216E+03  
              562.199E-03         45.3807E+03 
              565.54E-03          45.6357E+03 
              566.796E-03         45.7433E+03 
              568.682E-03         45.9002E+03 
              571.516E-03         46.1359E+03 
              575.781E-03         46.5033E+03 
              580.061E-03         46.8935E+03 
              584.357E-03         47.2951E+03 
              586.511E-03         47.5091E+03 
              588.668E-03         47.7174E+03 
              591.911E-03         48.0178E+03 
              593.13E-03          48.1389E+03 
              594.96E-03          48.3121E+03 
              597.71E-03          48.5611E+03 
              601.847E-03         48.9204E+03 
              605.997E-03         49.2745E+03 
              607.037E-03         49.373E+03  
              608.077E-03         49.4675E+03 
              609.64E-03          49.5988E+03 
              611.987E-03         49.7828E+03 
              615.516E-03         50.0435E+03 
              619.055E-03         50.2996E+03 
              622.603E-03         50.5473E+03 
              627.944E-03         50.8894E+03 
              629.952E-03         51.0337E+03 
              632.971E-03         51.2261E+03 
              637.511E-03         51.4937E+03 
              638.648E-03         51.5725E+03 
              639.787E-03         51.6477E+03 
              641.496E-03         51.7509E+03 
              644.064E-03         51.8955E+03 
              645.029E-03         51.9546E+03 
              646.476E-03         52.0385E+03 
              648.651E-03         52.1571E+03 
              651.919E-03         52.3268E+03 
              655.195E-03         52.497E+03  
              658.478E-03         52.6644E+03 
              663.418E-03         52.9007E+03 
              668.375E-03         53.1455E+03 
              673.349E-03         53.3998E+03 
              674.595E-03         53.4766E+03 
              675.843E-03         53.5496E+03 
              677.716E-03         53.6511E+03 
              680.529E-03         53.8008E+03 
              684.76E-03          54.0375E+03 
              686.35E-03          54.1406E+03 
              688.738E-03         54.2898E+03 
              689.634E-03         54.3499E+03 
              690.98E-03          54.4377E+03 
              693.001E-03         54.5677E+03 
              696.037E-03         54.767E+03  
              699.079E-03         54.9779E+03 
              699.841E-03         55.0363E+03 
              700.603E-03         55.0945E+03 
              701.746E-03         55.1792E+03 
              703.463E-03         55.3033E+03 
              704.107E-03         55.352E+03  
              705.074E-03         55.4243E+03 
              706.526E-03         55.5313E+03 
              708.706E-03         55.692E+03  
              711.982E-03         55.9367E+03 
              716.909E-03         56.3135E+03 
              718.143E-03         56.421E+03  
              719.378E-03         56.5261E+03 
              721.232E-03         56.6766E+03 
              721.928E-03         56.7351E+03 
              722.972E-03         56.8209E+03 
              723.364E-03         56.8537E+03 
              723.952E-03         56.9024E+03 
              724.835E-03         56.9743E+03 
              726.159E-03         57.0808E+03 
              728.148E-03         57.2404E+03 
              731.136E-03         57.4825E+03 
              732.257E-03         57.5801E+03 
              733.942E-03         57.7236E+03 
              734.574E-03         57.7792E+03 
              735.522E-03         57.8614E+03 
              736.946E-03         57.9825E+03 
              739.084E-03         58.1633E+03 
              742.296E-03         58.438E+03  
              745.514E-03         58.7222E+03 
              748.739E-03         59.0115E+03 
              751.97E-03          59.3032E+03 
              752.778E-03         59.3813E+03 
              753.992E-03         59.4953E+03 
              754.448E-03         59.5387E+03 
              755.131E-03         59.6026E+03 
              756.156E-03         59.696E+03  
              757.696E-03         59.8326E+03 
              760.007E-03         60.0337E+03 
              763.481E-03         60.3277E+03 
              764.785E-03         60.4445E+03 
              765.274E-03         60.4891E+03 
              766.009E-03         60.5544E+03 
              767.111E-03         60.6485E+03 
              768.765E-03         60.783E+03  
              771.25E-03          60.975E+03  
              774.983E-03         61.2452E+03 
              780.598E-03         61.6164E+03 
              786.231E-03         61.9715E+03 
              791.882E-03         62.3127E+03 
              793.297E-03         62.4098E+03 
              794.714E-03         62.5015E+03 
              796.841E-03         62.6278E+03 
              800.036E-03         62.8086E+03 
              804.838E-03         63.0781E+03 
              806.643E-03         63.1916E+03 
              809.352E-03         63.3521E+03 
              810.37E-03          63.4159E+03 
              811.896E-03         63.508E+03  
              812.469E-03         63.5437E+03 
              813.329E-03         63.5961E+03 
              814.619E-03         63.6728E+03 
              816.556E-03         63.7865E+03 
              817.282E-03         63.8316E+03 
              818.373E-03         63.8987E+03 
              819.465E-03         63.9659E+03 
              820.557E-03         64.0334E+03 
              822.196E-03         64.1341E+03 
              822.811E-03         64.1737E+03 
              823.734E-03         64.2327E+03 
              824.08E-03          64.2554E+03 
              824.6E-03           64.2892E+03 
              825.379E-03         64.3396E+03 
              826.549E-03         64.4147E+03 
              828.305E-03         64.5282E+03 
              828.964E-03         64.573E+03  
              829.952E-03         64.6402E+03 
              831.437E-03         64.7414E+03 
              833.665E-03         64.8956E+03 
              837.012E-03         65.1368E+03 
              839.526E-03         65.3305E+03 
              840.47E-03          65.4072E+03 
              841.886E-03         65.5214E+03 
              844.012E-03         65.6929E+03 
              844.81E-03          65.7604E+03 
              846.008E-03         65.8615E+03 
              847.806E-03         66.0141E+03 
              850.505E-03         66.2494E+03 
              851.518E-03         66.343E+03  
              853.039E-03         66.4836E+03 
              853.61E-03          66.5379E+03 
              854.466E-03         66.6191E+03 
              855.751E-03         66.7406E+03 
              857.68E-03          66.9244E+03 
              860.577E-03         67.2065E+03 
              864.93E-03          67.6437E+03 
              866.02E-03          67.7618E+03 
              867.11E-03          67.8795E+03 
              868.746E-03         68.0524E+03 
              871.204E-03         68.3082E+03 
              874.895E-03         68.6885E+03 
              878.592E-03         69.0681E+03 
              879.518E-03         69.1681E+03 
              880.444E-03         69.2667E+03 
              881.833E-03         69.4094E+03 
              883.919E-03         69.6146E+03 
              887.052E-03         69.9082E+03 
              891.76E-03          70.32E+03   
              896.478E-03         70.7109E+03 
              900.023E-03         70.9956E+03 
              903.574E-03         71.2651E+03 
              907.13E-03          71.5236E+03 
              910.693E-03         71.7741E+03 
              914.261E-03         72.019E+03  
              915.154E-03         72.0845E+03 
              916.047E-03         72.1489E+03 
              917.388E-03         72.2415E+03 
              919.4E-03           72.3746E+03 
              922.422E-03         72.5685E+03 
              926.962E-03         72.8508E+03 
              931.511E-03         73.1283E+03 
              932.65E-03          73.2042E+03 
              933.789E-03         73.2776E+03 
              935.499E-03         73.3803E+03 
              938.066E-03         73.5236E+03 
              941.922E-03         73.7225E+03 
              945.784E-03         73.912E+03  
              949.653E-03         74.0892E+03 
              951.106E-03         74.1594E+03 
              953.286E-03         74.2545E+03 
              956.56E-03          74.3822E+03 
              959.838E-03         74.505E+03  
              963.121E-03         74.6236E+03 
              966.409E-03         74.7393E+03 
              969.7E-03           74.8537E+03 
              970.524E-03         74.8859E+03 
              971.76E-03          74.932E+03  
              973.615E-03         74.9973E+03 
              976.4E-03           75.0929E+03 
              977.445E-03         75.1325E+03 
              979.014E-03         75.1907E+03 
              981.369E-03         75.2774E+03 
              982.253E-03         75.3127E+03 
              983.579E-03         75.3652E+03 
              985.569E-03         75.4441E+03 
              987.561E-03         75.5266E+03 
              989.554E-03         75.6129E+03 
              991.549E-03         75.7033E+03 
              993.546E-03         75.7979E+03 
              995.544E-03         75.8967E+03 
              997.044E-03         75.9743E+03 
              999.295E-03         76.0935E+03 
                1.00155           76.2186E+03 
                1.0038            76.3492E+03 
                1.00606           76.4844E+03 
                1.00832           76.6229E+03 
                1.01058           76.763E+03  
                1.01284           76.9026E+03 
                1.01369           76.9568E+03 
                1.01401           76.9773E+03 
                1.01449           77.0078E+03 
                1.0152            77.0525E+03 
                1.01628           77.117E+03  
                1.01668           77.1414E+03 
                1.01729           77.1772E+03 
                1.01751           77.1906E+03 
                1.01786           77.2106E+03 
                1.01837           77.2398E+03 
                1.01913           77.2821E+03 
                1.02028           77.3418E+03 
                1.02201           77.4217E+03 
                1.02266           77.4517E+03 
                1.02363           77.4929E+03 
                1.02509           77.5448E+03 
                1.02728           77.5974E+03 
                1.02947           77.6248E+03 
                1.03166           77.6251E+03 
                1.03385           77.5983E+03 
                1.03605           77.5466E+03 
                1.0366            77.5336E+03 
                1.03715           77.5192E+03 
                1.03797           77.4937E+03 
                1.03921           77.4481E+03 
                1.04106           77.3691E+03 
                1.04292           77.2878E+03 
                1.04478           77.2103E+03 
                1.04664           77.1427E+03 
                1.0485            77.0909E+03 
                1.05036           77.0599E+03 
                1.05223           77.0538E+03 
                1.05409           77.0755E+03 
                1.05596           77.126E+03  
                1.05736           77.181E+03  
                1.05788           77.2046E+03 
                1.05867           77.2445E+03 
                1.05897           77.2603E+03 
                1.05919           77.2726E+03 
                1.05952           77.2918E+03 
                1.06002           77.3222E+03 
                1.06077           77.3712E+03 
                1.06189           77.4521E+03 
                1.06231           77.4839E+03 
                1.06295           77.5338E+03 
                1.06318           77.553E+03  
                1.06327           77.5602E+03 
                1.06341           77.5712E+03 
                1.06361           77.5879E+03 
                1.06391           77.6132E+03 
                1.06436           77.652E+03  
                1.06503           77.7115E+03 
                1.06605           77.8029E+03 
                1.06757           77.9408E+03 
                1.06985           78.1356E+03 
                1.07042           78.185E+03  
                1.07099           78.2334E+03 
                1.07185           78.3021E+03 
                1.07313           78.3943E+03 
                1.07506           78.5035E+03 
                1.07579           78.5417E+03 
                1.07687           78.5887E+03 
                1.07851           78.6341E+03 
                1.08095           78.6492E+03 
                1.08156           78.6516E+03 
                1.08218           78.6509E+03 
                1.0831            78.6425E+03 
                1.08447           78.6151E+03 
                1.08654           78.55E+03   
                1.08861           78.4735E+03 
                1.09068           78.3957E+03 
                1.09379           78.3024E+03 
                1.09496           78.2758E+03 
                1.09671           78.2488E+03 
                1.09934           78.243E+03  
                1.10033           78.2486E+03 
                1.10181           78.2673E+03 
                1.10403           78.3138E+03 
                1.10625           78.3739E+03 
                1.10848           78.4377E+03 
                1.11071           78.4952E+03 
                1.11293           78.5377E+03 
                1.11349           78.5486E+03 
                1.11433           78.5616E+03 
                1.11558           78.5722E+03 
                1.11746           78.5671E+03 
                1.11817           78.5636E+03 
                1.11923           78.5515E+03 
                1.12082           78.5184E+03 
                1.12241           78.473E+03  
                1.124             78.4169E+03 
                1.1256            78.3522E+03 
                1.12719           78.2814E+03 
                1.12879           78.2067E+03 
                1.12918           78.1885E+03 
                1.12958           78.1702E+03 
                1.13018           78.1423E+03 
                1.13108           78.0996E+03 
                1.13242           78.0356E+03 
                1.13445           77.9433E+03 
                1.1352            77.911E+03  
                1.13634           77.8641E+03 
                1.13805           77.797E+03  
                1.14061           77.7014E+03 
                1.14318           77.6084E+03 
                1.14574           77.5107E+03 
                1.14639           77.4876E+03 
                1.14703           77.4639E+03 
                1.14799           77.4258E+03 
                1.14944           77.3624E+03 
                1.15161           77.2529E+03 
                1.15378           77.1315E+03 
                1.15595           76.9993E+03 
                1.15921           76.7847E+03 
                1.16043           76.7064E+03 
                1.16227           76.5869E+03 
                1.16503           76.4149E+03 
                1.16606           76.3548E+03 
                1.16761           76.2695E+03 
                1.16994           76.1585E+03 
                1.17227           76.0712E+03 
                1.17461           76.0101E+03 
                1.17694           75.9761E+03 
                1.17927           75.9687E+03 
                1.18161           75.9863E+03 
                1.18395           76.0263E+03 
                1.18483           76.0459E+03 
                1.18614           76.0802E+03 
                1.18812           76.1408E+03 
                1.19108           76.2469E+03 
                1.19405           76.3638E+03 
                1.19479           76.3955E+03 
                1.19554           76.4276E+03 
                1.19665           76.4749E+03 
                1.19832           76.544E+03  
                1.20083           76.6443E+03 
                1.20177           76.6836E+03 
                1.20319           76.7409E+03 
                1.2053            76.8233E+03 
                1.20743           76.9047E+03 
                1.20955           76.9854E+03 
                1.21167           77.0656E+03 
                1.21379           77.1458E+03 
                1.21459           77.177E+03  
                1.21579           77.2231E+03 
                1.21758           77.2903E+03 
                1.22028           77.3886E+03 
                1.22297           77.4863E+03 
                1.22567           77.5808E+03 
                1.22668           77.6174E+03 
                1.22706           77.6313E+03 
                1.22763           77.6518E+03 
                1.22848           77.681E+03  
                1.22976           77.7216E+03 
                1.23169           77.7755E+03 
                1.23457           77.8399E+03 
                1.23891           77.8903E+03 
                1.23999           77.904E+03  
                1.24108           77.9141E+03 
                1.2427            77.9188E+03 
                1.24515           77.9011E+03 
                1.24606           77.8928E+03 
                1.24744           77.8715E+03 
                1.2495            77.8181E+03 
                1.25027           77.7962E+03 
                1.25143           77.7562E+03 
                1.25318           77.6786E+03 
                1.25383           77.6479E+03 
                1.25481           77.5962E+03 
                1.25628           77.5054E+03 
                1.25683           77.4701E+03 
                1.25766           77.4129E+03 
                1.2589            77.3172E+03 
                1.26077           77.1516E+03 
                1.26123           77.1097E+03 
                1.2617            77.0665E+03 
                1.2624            76.9986E+03 
                1.26345           76.8899E+03 
                1.26502           76.7134E+03 
                1.2666            76.5269E+03 
                1.26699           76.4802E+03 
                1.26739           76.433E+03  
                1.26798           76.3609E+03 
                1.26886           76.2501E+03 
                1.27019           76.0805E+03 
                1.27069           76.017E+03  
                1.27144           75.9215E+03 
                1.27256           75.7792E+03 
                1.27299           75.7264E+03 
                1.27362           75.6481E+03 
                1.27457           75.5336E+03 
                1.27599           75.3718E+03 
                1.27812           75.1598E+03 
                1.28026           74.9878E+03 
                1.28239           74.8576E+03 
                1.28453           74.768E+03  
                1.28667           74.7163E+03 
                1.28881           74.6989E+03 
                1.29095           74.7109E+03 
                1.29149           74.7165E+03 
                1.29202           74.7239E+03 
                1.29283           74.738E+03  
                1.29403           74.7645E+03 
                1.29584           74.8161E+03 
                1.29855           74.912E+03  
                1.30127           75.0229E+03 
                1.30399           75.1461E+03 
                1.30467           75.179E+03  
                1.30535           75.2127E+03 
                1.30637           75.2642E+03 
                1.3079            75.3442E+03 
                1.31019           75.4729E+03 
                1.31364           75.683E+03  
                1.3145            75.7389E+03 
                1.31536           75.7958E+03 
                1.31666           75.8817E+03 
                1.3186            76.0101E+03 
                1.31933           76.0591E+03 
                1.32042           76.1315E+03 
                1.32206           76.235E+03  
                1.32452           76.3686E+03 
                1.32698           76.4706E+03 
                1.32944           76.5284E+03 
                1.33191           76.5287E+03 
                1.33376           76.4963E+03 
                1.33561           76.4251E+03 
                1.33746           76.3105E+03 
                1.33931           76.1501E+03 
                1.34              76.0841E+03 
                1.34104           75.9698E+03 
                1.34261           75.7639E+03 
                1.34495           75.3817E+03 
                1.34847           74.6701E+03 
                1.34935           74.4863E+03 
                1.35023           74.2949E+03 
                1.35155           73.9913E+03 
                1.35354           73.5078E+03 
                1.35428           73.3239E+03 
                1.35539           73.042E+03  
                1.35707           72.6111E+03 
                1.3577            72.4494E+03 
                1.35864           72.2063E+03 
                1.36005           71.8436E+03 
                1.36217           71.3179E+03 
                1.36536           70.6081E+03 
                1.36615           70.4381E+03 
                1.36695           70.2743E+03 
                1.36814           70.0428E+03 
                1.36993           69.7307E+03 
                1.37173           69.4566E+03 
                1.37352           69.2206E+03 
                1.37621           68.9445E+03 
                1.3789            68.7353E+03 
                1.3816            68.5742E+03 
                1.38429           68.4383E+03 
                1.38699           68.3027E+03 
                1.38767           68.2695E+03 
                1.38868           68.2172E+03 
                1.3902            68.1275E+03 
                1.39247           67.9532E+03 
                1.39475           67.7256E+03 
                1.39532           67.6659E+03 
                1.39589           67.6025E+03 
                1.39675           67.4976E+03 
                1.39803           67.3157E+03 
                1.39996           66.9815E+03 
                1.40188           66.5831E+03 
                1.40381           66.1191E+03 
                1.40574           65.592E+03  
                1.40766           65.0085E+03 
                1.40959           64.3785E+03 
                1.41152           63.7183E+03 
                1.41345           63.0454E+03 
                1.41393           62.8772E+03 
                1.41442           62.7089E+03 
                1.41514           62.4567E+03 
                1.41623           62.0825E+03 
                1.41786           61.5428E+03 
                1.4203            60.8173E+03 
                1.42275           60.2016E+03 
                1.4252            59.7064E+03 
                1.42764           59.3298E+03 
                1.43009           59.0586E+03 
                1.43255           58.8712E+03 
                1.435             58.7403E+03 
                1.43745           58.6359E+03 
                1.4399            58.5273E+03 
                1.44236           58.3845E+03 
                1.44481           58.1797E+03 
                1.4485            57.664E+03  
                1.44942           57.5229E+03 
                1.45034           57.3669E+03 
                1.45173           57.0975E+03 
                1.45225           56.9918E+03 
                1.45303           56.8218E+03 
                1.45419           56.5405E+03 
                1.45594           56.0616E+03 
                1.45857           55.2374E+03 
                1.45907           55.08E+03   
                1.45956           54.9195E+03 
                1.4603            54.6717E+03 
                1.46141           54.2871E+03 
                1.46307           53.6945E+03 
                1.46474           53.1021E+03 
                1.46641           52.5266E+03 
                1.46807           51.985E+03  
                1.46974           51.4937E+03 
                1.47141           51.0664E+03 
                1.47307           50.7114E+03 
                1.47558           50.3589E+03 
                1.4762            50.2829E+03 
                1.47683           50.2184E+03 
                1.47777           50.1461E+03 
                1.47917           50.0877E+03 
                1.48129           50.0894E+03 
                1.48446           50.1911E+03 
                1.48763           50.2881E+03 
                1.48843           50.3116E+03 
                1.48922           50.3315E+03 
                1.49041           50.3471E+03 
                1.4922            50.3216E+03 
                1.49488           50.1281E+03 
                1.49555           50.0703E+03 
                1.49622           50.0017E+03 
                1.49722           49.8719E+03 
                1.49873           49.6122E+03 
                1.4993            49.5059E+03 
                1.50015           49.3248E+03 
                1.50142           49.0034E+03 
                1.50333           48.4096E+03 
                1.50524           47.7101E+03 
                1.50572           47.5291E+03 
                1.5062            47.3419E+03 
                1.50691           47.0468E+03 
                1.50718           46.9343E+03 
                1.50759           46.7613E+03 
                1.50819           46.4926E+03 
                1.5091            46.071E+03  
                1.51046           45.4052E+03 
                1.5125            44.3633E+03 
                1.51327           43.969E+03  
                1.51442           43.3751E+03 
                1.51614           42.5005E+03 
                1.51658           42.2835E+03 
                1.51701           42.0684E+03 
                1.51765           41.7507E+03 
                1.51863           41.2885E+03 
                1.52008           40.6373E+03 
                1.52063           40.3999E+03 
                1.52145           40.0595E+03 
                1.52268           39.5866E+03 
                1.52452           38.961E+03  
                1.52498           38.8102E+03 
                1.52544           38.665E+03  
                1.52613           38.4594E+03 
                1.52717           38.1759E+03 
                1.52873           37.7991E+03 
                1.53107           37.3084E+03 
                1.5334            36.855E+03  
                1.53574           36.4047E+03 
                1.53662           36.2352E+03 
                1.53793           35.9701E+03 
                1.53991           35.5445E+03 
                1.54188           35.0858E+03 
                1.54237           34.9693E+03 
                1.54287           34.8507E+03 
                1.54361           34.6673E+03 
                1.54472           34.3792E+03 
                1.54639           33.9156E+03 
                1.54889           33.1412E+03 
                1.54951           32.9432E+03 
                1.55014           32.7402E+03 
                1.55108           32.4236E+03 
                1.55248           31.9212E+03 
                1.55354           31.5295E+03 
                1.55393           31.3806E+03 
                1.55453           31.1527E+03 
                1.55542           30.8008E+03 
                1.55676           30.2545E+03 
                1.55726           30.0475E+03 
                1.55801           29.7316E+03 
                1.55914           29.2491E+03 
                1.56027           28.7684E+03 
                1.5614            28.2965E+03 
                1.56252           27.8401E+03 
                1.56365           27.4057E+03 
                1.56478           26.9983E+03 
                1.56648           26.4609E+03 
                1.5669            26.3315E+03 
                1.56732           26.2073E+03 
                1.56796           26.0325E+03 
                1.56891           25.797E+03  
                1.57034           25.5028E+03 
                1.57249           25.1751E+03 
                1.57302           25.1003E+03 
                1.57356           25.032E+03  
                1.57437           24.9422E+03 
                1.57557           24.8298E+03 
                1.57738           24.6939E+03 
                1.57806           24.6471E+03 
                1.57908           24.5836E+03 
                1.58061           24.491E+03  
                1.58291           24.3334E+03 
                1.58635           24.0891E+03 
                1.58979           23.6185E+03 
                1.59065           23.4878E+03 
                1.59152           23.341E+03  
                1.59281           23.0804E+03 
                1.59329           22.9769E+03 
                1.59402           22.8083E+03 
                1.59511           22.5254E+03 
                1.59675           22.0337E+03 
                1.5992            21.1429E+03 
                1.60166           20.1012E+03 
                1.60411           18.915E+03  
                1.60473           18.61E+03   
                1.60534           18.2963E+03 
                1.60626           17.8086E+03 
                1.60765           17.0449E+03 
                1.60972           15.8351E+03 
                1.61179           14.5721E+03 
                1.61387           13.2653E+03 
                1.61439           12.9362E+03 
                1.61491           12.6046E+03 
                1.61568           12.1017E+03 
                1.61685           11.3366E+03 
                1.6186            10.1707E+03 
                1.61992            9.28842E+03
                1.62123            8.39972E+03
                1.62172            8.06576E+03
                1.62246            7.56316E+03
                1.62357            6.80573E+03
                1.62524            5.66276E+03
                1.6269             4.51154E+03
                1.62732            4.22351E+03
                1.62773            3.93527E+03
                1.62836            3.50215E+03
                1.62929            2.85068E+03
                1.6307             1.86944E+03
                1.63123            1.50109E+03
                1.63202          947.373      
                1.6332           113.682      
                1.63498           -1.14338E+03
                1.63676           -2.40629E+03
                1.63854           -3.67481E+03
                1.64032           -4.94821E+03
                1.6421            -6.22479E+03
                1.64388           -7.41307E+03
                1.64566           -8.53949E+03
                1.64744           -9.68444E+03
                1.64922          -10.8406E+03 
                1.651            -11.9985E+03 
                1.65279          -13.0598E+03 
                1.65457          -14.0819E+03 
                1.65635          -15.0906E+03 
                1.65813          -16.0732E+03 
                1.65992          -17.0171E+03 
                1.66259          -18.25E+03   
                1.6636           -18.6706E+03 
                1.6651           -19.2535E+03 
                1.66736          -19.9998E+03 
                1.66793          -20.177E+03  
                1.66849          -20.3463E+03 
                1.66934          -20.5803E+03 
                1.67061          -20.8824E+03 
                1.67252          -21.2216E+03 
                1.67323          -21.3317E+03 
                1.6743           -21.4615E+03 
                1.67471          -21.5048E+03 
                1.67486          -21.5203E+03 
                1.67508          -21.542E+03  
                1.67542          -21.5712E+03 
                1.67593          -21.6071E+03 
                1.6767           -21.6436E+03 
                1.67784          -21.661E+03  
                1.67956          -21.6079E+03 
                1.68214          -21.3698E+03 
                1.68472          -20.9934E+03 
                1.68665          -20.6445E+03 
                1.68859          -20.2392E+03 
                1.69053          -19.7889E+03 
                1.69246          -19.3031E+03 
                1.6944           -18.7919E+03 
                1.69634          -18.2646E+03 
                1.69924          -17.4612E+03 
                1.69997          -17.2583E+03 
                1.7007           -17.0561E+03 
                1.70179          -16.7563E+03 
                1.70288          -16.4577E+03 
                1.70397          -16.1578E+03 
                1.7056           -15.7053E+03 
                1.70806          -15.043E+03  
                1.71051          -14.3907E+03 
                1.71297          -13.9162E+03 
                1.71389          -13.7705E+03 
                1.71527          -13.5563E+03 
                1.71734          -13.2334E+03 
                1.72045          -12.7131E+03 
                1.72356          -12.1538E+03 
                1.72667          -11.7875E+03 
                1.72978          -11.4695E+03 
                1.73289          -11.1258E+03 
                1.73601          -10.7526E+03 
                1.73912          -10.3553E+03 
                1.74223           -9.9375E+03 
                1.74535           -9.47964E+03
                1.74846           -8.97891E+03
                1.75158           -8.46034E+03
                1.7547            -7.92516E+03
                1.75781           -7.3734E+03 
                1.76093           -6.80453E+03
                1.76405           -6.21675E+03
                1.76717           -5.60699E+03
                1.77029           -4.97006E+03
                1.77341           -4.43456E+03
                1.77654           -3.95644E+03
                1.77966           -3.45773E+03
                1.78278           -2.93096E+03
                1.7859            -2.37076E+03
                1.78903           -1.77399E+03
                1.79215           -1.14236E+03
                1.79528         -478.206      
                1.7984           213.14       
                1.80153          924.266      
                1.80466            1.64915E+03
                1.80583            1.92305E+03
                1.80759            2.33708E+03
                1.81023            2.96459E+03
                1.81287            3.59797E+03
                1.81551            4.2365E+03 
                1.81815            4.89321E+03
                1.82079            5.56536E+03
                1.82343            6.25373E+03
                1.82607            6.95795E+03
                1.82872            7.67004E+03
                1.83268            8.73637E+03
                1.83664            9.7841E+03 
                1.84061           10.8E+03    
                1.84457           11.7755E+03 
                1.84556           12.0175E+03 
                1.84656           12.2566E+03 
                1.84804           12.6074E+03 
                1.85028           13.1151E+03 
                1.85362           13.8331E+03 
                1.85864           14.8005E+03 
                1.86367           15.6437E+03 
                1.86869           16.3468E+03 
                1.87058           16.5905E+03 
                1.8734            16.9068E+03 
                1.87764           17.2651E+03 
                1.88188           17.5078E+03 
                1.88613           17.6379E+03 
                1.89249           17.6044E+03 
                1.89885           17.3E+03    
                1.90204           16.3531E+03 
                1.90522           15.1545E+03 
                1.9084            14.7933E+03 
                1.91159           14.5586E+03 
                1.91636           14.0753E+03 
                1.92114           13.5073E+03 
                1.92592           12.8733E+03 
                1.93069           12.1847E+03 
                1.93547           11.4505E+03 
                1.94025           10.6787E+03 
                1.94503            9.87721E+03
                1.94981            9.0524E+03 
                1.9516             8.73962E+03
                1.95429            8.2645E+03 
                1.95832            7.54246E+03
                1.96437            6.44725E+03
                1.97042            5.34876E+03
                1.97193            5.07368E+03
                1.97345            4.79846E+03
                1.97572            4.38464E+03
                1.97912            3.7625E+03 
                1.98422            2.83561E+03
                1.99188            1.4681E+03 
                1.99954          316.559      
                2.00146           45.74       
                2.00337         -225.488      
                2.00624         -633.37       
                2.00911           -1.04166E+03
                2.01199           -1.44154E+03
                2.01486           -1.83042E+03
                2.01773           -2.20156E+03
                2.0206            -2.55362E+03
                2.02347           -2.89271E+03
                2.02634           -3.21889E+03
                2.02922           -3.53111E+03
                2.03209           -3.82844E+03
                2.03496           -4.10355E+03
                2.03783           -4.34276E+03
                2.0407            -4.55377E+03
                2.04357           -4.74149E+03
                2.04644           -4.90925E+03
                2.04931           -5.05844E+03
                2.05218           -5.18941E+03
                2.05505           -5.30162E+03
                2.05793           -5.39566E+03
                2.0608            -5.46697E+03
                2.06367           -5.51352E+03
                2.06654           -5.5341E+03 
                2.06941           -5.52806E+03
                2.07371           -5.45405E+03
                2.07694           -5.33274E+03
                2.08017           -5.15297E+03
                2.08339           -4.93541E+03
                2.08662           -4.70585E+03
                2.09146           -4.39282E+03
                2.0963            -4.11145E+03
                2.10114           -3.84058E+03
                2.1084            -3.42908E+03
                2.11021           -3.32741E+03
                2.11203           -3.22437E+03
                2.11475           -3.06905E+03
                2.11883           -2.84057E+03
                2.12495           -2.52057E+03
                2.13413           -2.11428E+03
                2.14331           -1.79052E+03
                2.14345           -1.78662E+03
                2.14359           -1.78185E+03
                2.14381           -1.77472E+03
                2.14413           -1.76409E+03
                2.14461           -1.74829E+03
                2.14534           -1.72487E+03
                2.14643           -1.69041E+03
                2.14806           -1.64054E+03
                2.15051           -1.57093E+03
                2.15418           -1.4804E+03 
                2.15969           -1.37891E+03
                2.16175           -1.34748E+03
                2.16485           -1.31417E+03
                2.16949           -1.27776E+03
                2.17123           -1.26846E+03
                2.17385           -1.2598E+03 
                2.17776           -1.26022E+03
                2.18364           -1.29597E+03
                2.19244           -1.41295E+03
                2.20125           -1.56636E+03
                2.21005           -1.74062E+03
                2.21225           -1.78625E+03
                2.21444           -1.83198E+03
                2.21774           -1.89875E+03
                2.22269           -1.99326E+03
                2.2301            -2.12036E+03
                2.23566           -2.21379E+03
                2.24399           -2.3484E+03 
                2.25232           -2.48692E+03
                2.26065           -2.62002E+03
                2.26896           -2.74612E+03
                2.28143           -2.87412E+03
                2.28766           -2.92731E+03
                2.29389           -2.95331E+03
                2.30322           -2.9283E+03 
                2.30555           -2.92354E+03
                2.30788           -2.91174E+03
                2.31138           -2.88094E+03
                2.31662           -2.81323E+03
                2.32448           -2.67128E+03
                2.33233           -2.50049E+03
                2.3343            -2.46035E+03
                2.33626           -2.41626E+03
                2.3392            -2.34406E+03
                2.34361           -2.22807E+03
                2.35022           -2.04744E+03
                2.3527            -1.98356E+03
                2.35642           -1.88352E+03
                2.35782           -1.84747E+03
                2.35991           -1.79174E+03
                2.36304           -1.70854E+03
                2.36774           -1.58935E+03
                2.37478           -1.43277E+03
                2.38182           -1.30808E+03
                2.38886           -1.21677E+03
                2.39939           -1.15317E+03
                2.40466           -1.14971E+03
                2.40992           -1.16067E+03
                2.41781           -1.21037E+03
                2.42568           -1.29716E+03
                2.43355           -1.41282E+03
                2.44142           -1.55068E+03
                2.44436           -1.61107E+03
                2.44878           -1.69835E+03
                2.4554            -1.83257E+03
                2.46202           -1.97382E+03
                2.46862           -2.11882E+03
                2.47523           -2.26308E+03
                2.47688           -2.30388E+03
                2.47935           -2.35983E+03
                2.48306           -2.43844E+03
                2.48862           -2.5512E+03 
                2.4907            -2.59757E+03
                2.49383           -2.6555E+03 
                2.49851           -2.73607E+03
                2.50553           -2.85736E+03
                2.50816           -2.90937E+03
                2.5121            -2.97833E+03
                2.51802           -3.0708E+03 
                2.52687           -3.19372E+03
                2.52908           -3.23292E+03
                2.53129           -3.2674E+03 
                2.53461           -3.31203E+03
                2.53958           -3.37102E+03
                2.54454           -3.42674E+03
                2.54951           -3.47637E+03
                2.55694           -3.52631E+03
                2.55972           -3.54992E+03
                2.5639            -3.56842E+03
                2.57016           -3.56961E+03
                2.5725            -3.57322E+03
                2.57602           -3.56423E+03
                2.58129           -3.52755E+03
                2.58918           -3.42528E+03
                2.59706           -3.28146E+03
                2.60493           -3.09071E+03
                2.6069            -3.04597E+03
                2.60886           -2.99485E+03
                2.61181           -2.90543E+03
                2.61623           -2.75061E+03
                2.62284           -2.48366E+03
                2.6278            -2.27381E+03
                2.63275           -2.04745E+03
                2.6377            -1.80637E+03
                2.64264           -1.55221E+03
                2.64758           -1.28662E+03
                2.65251           -1.01082E+03
                2.65375         -945.474      
                2.65498         -878.146      
                2.65682         -772.903      
                2.65959         -609.73       
                2.66375         -361.095      
                2.66997           10.8503     
                2.67618          371.764      
                2.68238          459.883      
                2.68703          571.799      
                2.69167          799.693      
                2.69631            1.06476E+03
                2.70326            1.43059E+03
                2.71019            1.74412E+03
                2.71712            2.01989E+03
                2.72403            2.26439E+03
                2.73094            2.47788E+03
                2.73783            2.65872E+03
                2.74041            2.71343E+03
                2.74428            2.79578E+03
                2.75007            2.90031E+03
                2.75875            2.99492E+03
                2.76741            3.02178E+03
                2.77389            3.00268E+03
                2.78036            2.95783E+03
                2.78279            2.92901E+03
                2.78642            2.89017E+03
                2.79186            2.82121E+03
                2.7973             2.73122E+03
                2.80272            2.62479E+03
                2.80814            2.50455E+03
                2.81355            2.37253E+03
                2.81895            2.23243E+03
                2.82435            2.08682E+03
                2.83242            1.8721E+03 
                2.83444            1.80485E+03
                2.83645            1.74303E+03
                2.83947            1.65932E+03
                2.844              1.54114E+03
                2.85077            1.37401E+03
                2.85754            1.21368E+03
                2.86428            1.06593E+03
                2.87102          931.765      
                2.87354          873.53       
                2.87732          804.843      
                2.88298          719.805      
                2.89145          616.923      
                2.89357          577.709      
                2.89568          547.325      
                2.89885          514.96       
                2.90359          477.297      
                2.90537          456.689      
                2.90803          434.329      
                2.91202          410.179      
                2.91352          396.205      
                2.91576          381.975      
                2.91912          369.155      
                2.92247          357.858      
                2.92582          348.496      
                2.93085          344.049      
                2.93586          338.501      
                2.94086          333.356      
                2.94585          327.989      
                2.95084          322.526      
                2.95271          313.287      
                2.95551          308.901      
                2.9597           309.856      
                2.96127          304.007      
                2.96363          300.959      
                2.96715          301.415      
                2.97244          302.832      
                2.97442          293.371      
                2.97738          287.371      
                2.98182          282.553      
                2.98349          273.179      
                2.98598          264.858      
                2.98972          256.434      
                2.99531          244.236      
                2.99741          228.557      
                3.00055          215.724      
                3.00525          204.269      
                3.01228          191.134      
                3.01404          173.573      
                3.01579          161.312      
                3.01842          151.344      
                3.02236          141.899      
                3.02826          123.905      
                3.03047          103.763      
                3.03378           83.3872     
                3.03874           53.8188     
                3.04059           32.3123     
                3.04337            6.52311    
                3.04754          -31.2152     
                3.05377          -95.4624     
                3.0561          -135.984      
                3.0596          -186.552      
                3.06483         -254.956      
                3.06679         -291.223      
                3.06973         -336.529      
                3.07413         -399.99       
                3.07852         -468.634      
                3.0829          -539.211      
                3.08454         -573.031      
                3.087           -615.208      
                3.09068         -670.883      
                3.09619         -748.118      
                3.09826         -788.766      
                3.10135         -835.661      
                3.10598         -891.791      
                3.10771         -921.171      
                3.11031         -954.094      
                3.1142          -990.487      
                3.12003           -1.02708E+03
                3.12221           -1.05234E+03
                3.12547           -1.07086E+03
                3.13036           -1.07848E+03
                3.13219           -1.09028E+03
                3.13493           -1.09442E+03
                3.13904           -1.08565E+03
                3.14519           -1.0579E+03 
                3.14749           -1.06145E+03
                3.15093           -1.04679E+03
                3.15609           -1.00803E+03
                3.15802           -1.0044E+03 
                3.16091         -983.441      
                3.16524         -934.074      
                3.17171         -848.069      
                3.17817         -766.507      
                3.1846          -682.188      
                3.19101         -594.619      
                3.1974          -504.673      
                3.20377         -413.249      
                3.21011         -321.114      
                3.21643         -228.397      
                3.22273         -134.571      
                3.22901          -39.0532     
                3.23527           58.3484     
                3.2415           157.448      
                3.24771          257.974      
                3.2539           359.943      
                3.26006          463.9        
                3.2662           570.918      
                3.27232          682.323      
                3.27842          799.513      
                3.2807           828.655      
                3.28411          896.269      
                3.28922            1.01432E+03
                3.29113            1.04498E+03
                3.29399            1.10747E+03
                3.29827            1.21482E+03
                3.30467            1.38589E+03
                3.31105            1.54992E+03
                3.31739            1.71327E+03
                3.31977            1.75681E+03
                3.32332            1.84641E+03
                3.32863            1.98883E+03
                3.33062            2.02537E+03
                3.33359            2.09518E+03
                3.33804            2.20451E+03
                3.33971            2.23209E+03
                3.34221            2.28337E+03
                3.34594            2.362E+03  
                3.34734            2.3809E+03 
                3.34943            2.41605E+03
                3.35257            2.47132E+03
                3.35726            2.54418E+03
                3.35901            2.55514E+03
                3.36164            2.5811E+03 
                3.36557            2.61948E+03
                3.36704            2.62167E+03
                3.36924            2.63186E+03
                3.37254            2.6492E+03 
                3.37501            2.65431E+03
                3.37871            2.65988E+03
                3.38009            2.65074E+03
                3.38216            2.64368E+03
                3.38526            2.63567E+03
                3.3899             2.61445E+03
                3.39452            2.57178E+03
                3.39912            2.515E+03  
                3.40085            2.4807E+03 
                3.40342            2.44366E+03
                3.40728            2.39067E+03
                3.40873            2.35843E+03
                3.41089            2.31827E+03
                3.41412            2.26228E+03
                3.41896            2.17307E+03
                3.42077            2.12177E+03
                3.42348            2.05941E+03
                3.42753            1.97303E+03
                3.42905            1.92762E+03
                3.43132            1.87084E+03
                3.43471            1.79336E+03
                3.43979            1.67824E+03
                3.44484            1.55202E+03
                3.4461             1.50481E+03
                3.44736            1.46393E+03
                3.44925            1.4145E+03 
                3.45207            1.34932E+03
                3.45629            1.25658E+03
                3.46049            1.15849E+03
                3.46468            1.06291E+03
                3.46885          972.065      
                3.473            886.187      
                3.4792           784.037      
                3.48152          721.75       
                3.48498          662.038      
                3.49016          593.234      
                3.49787          511.522      
                3.49979          457.273      
                3.5017           421.489      
                3.50457          390.705      
                3.50885          355.825      
                3.51524          310.457      
                3.51683          271.812      
                3.51842          245.498      
                3.5208           224.18       
                3.52435          202.31       
                3.52966          173.68       
                3.53493          133.888      
                3.54018           93.8479     
                3.54214           59.4738     
                3.54507           36.0266     
                3.54945           14.3118     
                3.55108          -11.8287     
                3.55353          -32.7111     
                3.55719          -53.6196     
                3.56265          -87.9851     
                3.56469         -127.696      
                3.56774         -161.751      
                3.57229         -207.63       
                3.57399         -245.962      
                3.57654         -284.98       
                3.58034         -337.29       
                3.58176         -373.148      
                3.58388         -413.297      
                3.58706         -466.883      
                3.59181         -554.213      
                3.59652         -664.904      
                3.60121         -787.23       
                3.60587         -916.525      
                3.60761         -984.86       
                3.61021           -1.063E+03  
                3.6141            -1.16972E+03
                3.61989           -1.33191E+03
                3.62563           -1.51441E+03
                3.63133           -1.70015E+03
                3.63698           -1.88332E+03
                3.64258           -2.05837E+03
                3.64813           -2.21928E+03
                3.65364           -2.36026E+03
                3.6557            -2.43629E+03
                3.65877           -2.50343E+03
                3.66334           -2.56849E+03
                3.66505           -2.61461E+03
                3.6676            -2.64944E+03
                3.67141           -2.67168E+03
                3.67283           -2.69691E+03
                3.67496           -2.70936E+03
                3.67813           -2.70428E+03
                3.68287           -2.66916E+03
                3.68756           -2.62628E+03
                3.69221           -2.56431E+03
                3.69683           -2.48322E+03
                3.70141           -2.38509E+03
                3.70595           -2.27074E+03
                3.70708           -2.26409E+03
                3.70821           -2.24483E+03
                3.70989           -2.19692E+03
                3.71241           -2.11267E+03
                3.71335           -2.0921E+03 
                3.71476           -2.05018E+03
                3.71687           -1.97639E+03
                3.72001           -1.85889E+03
                3.72118           -1.83129E+03
                3.72294           -1.77257E+03
                3.72556           -1.67124E+03
                3.72654           -1.6455E+03 
                3.728             -1.59455E+03
                3.73019           -1.50749E+03
                3.73346           -1.37252E+03
                3.73468           -1.34042E+03
                3.7365            -1.27348E+03
                3.73922           -1.16201E+03
                3.74024           -1.13432E+03
                3.74176           -1.07998E+03
                3.74403         -989.802      
                3.74629         -906.375      
                3.74854         -825.728      
                3.74938         -805.013      
                3.75064         -763.23       
                3.75252         -691.582      
                3.75322         -672.608      
                3.75427         -637.875      
                3.75584         -579.528      
                3.75819         -491.725      
                3.75907         -471.546      
                3.76039         -432.006      
                3.76235         -366.802      
                3.76527         -275.735      
                3.76818         -206.265      
                3.77107         -150.522      
                3.77393         -104.662      
                3.77678          -66.3647     
                3.7796           -34.3302     
                3.7824            -7.20446    
                3.78657           43.2558     
                3.78761           26.6508     
                3.78864           22.4229     
                3.79018           33.4933     
                3.79248           55.6748     
                3.79591           81.6723     
                3.79718           65.6856     
                3.79909           65.0531     
                3.80193           70.0399     
                3.80299           52.1856     
                3.80457           42.1514     
                3.80693           31.8091     
                3.81044            3.40965    
                3.81391          -53.8012     
                3.81734         -122.827      
                3.82074         -196.395      
                3.8241          -268.1        
                3.82742         -336.269      
                3.82989         -396.121      
                3.83355         -454.539      
                3.83717         -528.516      
                3.84074         -607.707      
                3.84426         -688.419      
                3.84514         -734.707      
                3.84601         -767.019      
                3.84731         -796.521      
                3.84925         -831.845      
                3.85213         -881.596      
                3.85321         -924.026      
                3.85481         -959.073      
                3.85719         -989.506      
                3.85807           -1.01802E+03
                3.8594            -1.03859E+03
                3.86137           -1.05166E+03
                3.86333           -1.066E+03  
                3.86527           -1.07558E+03
                3.86815           -1.06049E+03
                3.87099           -1.04216E+03
                3.87379           -1.01023E+03
                3.87656         -964.242      
                3.8793          -906.476      
                3.88199         -840.076      
                3.88465         -768.615      
                3.88728         -694.534      
                3.88987         -619.961      
                3.89242         -546.725      
                3.89494         -476.341      
                3.89742         -407.106      
                3.89986         -336.298      
                3.90227         -266.421      
                3.90465         -201.778      
                3.90699         -144.155      
                3.91043          -56.6326     
                3.9138            -8.42969    
                3.91708           18.5557     
                3.91789          -12.2823     
                3.9191           -13.967      
                3.92089         -527.469E-03  
                3.92155          -14.3695     
                3.92254          -16.9641     
                3.92401          -13.3304     
                3.92456          -26.667      
                3.92538          -33.4616     
                3.92659          -34.9533     
                3.92839          -37.2373     
                3.93104          -46.0644     
                3.93298          -82.2473     
                3.9349          -112.427      
                3.9377          -147.733      
                3.94043         -216.699      
                3.94308         -299.582      
                3.94692         -398.375      
                3.94786         -486.367      
                3.94878         -532.106      
                3.95015         -569.315      
                3.95149         -609.632      
                3.95282         -647.014      
                3.95476         -675.283      
                3.95547         -713.219      
                3.95653         -730.146      
                3.95809         -731.533      
                3.95961         -731.999      
                3.9611          -722.482      
                3.96165         -736.482      
                3.96247         -725.991      
                3.96367         -691.587      
                3.96542         -624.569      
                3.96713         -561.184      
                3.96878         -488.509      
                3.97037         -407.234      
                3.97192         -320.096      
                3.97229         -323.148      
                3.97267         -310.692      
                3.97322         -274.333      
                3.97405         -213.675      
                3.97525         -125.201      
                3.97641          -53.4363     
                3.97754           12.113      
                3.97864           71.8101     
                3.9797           124.269      
                3.98072          168.583      
                3.98122          173.574      
                3.98172          188.008      
                3.98244          218.35       
                3.9827           215.966      
                3.9831           225.555      
                3.98368          245.58       
                3.98425          257.872      
                3.9848           266.864      
                3.98521          268.057      
                3.98581          280.321      
                3.9864           285.472      
                3.98696          286.987      
                3.98752          285.727      
                3.98772          275.269      
                3.98802          272.007      
                3.98846          273.836      
                3.98863          265.975      
                3.98887          262.237      
                3.98922          262.853      
                3.98975          266.314      
                3.99025          264.473      
                3.99074          263.458      
                3.99086          253.835      
                3.99098          248.25       
                3.99115          247.96       
                3.99141          252.884      
                3.99151          250.382      
                3.99165          250.153      
                3.99186          254.278      
                3.99217          262.949      
                3.99263          276.589      
                3.99306          282.604      
                3.99348          285.936      
                3.99388          286.954      
                3.99403          277.664      
                3.99424          276.177      
                3.99455          279.089      
                3.995            281.1        
                3.99543          272.085      
                3.99583          258.506      
                3.9962           239.615      
                3.99656          214.049      
                3.99689          181.577      
                3.9972           144.514      
                3.99749          105.352      
                3.99776           65.786      
                3.998             27.1967     
                3.99809            4.09753    
                3.99822          -16.4119     
                3.9984           -38.9811     
                3.99847          -54.667      
                3.99856          -68.3912     
                3.9987           -80.4575     
                3.99874          -89.8959     
                3.99881          -96.8743     
                3.99891          -99.916      
                3.99905          -96.231      
                3.9991          -100.896      
                3.99917          -97.7961     
                3.99927          -84.4441     
                3.9993           -83.6967     
                3.99935          -76.0612     
                3.99942          -58.3277     
                3.99952          -25.2008     
                3.99961           10.2657     
                3.99968           50.8773     
                3.99971           62.727      
                3.99974           88.3028     
                3.99979          132.646      
                3.99985          204.767      
                3.99986          218.337      
                3.99987          234.308      
                3.99989          262.672      
                3.99991          308.061      
                3.99993          341.616      
                3.99995          395.922      
                3.99996          451.767      
                3.99997          509.413      
                3.99999          599.487      
                3.99999          667.093      
                4.               735.75       
                4.               787.731      
                4.               865.646      
                4.               943.544      
                4.               958.939      




