
                  X                u2-f2      

                0.                -0.         
               39.94E-09         128.52E-03   
              319.041E-09        637.802E-03  
                1.70601E-06        1.62497    
                7.53894E-06        3.72589    
               29.9775E-06         7.89869    
              111.812E-06         16.5528     
              399.954E-06         38.1232     
                1.38837E-03      101.012      
                4.70264E-03      296.911      
               15.5512E-03       917.319      
               49.9952E-03         2.85912E+03
              154.626E-03          8.72225E+03
              450.699E-03         25.2077E+03 
              551.162E-03         30.841E+03  
              661.566E-03         36.4702E+03 
              705.417E-03         38.7419E+03 
              773.588E-03         42.0874E+03 
              799.871E-03         43.4407E+03 
              809.826E-03         43.947E+03  
              813.572E-03         44.1366E+03 
              814.979E-03         44.2076E+03 
              815.331E-03         44.2256E+03 
              815.683E-03         44.2433E+03 
              816.211E-03         44.2689E+03 
              817.004E-03         44.3066E+03 
              817.598E-03         44.335E+03  
              818.193E-03         44.3633E+03 
              818.788E-03         44.3916E+03 
              819.383E-03         44.4199E+03 
              819.978E-03         44.4481E+03 
              820.573E-03         44.4764E+03 
              821.169E-03         44.5047E+03 
              821.765E-03         44.5329E+03 
              822.361E-03         44.5612E+03 
              822.957E-03         44.5895E+03 
              823.553E-03         44.6177E+03 
              824.15E-03          44.646E+03  
              824.746E-03         44.6742E+03 
              825.343E-03         44.7024E+03 
              825.941E-03         44.7307E+03 
              826.538E-03         44.7589E+03 
              827.135E-03         44.7871E+03 
              827.733E-03         44.8152E+03 
              828.331E-03         44.8434E+03 
              828.929E-03         44.8716E+03 
              829.527E-03         44.8997E+03 
              830.125E-03         44.9278E+03 
              831.023E-03         44.9697E+03 
              831.922E-03         45.0116E+03 
              832.82E-03          45.0536E+03 
              833.72E-03          45.0956E+03 
              834.619E-03         45.1374E+03 
              835.519E-03         45.179E+03  
              836.42E-03          45.2198E+03 
              837.32E-03          45.2595E+03 
              838.222E-03         45.2967E+03 
              839.123E-03         45.3297E+03 
              840.025E-03         45.3555E+03 
              840.928E-03         45.3699E+03 
              841.831E-03         45.3667E+03 
              842.734E-03         45.3385E+03 
              843.638E-03         45.2757E+03 
              844.542E-03         45.1674E+03 
              845.446E-03         45.0021E+03 
              846.351E-03         44.7677E+03 
              847.257E-03         44.453E+03  
              847.936E-03         44.1678E+03 
              848.616E-03         43.8296E+03 
              849.295E-03         43.436E+03  
              849.975E-03         42.9856E+03 
              850.655E-03         42.4784E+03 
              851.336E-03         41.9156E+03 
              852.016E-03         41.3001E+03 
              852.697E-03         40.6358E+03 
              853.379E-03         39.9281E+03 
              854.401E-03         38.7901E+03 
              855.423E-03         37.6006E+03 
              856.446E-03         36.3839E+03 
              857.982E-03         34.5695E+03 
              859.519E-03         32.8226E+03 
              861.057E-03         31.1804E+03 
              861.442E-03         30.7775E+03 
              861.826E-03         30.3819E+03 
              862.404E-03         29.8061E+03 
              862.981E-03         29.2488E+03 
              863.559E-03         28.7105E+03 
              864.136E-03         28.1916E+03 
              864.714E-03         27.6919E+03 
              865.292E-03         27.2112E+03 
              866.16E-03          26.5309E+03 
              867.027E-03         25.8891E+03 
              867.679E-03         25.4285E+03 
              868.33E-03          24.987E+03  
              869.307E-03         24.3631E+03 
              870.04E-03          23.9154E+03 
              870.774E-03         23.4856E+03 
              871.508E-03         23.0719E+03 
              872.242E-03         22.6725E+03 
              872.976E-03         22.2857E+03 
              873.711E-03         21.9097E+03 
              874.445E-03         21.5429E+03 
              875.548E-03         21.0077E+03 
              876.651E-03         20.4828E+03 
              877.755E-03         19.9634E+03 
              878.86E-03          19.4454E+03 
              879.965E-03         18.9255E+03 
              881.07E-03          18.4017E+03 
              881.9E-03           18.0067E+03 
              882.73E-03          17.6093E+03 
              883.56E-03          17.2104E+03 
              884.183E-03         16.911E+03  
              884.806E-03         16.612E+03  
              885.429E-03         16.3143E+03 
              886.052E-03         16.019E+03  
              886.988E-03         15.5855E+03 
              888.392E-03         14.9739E+03 
              890.5E-03           14.196E+03  
              892.609E-03         13.5966E+03 
              894.721E-03         13.1948E+03 
              896.835E-03         12.9933E+03 
              898.95E-03          12.9825E+03 




