
                  X                 U_f       

                0.                -0.         
               39.94E-09         144.262E-03  
              319.041E-09        746.553E-03  
                1.70601E-06        1.94853    
                7.53894E-06        4.44846    
               29.9775E-06         9.54913    
              111.812E-06         21.6481     
              399.954E-06         56.0726     
                1.38837E-03      163.196      
                4.70264E-03      506.745      
               15.5512E-03         1.60973E+03
               49.9952E-03         5.08311E+03
              154.626E-03         15.598E+03  
              212.548E-03         21.5084E+03 
              319.557E-03         32.1593E+03 
              342.322E-03         34.6294E+03 
              348.145E-03         35.212E+03  
              354.022E-03         35.7212E+03 
              355.499E-03         35.8649E+03 
              356.98E-03          35.9949E+03 
              358.464E-03         36.1231E+03 
              359.951E-03         36.2521E+03 
              361.442E-03         36.3821E+03 
              362.936E-03         36.5136E+03 
              363.497E-03         36.5658E+03 
              364.339E-03         36.6408E+03 
              365.605E-03         36.7527E+03 
              367.508E-03         36.9235E+03 
              370.372E-03         37.1875E+03 
              371.449E-03         37.2951E+03 
              373.068E-03         37.4497E+03 
              375.503E-03         37.6846E+03 
              376.419E-03         37.7794E+03 
              377.794E-03         37.9158E+03 
              379.862E-03         38.1212E+03 
              382.975E-03         38.4338E+03 
              387.671E-03         38.9079E+03 
              388.112E-03         38.9633E+03 
              388.775E-03         39.036E+03  
              389.771E-03         39.1379E+03 
              391.267E-03         39.2888E+03 
              393.517E-03         39.5152E+03 
              394.363E-03         39.6054E+03 
              395.633E-03         39.7344E+03 
              396.109E-03         39.7848E+03 
              396.825E-03         39.8578E+03 
              397.9E-03           39.9658E+03 
              399.515E-03         40.1274E+03 
              401.945E-03         40.3698E+03 
              402.858E-03         40.4664E+03 
              404.229E-03         40.6043E+03 
              406.291E-03         40.8089E+03 
              407.066E-03         40.8901E+03 
              408.23E-03          41.0066E+03 
              409.978E-03         41.1792E+03 
              410.635E-03         41.2476E+03 
              411.621E-03         41.346E+03  
              413.102E-03         41.4919E+03 
              413.658E-03         41.5494E+03 
              414.493E-03         41.6327E+03 
              415.748E-03         41.756E+03  
              417.633E-03         41.9407E+03 
              418.341E-03         42.014E+03  
              419.404E-03         42.1194E+03 
              421.002E-03         42.2755E+03 
              421.602E-03         42.3371E+03 
              422.502E-03         42.4262E+03 
              423.855E-03         42.5578E+03 
              425.889E-03         42.7544E+03 
              426.653E-03         42.8323E+03 
              427.8E-03           42.944E+03  
              429.524E-03         43.1087E+03 
              430.171E-03         43.1737E+03 
              431.143E-03         43.2672E+03 
              432.603E-03         43.4049E+03 
              433.152E-03         43.459E+03  
              433.975E-03         43.5372E+03 
              435.211E-03         43.6524E+03 
              437.068E-03         43.824E+03  
              439.862E-03         44.0811E+03 
              440.912E-03         44.1839E+03 
              442.489E-03         44.3307E+03 
              444.861E-03         44.5504E+03 
              448.431E-03         44.8857E+03 
              449.774E-03         45.0207E+03 
              451.791E-03         45.2148E+03 
              454.826E-03         45.509E+03  
              455.967E-03         45.6268E+03 
              457.681E-03         45.7967E+03 
              460.259E-03         46.0524E+03 
              464.139E-03         46.4408E+03 
              465.598E-03         46.596E+03  
              467.791E-03         46.8177E+03 
              471.091E-03         47.1481E+03 
              472.332E-03         47.2793E+03 
              474.195E-03         47.4664E+03 
              476.998E-03         47.7438E+03 
              478.051E-03         47.8535E+03 
              479.634E-03         48.0104E+03 
              482.012E-03         48.2425E+03 
              485.59E-03          48.5885E+03 
              486.935E-03         48.7258E+03 
              488.957E-03         48.9212E+03 
              491.997E-03         49.2113E+03 
              493.14E-03          49.3264E+03 
              494.856E-03         49.4911E+03 
              497.436E-03         49.7361E+03 
              498.405E-03         49.8332E+03 
              499.861E-03         49.9728E+03 
              502.049E-03         50.1805E+03 
              505.339E-03         50.4927E+03 
              506.576E-03         50.6168E+03 
              508.434E-03         50.7945E+03 
              509.132E-03         50.8639E+03 
              510.179E-03         50.9645E+03 
              511.752E-03         51.1136E+03 
              514.116E-03         51.3374E+03 
              515.004E-03         51.4259E+03 
              516.337E-03         51.5534E+03 
              518.34E-03          51.7429E+03 
              521.352E-03         52.0268E+03 
              522.484E-03         52.1393E+03 
              524.184E-03         52.3004E+03 
              524.822E-03         52.3631E+03 
              525.78E-03          52.4541E+03 
              527.219E-03         52.5887E+03 
              529.381E-03         52.7904E+03 
              532.631E-03         53.0943E+03 
              533.853E-03         53.2151E+03 
              535.688E-03         53.3888E+03 
              538.446E-03         53.6498E+03 
              539.482E-03         53.7533E+03 
              541.038E-03         53.9029E+03 
              543.377E-03         54.1274E+03 
              544.255E-03         54.216E+03  
              545.574E-03         54.3447E+03 
              547.554E-03         54.537E+03  
              550.532E-03         54.8274E+03 
              551.278E-03         54.9056E+03 
              552.024E-03         54.9811E+03 
              553.144E-03         55.0913E+03 
              554.827E-03         55.2559E+03 
              555.458E-03         55.3203E+03 
              556.406E-03         55.4142E+03 
              557.83E-03          55.5535E+03 
              559.968E-03         55.7621E+03 
              560.771E-03         55.8439E+03 
              561.977E-03         55.9623E+03 
              563.788E-03         56.1378E+03 
              565.601E-03         56.3141E+03 
              567.418E-03         56.4901E+03 
              568.1E-03           56.5584E+03 
              569.123E-03         56.6573E+03 
              570.66E-03          56.8034E+03 
              572.97E-03          57.0214E+03 
              573.837E-03         57.107E+03  
              575.139E-03         57.2307E+03 
              577.095E-03         57.4141E+03 
              577.829E-03         57.4859E+03 
              578.931E-03         57.5902E+03 
              580.586E-03         57.7451E+03 
              583.073E-03         57.9775E+03 
              586.814E-03         58.3275E+03 
              592.446E-03         58.8571E+03 
              594.565E-03         59.0677E+03 
              595.36E-03          59.1474E+03 
              596.554E-03         59.2615E+03 
              598.348E-03         59.4311E+03 
              601.043E-03         59.6865E+03 
              602.055E-03         59.7871E+03 
              603.575E-03         59.9329E+03 
              605.858E-03         60.1504E+03 
              609.29E-03          60.4777E+03 
              610.58E-03          60.6068E+03 
              612.517E-03         60.7928E+03 
              615.427E-03         61.07E+03   
              616.52E-03          61.1789E+03 
              618.162E-03         61.3363E+03 
              620.628E-03         61.5706E+03 
              624.336E-03         61.9221E+03 
              625.729E-03         62.0606E+03 
              627.822E-03         62.2601E+03 
              630.967E-03         62.5574E+03 
              632.149E-03         62.6742E+03 
              633.923E-03         62.8429E+03 
              636.588E-03         63.0941E+03 
              640.596E-03         63.4705E+03 
              642.102E-03         63.6187E+03 
              644.365E-03         63.8318E+03 
              647.765E-03         64.1489E+03 
              652.881E-03         64.6239E+03 
              654.805E-03         64.8114E+03 
              655.527E-03         64.8822E+03 
              656.611E-03         64.984E+03  
              658.238E-03         65.1348E+03 
              660.682E-03         65.3611E+03 
              664.356E-03         65.7023E+03 
              669.885E-03         66.2191E+03 
              671.964E-03         66.4236E+03 
              672.745E-03         66.5008E+03 
              673.916E-03         66.6121E+03 
              675.675E-03         66.7773E+03 
              678.317E-03         67.0256E+03 
              682.29E-03          67.399E+03  
              683.782E-03         67.5458E+03 
              686.023E-03         67.7577E+03 
              689.392E-03         68.0736E+03 
              694.459E-03         68.5473E+03 
              696.363E-03         68.7337E+03 
              699.225E-03         69.0017E+03 
              703.527E-03         69.4016E+03 
              705.143E-03         69.5585E+03 
              707.571E-03         69.7849E+03 
              711.219E-03         70.1224E+03 
              712.59E-03          70.2547E+03 
              714.648E-03         70.4459E+03 
              717.74E-03          70.731E+03  
              722.389E-03         71.1591E+03 
              729.389E-03         71.8034E+03 
              732.021E-03         72.0574E+03 
              735.978E-03         72.4228E+03 
              737.465E-03         72.5655E+03 
              739.697E-03         72.772E+03  
              743.051E-03         73.0804E+03 
              748.094E-03         73.5442E+03 
              755.688E-03         74.2438E+03 
              758.544E-03         74.5194E+03 
              759.617E-03         74.6233E+03 
              761.227E-03         74.773E+03  
              763.644E-03         74.9958E+03 
              767.277E-03         75.3307E+03 
              772.741E-03         75.834E+03  
              780.968E-03         76.5891E+03 
              784.063E-03         76.8857E+03 
              788.716E-03         77.3121E+03 
              795.718E-03         77.9502E+03 
              798.35E-03          78.2005E+03 
              802.306E-03         78.5613E+03 
              808.256E-03         79.1012E+03 
              810.492E-03         79.3127E+03 
              813.852E-03         79.6181E+03 
              818.901E-03         80.0748E+03 
              823.965E-03         80.5365E+03 
              829.042E-03         81.0012E+03 
              834.132E-03         81.47E+03   
              839.235E-03         81.9432E+03 
              844.352E-03         82.4198E+03 
              849.482E-03         82.8977E+03 
              854.625E-03         83.3747E+03 
              859.781E-03         83.8491E+03 
              861.072E-03         83.9739E+03 
              862.363E-03         84.0938E+03 
              864.303E-03         84.2697E+03 
              867.215E-03         84.5316E+03 
              868.308E-03         84.633E+03  
              869.949E-03         84.7808E+03 
              872.413E-03         85.E+03     
              873.338E-03         85.0848E+03 
              874.725E-03         85.2088E+03 
              875.246E-03         85.2561E+03 
              876.027E-03         85.3259E+03 
              876.32E-03          85.3524E+03 
              876.76E-03          85.3917E+03 
              876.925E-03         85.4066E+03 
              877.172E-03         85.4287E+03 
              877.543E-03         85.4617E+03 
              878.1E-03           85.5108E+03 
              878.657E-03         85.5601E+03 
              879.074E-03         85.5972E+03 
              879.492E-03         85.6343E+03 
              879.91E-03          85.6713E+03 
              880.328E-03         85.7084E+03 
              880.746E-03         85.7454E+03 
              881.164E-03         85.7824E+03 
              881.583E-03         85.8194E+03 
              882.001E-03         85.8564E+03 
              882.628E-03         85.9116E+03 
              883.57E-03          85.9943E+03 
              884.984E-03         86.1185E+03 
              885.337E-03         86.1506E+03 
              885.691E-03         86.1825E+03 
              886.221E-03         86.2297E+03 
              886.752E-03         86.2768E+03 
              887.283E-03         86.3239E+03 
              887.814E-03         86.3711E+03 
              888.345E-03         86.4182E+03 
              888.876E-03         86.4654E+03 
              889.407E-03         86.5126E+03 
              889.938E-03         86.5598E+03 
              890.47E-03          86.6068E+03 
              891.002E-03         86.6536E+03 
              891.799E-03         86.7223E+03 
              892.398E-03         86.7729E+03 
              892.996E-03         86.8217E+03 
              893.595E-03         86.8675E+03 
              894.194E-03         86.9088E+03 
              894.793E-03         86.9437E+03 
              895.393E-03         86.9694E+03 
              895.992E-03         86.9824E+03 
              896.592E-03         86.9785E+03 
              897.192E-03         86.9525E+03 
              897.792E-03         86.8986E+03 
              898.392E-03         86.8105E+03 
              898.992E-03         86.682E+03  
              899.592E-03         86.5069E+03 
              900.043E-03         86.3473E+03 
              900.494E-03         86.1572E+03 
              900.944E-03         85.9353E+03 
              901.395E-03         85.681E+03  
              901.846E-03         85.3941E+03 
              902.297E-03         85.0757E+03 
              902.748E-03         84.7276E+03 
              903.199E-03         84.3525E+03 
              903.65E-03          83.9541E+03 
              904.101E-03         83.5366E+03 
              904.553E-03         83.1051E+03 
              905.004E-03         82.6647E+03 
              905.456E-03         82.221E+03  
              905.907E-03         81.779E+03  
              906.359E-03         81.3437E+03 
              906.811E-03         80.9189E+03 
              907.263E-03         80.508E+03  
              907.715E-03         80.1129E+03 
              908.167E-03         79.7343E+03 
              908.619E-03         79.3719E+03 
              909.071E-03         79.024E+03  
              909.524E-03         78.6877E+03 
              909.976E-03         78.3593E+03 
              910.429E-03         78.0342E+03 
              910.882E-03         77.7074E+03 
              911.334E-03         77.3737E+03 
              911.787E-03         77.0276E+03 
              912.24E-03          76.6641E+03 
              912.693E-03         76.2784E+03 
              913.146E-03         75.8662E+03 
              913.599E-03         75.4241E+03 
              914.053E-03         74.9494E+03 
              914.506E-03         74.4399E+03 
              914.96E-03          73.8945E+03 
              915.413E-03         73.313E+03  
              915.867E-03         72.6959E+03 
              916.321E-03         72.0444E+03 
              916.775E-03         71.3607E+03 
              917.228E-03         70.6476E+03 
              917.683E-03         69.9087E+03 
              918.137E-03         69.1481E+03 
              918.818E-03         67.9744E+03 
              919.329E-03         67.0834E+03 
              919.84E-03          66.1889E+03 
              920.352E-03         65.2983E+03 
              920.735E-03         64.6356E+03 
              921.311E-03         63.6613E+03 
              921.887E-03         62.714E+03  
              922.463E-03         61.7981E+03 
              923.038E-03         60.9157E+03 
              923.615E-03         60.0664E+03 
              924.191E-03         59.2473E+03 
              924.767E-03         58.4539E+03 
              925.344E-03         57.6805E+03 
              925.921E-03         56.9205E+03 
              926.497E-03         56.1677E+03 
              927.074E-03         55.4161E+03 
              927.652E-03         54.6612E+03 
              928.229E-03         53.8997E+03 
              928.662E-03         53.3242E+03 
              929.095E-03         52.7438E+03 
              929.528E-03         52.1586E+03 
              929.962E-03         51.5694E+03 
              930.395E-03         50.9773E+03 
              930.828E-03         50.3835E+03 
              931.262E-03         49.7897E+03 
              931.696E-03         49.1977E+03 
              932.129E-03         48.609E+03  
              932.563E-03         48.0254E+03 
              933.214E-03         47.166E+03  
              933.458E-03         46.8465E+03 
              933.824E-03         46.3735E+03 
              934.374E-03         45.6802E+03 
              934.923E-03         45.0046E+03 
              935.473E-03         44.3481E+03 
              936.298E-03         43.4089E+03 
              937.535E-03         42.1121E+03 
              938.774E-03         40.9314E+03 
              939.083E-03         40.6441E+03 
              939.548E-03         40.2291E+03 
              940.013E-03         39.8297E+03 
              940.478E-03         39.4456E+03 
              940.678E-03         39.2866E+03 




