
                  X                u1-f1      

                0.                -0.         
               39.94E-09         118.008E-03  
              319.041E-09        563.39E-03   
                1.70601E-06        1.37077    
                7.53894E-06        3.04476    
               29.9775E-06         6.30321    
              111.812E-06         12.3566     
              399.954E-06         24.2801     
                1.38837E-03       52.3104     
                4.70264E-03      130.082      
               15.5512E-03       363.36       
               49.9952E-03         1.07528E+03
              154.626E-03          3.20108E+03
              450.699E-03          9.15682E+03
              551.162E-03         11.1421E+03 
              661.566E-03         12.767E+03  
              690.656E-03         13.2693E+03 
              692.493E-03         13.3251E+03 
              694.333E-03         13.3563E+03 
              697.096E-03         13.3895E+03 
              698.134E-03         13.4032E+03 
              699.692E-03         13.4216E+03 
              702.031E-03         13.4477E+03 
              705.548E-03         13.486E+03  
              706.868E-03         13.5028E+03 
              708.851E-03         13.5251E+03 
              711.831E-03         13.5564E+03 
              712.95E-03          13.57E+03   
              714.629E-03         13.5882E+03 
              717.152E-03         13.6136E+03 
              718.099E-03         13.6245E+03 
              719.521E-03         13.6392E+03 
              721.656E-03         13.6597E+03 
              724.863E-03         13.689E+03  
              726.068E-03         13.702E+03  
              727.876E-03         13.7189E+03 
              730.593E-03         13.7423E+03 
              731.613E-03         13.7527E+03 
              733.144E-03         13.7663E+03 
              735.443E-03         13.7856E+03 
              738.898E-03         13.814E+03  
              740.196E-03         13.8271E+03 
              742.144E-03         13.8442E+03 
              745.071E-03         13.8685E+03 
              746.17E-03          13.8795E+03 
              747.819E-03         13.894E+03  
              750.297E-03         13.9145E+03 
              754.02E-03          13.9445E+03 
              755.418E-03         13.9582E+03 
              757.517E-03         13.9757E+03 
              760.672E-03         13.9996E+03 
              761.856E-03         14.0105E+03 
              763.634E-03         14.0244E+03 
              766.304E-03         14.0431E+03 
              767.307E-03         14.0516E+03 
              768.811E-03         14.0626E+03 
              771.071E-03         14.0774E+03 
              774.466E-03         14.0985E+03 
              775.741E-03         14.1086E+03 
              777.655E-03         14.1209E+03 
              780.53E-03          14.1376E+03 
              781.609E-03         14.1454E+03 
              783.229E-03         14.1553E+03 
              785.662E-03         14.1686E+03 
              789.317E-03         14.1874E+03 
              790.69E-03          14.1967E+03 
              792.751E-03         14.2078E+03 
              795.847E-03         14.2222E+03 
              797.01E-03          14.2293E+03 
              798.754E-03         14.2377E+03 
              801.375E-03         14.2485E+03 
              802.359E-03         14.2538E+03 
              803.835E-03         14.2601E+03 
              806.052E-03         14.268E+03  
              809.382E-03         14.2779E+03 
              810.633E-03         14.2835E+03 
              812.51E-03          14.2892E+03 
              815.329E-03         14.2952E+03 
              816.387E-03         14.2988E+03 
              817.976E-03         14.3021E+03 
              820.361E-03         14.3048E+03 
              821.256E-03         14.3068E+03 
              822.6E-03           14.3083E+03 
              824.617E-03         14.3083E+03 
              825.374E-03         14.309E+03  
              826.51E-03          14.3089E+03 
              828.216E-03         14.3068E+03 
              830.777E-03         14.3002E+03 
              833.341E-03         14.2907E+03 
              833.983E-03         14.2891E+03 
              834.624E-03         14.287E+03  
              835.588E-03         14.2824E+03 
              837.033E-03         14.2732E+03 
              839.203E-03         14.2552E+03 
              840.018E-03         14.2489E+03 
              841.24E-03          14.2373E+03 
              843.075E-03         14.2159E+03 
              845.831E-03         14.1756E+03 
              846.52E-03          14.1664E+03 
              847.21E-03          14.1563E+03 
              848.245E-03         14.1391E+03 
              849.799E-03         14.1099E+03 
              852.131E-03         14.059E+03  
              853.007E-03         14.0401E+03 
              854.321E-03         14.0083E+03 
              856.293E-03         13.954E+03  
              859.255E-03         13.8577E+03 
              862.222E-03         13.7466E+03 
              862.964E-03         13.7192E+03 
              863.706E-03         13.6902E+03 
              864.821E-03         13.6434E+03 
              866.493E-03         13.5667E+03 
              869.005E-03         13.4382E+03 
              869.947E-03         13.3894E+03 
              871.362E-03         13.3107E+03 
              873.486E-03         13.1814E+03 
              876.676E-03         12.9631E+03 
              879.87E-03          12.7204E+03 
              883.07E-03          12.451E+03  
              886.274E-03         12.1533E+03 
              889.483E-03         11.8253E+03 
              892.696E-03         11.4653E+03 
              895.915E-03         11.0712E+03 
              899.138E-03         10.641E+03  
              902.366E-03         10.1724E+03 
              905.599E-03          9.66339E+03
              908.837E-03          9.11232E+03
              912.079E-03          8.51827E+03
              915.326E-03          7.88167E+03
              918.577E-03          7.20486E+03
              921.834E-03          6.49236E+03
              925.095E-03          5.75101E+03
              928.36E-03           4.98975E+03
              931.63E-03           4.21919E+03
              934.905E-03          3.45112E+03
              938.185E-03          2.69786E+03
              940.678E-03          2.14649E+03




