
                  X                uf-60      

                0.                -0.         
               39.94E-09         144.483E-03  
              319.041E-09        748.974E-03  
                1.70601E-06        1.98309    
                7.53894E-06        4.6788     
               29.9775E-06        10.4608     
              111.812E-06         24.6447     
              399.954E-06         65.9691     
                1.38837E-03      196.426      
                4.70264E-03      617.8        
               15.5512E-03         1.97492E+03
               49.9952E-03         6.25428E+03
              154.626E-03         19.2163E+03 
              212.548E-03         26.4853E+03 
              237.025E-03         29.5248E+03 
              246.594E-03         30.7099E+03 
              261.349E-03         32.4529E+03 
              284.381E-03         35.2695E+03 
              290.308E-03         36.0789E+03 
              296.303E-03         36.8104E+03 
              297.434E-03         36.9672E+03 
              299.136E-03         37.174E+03  
              299.775E-03         37.2548E+03 
              300.736E-03         37.3704E+03 
              302.18E-03          37.5417E+03 
              303.628E-03         37.715E+03  
              305.08E-03          37.8885E+03 
              306.536E-03         38.0622E+03 
              307.995E-03         38.2359E+03 
              309.458E-03         38.4095E+03 
              310.925E-03         38.5825E+03 
              312.396E-03         38.7543E+03 
              313.87E-03          38.9236E+03 
              315.349E-03         39.0891E+03 
              316.831E-03         39.249E+03  
              318.317E-03         39.4023E+03 
              319.806E-03         39.548E+03  
              321.3E-03           39.6863E+03 
              322.797E-03         39.8181E+03 
              324.298E-03         39.9451E+03 
              325.803E-03         40.0695E+03 
              327.312E-03         40.1939E+03 
              328.824E-03         40.3209E+03 
              330.34E-03          40.4529E+03 
              331.86E-03          40.5914E+03 
              334.147E-03         40.8124E+03 
              334.721E-03         40.8746E+03 
              335.294E-03         40.9347E+03 
              336.156E-03         41.0237E+03 
              337.45E-03          41.1612E+03 
              338.747E-03         41.3052E+03 
              340.047E-03         41.455E+03  
              341.349E-03         41.6109E+03 
              342.655E-03         41.7733E+03 
              344.617E-03         42.0295E+03 
              346.094E-03         42.2327E+03 
              348.314E-03         42.5417E+03 
              350.542E-03         42.8546E+03 
              352.778E-03         43.1642E+03 
              354.46E-03          43.3958E+03 
              356.991E-03         43.7315E+03 
              359.531E-03         44.0651E+03 
              362.081E-03         44.3918E+03 
              364.641E-03         44.7077E+03 
              367.21E-03          45.011E+03  
              369.789E-03         45.3026E+03 
              373.676E-03         45.7192E+03 
              377.584E-03         46.1324E+03 
              381.514E-03         46.543E+03  
              382.994E-03         46.7057E+03 
              385.218E-03         46.9368E+03 
              388.568E-03         47.2957E+03 
              389.408E-03         47.3953E+03 
              390.249E-03         47.4908E+03 
              391.512E-03         47.6334E+03 
              393.41E-03          47.8565E+03 
              396.267E-03         48.2129E+03 
              400.573E-03         48.7705E+03 
              404.903E-03         49.3295E+03 
              409.258E-03         49.8718E+03 
              415.836E-03         50.651E+03  
              418.317E-03         50.9588E+03 
              422.053E-03         51.3962E+03 
              425.806E-03         51.8409E+03 
              429.576E-03         52.2916E+03 
              433.364E-03         52.7474E+03 
              437.169E-03         53.2067E+03 
              440.991E-03         53.6682E+03 
              444.831E-03         54.1305E+03 
              450.622E-03         54.8181E+03 
              456.452E-03         55.5149E+03 
              462.321E-03         56.2168E+03 
              471.195E-03         57.2724E+03 
              480.157E-03         58.3518E+03 
              482.41E-03          58.6442E+03 
              485.801E-03         59.051E+03  
              490.909E-03         59.6603E+03 
              496.045E-03         60.278E+03  
              501.207E-03         60.8979E+03 
              505.097E-03         61.3676E+03 
              509.002E-03         61.8335E+03 
              512.921E-03         62.299E+03  
              513.904E-03         62.4229E+03 
              514.887E-03         62.5414E+03 
              516.364E-03         62.7148E+03 
              518.582E-03         62.9737E+03 
              519.416E-03         63.0748E+03 
              520.667E-03         63.2217E+03 
              522.547E-03         63.4399E+03 
              523.959E-03         63.606E+03  
              526.08E-03          63.8514E+03 
              528.206E-03         64.0982E+03 
              530.336E-03         64.3448E+03 
              532.47E-03          64.591E+03  
              533.005E-03         64.6557E+03 
              533.539E-03         64.7187E+03 
              534.341E-03         64.8108E+03 
              535.546E-03         64.9474E+03 
              537.355E-03         65.1512E+03 
              539.168E-03         65.3553E+03 
              540.983E-03         65.5577E+03 
              542.346E-03         65.7093E+03 
              544.395E-03         65.9294E+03 
              546.447E-03         66.1463E+03 
              548.503E-03         66.3575E+03 
              550.048E-03         66.5136E+03 
              552.369E-03         66.7344E+03 
              554.694E-03         66.9491E+03 
              557.025E-03         67.1609E+03 
              559.36E-03          67.3769E+03 
              561.7E-03           67.6049E+03 
              565.219E-03         67.9848E+03 
              568.749E-03         68.4074E+03 
              572.289E-03         68.8578E+03 
              575.841E-03         69.3225E+03 
              578.511E-03         69.6766E+03 
              581.188E-03         70.0275E+03 
              583.199E-03         70.2901E+03 
              586.222E-03         70.6692E+03 
              589.253E-03         71.0373E+03 
              592.292E-03         71.3907E+03 
              595.338E-03         71.7306E+03 
              599.921E-03         72.2195E+03 
              601.644E-03         72.4101E+03 
              604.233E-03         72.6843E+03 
              606.827E-03         72.9619E+03 
              609.427E-03         73.2445E+03 
              612.032E-03         73.5332E+03 
              614.642E-03         73.8285E+03 
              617.258E-03         74.1301E+03 
              619.879E-03         74.4369E+03 
              622.505E-03         74.7473E+03 
              623.162E-03         74.8287E+03 
              623.82E-03          74.9083E+03 
              624.807E-03         75.0253E+03 
              626.289E-03         75.1999E+03 
              628.516E-03         75.4604E+03 
              630.746E-03         75.7189E+03 
              632.98E-03          75.9693E+03 
              633.818E-03         76.0647E+03 
              635.077E-03         76.1988E+03 
              636.968E-03         76.3797E+03 
              638.861E-03         76.531E+03  
              640.758E-03         76.636E+03  
              641.469E-03         76.6703E+03 
              641.736E-03         76.6823E+03 
              642.137E-03         76.6968E+03 
              642.738E-03         76.711E+03  
              643.64E-03          76.7157E+03 
              644.994E-03         76.6828E+03 
              646.35E-03          76.6114E+03 
              647.707E-03         76.5052E+03 
              649.745E-03         76.2997E+03 
              649.872E-03         76.2878E+03 
              650.E-03            76.2756E+03 
              650.191E-03         76.2568E+03 
              650.478E-03         76.2274E+03 
              650.909E-03         76.1812E+03 
              651.555E-03         76.1103E+03 
              652.524E-03         76.0075E+03 
              653.98E-03          75.8771E+03 
              656.166E-03         75.7553E+03 
              658.356E-03         75.6987E+03 
              660.549E-03         75.675E+03  
              662.745E-03         75.6505E+03 
              664.945E-03         75.6037E+03 
              665.496E-03         75.593E+03  
              666.046E-03         75.5792E+03 
              666.873E-03         75.5521E+03 
              668.114E-03         75.5025E+03 
              669.977E-03         75.4266E+03 
              672.776E-03         75.3744E+03 
              674.878E-03         75.3933E+03 
              676.984E-03         75.4723E+03 
              679.093E-03         75.6049E+03 
              681.205E-03         75.7719E+03 
              684.378E-03         76.0228E+03 
              687.559E-03         76.2377E+03 
              690.746E-03         76.4202E+03 
              693.94E-03          76.6039E+03 
              694.739E-03         76.6549E+03 
              695.94E-03          76.7296E+03 
              697.742E-03         76.8537E+03 
              700.448E-03         77.073E+03  
              701.126E-03         77.1337E+03 
              701.804E-03         77.1944E+03 
              702.821E-03         77.2864E+03 
              704.348E-03         77.4244E+03 
              704.921E-03         77.4776E+03 
              705.781E-03         77.5541E+03 
              707.072E-03         77.6586E+03 
              709.01E-03          77.7804E+03 
              710.951E-03         77.8599E+03 
              712.894E-03         77.894E+03  
              715.814E-03         77.8624E+03 
              718.739E-03         77.7894E+03 
              719.471E-03         77.7728E+03 
              720.203E-03         77.7526E+03 
              721.302E-03         77.7187E+03 
              722.952E-03         77.6709E+03 
              725.431E-03         77.6208E+03 
              726.051E-03         77.6131E+03 
              726.672E-03         77.6056E+03 
              727.603E-03         77.5963E+03 
              729.E-03            77.59E+03   
              730.399E-03         77.5922E+03 
              731.8E-03           77.6012E+03 
              733.902E-03         77.6263E+03 
              736.007E-03         77.6664E+03 
              738.115E-03         77.7229E+03 
              740.226E-03         77.7972E+03 
              742.339E-03         77.8885E+03 
              744.455E-03         77.9931E+03 
              746.574E-03         78.1061E+03 
              748.696E-03         78.223E+03  
              750.82E-03          78.3405E+03 
              752.947E-03         78.4566E+03 
              755.076E-03         78.5689E+03 
              757.208E-03         78.6742E+03 
              759.343E-03         78.7674E+03 
              761.481E-03         78.8426E+03 
              763.621E-03         78.8944E+03 
              765.764E-03         78.9201E+03 
              767.909E-03         78.9202E+03 
              770.058E-03         78.8989E+03 
              772.208E-03         78.8626E+03 
              774.362E-03         78.8177E+03 
              776.518E-03         78.7671E+03 
              778.677E-03         78.7077E+03 
              780.838E-03         78.6299E+03 
              783.002E-03         78.5192E+03 
              783.814E-03         78.4745E+03 
              785.033E-03         78.3893E+03 
              786.863E-03         78.2198E+03 
              789.612E-03         77.8807E+03 
              792.365E-03         77.4908E+03 
              793.054E-03         77.3938E+03 
              793.743E-03         77.293E+03  
              794.777E-03         77.1378E+03 
              796.329E-03         76.9089E+03 
              798.66E-03          76.6024E+03 
              800.994E-03         76.3525E+03 
              803.331E-03         76.1668E+03 
              805.671E-03         76.0475E+03 
              808.013E-03         75.9924E+03 
              810.359E-03         75.9967E+03 
              812.708E-03         76.0541E+03 
              813.295E-03         76.074E+03  
              813.883E-03         76.0959E+03 
              814.765E-03         76.1336E+03 
              816.089E-03         76.2027E+03 
              817.414E-03         76.2841E+03 
              817.745E-03         76.3061E+03 
              818.242E-03         76.3399E+03 
              818.988E-03         76.3925E+03 
              819.548E-03         76.4335E+03 
              820.387E-03         76.4971E+03 
              821.227E-03         76.5625E+03 
              822.068E-03         76.6285E+03 
              823.329E-03         76.7233E+03 
              823.803E-03         76.759E+03  
              824.513E-03         76.8088E+03 
              825.578E-03         76.8715E+03 
              827.178E-03         76.919E+03  
              829.58E-03          76.8056E+03 
              831.984E-03         76.4455E+03 
              834.392E-03         75.8176E+03 
              836.803E-03         74.9532E+03 
              839.216E-03         73.9208E+03 
              841.633E-03         72.7993E+03 
              842.238E-03         72.5169E+03 
              842.843E-03         72.2303E+03 
              843.75E-03          71.7955E+03 
              845.112E-03         71.1457E+03 
              847.157E-03         70.1942E+03 
              849.204E-03         69.2673E+03 
              849.716E-03         69.0388E+03 
              850.228E-03         68.8108E+03 
              850.997E-03         68.4696E+03 
              852.15E-03          67.9586E+03 
              853.881E-03         67.1813E+03 
              855.614E-03         66.3799E+03 
              857.348E-03         65.5402E+03 
              859.084E-03         64.6532E+03 
              860.821E-03         63.7172E+03 
              861.473E-03         63.3608E+03 
              862.451E-03         62.8102E+03 
              863.919E-03         61.9607E+03 
              866.123E-03         60.688E+03  
              868.33E-03          59.4799E+03 
              868.882E-03         59.1847E+03 
              869.434E-03         58.8946E+03 
              870.262E-03         58.4745E+03 
              870.573E-03         58.3198E+03 
              871.039E-03         58.0934E+03 
              871.739E-03         57.7689E+03 
              872.789E-03         57.3212E+03 
              874.364E-03         56.7459E+03 
              876.73E-03          56.0806E+03 
              879.098E-03         55.5555E+03 
              881.469E-03         55.0852E+03 
              883.842E-03         54.5811E+03 
              886.219E-03         53.9712E+03 
              888.597E-03         53.2162E+03 
              890.979E-03         52.3156E+03 
              893.363E-03         51.3049E+03 
              894.556E-03         50.7803E+03 
              895.749E-03         50.2413E+03 
              897.541E-03         49.4324E+03 
              900.232E-03         48.3126E+03 
              902.925E-03         47.3459E+03 
              903.599E-03         47.1169E+03 
              904.273E-03         46.8975E+03 
              905.285E-03         46.592E+03  
              906.803E-03         46.19E+03   
              907.373E-03         46.0484E+03 
              908.227E-03         45.8521E+03 
              909.51E-03          45.592E+03  
              911.435E-03         45.2646E+03 
              913.362E-03         44.9827E+03 
              915.291E-03         44.7256E+03 
              917.221E-03         44.4729E+03 
              917.704E-03         44.4111E+03 
              918.187E-03         44.3484E+03 
              918.911E-03         44.2512E+03 
              919.999E-03         44.0962E+03 
              921.631E-03         43.8294E+03 
              922.243E-03         43.7252E+03 
              923.162E-03         43.5519E+03 
              924.541E-03         43.2449E+03 
              925.92E-03          42.8817E+03 
              927.301E-03         42.4529E+03 
              928.682E-03         41.9519E+03 
              930.064E-03         41.3761E+03 
              931.447E-03         40.7284E+03 
              932.831E-03         40.0174E+03 
              934.908E-03         38.8593E+03 
              936.987E-03         37.6751E+03 
              939.068E-03         36.5229E+03 
              941.151E-03         35.4447E+03 
              943.235E-03         34.459E+03  
              945.322E-03         33.5615E+03 
              948.455E-03         32.3377E+03 
              951.592E-03         31.1786E+03 
              954.734E-03         30.0855E+03 
              955.519E-03         29.8196E+03 
              956.699E-03         29.43E+03   
              958.469E-03         28.8901E+03 
              961.127E-03         28.2658E+03 
              962.124E-03         28.0649E+03 
              963.621E-03         27.8442E+03 
              964.183E-03         27.7747E+03 
              965.025E-03         27.6997E+03 
              966.29E-03          27.66E+03   
              968.188E-03         27.7703E+03 
              970.087E-03         28.0409E+03 
              971.988E-03         28.4456E+03 
              973.89E-03          28.9472E+03 
              975.794E-03         29.4999E+03 
              977.699E-03         30.0526E+03 
              979.605E-03         30.5511E+03 
              980.321E-03         30.7288E+03 
              981.394E-03         30.9602E+03 
              983.005E-03         31.1989E+03 
              985.424E-03         31.2278E+03 
              987.844E-03         30.8755E+03 
              990.267E-03         30.1309E+03 
              992.692E-03         29.0267E+03 
              995.12E-03          27.628E+03  
              995.727E-03         27.2629E+03 
              996.335E-03         26.8809E+03 
              997.246E-03         26.2749E+03 
              998.613E-03         25.3092E+03 
              999.982E-03         24.3029E+03 
                1.00135           23.2677E+03 
                1.00341           21.6746E+03 
                1.00546           20.0527E+03 
                1.00752           18.4003E+03 
                1.00958           16.7125E+03 
                1.01164           14.99E+03   
                1.0137            13.2468E+03 
                1.0168            10.7108E+03 
                1.01796            9.78219E+03
                1.01971            8.46307E+03
                1.02233            6.76654E+03
                1.02495            5.43557E+03
                1.02757            4.50841E+03
                1.0302             3.98568E+03
                1.03415            4.00809E+03
                1.03513            4.06619E+03
                1.03612            4.16874E+03
                1.0376             4.41749E+03
                1.03983            4.98262E+03
                1.04317            6.17583E+03
                1.04651            7.62389E+03
                1.04986            9.2295E+03 
                1.05321           10.8982E+03 
                1.05656           12.5426E+03 
                1.05992           14.0854E+03 
                1.06329           15.4613E+03 
                1.06665           16.6179E+03 
                1.07002           17.5165E+03 
                1.0734            18.1341E+03 
                1.07678           18.4641E+03 
                1.08016           18.5171E+03 
                1.08355           18.3189E+03 
                1.08694           17.9079E+03 
                1.09033           17.3311E+03 
                1.09543           16.2588E+03 
                1.10054           15.1393E+03 
                1.10565           14.0985E+03 
                1.10693           13.8496E+03 
                1.10821           13.6061E+03 
                1.11014           13.2628E+03 
                1.11302           12.8164E+03 
                1.11591           12.451E+03  
                1.1188            12.1719E+03 
                1.12314           11.9487E+03 
                1.12749           11.9111E+03 
                1.13184           12.0294E+03 
                1.13402           12.126E+03  
                1.13729           12.3258E+03 
                1.14056           12.5668E+03 
                1.14384           12.8277E+03 
                1.14712           13.0882E+03 
                1.1504            13.3297E+03 
                1.15369           13.5365E+03 
                1.15698           13.696E+03  
                1.16027           13.7992E+03 
                1.16357           13.8411E+03 
                1.16686           13.8197E+03 
                1.16934           13.7693E+03 
                1.17306           13.615E+03  
                1.17678           13.3936E+03 
                1.17771           13.3367E+03 
                1.17864           13.2743E+03 
                1.18004           13.1703E+03 
                1.18214           12.9964E+03 
                1.18529           12.7045E+03 
                1.18844           12.392E+03  
                1.19159           12.0683E+03 




