
                  X                  uf       

                0.                -0.         
               39.94E-09         144.258E-03  
              319.041E-09        746.54E-03   
                1.70601E-06        1.9485     
                7.53894E-06        4.44843    
               29.9775E-06         9.54911    
              111.812E-06         21.6481     
              399.954E-06         56.0724     
                1.38837E-03      163.196      
                4.70264E-03      506.743      
               15.5512E-03         1.60972E+03
               49.9952E-03         5.08309E+03
              154.626E-03         15.5979E+03 
              450.699E-03         45.3095E+03 
              487.177E-03         49.4042E+03 
              544.587E-03         54.7568E+03 
              566.935E-03         57.0288E+03 
              575.429E-03         57.893E+03  
              581.839E-03         58.5205E+03 
              584.252E-03         58.7649E+03 
              585.158E-03         58.8571E+03 
              585.498E-03         58.8917E+03 
              586.009E-03         58.9417E+03 
              586.2E-03           58.9607E+03 
              586.487E-03         58.9887E+03 
              586.918E-03         59.0302E+03 
              587.349E-03         59.0717E+03 
              587.78E-03          59.1133E+03 
              587.941E-03         59.1291E+03 
              588.184E-03         59.1527E+03 
              588.548E-03         59.1878E+03 
              588.684E-03         59.2011E+03 
              588.889E-03         59.221E+03  
              589.197E-03         59.2507E+03 
              589.658E-03         59.2949E+03 
              590.003E-03         59.3284E+03 
              590.349E-03         59.3618E+03 
              590.479E-03         59.3745E+03 
              590.674E-03         59.3935E+03 
              590.966E-03         59.4217E+03 
              591.404E-03         59.4639E+03 
              591.569E-03         59.4799E+03 
              591.815E-03         59.5038E+03 
              592.185E-03         59.5395E+03 
              592.74E-03          59.5929E+03 
              592.949E-03         59.6132E+03 
              593.261E-03         59.6436E+03 
              593.73E-03          59.6888E+03 
              593.906E-03         59.7061E+03 
              594.17E-03          59.7318E+03 
              594.566E-03         59.77E+03   
              594.714E-03         59.7845E+03 
              594.937E-03         59.8062E+03 
              595.271E-03         59.8386E+03 
              595.773E-03         59.8868E+03 
              595.961E-03         59.9052E+03 
              596.243E-03         59.9327E+03 
              596.667E-03         59.9737E+03 
              596.825E-03         59.9892E+03 
              597.064E-03         60.0125E+03 
              597.421E-03         60.0471E+03 
              597.958E-03         60.0988E+03 
              598.159E-03         60.1185E+03 
              598.461E-03         60.1479E+03 
              598.914E-03         60.1917E+03 
              599.084E-03         60.2084E+03 
              599.339E-03         60.2332E+03 
              599.721E-03         60.2702E+03 
              599.865E-03         60.2842E+03 
              600.08E-03          60.3051E+03 
              600.403E-03         60.3363E+03 
              600.888E-03         60.3826E+03 
              601.069E-03         60.4002E+03 
              601.342E-03         60.4265E+03 
              601.751E-03         60.4654E+03 
              601.905E-03         60.4802E+03 
              602.135E-03         60.5021E+03 
              602.48E-03          60.5346E+03 
              602.998E-03         60.5826E+03 
              603.517E-03         60.6301E+03 
              604.036E-03         60.6769E+03 
              604.555E-03         60.7228E+03 
              605.074E-03         60.7678E+03 
              605.593E-03         60.8116E+03 
              606.113E-03         60.8543E+03 
              606.893E-03         60.9148E+03 
              607.673E-03         60.9727E+03 
              608.454E-03         61.0276E+03 
              609.235E-03         61.0794E+03 
              610.017E-03         61.128E+03  
              610.799E-03         61.1732E+03 
              611.581E-03         61.2149E+03 
              612.756E-03         61.2679E+03 
              613.932E-03         61.3119E+03 
              615.109E-03         61.3446E+03 
              616.287E-03         61.3635E+03 
              617.467E-03         61.3645E+03 
              618.647E-03         61.3411E+03 
              619.828E-03         61.2831E+03 
              621.011E-03         61.1761E+03 
              622.194E-03         61.0009E+03 
              623.379E-03         60.7354E+03 
              624.564E-03         60.3564E+03 
              625.751E-03         59.8438E+03 
              626.939E-03         59.1837E+03 
              628.128E-03         58.3716E+03 
              629.318E-03         57.4139E+03 
              630.509E-03         56.3268E+03 
              631.701E-03         55.1344E+03 
              633.491E-03         53.2041E+03 
              635.284E-03         51.2239E+03 
              637.079E-03         49.2628E+03 
              638.876E-03         47.3673E+03 
              640.676E-03         45.5642E+03 
              642.478E-03         43.8663E+03 
              644.282E-03         42.2785E+03 
              646.089E-03         40.803E+03  
              647.898E-03         39.4413E+03 
              649.71E-03          38.1947E+03 
              651.524E-03         37.0624E+03 
              653.34E-03          36.04E+03   
              655.159E-03         35.118E+03  
              656.98E-03          34.2825E+03 
              658.804E-03         33.5171E+03 
              660.63E-03          32.8054E+03 
              662.458E-03         32.1339E+03 
              664.288E-03         31.4927E+03 
              666.121E-03         30.8757E+03 
              667.957E-03         30.2785E+03 
              669.794E-03         29.6967E+03 
              671.634E-03         29.1244E+03 
              673.477E-03         28.553E+03  
              675.322E-03         27.9727E+03 
              677.169E-03         27.3729E+03 
              679.018E-03         26.7438E+03 
              680.87E-03          26.0769E+03 
              682.724E-03         25.3662E+03 
              684.58E-03          24.6086E+03 
              686.439E-03         23.8051E+03 
              689.231E-03         22.5146E+03 
              693.43E-03          20.5031E+03 
              699.749E-03         18.1505E+03 
              702.126E-03         17.4277E+03 
              705.698E-03         16.8647E+03 
              711.071E-03         17.4924E+03 
              719.166E-03         20.5383E+03 
              727.303E-03         24.0136E+03 
              735.48E-03          26.7408E+03 
              743.699E-03         28.2206E+03 
              756.105E-03         28.1395E+03 
              768.601E-03         27.1409E+03 
              781.188E-03         26.3816E+03 
              793.864E-03         26.3489E+03 
              806.63E-03          26.9254E+03 
              819.483E-03         27.7397E+03 
              832.424E-03         28.4834E+03 
              845.452E-03         29.0403E+03 
              858.564E-03         29.4501E+03 
              878.392E-03         29.9908E+03 
              898.408E-03         30.5973E+03 
              918.608E-03         31.2408E+03 
              938.99E-03          31.8865E+03 
              946.679E-03         32.1511E+03 
              954.393E-03         32.3895E+03 
              962.132E-03         32.6234E+03 
              964.071E-03         32.6909E+03 
              966.982E-03         32.778E+03  
              969.896E-03         32.8645E+03 
              972.814E-03         32.9508E+03 
              975.735E-03         33.037E+03  
              978.659E-03         33.1233E+03 
              981.587E-03         33.2099E+03 
              984.518E-03         33.2968E+03 
              987.453E-03         33.3843E+03 
              990.391E-03         33.4725E+03 
              993.333E-03         33.5617E+03 
              996.278E-03         33.652E+03  
              997.383E-03         33.6884E+03 
              999.041E-03         33.7399E+03 
                1.0007            33.7917E+03 
                1.00236           33.8439E+03 
                1.00485           33.922E+03  
                1.00735           34.0023E+03 
                1.00985           34.0837E+03 
                1.01079           34.1162E+03 
                1.01219           34.1627E+03 
                1.0143            34.2318E+03 
                1.01642           34.3024E+03 
                1.01853           34.3738E+03 
                1.01932           34.4021E+03 
                1.02051           34.4428E+03 
                1.0223            34.503E+03  
                1.02409           34.5643E+03 
                1.02588           34.626E+03  
                1.02767           34.6881E+03 
                1.02946           34.7505E+03 
                1.03125           34.8132E+03 
                1.03305           34.876E+03  
                1.03372           34.9008E+03 
                1.03473           34.9365E+03 
                1.03625           34.9891E+03 
                1.03852           35.068E+03  
                1.0408            35.1482E+03 
                1.04307           35.2287E+03 
                1.04536           35.3093E+03 
                1.04764           35.3899E+03 
                1.04992           35.4706E+03 
                1.05049           35.4923E+03 
                1.05106           35.5134E+03 
                1.05192           35.5438E+03 
                1.05321           35.5886E+03 
                1.05514           35.6556E+03 
                1.05586           35.6822E+03 
                1.05695           35.7207E+03 
                1.05858           35.7774E+03 
                1.05919           35.7998E+03 
                1.06011           35.8323E+03 
                1.06149           35.8801E+03 
                1.06356           35.9516E+03 
                1.06563           36.024E+03  
                1.0677            36.0965E+03 
                1.06977           36.1689E+03 
                1.07184           36.2413E+03 
                1.07392           36.3136E+03 
                1.07444           36.333E+03  
                1.07521           36.3607E+03 
                1.07638           36.4011E+03 
                1.07814           36.461E+03  
                1.08077           36.5508E+03 
                1.08472           36.6856E+03 
                1.0862            36.7399E+03 
                1.08676           36.7605E+03 
                1.0876            36.7899E+03 
                1.08885           36.8329E+03 
                1.09073           36.897E+03  
                1.09355           36.9933E+03 
                1.09461           37.0319E+03 
                1.0962            37.087E+03  
                1.09779           37.1422E+03 
                1.09938           37.1974E+03 
                1.10097           37.2527E+03 
                1.10257           37.3081E+03 
                1.10416           37.3636E+03 
                1.10575           37.4192E+03 
                1.10735           37.4748E+03 
                1.10895           37.5305E+03 
                1.11054           37.5863E+03 
                1.11214           37.6421E+03 
                1.11374           37.698E+03  
                1.11534           37.7539E+03 
                1.11594           37.7757E+03 
                1.11684           37.8074E+03 
                1.11819           37.8542E+03 
                1.12022           37.924E+03  
                1.12098           37.9516E+03 
                1.12212           37.9917E+03 
                1.12383           38.0508E+03 
                1.12426           38.0665E+03 
                1.12469           38.082E+03  
                1.12533           38.1046E+03 
                1.12629           38.1379E+03 
                1.12774           38.1877E+03 
                1.12991           38.2622E+03 
                1.13317           38.3738E+03 
                1.13439           38.4183E+03 
                1.13485           38.4353E+03 
                1.13554           38.4596E+03 
                1.13657           38.4952E+03 
                1.13812           38.548E+03  
                1.14045           38.6271E+03 
                1.14132           38.6584E+03 
                1.14263           38.7037E+03 
                1.14312           38.7211E+03 
                1.14386           38.7467E+03 
                1.14496           38.7843E+03 
                1.14662           38.8405E+03 
                1.14911           38.9246E+03 
                1.15005           38.9579E+03 
                1.15145           39.006E+03  
                1.15285           39.0539E+03 
                1.15425           39.1018E+03 
                1.15566           39.1498E+03 
                1.15706           39.1977E+03 
                1.15847           39.2456E+03 
                1.15987           39.2935E+03 
                1.16128           39.3415E+03 
                1.16181           39.3601E+03 
                1.1626            39.3873E+03 
                1.16378           39.4273E+03 
                1.16557           39.4872E+03 
                1.16824           39.5769E+03 
                1.16924           39.6126E+03 
                1.17075           39.6639E+03 
                1.17131           39.6838E+03 
                1.17216           39.7129E+03 
                1.17343           39.7558E+03 
                1.17534           39.8201E+03 
                1.17606           39.8453E+03 
                1.17713           39.8822E+03 
                1.17753           39.8964E+03 
                1.17814           39.9172E+03 
                1.17904           39.948E+03  
                1.1804            39.994E+03  
                1.18244           40.063E+03  
                1.18321           40.0902E+03 
                1.18436           40.1298E+03 
                1.18479           40.1451E+03 
                1.18544           40.1675E+03 
                1.18641           40.2006E+03 
                1.18786           40.2501E+03 
                1.18841           40.2695E+03 
                1.18923           40.2979E+03 
                1.19046           40.3399E+03 
                1.1923            40.4029E+03 
                1.19507           40.4977E+03 
                1.19611           40.5353E+03 
                1.1965            40.5496E+03 
                1.19708           40.5704E+03 
                1.19796           40.6008E+03 
                1.19927           40.6461E+03 
                1.20125           40.7141E+03 
                1.20199           40.7408E+03 
                1.2031            40.7798E+03 
                1.20352           40.7948E+03 
                1.20414           40.8168E+03 
                1.20508           40.8494E+03 
                1.20649           40.8982E+03 
                1.2086            40.9713E+03 
                1.20939           41.0001E+03 
                1.21058           41.042E+03  
                1.21177           41.0838E+03 
                1.21296           41.1256E+03 
                1.21415           41.1675E+03 
                1.21534           41.2094E+03 
                1.21713           41.2717E+03 
                1.2178            41.296E+03  
                1.21881           41.3316E+03 
                1.21918           41.3452E+03 
                1.21975           41.3653E+03 
                1.2206            41.3951E+03 
                1.22187           41.4394E+03 
                1.22378           41.5058E+03 
                1.2245            41.5318E+03 
                1.22557           41.5698E+03 
                1.22598           41.5844E+03 
                1.22658           41.6058E+03 
                1.22749           41.6376E+03 
                1.22885           41.6848E+03 
                1.22937           41.7032E+03 
                1.23013           41.7303E+03 
                1.23128           41.7703E+03 
                1.23301           41.83E+03   
                1.2356            41.9195E+03 
                1.23949           42.0535E+03 
                1.23985           42.0678E+03 
                1.2404            42.0884E+03 
                1.24122           42.1176E+03 
                1.24245           42.1602E+03 
                1.2443            42.2236E+03 
                1.245             42.2484E+03 
                1.24604           42.2846E+03 
                1.24643           42.2985E+03 
                1.24701           42.3189E+03 
                1.24789           42.3491E+03 
                1.24921           42.3941E+03 
                1.2497            42.4115E+03 
                1.25044           42.4373E+03 
                1.25156           42.4753E+03 
                1.25323           42.532E+03  
                1.25573           42.6169E+03 
                1.25667           42.6503E+03 
                1.25702           42.6629E+03 
                1.25755           42.6814E+03 
                1.25835           42.7085E+03 
                1.25954           42.7488E+03 
                1.26132           42.809E+03  
                1.264             42.899E+03  
                1.26501           42.9345E+03 
                1.26539           42.9479E+03 
                1.26595           42.9675E+03 
                1.2668            42.9963E+03 
                1.26808           43.0389E+03 
                1.26855           43.0554E+03 
                1.26927           43.0798E+03 
                1.27035           43.1158E+03 
                1.27196           43.1696E+03 
                1.27438           43.2499E+03 
                1.27529           43.2814E+03 
                1.27563           43.2934E+03 
                1.27614           43.3109E+03 
                1.27691           43.3366E+03 
                1.27806           43.3747E+03 
                1.27979           43.4316E+03 
                1.28238           43.517E+03  
                1.28335           43.5505E+03 
                1.28371           43.5632E+03 
                1.28426           43.5818E+03 
                1.28508           43.6091E+03 
                1.28631           43.6495E+03 
                1.28816           43.7101E+03 
                1.28885           43.7337E+03 
                1.28989           43.7682E+03 
                1.29028           43.7815E+03 
                1.29087           43.801E+03  
                1.29174           43.8298E+03 
                1.29306           43.8728E+03 
                1.29504           43.937E+03  
                1.29578           43.9621E+03 
                1.29689           43.9988E+03 
                1.298             44.0353E+03 
                1.29911           44.0717E+03 
                1.30023           44.1082E+03 
                1.30134           44.1446E+03 
                1.30245           44.181E+03  
                1.30357           44.2174E+03 
                1.30468           44.2538E+03 
                1.30552           44.2812E+03 
                1.30635           44.3086E+03 
                1.30761           44.3492E+03 
                1.30808           44.3648E+03 
                1.30878           44.3879E+03 
                1.30984           44.4222E+03 
                1.31143           44.4733E+03 
                1.31202           44.4931E+03 
                1.31292           44.5223E+03 
                1.31426           44.5656E+03 
                1.31476           44.5823E+03 
                1.31552           44.6069E+03 
                1.31665           44.6433E+03 
                1.31835           44.6977E+03 
                1.3209            44.7792E+03 




