
                  X              uf-60-0-90   

                0.                -0.         
               39.94E-09         122.036E-03  
              319.041E-09        605.906E-03  
                1.70601E-06        1.55163    
                7.53894E-06        3.63009    
               29.9775E-06         7.98076    
              111.812E-06         17.4109     
              399.954E-06         41.6386     
                1.38837E-03      113.827      
                4.70264E-03      341.38       
               15.5512E-03         1.06592E+03
               49.9952E-03         3.33899E+03
              154.626E-03         10.2092E+03 
              450.699E-03         29.5562E+03 
              551.162E-03         36.2049E+03 
              661.566E-03         42.9545E+03 
              705.417E-03         45.6577E+03 
              773.588E-03         49.6834E+03 
              880.974E-03         55.184E+03  
              882.699E-03         55.3919E+03 
              883.13E-03          55.4347E+03 
              883.778E-03         55.4818E+03 
              884.749E-03         55.5356E+03 
              885.113E-03         55.5547E+03 
              885.66E-03          55.5819E+03 
              886.48E-03          55.6223E+03 
              887.711E-03         55.6828E+03 
              888.173E-03         55.706E+03  
              888.865E-03         55.7404E+03 
              889.905E-03         55.7916E+03 
              890.295E-03         55.8111E+03 
              890.88E-03          55.8402E+03 
              891.758E-03         55.8833E+03 
              893.076E-03         55.9477E+03 
              893.57E-03          55.9724E+03 
              894.312E-03         56.009E+03  
              895.425E-03         56.0634E+03 
              897.095E-03         56.1445E+03 
              897.722E-03         56.1757E+03 
              898.663E-03         56.2218E+03 
              899.015E-03         56.2393E+03 
              899.545E-03         56.2653E+03 
              900.339E-03         56.3038E+03 
              901.531E-03         56.3609E+03 
              903.32E-03          56.4452E+03 
              903.991E-03         56.4774E+03 
              904.998E-03         56.5243E+03 
              906.51E-03          56.5898E+03 
              907.077E-03         56.6143E+03 
              907.928E-03         56.6484E+03 
              909.205E-03         56.6909E+03 
              911.122E-03         56.716E+03  
              911.841E-03         56.7197E+03 
              912.921E-03         56.704E+03  
              914.541E-03         56.609E+03  
              915.149E-03         56.5628E+03 
              916.061E-03         56.4619E+03 
              917.43E-03          56.2208E+03 
              919.484E-03         55.5961E+03 
              920.255E-03         55.3229E+03 
              921.412E-03         54.814E+03  
              923.149E-03         53.8177E+03 
              923.801E-03         53.4121E+03 
              924.778E-03         52.7307E+03 
              926.245E-03         51.5613E+03 
              926.796E-03         51.1038E+03 
              927.622E-03         50.3777E+03 
              928.862E-03         49.2189E+03 
              930.722E-03         47.3997E+03 
              931.42E-03          46.7111E+03 
              932.468E-03         45.6741E+03 
              934.04E-03          44.1483E+03 
              934.63E-03          43.5831E+03 
              935.515E-03         42.7538E+03 
              936.843E-03         41.5655E+03 
              938.836E-03         39.9289E+03 
              939.585E-03         39.3374E+03 
              940.707E-03         38.497E+03  
              942.392E-03         37.3382E+03 
              943.024E-03         36.9186E+03 
              943.973E-03         36.3187E+03 
              945.396E-03         35.4812E+03 
              947.533E-03         34.3522E+03 
              948.067E-03         34.0787E+03 
              948.602E-03         33.8125E+03 
              949.404E-03         33.429E+03  
              950.608E-03         32.8882E+03 
              952.415E-03         32.1504E+03 
              953.092E-03         31.8847E+03 
              954.11E-03          31.5073E+03 
              955.636E-03         30.9861E+03 
              956.209E-03         30.7975E+03 
              957.068E-03         30.5275E+03 
              958.358E-03         30.1498E+03 
              960.293E-03         29.6378E+03 
              961.02E-03          29.4541E+03 
              962.109E-03         29.1928E+03 
              963.745E-03         28.8303E+03 
              964.359E-03         28.6992E+03 
              965.279E-03         28.5105E+03 
              966.661E-03         28.245E+03  
              967.179E-03         28.1484E+03 
              967.957E-03         28.0086E+03 
              969.124E-03         27.8106E+03 
              970.876E-03         27.5419E+03 
              971.533E-03         27.4461E+03 
              972.519E-03         27.3114E+03 
              973.999E-03         27.1321E+03 
              974.554E-03         27.0688E+03 
              975.387E-03         26.9815E+03 
              976.637E-03         26.8693E+03 
              977.106E-03         26.8305E+03 
              977.81E-03          26.7783E+03 
              978.865E-03         26.7146E+03 
              979.261E-03         26.6932E+03 
              979.855E-03         26.6657E+03 
              980.747E-03         26.6355E+03 
              982.085E-03         26.6153E+03 
              984.092E-03         26.642E+03  
              987.107E-03         26.8005E+03 
              987.862E-03         26.849E+03  
              988.616E-03         26.904E+03  
              989.748E-03         27.0003E+03 
              991.448E-03         27.1736E+03 
              993.998E-03         27.4825E+03 
              997.829E-03         27.9849E+03 
                1.00359           28.6278E+03 
                1.01225           29.2242E+03 
                1.02529           30.0709E+03 
                1.04497           31.7186E+03 
                1.07475           33.2711E+03 
                1.11999           34.2315E+03 
                1.13712           34.5557E+03 
                1.14357           34.6744E+03 
                1.15327           34.848E+03  
                1.15691           34.9222E+03 
                1.16238           35.0343E+03 
                1.16443           35.0807E+03 
                1.16752           35.1497E+03 
                1.17215           35.2604E+03 
                1.17389           35.3055E+03 
                1.1765            35.3727E+03 
                1.17747           35.3992E+03 
                1.17894           35.4384E+03 
                1.18115           35.4979E+03 
                1.18197           35.5213E+03 
                1.18322           35.5559E+03 
                1.18508           35.6078E+03 
                1.18787           35.6854E+03 
                1.19207           35.7921E+03 
                1.19364           35.8323E+03 
                1.19601           35.8829E+03 
                1.19955           35.9309E+03 
                1.20089           35.9462E+03 
                1.20288           35.9554E+03 
                1.20588           35.9369E+03 
                1.20701           35.9267E+03 
                1.2087            35.8994E+03 
                1.21123           35.8356E+03 
                1.21218           35.8097E+03 
                1.21361           35.764E+03  
                1.21575           35.6859E+03 
                1.21789           35.605E+03  
                1.22004           35.5274E+03 
                1.22325           35.4381E+03 
                1.22808           35.3918E+03 
                1.23534           35.4107E+03 
                1.24626           35.4018E+03 
                1.26268           35.6284E+03 
                1.28744           36.6373E+03 
                1.32485           38.1941E+03 
                1.33896           38.7457E+03 
                1.36021           39.3956E+03 
                1.3682            39.6312E+03 
                1.3712            39.7173E+03 
                1.37232           39.7492E+03 
                1.37401           39.7946E+03 
                1.37464           39.8117E+03 
                1.37559           39.8369E+03 
                1.37702           39.8737E+03 
                1.37755           39.8877E+03 
                1.37835           39.9084E+03 
                1.37956           39.9388E+03 
                1.38001           39.9504E+03 
                1.38069           39.9675E+03 
                1.3817            39.9928E+03 
                1.38208           40.0024E+03 
                1.38265           40.0167E+03 
                1.38351           40.0378E+03 
                1.3848            40.069E+03  
                1.38673           40.1154E+03 
                1.38745           40.1332E+03 
                1.38854           40.1595E+03 
                1.39017           40.1982E+03 
                1.39078           40.2131E+03 
                1.3917            40.235E+03  
                1.39204           40.2433E+03 
                1.39256           40.2557E+03 
                1.39333           40.274E+03  
                1.39362           40.281E+03  
                1.39406           40.2913E+03 
                1.39471           40.3068E+03 
                1.39569           40.3298E+03 
                1.39716           40.3642E+03 
                1.39771           40.3774E+03 
                1.39854           40.3971E+03 
                1.39978           40.4262E+03 
                1.40025           40.4373E+03 
                1.40094           40.4537E+03 
                1.40199           40.4781E+03 
                1.40356           40.5138E+03 
                1.40592           40.5624E+03 
                1.40681           40.5804E+03 
                1.40714           40.5871E+03 
                1.40764           40.5966E+03 
                1.40838           40.6097E+03 
                1.40951           40.6259E+03 
                1.40993           40.6317E+03 
                1.41056           40.6391E+03 
                1.4115            40.6465E+03 
                1.41292           40.6468E+03 
                1.41505           40.6126E+03 
                1.41585           40.5948E+03 
                1.41705           40.5535E+03 
                1.41884           40.4538E+03 
                1.42154           40.2147E+03 
                1.42424           39.8939E+03 
                1.42492           39.8093E+03 
                1.42593           39.6715E+03 
                1.42745           39.4444E+03 
                1.42973           39.0728E+03 

 MINIMUM        0.                -0.         
  AT X =                           0.         
 MAXIMUM        1.42973           56.7197E+03 
  AT X =                         911.841E-03  




