
                  X                  uf       

                0.                -0.         
               39.94E-09         144.258E-03  
              319.041E-09        746.54E-03   
                1.70601E-06        1.9485     
                7.53894E-06        4.44843    
               29.9775E-06         9.54911    
              111.812E-06         21.6481     
              399.954E-06         56.0724     
                1.38837E-03      163.196      
                4.70264E-03      506.743      
               15.5512E-03         1.60972E+03
               49.9952E-03         5.08309E+03
              154.626E-03         15.5979E+03 
              212.548E-03         21.5083E+03 
              319.557E-03         32.1591E+03 
              365.934E-03         36.9003E+03 
              384.196E-03         38.7385E+03 
              391.167E-03         39.4371E+03 
              401.746E-03         40.434E+03  
              402.746E-03         40.5596E+03 
              404.248E-03         40.7089E+03 
              404.811E-03         40.7657E+03 
              405.658E-03         40.8469E+03 
              406.294E-03         40.9083E+03 
              406.93E-03          40.9695E+03 
              407.566E-03         41.0307E+03 
              408.203E-03         41.0921E+03 
              408.841E-03         41.1535E+03 
              409.479E-03         41.2152E+03 
              410.118E-03         41.277E+03  
              410.757E-03         41.3389E+03 
              411.397E-03         41.4009E+03 
              412.037E-03         41.4629E+03 
              412.678E-03         41.5247E+03 
              413.319E-03         41.586E+03  
              413.961E-03         41.6463E+03 
              414.925E-03         41.731E+03  
              415.287E-03         41.7634E+03 
              415.829E-03         41.8082E+03 
              416.644E-03         41.866E+03  
              417.46E-03          41.9132E+03 
              418.277E-03         41.9469E+03 
              419.503E-03         41.9573E+03 
              419.964E-03         41.9575E+03 
              420.655E-03         41.9414E+03 
              421.693E-03         41.8826E+03 
              421.952E-03         41.8672E+03 
              422.212E-03         41.8493E+03 
              422.602E-03         41.817E+03  
              423.187E-03         41.7574E+03 
              424.065E-03         41.6482E+03 
              424.395E-03         41.606E+03  
              424.89E-03          41.537E+03  
              425.632E-03         41.4262E+03 
              426.747E-03         41.2632E+03 
              427.166E-03         41.2055E+03 
              427.794E-03         41.124E+03  
              428.737E-03         41.0267E+03 
              429.091E-03         40.9958E+03 
              429.623E-03         40.9592E+03 
              430.42E-03          40.9317E+03 
              431.618E-03         40.9566E+03 
              432.068E-03         40.9773E+03 
              432.743E-03         41.0264E+03 
              433.756E-03         41.1364E+03 
              434.009E-03         41.1674E+03 
              434.263E-03         41.2002E+03 
              434.644E-03         41.253E+03  
              435.215E-03         41.339E+03  
              436.072E-03         41.4792E+03 
              436.931E-03         41.6268E+03 
              437.79E-03          41.777E+03  
              438.65E-03          41.9268E+03 
              439.296E-03         42.0387E+03 
              440.265E-03         42.2017E+03 
              440.508E-03         42.2434E+03 
              440.75E-03          42.2846E+03 
              441.114E-03         42.3453E+03 
              441.66E-03          42.4349E+03 
              442.481E-03         42.5692E+03 
              443.302E-03         42.7067E+03 
              444.123E-03         42.8496E+03 
              444.946E-03         43.E+03     
              446.181E-03         43.2468E+03 
              447.418E-03         43.5184E+03 
              448.657E-03         43.8106E+03 
              449.897E-03         44.115E+03  
              450.363E-03         44.2321E+03 
              451.062E-03         44.4061E+03 
              452.111E-03         44.6594E+03 
              453.688E-03         45.0003E+03 
              454.28E-03          45.1244E+03 
              455.168E-03         45.2891E+03 
              455.502E-03         45.3491E+03 
              456.002E-03         45.4312E+03 
              456.753E-03         45.5374E+03 
              457.317E-03         45.6084E+03 
              457.881E-03         45.6698E+03 
              458.728E-03         45.7403E+03 
              460.E-03            45.8036E+03 
              461.911E-03         45.8295E+03 
              464.786E-03         45.7989E+03 
              465.866E-03         45.788E+03  
              466.271E-03         45.7838E+03 
              466.88E-03          45.7741E+03 
              467.793E-03         45.758E+03  
              468.708E-03         45.7439E+03 
              469.623E-03         45.7326E+03 
              470.998E-03         45.7216E+03 
              473.064E-03         45.7257E+03 
              476.171E-03         45.8062E+03 
              477.339E-03         45.8552E+03 
              479.094E-03         45.9534E+03 
              481.732E-03         46.1855E+03 
              482.723E-03         46.2907E+03 
              483.095E-03         46.3323E+03 
              483.653E-03         46.3966E+03 
              483.863E-03         46.4216E+03 
              484.177E-03         46.4598E+03 
              484.649E-03         46.5193E+03 
              485.356E-03         46.6145E+03 
              486.065E-03         46.7163E+03 
              486.773E-03         46.824E+03  
              487.837E-03         46.996E+03  
              489.436E-03         47.2715E+03 
              491.838E-03         47.6975E+03 
              495.453E-03         48.2877E+03 
              500.901E-03         48.975E+03  
              509.129E-03         49.7349E+03 
              521.596E-03         50.7947E+03 
              526.311E-03         51.2292E+03 
              528.084E-03         51.3945E+03 
              528.75E-03          51.4567E+03 
              529.749E-03         51.5457E+03 
              530.124E-03         51.5801E+03 
              530.687E-03         51.6305E+03 
              531.531E-03         51.7057E+03 
              532.8E-03           51.8194E+03 
              534.07E-03          51.9355E+03 
              535.341E-03         52.0532E+03 
              537.251E-03         52.2306E+03 
              537.968E-03         52.3006E+03 
              539.044E-03         52.4027E+03 
              539.448E-03         52.4422E+03 
              540.055E-03         52.5002E+03 
              540.964E-03         52.5863E+03 
              542.331E-03         52.7152E+03 
              544.384E-03         52.9067E+03 
              547.47E-03          53.1883E+03 
              548.629E-03         53.2991E+03 
              550.371E-03         53.4566E+03 
              551.025E-03         53.5179E+03 
              552.006E-03         53.6066E+03 
              553.48E-03          53.7389E+03 
              553.849E-03         53.7739E+03 
              554.217E-03         53.8084E+03 
              554.771E-03         53.8591E+03 
              555.602E-03         53.9348E+03 
              556.849E-03         54.0499E+03 
              558.723E-03         54.2275E+03 
              561.539E-03         54.5044E+03 
              562.597E-03         54.6148E+03 
              562.994E-03         54.6568E+03 
              563.589E-03         54.718E+03  
              564.483E-03         54.8088E+03 
              565.154E-03         54.8779E+03 
              566.161E-03         54.9809E+03 
              567.674E-03         55.1353E+03 
              568.052E-03         55.1759E+03 
              568.431E-03         55.2159E+03 
              568.999E-03         55.2746E+03 
              569.852E-03         55.3617E+03 
              570.705E-03         55.4491E+03 
              571.559E-03         55.5367E+03 
              572.841E-03         55.6674E+03 
              573.322E-03         55.7181E+03 
              574.044E-03         55.7928E+03 
              575.128E-03         55.904E+03  
              576.213E-03         56.0162E+03 
              577.299E-03         56.1289E+03 
              578.386E-03         56.2416E+03 
              578.793E-03         56.285E+03  
              579.405E-03         56.3487E+03 
              580.324E-03         56.4428E+03 
              581.243E-03         56.5368E+03 
              582.163E-03         56.6302E+03 
              583.084E-03         56.7227E+03 
              584.005E-03         56.8142E+03 
              585.389E-03         56.9478E+03 
              587.467E-03         57.1428E+03 
              590.591E-03         57.4271E+03 
              595.292E-03         57.8301E+03 
              595.734E-03         57.8748E+03 
              596.396E-03         57.9354E+03 
              597.391E-03         58.0196E+03 
              597.764E-03         58.0517E+03 
              598.324E-03         58.0983E+03 
              599.165E-03         58.1664E+03 
              599.48E-03          58.1926E+03 
              599.954E-03         58.231E+03  
              600.664E-03         58.2872E+03 
              601.73E-03          58.37E+03   
              603.331E-03         58.4934E+03 
              605.735E-03         58.6839E+03 
              609.351E-03         58.9959E+03 
              614.794E-03         59.5204E+03 
              616.842E-03         59.7348E+03 
              619.919E-03         60.0521E+03 
              620.207E-03         60.0853E+03 
              620.641E-03         60.1331E+03 
              621.291E-03         60.2022E+03 
              622.267E-03         60.3041E+03 
              623.244E-03         60.4066E+03 
              624.221E-03         60.5092E+03 
              625.2E-03           60.6117E+03 
              626.179E-03         60.7136E+03 
              626.424E-03         60.7398E+03 
              626.791E-03         60.7785E+03 
              627.342E-03         60.8354E+03 
              627.549E-03         60.8569E+03 
              627.859E-03         60.889E+03  
              628.325E-03         60.9363E+03 
              629.023E-03         61.0065E+03 
              630.072E-03         61.1102E+03 
              631.646E-03         61.2622E+03 
              632.237E-03         61.3208E+03 
              633.124E-03         61.4054E+03 
              634.011E-03         61.4886E+03 
              634.899E-03         61.5703E+03 
              635.232E-03         61.6014E+03 
              635.732E-03         61.6469E+03 
              636.482E-03         61.713E+03  
              637.608E-03         61.8072E+03 
              638.031E-03         61.8431E+03 
              638.665E-03         61.8939E+03 
              639.616E-03         61.9628E+03 
              640.568E-03         62.0232E+03 
              641.521E-03         62.0711E+03 
              642.475E-03         62.1022E+03 
              643.429E-03         62.1114E+03 
              644.384E-03         62.093E+03  
              645.339E-03         62.0416E+03 
              646.296E-03         61.9523E+03 
              647.252E-03         61.8218E+03 
              648.21E-03          61.6488E+03 
              649.168E-03         61.4347E+03 
              650.127E-03         61.1839E+03 
              651.086E-03         60.904E+03  
              652.047E-03         60.6049E+03 
              653.008E-03         60.298E+03  
              653.969E-03         59.9953E+03 
              654.33E-03          59.8838E+03 
              654.871E-03         59.7205E+03 
              655.683E-03         59.4916E+03 
              655.988E-03         59.409E+03  
              656.445E-03         59.2916E+03 
              657.132E-03         59.1322E+03 
              658.161E-03         58.9344E+03 
              659.192E-03         58.7764E+03 
              660.223E-03         58.6516E+03 
              661.255E-03         58.5509E+03 
              662.288E-03         58.4639E+03 
              663.322E-03         58.3798E+03 
              664.356E-03         58.2889E+03 
              665.391E-03         58.1827E+03 
              666.427E-03         58.0549E+03 
              667.464E-03         57.9017E+03 
              668.501E-03         57.7224E+03 
              669.539E-03         57.5193E+03 
              670.578E-03         57.2981E+03 
              671.618E-03         57.0674E+03 
              672.658E-03         56.8383E+03 
              673.049E-03         56.7541E+03 
              673.634E-03         56.631E+03  
              674.513E-03         56.4626E+03 
              675.833E-03         56.271E+03  
              676.328E-03         56.2103E+03 
              677.071E-03         56.1429E+03 
              678.186E-03         56.1008E+03 
              678.604E-03         56.0946E+03 
              679.232E-03         56.1034E+03 
              680.174E-03         56.1548E+03 
              681.117E-03         56.2393E+03 
              682.061E-03         56.349E+03  
              683.005E-03         56.4748E+03 
              683.95E-03          56.6079E+03 
              684.895E-03         56.7404E+03 
              685.841E-03         56.8653E+03 
              686.787E-03         56.9774E+03 
              687.142E-03         57.0181E+03 
              687.675E-03         57.0731E+03 
              688.475E-03         57.1411E+03 
              689.675E-03         57.2103E+03 
              690.876E-03         57.2487E+03 
              692.078E-03         57.2595E+03 
              693.281E-03         57.2477E+03 
              694.485E-03         57.2195E+03 
              694.786E-03         57.2125E+03 
              695.087E-03         57.2044E+03 
              695.539E-03         57.19E+03   
              696.217E-03         57.1653E+03 
              697.235E-03         57.125E+03  
              697.744E-03         57.1053E+03 
              698.254E-03         57.0852E+03 
              699.018E-03         57.0535E+03 
              700.165E-03         57.002E+03  
              701.313E-03         56.9441E+03 
              702.462E-03         56.8754E+03 
              703.612E-03         56.7922E+03 
              703.899E-03         56.7713E+03 
              704.331E-03         56.7369E+03 
              704.978E-03         56.679E+03  
              705.95E-03          56.579E+03  
              706.314E-03         56.5406E+03 
              706.861E-03         56.4787E+03 
              707.682E-03         56.3781E+03 
              707.99E-03          56.34E+03   
              708.452E-03         56.2808E+03 
              709.145E-03         56.1886E+03 
              710.185E-03         56.0482E+03 
              711.226E-03         55.9105E+03 
              712.268E-03         55.778E+03  
              713.311E-03         55.6517E+03 
              713.571E-03         55.6213E+03 
              713.832E-03         55.5911E+03 
              714.223E-03         55.5461E+03 
              714.81E-03          55.4798E+03 
              715.691E-03         55.3819E+03 
              716.022E-03         55.346E+03  
              716.518E-03         55.2916E+03 
              717.262E-03         55.207E+03  
              717.541E-03         55.1753E+03 
              717.96E-03          55.1261E+03 
              718.588E-03         55.0474E+03 
              719.531E-03         54.9156E+03 
              720.947E-03         54.6843E+03 
              721.478E-03         54.5944E+03 
              722.275E-03         54.4491E+03 
              723.471E-03         54.2193E+03 
              723.92E-03          54.1334E+03 
              724.594E-03         54.0041E+03 
              725.605E-03         53.8203E+03 
              725.984E-03         53.7543E+03 
              726.553E-03         53.6611E+03 
              727.407E-03         53.5401E+03 
              727.727E-03         53.4984E+03 
              728.208E-03         53.4429E+03 
              728.929E-03         53.3779E+03 
              730.011E-03         53.3227E+03 
              731.094E-03         53.3069E+03 
              732.178E-03         53.3217E+03 
              733.263E-03         53.3563E+03 
              734.348E-03         53.3987E+03 
              735.434E-03         53.4376E+03 
              736.521E-03         53.4639E+03 
              737.608E-03         53.471E+03  
              738.697E-03         53.4553E+03 
              739.785E-03         53.4162E+03 
              740.875E-03         53.3557E+03 
              741.284E-03         53.3309E+03 
              741.897E-03         53.2868E+03 
              742.818E-03         53.2092E+03 
              743.739E-03         53.1238E+03 
              744.66E-03          53.0331E+03 
              745.006E-03         52.9991E+03 
              745.525E-03         52.9464E+03 
              746.303E-03         52.8652E+03 
              747.471E-03         52.7413E+03 
              748.64E-03          52.6161E+03 
              749.81E-03          52.487E+03  
              750.981E-03         52.3503E+03 
              752.152E-03         52.2022E+03 
              752.592E-03         52.1457E+03 
              753.251E-03         52.0552E+03 
              754.241E-03         51.9061E+03 
              755.231E-03         51.7441E+03 
              756.222E-03         51.5694E+03 
              756.965E-03         51.4322E+03 
              758.081E-03         51.2146E+03 
              759.198E-03         50.9922E+03 
              760.315E-03         50.7709E+03 
              761.433E-03         50.5566E+03 
              762.552E-03         50.3541E+03 
              762.972E-03         50.2808E+03 
              763.602E-03         50.1749E+03 
              764.547E-03         50.027E+03  
              765.492E-03         49.8913E+03 
              766.439E-03         49.7671E+03 
              766.794E-03         49.7227E+03 
              767.326E-03         49.6587E+03 
              768.125E-03         49.5678E+03 
              769.325E-03         49.4398E+03 
              770.525E-03         49.3162E+03 
              771.726E-03         49.1916E+03 
              772.928E-03         49.0609E+03 
              774.131E-03         48.92E+03   
              775.334E-03         48.7651E+03 
              776.539E-03         48.5937E+03 
              777.744E-03         48.4045E+03 
              778.196E-03         48.3318E+03 
              778.874E-03         48.2162E+03 
              779.892E-03         48.0304E+03 
              780.274E-03         47.96E+03   
              780.848E-03         47.8509E+03 
              781.708E-03         47.6826E+03 
              782.998E-03         47.4329E+03 
              783.967E-03         47.2541E+03 
              784.936E-03         47.0884E+03 
              785.906E-03         46.9414E+03 
              787.362E-03         46.7763E+03 
              787.726E-03         46.74E+03   
              788.09E-03          46.7072E+03 
              788.636E-03         46.6666E+03 
              789.456E-03         46.6263E+03 
              789.763E-03         46.6147E+03 
              790.225E-03         46.6039E+03 
              790.917E-03         46.6023E+03 
              791.956E-03         46.6307E+03 
              792.996E-03         46.6861E+03 
              794.036E-03         46.7627E+03 
              795.077E-03         46.854E+03  
              795.858E-03         46.9287E+03 
              797.03E-03          47.0456E+03 
              798.203E-03         47.1642E+03 
              798.496E-03         47.1947E+03 
              798.79E-03          47.225E+03  
              799.23E-03          47.2696E+03 
              799.89E-03          47.3351E+03 
              800.881E-03         47.4312E+03 
              801.253E-03         47.4677E+03 
              801.811E-03         47.5214E+03 
              802.648E-03         47.5999E+03 
              803.904E-03         47.7117E+03 
              805.162E-03         47.8135E+03 
              806.42E-03          47.8968E+03 
              807.678E-03         47.9518E+03 
              808.938E-03         47.9675E+03 
              809.253E-03         47.9697E+03 
              809.568E-03         47.9689E+03 
              810.041E-03         47.9601E+03 
              810.75E-03          47.9288E+03 
              811.815E-03         47.8358E+03 
              812.214E-03         47.795E+03  
              812.814E-03         47.717E+03  
              813.713E-03         47.5597E+03 
              814.05E-03          47.4955E+03 
              814.556E-03         47.3855E+03 
              815.316E-03         47.1883E+03 
              816.455E-03         46.82E+03   
              817.595E-03         46.3834E+03 
              818.737E-03         45.8868E+03 
              819.878E-03         45.3451E+03 
              820.306E-03         45.1372E+03 
              820.949E-03         44.8159E+03 
              821.913E-03         44.3276E+03 
              822.275E-03         44.1451E+03 
              822.818E-03         43.8737E+03 
              823.632E-03         43.4817E+03 
              824.855E-03         42.9562E+03 
              826.078E-03         42.5144E+03 
              827.302E-03         42.1664E+03 
              828.526E-03         41.9119E+03 
              829.752E-03         41.7412E+03 
              830.978E-03         41.6366E+03 
              831.285E-03         41.615E+03  
              831.591E-03         41.5968E+03 
              832.051E-03         41.5755E+03 
              832.742E-03         41.5535E+03 
              833.778E-03         41.5283E+03 
              834.815E-03         41.4977E+03 
              835.852E-03         41.4496E+03 
              837.409E-03         41.3181E+03 
              837.798E-03         41.2826E+03 
              838.188E-03         41.2428E+03 
              838.772E-03         41.1733E+03 
              839.649E-03         41.0502E+03 
              840.526E-03         40.913E+03  
              841.404E-03         40.7665E+03 
              842.282E-03         40.6154E+03 
              843.6E-03           40.3922E+03 
              843.929E-03         40.3377E+03 
              844.259E-03         40.2838E+03 
              844.753E-03         40.2043E+03 
              845.496E-03         40.0898E+03 
              846.609E-03         39.9303E+03 
              847.027E-03         39.873E+03  
              847.654E-03         39.7897E+03 
              848.594E-03         39.6684E+03 
              848.947E-03         39.6239E+03 
              849.477E-03         39.557E+03  
              850.271E-03         39.4541E+03 
              851.463E-03         39.2887E+03 
              851.91E-03          39.2257E+03 
              852.581E-03         39.1258E+03 
              853.588E-03         38.9627E+03 
              855.1E-03           38.6909E+03 
              855.478E-03         38.6225E+03 
              855.856E-03         38.5522E+03 
              856.423E-03         38.4425E+03 
              857.274E-03         38.27E+03   
              858.126E-03         38.091E+03  
              858.977E-03         37.9058E+03 
              859.83E-03          37.7142E+03 
              860.682E-03         37.5159E+03 
              861.962E-03         37.1994E+03 
              862.282E-03         37.1199E+03 
              862.602E-03         37.0391E+03 
              863.082E-03         36.9142E+03 
              863.803E-03         36.7188E+03 
              864.884E-03         36.4067E+03 
              865.966E-03         36.0759E+03 
              867.048E-03         35.727E+03  




