
                  X          uf-80-45-lin-S95

                0.                -0.         
               39.94E-09         112.026E-03  
              319.041E-09        534.836E-03  
                1.70601E-06        1.30133    
                7.53894E-06        2.89055    
               29.9775E-06         5.98404    
              111.812E-06         11.731      
              399.954E-06         23.0505     
                1.38837E-03       49.6602     
                4.70264E-03      123.489      
               15.5512E-03       344.939      
               49.9952E-03         1.02076E+03
              154.626E-03          3.03878E+03
              450.699E-03          8.70822E+03
              605.155E-03         11.7461E+03 
              668.784E-03         12.9347E+03 
              735.367E-03         14.051E+03  
              804.78E-03          15.1809E+03 
              822.561E-03         15.5178E+03 
              840.508E-03         15.7803E+03 
              841.635E-03         15.8088E+03 
              842.763E-03         15.8307E+03 
              844.455E-03         15.8563E+03 
              846.997E-03         15.8914E+03 
              847.952E-03         15.9057E+03 
              849.384E-03         15.9258E+03 
              851.534E-03         15.955E+03  
              852.34E-03          15.9668E+03 
              853.551E-03         15.9836E+03 
              855.369E-03         16.008E+03  
              858.098E-03         16.044E+03  
              859.123E-03         16.0588E+03 
              860.66E-03          16.0796E+03 
              862.969E-03         16.1098E+03 
              863.836E-03         16.122E+03  
              865.136E-03         16.1395E+03 
              867.088E-03         16.1646E+03 
              870.019E-03         16.2018E+03 
              871.12E-03          16.2172E+03 
              872.771E-03         16.2388E+03 
              875.251E-03         16.2699E+03 
              876.182E-03         16.2826E+03 
              877.579E-03         16.3006E+03 
              879.676E-03         16.3265E+03 
              882.825E-03         16.3648E+03 
              884.008E-03         16.3807E+03 
              885.782E-03         16.4028E+03 
              888.447E-03         16.4348E+03 
              889.447E-03         16.4479E+03 
              890.948E-03         16.4664E+03 
              893.201E-03         16.4932E+03 
              894.047E-03         16.5041E+03 
              895.316E-03         16.5196E+03 
              897.221E-03         16.542E+03  
              900.082E-03         16.5751E+03 
              901.155E-03         16.5889E+03 
              902.767E-03         16.6081E+03 
              905.186E-03         16.6356E+03 
              906.094E-03         16.6469E+03 
              907.457E-03         16.6627E+03 
              909.503E-03         16.6853E+03 
              910.27E-03          16.6944E+03 
              911.422E-03         16.7074E+03 
              913.151E-03         16.7258E+03 
              913.8E-03           16.7332E+03 
              914.773E-03         16.7437E+03 
              916.234E-03         16.7587E+03 
              918.427E-03         16.7802E+03 
              919.25E-03          16.7891E+03 
              920.485E-03         16.8014E+03 
              922.339E-03         16.8187E+03 
              923.034E-03         16.8258E+03 
              924.078E-03         16.8357E+03 
              925.645E-03         16.8496E+03 
              927.996E-03         16.8693E+03 
              928.879E-03         16.8776E+03 
              930.203E-03         16.8889E+03 
              932.191E-03         16.9046E+03 
              932.937E-03         16.9111E+03 
              934.057E-03         16.92E+03   
              935.737E-03         16.9324E+03 
              936.367E-03         16.9375E+03 
              937.313E-03         16.9445E+03 
              938.732E-03         16.9542E+03 
              940.863E-03         16.9676E+03 
              941.663E-03         16.9732E+03 
              942.862E-03         16.9808E+03 
              944.663E-03         16.9905E+03 
              945.339E-03         16.9947E+03 
              946.353E-03         17.0001E+03 
              947.874E-03         17.0069E+03 
              948.445E-03         17.0097E+03 
              949.302E-03         17.0135E+03 
              950.587E-03         17.018E+03  
              952.517E-03         17.023E+03  
              953.241E-03         17.0254E+03 
              954.327E-03         17.0279E+03 
              955.957E-03         17.0299E+03 
              956.569E-03         17.0309E+03 
              957.487E-03         17.0316E+03 
              958.864E-03         17.0313E+03 
              960.931E-03         17.0282E+03 
              963.001E-03         17.0228E+03 
              965.072E-03         17.0147E+03 
              967.144E-03         17.0032E+03 
              969.219E-03         16.9879E+03 
              969.997E-03         16.9822E+03 
              971.165E-03         16.9717E+03 
              972.918E-03         16.9519E+03 
              973.576E-03         16.9445E+03 
              974.563E-03         16.9318E+03 
              976.044E-03         16.9094E+03 
              978.267E-03         16.8683E+03 
              980.492E-03         16.8197E+03 
              982.72E-03          16.7623E+03 
              984.949E-03         16.6953E+03 
              987.18E-03          16.6182E+03 
              989.413E-03         16.5306E+03 
              991.648E-03         16.4327E+03 
              993.885E-03         16.3248E+03 
              994.445E-03         16.2978E+03 
              995.004E-03         16.2701E+03 
              995.844E-03         16.2267E+03 
              996.159E-03         16.2103E+03 
              996.632E-03         16.1852E+03 
              997.34E-03          16.1464E+03 
              998.404E-03         16.0861E+03 
              998.803E-03         16.0635E+03 
              999.402E-03         16.0288E+03 
                1.0003            15.9754E+03 
                1.0012            15.9209E+03 
                1.0021            15.8654E+03 
                1.003             15.8089E+03 
                1.0039            15.7514E+03 
                1.0048            15.6932E+03 
                1.0057            15.6341E+03 
                1.00603           15.612E+03  
                1.00654           15.5785E+03 
                1.0073            15.5275E+03 
                1.00844           15.4498E+03 
                1.00887           15.4208E+03 
                1.00951           15.3768E+03 
                1.01047           15.3098E+03 
                1.01144           15.2422E+03 
                1.0124            15.1739E+03 
                1.01336           15.1049E+03 
                1.01433           15.0351E+03 
                1.01469           15.009E+03  
                1.01523           14.9694E+03 
                1.01605           14.9093E+03 
                1.01727           14.8173E+03 
                1.01849           14.7237E+03 
                1.01971           14.6282E+03 
                1.02094           14.5307E+03 
                1.02216           14.4309E+03 
                1.02339           14.3285E+03 
                1.02461           14.2232E+03 
                1.02645           14.0576E+03 
                1.02829           13.8841E+03 
                1.03013           13.701E+03  
                1.03197           13.5066E+03 
                1.03382           13.2983E+03 
                1.0352            13.1332E+03 
                1.03658           12.9574E+03 
                1.03797           12.7688E+03 
                1.03936           12.5653E+03 
                1.04074           12.3443E+03 
                1.04178           12.1676E+03 
                1.04282           11.9787E+03 
                1.04386           11.776E+03  
                1.0449            11.5582E+03 
                1.04595           11.324E+03  
                1.04699           11.072E+03  
                1.04803           10.8007E+03 
                1.04907           10.5089E+03 
                1.05012           10.1953E+03 
                1.05116            9.85893E+03
                1.0522             9.49887E+03
                1.05325            9.11444E+03
                1.05429            8.7052E+03 
                1.05534            8.27096E+03
                1.05573            8.10476E+03
                1.05632            7.84746E+03
                1.0572             7.44371E+03
                1.05853            6.79998E+03
                1.05985            6.12104E+03
                1.06118            5.41023E+03
                1.0625             4.67176E+03
                1.06383            3.91068E+03
                1.06516            3.13276E+03
                1.06648            2.34432E+03
                1.06781            1.55213E+03
                1.06914          763.156      
                1.07047          -15.5795     
                1.0718          -777.22       
                1.07313           -1.51525E+03
                1.07446           -2.22367E+03
                1.0758            -2.89713E+03
                1.0763            -3.14425E+03
                1.07705           -3.50265E+03
                1.07817           -4.01009E+03
                1.0793            -4.48511E+03
                1.08042           -4.9262E+03 
                1.08155           -5.33234E+03
                1.08267           -5.70295E+03
                1.0831            -5.83673E+03
                1.08373           -6.0262E+03 
                1.08468           -6.28519E+03
                1.08504           -6.37862E+03
                1.08557           -6.51084E+03
                1.08638           -6.69154E+03
                1.08758           -6.92373E+03
                1.08803           -7.00516E+03
                1.08871           -7.11541E+03
                1.08973           -7.25489E+03
                1.09011           -7.30343E+03
                1.09068           -7.36832E+03
                1.09154           -7.44846E+03
                1.09283           -7.53173E+03
                1.09412           -7.57966E+03
                1.09541           -7.59416E+03
                1.09638           -7.58684E+03
                1.09735           -7.5622E+03 
                1.09771           -7.55043E+03
                1.09826           -7.52756E+03
                1.09907           -7.48183E+03
                1.1003            -7.38813E+03
                1.10153           -7.26961E+03
                1.10275           -7.12675E+03
                1.10398           -6.95983E+03
                1.10521           -6.76893E+03
                1.10644           -6.55398E+03
                1.10767           -6.31482E+03
                1.1089            -6.05127E+03
                1.10936           -5.94879E+03
                1.11005           -5.78745E+03
                1.11109           -5.52814E+03
                1.11148           -5.42827E+03
                1.11206           -5.27299E+03
                1.11294           -5.02771E+03
                1.11426           -4.63206E+03
                1.11557           -4.20896E+03
                1.11689           -3.75947E+03
                1.11821           -3.28501E+03
                1.11952           -2.78735E+03
                1.12084           -2.2686E+03 
                1.12216           -1.73122E+03
                1.12348           -1.17796E+03
                1.1248          -611.825      
                1.12612          -36.0425     
                1.12744          546.028      
                1.12876            1.13094E+03
                1.12976            1.5699E+03 
                1.13124            2.22337E+03
                1.13273            2.86763E+03
                1.13422            3.49822E+03
                1.13571            4.11106E+03
                1.13795            4.97877E+03
                1.13963            5.59746E+03
                1.14131            6.1805E+03 
                1.14299            6.72585E+03
                1.14467            7.23231E+03
                1.1453             7.41704E+03
                1.14624            7.68132E+03
                1.14695            7.87249E+03
                1.14802            8.14316E+03
                1.14908            8.39815E+03
                1.15015            8.63773E+03
                1.15055            8.72556E+03
                1.15115            8.8524E+03 
                1.15205            9.03187E+03
                1.1534             9.27786E+03
                1.15475            9.50198E+03
                1.1561             9.70522E+03
                1.15745            9.88871E+03
                1.1588            10.0537E+03 
                1.16015           10.2014E+03 
                1.1615            10.3332E+03 
                1.16201           10.3807E+03 
                1.16277           10.4472E+03 
                1.16392           10.5372E+03 
                1.16563           10.6536E+03 
                1.16627           10.6953E+03 
                1.16724           10.7526E+03 
                1.16869           10.8292E+03 
                1.16923           10.857E+03  
                1.17004           10.8961E+03 
                1.17127           10.9502E+03 
                1.17172           10.9701E+03 
                1.17241           10.9988E+03 
                1.17344           11.0398E+03 
                1.17499           11.0985E+03 
                1.17654           11.1562E+03 
                1.17809           11.2138E+03 
                1.17964           11.2719E+03 
                1.1812            11.3309E+03 
                1.18275           11.3909E+03 
                1.1843            11.4516E+03 
                1.18585           11.5125E+03 
                1.18741           11.5727E+03 
                1.18896           11.6312E+03 
                1.19052           11.6867E+03 
                1.19207           11.7378E+03 
                1.19363           11.7829E+03 
                1.19519           11.8204E+03 
                1.19675           11.8485E+03 
                1.19733           11.8579E+03 
                1.19821           11.8684E+03 
                1.19952           11.8749E+03 
                1.20002           11.8763E+03 
                1.20076           11.8751E+03 
                1.20187           11.8657E+03 
                1.20354           11.833E+03  
                1.2052            11.7805E+03 
                1.20687           11.7068E+03 
                1.20854           11.6107E+03 
                1.21021           11.4913E+03 
                1.21188           11.3479E+03 
                1.21355           11.18E+03   
                1.21523           10.9874E+03 
                1.2169            10.7699E+03 
                1.21941           10.3887E+03 
                1.22192            9.95518E+03
                1.22444            9.47245E+03
                1.22695            8.94473E+03
                1.22947            8.37737E+03
                1.23199            7.77669E+03
                1.23451            7.14988E+03
                1.23703            6.50477E+03
                1.23956            5.84974E+03
                1.24208            5.19345E+03
                1.24461            4.54465E+03
                1.24714            3.91199E+03
                1.24967            3.30384E+03
                1.2522             2.72809E+03
                1.25474            2.19198E+03
                1.25727            1.70197E+03
                1.25981            1.26361E+03
                1.26235          881.45       
                1.26489          558.952      
                1.26743          298.493      
                1.26997          101.368      
                1.27061           56.5442     
                1.27124           15.5927     
                1.2722           -37.222      
                1.27363          -96.679      
                1.27578         -141.258      
                1.279           -111.349      
                1.28223           10.1969     
                1.28304           46.9122     
                1.28385           88.8967     
                1.28506          163.294      
                1.28688          299.878      
                1.28756          354.41       
                1.28858          443.324      
                1.29012          591.138      
                1.29242          846.17       
                1.29473            1.13237E+03
                1.2953             1.20602E+03
                1.29617            1.31995E+03
                1.29649            1.36323E+03
                1.29698            1.42922E+03
                1.29771            1.53047E+03
                1.2988             1.68721E+03
                1.29921            1.7467E+03 
                1.29983            1.83734E+03
                1.30075            1.97645E+03
                1.30214            2.19203E+03
                1.30266            2.27379E+03
                1.30344            2.39828E+03
                1.30461            2.5893E+03 
                1.30505            2.66166E+03
                1.30571            2.77138E+03
                1.3067             2.9383E+03 
                1.30707            3.00134E+03
                1.30763            3.09672E+03
                1.30846            3.24165E+03
                1.30971            3.4631E+03 
                1.31018            3.54687E+03
                1.31089            3.67369E+03
                1.31194            3.86653E+03
                1.31234            3.93933E+03
                1.31293            4.04936E+03
                1.31383            4.21614E+03
                1.31516            4.47005E+03
                1.3165             4.72743E+03
                1.31784            4.9877E+03 
                1.31818            5.05307E+03
                1.31851            5.1186E+03 
                1.31902            5.21715E+03
                1.31977            5.36548E+03
                1.3209             5.58902E+03
                1.32132            5.67312E+03
                1.32196            5.79954E+03
                1.32291            5.98965E+03
                1.32435            6.27578E+03
                1.32488            6.38341E+03
                1.32569            6.54503E+03
                1.3269             6.78773E+03
                1.32735            6.87893E+03
                1.32803            7.01576E+03
                1.32905            7.22099E+03
                1.33059            7.52868E+03
                1.33116            7.64422E+03
                1.33202            7.81731E+03
                1.33331            8.07654E+03
                1.3338             8.17389E+03
                1.33453            8.31982E+03
                1.33562            8.53848E+03
                1.33726            8.8659E+03 
                1.33787            8.98886E+03
                1.33879            9.17297E+03
                1.34017            9.44827E+03
                1.34225            9.8591E+03 
                1.34303           10.0133E+03 
                1.3442            10.2435E+03 
                1.34595           10.5863E+03 
                1.34858           11.0938E+03 
                1.34923           11.2207E+03 
                1.34989           11.347E+03  
                1.35088           11.5351E+03 
                1.35236           11.8138E+03 
                1.35458           12.2232E+03 
                1.35541           12.3758E+03 
                1.35666           12.6012E+03 
                1.35854           12.9303E+03 
                1.35924           13.0528E+03 
                1.3603            13.233E+03  
                1.36188           13.4948E+03 
                1.36248           13.5919E+03 
                1.36337           13.7346E+03 
                1.36471           13.9411E+03 
                1.36671           14.2322E+03 
                1.36872           14.5029E+03 
                1.36972           14.6331E+03 
                1.37073           14.7576E+03 
                1.37223           14.9299E+03 
                1.3728            14.9927E+03 
                1.37365           15.082E+03  
                1.37492           15.2039E+03 
                1.37683           15.3583E+03 
                1.37874           15.4831E+03 
                1.38065           15.5769E+03 
                1.38256           15.6389E+03 
                1.38447           15.668E+03  
                1.38638           15.664E+03  
                1.38829           15.6265E+03 
                1.39021           15.5555E+03 
                1.39069           15.5359E+03 
                1.39116           15.5142E+03 
                1.39188           15.4768E+03 
                1.39296           15.4099E+03 
                1.39457           15.2857E+03 
                1.39518           15.236E+03  
                1.39609           15.1542E+03 
                1.39745           15.0149E+03 
                1.39797           14.9605E+03 
                1.39873           14.8739E+03 
                1.39988           14.7325E+03 
                1.40032           14.6781E+03 
                1.40096           14.5929E+03 
                1.40194           14.4573E+03 
                1.4034            14.2372E+03 
                1.40485           14.0014E+03 
                1.40631           13.7504E+03 
                1.40777           13.485E+03  
                1.40923           13.2059E+03 
                1.41069           12.9141E+03 
                1.41124           12.8031E+03 
                1.41206           12.6327E+03 
                1.4133            12.3689E+03 
                1.41514           11.9571E+03 
                1.41561           11.8533E+03 
                1.41607           11.7487E+03 
                1.41676           11.5896E+03 
                1.4178            11.3466E+03 
                1.41937           10.9737E+03 
                1.41995           10.833E+03  
                1.42083           10.6196E+03 
                1.42215           10.2949E+03 
                1.42264           10.1728E+03 
                1.42339            9.98827E+03
                1.4245             9.7092E+03 
                1.42492            9.60435E+03
                1.42554            9.44647E+03
                1.42648            9.2085E+03 
                1.42789            8.84989E+03
                1.42842            8.71539E+03
                1.42921            8.51332E+03
                1.4304             8.20993E+03
                1.43085            8.09626E+03
                1.43152            7.92579E+03
                1.43252            7.67038E+03
                1.43403            7.28888E+03
                1.43554            6.90994E+03
                1.43705            6.53417E+03
                1.43855            6.16215E+03
                1.44006            5.79442E+03
                1.44157            5.4315E+03 
                1.44308            5.07387E+03
                1.44459            4.72197E+03
                1.4461             4.37618E+03
                1.44761            4.03687E+03
                1.44912            3.70435E+03
                1.45063            3.3789E+03 
                1.45214            3.06075E+03
                1.45365            2.75011E+03
                1.45517            2.44711E+03
                1.45668            2.1519E+03 
                1.45819            1.86457E+03
                1.45971            1.5852E+03 
                1.46122            1.31387E+03
                1.46273            1.05066E+03
                1.4633           953.244      
                1.46415          809.597      
                1.46543          599.839      
                1.46591          522.121      
                1.46663          407.368      
                1.46771          239.425      
                1.46933           -2.65835    
                1.46994          -91.8452     
                1.47085         -222.484      
                1.47221         -411.148      
                1.47273         -480.716      
                1.47349         -582.737      
                1.47465         -730.313      
                1.47508         -784.775      
                1.47573         -864.716      
                1.4767          -980.581      
                1.47707           -1.02338E+03
                1.47762           -1.08628E+03
                1.47844           -1.17765E+03
                1.47967           -1.30776E+03
                1.48013           -1.35545E+03
                1.48083           -1.42476E+03
                1.48187           -1.52361E+03
                1.48226           -1.55987E+03
                1.48284           -1.61262E+03
                1.48372           -1.68801E+03
                1.48504           -1.79242E+03
                1.48553           -1.83022E+03
                1.48627           -1.88415E+03
                1.48738           -1.95874E+03
                1.4878            -1.98572E+03
                1.48843           -2.02419E+03
                1.48937           -2.07734E+03
                1.48972           -2.09656E+03
                1.49025           -2.12393E+03
                1.49104           -2.16171E+03
                1.49223           -2.21086E+03
                1.49267           -2.22813E+03
                1.49334           -2.25166E+03
                1.49434           -2.28158E+03
                1.49472           -2.29198E+03
                1.49528           -2.30587E+03
                1.49613           -2.32289E+03
                1.4974            -2.33973E+03
                1.49788           -2.3447E+03 
                1.49859           -2.34942E+03
                1.49966           -2.35032E+03
                1.50007           -2.3497E+03 
                1.50067           -2.34683E+03
                1.50157           -2.3381E+03 
                1.50191           -2.33414E+03
                1.50242           -2.32681E+03
                1.50319           -2.31265E+03
                1.50347           -2.30685E+03
                1.5039            -2.29715E+03
                1.50455           -2.28032E+03
                1.50551           -2.2499E+03 
                1.50588           -2.23769E+03
                1.50642           -2.21772E+03
                1.50724           -2.18402E+03
                1.50846           -2.12481E+03
                1.50892           -2.10127E+03
                1.50961           -2.06319E+03
                1.51064           -1.99973E+03
                1.51103           -1.97495E+03
                1.51161           -1.93575E+03
                1.51248           -1.87226E+03
                1.51379           -1.76608E+03
                1.51428           -1.72458E+03
                1.51502           -1.65879E+03
                1.51612           -1.55189E+03
                1.51778           -1.37228E+03
                1.5184            -1.30199E+03
                1.51933           -1.19035E+03
                1.52073           -1.00864E+03
                1.52125         -938.348      
                1.52204         -828.37       
                1.52322         -653.171      
                1.52366         -585.935      
                1.52433         -481.864      
                1.52532         -318.593      
                1.52682          -57.8793     
                1.52738           42.2402     
                1.52822          197.229      
                1.52948          440.133      
                1.53137          826.458      
                1.53208          974.559      
                1.53315            1.20302E+03
                1.53355            1.28964E+03
                1.53415            1.42145E+03
                1.53505            1.62317E+03
                1.53538            1.69942E+03
                1.53589            1.81501E+03
                1.53665            1.99097E+03
                1.53779            2.26023E+03
                1.53821            2.36202E+03
                1.53885            2.51623E+03
                1.53981            2.75064E+03
                1.54125            3.10815E+03
                1.54179            3.24312E+03
                1.5426             3.44705E+03
                1.54382            3.75554E+03
                1.54565            4.22149E+03
                1.54633            4.39672E+03
                1.54736            4.65961E+03
                1.5489             5.05197E+03
                1.54948            5.19835E+03
                1.55034            5.4152E+03 
                1.55164            5.72884E+03
                1.55359            6.17448E+03
                1.55432            6.33873E+03
                1.55542            6.57782E+03
                1.55583            6.6665E+03 
                1.55645            6.79709E+03
                1.55738            6.98733E+03
                1.55877            7.25954E+03
                1.55929            7.35984E+03
                1.56007            7.50588E+03
                1.56124            7.71405E+03
                1.563              7.99981E+03
                1.56366            8.10329E+03
                1.56465            8.24938E+03
                1.56614            8.44659E+03
                1.56837            8.69321E+03
                1.5692             8.77906E+03
                1.57046            8.89301E+03
                1.57234            9.03427E+03
                1.57304            9.08342E+03
                1.5741             9.14876E+03
                1.57569            9.23061E+03
                1.57629            9.25931E+03
                1.57718            9.29806E+03
                1.57852            9.34832E+03
                1.58053            9.41185E+03
                1.58129            9.43449E+03
                1.58242            9.46611E+03
                1.58412            9.5108E+03 
                1.58475            9.52743E+03
                1.58571            9.55194E+03
                1.58714            9.58809E+03
                1.58929            9.63961E+03
                1.5901             9.65863E+03
                1.59131            9.68531E+03
                1.59312            9.71961E+03
                1.5938             9.73175E+03
                1.59483            9.74773E+03
                1.59636            9.76662E+03
                1.59866            9.7847E+03 
                1.59923            9.7888E+03 
                1.59981            9.79231E+03
                1.60067            9.79615E+03
                1.60196            9.79903E+03
                1.60245            9.79981E+03
                1.60317            9.80012E+03
                1.60427            9.79864E+03
                1.6059             9.79193E+03
                1.60652            9.7889E+03 
                1.60744            9.78275E+03
                1.60882            9.76952E+03
                1.60934            9.76407E+03
                1.61012            9.75449E+03
                1.61129            9.73665E+03
                1.61304            9.7014E+03 
                1.61369            9.68709E+03
                1.61468            9.66268E+03
                1.61616            9.6191E+03 
                1.61837            9.53765E+03
                1.61893            9.51645E+03
                1.61948            9.49424E+03
                1.62031            9.4585E+03 
                1.62156            9.39941E+03
                1.62203            9.37657E+03
                1.62273            9.34054E+03
                1.62378            9.28245E+03
                1.62536            9.18579E+03
                1.62595            9.1483E+03 
                1.62684            9.08884E+03
                1.62818            8.99194E+03
                1.62868            8.95459E+03
                1.62943            8.89599E+03
                1.63055            8.80195E+03
                1.63224            8.64671E+03
                1.63287            8.58667E+03
                1.63382            8.49327E+03
                1.63525            8.34922E+03
                1.63738            8.1197E+03 
                1.63792            8.06153E+03
                1.63845            8.00228E+03
                1.63925            7.91051E+03
                1.64046            7.76602E+03
                1.64226            7.53481E+03
                1.64294            7.44629E+03
                1.64395            7.30917E+03
                1.64548            7.09403E+03
                1.64605            7.01214E+03
                1.6469             6.88638E+03
                1.64819            6.69157E+03
                1.64867            6.61775E+03
                1.64939            6.50526E+03
                1.65048            6.33304E+03
                1.65211            6.0686E+03 
                1.65272            5.96875E+03
                1.65363            5.81739E+03
                1.65501            5.58746E+03
                1.65552            5.50095E+03
                1.65629            5.37047E+03
                1.65745            5.17344E+03
                1.65919            4.8764E+03 
                1.65985            4.76502E+03
                1.66082            4.5979E+03 
                1.66229            4.34827E+03
                1.66284            4.25497E+03
                1.66367            4.11571E+03
                1.66491            3.90917E+03
                1.66677            3.60702E+03
                1.66746            3.49504E+03
                1.66851            3.32995E+03
                1.67008            3.08926E+03
                1.67243            2.74374E+03
                1.67478            2.41308E+03
                1.67714            2.09675E+03
                1.67773            2.01871E+03
                1.67832            1.94155E+03
                1.6792             1.8277E+03 
                1.68052            1.6615E+03 
                1.68251            1.42414E+03
                1.68326            1.33707E+03
                1.68438            1.2107E+03 
                1.68605            1.03205E+03
                1.68857          793.266      
                1.6892           735.656      
                1.68983          680.004      
                1.69077          601.057      
                1.69219          493.5        
                1.69432          358.397      
                1.69511          311.676      
                1.69631          250.147      
                1.6981           177.477      
                1.69877          153.131      
                1.69978          122.841      
                1.7013            91.4224     
                1.70186           81.701      
                1.70272           71.5268     
                1.70399           66.0387     
                1.70591           79.2887     
                1.70663           87.3871     
                1.70771          106.035      
                1.70932          147.98       
                1.70993          165.744      
                1.71084          196.595      
                1.71221          251.704      
                1.71425          352.332      
                1.71477          378.7        
                1.71528          406.138      
                1.71605          449.525      
                1.7172           519.18       
                1.71893          632.732      
                1.71936          661.75       
                1.71979          691.31       
                1.72044          736.745      
                1.72141          807.086      
                1.72287          916.805      
                1.72506            1.08837E+03
                1.7267             1.22005E+03
                1.72835            1.35352E+03
                1.72896            1.40385E+03
                1.72989            1.47952E+03
                1.73127            1.59286E+03
                1.73179            1.63538E+03
                1.73257            1.69895E+03
                1.73374            1.79344E+03
                1.73418            1.82879E+03
                1.73484            1.88145E+03
                1.73582            1.95944E+03
                1.7373             2.07354E+03
                1.73786            2.11597E+03
                1.73869            2.17855E+03
                1.73994            2.26968E+03
                1.74182            2.39952E+03
                1.74252            2.44733E+03
                1.74357            2.51666E+03
                1.74516            2.61502E+03
                1.74575            2.65118E+03
                1.74664            2.70358E+03
                1.74798            2.77802E+03
                1.74998            2.88067E+03
                1.75073            2.91804E+03
                1.75186            2.97132E+03
                1.75355            3.0455E+03 
                1.75608            3.14605E+03
                1.75862            3.23856E+03
                1.75925            3.26135E+03
                1.75989            3.2837E+03 
                1.76084            3.3163E+03 
                1.76227            3.36378E+03
                1.76441            3.43382E+03
                1.76655            3.50464E+03
                1.76869            3.57789E+03
                1.77083            3.6551E+03 
                1.77298            3.73761E+03
                1.77512            3.82649E+03
                1.77592            3.86086E+03
                1.77713            3.91458E+03
                1.77894            4.00046E+03
                1.78165            4.14157E+03
                1.78436            4.29445E+03
                1.78708            4.4576E+03 
                1.78979            4.62893E+03
                1.7925             4.80591E+03
                1.79454            4.94072E+03
                1.79658            5.07618E+03
                1.79861            5.211E+03  
                1.79938            5.26148E+03
                1.80052            5.33652E+03
                1.80224            5.44675E+03
                1.80482            5.6043E+03 
                1.8074             5.75145E+03
                1.80998            5.88544E+03
                1.81256            6.00368E+03
                1.81514            6.10374E+03
                1.81772            6.18332E+03
                1.8203             6.24029E+03
                1.82288            6.2727E+03 
                1.82546            6.27882E+03
                1.82805            6.25714E+03
                1.82901            6.24516E+03
                1.83047            6.21784E+03
                1.83265            6.15547E+03
                1.83592            6.01293E+03
                1.83918            5.82154E+03
                1.84082            5.7138E+03 
                1.84245            5.59393E+03
                1.84491            5.38774E+03
                1.84552            5.33464E+03
                1.84613            5.27993E+03
                1.84705            5.19426E+03
                1.84843            5.05788E+03
                1.8505             4.83679E+03
                1.85128            4.7517E+03 
                1.85244            4.6192E+03 
                1.85419            4.41022E+03
                1.85485            4.33052E+03
                1.85583            4.20802E+03
                1.8573             4.01818E+03
                1.85951            3.72199E+03
                1.86034            3.60953E+03
                1.86159            3.4379E+03 
                1.86345            3.17524E+03
                1.86415            3.07615E+03
                1.8652             2.92633E+03
                1.86678            2.69981E+03
                1.86914            2.35933E+03
                1.87003            2.2318E+03 
                1.87136            2.04123E+03
                1.87185            1.96991E+03
                1.8726             1.86331E+03
                1.87372            1.70459E+03
                1.87541            1.47031E+03
                1.87793            1.13101E+03
                1.87856            1.04706E+03
                1.87919          963.993      
                1.88014          841.472      
                1.88156          662.983      
                1.88369          408.817      
                1.88448          315.566      
                1.88568          180.488      
                1.88748          -10.4838     
                1.88815          -80.4077     
                1.88916         -181.416      
                1.89068         -323.744      
                1.89296         -515.433      
                1.89466         -646.315      
                1.8953          -693.571      
                1.89626         -760.344      
                1.8977          -851.091      
                1.89986         -965.401      
                1.90067           -1.00512E+03
                1.90189           -1.05768E+03
                1.90371           -1.12073E+03
                1.90439           -1.14211E+03
                1.90542           -1.16914E+03
                1.90696           -1.19842E+03
                1.90753           -1.20779E+03
                1.9084            -1.21826E+03
                1.90969           -1.22597E+03
                1.91164           -1.21981E+03
                1.91237           -1.21498E+03
                1.91347           -1.20217E+03
                1.91511           -1.17071E+03
                1.91572           -1.15717E+03
                1.91665           -1.13303E+03
                1.91803           -1.08834E+03
                1.92011           -1.00291E+03
                1.92089         -968.275      
                1.92206         -910.658      
                1.92382         -811.988      
                1.92448         -773.263      
                1.92546         -711.404      
                1.92694         -610.488      
                1.9275          -571.503      
                1.92833         -510.525      
                1.92958         -413.65       
                1.93145         -256.906      
                1.93216         -196.535      
                1.93321         -102.555      
                1.93479           45.5996     
                1.93538          102.156      
                1.93627          189.141      
                1.93761          324.123      
                1.93961          535.738      
                1.94011          589.206      
                1.94061          643.228      
                1.94136          725.411      
                1.94249          851.083      
                1.94418            1.04436E+03
                1.94481            1.11749E+03
                1.94576            1.22851E+03
                1.94718            1.39761E+03
                1.94932            1.65571E+03
                1.94986            1.7205E+03 
                1.95039            1.78555E+03
                1.95119            1.88358E+03
                1.95239            2.03142E+03
                1.9542             2.25425E+03
                1.956              2.47745E+03
                1.9578             2.7003E+03 
                1.95961            2.92214E+03
                1.96141            3.14234E+03
                1.96322            3.3603E+03 
                1.96502            3.57548E+03
                1.96682            3.78738E+03
                1.9675             3.86636E+03
                1.96851            3.98367E+03
                1.97004            4.15672E+03
                1.97232            4.4089E+03 
                1.97318            4.50239E+03
                1.97446            4.64011E+03
                1.97639            4.84061E+03
                1.97711            4.91492E+03
                1.97819            5.02439E+03
                1.97982            5.18383E+03
                1.98043            5.24293E+03
                1.98134            5.33004E+03
                1.98271            5.45711E+03
                1.98477            5.63931E+03
                1.98554            5.70644E+03
                1.9867             5.80444E+03
                1.98844            5.94516E+03
                1.98909            5.99704E+03
                1.99006            6.07286E+03
                1.99153            6.182E+03  
                1.99372            6.33528E+03
                1.99592            6.47809E+03
                1.99812            6.61041E+03
                1.99894            6.65854E+03
                2.00018            6.72745E+03
                2.00203            6.8234E+03 
                2.00273            6.85832E+03
                2.00377            6.9084E+03 
                2.00533            6.97831E+03
                2.00768            7.07155E+03
                2.00827            7.09411E+03
                2.00885            7.11597E+03
                2.00973            7.14713E+03
                2.01105            7.19024E+03
                2.01303            7.24663E+03
                2.01377            7.26658E+03
                2.01489            7.29393E+03
                2.01656            7.329E+03  
                2.01906            7.36814E+03
                2.02157            7.39378E+03
                2.02407            7.40603E+03
                2.0247             7.40822E+03
                2.02564            7.40969E+03
                2.02705            7.40772E+03
                2.02916            7.39556E+03
                2.03128            7.37435E+03
                2.03339            7.34434E+03
                2.0355             7.30573E+03
                2.03762            7.25872E+03
                2.03973            7.20349E+03
                2.04184            7.14019E+03
                2.04396            7.06893E+03
                2.04607            6.98981E+03
                2.04818            6.90284E+03
                2.0503             6.80805E+03
                2.05241            6.70537E+03
                2.05452            6.59472E+03
                2.05663            6.47599E+03
                2.05875            6.34903E+03
                2.06086            6.21368E+03
                2.06297            6.06976E+03
                2.06509            5.91711E+03
                2.06667            5.7976E+03 
                2.06905            5.607E+03  
                2.07142            5.40481E+03
                2.0738             5.19097E+03
                2.07618            4.96551E+03
                2.07855            4.72855E+03
                2.08093            4.48036E+03
                2.0833             4.22133E+03
                2.08568            3.95203E+03
                2.08805            3.67316E+03
                2.09043            3.38558E+03
                2.09281            3.0903E+03 
                2.09637            2.63436E+03
                2.09993            2.17011E+03
                2.10349            1.7031E+03 
                2.10883            1.01639E+03
                2.11284          517.185      
                2.11685           41.9926     
                2.12085         -402.174      
                2.12486         -809.307      
                2.12886           -1.17457E+03
                2.13286           -1.49439E+03
                2.13686           -1.76647E+03
                2.14087           -1.98986E+03
                2.14487           -2.16488E+03
                2.14887           -2.29299E+03
                2.15287           -2.37651E+03
                2.15687           -2.41826E+03
                2.16087           -2.4213E+03 
                2.16487           -2.38863E+03
                2.16886           -2.32317E+03
                2.17286           -2.22773E+03
                2.17685           -2.10512E+03
                2.18085           -1.95821E+03
                2.18484           -1.78993E+03
                2.18884           -1.60323E+03
                2.19283           -1.401E+03  
                2.19682           -1.18595E+03
                2.19832           -1.10389E+03
                2.20056         -977.193      
                2.20393         -780.877      
                2.20898         -476.715      
                2.21402         -166.78       
                2.21907          145.759      
                2.22411          457.496      
                2.22537          534.893      
                2.22663          612.381      
                2.22852          728.319      
                2.23136          900.493      
                2.23561            1.15216E+03
                2.23986            1.39441E+03
                2.24411            1.62494E+03
                2.24836            1.8414E+03 
                2.25261            2.04166E+03
                2.25685            2.22389E+03
                2.2611             2.38666E+03
                2.26534            2.52889E+03
                2.26958            2.64987E+03
                2.27276            2.72824E+03
                2.27594            2.79449E+03
                2.27912            2.84841E+03
                2.2823             2.8899E+03 
                2.28706            2.9243E+03 
                2.29183            2.93024E+03
                2.29659            2.90847E+03
                2.30135            2.86016E+03
                2.30254            2.84589E+03
                2.30373            2.83029E+03
                2.30551            2.80375E+03
                2.30818            2.7566E+03 
                2.3122             2.67046E+03
                2.3137             2.63553E+03
                2.31596            2.57932E+03
                2.31934            2.48657E+03
                2.32272            2.38601E+03
                2.3261             2.27892E+03
                2.32948            2.16652E+03
                2.33286            2.04997E+03
                2.33624            1.93045E+03
                2.33961            1.80918E+03
                2.34299            1.68739E+03
                2.34636            1.56632E+03
                2.34973            1.44724E+03
                2.3531             1.3314E+03 
                2.35648            1.21995E+03
                2.35984            1.11395E+03
                2.3649           970.454      
                2.36868          871.536      
                2.37247          782.823      
                2.37625          704.537      
                2.38003          636.803      
                2.38381          579.534      
                2.38759          532.374      
                2.39137          494.664      
                2.39515          465.432      
                2.39892          443.42       
                2.40269          427.131      
                2.40646          414.913      
                2.41023          405.046      
                2.414            395.828      
                2.41776          385.66       
                2.42153          373.11       
                2.42529          356.965      
                2.42905          336.273      
                2.43281          310.343      
                2.43421          299.281      
                2.43633          281.656      
                2.4395           251.464      
                2.44425          196.778      
                2.44899          132.348      
                2.45374           59.1996     
                2.45848          -21.8346     
                2.46321         -109.908      
                2.46795         -204.249      
                2.47268         -304.341      
                2.47741         -410.071      
                2.48213         -521.833      
                2.4839          -565.437      
                2.48656         -631.815      
                2.49054         -736.202      
                2.49651         -906.661      
                2.498           -951.542      
                2.49949         -996.659      
                2.50172           -1.06574E+03
                2.50508           -1.17376E+03
                2.5101            -1.34507E+03
                2.51512           -1.52438E+03
                2.52014           -1.70851E+03
                2.52202           -1.77901E+03
                2.52484           -1.88411E+03
                2.52906           -2.04101E+03
                2.53065           -2.10066E+03
                2.53302           -2.18871E+03
                2.53658           -2.31846E+03
                2.54192           -2.5062E+03 
                2.54325           -2.55398E+03
                2.54459           -2.60066E+03
                2.54659           -2.66856E+03
                2.54959           -2.76651E+03
                2.55408           -2.90267E+03
                2.55857           -3.02594E+03
                2.56306           -3.13282E+03
                2.56754           -3.22028E+03
                2.57202           -3.28561E+03
                2.5765            -3.32646E+03
                2.58097           -3.34093E+03
                2.58544           -3.32761E+03
                2.58656           -3.32352E+03
                2.58824           -3.31228E+03
                2.59075           -3.2854E+03 
                2.59451           -3.22411E+03
                2.59592           -3.19915E+03
                2.59804           -3.15418E+03
                2.60121           -3.07172E+03
                2.6024            -3.0395E+03 
                2.60418           -2.98598E+03
                2.60686           -2.89548E+03
                2.61087           -2.7392E+03 
                2.61487           -2.56503E+03
                2.61887           -2.37464E+03
                2.62287           -2.17037E+03
                2.62687           -1.9548E+03 
                2.63086           -1.73073E+03
                2.63485           -1.50112E+03
                2.63884           -1.2691E+03 
                2.64282           -1.0379E+03 
                2.6468          -810.823      
                2.64829         -727.338      
                2.65053         -603.095      
                2.65388         -422.923      
                2.65513         -357.279      
                2.65702         -260.646      
                2.65984         -122.079      
                2.66408           67.6217     
                2.66831          236.147      
                2.67254          382.379      
                2.67412          432.956      
                2.6765           502.863      
                2.68006          591.12       
                2.68139          620.769      
                2.68339          660.665      
                2.68639          708.218      
                2.69089          750.691      
                2.69313          763.287      
                2.69538          769.361      
                2.69874          763.578      
                2.70211          741.955      
                2.70547          705.337      
                2.70882          654.395      
                2.71218          589.761      
                2.71553          512.074      
                2.71888          421.993      
                2.72223          320.193      
                2.72557          207.37       
                2.73058           16.6808     
                2.73559         -194.981      
                2.74059         -424.562      
                2.74184         -484.578      
                2.74309         -544.809      
                2.74496         -636.262      
                2.74776         -777.435      
                2.75197         -997.566      
                2.75355           -1.08266E+03
                2.75591           -1.21086E+03
                2.75945           -1.40577E+03
                2.76078           -1.48039E+03
                2.76277           -1.59178E+03
                2.76575           -1.75879E+03
                2.76687           -1.82233E+03
                2.76855           -1.91671E+03
                2.77106           -2.05694E+03
                2.77483           -2.26394E+03
                2.78047           -2.56239E+03
                2.78188           -2.63833E+03
                2.78329           -2.71233E+03
                2.7854            -2.8197E+03 
                2.78857           -2.97431E+03
                2.79332           -3.18956E+03
                2.79509           -3.26957E+03
                2.79776           -3.38145E+03
                2.80175           -3.53287E+03
                2.80325           -3.58879E+03
                2.8055            -3.66584E+03
                2.80886           -3.76796E+03
                2.8139            -3.89135E+03
                2.81893           -3.98582E+03
                2.82396           -4.05072E+03
                2.82897           -4.08693E+03
                2.83398           -4.09613E+03
                2.83899           -4.08058E+03
                2.84398           -4.04297E+03
                2.84897           -3.98624E+03
                2.85395           -3.91347E+03
                2.8552            -3.89615E+03
                2.85644           -3.87694E+03
                2.85831           -3.84492E+03
                2.8611            -3.79261E+03
                2.86215           -3.77344E+03
                2.86372           -3.7428E+03 
                2.86608           -3.69421E+03
                2.8696            -3.6177E+03 
                2.87093           -3.58995E+03
                2.87291           -3.54615E+03
                2.87588           -3.47832E+03
                2.88033           -3.37508E+03
                2.882             -3.33818E+03
                2.8845            -3.28071E+03
                2.88825           -3.19412E+03
                2.88965           -3.16328E+03
                2.89176           -3.11584E+03
                2.89491           -3.04508E+03
                2.89964           -2.94292E+03
                2.90141           -2.90741E+03
                2.90406           -2.85335E+03
                2.90803           -2.77541E+03
                2.91201           -2.70296E+03
                2.91399           -2.66927E+03
                2.91597           -2.63594E+03
                2.91894           -2.58754E+03
                2.92005           -2.57086E+03
                2.92172           -2.54562E+03
                2.92423           -2.50893E+03
                2.92797           -2.45823E+03
                2.93172           -2.41291E+03
                2.93546           -2.37223E+03
                2.93732           -2.35423E+03
                2.93919           -2.33647E+03
                2.94199           -2.31123E+03
                2.94304           -2.30312E+03
                2.94461           -2.29066E+03
                2.94696           -2.27276E+03
                2.9505            -2.24913E+03
                2.95182           -2.24223E+03
                2.9538            -2.23108E+03
                2.95677           -2.21512E+03
                2.95789           -2.21049E+03
                2.95956           -2.20271E+03
                2.96206           -2.19093E+03
                2.96581           -2.17369E+03
                2.96721           -2.16896E+03
                2.96932           -2.16011E+03
                2.97248           -2.14549E+03
                2.97366           -2.14124E+03
                2.97543           -2.13327E+03
                2.97809           -2.11992E+03
                2.98207           -2.09762E+03
                2.98356           -2.09084E+03
                2.9858            -2.07777E+03
                2.98915           -2.05537E+03
                2.99416           -2.01667E+03
                2.99667           -1.99858E+03
                2.99917           -1.97789E+03
                3.00292           -1.94251E+03
                3.00666           -1.90552E+03
                3.0104            -1.86673E+03
                3.01413           -1.82661E+03
                3.01786           -1.78587E+03
                3.02158           -1.74532E+03
                3.0253            -1.70583E+03
                3.02669           -1.69275E+03
                3.02878           -1.67159E+03
                3.0319            -1.64063E+03
                3.03502           -1.61288E+03
                3.03814           -1.58833E+03
                3.04126           -1.56737E+03
                3.04437           -1.55051E+03
                3.04748           -1.53824E+03
                3.04864           -1.53554E+03
                3.05038           -1.53142E+03
                3.053             -1.52807E+03
                3.05692           -1.5321E+03 
                3.06083           -1.54711E+03
                3.06473           -1.57244E+03
                3.06863           -1.60805E+03
                3.07009           -1.62456E+03
                3.07228           -1.65003E+03
                3.07556           -1.6943E+03 
                3.07678           -1.71349E+03
                3.07863           -1.74273E+03
                3.08138           -1.79027E+03
                3.08552           -1.87158E+03
                3.08706           -1.90569E+03
                3.08938           -1.95709E+03
                3.09286           -2.03901E+03
                3.09416           -2.0723E+03 
                3.09611           -2.12189E+03
                3.09903           -2.19856E+03
                3.10013           -2.22914E+03
                3.10177           -2.27445E+03
                3.10423           -2.34322E+03
                3.10792           -2.44891E+03
                3.1093            -2.49092E+03
                3.11136           -2.55232E+03
                3.11446           -2.64386E+03
                3.11563           -2.6798E+03 
                3.11737           -2.73204E+03
                3.11997           -2.80891E+03
                3.12388           -2.92138E+03
                3.12778           -3.0311E+03 
                3.13167           -3.13549E+03
                3.13264           -3.16315E+03
                3.13361           -3.18947E+03
                3.13507           -3.22656E+03
                3.13725           -3.27895E+03
                3.14052           -3.35106E+03
                3.14175           -3.37898E+03
                3.14358           -3.41677E+03
                3.14633           -3.46682E+03
                3.14736           -3.48616E+03
                3.14891           -3.51192E+03
                3.15122           -3.54512E+03
                3.15469           -3.58382E+03
                3.15815           -3.61222E+03
                3.1616            -3.62883E+03
                3.1629            -3.63504E+03
                3.16484           -3.63806E+03
                3.16774           -3.6323E+03 
                3.16883           -3.6304E+03 
                3.17046           -3.62306E+03
                3.17291           -3.60442E+03
                3.17657           -3.56169E+03
                3.17794           -3.54586E+03
                3.18              -3.51514E+03
                3.18307           -3.45801E+03
                3.18423           -3.43693E+03
                3.18596           -3.40046E+03
                3.18855           -3.33808E+03
                3.19242           -3.23104E+03
                3.19387           -3.19152E+03
                3.19605           -3.12554E+03
                3.19931           -3.01755E+03
                3.20053           -2.97791E+03
                3.20236           -2.91412E+03
                3.2051            -2.81299E+03
                3.20613           -2.77598E+03
                3.20767           -2.71773E+03
                3.20997           -2.62712E+03
                3.21343           -2.4874E+03 
                3.21687           -2.34691E+03
                3.22031           -2.20608E+03
                3.22375           -2.06611E+03
                3.22717           -1.92821E+03
                3.23059           -1.79351E+03
                3.23401           -1.663E+03  
                3.23742           -1.5376E+03 
                3.24082           -1.41815E+03
                3.24421           -1.3054E+03 
                3.2476            -1.20004E+03
                3.25098           -1.10266E+03
                3.25435           -1.01375E+03
                3.25771         -933.664      
                3.26107         -862.638      
                3.26443         -800.759      
                3.26777         -747.99       
                3.27111         -704.182      
                3.27444         -669.091      
                3.27777         -642.403      
                3.28109         -623.724      
                3.2844          -612.607      
                3.2877          -608.538      
                3.291           -610.953      
                3.29429         -619.236      
                3.29757         -632.725      
                3.2988          -640.406      
                3.30064         -650.655      
                3.3034          -667.44       
                3.30444         -675.868      
                3.30598         -687.449      
                3.30831         -705.076      
                3.31178         -733.602      
                3.31308         -747.13       
                3.31503         -765.128      
                3.31795         -791.409      
                3.31904         -803.286      
                3.32068         -819.089      
                3.32313         -841.476      
                3.3268          -873.823      
                3.32818         -888.58       
                3.33024         -907.057      
                3.33332         -931.959      
                3.33447         -943.245      
                3.3362          -957.256      
                3.3388          -975.599      
                3.34267         -999.855      
                3.34413           -1.01156E+03
                3.3463            -1.02452E+03
                3.34956           -1.04031E+03
                3.35078           -1.04831E+03
                3.3526            -1.05692E+03
                3.35534           -1.06707E+03
                3.35636           -1.07255E+03
                3.3579            -1.07834E+03
                3.36019           -1.08484E+03
                3.36364           -1.09262E+03
                3.36492           -1.09799E+03
                3.36685           -1.10248E+03
                3.36974           -1.10677E+03
                3.37083           -1.11032E+03
                3.37245           -1.11305E+03
                3.37487           -1.11516E+03
                3.37851           -1.11632E+03
                3.38213           -1.11742E+03
                3.38304           -1.12018E+03
                3.38439           -1.12116E+03
                3.38642           -1.12005E+03
                3.38946           -1.11664E+03
                3.3906            -1.11757E+03
                3.39231           -1.11607E+03
                3.39486           -1.11165E+03
                3.39868           -1.10304E+03
                3.40011           -1.10288E+03
                3.40225           -1.09828E+03
                3.40546           -1.08852E+03
                3.40666           -1.08726E+03
                3.40845           -1.08205E+03
                3.41114           -1.07171E+03
                3.41215           -1.06971E+03
                3.41366           -1.06422E+03
                3.41592           -1.05379E+03
                3.41677           -1.05132E+03
                3.41804           -1.04577E+03
                3.41994           -1.03559E+03

 MINIMUM        0.                -7.59416E+03
  AT X =                           1.09541    
 MAXIMUM        3.41994           17.0316E+03 
  AT X =                         957.487E-03  




