
                  X             den_uf_0-90   

                0.                -0.         
               39.94E-09           2.47751E-03
              319.041E-09         19.1236E-03 
                1.70601E-06       97.665E-03  
                7.53894E-06      425.139E-03  
               29.9775E-06         1.68088    
              111.812E-06          6.25515    
              399.954E-06         22.3536     
                1.38837E-03       77.5657     
                4.70264E-03      262.683      
               15.5512E-03       868.603      
               49.9952E-03         2.79236E+03
              154.626E-03          8.63614E+03
              450.699E-03         25.1152E+03 
              605.155E-03         33.5045E+03 
              668.784E-03         36.7988E+03 
              769.728E-03         41.9349E+03 
              809.21E-03          43.9239E+03 
              824.236E-03         44.6779E+03 
              829.902E-03         44.9619E+03 
              832.031E-03         45.0682E+03 
              832.164E-03         45.075E+03  
              832.197E-03         45.0766E+03 
              832.23E-03          45.0783E+03 
              832.28E-03          45.0808E+03 
              832.299E-03         45.0817E+03 
              832.327E-03         45.0831E+03 
              832.369E-03         45.0852E+03 
              832.432E-03         45.0884E+03 
              832.456E-03         45.0896E+03 
              832.492E-03         45.0913E+03 
              832.545E-03         45.094E+03  
              832.565E-03         45.095E+03  
              832.595E-03         45.0965E+03 
              832.64E-03          45.0987E+03 
              832.707E-03         45.1021E+03 
              832.775E-03         45.1054E+03 
              832.792E-03         45.1062E+03 
              832.809E-03         45.1071E+03 
              832.834E-03         45.1083E+03 
              832.872E-03         45.1102E+03 
              832.91E-03          45.1121E+03 
              832.948E-03         45.1139E+03 
              832.986E-03         45.1157E+03 
              833.024E-03         45.1176E+03 
              833.062E-03         45.1194E+03 
              833.1E-03           45.1212E+03 
              833.138E-03         45.123E+03  
              833.176E-03         45.1247E+03 
              833.204E-03         45.126E+03  
              833.247E-03         45.1278E+03 
              833.29E-03          45.1295E+03 
              833.332E-03         45.1311E+03 
              833.375E-03         45.1322E+03 
              833.418E-03         45.1326E+03 
              833.46E-03          45.1316E+03 
              833.503E-03         45.1281E+03 
              833.546E-03         45.1203E+03 
              833.589E-03         45.1054E+03 
              833.631E-03         45.0792E+03 
              833.674E-03         45.0365E+03 
              833.717E-03         44.9703E+03 
              833.76E-03          44.873E+03  
              833.802E-03         44.7363E+03 
              833.845E-03         44.5524E+03 
              833.888E-03         44.3146E+03 
              833.931E-03         44.0184E+03 
              833.973E-03         43.6619E+03 
              834.016E-03         43.246E+03  
              834.059E-03         42.7743E+03 
              834.102E-03         42.2522E+03 
              834.144E-03         41.6859E+03 
              834.187E-03         41.0817E+03 
              834.23E-03          40.4445E+03 
              834.273E-03         39.7777E+03 
              834.315E-03         39.0829E+03 
              834.358E-03         38.3604E+03 
              834.401E-03         37.6098E+03 
              834.443E-03         36.8311E+03 
              834.486E-03         36.0255E+03 
              834.529E-03         35.1959E+03 
              834.572E-03         34.3476E+03 
              834.614E-03         33.4876E+03 
              834.657E-03         32.6245E+03 
              834.7E-03           31.7678E+03 
              834.743E-03         30.9266E+03 
              834.786E-03         30.1094E+03 
              834.828E-03         29.3227E+03 
              834.871E-03         28.5715E+03 
              834.914E-03         27.8582E+03 
              834.957E-03         27.1835E+03 
              834.999E-03         26.5465E+03 
              835.042E-03         25.9451E+03 
              835.085E-03         25.3767E+03 
              835.128E-03         24.8388E+03 
              835.17E-03          24.3291E+03 
              835.213E-03         23.8462E+03 
              835.256E-03         23.3895E+03 
              835.299E-03         22.959E+03  
              835.341E-03         22.5556E+03 
              835.384E-03         22.1801E+03 
              835.427E-03         21.8335E+03 
              835.47E-03          21.5164E+03 
              835.513E-03         21.2287E+03 
              835.555E-03         20.97E+03   
              835.598E-03         20.7387E+03 
              835.641E-03         20.533E+03  
              835.684E-03         20.3505E+03 
              835.726E-03         20.1884E+03 
              835.769E-03         20.0442E+03 
              835.812E-03         19.9156E+03 
              835.855E-03         19.8009E+03 
              835.898E-03         19.6991E+03 
              835.94E-03          19.6103E+03 
              835.983E-03         19.5351E+03 
              836.026E-03         19.4752E+03 
              836.069E-03         19.4326E+03 
              836.111E-03         19.4093E+03 
              836.127E-03         19.4034E+03 
              836.152E-03         19.4013E+03 
              836.188E-03         19.414E+03  
              836.224E-03         19.4429E+03 
              836.26E-03          19.4876E+03 
              836.296E-03         19.5469E+03 
              836.35E-03          19.6601E+03 
              836.431E-03         19.8403E+03 
              836.553E-03         20.0127E+03 
              836.675E-03         20.0592E+03 
              836.797E-03         20.035E+03  
              836.919E-03         20.0267E+03 
              837.102E-03         20.2411E+03 
              837.376E-03         21.0749E+03 
              837.65E-03          22.1085E+03 
              837.925E-03         23.0021E+03 
              838.199E-03         23.5396E+03 
              838.474E-03         23.6573E+03 
              838.885E-03         23.1482E+03 
              839.503E-03         22.1695E+03 
              840.121E-03         21.7293E+03 
              840.739E-03         21.8332E+03 
              841.358E-03         22.118E+03  
              841.976E-03         22.2812E+03 
              842.595E-03         22.2503E+03 
              843.214E-03         22.1134E+03 
              843.833E-03         21.9831E+03 
              844.452E-03         21.9182E+03 
              845.072E-03         21.9202E+03 
              845.691E-03         21.9638E+03 
              846.311E-03         22.024E+03  
              846.931E-03         22.0861E+03 
              847.862E-03         22.1666E+03 
              849.258E-03         22.2401E+03 
              850.656E-03         22.2698E+03 
              852.055E-03         22.2767E+03 
              853.454E-03         22.2835E+03 
              854.854E-03         22.3021E+03 
              856.256E-03         22.3329E+03 
              857.658E-03         22.3696E+03 
              859.062E-03         22.4062E+03 
              860.466E-03         22.4395E+03 
              862.574E-03         22.4853E+03 
              865.741E-03         22.5587E+03 
              868.912E-03         22.6399E+03 
              872.088E-03         22.7258E+03 
              875.269E-03         22.8127E+03 
              880.049E-03         22.9391E+03 
              887.24E-03          23.1157E+03 
              894.455E-03         23.2811E+03 
              901.694E-03         23.4404E+03 
              912.598E-03         23.68E+03   
              916.7E-03           23.7712E+03 
              920.81E-03          23.8634E+03 
              921.839E-03         23.8866E+03 
              922.868E-03         23.9098E+03 
              923.898E-03         23.9332E+03 
              925.443E-03         23.9684E+03 
              927.763E-03         24.0218E+03 
              931.247E-03         24.103E+03  
              932.555E-03         24.1337E+03 
              933.045E-03         24.1452E+03 
              933.229E-03         24.1495E+03 
              933.506E-03         24.156E+03  
              933.92E-03          24.1657E+03 
              934.334E-03         24.1754E+03 
              934.645E-03         24.1827E+03 
              934.955E-03         24.19E+03   
              935.266E-03         24.1974E+03 
              935.577E-03         24.2047E+03 
              935.888E-03         24.212E+03  
              936.199E-03         24.2194E+03 
              936.51E-03          24.2267E+03 
              936.821E-03         24.2341E+03 
              937.132E-03         24.2415E+03 
              937.443E-03         24.2488E+03 
              937.754E-03         24.2562E+03 
              938.065E-03         24.2636E+03 
              938.532E-03         24.2747E+03 
              938.766E-03         24.2803E+03 
              938.999E-03         24.2858E+03 
              939.233E-03         24.2914E+03 
              939.466E-03         24.2969E+03 
              939.7E-03           24.3025E+03 
              939.933E-03         24.308E+03  
              940.284E-03         24.3164E+03 
              940.634E-03         24.3247E+03 
              940.984E-03         24.3331E+03 
              941.335E-03         24.3415E+03 
              941.686E-03         24.3499E+03 
              942.036E-03         24.3582E+03 
              942.387E-03         24.3666E+03 
              942.738E-03         24.375E+03  
              943.089E-03         24.3834E+03 
              943.439E-03         24.3917E+03 
              943.703E-03         24.398E+03  
              943.966E-03         24.4043E+03 
              944.229E-03         24.4106E+03 
              944.492E-03         24.4169E+03 
              944.887E-03         24.4264E+03 
              945.035E-03         24.4299E+03 
              945.258E-03         24.4353E+03 
              945.48E-03          24.4406E+03 
              945.702E-03         24.4459E+03 
              945.924E-03         24.4512E+03 




