
                  X           uf-Pro2-60-0-90 

                0.                -0.         
               39.94E-09         122.036E-03  
              319.041E-09        605.906E-03  
                1.70601E-06        1.55163    
                7.53894E-06        3.63009    
               29.9775E-06         7.98076    
              111.812E-06         17.4109     
              399.954E-06         41.6386     
                1.38837E-03      113.827      
                4.70264E-03      341.38       
               15.5512E-03         1.06592E+03
               49.9952E-03         3.33899E+03
              154.626E-03         10.2092E+03 
              450.699E-03         29.5565E+03 
              551.162E-03         36.205E+03  
              552.812E-03         36.4893E+03 
              555.292E-03         36.6725E+03 
              556.223E-03         36.7306E+03 
              557.621E-03         36.8092E+03 
              559.722E-03         36.925E+03  
              560.248E-03         36.9559E+03 
              560.774E-03         36.9863E+03 
              561.563E-03         37.0305E+03 
              561.859E-03         37.0474E+03 
              562.304E-03         37.0724E+03 
              562.971E-03         37.1095E+03 
              563.638E-03         37.1467E+03 
              564.306E-03         37.1839E+03 
              564.556E-03         37.1982E+03 
              564.932E-03         37.2194E+03 
              565.496E-03         37.2508E+03 
              566.343E-03         37.2975E+03 
              566.66E-03          37.3155E+03 
              567.137E-03         37.3422E+03 
              567.852E-03         37.3817E+03 
              568.12E-03          37.3968E+03 
              568.523E-03         37.4193E+03 
              569.127E-03         37.4525E+03 
              570.034E-03         37.5021E+03 
              570.374E-03         37.5212E+03 
              570.885E-03         37.5496E+03 
              571.651E-03         37.5916E+03 
              571.938E-03         37.6077E+03 
              572.37E-03          37.6316E+03 
              573.017E-03         37.6671E+03 
              573.989E-03         37.7198E+03 
              574.353E-03         37.7401E+03 
              574.9E-03           37.7701E+03 
              575.721E-03         37.8146E+03 
              576.029E-03         37.8316E+03 
              576.492E-03         37.8569E+03 
              577.185E-03         37.8941E+03 
              578.227E-03         37.9492E+03 
              578.617E-03         37.9704E+03 
              579.204E-03         38.0016E+03 
              580.083E-03         38.0471E+03 
              580.414E-03         38.0645E+03 
              580.909E-03         38.0902E+03 
              581.653E-03         38.1276E+03 
              582.769E-03         38.1819E+03 
              583.188E-03         38.2027E+03 
              583.816E-03         38.233E+03  
              584.759E-03         38.2763E+03 
              585.113E-03         38.2928E+03 
              585.645E-03         38.3167E+03 
              586.442E-03         38.3508E+03 
              587.638E-03         38.3989E+03 
              588.087E-03         38.4174E+03 
              588.761E-03         38.4438E+03 
              589.773E-03         38.481E+03  
              590.152E-03         38.4954E+03 
              590.722E-03         38.5159E+03 
              591.577E-03         38.5453E+03 
              592.432E-03         38.574E+03  
              593.288E-03         38.6021E+03 
              594.145E-03         38.6299E+03 
              595.002E-03         38.6576E+03 
              595.86E-03          38.6853E+03 
              596.718E-03         38.7132E+03 
              597.577E-03         38.7412E+03 
              598.437E-03         38.7696E+03 
              599.297E-03         38.7983E+03 
              599.62E-03          38.8094E+03 
              600.104E-03         38.826E+03  
              600.467E-03         38.8385E+03 
              601.013E-03         38.8571E+03 
              601.831E-03         38.8851E+03 
              602.649E-03         38.9137E+03 
              602.854E-03         38.9212E+03 
              603.161E-03         38.9324E+03 
              603.622E-03         38.9489E+03 
              603.795E-03         38.9553E+03 
              604.055E-03         38.9647E+03 
              604.249E-03         38.9718E+03 
              604.541E-03         38.9824E+03 
              604.76E-03          38.9903E+03 
              605.089E-03         39.0022E+03 
              605.417E-03         39.0141E+03 
              605.746E-03         39.0261E+03 
              606.239E-03         39.0439E+03 
              606.98E-03          39.0707E+03 
              607.257E-03         39.0811E+03 
              607.674E-03         39.0966E+03 
              608.299E-03         39.1196E+03 
              609.238E-03         39.1536E+03 
              610.177E-03         39.1874E+03 
              611.117E-03         39.2202E+03 
              611.205E-03         39.2234E+03 
              611.337E-03         39.2282E+03 
              611.387E-03         39.23E+03   
              611.461E-03         39.2327E+03 
              611.573E-03         39.2368E+03 
              611.684E-03         39.2407E+03 
              611.796E-03         39.2447E+03 
              611.907E-03         39.2485E+03 
              612.019E-03         39.2524E+03 
              612.061E-03         39.2538E+03 
              612.124E-03         39.256E+03  
              612.218E-03         39.2591E+03 
              612.359E-03         39.2638E+03 
              612.501E-03         39.2684E+03 
              612.642E-03         39.2729E+03 
              612.783E-03         39.2773E+03 
              612.925E-03         39.2816E+03 
              613.066E-03         39.2859E+03 
              613.278E-03         39.2921E+03 
              613.596E-03         39.3009E+03 
              613.915E-03         39.3092E+03 
              614.233E-03         39.3169E+03 
              614.552E-03         39.3241E+03 
              614.87E-03          39.3304E+03 
              615.189E-03         39.336E+03  
              615.508E-03         39.3406E+03 
              615.826E-03         39.3441E+03 
              616.145E-03         39.3463E+03 
              616.464E-03         39.3472E+03 
              616.943E-03         39.3448E+03 
              617.422E-03         39.3382E+03 
              617.901E-03         39.3267E+03 
              618.619E-03         39.2959E+03 
              619.698E-03         39.2105E+03 
              621.318E-03         38.9702E+03 
              622.94E-03          38.6062E+03 
              624.564E-03         38.1205E+03 
              626.19E-03          37.5288E+03 
              627.818E-03         36.8555E+03 
              629.449E-03         36.128E+03  
              631.081E-03         35.3717E+03 
              632.715E-03         34.6072E+03 
              634.351E-03         33.8497E+03 
              635.989E-03         33.1098E+03 
              637.629E-03         32.3941E+03 
              639.271E-03         31.7065E+03 
              640.915E-03         31.0495E+03 
              642.561E-03         30.424E+03  
              644.209E-03         29.8304E+03 
              645.859E-03         29.2685E+03 
              647.511E-03         28.7381E+03 
              649.165E-03         28.2395E+03 
              650.821E-03         27.7734E+03 
              652.479E-03         27.3416E+03 
              653.309E-03         27.1356E+03 
              654.139E-03         26.9381E+03 
              654.97E-03          26.7498E+03 
              656.217E-03         26.4891E+03 
              656.685E-03         26.3953E+03 
              657.387E-03         26.2616E+03 
              658.441E-03         26.0778E+03 
              658.837E-03         26.0119E+03 
              659.43E-03          25.9185E+03 
              660.32E-03          25.7909E+03 
              660.989E-03         25.703E+03  
              661.992E-03         25.5877E+03 
              662.995E-03         25.4898E+03 
              664.E-03            25.4089E+03 
              665.005E-03         25.3448E+03 
              666.01E-03          25.2971E+03 
              667.017E-03         25.2652E+03 
              668.024E-03         25.2485E+03 
              669.032E-03         25.2462E+03 
              670.041E-03         25.2572E+03 
              671.05E-03          25.2801E+03 
              672.565E-03         25.3353E+03 
              674.082E-03         25.4059E+03 
              675.601E-03         25.4848E+03 
              676.361E-03         25.5264E+03 
              677.121E-03         25.5679E+03 
              677.881E-03         25.6087E+03 
              679.023E-03         25.6661E+03 
              680.166E-03         25.7191E+03 
              681.309E-03         25.7662E+03 
              682.453E-03         25.8065E+03 
              682.883E-03         25.8212E+03 
              683.527E-03         25.8403E+03 
              684.494E-03         25.8629E+03 
              685.946E-03         25.8834E+03 
              687.399E-03         25.8905E+03 
              688.853E-03         25.8823E+03 
              690.309E-03         25.857E+03  
              691.766E-03         25.8126E+03 
              693.225E-03         25.7474E+03 
              693.955E-03         25.7102E+03 
              694.685E-03         25.6671E+03 
              695.416E-03         25.618E+03  
              696.512E-03         25.5304E+03 
              697.609E-03         25.4296E+03 
              698.708E-03         25.3153E+03 
              699.12E-03          25.2711E+03 
              699.738E-03         25.2E+03    
              700.666E-03         25.0832E+03 
              702.058E-03         24.8877E+03 
              704.15E-03          24.5551E+03 
              704.935E-03         24.4269E+03 
              706.113E-03         24.2225E+03 
              706.555E-03         24.1449E+03 
              707.219E-03         24.0249E+03 
              708.214E-03         23.8381E+03 
              709.709E-03         23.5452E+03 
              711.953E-03         23.0779E+03 
              712.796E-03         22.9005E+03 
              713.112E-03         22.8336E+03 
              713.586E-03         22.7315E+03 
              714.298E-03         22.5742E+03 
              715.366E-03         22.3295E+03 
              716.435E-03         22.0757E+03 
              717.504E-03         21.8108E+03 
              718.574E-03         21.533E+03  
              719.645E-03         21.2402E+03 
              720.717E-03         20.9304E+03 
              721.789E-03         20.6018E+03 
              722.862E-03         20.2534E+03 
              723.131E-03         20.1654E+03 
              723.533E-03         20.0304E+03 
              724.138E-03         19.821E+03  
              725.044E-03         19.4927E+03 
              725.384E-03         19.3681E+03 
              725.895E-03         19.177E+03  
              726.661E-03         18.8829E+03 
              727.81E-03          18.4337E+03 
              728.241E-03         18.2653E+03 
              728.888E-03         18.0131E+03 
              729.86E-03          17.6445E+03 
              730.831E-03         17.2958E+03 
              731.804E-03         16.9771E+03 
              732.29E-03          16.8269E+03 
              732.776E-03         16.6866E+03 
              733.507E-03         16.5021E+03 
              733.78E-03          16.4371E+03 
              734.191E-03         16.349E+03  
              734.808E-03         16.2399E+03 
              735.733E-03         16.1334E+03 
              736.08E-03          16.1021E+03 
              736.601E-03         16.0742E+03 
              737.382E-03         16.0757E+03 
              737.675E-03         16.0826E+03 
              738.115E-03         16.1067E+03 
              738.775E-03         16.1726E+03 
              739.023E-03         16.2017E+03 
              739.394E-03         16.2545E+03 
              739.951E-03         16.353E+03  
              740.787E-03         16.5405E+03 
              741.101E-03         16.6165E+03 
              741.572E-03         16.7416E+03 
              742.278E-03         16.9512E+03 
              742.543E-03         17.033E+03  
              742.94E-03          17.1616E+03 
              743.537E-03         17.3662E+03 
              743.76E-03          17.4447E+03 
              744.096E-03         17.5655E+03 
              744.599E-03         17.7529E+03 
              745.355E-03         18.0447E+03 
              745.638E-03         18.1558E+03 
              746.063E-03         18.325E+03  
              746.701E-03         18.5831E+03 
              747.659E-03         18.9764E+03 
              749.096E-03         19.5717E+03 
              749.635E-03         19.7961E+03 
              750.445E-03         20.1318E+03 
              750.748E-03         20.2579E+03 
              751.204E-03         20.4462E+03 
              751.887E-03         20.7271E+03 
              752.143E-03         20.8323E+03 
              752.528E-03         20.9896E+03 
              753.105E-03         21.2237E+03 
              753.322E-03         21.3114E+03 
              753.646E-03         21.4424E+03 
              754.134E-03         21.6373E+03 
              754.865E-03         21.9262E+03 
              755.962E-03         22.3506E+03 
              756.373E-03         22.509E+03  
              756.991E-03         22.7431E+03 
              757.223E-03         22.8306E+03 
              757.57E-03          22.9607E+03 
              758.092E-03         23.153E+03  
              758.874E-03         23.4352E+03 
              759.657E-03         23.7113E+03 
              760.44E-03          23.9808E+03 
              761.224E-03         24.2436E+03 
              761.812E-03         24.4369E+03 
              762.4E-03           24.6261E+03 
              762.989E-03         24.8111E+03 
              763.871E-03         25.079E+03  
              765.197E-03         25.4594E+03 
              765.694E-03         25.5998E+03 
              766.44E-03          25.8031E+03 
              766.72E-03          25.8787E+03 
              767.14E-03          25.9896E+03 
              767.77E-03          26.151E+03  

 MINIMUM        0.                -0.         
  AT X =                           0.         
 MAXIMUM      767.77E-03          39.3472E+03 
  AT X =                         616.464E-03  




