
                  X             uf-80-0-S50   

                0.                -0.         
               39.94E-09         144.258E-03  
              319.041E-09        746.54E-03   
                1.70601E-06        1.9485     
                7.53894E-06        4.44843    
               29.9775E-06         9.54911    
              111.812E-06         21.6481     
              399.954E-06         56.0724     
                1.38837E-03      163.196      
                4.70264E-03      506.743      
               15.5512E-03         1.60972E+03
               49.9952E-03         5.08309E+03
              154.626E-03         15.5979E+03 
              212.548E-03         21.5083E+03 
              237.025E-03         23.9749E+03 
              276.584E-03         27.8524E+03 
              277.552E-03         28.1127E+03 
              277.915E-03         28.1774E+03 
              278.461E-03         28.24E+03   
              279.281E-03         28.319E+03  
              279.589E-03         28.3498E+03 
              280.051E-03         28.3946E+03 
              280.745E-03         28.4607E+03 
              281.005E-03         28.4867E+03 
              281.396E-03         28.5247E+03 
              281.983E-03         28.5807E+03 
              282.423E-03         28.6235E+03 
              282.864E-03         28.6662E+03 
              283.306E-03         28.709E+03  
              283.747E-03         28.7517E+03 
              284.19E-03          28.7945E+03 
              284.854E-03         28.8579E+03 
              285.518E-03         28.9218E+03 
              286.184E-03         28.9857E+03 
              287.184E-03         29.0788E+03 
              288.186E-03         29.1693E+03 
              289.19E-03          29.2536E+03 
              290.196E-03         29.3284E+03 
              291.203E-03         29.3905E+03 
              292.213E-03         29.4382E+03 
              293.225E-03         29.4715E+03 
              294.238E-03         29.4919E+03 
              295.762E-03         29.5002E+03 
              297.29E-03          29.4974E+03 
              298.823E-03         29.4877E+03 
              300.36E-03          29.4778E+03 
              302.674E-03         29.5004E+03 
              303.544E-03         29.5236E+03 
              304.851E-03         29.577E+03  
              306.819E-03         29.7295E+03 
              308.793E-03         29.9557E+03 
              309.783E-03         30.0888E+03 
              310.774E-03         30.2325E+03 
              312.264E-03         30.4649E+03 
              312.824E-03         30.5579E+03 
              313.665E-03         30.6966E+03 
              314.929E-03         30.9054E+03 
              316.83E-03          31.2152E+03 
              318.737E-03         31.5196E+03 
              320.65E-03          31.8117E+03 
              322.569E-03         32.0859E+03 
              324.495E-03         32.3366E+03 
              326.427E-03         32.5591E+03 
              328.365E-03         32.7516E+03 
              330.309E-03         32.9162E+03 
              332.26E-03          33.0581E+03 
              334.217E-03         33.1852E+03 
              336.18E-03          33.3063E+03 
              336.917E-03         33.3555E+03 
              338.026E-03         33.4236E+03 
              339.692E-03         33.5299E+03 
              340.318E-03         33.5748E+03 
              341.258E-03         33.6408E+03 
              341.611E-03         33.6674E+03 
              342.14E-03          33.7067E+03 
              342.936E-03         33.7672E+03 
              344.131E-03         33.8648E+03 
              345.028E-03         33.9443E+03 
              345.927E-03         34.0277E+03 
              346.827E-03         34.1152E+03 
              348.18E-03          34.2542E+03 
              350.214E-03         34.4799E+03 
              352.255E-03         34.7204E+03 
              354.302E-03         34.9665E+03 
              354.815E-03         35.0327E+03 
              355.328E-03         35.0963E+03 
              356.098E-03         35.1886E+03 
              357.256E-03         35.3243E+03 
              358.995E-03         35.5207E+03 
              359.649E-03         35.5973E+03 
              360.631E-03         35.7048E+03 
              362.106E-03         35.8574E+03 
              363.584E-03         36.0057E+03 
              365.066E-03         36.1489E+03 
              366.55E-03          36.2877E+03 
              368.783E-03         36.4846E+03 
              371.024E-03         36.6767E+03 
              373.271E-03         36.8632E+03 
              376.657E-03         37.1344E+03 
              377.505E-03         37.2111E+03 
              378.355E-03         37.2822E+03 
              379.632E-03         37.3853E+03 
              381.551E-03         37.543E+03  
              383.475E-03         37.7089E+03 
              384.439E-03         37.7969E+03 
              385.405E-03         37.8843E+03 
              386.855E-03         38.0171E+03 
              388.309E-03         38.1551E+03 
              389.765E-03         38.2966E+03 
              391.224E-03         38.4397E+03 
              392.686E-03         38.5824E+03 
              394.151E-03         38.7225E+03 
              395.619E-03         38.8583E+03 
              397.089E-03         38.9885E+03 
              398.563E-03         39.1127E+03 
              400.779E-03         39.2834E+03 
              402.445E-03         39.4094E+03 
              404.114E-03         39.5307E+03 
              405.788E-03         39.6525E+03 
              407.465E-03         39.7795E+03 
              409.987E-03         39.9889E+03 
              413.785E-03         40.3513E+03 
              417.602E-03         40.7527E+03 
              418.559E-03         40.8638E+03 
              419.997E-03         41.0215E+03 
              422.159E-03         41.2606E+03 
              422.971E-03         41.3557E+03 
              424.19E-03          41.4943E+03 
              424.648E-03         41.5482E+03 
              425.336E-03         41.6274E+03 
              426.367E-03         41.7456E+03 
              427.401E-03         41.8654E+03 
              428.435E-03         41.9862E+03 
              429.471E-03         42.1073E+03 
              430.508E-03         42.2286E+03 
              431.547E-03         42.3494E+03 
              432.586E-03         42.4693E+03 
              434.148E-03         42.6433E+03 
              436.497E-03         42.8863E+03 
              440.032E-03         43.1943E+03 
              441.805E-03         43.3414E+03 
              443.582E-03         43.4707E+03 
              444.917E-03         43.5625E+03 
              446.923E-03         43.6903E+03 
              448.934E-03         43.8231E+03 
              450.95E-03          43.9672E+03 
              451.455E-03         44.0075E+03 
              451.96E-03          44.0469E+03 
              452.718E-03         44.1057E+03 
              453.856E-03         44.1986E+03 
              454.995E-03         44.2986E+03 
              456.136E-03         44.4044E+03 
              457.279E-03         44.5154E+03 
              458.423E-03         44.6307E+03 
              459.569E-03         44.7495E+03 
              461.29E-03          44.9305E+03 
              463.014E-03         45.1156E+03 
              464.742E-03         45.3019E+03 
              466.472E-03         45.488E+03  
              468.207E-03         45.6729E+03 
              469.944E-03         45.8557E+03 
              470.379E-03         45.9039E+03 
              470.814E-03         45.9507E+03 
              471.467E-03         46.0185E+03 
              472.448E-03         46.1181E+03 
              473.92E-03          46.2646E+03 
              474.289E-03         46.3033E+03 
              474.657E-03         46.3412E+03 
              475.211E-03         46.3961E+03 
              476.041E-03         46.4764E+03 
              477.288E-03         46.5945E+03 
              477.756E-03         46.6405E+03 
              478.459E-03         46.7069E+03 
              479.514E-03         46.8036E+03 
              479.91E-03          46.8411E+03 
              480.504E-03         46.8956E+03 
              481.396E-03         46.9752E+03 
              482.735E-03         47.092E+03  
              483.238E-03         47.1377E+03 
              483.992E-03         47.2037E+03 
              485.126E-03         47.3004E+03 
              485.551E-03         47.3381E+03 
              486.189E-03         47.3931E+03 
              487.147E-03         47.4743E+03 
              487.507E-03         47.506E+03  
              488.046E-03         47.5525E+03 
              488.856E-03         47.6216E+03 
              490.072E-03         47.726E+03  
              490.529E-03         47.7672E+03 
              491.214E-03         47.8278E+03 
              492.243E-03         47.9185E+03 
              492.629E-03         47.954E+03  
              493.208E-03         48.0064E+03 
              494.077E-03         48.0845E+03 
              495.383E-03         48.2024E+03 
              497.345E-03         48.381E+03  
              499.311E-03         48.5633E+03 
              501.281E-03         48.7479E+03 
              503.255E-03         48.935E+03  
              505.232E-03         49.125E+03  
              508.206E-03         49.4119E+03 
              511.188E-03         49.7047E+03 
              514.18E-03          49.9991E+03 
              517.18E-03          50.2941E+03 
              520.188E-03         50.5901E+03 
              522.451E-03         50.8154E+03 
              524.718E-03         51.04E+03   
              526.99E-03          51.2659E+03 
              529.267E-03         51.4929E+03 
              531.549E-03         51.7204E+03 
              532.12E-03          51.7809E+03 
              532.691E-03         51.8394E+03 
              533.549E-03         51.9247E+03 
              534.837E-03         52.0513E+03 
              535.804E-03         52.1477E+03 
              536.772E-03         52.2435E+03 
              537.741E-03         52.339E+03  
              538.711E-03         52.4343E+03 
              539.681E-03         52.5293E+03 
              541.139E-03         52.6702E+03 
              543.328E-03         52.8797E+03 
              543.876E-03         52.9356E+03 
              544.425E-03         52.9899E+03 
              545.248E-03         53.0685E+03 
              546.484E-03         53.1842E+03 
              548.34E-03          53.3528E+03 
              549.734E-03         53.4779E+03 
              550.258E-03         53.5258E+03 
              551.043E-03         53.5937E+03 
              552.222E-03         53.6901E+03 
              552.665E-03         53.7271E+03 
              553.329E-03         53.7798E+03 
              554.326E-03         53.8544E+03 
              554.7E-03           53.8829E+03 
              555.261E-03         53.9237E+03 
              556.104E-03         53.9815E+03 
              557.368E-03         54.0624E+03 
              558.635E-03         54.1401E+03 
              559.902E-03         54.2146E+03 
              561.172E-03         54.2871E+03 
              562.442E-03         54.3588E+03 
              563.714E-03         54.4308E+03 
              565.625E-03         54.5411E+03 
              566.103E-03         54.5718E+03 
              566.581E-03         54.6017E+03 
              567.299E-03         54.6456E+03 
              568.377E-03         54.7128E+03 
              568.781E-03         54.7396E+03 
              569.388E-03         54.7796E+03 
              570.299E-03         54.8407E+03 
              571.666E-03         54.9372E+03 
              572.18E-03          54.9761E+03 
              572.95E-03          55.0344E+03 
              574.106E-03         55.125E+03  
              574.54E-03          55.161E+03  
              575.191E-03         55.2152E+03 
              576.169E-03         55.2988E+03 
              576.413E-03         55.3207E+03 
              576.658E-03         55.3428E+03 
              577.025E-03         55.3758E+03 
              577.162E-03         55.3884E+03 
              577.369E-03         55.4072E+03 
              577.679E-03         55.4356E+03 
              578.144E-03         55.4785E+03 
              578.318E-03         55.4949E+03 
              578.579E-03         55.5198E+03 
              578.972E-03         55.5573E+03 
              579.119E-03         55.5716E+03 
              579.34E-03          55.5932E+03 
              579.671E-03         55.6256E+03 
              580.169E-03         55.6749E+03 
              580.666E-03         55.7252E+03 
              581.164E-03         55.7763E+03 
              581.537E-03         55.8152E+03 
              581.91E-03          55.8545E+03 
              582.05E-03          55.8694E+03 
              582.261E-03         55.8918E+03 
              582.576E-03         55.9254E+03 
              583.049E-03         55.976E+03  
              583.522E-03         56.0271E+03 
              583.996E-03         56.0787E+03 
              584.469E-03         56.1306E+03 
              584.943E-03         56.1827E+03 
              585.417E-03         56.2349E+03 
              585.891E-03         56.2871E+03 
              586.366E-03         56.3391E+03 
              586.84E-03          56.3909E+03 
              587.315E-03         56.4422E+03 
              587.79E-03          56.4931E+03 
              588.265E-03         56.5434E+03 
              588.74E-03          56.593E+03  
              589.216E-03         56.6417E+03 
              589.692E-03         56.6895E+03 
              590.167E-03         56.7362E+03 
              590.644E-03         56.7819E+03 
              591.12E-03          56.8263E+03 
              591.596E-03         56.8695E+03 
              592.311E-03         56.9308E+03 
              593.027E-03         56.9893E+03 
              593.742E-03         57.0447E+03 
              594.817E-03         57.1198E+03 
              595.892E-03         57.1884E+03 
              596.969E-03         57.2497E+03 
              598.046E-03         57.303E+03  
              599.124E-03         57.3466E+03 
              600.204E-03         57.3783E+03 
              600.609E-03         57.3893E+03 
              601.216E-03         57.4E+03    
              602.128E-03         57.4019E+03 
              602.47E-03          57.4015E+03 
              602.984E-03         57.3953E+03 
              603.755E-03         57.3725E+03 
              604.044E-03         57.3627E+03 
              604.477E-03         57.343E+03  
              605.128E-03         57.3018E+03 
              606.105E-03         57.2124E+03 
              607.083E-03         57.0959E+03 
              608.062E-03         56.9534E+03 
              609.041E-03         56.7885E+03 
              610.021E-03         56.6074E+03 
              611.002E-03         56.4187E+03 
              611.983E-03         56.232E+03  
              612.966E-03         56.0576E+03 
              613.949E-03         55.9047E+03 
              614.932E-03         55.7811E+03 
              615.179E-03         55.7529E+03 
              615.425E-03         55.7266E+03 
              615.794E-03         55.6915E+03 
              616.348E-03         55.65E+03   
              617.18E-03          55.6147E+03 
              617.492E-03         55.6062E+03 
              617.96E-03          55.6016E+03 
              618.662E-03         55.6127E+03 
              619.717E-03         55.6657E+03 
              620.772E-03         55.7493E+03 
              621.828E-03         55.8556E+03 
              622.885E-03         55.9772E+03 
              623.943E-03         56.1078E+03 
              625.002E-03         56.2428E+03 
              626.061E-03         56.3791E+03 
              627.122E-03         56.5156E+03 
              628.183E-03         56.6529E+03 
              629.245E-03         56.7926E+03 
              630.308E-03         56.9368E+03 
              631.372E-03         57.0877E+03 
              632.437E-03         57.2468E+03 
              632.703E-03         57.288E+03  
              632.969E-03         57.3295E+03 
              633.369E-03         57.3925E+03 
              633.969E-03         57.4891E+03 
              634.869E-03         57.6397E+03 
              635.207E-03         57.6978E+03 
              635.713E-03         57.7861E+03 
              636.474E-03         57.9204E+03 
              637.615E-03         58.1223E+03 
              638.757E-03         58.3201E+03 
              639.9E-03           58.507E+03  
              641.045E-03         58.6759E+03 
              641.904E-03         58.7901E+03 
              642.763E-03         58.8875E+03 
              643.623E-03         58.9649E+03 
              644.914E-03         59.023E+03  
              645.883E-03         59.0307E+03 
              646.852E-03         58.9971E+03 
              647.823E-03         58.92E+03   
              648.065E-03         58.8986E+03 
              648.308E-03         58.8744E+03 
              648.672E-03         58.8314E+03 
              649.219E-03         58.7523E+03 
              650.039E-03         58.605E+03  
              650.859E-03         58.4343E+03 
              651.68E-03          58.246E+03  
              652.913E-03         57.9495E+03 
              653.221E-03         57.8761E+03 
              653.529E-03         57.8026E+03 
              653.992E-03         57.6931E+03 
              654.686E-03         57.5366E+03 
              655.207E-03         57.4264E+03 
              655.989E-03         57.2813E+03 
              656.771E-03         57.1613E+03 
              657.554E-03         57.0685E+03 
              658.337E-03         57.0035E+03 
              659.12E-03          56.9654E+03 
              659.414E-03         56.9553E+03 
              659.855E-03         56.9476E+03 
              660.517E-03         56.9512E+03 
              661.179E-03         56.9686E+03 
              661.842E-03         56.9974E+03 
              662.504E-03         57.0351E+03 
              663.499E-03         57.1031E+03 
              664.494E-03         57.1769E+03 
              665.49E-03          57.2503E+03 
              666.487E-03         57.3187E+03 
              667.484E-03         57.3781E+03 
              668.483E-03         57.4254E+03 
              669.481E-03         57.4577E+03 
              670.481E-03         57.472E+03  
              671.481E-03         57.4657E+03 
              671.982E-03         57.4578E+03 
              672.482E-03         57.4438E+03 
              673.233E-03         57.4083E+03 
              673.985E-03         57.3591E+03 
              674.737E-03         57.2968E+03 
              675.489E-03         57.2226E+03 
              676.242E-03         57.1387E+03 
              676.995E-03         57.0478E+03 
              677.748E-03         56.9534E+03 
              678.502E-03         56.8592E+03 
              679.256E-03         56.769E+03  
              680.011E-03         56.6864E+03 
              680.766E-03         56.6143E+03 
              681.521E-03         56.5552E+03 
              682.277E-03         56.5103E+03 
              683.033E-03         56.4804E+03 
              683.79E-03          56.4651E+03 
              684.547E-03         56.4635E+03 
              685.304E-03         56.4742E+03 
              686.441E-03         56.5104E+03 
              686.725E-03         56.5216E+03 
              687.01E-03          56.5338E+03 
              687.436E-03         56.5536E+03 
              688.076E-03         56.5862E+03 
              688.557E-03         56.6125E+03 
              689.278E-03         56.6536E+03 
              690.359E-03         56.7155E+03 
              691.442E-03         56.7768E+03 
              691.713E-03         56.7928E+03 
              691.984E-03         56.8085E+03 
              692.39E-03          56.8313E+03 
              693.E-03            56.8645E+03 
              693.915E-03         56.9154E+03 
              694.831E-03         56.972E+03  
              695.747E-03         57.0384E+03 
              696.663E-03         57.1185E+03 
              697.581E-03         57.2157E+03 
              698.498E-03         57.332E+03  
              699.417E-03         57.4682E+03 
              700.336E-03         57.6233E+03 
              701.255E-03         57.7945E+03 
              702.175E-03         57.9781E+03 
              703.096E-03         58.1691E+03 
              703.787E-03         58.3148E+03 
              704.823E-03         58.5289E+03 
              705.861E-03         58.7331E+03 
              706.899E-03         58.921E+03  
              707.938E-03         59.0872E+03 
              708.977E-03         59.2279E+03 
              710.018E-03         59.3404E+03 
              711.059E-03         59.4235E+03 
              712.1E-03           59.477E+03  
              713.143E-03         59.502E+03  
              714.186E-03         59.5001E+03 
              715.229E-03         59.4738E+03 
              716.274E-03         59.4263E+03 
              716.535E-03         59.4138E+03 
              716.796E-03         59.4E+03    
              717.188E-03         59.3761E+03 
              717.335E-03         59.3669E+03 
              717.556E-03         59.3522E+03 
              717.887E-03         59.3282E+03 
              718.383E-03         59.2887E+03 
              719.128E-03         59.223E+03  
              720.246E-03         59.1129E+03 
              721.365E-03         58.9942E+03 
              722.485E-03         58.868E+03  
              723.605E-03         58.7356E+03 
              724.727E-03         58.5988E+03 
              725.288E-03         58.5304E+03 
              725.849E-03         58.4608E+03 
              726.691E-03         58.3548E+03 
              727.533E-03         58.249E+03  
              728.376E-03         58.144E+03  
              729.219E-03         58.0406E+03 
              730.063E-03         57.9393E+03 
              730.38E-03          57.9022E+03 
              730.855E-03         57.8468E+03 
              731.567E-03         57.765E+03  
              732.637E-03         57.647E+03  
              733.707E-03         57.5352E+03 
              734.778E-03         57.4298E+03 
              735.85E-03          57.3312E+03 
              736.922E-03         57.24E+03   
              737.325E-03         57.2077E+03 
              737.928E-03         57.1609E+03 
              738.834E-03         57.096E+03  
              740.194E-03         57.0128E+03 
              741.555E-03         56.9459E+03 
              742.917E-03         56.8944E+03 
              744.28E-03          56.8577E+03 
              744.621E-03         56.8505E+03 
              744.962E-03         56.8439E+03 
              745.474E-03         56.8352E+03 
              746.242E-03         56.8255E+03 
              747.01E-03          56.8201E+03 
              747.779E-03         56.8186E+03 
              748.932E-03         56.8233E+03 
              750.086E-03         56.8352E+03 
              750.664E-03         56.8436E+03 
              751.241E-03         56.853E+03  
              752.108E-03         56.8689E+03 
              752.975E-03         56.8871E+03 
              753.843E-03         56.9074E+03 
              754.711E-03         56.929E+03  
              755.58E-03          56.9517E+03 
              756.449E-03         56.9752E+03 
              757.318E-03         56.9993E+03 
              757.645E-03         57.0089E+03 
              758.134E-03         57.0229E+03 
              758.868E-03         57.0433E+03 
              759.419E-03         57.0588E+03 
              760.246E-03         57.0813E+03 
              761.073E-03         57.1035E+03 
              761.28E-03          57.1095E+03 
              761.487E-03         57.1153E+03 
              761.797E-03         57.1238E+03 
              762.263E-03         57.1357E+03 
              762.962E-03         57.1525E+03 
              763.486E-03         57.1651E+03 
              764.273E-03         57.1823E+03 
              765.453E-03         57.2049E+03 
              766.635E-03         57.2249E+03 
              767.817E-03         57.2412E+03 
              769.E-03            57.2527E+03 
              770.184E-03         57.2582E+03 
              771.368E-03         57.2568E+03 
              771.665E-03         57.2568E+03 
              771.961E-03         57.2562E+03 
              772.406E-03         57.2536E+03 
              773.073E-03         57.2463E+03 
              774.074E-03         57.2286E+03 
              774.324E-03         57.2244E+03 
              774.575E-03         57.2197E+03 
              774.95E-03          57.2114E+03 
              775.514E-03         57.1961E+03 
              776.36E-03          57.1679E+03 
              776.677E-03         57.1573E+03 
              777.153E-03         57.1396E+03 
              777.868E-03         57.1099E+03 
              778.582E-03         57.0782E+03 
              779.297E-03         57.0452E+03 
              780.012E-03         57.0111E+03 
              780.728E-03         56.9766E+03 
              781.444E-03         56.9418E+03 
              782.16E-03          56.907E+03  
              782.697E-03         56.8812E+03 
              783.503E-03         56.8418E+03 
              784.31E-03          56.8022E+03 
              785.117E-03         56.7618E+03 
              785.924E-03         56.7202E+03 
              786.731E-03         56.6765E+03 
              786.883E-03         56.6686E+03 
              787.034E-03         56.6606E+03 
              787.262E-03         56.6482E+03 
              787.602E-03         56.6289E+03 
              788.114E-03         56.5982E+03 
              788.881E-03         56.5486E+03 
              789.073E-03         56.5364E+03 
              789.265E-03         56.5239E+03 
              789.553E-03         56.5045E+03 
              789.985E-03         56.4739E+03 
              790.634E-03         56.4248E+03 
              791.282E-03         56.3734E+03 
              791.931E-03         56.3199E+03 
              792.58E-03          56.2649E+03 
              793.229E-03         56.2087E+03 
              793.878E-03         56.1517E+03 
              794.528E-03         56.0943E+03 
              795.178E-03         56.037E+03  
              796.153E-03         55.9521E+03 
              797.129E-03         55.8703E+03 
              797.861E-03         55.8114E+03 
              798.594E-03         55.7547E+03 
              799.326E-03         55.7005E+03 
              800.059E-03         55.649E+03  
              800.793E-03         55.6003E+03 
              801.526E-03         55.5546E+03 
              802.26E-03          55.5119E+03 
              802.994E-03         55.4726E+03 
              804.096E-03         55.4217E+03 
              805.199E-03         55.3813E+03 
              805.474E-03         55.3725E+03 
              805.888E-03         55.3605E+03 
              806.509E-03         55.3455E+03 
              807.44E-03          55.3314E+03 
              808.372E-03         55.3268E+03 
              809.305E-03         55.3305E+03 
              810.004E-03         55.3377E+03 
              810.704E-03         55.3479E+03 
              811.404E-03         55.36E+03   
              812.104E-03         55.3728E+03 
              812.805E-03         55.3849E+03 
              813.506E-03         55.3945E+03 
              814.207E-03         55.4002E+03 
              814.908E-03         55.4001E+03 
              815.61E-03          55.3928E+03 
              816.312E-03         55.3768E+03 
              817.365E-03         55.3292E+03 
              818.946E-03         55.2063E+03 
              819.737E-03         55.1344E+03 
              820.529E-03         55.0515E+03 
              821.32E-03          54.9599E+03 
              822.509E-03         54.8112E+03 
              823.698E-03         54.6594E+03 
              823.995E-03         54.622E+03  
              824.292E-03         54.5845E+03 
              824.738E-03         54.528E+03  
              825.408E-03         54.4437E+03 
              826.412E-03         54.3199E+03 
              827.418E-03         54.198E+03  
              828.423E-03         54.0751E+03 
              829.43E-03          53.9469E+03 
              830.436E-03         53.8092E+03 
              831.443E-03         53.658E+03  
              832.451E-03         53.49E+03   
              833.459E-03         53.3031E+03 
              834.468E-03         53.0961E+03 
              835.478E-03         52.8693E+03 
              836.487E-03         52.6246E+03 
              837.498E-03         52.3656E+03 
              838.509E-03         52.0978E+03 
              839.52E-03          51.8281E+03 
              840.532E-03         51.5643E+03 
              841.544E-03         51.3144E+03 
              842.557E-03         51.0856E+03 
              843.571E-03         50.8846E+03 
              844.585E-03         50.7157E+03 
              845.599E-03         50.5808E+03 
              846.614E-03         50.4794E+03 
              847.63E-03          50.4085E+03 
              848.646E-03         50.3639E+03 
              849.662E-03         50.3409E+03 
              850.679E-03         50.3344E+03 
              851.697E-03         50.3396E+03 
              851.951E-03         50.342E+03  
              852.206E-03         50.345E+03  
              852.588E-03         50.3502E+03 
              853.161E-03         50.3592E+03 
              854.02E-03          50.375E+03  
              855.31E-03          50.4013E+03 
              856.278E-03         50.4227E+03 
              857.247E-03         50.4435E+03 
              857.974E-03         50.4588E+03 
              858.701E-03         50.4728E+03 
              859.428E-03         50.4852E+03 
              860.155E-03         50.4956E+03 
              860.883E-03         50.5036E+03 
              861.065E-03         50.5057E+03 
              861.111E-03         50.5063E+03 
              861.179E-03         50.507E+03  
              861.281E-03         50.5081E+03 
              861.435E-03         50.5096E+03 
              861.665E-03         50.5114E+03 
              862.011E-03         50.5131E+03 
              862.529E-03         50.5137E+03 
              863.307E-03         50.5095E+03 
              864.086E-03         50.4999E+03 
              864.864E-03         50.484E+03  
              865.643E-03         50.4609E+03 
              866.812E-03         50.4082E+03 
              867.982E-03         50.3379E+03 
              869.152E-03         50.2491E+03 
              870.323E-03         50.1414E+03 
              871.495E-03         50.0145E+03 
              872.667E-03         49.8682E+03 
              872.96E-03          49.8311E+03 
              873.253E-03         49.7926E+03 
              873.693E-03         49.7316E+03 
              874.353E-03         49.6333E+03 
              875.344E-03         49.4718E+03 
              875.715E-03         49.41E+03   
              876.273E-03         49.3127E+03 
              877.109E-03         49.1574E+03 
              877.946E-03         48.9942E+03 
              878.155E-03         48.9532E+03 
              878.469E-03         48.8905E+03 
              878.94E-03          48.7938E+03 
              879.646E-03         48.6438E+03 
              879.712E-03         48.6298E+03 
              879.812E-03         48.6087E+03 
              879.961E-03         48.5769E+03 
              880.185E-03         48.5286E+03 
              880.52E-03          48.4552E+03 
              881.023E-03         48.3431E+03 
              881.779E-03         48.1722E+03 
              882.912E-03         47.9151E+03 
              883.763E-03         47.7254E+03 
              884.188E-03         47.632E+03  
              884.826E-03         47.4948E+03 
              885.464E-03         47.3628E+03 
              886.103E-03         47.2375E+03 
              887.061E-03         47.0691E+03 
              888.02E-03          46.9251E+03 
              888.979E-03         46.808E+03  
              889.938E-03         46.7181E+03 
              890.898E-03         46.6536E+03 
              891.138E-03         46.6395E+03 
              891.499E-03         46.6214E+03 
              892.039E-03         46.6002E+03 
              892.444E-03         46.5876E+03 
              892.596E-03         46.5834E+03 
              892.824E-03         46.578E+03  
              893.166E-03         46.5715E+03 
              893.295E-03         46.5695E+03 
              893.487E-03         46.5668E+03 
              893.776E-03         46.5635E+03 
              894.065E-03         46.5608E+03 
              894.353E-03         46.5586E+03 
              894.642E-03         46.5564E+03 
              894.931E-03         46.5543E+03 
              895.364E-03         46.5505E+03 
              896.015E-03         46.5418E+03 
              896.665E-03         46.5288E+03 
              897.316E-03         46.5094E+03 
              897.479E-03         46.5044E+03 
              897.641E-03         46.4989E+03 
              897.885E-03         46.4894E+03 
              898.251E-03         46.472E+03  
              898.801E-03         46.4384E+03 
              899.35E-03          46.3968E+03 
              899.9E-03           46.3475E+03 
              900.45E-03          46.2907E+03 
              901.275E-03         46.1902E+03 
              902.1E-03           46.0777E+03 
              902.925E-03         45.9565E+03 
              903.751E-03         45.83E+03   
              904.578E-03         45.7013E+03 
              905.404E-03         45.5729E+03 
              906.231E-03         45.4469E+03 
              906.644E-03         45.385E+03  
              907.265E-03         45.2938E+03 
              907.885E-03         45.2044E+03 
              908.506E-03         45.1167E+03 
              909.437E-03         44.9868E+03 
              910.369E-03         44.8555E+03 
              911.301E-03         44.7172E+03 
              912.234E-03         44.5647E+03 
              913.167E-03         44.3899E+03 
              914.1E-03           44.1866E+03 
              914.334E-03         44.1343E+03 
              914.567E-03         44.08E+03   
              914.917E-03         43.9936E+03 
              915.443E-03         43.8528E+03 
              915.968E-03         43.7008E+03 
              916.494E-03         43.5379E+03 
              917.02E-03          43.3645E+03 
              917.546E-03         43.1812E+03 
              918.335E-03         42.8861E+03 
              919.124E-03         42.5749E+03 
              919.914E-03         42.2511E+03 
              920.704E-03         41.9183E+03 
              921.494E-03         41.5798E+03 
              922.284E-03         41.2388E+03 
              923.075E-03         40.8984E+03 
              923.866E-03         40.5608E+03 
              924.657E-03         40.2282E+03 
              925.251E-03         39.9822E+03 
              925.844E-03         39.74E+03   
              926.438E-03         39.502E+03  
              927.329E-03         39.1568E+03 
              927.664E-03         39.0296E+03 
              928.165E-03         38.8431E+03 
              928.918E-03         38.5752E+03 
              929.67E-03          38.3216E+03 
              930.423E-03         38.0843E+03 
              931.177E-03         37.865E+03  
              931.93E-03          37.6654E+03 
              932.684E-03         37.4865E+03 
              933.438E-03         37.3288E+03 
              934.192E-03         37.1917E+03 
              934.38E-03          37.159E+03  
              934.569E-03         37.1275E+03 
              934.852E-03         37.083E+03  
              935.135E-03         37.041E+03  
              935.418E-03         37.0014E+03 
              935.842E-03         36.9472E+03 
              936.479E-03         36.8746E+03 
              937.117E-03         36.8082E+03 
              937.754E-03         36.7444E+03 
              938.391E-03         36.6788E+03 
              939.029E-03         36.6077E+03 
              939.986E-03         36.4769E+03 
              940.943E-03         36.3133E+03 
              941.182E-03         36.2706E+03 
              941.422E-03         36.2255E+03 
              941.781E-03         36.152E+03  
              942.32E-03          36.0273E+03 
              943.128E-03         35.807E+03  
              943.431E-03         35.72E+03   
              943.886E-03         35.5788E+03 
              944.569E-03         35.3436E+03 
              945.593E-03         34.9475E+03 
              946.618E-03         34.5208E+03 
              947.643E-03         34.0753E+03 
              948.668E-03         33.6256E+03 
              948.925E-03         33.5137E+03 
              949.181E-03         33.4018E+03 
              949.566E-03         33.2351E+03 
              950.143E-03         32.9902E+03 
              951.009E-03         32.6427E+03 
              951.876E-03         32.3219E+03 
              952.743E-03         32.0322E+03 
              952.959E-03         31.962E+03  
              953.176E-03         31.894E+03  
              953.501E-03         31.7966E+03 
              953.989E-03         31.6614E+03 
              954.721E-03         31.483E+03  
              955.82E-03          31.2647E+03 
              956.644E-03         31.1256E+03 
              957.468E-03         31.0057E+03 
              958.293E-03         30.9002E+03 
              959.53E-03          30.7582E+03 
              959.84E-03          30.7243E+03 
              960.149E-03         30.6908E+03 
              960.614E-03         30.6408E+03 
              960.788E-03         30.6222E+03 
              961.049E-03         30.5941E+03 
              961.441E-03         30.5514E+03 
              962.029E-03         30.4854E+03 
              962.911E-03         30.3786E+03 
              963.132E-03         30.3518E+03 
              963.352E-03         30.3243E+03 
              963.683E-03         30.2816E+03 
              964.18E-03          30.2132E+03 
              964.925E-03         30.1003E+03 
              965.67E-03          29.9769E+03 
              966.416E-03         29.8426E+03 
              967.162E-03         29.6978E+03 
              968.281E-03         29.4596E+03 
              969.4E-03           29.2058E+03 
              970.52E-03          28.942E+03  
              971.641E-03         28.6737E+03 
              972.762E-03         28.4058E+03 
              973.884E-03         28.1419E+03 
              974.445E-03         28.0119E+03 
              975.006E-03         27.8834E+03 
              975.848E-03         27.694E+03  
              976.69E-03          27.5082E+03 
              977.532E-03         27.3249E+03 
              978.375E-03         27.1427E+03 
              979.218E-03         26.9599E+03 
              980.483E-03         26.6791E+03 
              980.799E-03         26.6091E+03 
              981.116E-03         26.5385E+03 
              981.591E-03         26.4308E+03 
              982.303E-03         26.2648E+03 
              983.371E-03         26.0078E+03 
              984.44E-03          25.7455E+03 
              985.51E-03          25.4803E+03 
              986.58E-03          25.2152E+03 
              987.651E-03         24.9532E+03 
              987.918E-03         24.8884E+03 
              988.186E-03         24.8238E+03 
              988.588E-03         24.7273E+03 
              989.19E-03          24.5841E+03 
              990.094E-03         24.3728E+03 
              990.999E-03         24.1646E+03 
              991.225E-03         24.1131E+03 
              991.451E-03         24.0617E+03 
              991.79E-03          23.9846E+03 
              992.299E-03         23.8689E+03 
              993.063E-03         23.6954E+03 
              994.209E-03         23.4371E+03 
              995.356E-03         23.1848E+03 
              995.642E-03         23.1226E+03 
              995.929E-03         23.0609E+03 
              996.359E-03         22.9692E+03 
              997.005E-03         22.8348E+03 
              997.973E-03         22.6417E+03 
              998.942E-03         22.4561E+03 
              999.669E-03         22.3196E+03 
                1.0004            22.1829E+03 
                1.00112           22.0423E+03 
                1.00185           21.8936E+03 
                1.00203           21.8561E+03 
                1.00231           21.7982E+03 
                1.00271           21.7068E+03 
                1.00333           21.5564E+03 
                1.00394           21.39E+03   
                1.00456           21.2045E+03 
                1.00517           20.9972E+03 
                1.00579           20.7658E+03 
                1.0064            20.5084E+03 
                1.00702           20.2238E+03 
                1.00763           19.9114E+03 
                1.00825           19.5714E+03 
                1.00886           19.2048E+03 

 MINIMUM        0.                -0.         
  AT X =                           0.         
 MAXIMUM        1.00886           59.502E+03  
  AT X =                         713.143E-03  




