
              u_80_0_lin          f_80_0_lin     

                0.                -0.         
               39.94E-09         144.262E-03  
              319.041E-09        746.553E-03  
                1.70601E-06        1.94853    
                7.53894E-06        4.44846    
               29.9775E-06         9.54913    
              111.812E-06         21.6481     
              399.954E-06         56.0726     
                1.38837E-03      163.196      
                4.70264E-03      506.745      
               15.5512E-03         1.60973E+03
               49.9952E-03         5.08311E+03
              154.626E-03         15.598E+03  
              212.548E-03         21.5084E+03 
              319.557E-03         32.1593E+03 
              322.357E-03         32.9231E+03 
              326.58E-03          33.3299E+03 
              328.172E-03         33.4787E+03 
              328.769E-03         33.5343E+03 
              328.994E-03         33.5551E+03 
              329.331E-03         33.5845E+03 
              329.836E-03         33.6267E+03 
              330.595E-03         33.6883E+03 
              331.355E-03         33.7496E+03 
              332.115E-03         33.8099E+03 
              332.877E-03         33.8689E+03 
              333.64E-03          33.9265E+03 
              334.786E-03         34.0074E+03 
              335.072E-03         34.0295E+03 
              335.359E-03         34.0507E+03 
              335.79E-03          34.0804E+03 
              336.436E-03         34.1225E+03 
              337.084E-03         34.1634E+03 
              337.731E-03         34.2027E+03 
              338.38E-03          34.2398E+03 
              339.354E-03         34.2874E+03 
              340.33E-03          34.3269E+03 
              341.307E-03         34.3552E+03 
              342.285E-03         34.3702E+03 
              343.756E-03         34.357E+03  
              345.968E-03         34.2676E+03 
              348.188E-03         34.1446E+03 
              350.416E-03         34.0394E+03 
              352.651E-03         34.0071E+03 
              354.894E-03         34.084E+03  
              358.273E-03         34.4338E+03 
              363.373E-03         35.2396E+03 
              364.655E-03         35.4696E+03 
              365.938E-03         35.6973E+03 
              367.868E-03         36.0394E+03 
              370.773E-03         36.5343E+03 
              375.153E-03         37.1725E+03 
              379.561E-03         37.6902E+03 
              383.996E-03         38.1013E+03 
              385.109E-03         38.2092E+03 
              386.223E-03         38.3025E+03 
              386.642E-03         38.3379E+03 
              387.27E-03          38.3868E+03 
              387.741E-03         38.4228E+03 
              388.449E-03         38.4739E+03 
              389.157E-03         38.5241E+03 
              389.867E-03         38.5733E+03 
              390.576E-03         38.6217E+03 
              391.287E-03         38.6696E+03 
              392.354E-03         38.74E+03   
              393.957E-03         38.847E+03  
              396.369E-03         39.0123E+03 
              396.595E-03         39.0314E+03 
              396.935E-03         39.0582E+03 
              397.445E-03         39.0953E+03 
              398.211E-03         39.1486E+03 
              398.977E-03         39.202E+03  
              399.745E-03         39.2549E+03 
              400.897E-03         39.3296E+03 
              402.629E-03         39.4333E+03 
              405.234E-03         39.5971E+03 
              409.159E-03         39.9405E+03 
              415.082E-03         40.6099E+03 
              424.051E-03         41.6075E+03 
              427.44E-03          41.993E+03  
              432.551E-03         42.4987E+03 
              440.275E-03         43.214E+03  
              448.07E-03          43.944E+03  
              455.935E-03         44.702E+03  
              457.913E-03         44.9129E+03 
              460.887E-03         45.2039E+03 
              462.005E-03         45.3193E+03 
              463.685E-03         45.4853E+03 
              464.946E-03         45.612E+03  
              466.842E-03         45.7999E+03 
              468.742E-03         45.9903E+03 
              470.646E-03         46.1815E+03 
              472.553E-03         46.3728E+03 
              474.465E-03         46.5633E+03 
              476.38E-03          46.7519E+03 
              478.3E-03           46.9373E+03 
              480.223E-03         47.1176E+03 
              482.15E-03          47.2918E+03 
              484.082E-03         47.4594E+03 
              486.986E-03         47.6969E+03 
              488.077E-03         47.7907E+03 
              489.717E-03         47.9218E+03 
              492.181E-03         48.1145E+03 
              494.651E-03         48.3089E+03 
              497.128E-03         48.5042E+03 
              499.611E-03         48.7015E+03 
              502.1E-03           48.9025E+03 
              503.347E-03         49.0077E+03 
              504.596E-03         49.1116E+03 
              506.471E-03         49.269E+03  
              508.35E-03          49.4337E+03 
              510.233E-03         49.6056E+03 
              513.064E-03         49.876E+03  
              517.324E-03         50.3021E+03 
              521.602E-03         50.7408E+03 
              522.675E-03         50.8594E+03 
              524.285E-03         51.0255E+03 
              525.495E-03         51.1506E+03 
              527.311E-03         51.3348E+03 
              529.131E-03         51.5197E+03 
              530.954E-03         51.7041E+03 
              532.781E-03         51.8877E+03 
              534.61E-03          52.0701E+03 
              537.36E-03          52.3362E+03 
              539.427E-03         52.5353E+03 
              542.535E-03         52.8141E+03 
              544.871E-03         53.0189E+03 
              545.456E-03         53.0728E+03 
              546.041E-03         53.1241E+03 
              546.92E-03          53.1973E+03 
              548.239E-03         53.3039E+03 
              549.559E-03         53.4105E+03 
              550.882E-03         53.5172E+03 
              552.868E-03         53.679E+03  
              554.857E-03         53.8488E+03 
              556.85E-03          54.0265E+03 
              558.847E-03         54.2117E+03 
              560.847E-03         54.403E+03  
              562.851E-03         54.599E+03  
              564.858E-03         54.7981E+03 
              566.869E-03         54.9997E+03 
              567.372E-03         55.053E+03  
              567.875E-03         55.1051E+03 
              568.631E-03         55.1814E+03 
              569.765E-03         55.2954E+03 
              571.469E-03         55.4677E+03 
              573.174E-03         55.6433E+03 
              574.883E-03         55.8208E+03 
              576.594E-03         55.9998E+03 
              578.307E-03         56.1798E+03 
              580.023E-03         56.3601E+03 
              581.741E-03         56.54E+03   
              582.386E-03         56.6094E+03 
              583.354E-03         56.7103E+03 
              584.808E-03         56.8586E+03 
              586.992E-03         57.0765E+03 
              589.18E-03          57.2916E+03 
              591.371E-03         57.5021E+03 
              593.567E-03         57.7086E+03 
              595.767E-03         57.9121E+03 
              597.97E-03          58.114E+03  
              598.522E-03         58.1674E+03 
              599.073E-03         58.2192E+03 
              599.901E-03         58.2946E+03 
              601.145E-03         58.4067E+03 
              601.611E-03         58.4502E+03 
              602.311E-03         58.5142E+03 
              603.362E-03         58.6093E+03 
              604.94E-03          58.7521E+03 
              606.52E-03          58.8971E+03 
              606.915E-03         58.9352E+03 
              607.31E-03          58.9727E+03 
              607.904E-03         59.0277E+03 
              608.794E-03         59.1096E+03 
              610.131E-03         59.2331E+03 
              610.633E-03         59.2813E+03 
              611.386E-03         59.3525E+03 
              612.516E-03         59.459E+03  
              612.94E-03          59.5004E+03 
              613.577E-03         59.5615E+03 
              614.532E-03         59.6529E+03 
              614.89E-03          59.6882E+03 
              615.428E-03         59.7405E+03 
              616.235E-03         59.8183E+03 
              616.538E-03         59.8481E+03 
              616.992E-03         59.8924E+03 
              617.674E-03         59.958E+03  
              618.697E-03         60.055E+03  
              619.721E-03         60.1508E+03 
              620.746E-03         60.2441E+03 
              621.131E-03         60.2795E+03 
              621.708E-03         60.3304E+03 
              622.574E-03         60.4026E+03 
              623.874E-03         60.5014E+03 
              624.362E-03         60.5387E+03 
              625.094E-03         60.5902E+03 
              626.193E-03         60.6593E+03 
              626.606E-03         60.6854E+03 
              627.225E-03         60.7215E+03 
              627.457E-03         60.7351E+03 
              627.805E-03         60.7545E+03 
              628.328E-03         60.7818E+03 
              629.112E-03         60.82E+03   
              630.289E-03         60.8744E+03 
              630.731E-03         60.8958E+03 
              631.394E-03         60.9266E+03 
              632.389E-03         60.9724E+03 
              633.882E-03         61.0437E+03 
              635.378E-03         61.1188E+03 
              635.752E-03         61.1392E+03 
              636.126E-03         61.1593E+03 
              636.688E-03         61.1883E+03 
              636.898E-03         61.1995E+03 
              637.214E-03         61.2159E+03 
              637.689E-03         61.2399E+03 
              638.4E-03           61.2748E+03 
              638.667E-03         61.2882E+03 
              639.068E-03         61.3078E+03 
              639.669E-03         61.3355E+03 
              639.894E-03         61.346E+03  
              640.063E-03         61.3539E+03 
              640.317E-03         61.3652E+03 
              640.698E-03         61.3812E+03 
              641.269E-03         61.4033E+03 
              642.126E-03         61.4321E+03 
              643.413E-03         61.4668E+03 
              643.895E-03         61.4802E+03 
              644.62E-03          61.4967E+03 
              645.708E-03         61.5175E+03 
              645.98E-03          61.5235E+03 
              646.252E-03         61.5292E+03 
              646.66E-03          61.5371E+03 
              646.813E-03         61.5401E+03 
              647.043E-03         61.5446E+03 
              647.387E-03         61.551E+03  
              647.905E-03         61.5608E+03 
              648.099E-03         61.5648E+03 
              648.39E-03          61.5709E+03 
              648.826E-03         61.5804E+03 
              648.99E-03          61.5843E+03 
              649.236E-03         61.5902E+03 
              649.328E-03         61.5926E+03 
              649.466E-03         61.5961E+03 
              649.673E-03         61.6015E+03 
              649.984E-03         61.6098E+03 
              650.296E-03         61.6187E+03 
              650.607E-03         61.6281E+03 
              651.074E-03         61.6432E+03 
              651.541E-03         61.6596E+03 
              652.008E-03         61.6772E+03 
              652.476E-03         61.6961E+03 
              652.944E-03         61.716E+03  
              653.411E-03         61.737E+03  
              653.879E-03         61.759E+03  
              654.055E-03         61.7676E+03 
              654.318E-03         61.7807E+03 
              654.713E-03         61.8007E+03 
              655.306E-03         61.8319E+03 
              656.196E-03         61.8813E+03 
              656.53E-03          61.9009E+03 
              657.03E-03          61.9304E+03 
              657.218E-03         61.9417E+03 
              657.5E-03           61.9585E+03 
              657.923E-03         61.9835E+03 
              658.558E-03         62.02E+03   
              658.796E-03         62.034E+03  
              659.153E-03         62.0544E+03 
              659.689E-03         62.0835E+03 
              660.493E-03         62.1242E+03 
              661.7E-03           62.1807E+03 
              662.908E-03         62.2384E+03 
              663.21E-03          62.2539E+03 
              663.663E-03         62.277E+03  
              663.833E-03         62.2859E+03 
              664.089E-03         62.2993E+03 
              664.471E-03         62.3197E+03 
              665.046E-03         62.3525E+03 
              665.908E-03         62.4099E+03 
              666.231E-03         62.4334E+03 
              666.716E-03         62.4715E+03 
              667.444E-03         62.536E+03  
              668.537E-03         62.6503E+03 
              670.178E-03         62.8543E+03 
              671.821E-03         63.0803E+03 
              672.232E-03         63.1396E+03 
              672.643E-03         63.1992E+03 
              672.797E-03         63.2217E+03 
              673.029E-03         63.2555E+03 
              673.376E-03         63.306E+03  
              673.896E-03         63.3819E+03 
              674.678E-03         63.4955E+03 
              675.851E-03         63.6645E+03 
              677.612E-03         63.9152E+03 
              678.052E-03         63.9798E+03 
              678.493E-03         64.0436E+03 
              679.155E-03         64.138E+03  
              679.403E-03         64.1737E+03 
              679.775E-03         64.227E+03  
              680.333E-03         64.3067E+03 
              681.172E-03         64.427E+03  
              682.43E-03          64.6101E+03 
              683.689E-03         64.7956E+03 
              684.949E-03         64.9801E+03 
              686.211E-03         65.1601E+03 
              687.473E-03         65.3326E+03 
              688.737E-03         65.4948E+03 
              690.001E-03         65.6449E+03 
              690.476E-03         65.7006E+03 
              691.188E-03         65.7785E+03 
              692.256E-03         65.8846E+03 
              693.861E-03         66.0212E+03 
              695.467E-03         66.1376E+03 
              697.075E-03         66.2343E+03 
              698.684E-03         66.3138E+03 
              700.296E-03         66.3796E+03 
              701.909E-03         66.4361E+03 
              702.312E-03         66.4512E+03 
              702.716E-03         66.4654E+03 
              703.018E-03         66.4755E+03 
              703.473E-03         66.4897E+03 
              704.154E-03         66.5098E+03 
              705.177E-03         66.5394E+03 
              706.713E-03         66.5858E+03 
              707.29E-03          66.6054E+03 
              708.155E-03         66.6345E+03 
              708.479E-03         66.6462E+03 
              708.966E-03         66.6635E+03 
              709.148E-03         66.6703E+03 
              709.422E-03         66.6804E+03 
              709.833E-03         66.6956E+03 
              710.45E-03          66.7191E+03 
              711.376E-03         66.7568E+03 
              712.765E-03         66.82E+03   
              714.156E-03         66.8917E+03 
              715.547E-03         66.972E+03  
              716.94E-03          67.0616E+03 
              718.335E-03         67.1613E+03 
              718.683E-03         67.188E+03  
              719.032E-03         67.215E+03  
              719.163E-03         67.2253E+03 
              719.359E-03         67.2408E+03 
              719.654E-03         67.2641E+03 
              720.095E-03         67.2997E+03 
              720.758E-03         67.3552E+03 
              721.007E-03         67.3769E+03 
              721.38E-03          67.4098E+03 
              721.94E-03          67.4608E+03 
              722.78E-03          67.5409E+03 
              724.041E-03         67.6701E+03 
              724.514E-03         67.721E+03  
              725.224E-03         67.7993E+03 
              726.289E-03         67.9218E+03 
              726.689E-03         67.9694E+03 
              726.838E-03         67.9876E+03 
              727.063E-03         68.0148E+03 
              727.401E-03         68.056E+03  
              727.907E-03         68.1185E+03 
              728.667E-03         68.2147E+03 
              729.807E-03         68.3646E+03 
              730.235E-03         68.4226E+03 
              730.876E-03         68.5104E+03 
              731.117E-03         68.5439E+03 
              731.478E-03         68.5942E+03 
              731.614E-03         68.6132E+03 
              731.817E-03         68.6417E+03 
              732.122E-03         68.6846E+03 
              732.579E-03         68.7493E+03 
              733.037E-03         68.8146E+03 
              733.495E-03         68.8805E+03 
              734.182E-03         68.9797E+03 
              735.212E-03         69.1293E+03 
              736.76E-03          69.3526E+03 
              737.34E-03          69.4378E+03 
              737.558E-03         69.4698E+03 
              737.885E-03         69.5174E+03 
              738.375E-03         69.5876E+03 
              739.111E-03         69.6912E+03 
              740.215E-03         69.8428E+03 
              741.872E-03         70.0605E+03 
              742.494E-03         70.1425E+03 
              743.427E-03         70.2602E+03 
              744.829E-03         70.4265E+03 
              746.231E-03         70.584E+03  
              747.634E-03         70.7314E+03 
              748.161E-03         70.7864E+03 
              748.951E-03         70.8641E+03 
              749.248E-03         70.8931E+03 
              749.692E-03         70.935E+03  
              750.36E-03          70.9947E+03 
              750.61E-03          71.017E+03  
              750.985E-03         71.0495E+03 
              751.549E-03         71.096E+03  
              752.394E-03         71.1611E+03 
              753.664E-03         71.2494E+03 
              754.14E-03          71.2825E+03 
              754.854E-03         71.3283E+03 
              755.927E-03         71.3902E+03 
              757.E-03            71.4472E+03 
              758.073E-03         71.5E+03    
              758.476E-03         71.52E+03   
              758.627E-03         71.5275E+03 
              758.854E-03         71.5384E+03 
              759.194E-03         71.554E+03  
              759.704E-03         71.5762E+03 
              760.214E-03         71.5978E+03 
              760.725E-03         71.6189E+03 
              761.491E-03         71.6493E+03 
              762.64E-03          71.6938E+03 
              764.366E-03         71.7629E+03 
              764.798E-03         71.7822E+03 
              765.23E-03          71.8012E+03 
              765.878E-03         71.8296E+03 
              766.85E-03          71.8743E+03 
              767.215E-03         71.8922E+03 
              767.762E-03         71.9197E+03 
              768.583E-03         71.9634E+03 
              768.892E-03         71.9808E+03 
              769.354E-03         72.0075E+03 
              770.047E-03         72.0495E+03 
              771.088E-03         72.1182E+03 
              771.869E-03         72.1738E+03 
              773.042E-03         72.2634E+03 
              773.481E-03         72.299E+03  
              774.141E-03         72.3536E+03 
              775.132E-03         72.4391E+03 
              776.618E-03         72.5759E+03 
              778.106E-03         72.7206E+03 
              779.595E-03         72.8697E+03 
              781.085E-03         73.0193E+03 
              782.577E-03         73.1663E+03 
              784.07E-03          73.3077E+03 
              784.443E-03         73.3439E+03 
              784.817E-03         73.3792E+03 
              785.377E-03         73.4303E+03 
              786.218E-03         73.5032E+03 
              787.48E-03          73.6055E+03 
              787.953E-03         73.6441E+03 
              788.664E-03         73.6986E+03 
              789.73E-03          73.7745E+03 
              791.331E-03         73.8782E+03 
              792.933E-03         73.9758E+03 
              794.536E-03         74.0698E+03 
              796.141E-03         74.1631E+03 
              796.743E-03         74.1996E+03 
              797.647E-03         74.2531E+03 
              799.003E-03         74.3355E+03 
              799.512E-03         74.3681E+03 
              799.703E-03         74.3806E+03 
              799.989E-03         74.3992E+03 
              800.418E-03         74.4271E+03 
              801.063E-03         74.4697E+03 
              801.708E-03         74.5139E+03 
              802.353E-03         74.5597E+03 
              803.321E-03         74.6318E+03 
              804.773E-03         74.7493E+03 
              805.318E-03         74.7962E+03 
              806.136E-03         74.8685E+03 
              807.364E-03         74.9839E+03 
              809.207E-03         75.1744E+03 
              811.052E-03         75.3832E+03 
              812.898E-03         75.607E+03  
              814.746E-03         75.8425E+03 
              816.597E-03         76.0862E+03 
              818.449E-03         76.334E+03  
              820.302E-03         76.5821E+03 
              822.158E-03         76.8267E+03 
              824.015E-03         77.0644E+03 
              824.48E-03          77.1249E+03 
              824.945E-03         77.1843E+03 
              825.642E-03         77.2707E+03 
              826.688E-03         77.396E+03  
              828.259E-03         77.5753E+03 
              828.848E-03         77.6429E+03 
              829.733E-03         77.7401E+03 
              831.06E-03          77.8791E+03 
              831.558E-03         77.9315E+03 
              832.305E-03         78.0075E+03 
              833.426E-03         78.1174E+03 
              835.11E-03          78.2763E+03 
              836.794E-03         78.4323E+03 
              837.216E-03         78.4724E+03 
              837.637E-03         78.5118E+03 
              838.27E-03          78.5696E+03 
              839.218E-03         78.6545E+03 
              840.643E-03         78.7795E+03 
              842.068E-03         78.9029E+03 
              843.494E-03         79.0235E+03 
              844.03E-03          79.0693E+03 
              844.833E-03         79.1356E+03 
              846.038E-03         79.2312E+03 
              847.847E-03         79.3692E+03 
              848.525E-03         79.4221E+03 
              849.544E-03         79.4987E+03 
              849.926E-03         79.5278E+03 
              850.499E-03         79.5706E+03 
              851.36E-03          79.634E+03  
              852.651E-03         79.7292E+03 
              853.135E-03         79.766E+03  
              853.862E-03         79.8206E+03 
              854.953E-03         79.9022E+03 
              856.59E-03          80.0246E+03 
              857.204E-03         80.0721E+03 
              858.125E-03         80.1415E+03 
              859.509E-03         80.2435E+03 
              860.028E-03         80.2827E+03 
              860.807E-03         80.3401E+03 
              861.975E-03         80.4246E+03 
              863.729E-03         80.5514E+03 
              865.485E-03         80.6822E+03 
              867.242E-03         80.8187E+03 
              869.001E-03         80.9625E+03 
              869.441E-03         81.0003E+03 
              870.101E-03         81.0568E+03 
              870.349E-03         81.0783E+03 
              870.72E-03          81.1106E+03 
              871.277E-03         81.1592E+03 
              872.113E-03         81.2335E+03 
              873.368E-03         81.3479E+03 
              875.252E-03         81.5228E+03 
              877.137E-03         81.6994E+03 
              878.552E-03         81.8321E+03 
              879.968E-03         81.9626E+03 
              880.5E-03           82.0123E+03 
              881.297E-03         82.0849E+03 
              882.493E-03         82.191E+03  
              884.289E-03         82.3455E+03 
              884.963E-03         82.4044E+03 
              885.974E-03         82.4899E+03 
              887.491E-03         82.6141E+03 
              888.06E-03          82.6615E+03 
              888.915E-03         82.7309E+03 
              890.197E-03         82.833E+03  
              892.121E-03         82.9862E+03 
              892.844E-03         83.0457E+03 
              893.927E-03         83.1339E+03 
              895.554E-03         83.268E+03  
              896.164E-03         83.3202E+03 
              897.08E-03          83.3982E+03 
              898.454E-03         83.5168E+03 
              900.517E-03         83.6996E+03 
              902.582E-03         83.888E+03  
              904.649E-03         84.081E+03  
              905.036E-03         84.1188E+03 
              905.424E-03         84.1563E+03 
              906.006E-03         84.2119E+03 
              906.879E-03         84.295E+03  
              908.189E-03         84.4213E+03 
              910.156E-03         84.6168E+03 
              910.894E-03         84.6928E+03 
              912.002E-03         84.8073E+03 
              913.664E-03         84.9829E+03 
              914.288E-03         85.0509E+03 
              915.223E-03         85.153E+03  
              916.628E-03         85.3084E+03 
              917.155E-03         85.3681E+03 
              917.945E-03         85.4577E+03 
              918.242E-03         85.4917E+03 
              918.687E-03         85.5427E+03 
              919.354E-03         85.6192E+03 
              920.356E-03         85.7348E+03 
              920.731E-03         85.7789E+03 
              921.295E-03         85.845E+03  
              922.141E-03         85.9442E+03 
              922.987E-03         86.0439E+03 
              923.833E-03         86.1437E+03 
              925.104E-03         86.292E+03  
              927.01E-03          86.509E+03  
              928.918E-03         86.7184E+03 
              929.396E-03         86.7716E+03 
              929.873E-03         86.8236E+03 
              930.589E-03         86.8988E+03 
              931.664E-03         87.0064E+03 
              933.277E-03         87.1567E+03 
              933.882E-03         87.2128E+03 
              934.791E-03         87.2921E+03 
              936.153E-03         87.4023E+03 
              936.665E-03         87.4435E+03 
              937.432E-03         87.5021E+03 
              938.583E-03         87.5848E+03 
              940.311E-03         87.701E+03  
              942.04E-03          87.8132E+03 
              943.77E-03          87.9232E+03 
              944.203E-03         87.9518E+03 
              944.636E-03         87.9799E+03 
              945.285E-03         88.0212E+03 
              946.26E-03          88.0827E+03 
              947.722E-03         88.1765E+03 
              948.271E-03         88.2132E+03 
              949.094E-03         88.268E+03  
              950.33E-03          88.3513E+03 
              950.793E-03         88.3837E+03 
              951.488E-03         88.4322E+03 
              952.532E-03         88.5056E+03 
              954.098E-03         88.6184E+03 
              954.685E-03         88.6623E+03 
              955.567E-03         88.7279E+03 
              956.889E-03         88.8272E+03 
              957.386E-03         88.8656E+03 
              958.13E-03          88.923E+03  
              959.247E-03         89.0098E+03 
              960.924E-03         89.1438E+03 
              962.602E-03         89.2837E+03 
              964.281E-03         89.4302E+03 
              964.911E-03         89.4872E+03 
              965.857E-03         89.5736E+03 
              967.275E-03         89.7081E+03 
              967.807E-03         89.7603E+03 
              968.606E-03         89.8397E+03 
              969.804E-03         89.9626E+03 
              970.703E-03         90.0579E+03 
              972.052E-03         90.2054E+03 
              973.402E-03         90.3583E+03 
              974.753E-03         90.5155E+03 
              975.091E-03         90.5559E+03 
              975.428E-03         90.5963E+03 
              975.935E-03         90.6568E+03 
              976.696E-03         90.748E+03  
              977.456E-03         90.8401E+03 
              978.217E-03         90.9331E+03 
              978.503E-03         90.9683E+03 
              978.931E-03         91.0211E+03 
              979.573E-03         91.1002E+03 
              980.537E-03         91.2189E+03 
              980.898E-03         91.2639E+03 
              981.441E-03         91.3311E+03 
              981.848E-03         91.3816E+03 
              982.458E-03         91.4568E+03 
              983.069E-03         91.5318E+03 
              983.679E-03         91.6065E+03 
              984.29E-03          91.6809E+03 
              984.901E-03         91.7548E+03 
              985.513E-03         91.828E+03  
              986.43E-03          91.9357E+03 
              986.774E-03         91.9762E+03 
              987.29E-03          92.036E+03  
              988.064E-03         92.1228E+03 
              988.354E-03         92.1553E+03 
              988.79E-03          92.2029E+03 
              989.444E-03         92.2713E+03 
              989.689E-03         92.2967E+03 
              990.057E-03         92.3335E+03 
              990.608E-03         92.3854E+03 
              991.436E-03         92.4527E+03 
              992.264E-03         92.5057E+03 
              992.471E-03         92.5182E+03 
              992.679E-03         92.5297E+03 
              992.989E-03         92.5441E+03 
              993.455E-03         92.5584E+03 
              994.155E-03         92.5593E+03 
              994.417E-03         92.5569E+03 
              994.81E-03          92.5454E+03 
              995.401E-03         92.5078E+03 
              995.991E-03         92.4474E+03 
              996.582E-03         92.362E+03  
              996.803E-03         92.3265E+03 
              997.136E-03         92.2646E+03 
              997.634E-03         92.1517E+03 
              998.382E-03         91.938E+03  
              999.13E-03          91.6845E+03 
              999.879E-03         91.3983E+03 
                1.00063           91.09E+03   
                1.00138           90.7725E+03 
                1.00213           90.4596E+03 
                1.00287           90.1652E+03 
                1.00362           89.9016E+03 
                1.00391           89.808E+03  
                1.00433           89.6802E+03 
                1.00496           89.5213E+03 
                1.0052            89.4668E+03 
                1.00555           89.3962E+03 
                1.00569           89.3714E+03 
                1.00589           89.3378E+03 
                1.00619           89.2956E+03 
                1.00664           89.2503E+03 
                1.00731           89.2188E+03 
                1.00833           89.2305E+03 
                1.00858           89.2371E+03 
                1.00884           89.2466E+03 
                1.00922           89.2656E+03 
                1.00936           89.2734E+03 
                1.00957           89.286E+03  
                1.0099            89.3064E+03 
                1.01038           89.3366E+03 
                1.0111            89.3709E+03 
                1.01219           89.3666E+03 
                1.01246           89.3621E+03 
                1.01273           89.3531E+03 
                1.01314           89.3282E+03 
                1.01375           89.2617E+03 
                1.01398           89.2327E+03 
                1.01432           89.1791E+03 
                1.01483           89.0753E+03 
                1.01503           89.0332E+03 
                1.01532           88.9626E+03 
                1.01575           88.84E+03   
                1.01641           88.6219E+03 
                1.01706           88.3745E+03 
                1.01771           88.1038E+03 
                1.01837           87.817E+03  
                1.01935           87.3749E+03 
                1.01959           87.2644E+03 
                1.01984           87.154E+03  
                1.0202            86.9894E+03 
                1.02076           86.7488E+03 
                1.02096           86.6598E+03 
                1.02127           86.5292E+03 
                1.02174           86.3411E+03 
                1.02244           86.0785E+03 
                1.02349           85.7258E+03 
                1.02401           85.5596E+03 
                1.02454           85.4019E+03 
                1.02532           85.1809E+03 
                1.02552           85.1269E+03 
                1.02572           85.0737E+03 
                1.02601           84.9958E+03 
                1.02645           84.8831E+03 
                1.02712           84.7242E+03 
                1.02737           84.6664E+03 
                1.02774           84.5835E+03 
                1.0283            84.4695E+03 
                1.02886           84.3688E+03 
                1.02942           84.2838E+03 
                1.02999           84.2173E+03 
                1.03055           84.1715E+03 
                1.03076           84.1575E+03 
                1.03107           84.1435E+03 
                1.03155           84.1393E+03 
                1.0319            84.1458E+03 
                1.03244           84.1772E+03 
                1.03297           84.2298E+03 
                1.0335            84.3024E+03 
                1.03404           84.393E+03  
                1.03444           84.4704E+03 
                1.03504           84.6031E+03 
                1.03564           84.7481E+03 
                1.03624           84.9003E+03 
                1.03684           85.0539E+03 
                1.03744           85.2031E+03 
                1.03804           85.342E+03  
                1.03864           85.4651E+03 
                1.03954           85.5969E+03 
                1.04045           85.6622E+03 
                1.04067           85.6745E+03 
                1.0409            85.6822E+03 
                1.04124           85.6827E+03 
                1.04136           85.6813E+03 
                1.04155           85.6756E+03 
                1.04184           85.6585E+03 
                1.04227           85.613E+03  
                1.04291           85.4989E+03 
                1.04315           85.4499E+03 
                1.04351           85.362E+03  
                1.04406           85.1985E+03 
                1.04487           84.8917E+03 
                1.04568           84.5373E+03 
                1.0465            84.1526E+03 
                1.04731           83.7575E+03 
                1.04813           83.3721E+03 
                1.04895           83.0151E+03 
                1.04976           82.7016E+03 
                1.05058           82.4424E+03 
                1.05139           82.2432E+03 
                1.05262           82.0762E+03 
                1.05292           82.0432E+03 
                1.05323           82.018E+03  
                1.05369           81.9968E+03 
                1.05386           81.9912E+03 
                1.05412           81.9876E+03 
                1.05451           81.992E+03  
                1.05509           82.017E+03  
                1.05538           82.0338E+03 
                1.05567           82.054E+03  
                1.05611           82.0901E+03 
                1.05627           82.1045E+03 
                1.05652           82.1272E+03 
                1.05689           82.1627E+03 
                1.05744           82.2152E+03 
                1.05799           82.2633E+03 
                1.05854           82.3034E+03 
                1.0591            82.3327E+03 
                1.05965           82.3486E+03 
                1.0602            82.3496E+03 
                1.06076           82.3344E+03 
                1.0609            82.3297E+03 
                1.06103           82.324E+03  
                1.06124           82.313E+03  
                1.06155           82.291E+03  
                1.06202           82.246E+03  
                1.0622            82.2276E+03 
                1.06246           82.1963E+03 
                1.06285           82.1415E+03 
                1.063             82.1199E+03 
                1.06322           82.0852E+03 
                1.06356           82.0281E+03 
                1.06405           81.9331E+03 
                1.0648            81.776E+03  
                1.06508           81.7157E+03 
                1.06551           81.6228E+03 
                1.06614           81.4824E+03 
                1.06709           81.2829E+03 
                1.06804           81.1054E+03 
                1.06898           80.9571E+03 
                1.06993           80.8415E+03 
                1.07017           80.815E+03  
                1.07041           80.7906E+03 
                1.07077           80.7586E+03 
                1.07112           80.7313E+03 
                1.07148           80.7085E+03 
                1.07201           80.6838E+03 
                1.07255           80.6675E+03 
                1.07308           80.6582E+03 
                1.07362           80.6544E+03 
                1.07415           80.6543E+03 
                1.07495           80.6554E+03 
                1.07576           80.6522E+03 
                1.07656           80.6386E+03 
                1.07736           80.6097E+03 
                1.07756           80.6017E+03 
                1.07776           80.5926E+03 
                1.07807           80.576E+03  
                1.07852           80.5442E+03 
                1.0792            80.4792E+03 
                1.07987           80.397E+03  
                1.08055           80.2981E+03 
                1.08123           80.1842E+03 
                1.08191           80.0574E+03 
                1.08259           79.9208E+03 
                1.08327           79.7777E+03 
                1.08429           79.5612E+03 
                1.08454           79.5076E+03 
                1.0848            79.4543E+03 
                1.08518           79.3754E+03 
                1.08575           79.2615E+03 
                1.08597           79.2197E+03 
                1.08629           79.159E+03  
                1.08677           79.0729E+03 
                1.0875            78.9566E+03 
                1.08859           78.8088E+03 
                1.08968           78.6802E+03 
                1.09077           78.5581E+03 
                1.09186           78.4274E+03 
                1.09213           78.3943E+03 
                1.09241           78.3601E+03 
                1.09281           78.3055E+03 
                1.09343           78.2131E+03 
                1.09435           78.0434E+03 
                1.09469           77.9754E+03 
                1.09482           77.9493E+03 
                1.09502           77.9085E+03 
                1.09531           77.8433E+03 
                1.09575           77.7362E+03 
                1.0964            77.5534E+03 
                1.09665           77.482E+03  
                1.09702           77.3676E+03 
                1.09757           77.1802E+03 
                1.0984            76.8655E+03 
                1.09861           76.7851E+03 
                1.09882           76.7027E+03 
                1.09913           76.5746E+03 
                1.0996            76.3737E+03 
                1.1003            76.0559E+03 
                1.101             75.7259E+03 
                1.1017            75.3882E+03 
                1.10188           75.3035E+03 
                1.10206           75.2184E+03 
                1.10232           75.0901E+03 
                1.10271           74.8971E+03 
                1.10331           74.6088E+03 
                1.1039            74.3249E+03 
                1.10449           74.0478E+03 
                1.10464           73.9791E+03 
                1.10479           73.9109E+03 
                1.10501           73.8099E+03 
                1.10534           73.6615E+03 
                1.10584           73.4473E+03 
                1.1066            73.1486E+03 
                1.10688           73.0402E+03 
                1.1073            72.8856E+03 
                1.10793           72.6725E+03 
                1.10888           72.3955E+03 
                1.10924           72.298E+03  
                1.10978           72.1643E+03 
                1.11058           71.9884E+03 
                1.11178           71.7641E+03 
                1.11208           71.7107E+03 
                1.11238           71.6592E+03 
                1.11284           71.585E+03  
                1.11351           71.4781E+03 
                1.11377           71.4386E+03 
                1.11415           71.3801E+03 
                1.11472           71.2927E+03 
                1.11558           71.1612E+03 
                1.1159            71.1122E+03 
                1.11639           71.0384E+03 
                1.11711           70.9288E+03 
                1.11738           70.8881E+03 
                1.11779           70.828E+03  
                1.1184            70.741E+03  
                1.11901           70.6586E+03 
                1.11963           70.5819E+03 
                1.12024           70.5112E+03 
                1.12116           70.4172E+03 
                1.12208           70.3327E+03 
                1.12299           70.2541E+03 
                1.12334           70.2256E+03 
                1.12386           70.1832E+03 
                1.12463           70.1196E+03 
                1.1258            70.0256E+03 
                1.12609           70.0027E+03 
                1.12638           69.98E+03   
                1.12681           69.9464E+03 
                1.12747           69.8991E+03 
                1.12845           69.8436E+03 
                1.12993           69.8205E+03 
                1.1303            69.8196E+03 
                1.13067           69.823E+03  
                1.13122           69.8384E+03 
                1.13205           69.8854E+03 
                1.1333            69.9951E+03 
                1.13454           70.1152E+03 
                1.13485           70.1459E+03 
                1.13517           70.176E+03  
                1.13563           70.2177E+03 
                1.13633           70.2644E+03 
                1.1366            70.2794E+03 
                1.13699           70.2945E+03 
                1.13758           70.2949E+03 
                1.13847           70.2296E+03 
                1.13881           70.1954E+03 
                1.13931           70.1191E+03 
                1.14006           69.9438E+03 
                1.14062           69.7774E+03 
                1.14083           69.7101E+03 
                1.14115           69.5979E+03 
                1.14162           69.4048E+03 
                1.14233           69.0652E+03 
                1.14305           68.6842E+03 
                1.14376           68.2724E+03 
                1.14394           68.1679E+03 
                1.14411           68.0619E+03 
                1.14438           67.8998E+03 
                1.14478           67.6526E+03 
                1.14538           67.2814E+03 
                1.14561           67.1428E+03 
                1.14569           67.091E+03  
                1.14582           67.0135E+03 
                1.14587           66.9845E+03 
                1.14594           66.941E+03  
                1.14605           66.8762E+03 
                1.14621           66.7798E+03 
                1.14645           66.6378E+03 
                1.14681           66.4324E+03 
                1.14735           66.1473E+03 
                1.14756           66.0442E+03 
                1.14786           65.8983E+03 
                1.14832           65.7024E+03 
                1.14901           65.4661E+03 
                1.15004           65.24E+03   
                1.15107           65.1223E+03 
                1.1521            65.0808E+03 
                1.15236           65.075E+03  
                1.15261           65.0727E+03 
                1.153             65.075E+03  
                1.15358           65.0825E+03 
                1.1538            65.0855E+03 
                1.15413           65.0885E+03 
                1.15462           65.0842E+03 
                1.1548            65.0812E+03 
                1.15507           65.0722E+03 
                1.15549           65.0458E+03 
                1.15611           64.9678E+03 
                1.15704           64.752E+03  
                1.15797           64.4319E+03 
                1.1589            64.0126E+03 
                1.15983           63.5098E+03 
                1.16006           63.3794E+03 
                1.1603            63.2444E+03 
                1.16065           63.0326E+03 
                1.16117           62.6995E+03 
                1.16196           62.1854E+03 
                1.16225           61.9919E+03 
                1.16269           61.7035E+03 
                1.16286           61.5958E+03 
                1.16311           61.4361E+03 
                1.16348           61.2028E+03 
                1.16404           60.875E+03  
                1.16488           60.4542E+03 
                1.1652            60.3077E+03 
                1.16567           60.1151E+03 
                1.16585           60.047E+03  
                1.16611           59.9539E+03 
                1.16651           59.836E+03  
                1.16711           59.7084E+03 
                1.16734           59.6676E+03 
                1.16767           59.6219E+03 
                1.16818           59.586E+03  
                1.16894           59.5962E+03 
                1.16969           59.6572E+03 
                1.17045           59.7541E+03 
                1.17121           59.8703E+03 
                1.17235           60.033E+03  
                1.17263           60.0725E+03 
                1.17292           60.1096E+03 
                1.17334           60.1568E+03 
                1.1735            60.1733E+03 
                1.17374           60.1945E+03 
                1.17411           60.2173E+03 
                1.17465           60.2262E+03 
                1.17546           60.1704E+03 
                1.17667           59.903E+03  
                1.17698           59.8247E+03 
                1.17728           59.7343E+03 
                1.17774           59.5703E+03 
                1.17791           59.5048E+03 
                1.17817           59.3976E+03 
                1.17855           59.2165E+03 
                1.17913           58.9009E+03 
                1.17935           58.7766E+03 
                1.17967           58.5772E+03 
                1.18016           58.2515E+03 
                1.18065           57.9027E+03 
                1.18113           57.5349E+03 
                1.18162           57.1525E+03 
                1.18174           57.0562E+03 
                1.18193           56.91E+03   
                1.1822            56.6879E+03 
                1.18261           56.3514E+03 
                1.18323           55.8489E+03 
                1.18346           55.6615E+03 
                1.18381           55.3836E+03 
                1.18433           54.9782E+03 
                1.18453           54.8281E+03 
                1.18482           54.6075E+03 
                1.18526           54.2878E+03 
                1.18592           53.8339E+03 
                1.18609           53.7221E+03 
                1.18625           53.612E+03  
                1.1865            53.4504E+03 
                1.18687           53.2152E+03 
                1.18743           52.8767E+03 
                1.18827           52.3908E+03 
                1.18952           51.6903E+03 
                1.18983           51.5172E+03 
                1.19015           51.3453E+03 
                1.19062           51.0895E+03 
                1.19132           50.7113E+03 
                1.19159           50.5705E+03 
                1.19199           50.3612E+03 
                1.19258           50.0534E+03 
                1.19281           49.939E+03  
                1.19314           49.7698E+03 
                1.19327           49.7067E+03 
                1.19346           49.613E+03  
                1.19374           49.4744E+03 
                1.19416           49.2717E+03 
                1.1948            48.9786E+03 
                1.19504           48.8705E+03 
                1.1954            48.7113E+03 
                1.19553           48.652E+03  
                1.19573           48.5641E+03 
                1.19604           48.4337E+03 
                1.19615           48.385E+03  
                1.19632           48.3125E+03 
                1.19657           48.2043E+03 
                1.19696           48.043E+03  
                1.19734           47.8821E+03 
                1.19772           47.7207E+03 
                1.19811           47.5581E+03 
                1.19849           47.3932E+03 
                1.19887           47.2252E+03 
                1.19926           47.0532E+03 
                1.19964           46.8765E+03 
                1.20002           46.6946E+03 
                1.20031           46.555E+03  
                1.2006            46.412E+03  
                1.20103           46.1897E+03 
                1.20167           45.8393E+03 
                1.20264           45.2851E+03 
                1.20362           44.7185E+03 
                1.20386           44.5766E+03 
                1.2041            44.4345E+03 
                1.20446           44.2215E+03 
                1.20501           43.9068E+03 
                1.20522           43.7897E+03 
                1.20552           43.6168E+03 
                1.20598           43.3652E+03 
                1.20668           43.0113E+03 
                1.20694           42.8825E+03 
                1.20732           42.699E+03  
                1.20791           42.4509E+03 
                1.20878           42.1576E+03 
                1.20911           42.0599E+03 
                1.20961           41.9424E+03 
                1.21034           41.8344E+03 
                1.21145           41.8104E+03 
                1.21256           41.9004E+03 
                1.21284           41.9299E+03 
                1.21312           41.9653E+03 
                1.21353           42.0293E+03 
                1.21369           42.0547E+03 
                1.21392           42.0955E+03 
                1.21428           42.1612E+03 
                1.2148            42.2642E+03 
                1.21533           42.3664E+03 
                1.21586           42.4627E+03 
                1.21605           42.4978E+03 
                1.21635           42.5472E+03 
                1.2168            42.6113E+03 
                1.21746           42.6786E+03 
                1.21796           42.7108E+03 
                1.21871           42.711E+03  
                1.219             42.7045E+03 
                1.21942           42.6798E+03 
                1.22005           42.6112E+03 
                1.221             42.446E+03  
                1.22172           42.2928E+03 
                1.22243           42.1173E+03 
                1.22315           41.9269E+03 
                1.22386           41.7307E+03 
                1.22457           41.5372E+03 
                1.22529           41.3525E+03 
                1.226             41.1818E+03 
                1.22672           41.0288E+03 
                1.22743           40.8952E+03 
                1.22815           40.7812E+03 
                1.22832           40.7541E+03 
                1.2285            40.7282E+03 
                1.22877           40.6921E+03 
                1.22917           40.6437E+03 
                1.22978           40.5832E+03 
                1.23              40.5624E+03 
                1.23034           40.5347E+03 
                1.23085           40.5007E+03 
                1.23161           40.4651E+03 
                1.2319            40.4541E+03 
                1.23233           40.4417E+03 
                1.23298           40.4314E+03 
                1.23322           40.4287E+03 
                1.23358           40.4268E+03 
                1.23394           40.4266E+03 
                1.23431           40.4278E+03 
                1.23485           40.4309E+03 
                1.23539           40.434E+03  
                1.23594           40.4354E+03 
                1.23648           40.4336E+03 
                1.23703           40.4269E+03 
                1.23757           40.4129E+03 
                1.23839           40.3696E+03 
                1.239             40.3224E+03 
                1.23962           40.258E+03  
                1.23985           40.2314E+03 
                1.24019           40.1853E+03 
                1.24071           40.1008E+03 
                1.24148           39.9375E+03 
                1.24226           39.7388E+03 
                1.24245           39.6871E+03 
                1.24265           39.6332E+03 
                1.24294           39.5476E+03 
                1.24338           39.4094E+03 
                1.24403           39.1839E+03 
                1.24428           39.0973E+03 
                1.24465           38.963E+03  
                1.2452            38.7545E+03 
                1.24603           38.4372E+03 
                1.24634           38.3185E+03 
                1.24681           38.1418E+03 
                1.24751           37.8811E+03 
                1.24821           37.6241E+03 
                1.24891           37.3675E+03 
                1.24961           37.1069E+03 
                1.25031           36.8371E+03 
                1.25049           36.7691E+03 
                1.25066           36.7004E+03 
                1.25084           36.6307E+03 
                1.25101           36.5601E+03 
                1.25128           36.4517E+03 
                1.25167           36.2825E+03 
                1.25226           36.0109E+03 
                1.25315           35.5584E+03 
                1.25404           35.0615E+03 
                1.25493           34.5265E+03 
                1.25626           33.6721E+03 
                1.25659           33.4563E+03 
                1.25692           33.2385E+03 
                1.25742           32.909E+03  
                1.25817           32.4161E+03 
                1.25836           32.2932E+03 
                1.25855           32.1706E+03 
                1.25883           31.9878E+03 
                1.25894           31.9195E+03 
                1.25909           31.8174E+03 
                1.25933           31.6653E+03 
                1.25969           31.4408E+03 
                1.26022           31.1143E+03 
                1.26102           30.648E+03  
                1.26223           29.9885E+03 
                1.26253           29.8263E+03 
                1.26283           29.666E+03  
                1.26328           29.4288E+03 
                1.26396           29.0768E+03 
                1.26497           28.5433E+03 
                1.26535           28.3418E+03 
                1.26592           28.0319E+03 
                1.26678           27.5446E+03 
                1.26742           27.1636E+03 
                1.26839           26.5466E+03 
                1.26935           25.8783E+03 
                1.27032           25.1571E+03 
                1.27128           24.3833E+03 
                1.27152           24.1867E+03 
                1.27177           23.9869E+03 
                1.27213           23.6798E+03 
                1.27267           23.2027E+03 
                1.27349           22.4507E+03 
                1.27471           21.2448E+03 
                1.27501           20.9389E+03 
                1.27532           20.6283E+03 
                1.27578           20.1519E+03 
                1.27647           19.4132E+03 
                1.27672           19.1336E+03 
                1.27711           18.7089E+03 
                1.27769           18.0628E+03 
                1.27827           17.4099E+03 
                1.27885           16.7522E+03 
                1.27943           16.092E+03  
                1.28002           15.432E+03  
                1.2806            14.775E+03  
                1.28118           14.1239E+03 
                1.2814            13.8808E+03 
                1.28172           13.5188E+03 
                1.28221           12.983E+03  
                1.2824            12.7832E+03 
                1.28267           12.4862E+03 
                1.28309           12.0474E+03 
                1.28371           11.4058E+03 
                1.28417           10.9349E+03 
                1.28487           10.2528E+03 
                1.28513           10.0007E+03 
                1.28553            9.63046E+03
                1.28612            9.09309E+03
                1.287              8.32601E+03
                1.28789            7.59514E+03
                1.28811            7.41483E+03
                1.28844            7.14901E+03
                1.28894            6.75981E+03
                1.28969            6.19429E+03
                1.28997            5.98483E+03
                1.29039            5.67538E+03
                1.29102            5.22009E+03
                1.29196            4.55438E+03
                1.29291            3.90704E+03
                1.29386            3.28236E+03
                1.2948             2.68929E+03
                1.29575            2.13826E+03
                1.2967             1.63841E+03
                1.29764            1.19658E+03
                1.29859          817.745      
                1.29954          504.708      
                1.30049          261.747      
                1.30191           50.2915     
                1.30333          -29.9625     
                1.30475            5.48253    
                1.30511           21.725      
                1.30547           44.4818     
                1.306             92.1924     
                1.3068           190.773      
                1.308            385.009      
                1.3083           436.6        
                1.3086           490.597      
                1.30872          511.196      
                1.30888          542.767      
                1.30914          591.497      
                1.30952          667.33       
                1.30966          696.187      
                1.30988          740.244      
                1.3102           807.873      
                1.31032          833.479      
                1.3105           872.322      
                1.31077          931.428      
                1.31117            1.02146E+03
                1.31178            1.15746E+03
                1.3127             1.35186E+03
                1.31361            1.537E+03  
                1.31453            1.70738E+03
                1.31544            1.85715E+03
                1.31636            1.98166E+03
                1.31727            2.07814E+03
                1.31819            2.14591E+03
                1.31911            2.18544E+03
                1.32002            2.19959E+03
                1.32094            2.19011E+03
                1.3214             2.17865E+03
                1.32185            2.16042E+03
                1.32254            2.12079E+03
                1.3228             2.10455E+03
                1.32319            2.07733E+03
                1.32377            2.03187E+03
                1.32398            2.01438E+03
                1.32431            1.98712E+03
                1.3248             1.94471E+03
                1.32498            1.92871E+03
                1.32526            1.90447E+03
                1.32567            1.86803E+03
                1.32629            1.81208E+03
                1.32652            1.7914E+03 
                1.32687            1.76195E+03
                1.3274             1.72228E+03
                1.32818            1.67387E+03
                1.32897            1.63672E+03
                1.32916            1.62811E+03
                1.32936            1.62015E+03
                1.32965            1.60963E+03
                1.33009            1.59685E+03
                1.33076            1.58423E+03
                1.33101            1.58054E+03
                1.33138            1.57676E+03
                1.33194            1.574E+03  
                1.33236            1.57333E+03
                1.33299            1.57228E+03
                1.33322            1.57225E+03
                1.33358            1.57348E+03
                1.33411            1.57836E+03
                1.3349             1.59236E+03
                1.3357             1.61272E+03
                1.3365             1.63876E+03
                1.33729            1.67023E+03
                1.33809            1.70759E+03
                1.33869            1.73949E+03
                1.33929            1.77551E+03
                1.33951            1.7902E+03 
                1.33985            1.81388E+03
                1.34035            1.85293E+03
                1.34073            1.88449E+03
                1.3413             1.93737E+03
                1.34151            1.95811E+03
                1.34183            1.99113E+03
                1.34231            2.04516E+03
                1.34303            2.13669E+03
                1.34375            2.23869E+03
                1.34447            2.35115E+03
                1.34519            2.47286E+03
                1.34591            2.60253E+03
                1.34663            2.7393E+03 
                1.34735            2.88277E+03
                1.34807            3.03284E+03
                1.34879            3.18964E+03
                1.34951            3.35361E+03
                1.35023            3.52546E+03
                1.3505             3.5912E+03 
                1.3509             3.69245E+03
                1.35151            3.85103E+03
                1.35174            3.9116E+03 
                1.35208            4.00479E+03
                1.35259            4.15044E+03
                1.35336            4.38466E+03
                1.35413            4.63628E+03
                1.3549             4.90832E+03
                1.35567            5.20236E+03
                1.35596            5.31588E+03
                1.35639            5.49293E+03
                1.35704            5.77293E+03
                1.35753            5.99076E+03
                1.35826            6.33303E+03
                1.35854            6.46362E+03
                1.35895            6.66385E+03
                1.35957            6.97283E+03
                1.36049            7.45187E+03
                1.36142            7.94214E+03
                1.36234            8.43813E+03
                1.36327            8.93356E+03
                1.36362            9.11913E+03
                1.36414            9.39517E+03
                1.36492            9.80004E+03
                1.36609           10.3728E+03 
                1.36727           10.8973E+03 
                1.36844           11.3629E+03 
                1.36961           11.7635E+03 
                1.37079           12.0965E+03 
                1.37196           12.362E+03  
                1.37314           12.5594E+03 
                1.3749            12.7136E+03 
                1.37666           12.745E+03  
                1.37843           12.6721E+03 
                1.38019           12.5116E+03 
                1.38196           12.2779E+03 
                1.3824            12.2156E+03 
                1.38284           12.149E+03  
                1.3835            12.0395E+03 
                1.38449           11.8563E+03 
                1.38598           11.5469E+03 
                1.38748           11.2077E+03 
                1.38897           10.8431E+03 
                1.39046           10.4584E+03 
                1.39195           10.0592E+03 
                1.39251            9.90832E+03
                1.39335            9.67871E+03
                1.39461            9.33205E+03
                1.39508            9.20236E+03
                1.39579            9.00816E+03
                1.39685            8.72077E+03
                1.39845            8.30652E+03
                1.39905            8.15445E+03
                1.39995            7.93268E+03
                1.40129            7.6167E+03 
                1.4018             7.50115E+03
                1.40256            7.33342E+03
                1.40284            7.27149E+03
                1.40327            7.18042E+03
                1.40391            7.04804E+03
                1.40487            6.85911E+03
                1.4063             6.59595E+03
                1.40684            6.50051E+03
                1.40765            6.36257E+03
                1.40887            6.16511E+03
                1.41069            5.88059E+03
                1.41138            5.77579E+03
                1.4124             5.61933E+03
                1.41394            5.38526E+03
                1.41625            5.03364E+03
                1.41683            4.94657E+03
                1.41741            4.85912E+03
                1.41827            4.72705E+03
                1.41958            4.52711E+03
                1.42153            4.22171E+03
                1.42226            4.10711E+03
                1.42336            3.93232E+03
                1.425              3.66477E+03
                1.42562            3.56437E+03
                1.42655            3.41189E+03
                1.42794            3.18007E+03
                1.43002            2.82736E+03
                1.43211            2.47022E+03
                1.4342             2.10699E+03
                1.43472            2.01645E+03
                1.43551            1.87901E+03
                1.4358             1.82741E+03
                1.43624            1.74948E+03
                1.4369             1.6315E+03 
                1.43789            1.45238E+03
                1.43938            1.17929E+03
                1.44161          761.664      
                1.44385          339.959      
                1.44608          -82.2804     
                1.44692         -239.702      
                1.44818         -475.852      
                1.45006         -825.75       
                1.45077         -955.432      
                1.45183           -1.14815E+03
                1.45343           -1.42966E+03
                1.45402           -1.53341E+03
                1.45492           -1.68597E+03
                1.45626           -1.90494E+03
                1.45677           -1.98513E+03
                1.45753           -2.10182E+03
                1.45828           -2.21429E+03
                1.45904           -2.32195E+03
                1.46017           -2.47049E+03
                1.46188           -2.65711E+03
                1.46358           -2.80218E+03
                1.46528           -2.90212E+03
                1.46592           -2.93232E+03
                1.46688           -2.96103E+03
                1.46832           -2.96326E+03
                1.47048           -2.8752E+03 
                1.47129           -2.82861E+03
                1.4725            -2.73137E+03
                1.47433           -2.52421E+03
                1.47501           -2.43728E+03
                1.47604           -2.28856E+03
                1.47706           -2.12196E+03
                1.47809           -1.93888E+03
                1.47963           -1.63372E+03
                1.4802            -1.51483E+03
                1.48107           -1.32916E+03
                1.48237           -1.03823E+03
                1.48432         -590.959      
                1.48627         -149.302      
                1.48822          272.321      
                1.49017          663.631      
                1.49212            1.01803E+03
                1.49407            1.33194E+03
                1.49603            1.60447E+03
                1.49652            1.67054E+03
                1.497              1.73386E+03
                1.49774            1.82267E+03
                1.49884            1.94296E+03
                1.50049            2.09681E+03
                1.50213            2.22751E+03
                1.50255            2.25917E+03
                1.50296            2.28937E+03
                1.50358            2.33148E+03
                1.50451            2.38841E+03
                1.5059             2.46287E+03
                1.50799            2.5603E+03 
                1.50851            2.58464E+03
                1.50903            2.60842E+03
                1.50982            2.64297E+03
                1.51099            2.69226E+03
                1.51276            2.76123E+03
                1.51342            2.78707E+03
                1.51441            2.82471E+03
                1.5159             2.88209E+03
                1.51646            2.90434E+03
                1.5173             2.9386E+03 
                1.51761            2.95175E+03
                1.51808            2.97187E+03
                1.51879            3.00326E+03
                1.5195             3.03632E+03
                1.5202             3.07131E+03
                1.52126            3.12863E+03
                1.52286            3.22746E+03
                1.52524            3.40562E+03
                1.52763            3.61136E+03
                1.53002            3.84008E+03
                1.53122            3.9597E+03 
                1.53241            4.08254E+03
                1.53286            4.12927E+03
                1.53354            4.19996E+03
                1.53454            4.30712E+03
                1.53606            4.46906E+03
                1.53833            4.70913E+03
                1.5406             4.94302E+03
                1.54287            5.16266E+03
                1.54515            5.36343E+03
                1.54742            5.54352E+03
                1.5497             5.70158E+03
                1.55197            5.83626E+03
                1.55425            5.94462E+03
                1.55482            5.96998E+03
                1.55539            5.99387E+03
                1.55624            6.02643E+03
                1.55752            6.0679E+03 
                1.5588             6.1025E+03 
                1.56009            6.13087E+03
                1.56201            6.16456E+03
                1.56393            6.18492E+03
                1.56586            6.18421E+03
                1.56778            6.16396E+03
                1.57067            6.08799E+03
                1.57211            6.03927E+03
                1.57355            5.97794E+03
                1.57572            5.85752E+03
                1.57653            5.80994E+03
                1.57775            5.72923E+03
                1.57958            5.58471E+03
                1.58233            5.31906E+03
                1.58301            5.25052E+03
                1.5837             5.17881E+03
                1.58396            5.15156E+03
                1.58434            5.10967E+03
                1.58492            5.04471E+03
                1.58579            4.94247E+03
                1.58612            4.90361E+03
                1.58661            4.8439E+03 
                1.58679            4.82137E+03
                1.58706            4.78715E+03
                1.58748            4.73494E+03
                1.58789            4.68195E+03
                1.5883             4.6282E+03 
                1.58892            4.54583E+03
                1.58985            4.41859E+03
                1.59124            4.22011E+03
                1.59333            3.90726E+03
                1.59411            3.7857E+03 
                1.59529            3.60097E+03
                1.59705            3.32036E+03
                1.5997             2.90126E+03
                1.60036            2.79721E+03
                1.60102            2.69292E+03
                1.60202            2.53628E+03
                1.60351            2.30422E+03
                1.60574            1.96579E+03
                1.60742            1.72209E+03
                1.60993            1.36672E+03
                1.61245            1.0286E+03 
                1.61496          712.072      
                1.61591          597.216      
                1.61732          432.135      
                1.61945          204.47       
                1.62104           46.4971     
                1.62343         -161.743      
                1.62582         -340.206      
                1.62822         -489.704      
                1.63061         -611.012      
                1.633           -704.619      
                1.6348          -759.027      
                1.63749         -805.965      
                1.64019         -816.914      
                1.64288         -790.843      
                1.64558         -727.163      
                1.64828         -625.755      
                1.64929         -581.594      
                1.65081         -503.243      
                1.65308         -360.533      
                1.65394         -303.108      
                1.65522         -210.669      
                1.65714          -58.8224     
                1.66002          189.835      
                1.6611           286.483      
                1.66273          435.718      
                1.66516          665.788      
                1.66607          753.267      
                1.66744          884.267      
                1.6695             1.08076E+03
                1.67027            1.15496E+03
                1.67142            1.26517E+03
                1.67316            1.4274E+03 
                1.67576            1.66249E+03
                1.67836            1.88689E+03
                1.68097            2.10398E+03
                1.68357            2.31884E+03
                1.68618            2.53005E+03
                1.68878            2.73212E+03
                1.69139            2.92129E+03
                1.69399            3.10121E+03
                1.6966             3.27099E+03
                1.69725            3.31324E+03
                1.6979             3.35459E+03
                1.69888            3.41457E+03
                1.69925            3.4369E+03 
                1.6998             3.46974E+03
                1.70062            3.51752E+03
                1.70186            3.58609E+03
                1.70372            3.68217E+03
                1.70651            3.81084E+03
                1.70929            3.92357E+03
                1.71208            4.02065E+03
                1.71487            4.10258E+03
                1.71766            4.16983E+03
                1.7187             4.195E+03  
                1.72027            4.2289E+03 
                1.72263            4.26752E+03
                1.72616            4.29876E+03
                1.72793            4.30914E+03
                1.72969            4.31367E+03
                1.73234            4.30964E+03
                1.73334            4.30728E+03
                1.73483            4.30038E+03
                1.73707            4.28466E+03
                1.7393             4.26555E+03
                1.74154            4.24433E+03
                1.7449             4.21704E+03
                1.74826            4.19794E+03
                1.75162            4.18974E+03
                1.75498            4.19578E+03
                1.75834            4.21903E+03
                1.7617             4.25961E+03
                1.76506            4.31336E+03
                1.76632            4.33584E+03
                1.76822            4.37211E+03
                1.77105            4.43219E+03
                1.77389            4.497E+03  
                1.77673            4.56476E+03
                1.77957            4.63365E+03
                1.78241            4.70192E+03
                1.78668            4.79464E+03
                1.79094            4.87032E+03
                1.7952             4.91917E+03
                1.79627            4.93026E+03
                1.79733            4.93912E+03
                1.79893            4.94772E+03
                1.80133            4.94926E+03
                1.80493            4.9202E+03 
                1.80853            4.85656E+03
                1.80943            4.83891E+03
                1.81078            4.80676E+03
                1.81281            4.74626E+03
                1.81585            4.62782E+03
                1.81889            4.4818E+03 
                1.82193            4.30862E+03
                1.82649            3.99339E+03
                1.82763            3.91192E+03
                1.82877            3.8269E+03 
                1.83048            3.69227E+03
                1.83305            3.47706E+03
                1.83561            3.2512E+03 
                1.83818            3.0171E+03 
                1.84203            2.65527E+03
                1.84588            2.29204E+03
                1.84974            1.93823E+03
                1.85359            1.61084E+03
                1.85744            1.31264E+03
                1.8613             1.04953E+03
                1.86515          828.775      
                1.86901          656.561      
                1.87287          537.515      
                1.87431          501.041      
                1.87648          463.368      
                1.87974          448.179      
                1.88096          448.598      
                1.88279          462.12       
                1.88553          511.084      
                1.88656          533.763      
                1.88811          576.858      
                1.88869          594.385      
                1.88956          623.503      
                1.89086          673.5        
                1.89282          762.33       
                1.89477          864.518      
                1.89673          979.015      
                1.89966            1.18214E+03
                1.90076            1.26323E+03
                1.90241            1.39289E+03
                1.90489            1.60265E+03
                1.90582            1.68355E+03
                1.90721            1.80926E+03
                1.9093             2.00712E+03
                1.91244            2.32017E+03
                1.914              2.48032E+03
                1.91557            2.6432E+03 
                1.91792            2.891E+03  
                1.9188             2.98409E+03
                1.92013            3.12495E+03
                1.92211            3.33697E+03
                1.92509            3.65179E+03
                1.92806            3.95891E+03
                1.93104            4.25363E+03
                1.93402            4.53311E+03
                1.93699            4.79394E+03
                1.93997            5.03359E+03
                1.94295            5.25032E+03
                1.94592            5.44281E+03
                1.94704            5.5116E+03 
                1.94872            5.6066E+03 
                1.95123            5.7302E+03 
                1.955              5.87142E+03
                1.95877            5.96836E+03
                1.95971            5.98991E+03
                1.96112            6.01596E+03
                1.96324            6.04126E+03
                1.96642            6.05026E+03
                1.96761            6.04983E+03
                1.9694             6.0412E+03 
                1.97209            6.01105E+03
                1.97309            5.99686E+03
                1.9746             5.97115E+03
                1.97687            5.92313E+03
                1.97772            5.90388E+03
                1.97899            5.8726E+03 
                1.9809             5.82134E+03
                1.98377            5.73981E+03
                1.98663            5.65834E+03
                1.9895             5.58295E+03
                1.99236            5.51203E+03
                1.99344            5.48625E+03
                1.99505            5.45049E+03
                1.99747            5.40448E+03
                1.99838            5.38842E+03
                1.99974            5.36708E+03
                2.00178            5.34169E+03
                2.00254            5.33314E+03
                2.00369            5.32257E+03
                2.00541            5.31266E+03
                2.00799            5.31283E+03
                2.00896            5.31497E+03
                2.01041            5.32273E+03
                2.01259            5.34418E+03
                2.01341            5.35353E+03
                2.01464            5.37057E+03
                2.01647            5.40288E+03
                2.01923            5.4663E+03 
                2.02027            5.49216E+03
                2.02182            5.53557E+03
                2.02414            5.61061E+03
                2.02763            5.74313E+03
                2.03112            5.89133E+03
                2.03199            5.9292E+03 
                2.03287            5.96817E+03
                2.03418            6.02949E+03
                2.03614            6.12691E+03
                2.03908            6.27999E+03
                2.04203            6.43677E+03
                2.04497            6.59782E+03
                2.04791            6.76344E+03
                2.05086            6.93013E+03
                2.0538             7.09488E+03
                2.05674            7.25533E+03
                2.05969            7.40936E+03
                2.06263            7.55513E+03
                2.06337            7.59085E+03
                2.0641             7.62607E+03
                2.06521            7.67761E+03
                2.06686            7.75186E+03
                2.06934            7.85491E+03
                2.07028            7.89212E+03
                2.07167            7.9452E+03 
                2.07377            8.01769E+03
                2.07455            8.04371E+03
                2.07573            8.08044E+03
                2.0775             8.12986E+03
                2.08015            8.1907E+03 
                2.08114            8.21142E+03
                2.08263            8.23848E+03
                2.08487            8.26899E+03




