
               u_80_0_90_exp     f_80_0_90_exp   

                0.                -0.         
               39.94E-09         122.008E-03  
              319.041E-09        605.491E-03  
                1.70601E-06        1.54267    
                7.53894E-06        3.53722    
               29.9775E-06         7.49876    
              111.812E-06         15.7147     
              399.954E-06         36.1929     
                1.38837E-03       95.8976     
                4.70264E-03      281.876      
               15.5512E-03       870.868      
               49.9952E-03         2.71434E+03
              154.626E-03          8.28057E+03
              450.699E-03         23.946E+03  
              551.162E-03         29.3434E+03 
              661.566E-03         34.7907E+03 
              705.417E-03         36.9928E+03 
              773.588E-03         40.2508E+03 
              880.974E-03         45.1834E+03 
              908.736E-03         46.5007E+03 
              915.731E-03         46.8252E+03 
              918.36E-03          46.9421E+03 
              922.309E-03         47.1051E+03 
              923.791E-03         47.1686E+03 
              924.348E-03         47.1926E+03 
              925.182E-03         47.2274E+03 
              925.495E-03         47.2405E+03 
              925.965E-03         47.26E+03   
              926.67E-03          47.2888E+03 
              926.934E-03         47.2997E+03 
              927.33E-03          47.3159E+03 
              927.925E-03         47.3401E+03 
              928.818E-03         47.3761E+03 
              929.153E-03         47.3898E+03 
              929.655E-03         47.4103E+03 
              930.409E-03         47.4407E+03 
              931.54E-03          47.4859E+03 
              933.237E-03         47.5534E+03 
              933.874E-03         47.5795E+03 
              934.83E-03          47.6179E+03 
              936.264E-03         47.6748E+03 
              938.417E-03         47.7595E+03 
              938.956E-03         47.7817E+03 
              939.495E-03         47.8036E+03 
              940.303E-03         47.8359E+03 
              941.516E-03         47.8836E+03 
              943.337E-03         47.9543E+03 
              944.02E-03          47.9816E+03 
              945.045E-03         48.0214E+03 
              946.583E-03         48.0783E+03 
              948.892E-03         48.1452E+03 
              951.204E-03         48.1654E+03 
              953.518E-03         48.0898E+03 
              955.834E-03         47.8532E+03 
              958.152E-03         47.3846E+03 
              958.732E-03         47.2528E+03 
              959.602E-03         47.0152E+03 
              960.908E-03         46.5589E+03 
              962.868E-03         45.6273E+03 
              963.603E-03         45.2433E+03 
              964.707E-03         44.5854E+03 
              966.363E-03         43.4242E+03 
              966.984E-03         42.9658E+03 
              967.917E-03         42.2278E+03 
              969.316E-03         41.0261E+03 
              969.841E-03         40.5638E+03 
              970.628E-03         39.8464E+03 
              971.81E-03          38.7316E+03 
              973.584E-03         37.0237E+03 
              974.249E-03         36.3817E+03 
              975.248E-03         35.4213E+03 
              976.746E-03         34.0116E+03 
              977.309E-03         33.4891E+03 
              978.152E-03         32.7212E+03 
              979.418E-03         31.6137E+03 
              981.318E-03         30.0697E+03 
              982.031E-03         29.5087E+03 
              983.1E-03           28.7056E+03 
              984.706E-03         27.5861E+03 
              985.308E-03         27.1788E+03 
              986.212E-03         26.593E+03  
              987.568E-03         25.7663E+03 
              989.603E-03         24.6233E+03 
              990.367E-03         24.2081E+03 
              991.513E-03         23.6087E+03 
              993.233E-03         22.7512E+03 
              993.878E-03         22.4357E+03 
              994.846E-03         21.9723E+03 
              996.299E-03         21.2966E+03 
              996.845E-03         21.0464E+03 
              997.662E-03         20.6766E+03 
              998.89E-03          20.135E+03  
                1.00073           19.3608E+03 
                1.00142           19.0772E+03 
                1.00246           18.6663E+03 
                1.00285           18.5147E+03 
                1.00343           18.2925E+03 
                1.00431           17.9724E+03 
                1.00464           17.8545E+03 
                1.00513           17.6823E+03 
                1.00587           17.4351E+03 
                1.00698           17.0922E+03 
                1.00864           16.6471E+03 
                1.01114           16.1499E+03 
                1.01208           15.9895E+03 
                1.01349           15.8043E+03 
                1.01489           15.6767E+03 
                1.0163            15.6075E+03 
                1.01842           15.6315E+03 
                1.02159           15.9279E+03 
                1.02636           16.8006E+03 
                1.02756           17.046E+03  
                1.02875           17.3113E+03 
                1.03054           17.7456E+03 
                1.03323           18.4487E+03 
                1.03727           19.513E+03  
                1.04335           20.965E+03  
                1.05248           22.8786E+03 
                1.05591           23.5746E+03 
                1.06107           24.549E+03  
                1.06623           25.4259E+03 
                1.07141           26.1398E+03 
                1.07335           26.3837E+03 
                1.07627           26.6725E+03 
                1.08065           26.9117E+03 
                1.08723           26.84E+03   
                1.0897            26.7593E+03 
                1.09341           26.5182E+03 
                1.09481           26.4146E+03 
                1.0969            26.2271E+03 
                1.10004           25.8943E+03 
                1.10475           25.33E+03   
                1.11184           24.4398E+03 
                1.1225            23.2052E+03 
                1.13855           22.235E+03  
                1.16278           23.0686E+03 
                1.19944           25.3148E+03 
                1.25513           26.7669E+03 
                1.27621           27.1028E+03 
                1.30804           27.4638E+03 
                1.32004           27.6287E+03 
                1.32454           27.6934E+03 
                1.33131           27.7902E+03 
                1.33385           27.8309E+03 
                1.33766           27.8916E+03 
                1.34339           27.9909E+03 
                1.34554           28.032E+03  
                1.34876           28.0935E+03 
                1.34997           28.118E+03  
                1.35179           28.1544E+03 
                1.35451           28.2103E+03 
                1.35554           28.2325E+03 
                1.35707           28.2654E+03 
                1.35937           28.3157E+03 
                1.36282           28.3937E+03 
                1.36412           28.4245E+03 
                1.36607           28.4703E+03 
                1.36898           28.5392E+03 
                1.3719            28.6087E+03 
                1.37482           28.6763E+03 
                1.37592           28.7021E+03 
                1.37757           28.7382E+03 
                1.38003           28.785E+03  
                1.38374           28.8218E+03 
                1.38744           28.8004E+03 
                1.39115           28.6928E+03 
                1.39208           28.6611E+03 
                1.39301           28.6227E+03 
                1.3944            28.5488E+03 
                1.39649           28.3993E+03 
                1.39962           28.0859E+03 
                1.40433           27.4567E+03 
                1.40551           27.2919E+03 
                1.40668           27.1183E+03 
                1.40845           26.8432E+03 
                1.4111            26.4163E+03 
                1.41508           25.8009E+03 
                1.41906           25.2535E+03 
                1.42304           24.7958E+03 
                1.42404           24.6884E+03 
                1.42504           24.5865E+03 
                1.42653           24.4467E+03 
                1.42878           24.2669E+03 
                1.42962           24.2042E+03 
                1.43088           24.1187E+03 
                1.43278           24.0085E+03 
                1.43562           23.8778E+03 
                1.43846           23.7764E+03 
                1.43918           23.7534E+03 
                1.44024           23.7219E+03 
                1.44184           23.6812E+03 
                1.44425           23.6333E+03 
                1.44515           23.6177E+03 
                1.4465            23.5971E+03 
                1.44853           23.5706E+03 
                1.45157           23.5249E+03 
                1.45272           23.5067E+03 
                1.45443           23.4699E+03 
                1.457             23.3753E+03 
                1.45796           23.334E+03  
                1.45941           23.2527E+03 
                1.46158           23.0758E+03 
                1.4624            23.0017E+03 
                1.46362           22.8695E+03 
                1.46545           22.6203E+03 
                1.46614           22.5199E+03 
                1.46717           22.3524E+03 
                1.46872           22.0643E+03 
                1.47104           21.5638E+03 
                1.47453           20.7481E+03 
                1.47583           20.4394E+03 
                1.47779           19.986E+03  
                1.48074           19.3866E+03 
                1.48184           19.1767E+03 
                1.4835            18.9002E+03 
                1.48598           18.5826E+03 
                1.48692           18.4781E+03 
                1.48832           18.3517E+03 
                1.49041           18.223E+03  
                1.49356           18.1256E+03 
                1.49829           18.0877E+03 
                1.50539           18.2002E+03 
                1.51605           18.8204E+03 
                1.53207           20.4148E+03 
                1.55617           22.5574E+03 
                1.59246           23.6037E+03 
                1.59587           23.695E+03  
                1.59715           23.724E+03  
                1.59907           23.758E+03  
                1.60195           23.7927E+03 
                1.60627           23.8119E+03 
                1.60789           23.8155E+03 
                1.61032           23.8098E+03 
                1.61397           23.7799E+03 
                1.61489           23.7718E+03 
                1.6158            23.7622E+03 
                1.61717           23.7447E+03 
                1.61922           23.7124E+03 
                1.61999           23.6998E+03 
                1.62115           23.679E+03  
                1.62288           23.6442E+03 
                1.62549           23.585E+03  
                1.62646           23.5623E+03 
                1.62793           23.526E+03  
                1.63012           23.4675E+03 
                1.63095           23.4453E+03 
                1.63218           23.4106E+03 
                1.63404           23.3554E+03 
                1.63473           23.3345E+03 
                1.63578           23.3019E+03 
                1.63734           23.2497E+03 
                1.63969           23.1597E+03 
                1.64321           22.9668E+03 
                1.64674           22.6692E+03 
                1.65026           22.2131E+03 
                1.65379           21.5532E+03 
                1.65732           20.6695E+03 
                1.65864           20.3067E+03 
                1.66063           19.6922E+03 
                1.66361           18.6438E+03 
                1.66808           16.9677E+03 
                1.66975           16.3362E+03 
                1.67227           15.418E+03  
                1.67604           14.2166E+03 
                1.67699           13.9294E+03 
                1.67793           13.6561E+03 
                1.67935           13.2813E+03 
                1.68147           12.8066E+03 
                1.6836            12.4217E+03 
                1.68572           12.1224E+03 
                1.68891           11.8325E+03 
                1.6937            11.6188E+03 
                1.70088           11.5203E+03 
                1.70357           11.5064E+03 
                1.70762           11.5242E+03 
                1.70913           11.5372E+03 




