
                  X             uf-100-0-lin  

                0.                -0.         
               39.94E-09         143.664E-03  
              319.041E-09        740.37E-03   
                1.70601E-06        1.8837     
                7.53894E-06        4.11807    
               29.9775E-06         8.44133    
              111.812E-06         18.2195     
              399.954E-06         44.8953     
                1.38837E-03      125.754      
                4.70264E-03      381.46       
               15.5512E-03         1.19676E+03
               49.9952E-03         3.75524E+03
              154.626E-03         11.4852E+03 
              212.548E-03         15.8511E+03 
              319.557E-03         23.657E+03  
              365.934E-03         27.1569E+03 
              415.682E-03         30.6841E+03 
              441.807E-03         32.5801E+03 
              468.757E-03         34.4337E+03 
              489.505E-03         35.8614E+03 
              493.446E-03         36.1816E+03 
              497.403E-03         36.4469E+03 
              501.376E-03         36.7062E+03 
              505.365E-03         36.9632E+03 
              509.37E-03          37.219E+03  
              513.391E-03         37.4741E+03 
              517.427E-03         37.7279E+03 
              521.48E-03          37.979E+03  
              524.529E-03         38.1688E+03 
              527.588E-03         38.3541E+03 
              530.655E-03         38.538E+03  
              533.732E-03         38.722E+03  
              536.817E-03         38.907E+03  
              539.91E-03          39.0939E+03 
              543.013E-03         39.2834E+03 
              546.125E-03         39.4757E+03 
              549.245E-03         39.6709E+03 
              552.374E-03         39.8689E+03 
              555.512E-03         40.0702E+03 
              558.658E-03         40.2755E+03 
              561.813E-03         40.4866E+03 
              564.977E-03         40.7059E+03 
              568.15E-03          40.9355E+03 
              571.331E-03         41.1757E+03 
              572.526E-03         41.2723E+03 
              574.322E-03         41.4123E+03 
              577.019E-03         41.6246E+03 
              581.078E-03         41.943E+03  
              587.191E-03         42.4018E+03 
              589.491E-03         42.5831E+03 
              592.95E-03          42.8291E+03 
              598.157E-03         43.1762E+03 
              606.008E-03         43.6678E+03 
              611.929E-03         44.0415E+03 
              617.877E-03         44.4136E+03 
              623.853E-03         44.7965E+03 
              629.856E-03         45.1944E+03 
              635.886E-03         45.6078E+03 
              641.943E-03         46.0335E+03 
              648.028E-03         46.4663E+03 
              654.14E-03          46.9012E+03 
              660.278E-03         47.3349E+03 
              666.443E-03         47.7663E+03 
              668.762E-03         47.9372E+03 
              672.248E-03         48.1767E+03 
              673.557E-03         48.2717E+03 
              675.523E-03         48.4064E+03 
              678.477E-03         48.6058E+03 
              681.437E-03         48.8065E+03 
              684.403E-03         49.0065E+03 
              685.516E-03         49.0852E+03 
              687.188E-03         49.197E+03  
              689.7E-03           49.3624E+03 
              690.643E-03         49.428E+03  
              692.059E-03         49.522E+03  
              694.185E-03         49.6612E+03 
              696.314E-03         49.8018E+03 
              698.446E-03         49.9427E+03 
              700.581E-03         50.0836E+03 
              702.719E-03         50.2245E+03 
              703.521E-03         50.2797E+03 
              704.726E-03         50.3591E+03 
              706.534E-03         50.4761E+03 
              707.213E-03         50.5222E+03 
              708.232E-03         50.5887E+03 
              709.761E-03         50.6865E+03 
              712.058E-03         50.8308E+03 
              712.633E-03         50.8698E+03 
              713.207E-03         50.9073E+03 
              714.07E-03          50.9613E+03 
              715.365E-03         51.0405E+03 
              717.31E-03          51.157E+03  
              718.04E-03          51.203E+03  
              719.135E-03         51.2688E+03 
              720.78E-03          51.3655E+03 
              721.397E-03         51.4036E+03 
              722.323E-03         51.4588E+03 
              723.713E-03         51.5411E+03 
              725.801E-03         51.6672E+03 
              726.584E-03         51.7178E+03 
              727.76E-03          51.7921E+03 
              729.526E-03         51.906E+03  
              732.178E-03         52.0857E+03 
              736.165E-03         52.3707E+03 
              737.662E-03         52.4857E+03 
              739.911E-03         52.653E+03  
              740.755E-03         52.7186E+03 
              742.022E-03         52.814E+03  
              743.924E-03         52.9561E+03 
              746.781E-03         53.1678E+03 
              747.854E-03         53.2511E+03 
              749.464E-03         53.3703E+03 
              751.883E-03         53.545E+03  
              755.517E-03         53.7992E+03 
              756.882E-03         53.8987E+03 
              758.932E-03         54.0383E+03 
              762.01E-03          54.2394E+03 
              766.639E-03         54.5293E+03 
              768.378E-03         54.6438E+03 
              770.989E-03         54.8041E+03 
              771.969E-03         54.867E+03  
              773.441E-03         54.957E+03  
              775.651E-03         55.0903E+03 
              778.97E-03          55.2922E+03 
              783.961E-03         55.6028E+03 
              785.837E-03         55.728E+03  
              786.54E-03          55.7756E+03 
              787.596E-03         55.8437E+03 
              789.182E-03         55.945E+03  
              791.562E-03         56.0982E+03 
              795.139E-03         56.3303E+03 
              800.518E-03         56.6802E+03 
              802.539E-03         56.8196E+03 
              805.574E-03         57.0175E+03 
              806.714E-03         57.0953E+03 
              808.425E-03         57.2069E+03 
              810.994E-03         57.3723E+03 
              814.854E-03         57.6207E+03 
              820.659E-03         57.9973E+03 
              822.84E-03          58.1478E+03 
              826.117E-03         58.3643E+03 
              827.348E-03         58.4496E+03 
              829.194E-03         58.573E+03  
              831.968E-03         58.758E+03  
              836.136E-03         59.0375E+03 
              837.701E-03         59.1482E+03 
              840.051E-03         59.3069E+03 
              843.582E-03         59.5419E+03 
              848.889E-03         59.8896E+03 
              850.218E-03         59.9838E+03 
              851.548E-03         60.0728E+03 
              853.545E-03         60.2022E+03 
              856.543E-03         60.3948E+03 
              857.669E-03         60.4706E+03 
              859.358E-03         60.5799E+03 
              861.895E-03         60.7429E+03 
              865.707E-03         60.9893E+03 
              867.138E-03         61.0869E+03 
              869.286E-03         61.228E+03  
              872.513E-03         61.4388E+03 
              873.724E-03         61.5219E+03 
              875.543E-03         61.6418E+03 
              878.273E-03         61.8195E+03 
              882.375E-03         62.0836E+03 
              883.916E-03         62.1875E+03 
              886.228E-03         62.3358E+03 
              889.702E-03         62.5544E+03 
              894.923E-03         62.8778E+03 
              896.884E-03         63.0053E+03 
              899.829E-03         63.1863E+03 
              900.935E-03         63.257E+03  
              902.594E-03         63.3585E+03 
              905.085E-03         63.5086E+03 
              907.579E-03         63.6595E+03 
              910.075E-03         63.8103E+03 
              911.012E-03         63.869E+03  
              912.418E-03         63.9538E+03 
              913.825E-03         64.0384E+03 
              915.233E-03         64.1232E+03 
              916.29E-03          64.1873E+03 
              917.347E-03         64.2512E+03 
              918.404E-03         64.3151E+03 
              919.462E-03         64.379E+03  
              921.05E-03          64.4741E+03 
              922.639E-03         64.5693E+03 
              924.229E-03         64.6611E+03 
              925.821E-03         64.7427E+03 
              927.413E-03         64.8E+03    
              929.007E-03         64.8097E+03 
              929.804E-03         64.8002E+03 
              930.601E-03         64.7705E+03 
              931.798E-03         64.6642E+03 
              932.995E-03         64.4805E+03 
              934.193E-03         64.2042E+03 
              935.391E-03         63.8258E+03 
              936.591E-03         63.3447E+03 
              937.79E-03          62.7711E+03 
              938.991E-03         62.1269E+03 
              939.291E-03         61.9624E+03 
              939.591E-03         61.7942E+03 
              940.042E-03         61.5349E+03 
              940.717E-03         61.1373E+03 
              941.393E-03         60.7388E+03 
              942.069E-03         60.3468E+03 
              942.746E-03         59.9688E+03 
              943.422E-03         59.6118E+03 
              944.099E-03         59.2821E+03 
              944.776E-03         58.9852E+03 
              945.453E-03         58.7249E+03 
              946.469E-03         58.4224E+03 
              947.486E-03         58.2073E+03 
              948.503E-03         58.0716E+03 
              950.029E-03         58.0019E+03 
              951.556E-03         58.0193E+03 
              953.084E-03         58.0796E+03 
              954.613E-03         58.1476E+03 
              956.143E-03         58.1966E+03 
              957.674E-03         58.2061E+03 
              959.206E-03         58.1607E+03 
              960.739E-03         58.0511E+03 
              962.273E-03         57.8758E+03 
              963.808E-03         57.6446E+03 
              965.344E-03         57.379E+03  
              966.881E-03         57.1102E+03 
              968.418E-03         56.8732E+03 
              969.957E-03         56.7E+03    
              971.497E-03         56.6119E+03 
              973.038E-03         56.6157E+03 
              974.579E-03         56.7023E+03 
              976.122E-03         56.8504E+03 
              977.665E-03         57.0321E+03 
              979.21E-03          57.2185E+03 
              980.755E-03         57.3849E+03 
              982.302E-03         57.5129E+03 
              983.849E-03         57.5912E+03 
              985.397E-03         57.6136E+03 
              986.946E-03         57.5767E+03 
              989.272E-03         57.3772E+03 
              991.599E-03         57.0253E+03 
              993.347E-03         56.6727E+03 
              995.095E-03         56.2312E+03 
              996.845E-03         55.7104E+03 
              998.595E-03         55.1291E+03 
                1.00035           54.5144E+03 
                1.0021            53.8969E+03 
                1.00385           53.3051E+03 
                1.00561           52.7597E+03 
                1.00605           52.6277E+03 
                1.00649           52.4987E+03 
                1.00715           52.3127E+03 
                1.00814           52.0527E+03 
                1.00962           51.7046E+03 
                1.01018           51.5809E+03 
                1.01073           51.4624E+03 
                1.01157           51.2953E+03 
                1.0124            51.1385E+03 
                1.01324           50.9913E+03 
                1.01407           50.8533E+03 
                1.01491           50.7243E+03 
                1.01575           50.6048E+03 
                1.017             50.4495E+03 
                1.01889           50.278E+03  
                1.01983           50.2095E+03 
                1.02077           50.1554E+03 
                1.02219           50.0992E+03 
                1.0236            50.0558E+03 
                1.02502           50.0082E+03 
                1.02643           49.9393E+03 
                1.02785           49.8348E+03 
                1.02927           49.6869E+03 
                1.02998           49.6024E+03 
                1.03069           49.506E+03  
                1.0314            49.3985E+03 
                1.03211           49.2811E+03 
                1.03282           49.1553E+03 
                1.03353           49.0233E+03 
                1.03424           48.8872E+03 
                1.03495           48.7496E+03 
                1.03566           48.613E+03  
                1.03637           48.48E+03   
                1.03709           48.3527E+03 
                1.0378            48.233E+03  
                1.03851           48.1222E+03 
                1.03922           48.0211E+03 
                1.03993           47.9299E+03 
                1.04065           47.8482E+03 
                1.04136           47.775E+03  
                1.04207           47.709E+03  
                1.04314           47.6192E+03 
                1.04421           47.5324E+03 
                1.04528           47.4412E+03 
                1.04635           47.3387E+03 
                1.04742           47.2177E+03 
                1.04849           47.0716E+03 
                1.04956           46.8935E+03 
                1.05064           46.6764E+03 
                1.05224           46.2419E+03 
                1.05385           45.6861E+03 
                1.05547           45.0047E+03 
                1.05708           44.2043E+03 
                1.05869           43.3015E+03 
                1.0603            42.3226E+03 
                1.06192           41.3026E+03 
                1.06353           40.2838E+03 
                1.06515           39.3132E+03 
                1.06677           38.4371E+03 
                1.06919           37.4439E+03 
                1.07041           37.039E+03  
                1.07162           36.727E+03  
                1.07284           36.5066E+03 
                1.07405           36.3702E+03 
                1.07436           36.3417E+03 
                1.07466           36.3181E+03 
                1.07512           36.2926E+03 
                1.0758            36.2746E+03 
                1.07649           36.2739E+03 
                1.07717           36.2869E+03 
                1.07786           36.3096E+03 
                1.07854           36.3379E+03 
                1.07923           36.3675E+03 
                1.08025           36.4004E+03 
                1.08128           36.4102E+03 
                1.08231           36.3862E+03 
                1.08334           36.3212E+03 
                1.08437           36.2114E+03 
                1.08476           36.1642E+03 
                1.08534           36.0787E+03 
                1.08555           36.0447E+03 
                1.08588           35.9891E+03 
                1.08637           35.8959E+03 
                1.0871            35.7368E+03 
                1.08784           35.5623E+03 
                1.08857           35.3765E+03 
                1.08967           35.0874E+03 
                1.09077           34.8031E+03 
                1.09132           34.6644E+03 
                1.09188           34.5298E+03 
                1.09243           34.4008E+03 
                1.09298           34.2784E+03 
                1.09325           34.2191E+03 
                1.09367           34.1343E+03 
                1.09429           34.017E+03  
                1.09491           33.9096E+03 
                1.09553           33.8116E+03 
                1.09615           33.722E+03  
                1.09677           33.6393E+03 
                1.09739           33.5619E+03 
                1.09801           33.4879E+03 
                1.09863           33.4152E+03 
                1.09926           33.3415E+03 
                1.09988           33.2642E+03 
                1.1005            33.1808E+03 
                1.10112           33.0886E+03 
                1.10174           32.9849E+03 
                1.10237           32.8671E+03 
                1.10299           32.7329E+03 
                1.10361           32.5803E+03 
                1.10384           32.5205E+03 
                1.10419           32.4246E+03 
                1.10472           32.2658E+03 
                1.10551           31.996E+03  
                1.1061            31.7776E+03 
                1.10669           31.5452E+03 
                1.10691           31.4563E+03 
                1.10724           31.3193E+03 
                1.10774           31.1078E+03 
                1.10849           30.7856E+03 
                1.10924           30.4675E+03 
                1.10999           30.161E+03  
                1.11074           29.8713E+03 
                1.11149           29.6008E+03 
                1.11177           29.5023E+03 
                1.11219           29.3605E+03 
                1.11282           29.1587E+03 
                1.11377           28.8661E+03 
                1.11472           28.565E+03  
                1.11567           28.2364E+03 
                1.11662           27.8658E+03 
                1.11757           27.4458E+03 
                1.11852           26.9774E+03 
                1.11948           26.47E+03   
                1.12043           25.9384E+03 
                1.12138           25.4012E+03 
                1.12233           24.8773E+03 
                1.12328           24.3839E+03 
                1.12423           23.9352E+03 
                1.12519           23.542E+03  
                1.12614           23.2115E+03 
                1.1265            23.0971E+03 
                1.12703           22.9465E+03 
                1.12784           22.7695E+03 
                1.12864           22.6418E+03 
                1.12945           22.5622E+03 
                1.13025           22.528E+03  
                1.13106           22.5347E+03 
                1.13186           22.5768E+03 
                1.13267           22.6469E+03 
                1.13297           22.677E+03  
                1.13343           22.7283E+03 
                1.13411           22.8139E+03 
                1.13513           22.9417E+03 
                1.13589           23.0293E+03 
                1.13666           23.1E+03    
                1.13742           23.1463E+03 
                1.13819           23.1613E+03 
                1.13896           23.1393E+03 
                1.13972           23.0755E+03 
                1.14049           22.9665E+03 
                1.14126           22.81E+03   
                1.14183           22.6656E+03 
                1.14241           22.4941E+03 
                1.14262           22.426E+03  
                1.14295           22.3154E+03 
                1.14343           22.1307E+03 
                1.14361           22.0589E+03 
                1.14389           21.9456E+03 
                1.1443            21.7633E+03 
                1.14491           21.4651E+03 
                1.14514           21.3502E+03 
                1.14549           21.1708E+03 
                1.14601           20.8885E+03 
                1.1462            20.781E+03  
                1.14649           20.6162E+03 
                1.14693           20.3626E+03 
                1.1471            20.2668E+03 
                1.14734           20.1214E+03 
                1.14771           19.9008E+03 
                1.14827           19.5669E+03 
                1.1491            19.0668E+03 
                1.15035           18.3277E+03 
                1.15222           17.2147E+03 
                1.15409           16.0594E+03 
                1.1555            15.1604E+03 
                1.15691           14.2313E+03 
                1.15832           13.2868E+03 
                1.15972           12.3476E+03 
                1.16113           11.4335E+03 
                1.16254           10.5598E+03 
                1.16395            9.73596E+03
                1.16536            8.96704E+03
                1.16677            8.25584E+03
                1.16819            7.60462E+03
                1.16889            7.29488E+03
                1.1696             7.00037E+03
                1.1703             6.72143E+03
                1.17101            6.4583E+03 
                1.17172            6.21098E+03
                1.17242            5.97916E+03
                1.17313            5.76212E+03
                1.17419            5.46462E+03
                1.17578            5.05378E+03
                1.17738            4.64416E+03
                1.17897            4.20174E+03
                1.18056            3.70235E+03
                1.18216            3.1374E+03 
                1.18375            2.51546E+03
                1.18535            1.85892E+03
                1.18595            1.61003E+03
                1.18685            1.23357E+03
                1.18819          682.048      
                1.18954          160.232      
                1.19089         -322.039      
                1.19291         -946.376      
                1.19367           -1.165E+03  
                1.19481           -1.46199E+03
                1.19652           -1.82978E+03
                1.19909           -2.14489E+03
                1.20166           -2.15883E+03
                1.20358           -1.9835E+03 
                1.20551           -1.62709E+03
                1.20744           -1.11426E+03
                1.20937         -487.565      
                1.2113           200.958      
                1.21323          899.108      
                1.21516            1.56195E+03
                1.21662            2.02429E+03
                1.21879            2.6057E+03 
                1.22097            3.06444E+03
                1.22315            3.40176E+03
                1.22533            3.62845E+03
                1.22751            3.7601E+03 
                1.22915            3.81319E+03
                1.23078            3.82698E+03
                1.23242            3.80878E+03
                1.23406            3.76514E+03
                1.2357             3.7018E+03 
                1.23611            3.68549E+03
                1.23652            3.66793E+03
                1.23714            3.63893E+03
                1.23806            3.59096E+03
                1.23945            3.51215E+03
                1.24152            3.38407E+03
                1.2436             3.24903E+03
                1.24568            3.10561E+03
                1.24724            2.99256E+03
                1.24783            2.9498E+03 
                1.24871            2.88232E+03
                1.24904            2.85685E+03
                1.24953            2.81748E+03
                1.25027            2.75575E+03
                1.25139            2.65662E+03
                1.25306            2.48954E+03
                1.25556            2.18467E+03
                1.25619            2.10632E+03
                1.25681            2.02367E+03
                1.25775            1.88969E+03
                1.25916            1.66643E+03
                1.25969            1.58022E+03
                1.26049            1.44325E+03
                1.26168            1.22116E+03
                1.26347          853.834      
                1.26615          246.71       
                1.26883         -385.635      
                1.27085         -859.363      
                1.27286           -1.31889E+03
                1.27488           -1.7494E+03 
                1.27563           -1.90509E+03
                1.27677           -2.12663E+03
                1.27847           -2.42308E+03
                1.28103           -2.76799E+03
                1.28358           -3.00065E+03
                1.28614           -3.11619E+03
                1.2887            -3.11447E+03
                1.29126           -2.9999E+03 
                1.29383           -2.78086E+03
                1.29639           -2.46871E+03
                1.29896           -2.0766E+03 
                1.30152           -1.61832E+03
                1.30409           -1.10746E+03
                1.30666         -556.954      
                1.30924           20.9321     
                1.31117          465.325      
                1.31406            1.13662E+03
                1.31696            1.79795E+03
                1.31986            2.4317E+03 
                1.32276            3.02185E+03
                1.32567            3.55496E+03
                1.32857            4.0211E+03 
                1.33148            4.41426E+03
                1.33439            4.73182E+03
                1.3373             4.97352E+03
                1.34021            5.1401E+03 
                1.34313            5.23228E+03
                1.34604            5.25028E+03
                1.34896            5.19407E+03
                1.35006            5.16392E+03
                1.3517             5.09323E+03
                1.35417            4.93402E+03
                1.35787            4.58187E+03
                1.35972            4.38032E+03
                1.36157            4.15086E+03
                1.36435            3.74844E+03
                1.36713            3.29402E+03
                1.36991            2.79295E+03
                1.37269            2.25345E+03
                1.37548            1.68659E+03
                1.37757            1.2522E+03 
                1.38071          598.807      
                1.38188          356.632      
                1.38365           -1.62324    
                1.3863          -509.957      
                1.38828         -867.744      
                1.39127           -1.33926E+03
                1.39425           -1.73003E+03
                1.39724           -2.02882E+03
                1.39799           -2.09629E+03
                1.39873           -2.15832E+03
                1.39985           -2.23807E+03
                1.40154           -2.32417E+03
                1.40406           -2.37119E+03
                1.40501           -2.37576E+03
                1.40643           -2.35643E+03
                1.40856           -2.2646E+03 
                1.41176           -1.98606E+03
                1.41496           -1.57627E+03
                1.41576           -1.46445E+03
                1.41696           -1.28131E+03
                1.41876         -972.969      
                1.42056         -633.906      
                1.42236         -269.05       
                1.42507          318.311      
                1.42913            1.23511E+03
                1.43522            2.53421E+03
                1.44133            3.64157E+03
                1.44591            4.32789E+03
                1.45049            4.84332E+03
                1.45106            4.90688E+03
                1.45164            4.96695E+03
                1.4525             5.04955E+03
                1.45379            5.15811E+03
                1.45572            5.28738E+03
                1.45863            5.40553E+03
                1.45972            5.44051E+03
                1.46135            5.46771E+03
                1.46381            5.45574E+03
                1.46749            5.33E+03   
                1.47117            5.11099E+03
                1.47486            4.81455E+03
                1.47855            4.45948E+03
                1.47947            4.36886E+03
                1.4804             4.27431E+03
                1.48178            4.12564E+03
                1.48386            3.89287E+03
                1.48697            3.53506E+03
                1.48814            3.40169E+03
                1.4899             3.20096E+03
                1.49253            2.90764E+03
                1.49648            2.50227E+03
                1.50043            2.14104E+03
                1.50241            1.97318E+03
                1.50538            1.74498E+03
                1.50649            1.66415E+03
                1.50816            1.54948E+03
                1.51067            1.394E+03  
                1.51443            1.19742E+03
                1.51819            1.03843E+03
                1.52195          917.231      
                1.5276           818.853      
                1.53184          792.152      
                1.53609          804.75       
                1.54033          850.268      
                1.54458          920.575      
                1.54883            1.00714E+03
                1.55308            1.10175E+03
                1.55734            1.19685E+03
                1.56373            1.31853E+03
                1.56532            1.35028E+03
                1.56692            1.37837E+03
                1.56932            1.41421E+03
                1.57292            1.45427E+03
                1.57832            1.47981E+03
                1.58372            1.47137E+03
                1.58913            1.4311E+03 
                1.59454            1.36523E+03
                1.59995            1.28247E+03
                1.60537            1.19292E+03
                1.61079            1.107E+03  
                1.61622            1.03418E+03
                1.62165          981.876      
                1.62708          954.81       
                1.63251          955.008      
                1.63795          982.306      
                1.64339            1.03505E+03
                1.65156            1.16022E+03
                1.6536             1.19737E+03
                1.65564            1.23499E+03
                1.65871            1.2954E+03 
                1.66331            1.39499E+03
                1.66504            1.43491E+03
                1.66763            1.49506E+03
                1.67151            1.58737E+03
                1.6754             1.68073E+03
                1.67928            1.77243E+03
                1.68074            1.80737E+03
                1.68293            1.85717E+03
                1.68457            1.89388E+03
                1.68703            1.94593E+03
                1.69073            2.01665E+03
                1.69627            2.10189E+03
                1.70182            2.1641E+03 
                1.70737            2.20157E+03
                1.71292            2.21575E+03
                1.71847            2.21181E+03
                1.71986            2.21115E+03
                1.72125            2.2086E+03 
                1.72334            2.20241E+03
                1.72646            2.1913E+03 
                1.72959            2.18058E+03
                1.73272            2.17061E+03
                1.73585            2.16126E+03
                1.73898            2.15251E+03
                1.74367            2.14504E+03
                1.74837            2.15143E+03
                1.75307            2.17533E+03
                1.75777            2.21574E+03
                1.76247            2.2687E+03 
                1.76718            2.3304E+03 
                1.77188            2.39871E+03
                1.77659            2.47265E+03
                1.77703            2.48023E+03
                1.77769            2.49132E+03
                1.77868            2.50759E+03
                1.78017            2.53213E+03
                1.78241            2.56989E+03
                1.78576            2.62798E+03
                1.79079            2.71292E+03
                1.79834            2.81589E+03
                1.80401            2.87436E+03
                1.80967            2.90983E+03
                1.81534            2.92349E+03
                1.82101            2.91856E+03
                1.82668            2.89894E+03
                1.83235            2.86738E+03
                1.83802            2.82538E+03
                1.84654            2.74324E+03
                1.84867            2.72298E+03
                1.8508             2.70079E+03
                1.85399            2.66506E+03
                1.85878            2.60772E+03
                1.86597            2.51178E+03
                1.86867            2.47519E+03
                1.87271            2.41507E+03
                1.87878            2.31535E+03
                1.88485            2.20702E+03
                1.89092            2.09036E+03
                1.897              1.967E+03  
                1.90307            1.84073E+03
                1.90915            1.71691E+03
                1.91826            1.55056E+03
                1.92738            1.41075E+03
                1.93649            1.29895E+03
                1.94561            1.21599E+03
                1.95473            1.16224E+03
                1.96386            1.13738E+03
                1.97298            1.14006E+03
                1.9821             1.16677E+03
                1.99122            1.21122E+03
                1.99351            1.22332E+03
                1.99579            1.23629E+03
                1.99921            1.25725E+03
                2.00434            1.29048E+03
                2.00819            1.31566E+03
                2.01396            1.35205E+03
                2.01974            1.38525E+03
                2.02118            1.39317E+03
                2.02262            1.40096E+03
                2.02479            1.4121E+03 
                2.0256             1.41614E+03
                2.02682            1.42205E+03
                2.02864            1.43044E+03
                2.03138            1.44189E+03
                2.03241            1.44592E+03
                2.03395            1.45171E+03
                2.03626            1.45961E+03
                2.03973            1.4698E+03 
                2.04103            1.47325E+03
                2.04298            1.47814E+03
                2.04591            1.48475E+03
                2.05029            1.49398E+03
                2.05194            1.49716E+03
                2.05441            1.50237E+03
                2.05811            1.5113E+03 
                2.0595             1.51462E+03
                2.06158            1.52039E+03
                2.0647             1.53073E+03
                2.06587            1.53466E+03
                2.06763            1.54138E+03
                2.07027            1.55311E+03
                2.07125            1.55757E+03
                2.07274            1.56499E+03
                2.07496            1.5775E+03 
                2.07829            1.59934E+03
                2.07954            1.60772E+03
                2.08142            1.62157E+03
                2.08423            1.64469E+03
                2.08529            1.65346E+03
                2.08687            1.66755E+03
                2.08924            1.69034E+03
                2.0928             1.72792E+03
                2.09413            1.74216E+03
                2.09614            1.76493E+03
                2.09914            1.80147E+03
                2.10364            1.86086E+03
                2.10533            1.88327E+03
                2.10786            1.91869E+03
                2.11166            1.97411E+03
                2.11451            2.01623E+03
                2.11878            2.08062E+03
                2.12039            2.10432E+03
                2.12279            2.1404E+03 
                2.12639            2.19383E+03
                2.1318             2.27061E+03
                2.1372             2.34272E+03
                2.1426             2.41009E+03
                2.14801            2.47273E+03
                2.15341            2.53094E+03
                2.15881            2.5852E+03 
                2.16285            2.62356E+03
                2.1669             2.66046E+03
                2.17095            2.69584E+03
                2.17499            2.72982E+03
                2.17904            2.76249E+03
                2.18511            2.80919E+03
                2.18738            2.82514E+03
                2.18823            2.83098E+03
                2.18951            2.84017E+03
                2.19143            2.85392E+03
                2.19431            2.87391E+03
                2.19862            2.90199E+03
                2.20294            2.92723E+03
                2.20725            2.94924E+03
                2.21156            2.96711E+03
                2.21803            2.98174E+03
                2.22045            2.98375E+03
                2.22409            2.98365E+03
                2.22954            2.9713E+03 
                2.23159            2.96358E+03
                2.23465            2.94948E+03
                2.23925            2.91967E+03
                2.24614            2.85709E+03
                2.25303            2.77869E+03
                2.25991            2.68846E+03
                2.2668             2.59019E+03
                2.27367            2.48855E+03
                2.27625            2.44855E+03
                2.28012            2.3918E+03 
                2.28592            2.31195E+03
                2.29171            2.23929E+03
                2.2975             2.17706E+03
                2.30329            2.12675E+03
                2.30908            2.08867E+03
                2.31486            2.06216E+03
                2.32064            2.04588E+03
                2.32642            2.03811E+03
                2.33219            2.03705E+03
                2.33796            2.04105E+03
                2.34373            2.04876E+03
                2.34949            2.05921E+03
                2.35813            2.08101E+03
                2.36676            2.10541E+03
                2.37539            2.13436E+03
                2.384              2.16918E+03
                2.39261            2.21142E+03
                2.40121            2.26257E+03
                2.40979            2.32352E+03
                2.41409            2.35381E+03
                2.41837            2.38898E+03
                2.4248             2.44865E+03
                2.43123            2.51105E+03
                2.43765            2.57574E+03
                2.44406            2.64094E+03
                2.45047            2.70483E+03
                2.45687            2.76588E+03
                2.46327            2.82304E+03
                2.46966            2.87573E+03
                2.47445            2.91149E+03
                2.48162            2.96326E+03
                2.48879            3.00918E+03
                2.49596            3.05201E+03
                2.49864            3.06451E+03
                2.50266            3.088E+03  
                2.50568            3.10436E+03
                2.5102             3.13089E+03
                2.51472            3.15663E+03
                2.51585            3.16101E+03
                2.51754            3.1703E+03 
                2.52008            3.18553E+03
                2.52199            3.19624E+03
                2.52484            3.21361E+03
                2.52591            3.21891E+03
                2.52752            3.22837E+03
                2.52992            3.24332E+03
                2.53353            3.26601E+03
                2.53488            3.27273E+03
                2.53691            3.28497E+03
                2.53995            3.30407E+03
                2.54109            3.3098E+03 
                2.5428             3.32001E+03
                2.54537            3.33593E+03
                2.54921            3.3595E+03 
                2.55497            3.3935E+03 
                2.55713            3.40269E+03
                2.56036            3.42033E+03
                2.5636             3.43711E+03
                2.56683            3.45322E+03
                2.57006            3.46867E+03
                2.57167            3.475E+03  
                2.57329            3.48205E+03
                2.57571            3.49325E+03
                2.57934            3.50911E+03
                2.5807             3.51291E+03
                2.58274            3.52054E+03
                2.5858             3.53176E+03
                2.58694            3.53424E+03
                2.58866            3.53943E+03
                2.59124            3.54718E+03
                2.5922             3.54871E+03
                2.59365            3.55215E+03
                2.59583            3.55747E+03
                2.59664            3.55841E+03
                2.59786            3.56068E+03
                2.59969            3.56439E+03
                2.60244            3.56948E+03
                2.60347            3.56987E+03
                2.60501            3.57185E+03
                2.60733            3.57522E+03
                2.6082             3.57533E+03
                2.6095             3.57658E+03
                2.61145            3.57892E+03
                2.61438            3.58212E+03
                2.61547            3.58167E+03
                2.61712            3.58262E+03
                2.61959            3.58452E+03
                2.62328            3.58664E+03
                2.62467            3.5851E+03 
                2.62675            3.58513E+03
                2.62986            3.5853E+03 
                2.63453            3.58354E+03
                2.63628            3.57954E+03
                2.63891            3.57654E+03
                2.64284            3.57101E+03
                2.64873            3.55765E+03
                2.65462            3.53677E+03
                2.6605             3.51029E+03
                2.6627             3.49613E+03
                2.666              3.4789E+03 
                2.67095            3.45109E+03
                2.67466            3.42625E+03
                2.68022            3.39028E+03
                2.6823             3.37259E+03
                2.68542            3.35088E+03
                2.6901             3.31898E+03
                2.69185            3.30368E+03
                2.69448            3.2849E+03 
                2.69842            3.25802E+03
                2.70432            3.21858E+03
                2.70654            3.19941E+03
                2.70985            3.17676E+03
                2.71109            3.16632E+03
                2.71296            3.15339E+03
                2.71575            3.13502E+03
                2.7168             3.12637E+03
                2.71837            3.11539E+03
                2.72072            3.09975E+03
                2.72425            3.07631E+03
                2.72777            3.05139E+03
                2.7313             3.02615E+03
                2.73481            3.00098E+03
                2.73569            2.99252E+03
                2.73701            2.98258E+03
                2.73899            2.96939E+03
                2.74195            2.95118E+03
                2.74492            2.93341E+03
                2.74787            2.91661E+03
                2.75083            2.8999E+03 
                2.75379            2.88222E+03
                2.75674            2.86311E+03
                2.75748            2.85648E+03
                2.75858            2.84838E+03
                2.76024            2.83723E+03
                2.76273            2.821E+03  
                2.76522            2.80494E+03
                2.7677             2.79033E+03
                2.77143            2.77193E+03
                2.77282            2.76237E+03
                2.77491            2.75112E+03
                2.77805            2.73289E+03
                2.78275            2.70322E+03
                2.78451            2.68822E+03
                2.78715            2.67253E+03
                2.79111            2.66025E+03
                2.79259            2.65416E+03
                2.79481            2.65316E+03
                2.79814            2.66172E+03
                2.79939            2.66356E+03
                2.80126            2.67159E+03
                2.80407            2.68811E+03
                2.80827            2.71656E+03
                2.81143            2.73616E+03
                2.81615            2.76907E+03
                2.81733            2.77324E+03
                2.8185             2.77976E+03
                2.82027            2.7914E+03 
                2.82292            2.80843E+03
                2.82391            2.81269E+03
                2.8254             2.82077E+03
                2.82764            2.83247E+03
                2.83098            2.84573E+03
                2.83224            2.84728E+03
                2.83412            2.85105E+03
                2.83693            2.85318E+03
                2.83799            2.85112E+03
                2.83957            2.84885E+03
                2.84017            2.847E+03  
                2.84106            2.84465E+03
                2.84239            2.84071E+03
                2.84439            2.833E+03  
                2.8474             2.82026E+03
                2.84852            2.81308E+03
                2.85021            2.80578E+03
                2.85273            2.79851E+03
                2.85652            2.79157E+03
                2.85747            2.78678E+03
                2.85841            2.78381E+03
                2.85983            2.78121E+03
                2.86196            2.77729E+03
                2.86514            2.77003E+03
                2.86833            2.76206E+03
                2.86912            2.75779E+03
                2.86992            2.75496E+03
                2.87111            2.75283E+03
                2.8729             2.75198E+03
                2.87558            2.75549E+03
                2.8796             2.76978E+03
                2.88361            2.78768E+03
                2.88461            2.78912E+03
                2.88561            2.79289E+03
                2.88711            2.8009E+03 
                2.88936            2.81365E+03
                2.89021            2.81669E+03
                2.89147            2.82292E+03
                2.89337            2.83268E+03
                2.89621            2.8454E+03 
                2.89728            2.84741E+03
                2.89888            2.85233E+03
                2.90127            2.85903E+03
                2.90486            2.86664E+03
                2.90621            2.86591E+03
                2.90822            2.86871E+03
                2.91124            2.87549E+03
                2.91238            2.87565E+03
                2.91408            2.87981E+03
                2.91662            2.88955E+03
                2.91757            2.89144E+03
                2.919              2.89744E+03
                2.92115            2.90932E+03
                2.92195            2.91236E+03
                2.92316            2.91922E+03
                2.92496            2.93158E+03
                2.92767            2.9523E+03 
                2.92869            2.95795E+03
                2.93021            2.96953E+03
                2.93249            2.98875E+03
                2.93334            2.99418E+03
                2.93462            3.00441E+03
                2.93655            3.02066E+03
                2.93943            3.04341E+03
                2.94051            3.04898E+03
                2.94212            3.05926E+03
                2.94455            3.07246E+03
                2.94546            3.07481E+03
                2.94682            3.07921E+03
                2.94886            3.08324E+03
                2.94963            3.08259E+03
                2.95078            3.08199E+03
                2.9525             3.07894E+03
                2.95315            3.07609E+03
                2.95411            3.07201E+03
                2.95556            3.06442E+03
                2.95774            3.04815E+03
                2.95855            3.03951E+03
                2.95978            3.02695E+03
                2.96161            3.00617E+03
                2.9623             2.99658E+03
                2.96333            2.98279E+03
                2.96487            2.96157E+03
                2.96719            2.92788E+03
                2.96805            2.91299E+03
                2.96935            2.89254E+03
                2.9713             2.86316E+03
                2.97423            2.82238E+03
                2.97532            2.80484E+03
                2.97696            2.78353E+03
                2.97943            2.75826E+03
                2.98188            2.73837E+03
                2.98434            2.72536E+03
                2.9868             2.71934E+03
                2.98925            2.7197E+03 
                2.9917             2.72539E+03
                2.99261            2.72632E+03
                2.99399            2.73174E+03
                2.99606            2.74328E+03
                2.99683            2.74611E+03
                2.99799            2.75264E+03
                2.99973            2.76397E+03
                3.00233            2.7807E+03 
                3.00331            2.7843E+03 
                3.00477            2.79193E+03
                3.00697            2.80264E+03
                3.01025            2.81296E+03
                3.01149            2.81248E+03
                3.01333            2.81378E+03
                3.0161             2.81256E+03
                3.01714            2.80875E+03
                3.01869            2.8049E+03 
                3.02102            2.79808E+03
                3.0219             2.79305E+03
                3.02321            2.78735E+03
                3.02517            2.7792E+03 
                3.02811            2.76685E+03
                3.03105            2.75372E+03
                3.03398            2.74211E+03
                3.03508            2.73547E+03
                3.03673            2.73004E+03
                3.0392             2.72488E+03
                3.0429             2.71907E+03
                3.04844            2.70791E+03
                3.05397            2.68846E+03
                3.05949            2.66503E+03
                3.06499            2.6404E+03 
                3.07048            2.61724E+03
                3.07596            2.59798E+03
                3.08142            2.58485E+03
                3.08687            2.57961E+03
                3.09231            2.58326E+03
                3.09773            2.59593E+03
                3.10314            2.61694E+03
                3.10854            2.64507E+03
                3.10989            2.64588E+03
                3.11123            2.65205E+03
                3.11325            2.66557E+03
                3.11627            2.68819E+03
                3.1208             2.725E+03  
                3.12757            2.78335E+03
                3.13432            2.83654E+03
                3.14105            2.88599E+03
                3.14776            2.93011E+03
                3.15444            2.96807E+03
                3.16111            2.9996E+03 
                3.16775            3.02463E+03
                3.17436            3.04313E+03
                3.18096            3.05512E+03
                3.18753            3.06091E+03
                3.19408            3.06104E+03
                3.20061            3.0562E+03 
                3.20711            3.04705E+03
                3.21359            3.03411E+03
                3.22004            3.01776E+03
                3.22648            2.99834E+03
                3.23289            2.97623E+03
                3.23449            2.96081E+03
                3.23608            2.95297E+03
                3.23848            2.94534E+03
                3.24206            2.93418E+03
                3.24742            2.9174E+03 
                3.25276            2.8969E+03 
                3.25809            2.87703E+03
                3.26008            2.86245E+03
                3.26307            2.85295E+03
                3.26754            2.84191E+03
                3.27199            2.82832E+03
                3.27644            2.81501E+03
                3.28087            2.80208E+03
                3.28528            2.79004E+03
                3.28694            2.77965E+03
                3.28942            2.77448E+03
                3.29312            2.77126E+03
                3.29867            2.77491E+03
                3.3042             2.78295E+03
                3.30557            2.77649E+03
                3.30764            2.78101E+03
                3.31073            2.79374E+03
                3.31536            2.81828E+03
                3.31997            2.84292E+03
                3.32457            2.87E+03   
                3.32915            2.89822E+03
                3.33087            2.90216E+03
                3.33344            2.91896E+03
                3.33728            2.94563E+03
                3.34112            2.96812E+03
                3.34494            2.98943E+03
                3.34875            3.00998E+03
                3.35256            3.03003E+03
                3.35398            3.03193E+03
                3.35611            3.0436E+03 
                3.3593             3.06319E+03
                3.36249            3.08008E+03
                3.36567            3.09661E+03
                3.36884            3.11273E+03
                3.37002            3.11415E+03
                3.3718             3.12314E+03
                3.37446            3.13773E+03
                3.37845            3.15644E+03
                3.37994            3.15557E+03
                3.38217            3.16232E+03
                3.38301            3.16154E+03
                3.38426            3.16405E+03
                3.38614            3.16833E+03
                3.38684            3.16699E+03
                3.3879             3.16762E+03
                3.38948            3.1692E+03 
                3.39007            3.1675E+03 
                3.39096            3.1669E+03 
                3.39229            3.16679E+03
                3.39428            3.16598E+03
                3.39726            3.16428E+03
                3.39838            3.15836E+03
                3.40005            3.15624E+03
                3.40068            3.15342E+03
                3.40162            3.15203E+03
                3.40303            3.15173E+03
                3.40514            3.15211E+03
                3.4083             3.15393E+03
                3.40948            3.14903E+03
                3.41125            3.14948E+03
                3.41191            3.14743E+03
                3.41291            3.14766E+03
                3.4144             3.15021E+03
                3.41663            3.15574E+03
                3.41747            3.15426E+03
                3.41872            3.1567E+03 
                3.4206             3.1627E+03 
                3.42341            3.17197E+03
                3.42411            3.16928E+03
                3.42481            3.16914E+03
                3.42586            3.17163E+03
                3.42743            3.1758E+03 
                3.42979            3.18026E+03
                3.43067            3.17752E+03
                3.432              3.17745E+03
                3.43398            3.17733E+03
                3.43694            3.17293E+03
                3.43805            3.16506E+03
                3.43972            3.15872E+03
                3.44221            3.14878E+03
                3.44314            3.14031E+03
                3.44454            3.13262E+03
                3.44663            3.1237E+03 
                3.44872            3.1146E+03 
                3.4508             3.10667E+03
                3.45288            3.09862E+03
                3.45496            3.08848E+03
                3.45704            3.07487E+03
                3.45807            3.06446E+03
                3.4591             3.05506E+03
                3.46065            3.04181E+03
                3.4622             3.02701E+03
                3.46375            3.01259E+03
                3.46606            2.99647E+03
                3.46952            2.97692E+03
                3.47469            2.94087E+03
                3.47984            2.8861E+03 
                3.48496            2.81866E+03
                3.49005            2.74218E+03
                3.49512            2.66022E+03
                3.50016            2.57627E+03
                3.50518            2.49353E+03
                3.51017            2.41329E+03
                3.51514            2.33915E+03
                3.52008            2.27851E+03
                3.525              2.2376E+03 
                3.53232            2.22406E+03
                3.53959            2.22167E+03
                3.5468             2.22227E+03
                3.55395            2.21926E+03
                3.56104            2.21276E+03
                3.5628             2.19315E+03
                3.56456            2.18864E+03
                3.56719            2.18862E+03
                3.57113            2.1912E+03 
                3.57504            2.192E+03  
                3.57894            2.19593E+03
                3.58282            2.20328E+03
                3.58668            2.2141E+03 
                3.58812            2.21046E+03
                3.59028            2.2196E+03 
                3.5935             2.23852E+03
                3.59672            2.25612E+03
                3.59992            2.27553E+03
                3.6031             2.29616E+03
                3.60628            2.31708E+03
                3.60944            2.33757E+03
                3.61258            2.35729E+03
                3.61571            2.37623E+03
                3.61883            2.39465E+03
                3.62194            2.41292E+03
                3.62503            2.43144E+03
                3.62619            2.43166E+03
                3.62792            2.44313E+03
                3.6305             2.46335E+03
                3.63437            2.49532E+03
                3.63533            2.49235E+03
                3.63629            2.49685E+03
                3.63773            2.50859E+03
                3.63988            2.52733E+03
                3.6431             2.55535E+03
                3.6443             2.55697E+03
                3.6461             2.57074E+03
                3.64879            2.59301E+03
                3.6498             2.59408E+03
                3.6513             2.6045E+03 
                3.65356            2.62168E+03
                3.65692            2.64641E+03
                3.65818            2.64598E+03
                3.66006            2.65774E+03
                3.66287            2.67766E+03
                3.66392            2.67734E+03
                3.66549            2.6869E+03 
                3.66608            2.68722E+03
                3.66696            2.6921E+03 
                3.66828            2.70133E+03
                3.67026            2.71531E+03
                3.671              2.71538E+03
                3.6721             2.72153E+03
                3.67376            2.7324E+03 
                3.67438            2.73235E+03
                3.67531            2.73678E+03
                3.6767             2.74475E+03
                3.67722            2.74444E+03
                3.678              2.74729E+03
                3.67917            2.75273E+03
                3.68092            2.75974E+03
                3.68353            2.76724E+03
                3.68451            2.76216E+03
                3.68597            2.76333E+03
                3.68815            2.76614E+03
                3.68897            2.76102E+03
                3.6902             2.76067E+03
                3.69203            2.76302E+03
                3.69476            2.77086E+03
                3.69579            2.76635E+03
                3.69732            2.77131E+03
                3.6996             2.78098E+03
                3.70188            2.78388E+03
                3.70415            2.78079E+03
                3.705              2.77325E+03
                3.70627            2.76855E+03
                3.70817            2.75972E+03
                3.71006            2.74524E+03
                3.71194            2.72888E+03
                3.71382            2.71235E+03
                3.71569            2.69691E+03
                3.71756            2.68343E+03
                3.71942            2.67233E+03
                3.72127            2.66362E+03
                3.72311            2.65693E+03
                3.72495            2.6517E+03 
                3.72769            2.64941E+03
                3.73178            2.64269E+03
                3.73583            2.62246E+03
                3.73985            2.59719E+03
                3.74384            2.57315E+03
                3.74779            2.55676E+03
                3.7517             2.55174E+03
                3.75558            2.55801E+03
                3.75943            2.57261E+03
                3.76324            2.59154E+03
                3.76702            2.61143E+03
                3.77076            2.63039E+03
                3.77447            2.64799E+03
                3.77539            2.63918E+03
                3.77631            2.64095E+03
                3.77769            2.64924E+03
                3.77974            2.66273E+03
                3.78179            2.67329E+03
                3.78382            2.68456E+03
                3.78685            2.70892E+03
                3.79135            2.74709E+03
                3.79302            2.74332E+03
                3.79552            2.76309E+03
                3.79922            2.79631E+03
                3.80472            2.8431E+03 
                3.80608            2.82959E+03
                3.80743            2.83516E+03
                3.80945            2.85043E+03
                3.81246            2.87316E+03
                3.81469            2.88082E+03
                3.81802            2.90166E+03
                3.82131            2.91172E+03
                3.82457            2.91676E+03
                3.82939            2.92553E+03
                3.83414            2.91745E+03
                3.8388             2.90469E+03
                3.84339            2.88996E+03
                3.8479             2.87512E+03
                3.85234            2.86174E+03
                3.85561            2.84609E+03
                3.85884            2.84043E+03
                3.86203            2.83819E+03
                3.86673            2.85112E+03
                3.86789            2.82886E+03
                3.86905            2.82732E+03
                3.87077            2.83402E+03
                3.87333            2.84904E+03
                3.87428            2.84258E+03
                3.87569            2.85156E+03
                3.8778             2.86938E+03
                3.88093            2.89784E+03
                3.88209            2.8922E+03 
                3.88381            2.90703E+03
                3.88637            2.93357E+03
                3.88732            2.93033E+03
                3.88874            2.94482E+03
                3.89085            2.97066E+03
                3.89163            2.96952E+03
                3.8928             2.98318E+03
                3.89454            3.00665E+03
                3.89627            3.02596E+03
                3.89797            3.04485E+03
                3.89966            3.0633E+03 
                3.90133            3.08121E+03
                3.90381            3.11318E+03
                3.90625            3.13636E+03
                3.90685            3.1286E+03 
                3.90775            3.13661E+03
                3.9091             3.15182E+03
                3.91109            3.17429E+03
                3.91305            3.19039E+03
                3.91402            3.19011E+03
                3.91499            3.19663E+03
                3.91643            3.21086E+03
                3.91696            3.20799E+03
                3.91776            3.21422E+03
                3.91895            3.22504E+03
                3.92071            3.23888E+03
                3.92245            3.24417E+03
                3.92331            3.23844E+03
                3.92417            3.23842E+03
                3.92544            3.2419E+03 
                3.92591            3.2356E+03 
                3.92662            3.23577E+03
                3.92767            3.23795E+03
                3.92806            3.23267E+03
                3.92865            3.23251E+03
                3.92952            3.23427E+03
                3.92985            3.23003E+03
                3.93033            3.22971E+03
                3.93106            3.23103E+03
                3.93214            3.23297E+03
                3.93255            3.2271E+03 
                3.93315            3.22663E+03
                3.93404            3.22785E+03
                3.93493            3.22644E+03
                3.93581            3.22494E+03
                3.93669            3.22378E+03
                3.9369             3.21886E+03
                3.93712            3.21696E+03
                3.93745            3.21713E+03
                3.93793            3.2185E+03 
                3.93865            3.2211E+03 
                3.93937            3.22194E+03
                3.94008            3.22305E+03
                3.94079            3.22461E+03
                3.94149            3.22652E+03
                3.94219            3.22856E+03
                3.94288            3.23054E+03
                3.94357            3.23226E+03
                3.94459            3.23732E+03
                3.94497            3.23233E+03
                3.94553            3.23333E+03
                3.94638            3.23592E+03
                3.94669            3.23129E+03
                3.94716            3.23102E+03
                3.94786            3.23198E+03
                3.9489             3.23285E+03
                3.94992            3.22964E+03
                3.95093            3.2259E+03 
                3.95168            3.22038E+03
                3.95242            3.21726E+03
                3.9527             3.21198E+03
                3.95311            3.21071E+03
                3.95373            3.21084E+03
                3.95464            3.21178E+03
                3.95555            3.20976E+03
                3.95644            3.20734E+03
                3.95732            3.20415E+03
                3.95765            3.19734E+03
                3.95814            3.19558E+03
                3.95886            3.19377E+03
                3.95913            3.18767E+03
                3.95953            3.18487E+03
                3.96013            3.18173E+03
                3.96102            3.1759E+03 
                3.9619             3.16567E+03
                3.96276            3.15478E+03
                3.96308            3.14493E+03
                3.96356            3.13955E+03
                3.96427            3.13382E+03
                3.96454            3.12622E+03
                3.96493            3.12213E+03
                3.96552            3.11804E+03
                3.96638            3.11065E+03
                3.96723            3.09649E+03
                3.96807            3.07867E+03
                3.9689             3.05882E+03
                3.96971            3.03934E+03
                3.97051            3.02255E+03
                3.97129            3.0098E+03 
                3.97207            3.00131E+03
                3.97235            2.99292E+03
                3.97278            2.99103E+03
                3.97341            2.99188E+03
                3.97434            2.99486E+03
                3.97457            2.98637E+03
                3.97479            2.98441E+03
                3.97513            2.98517E+03
                3.97563            2.98648E+03
                3.97638            2.98746E+03
                3.9771             2.98399E+03
                3.97782            2.97943E+03
                3.97817            2.97199E+03
                3.97852            2.96868E+03
                3.97903            2.96666E+03
                3.97922            2.96096E+03
                3.97951            2.9587E+03 
                3.97993            2.95672E+03
                3.98055            2.95338E+03
                3.98078            2.94558E+03
                3.98113            2.94219E+03
                3.98163            2.93794E+03
                3.98182            2.93105E+03
                3.9821             2.92719E+03
                3.98251            2.92247E+03
                3.98312            2.91484E+03
                3.98372            2.90341E+03
                3.9843             2.89131E+03
                3.98444            2.88215E+03
                3.98458            2.87765E+03
                3.9848             2.87388E+03
                3.98511            2.86867E+03
                3.98558            2.86085E+03
                3.98575            2.85264E+03
                3.986              2.8473E+03 
                3.98638            2.84079E+03
                3.98693            2.83042E+03
                3.98747            2.81555E+03
                3.988              2.79938E+03
                3.98851            2.7827E+03 
                3.989              2.76639E+03
                3.98948            2.75139E+03
                3.98966            2.74068E+03
                3.98992            2.73418E+03
                3.99031            2.72787E+03
                3.99087            2.72357E+03
                3.99141            2.72021E+03
                3.99193            2.72098E+03
                3.99242            2.7253E+03 
                3.9929             2.73198E+03
                3.99336            2.73954E+03
                3.99379            2.74658E+03
                3.99421            2.7523E+03 
                3.99461            2.75658E+03
                3.99499            2.75994E+03
                3.99536            2.76325E+03
                3.9957             2.76756E+03
                3.99619            2.78307E+03
                3.99642            2.78348E+03
                3.99664            2.79202E+03
                3.99695            2.81339E+03
                3.99725            2.83569E+03
                3.99752            2.8604E+03 
                3.99778            2.88588E+03
                3.99802            2.91044E+03
                3.9981             2.91462E+03
                3.99822            2.92864E+03
                3.9984             2.94894E+03
                3.99846            2.95182E+03
                3.99855            2.96188E+03
                3.99868            2.97676E+03
                3.99886            2.9972E+03 
                3.99892            2.99937E+03
                3.99901            3.0098E+03 
                3.99904            3.01125E+03
                3.99909            3.01691E+03
                3.99916            3.02617E+03
                3.99926            3.04005E+03
                3.99929            3.0421E+03 
                3.99934            3.0493E+03 
                3.99941            3.05995E+03
                3.99943            3.06142E+03
                3.99947            3.06654E+03
                3.99952            3.07402E+03
                3.99959            3.08346E+03
                3.99965            3.08981E+03
                3.99971            3.09464E+03
                3.99976            3.09834E+03
                3.9998             3.10121E+03
                3.99984            3.10347E+03
                3.99987            3.10515E+03
                3.9999             3.10617E+03
                3.99992            3.10636E+03
                3.99994            3.1055E+03 
                3.99996            3.10339E+03
                3.99997            3.09989E+03
                3.99998            3.09494E+03
                3.99999            3.08855E+03
                3.99999            3.08085E+03
                4.                 3.07831E+03
                4.                 3.07618E+03
                4.                 3.07308E+03
                4.                 3.06812E+03
                4.                 3.06003E+03
                4.                 3.05677E+03
                4.                 3.05201E+03
                4.                 3.04471E+03
                4.                 3.03832E+03




