
              u_80_45_exp_n1     f_80_45_exp_n1

                0.                -0.         
               39.94E-09         112.026E-03  
              319.041E-09        534.836E-03  
                1.70601E-06        1.30133    
                7.53894E-06        2.89055    
               29.9775E-06         5.98401    
              111.812E-06         11.7308     
              399.954E-06         23.0486     
                1.38837E-03       49.64       
                4.70264E-03      123.254      
               15.5512E-03       342.341      
               49.9952E-03       993.978      
              154.626E-03          2.79215E+03
              450.699E-03          6.84406E+03
              909.771E-03         11.0929E+03 
                1.49255           14.3854E+03 
                2.13477           16.5455E+03 
                2.76111           17.8975E+03 
                3.29914           18.7027E+03 
                3.69328           19.1511E+03 
                3.91875           19.3719E+03 
                3.99549           19.4633E+03 
                4.                19.4957E+03 




