
                  X            uf-60-0-90-exp 

                0.                -0.         
               39.94E-09          97.6065E-03 
              319.041E-09        484.431E-03  
                1.70601E-06        1.24051    
                7.53894E-06        2.90059    
               29.9775E-06         6.36172    
              111.812E-06         13.8134     
              399.954E-06         32.8527     
                1.38837E-03       89.3993     
                4.70264E-03      267.346      
               15.5512E-03       833.506      
               49.9952E-03         2.60911E+03
              154.626E-03          7.97506E+03
              450.699E-03         23.1188E+03 
              605.155E-03         31.0588E+03 
              876.892E-03         44.5816E+03 
              904.601E-03         46.1384E+03 
              915.082E-03         46.6183E+03 
              916.067E-03         46.6682E+03 
              917.546E-03         46.7352E+03 
              919.766E-03         46.8308E+03 
              923.099E-03         46.9724E+03 
              923.933E-03         47.0094E+03 
              924.768E-03         47.0458E+03 
              925.081E-03         47.0595E+03 
              925.55E-03          47.0798E+03 
              926.255E-03         47.1098E+03 
              927.312E-03         47.1545E+03 
              928.899E-03         47.2211E+03 
              929.494E-03         47.2467E+03 
              930.387E-03         47.2845E+03 
              931.728E-03         47.3406E+03 
              932.231E-03         47.362E+03  
              932.985E-03         47.3937E+03 
              934.118E-03         47.4405E+03 
              935.251E-03         47.487E+03  
              936.384E-03         47.533E+03  
              938.085E-03         47.5993E+03 
              938.723E-03         47.6244E+03 
              938.963E-03         47.6338E+03 
              939.322E-03         47.6477E+03 
              939.861E-03         47.6679E+03 
              940.669E-03         47.6967E+03 
              941.882E-03         47.7361E+03 
              943.703E-03         47.7809E+03 
              944.386E-03         47.796E+03  
              944.643E-03         47.8014E+03 
              945.027E-03         47.8085E+03 
              945.604E-03         47.8167E+03 
              946.469E-03         47.8224E+03 
              946.794E-03         47.8238E+03 
              947.281E-03         47.8235E+03 
              948.011E-03         47.817E+03  
              948.742E-03         47.8037E+03 
              948.925E-03         47.8E+03    
              949.199E-03         47.7935E+03 
              949.61E-03          47.7811E+03 
              950.228E-03         47.7563E+03 
              951.153E-03         47.7033E+03 
              952.543E-03         47.5828E+03 
              952.63E-03          47.5753E+03 
              952.717E-03         47.5675E+03 
              952.847E-03         47.5556E+03 
              953.043E-03         47.5367E+03 
              953.336E-03         47.5065E+03 
              953.776E-03         47.4563E+03 
              954.436E-03         47.3701E+03 
              955.427E-03         47.2149E+03 
              955.519E-03         47.2002E+03 
              955.659E-03         47.1776E+03 
              955.868E-03         47.1426E+03 
              956.181E-03         47.0874E+03 
              956.652E-03         46.9982E+03 
              957.357E-03         46.8502E+03 
              958.416E-03         46.5955E+03 
              958.814E-03         46.4956E+03 
              959.41E-03          46.335E+03  
              960.304E-03         46.0698E+03 
              961.646E-03         45.6179E+03 
              963.661E-03         44.8327E+03 
              964.416E-03         44.5251E+03 
              965.551E-03         44.037E+03  
              965.976E-03         43.8508E+03 
              966.614E-03         43.5652E+03 
              967.572E-03         43.1281E+03 
              969.01E-03          42.4752E+03 
              969.549E-03         42.2326E+03 
              970.358E-03         41.8762E+03 
              971.572E-03         41.373E+03  
              973.394E-03         40.7243E+03 
              974.078E-03         40.4982E+03 
              975.104E-03         40.1992E+03 
              976.644E-03         39.8444E+03 
              978.955E-03         39.4927E+03 
              979.822E-03         39.3848E+03 
              981.124E-03         39.2639E+03 
              983.077E-03         39.139E+03  
              983.81E-03          39.0989E+03 
              984.91E-03          39.0461E+03 
              986.561E-03         38.9695E+03 
              987.18E-03          38.9411E+03 
              988.109E-03         38.8961E+03 
              989.503E-03         38.8215E+03 
              990.027E-03         38.7928E+03 
              990.811E-03         38.7474E+03 
              991.989E-03         38.6747E+03 
              993.757E-03         38.5598E+03 
              994.42E-03          38.5167E+03 
              995.415E-03         38.4507E+03 
              996.908E-03         38.3498E+03 
              999.15E-03          38.1943E+03 
              999.991E-03         38.1359E+03 
                1.00125           38.047E+03  
                1.00315           37.9169E+03 
                1.00386           37.8698E+03 
                1.00492           37.802E+03  
                1.00652           37.7145E+03 
                1.00713           37.6844E+03 
                1.00803           37.6456E+03 
                1.00938           37.6057E+03 
                1.01141           37.5967E+03 
                1.01217           37.6016E+03 
                1.01331           37.6258E+03 
                1.01503           37.7002E+03 
                1.01567           37.734E+03  
                1.01663           37.7954E+03 
                1.01808           37.9086E+03 
                1.02026           38.1108E+03 
                1.02107           38.1912E+03 
                1.0223            38.3161E+03 
                1.02413           38.5036E+03 
                1.02482           38.574E+03  
                1.02586           38.6759E+03 
                1.02741           38.8145E+03 
                1.02974           38.9687E+03 
                1.03061           39.0187E+03 
                1.03192           39.0698E+03 
                1.03389           39.0833E+03 
                1.03463           39.0798E+03 
                1.03574           39.0518E+03 
                1.0374            38.9574E+03 
                1.03803           38.9152E+03 
                1.03896           38.835E+03  
                1.04037           38.6788E+03 
                1.04248           38.3751E+03 
                1.04327           38.253E+03  
                1.04446           38.0514E+03 
                1.04624           37.7189E+03 
                1.04691           37.5911E+03 
                1.04791           37.3929E+03 
                1.04941           37.0876E+03 
                1.05167           36.6318E+03 
                1.05252           36.463E+03  
                1.05379           36.2147E+03 
                1.05427           36.1228E+03 
                1.05499           35.9871E+03 
                1.05606           35.7899E+03 
                1.05767           35.5114E+03 
                1.06009           35.1345E+03 
                1.06373           34.6507E+03 
                1.06918           34.0662E+03 
                1.07739           33.458E+03  
                1.08974           33.339E+03  
                1.10837           34.7487E+03 
                1.13651           37.2684E+03 
                1.14713           38.1291E+03 
                1.16312           38.961E+03  
                1.16913           39.2166E+03 
                1.17139           39.3036E+03 
                1.17478           39.4095E+03 
                1.17606           39.4475E+03 
                1.17796           39.4971E+03 
                1.17868           39.5152E+03 
                1.17976           39.5401E+03 
                1.18137           39.5731E+03 
                1.18379           39.6144E+03 
                1.18742           39.6618E+03 
                1.18879           39.679E+03  
                1.19083           39.6998E+03 
                1.1916            39.7076E+03 
                1.19237           39.7147E+03 
                1.19313           39.7212E+03 
                1.1939            39.7273E+03 
                1.19419           39.7296E+03 
                1.19462           39.7329E+03 
                1.19527           39.7374E+03 
                1.19624           39.7436E+03 
                1.1977            39.752E+03  
                1.19825           39.7554E+03 
                1.19846           39.7566E+03 
                1.19876           39.7585E+03 
                1.19923           39.7611E+03 
                1.19969           39.7636E+03 
                1.20015           39.766E+03  
                1.20084           39.7693E+03 
                1.20188           39.7739E+03 
                1.20227           39.7758E+03 
                1.20286           39.7784E+03 
                1.20374           39.782E+03  
                1.20506           39.7865E+03 
                1.20703           39.7903E+03 
                1.20778           39.7917E+03 
                1.20889           39.7918E+03 
                1.21056           39.785E+03  
                1.21119           39.7817E+03 
                1.21213           39.7734E+03 
                1.21354           39.7504E+03 
                1.21565           39.6766E+03 
                1.21645           39.6431E+03 
                1.21764           39.574E+03  
                1.21943           39.4148E+03 
                1.2201            39.3469E+03 
                1.22035           39.3203E+03 
                1.22072           39.2774E+03 
                1.22129           39.2057E+03 
                1.22214           39.0807E+03 
                1.22246           39.0314E+03 
                1.22294           38.9515E+03 
                1.22365           38.8175E+03 
                1.22473           38.5832E+03 
                1.22634           38.1569E+03 
                1.22876           37.3772E+03 
                1.22967           37.0678E+03 
                1.23104           36.5721E+03 
                1.23308           35.7937E+03 
                1.23385           35.4993E+03 
                1.235             35.0569E+03 
                1.23673           34.4098E+03 
                1.23738           34.1707E+03 
                1.23835           33.8215E+03 
                1.23981           33.3248E+03 
                1.242             32.6484E+03 
                1.24282           32.4053E+03 
                1.24405           32.0619E+03 
                1.2459            31.592E+03  
                1.2466            31.4224E+03 
                1.24764           31.1806E+03 
                1.2492            30.8435E+03 
                1.24978           30.7209E+03 
                1.25066           30.5441E+03 
                1.25198           30.2932E+03 
                1.25396           29.9446E+03 
                1.2547            29.818E+03  
                1.25582           29.635E+03  
                1.25749           29.3736E+03 
                1.25811           29.2777E+03 
                1.25905           29.1368E+03 
                1.26047           28.9305E+03 
                1.26258           28.6264E+03 
                1.26338           28.5133E+03 
                1.26457           28.3431E+03 
                1.26636           28.0845E+03 
                1.26703           27.9875E+03 
                1.26804           27.8403E+03 
                1.26955           27.6162E+03 
                1.27011           27.5321E+03 
                1.27096           27.4051E+03 
                1.27224           27.2138E+03 
                1.27415           26.93E+03   
                1.27487           26.8248E+03 
                1.27595           26.6693E+03 
                1.27756           26.4452E+03 
                1.27999           26.1423E+03 
                1.2809            26.0348E+03 
                1.28226           25.8871E+03 
                1.28431           25.7045E+03 
                1.28482           25.6618E+03 
                1.28533           25.6218E+03 
                1.2861            25.5678E+03 
                1.28726           25.502E+03  
                1.28899           25.4409E+03 
                1.29158           25.4362E+03 
                1.29548           25.601E+03  
                1.30133           26.0984E+03 
                1.31013           27.0234E+03 
                1.32335           28.3121E+03 
                1.34326           29.7104E+03 
                1.37328           30.5895E+03 
                1.41864           31.1299E+03 
                1.43575           31.3483E+03 
                1.46151           31.8126E+03 
                1.46393           31.8669E+03 
                1.46756           31.9406E+03 
                1.46892           31.9689E+03 
                1.47097           32.0115E+03 
                1.47404           32.0778E+03 
                1.47711           32.1473E+03 
                1.47787           32.1654E+03 
                1.47903           32.1925E+03 
                1.48075           32.2336E+03 
                1.48335           32.2969E+03 
                1.48724           32.3962E+03 
                1.49308           32.5529E+03 
                1.50185           32.7976E+03 
                1.51503           33.1587E+03 
                1.51998           33.2958E+03 
                1.52045           33.3091E+03 
                1.52114           33.3287E+03 
                1.52219           33.3571E+03 
                1.52258           33.3677E+03 
                1.52317           33.3834E+03 
                1.52405           33.4068E+03 
                1.52493           33.4301E+03 
                1.52581           33.4532E+03 
                1.5267            33.4762E+03 
                1.52758           33.4991E+03 
                1.52846           33.5219E+03 
                1.52934           33.5445E+03 
                1.53022           33.567E+03  
                1.53155           33.6002E+03 
                1.53205           33.6127E+03 
                1.53279           33.6313E+03 
                1.53307           33.6383E+03 
                1.53349           33.6487E+03 
                1.53412           33.6642E+03 
                1.53506           33.6871E+03 
                1.53541           33.6957E+03 
                1.53594           33.7086E+03 
                1.53674           33.7276E+03 
                1.53793           33.7557E+03 
                1.53972           33.7969E+03 
                1.5404            33.8125E+03 
                1.5414            33.8354E+03 
                1.54178           33.8441E+03 
                1.54235           33.8568E+03 
                1.5432            33.8757E+03 
                1.54448           33.9034E+03 
                1.54496           33.9138E+03 
                1.54567           33.9292E+03 
                1.54675           33.9519E+03 
                1.54837           33.985E+03  
                1.54897           33.9974E+03 
                1.54988           34.0157E+03 
                1.55125           34.0421E+03 
                1.55329           34.0783E+03 
                1.55636           34.109E+03  
                1.56097           34.0034E+03 
                1.56789           33.4099E+03 
                1.57828           32.2742E+03 
                1.59388           31.4779E+03 
                1.61735           32.0578E+03 
                1.65267           33.7177E+03 
                1.70587           35.2232E+03 
                1.78613           36.75E+03   
                1.81634           37.3225E+03 
                1.82768           37.5385E+03 
                1.8447            37.8684E+03 
                1.85109           37.9953E+03 
                1.86067           38.187E+03  
                1.8609            38.1916E+03 
                1.86123           38.1987E+03 
                1.86174           38.2091E+03 
                1.86193           38.213E+03  
                1.86221           38.2188E+03 
                1.86264           38.2275E+03 
                1.86328           38.2404E+03 
                1.86352           38.2453E+03 
                1.86388           38.2525E+03 
                1.86442           38.2634E+03 
                1.86523           38.2797E+03 
                1.86644           38.3042E+03 
                1.8669            38.3134E+03 
                1.86758           38.3273E+03 
                1.86861           38.3481E+03 
                1.87014           38.3793E+03 
                1.87245           38.4264E+03 
                1.87591           38.4971E+03 
                1.8811            38.5978E+03 
                1.88889           38.6793E+03 
                1.90058           38.5826E+03 
                1.90496           38.5184E+03 
                1.91154           38.3954E+03 
                1.914             38.3485E+03 
                1.91493           38.3309E+03 
                1.91631           38.305E+03  
                1.91683           38.2954E+03 
                1.91762           38.2813E+03 
                1.91879           38.2613E+03 
                1.92054           38.2352E+03 
                1.9212            38.226E+03  
                1.92219           38.2138E+03 
                1.92367           38.1998E+03 
                1.92423           38.1952E+03 
                1.92506           38.1899E+03 
                1.92631           38.1857E+03 
                1.92819           38.1889E+03 
                1.931             38.2163E+03 
                1.93522           38.3037E+03 
                1.94155           38.5051E+03 
                1.95105           38.8448E+03 
                1.9653            39.2643E+03 
                1.98668           39.7726E+03 
                2.01875           40.4506E+03 
                2.06684           41.368E+03  
                2.13888           42.7764E+03 
                2.24653           44.9279E+03 
                2.28671           45.7171E+03 
                2.30174           46.0107E+03 
                2.30737           46.1205E+03 
                2.30949           46.1616E+03 
                2.31265           46.2247E+03 
                2.31384           46.2481E+03 
                2.31428           46.2568E+03 
                2.31495           46.27E+03   
                2.31595           46.2899E+03 
                2.31633           46.2973E+03 
                2.31689           46.3086E+03 
                2.31774           46.3254E+03 
                2.319             46.3508E+03 
                2.3209            46.3888E+03 
                2.32375           46.4459E+03 
                2.32803           46.5306E+03 
                2.33443           46.6357E+03 
                2.33683           46.6693E+03 
                2.33774           46.6811E+03 
                2.33909           46.6973E+03 
                2.33959           46.703E+03  
                2.34035           46.711E+03  
                2.34149           46.721E+03  
                2.34192           46.7245E+03 
                2.34256           46.7289E+03 
                2.34352           46.734E+03  

 MINIMUM        0.                -0.         
  AT X =                           0.         
 MAXIMUM        2.34352           47.8238E+03 
  AT X =                         946.794E-03  




