
                  X             uf-0-90-exp   

                0.                -0.         
               39.94E-09           2.47751E-03
              319.041E-09         19.1236E-03 
                1.70601E-06       97.665E-03  
                7.53894E-06      425.139E-03  
               29.9775E-06         1.68088    
              111.812E-06          6.25515    
              399.954E-06         22.3536     
                1.38837E-03       77.5657     
                4.70264E-03      262.683      
               15.5512E-03       868.603      
               49.9952E-03         2.79236E+03
              154.626E-03          8.63614E+03
              450.699E-03         25.0694E+03 
              551.162E-03         30.3699E+03 
              577.852E-03         31.672E+03  
              605.155E-03         32.9591E+03 
              633.063E-03         34.2386E+03 
              676.039E-03         36.1862E+03 
              692.493E-03         36.9188E+03 
              717.516E-03         38.0181E+03 
              727.004E-03         38.4287E+03 
              730.576E-03         38.5837E+03 
              735.95E-03          38.8122E+03 
              737.969E-03         38.8964E+03 
              738.727E-03         38.9276E+03 
              739.865E-03         38.9735E+03 
              740.292E-03         38.9907E+03 
              740.932E-03         39.0148E+03 
              741.573E-03         39.0338E+03 
              742.214E-03         39.0464E+03 
              743.176E-03         39.0697E+03 
              744.62E-03          39.1246E+03 
              745.161E-03         39.147E+03  
              745.974E-03         39.1799E+03 
              747.195E-03         39.2258E+03 
              749.027E-03         39.2946E+03 
              751.778E-03         39.402E+03  
              755.914E-03         39.5671E+03 
              757.468E-03         39.6281E+03 
              758.051E-03         39.6507E+03 
              758.27E-03          39.6591E+03 
              758.598E-03         39.6715E+03 
              758.721E-03         39.6762E+03 
              758.905E-03         39.683E+03  
              758.975E-03         39.6856E+03 
              759.078E-03         39.6894E+03 
              759.234E-03         39.695E+03  
              759.293E-03         39.6972E+03 
              759.38E-03          39.7003E+03 
              759.512E-03         39.7048E+03 
              759.561E-03         39.7065E+03 
              759.635E-03         39.709E+03  
              759.746E-03         39.7124E+03 
              759.912E-03         39.7153E+03 
              760.162E-03         39.6843E+03 
              760.536E-03         39.4738E+03 
              761.098E-03         39.1008E+03 
              761.942E-03         38.9964E+03 
              763.207E-03         39.1474E+03 
              765.108E-03         39.2624E+03 
              767.962E-03         39.3736E+03 
              772.252E-03         39.5409E+03 
              778.707E-03         39.8002E+03 
              781.134E-03         39.899E+03  
              781.361E-03         39.9084E+03 
              781.703E-03         39.9223E+03 
              781.831E-03         39.9275E+03 
              782.023E-03         39.9353E+03 
              782.095E-03         39.9382E+03 
              782.203E-03         39.9426E+03 
              782.366E-03         39.9488E+03 
              782.426E-03         39.9511E+03 
              782.518E-03         39.9543E+03 
              782.655E-03         39.9572E+03 
              782.86E-03          39.9387E+03 
              783.168E-03         39.7852E+03 
              783.476E-03         39.5228E+03 
              783.784E-03         39.2588E+03 
              784.246E-03         39.1109E+03 
              784.94E-03          39.2442E+03 
              785.981E-03         39.4246E+03 
              787.544E-03         39.5124E+03 
              789.89E-03          39.6062E+03 
              793.415E-03         39.755E+03  
              798.716E-03         39.971E+03  
              806.696E-03         40.2866E+03 
              818.731E-03         40.7554E+03 
              836.926E-03         41.4688E+03 
              843.793E-03         41.6902E+03 
              850.684E-03         41.9451E+03 
              857.598E-03         42.2203E+03 
              868.014E-03         42.642E+03  
              883.736E-03         43.2021E+03 
              899.575E-03         43.8218E+03 
              915.529E-03         44.4504E+03 
              917.03E-03          44.5102E+03 
              919.284E-03         44.5997E+03 
              920.13E-03          44.6335E+03 
              921.4E-03           44.6841E+03 
              923.305E-03         44.7582E+03 
              923.782E-03         44.7766E+03 
              924.259E-03         44.7944E+03 
              924.974E-03         44.8169E+03 
              926.047E-03         44.8283E+03 
              927.658E-03         44.8345E+03 
              930.076E-03         44.8979E+03 
              933.709E-03         45.0406E+03 
              939.168E-03         45.2685E+03 
              947.381E-03         45.6103E+03 
              959.753E-03         46.1219E+03 
              978.43E-03          46.8954E+03 
                1.00671           48.0709E+03 
                1.01739           48.5162E+03 
                1.01839           48.5582E+03 
                1.01877           48.5738E+03 
                1.01934           48.5973E+03 
                1.01955           48.6061E+03 
                1.01987           48.6192E+03 
                1.02034           48.6389E+03 
                1.02052           48.6462E+03 
                1.02079           48.6572E+03 
                1.02089           48.6613E+03 
                1.02104           48.6673E+03 
                1.02127           48.676E+03  
                1.02161           48.6749E+03 
                1.02195           48.63E+03   
                1.02229           48.5244E+03 
                1.02241           48.4759E+03 
                1.0226            48.3878E+03 
                1.02289           48.2612E+03 
                1.02332           48.1802E+03 
                1.02397           48.253E+03  
                1.02461           48.3711E+03 
                1.02526           48.4494E+03 
                1.02623           48.4856E+03 
                1.02768           48.5268E+03 
                1.02986           48.6194E+03 
                1.03314           48.7624E+03 
                1.03806           48.9722E+03 
                1.04546           49.2843E+03 
                1.05659           49.752E+03  
                1.06078           49.9277E+03 
                1.06707           50.1905E+03 
                1.06766           50.2153E+03 
                1.06854           50.2515E+03 
                1.06888           50.265E+03  
                1.06937           50.2507E+03 
                1.06987           50.1664E+03 
                1.07              50.1404E+03 
                1.07018           50.0901E+03 
                1.07025           50.0697E+03 
                1.07036           50.0357E+03 
                1.07052           49.9803E+03 
                1.07075           49.897E+03  
                1.07099           49.8088E+03 
                1.07105           49.7862E+03 
                1.07114           49.7504E+03 
                1.07127           49.686E+03  
                1.07147           49.5381E+03 
                1.07155           49.4739E+03 
                1.07166           49.3538E+03 
                1.07183           49.1167E+03 
                1.07189           49.0199E+03 
                1.07199           48.8593E+03 
                1.07213           48.5987E+03 
                1.07234           48.2308E+03 
                1.07266           47.8628E+03 
                1.07278           47.7547E+03 
                1.07296           47.6581E+03 
                1.07303           47.6306E+03 
                1.07313           47.6066E+03 
                1.07328           47.5977E+03 
                1.07351           47.6087E+03 
                1.0736            47.6144E+03 
                1.07372           47.6208E+03 
                1.07392           47.6094E+03 
                1.07399           47.6014E+03 
                1.0741            47.5787E+03 
                1.07426           47.5196E+03 
                1.0745            47.3937E+03 
                1.07459           47.3426E+03 
                1.07473           47.2606E+03 
                1.07494           47.1274E+03 
                1.07501           47.0759E+03 
                1.07513           46.9941E+03 
                1.0753            46.8627E+03 
                1.07556           46.6684E+03 
                1.07566           46.5973E+03 
                1.07581           46.4974E+03 
                1.07603           46.3629E+03 
                1.07611           46.3144E+03 
                1.07623           46.2462E+03 
                1.07642           46.1598E+03 
                1.0766            46.0974E+03 
                1.07679           46.0586E+03 
                1.07686           46.0471E+03 
                1.07696           46.0339E+03 
                1.07712           46.0059E+03 
                1.07718           45.9932E+03 
                1.07727           45.9655E+03 
                1.0774            45.8948E+03 
                1.0776            45.7245E+03 
                1.07789           45.4043E+03 
                1.078             45.2797E+03 
                1.07817           45.094E+03  
                1.07842           44.8224E+03 
                1.07852           44.7211E+03 
                1.07866           44.567E+03  
                1.07887           44.3184E+03 
                1.07908           44.0548E+03 
                1.07929           43.7965E+03 
                1.07937           43.7018E+03 
                1.07949           43.57E+03   
                1.07967           43.4059E+03 
                1.07973           43.3495E+03 
                1.07983           43.2752E+03 
                1.07998           43.1747E+03 
                1.08004           43.1377E+03 
                1.08013           43.0803E+03 
                1.08025           42.9778E+03 
                1.08044           42.7668E+03 
                1.08052           42.6791E+03 
                1.08062           42.5294E+03 
                1.08078           42.2835E+03 
                1.08084           42.1895E+03 
                1.08093           42.0492E+03 
                1.08107           41.8533E+03 
                1.08127           41.6022E+03 
                1.08135           41.5138E+03 
                1.08146           41.3906E+03 
                1.08164           41.2083E+03 
                1.08189           40.9057E+03 
                1.08199           40.7872E+03 
                1.08214           40.6E+03    
                1.08235           40.32E+03   
                1.08257           40.0525E+03 
                1.08279           39.7929E+03 
                1.08287           39.6961E+03 
                1.08299           39.5502E+03 
                1.08318           39.338E+03  
                1.08345           39.127E+03  
                1.08373           39.0901E+03 
                1.084             39.2156E+03 
                1.08441           39.5282E+03 
                1.08457           39.6487E+03 
                1.0848            39.7984E+03 
                1.08515           39.9035E+03 
                1.08567           39.8541E+03 
                1.08587           39.8125E+03 
                1.08616           39.7228E+03 
                1.08639           39.6503E+03 
                1.08672           39.5574E+03 
                1.08684           39.5261E+03 
                1.08703           39.49E+03   
                1.08731           39.4556E+03 
                1.08773           39.3961E+03 
                1.08788           39.3697E+03 
                1.08794           39.3591E+03 
                1.08803           39.3412E+03 
                1.08816           39.3087E+03 
                1.08836           39.2459E+03 
                1.08866           39.1069E+03 
                1.08874           39.0692E+03 
                1.08881           39.0281E+03 
                1.08892           38.958E+03  
                1.08909           38.8323E+03 
                1.08934           38.5989E+03 
                1.08944           38.5053E+03 
                1.08958           38.3531E+03 
                1.08979           38.1079E+03 
                1.09              37.8584E+03 
                1.09022           37.6165E+03 
                1.09054           37.2921E+03 
                1.09085           37.0053E+03 
                1.09093           36.9359E+03 
                1.09105           36.8361E+03 
                1.09123           36.6922E+03 
                1.0913            36.6388E+03 
                1.0914            36.5593E+03 
                1.09155           36.4401E+03 
                1.09178           36.2628E+03 
                1.09201           36.0864E+03 
                1.09224           35.9074E+03 
                1.09232           35.8397E+03 
                1.09245           35.7371E+03 
                1.09264           35.5918E+03 
                1.09293           35.4553E+03 
                1.09304           35.419E+03  
                1.0932            35.4052E+03 
                1.09344           35.4636E+03 
                1.09353           35.4952E+03 
                1.09367           35.5556E+03 
                1.09387           35.6388E+03 
                1.09418           35.6527E+03 
                1.0943            35.6385E+03 
                1.09447           35.5681E+03 
                1.09464           35.4522E+03 
                1.09481           35.3026E+03 
                1.09507           35.0547E+03 
                1.09546           34.7177E+03 
                1.09556           34.6365E+03 
                1.09566           34.5587E+03 
                1.0958            34.4482E+03 
                1.09602           34.2846E+03 
                1.0961            34.2228E+03 
                1.09623           34.1268E+03 
                1.09641           33.9711E+03 
                1.09648           33.9108E+03 
                1.09659           33.8162E+03 
                1.09674           33.6654E+03 
                1.0968            33.6077E+03 
                1.09689           33.5191E+03 
                1.09702           33.3834E+03 
                1.09722           33.1813E+03 
                1.09729           33.106E+03  
                1.0974            32.994E+03  
                1.09757           32.8181E+03 
                1.09763           32.7502E+03 
                1.09772           32.6403E+03 
                1.09786           32.4391E+03 
                1.09808           32.0016E+03 
                1.09815           31.816E+03  
                1.09827           31.4851E+03 
                1.09845           30.8855E+03 
                1.09852           30.6475E+03 
                1.09862           30.2679E+03 
                1.09877           29.6793E+03 
                1.09899           28.8515E+03 
                1.09905           28.6494E+03 
                1.09911           28.4536E+03 
                1.09919           28.1775E+03 
                1.09932           27.8096E+03 
                1.09951           27.3467E+03 
                1.09979           26.7091E+03 
                1.0999            26.4696E+03 
                1.10006           26.0894E+03 
                1.10012           25.943E+03  
                1.10021           25.7141E+03 
                1.10034           25.3585E+03 
                1.10055           24.8631E+03 
                1.10085           24.3854E+03 
                1.10097           24.2507E+03 
                1.10114           24.1555E+03 
                1.10139           24.2084E+03 
                1.10149           24.2524E+03 
                1.10164           24.3578E+03 
                1.10169           24.402E+03  
                1.10177           24.4763E+03 
                1.10189           24.5965E+03 
                1.10208           24.7735E+03 
                1.10235           24.9925E+03 
                1.10276           25.1729E+03 
                1.10287           25.2084E+03 
                1.10297           25.2337E+03 
                1.10312           25.247E+03  
                1.10318           25.2484E+03 
                1.10327           25.242E+03  
                1.1034            25.2112E+03 
                1.10359           25.1133E+03 
                1.10389           24.8582E+03 
                1.104             24.7481E+03 
                1.10416           24.5551E+03 
                1.10422           24.479E+03  
                1.10432           24.3577E+03 
                1.10446           24.1635E+03 
                1.10466           23.8588E+03 
                1.10498           23.3938E+03 
                1.1051            23.2189E+03 
                1.10527           22.9545E+03 
                1.10554           22.5562E+03 
                1.10593           22.0243E+03 
                1.10608           21.8384E+03 
                1.10614           21.7709E+03 
                1.10622           21.6752E+03 
                1.10635           21.5461E+03 
                1.10653           21.3811E+03 
                1.10682           21.14E+03   
                1.10692           21.0467E+03 
                1.10708           20.8869E+03 
                1.10714           20.8234E+03 
                1.10723           20.7182E+03 
                1.10736           20.533E+03  
                1.10757           20.1957E+03 
                1.10787           19.6239E+03 
                1.10832           18.8617E+03 
                1.10849           18.6006E+03 
                1.10874           18.2882E+03 
                1.10884           18.1832E+03 
                1.10898           18.0542E+03 
                1.1092            17.9223E+03 
                1.10952           17.8292E+03 
                1.11              17.7997E+03 
                1.11019           17.7977E+03 
                1.11046           17.7957E+03 
                1.11087           17.7437E+03 
                1.11102           17.715E+03  
                1.11125           17.6463E+03 
                1.11133           17.6168E+03 
                1.11146           17.564E+03  
                1.11166           17.4679E+03 
                1.11173           17.4297E+03 
                1.11184           17.3684E+03 
                1.112             17.2709E+03 
                1.11225           17.1228E+03 
                1.11262           16.9018E+03 
                1.11275           16.8186E+03 
                1.11296           16.6888E+03 
                1.11327           16.4692E+03 
                1.11374           16.1042E+03 
                1.11391           15.9648E+03 
                1.11417           15.7628E+03 
                1.11457           15.5195E+03 
                1.11467           15.4631E+03 
                1.11476           15.4117E+03 
                1.11491           15.3478E+03 
                1.11513           15.2868E+03 
                1.11522           15.269E+03  
                1.11534           15.2545E+03 
                1.11553           15.2608E+03 
                1.11581           15.3299E+03 
                1.11623           15.5408E+03 
                1.11638           15.6334E+03 
                1.11662           15.7983E+03 
                1.11698           16.0828E+03 
                1.11751           16.5087E+03 
                1.11831           17.0552E+03 
                1.1195            17.6474E+03 
                1.11961           17.701E+03  
                1.11978           17.7767E+03 
                1.12004           17.878E+03  
                1.12041           17.989E+03  
                1.12098           18.0635E+03 
                1.1212            18.0797E+03 
                1.12152           18.0868E+03 
                1.12164           18.0876E+03 
                1.12182           18.0864E+03 
                1.12209           18.084E+03  
                1.12219           18.0832E+03 
                1.12234           18.0825E+03 
                1.12257           18.0824E+03 
                1.12291           18.079E+03  
                1.12342           18.046E+03  
                1.12419           17.9156E+03 
                1.12438           17.8779E+03 
                1.12458           17.8354E+03 
                1.12486           17.7628E+03 
                1.1253            17.6451E+03 
                1.12595           17.4738E+03 
                1.12692           17.2384E+03 
                1.12838           16.9683E+03 
                1.13058           16.846E+03  
                1.13387           17.052E+03  
                1.13882           17.3686E+03 
                1.14625           17.4867E+03 
                1.14637           17.4887E+03 
                1.14649           17.4904E+03 
                1.14666           17.4927E+03 
                1.14692           17.4957E+03 
                1.14702           17.4967E+03 
                1.14717           17.4981E+03 
                1.14722           17.4986E+03 
                1.14731           17.4992E+03 
                1.14743           17.5001E+03 
                1.14762           17.5001E+03 
                1.1479            17.4842E+03 
                1.148             17.4751E+03 
                1.14816           17.4496E+03 
                1.14839           17.3647E+03 
                1.14875           17.1035E+03 
                1.14888           16.9865E+03 
                1.14908           16.776E+03  
                1.14938           16.4427E+03 
                1.14945           16.3594E+03 
                1.14953           16.2772E+03 
                1.14964           16.1604E+03 
                1.14981           16.0115E+03 
                1.15006           15.8674E+03 
                1.15044           15.8023E+03 
                1.15058           15.7961E+03 
                1.15079           15.8107E+03 
                1.15087           15.8186E+03 
                1.15099           15.8324E+03 
                1.15117           15.8479E+03 
                1.15144           15.8414E+03 
                1.15185           15.7481E+03 
                1.152             15.7011E+03 
                1.15222           15.6064E+03 
                1.15231           15.5677E+03 
                1.15244           15.5036E+03 
                1.15263           15.4012E+03 
                1.15292           15.2572E+03 
                1.15335           15.0885E+03 
                1.15351           15.032E+03  
                1.15375           14.96E+03   
                1.15384           14.9346E+03 
                1.15398           14.8994E+03 
                1.15419           14.8517E+03 
                1.15449           14.7828E+03 
                1.15495           14.6515E+03 
                1.15513           14.5969E+03 
                1.15519           14.5756E+03 
                1.15529           14.5415E+03 
                1.15544           14.4856E+03 
                1.15565           14.3935E+03 
                1.15598           14.2415E+03 
                1.15648           13.9928E+03 
                1.15666           13.8974E+03 
                1.15694           13.7536E+03 
                1.15704           13.6998E+03 
                1.1572            13.6209E+03 
                1.15743           13.5113E+03 
                1.15778           13.3767E+03 
                1.15831           13.1959E+03 
                1.15851           13.1273E+03 
                1.1588            13.0108E+03 
                1.15891           12.9647E+03 
                1.15908           12.889E+03  
                1.15933           12.7627E+03 
                1.15958           12.6298E+03 
                1.15983           12.4973E+03 
                1.1602            12.3164E+03 
                1.16077           12.0891E+03 
                1.16098           12.0093E+03 
                1.16129           11.8942E+03 
                1.16177           11.7148E+03 
                1.16248           11.4618E+03 
                1.16266           11.4005E+03 
                1.16284           11.3428E+03 
                1.1631            11.2715E+03 
                1.1635            11.1973E+03 
                1.16411           11.0923E+03 
                1.16501           10.9805E+03 
                1.16535           10.9522E+03 
                1.16547           10.944E+03  
                1.16566           10.9388E+03 
                1.16595           10.9518E+03 
                1.16638           11.018E+03  
                1.16702           11.1775E+03 
                1.16798           11.457E+03  
                1.16834           11.5645E+03 
                1.16889           11.7305E+03 
                1.16909           11.7936E+03 
                1.1694            11.8903E+03 
                1.16985           12.0409E+03 
                1.17054           12.2658E+03 
                1.17157           12.5411E+03 
                1.17196           12.6327E+03 
                1.17254           12.7388E+03 
                1.17341           12.8311E+03 
                1.17373           12.8569E+03 
                1.17422           12.8772E+03 
                1.17496           12.8676E+03 
                1.17606           12.7657E+03 
                1.17771           12.4931E+03 
                1.18019           12.1098E+03 
                1.18043           12.0744E+03 
                1.18078           12.0231E+03 
                1.1813            11.9526E+03 
                1.18209           11.8678E+03 
                1.18287           11.8094E+03 
                1.18366           11.7814E+03 
                1.18484           11.8075E+03 
                1.18661           11.9473E+03 
                1.18838           12.1216E+03 
                1.19015           12.2762E+03 
                1.19281           12.3938E+03 
                1.1968            12.3899E+03 
                1.2028            12.3272E+03 
                1.20505           12.309E+03  
                1.2059            12.3034E+03 
                1.20621           12.3016E+03 
                1.20669           12.2992E+03 
                1.20687           12.2984E+03 
                1.20713           12.2973E+03 
                1.20723           12.2968E+03 
                1.20738           12.2962E+03 
                1.20761           12.2948E+03 
                1.20795           12.2733E+03 
                1.20803           12.2664E+03 
                1.20812           12.2574E+03 
                1.20824           12.2366E+03 
                1.20843           12.1661E+03 
                1.20872           11.8673E+03 
                1.20915           11.0831E+03 
                1.20931           10.7587E+03 
                1.20955           10.3031E+03 
                1.20991            9.94726E+03
                1.21045           10.1394E+03 
                1.21127           10.7911E+03 
                1.21249           11.0987E+03 
                1.21295           11.1085E+03 
                1.21363           11.0134E+03 
                1.21467           10.9344E+03 
                1.21621           10.9738E+03 
                1.21853           11.0226E+03 
                1.22202           11.0308E+03 
                1.22725           11.0708E+03 
                1.23512           11.1707E+03 
                1.23807           11.2095E+03 
                1.2425            11.2615E+03 
                1.24292           11.2664E+03 
                1.24354           11.2734E+03 
                1.24448           11.2834E+03 
                1.24483           11.287E+03  
                1.24536           11.2917E+03 
                1.24615           11.2984E+03 
                1.24733           11.3084E+03 
                1.24911           11.32E+03   
                1.25178           11.3376E+03 
                1.25579           11.3729E+03 
                1.26181           11.4259E+03 
                1.27086           11.4975E+03 
                1.28447           11.6084E+03 
                1.30496           11.7809E+03 
                1.33588           12.0382E+03 
                1.34364           12.0988E+03 
                1.35141           12.16E+03   
                1.3592            12.2214E+03 
                1.3709            12.3148E+03 
                1.372             12.3237E+03 
                1.37241           12.327E+03  
                1.37303           12.3319E+03 
                1.37396           12.3392E+03 
                1.37431           12.3419E+03 
                1.37483           12.346E+03  
                1.37561           12.3519E+03 
                1.37678           12.3599E+03 
                1.37855           12.3706E+03 
                1.38119           12.3872E+03 
                1.38516           12.4147E+03 
                1.39112           12.4619E+03 
                1.40007           12.5391E+03 
                1.41352           12.658E+03  
                1.43377           12.8421E+03 
                1.46427           13.1325E+03 
                1.46713           13.1601E+03 
                1.4674            13.1626E+03 
                1.46781           13.1664E+03 
                1.46796           13.1678E+03 
                1.46818           13.17E+03   
                1.46853           13.1711E+03 
                1.46861           13.1712E+03 
                1.4687            13.1711E+03 
                1.46882           13.17E+03   
                1.46901           13.164E+03  
                1.46909           13.1609E+03 
                1.46919           13.1535E+03 
                1.46936           13.1311E+03 
                1.46942           13.1207E+03 
                1.46951           13.0997E+03 
                1.46964           13.0506E+03 
                1.46985           12.9239E+03 
                1.47005           12.7367E+03 
                1.47026           12.488E+03  
                1.47046           12.1802E+03 
                1.47067           11.8184E+03 
                1.47074           11.6754E+03 
                1.47086           11.4457E+03 
                1.47103           11.0733E+03 
                1.47129           10.4868E+03 
                1.47139           10.265E+03  
                1.47153            9.93609E+03
                1.47175            9.47497E+03
                1.47197            9.061E+03  
                1.47219            8.6982E+03 
                1.47227            8.56934E+03
                1.47239            8.39126E+03
                1.47258            8.15149E+03
                1.47285            7.82136E+03
                1.47327            7.28568E+03
                1.47337            7.14762E+03
                1.47348            7.00389E+03
                1.47363            6.77159E+03
                1.47386            6.38093E+03
                1.47421            5.71642E+03
                1.47474            4.63167E+03
                1.47526            3.54063E+03
                1.47579            2.53649E+03
                1.47658            1.38422E+03
                1.47687            1.00449E+03
                1.47732          540.47       
                1.47798           22.8152     
                1.47898         -419.465      
                1.47935         -539.608      
                1.47991         -612.832      
                1.48012         -624.843      
                1.48044         -607.251      
                1.48091         -506.191      
                1.48162         -205.237      
                1.48233          229.349      
                1.48305          773.899      
                1.48411            1.70476E+03
                1.48451            2.06222E+03
                1.48511            2.59075E+03
                1.48601            3.30005E+03
                1.48635            3.55142E+03
                1.48685            3.88762E+03
                1.48704            4.00756E+03
                1.48733            4.1722E+03 
                1.48776            4.37919E+03
                1.4884             4.58466E+03
                1.48864            4.64632E+03
                1.489              4.70295E+03
                1.48954            4.70692E+03
                1.49035            4.54624E+03
                1.49157            4.0363E+03 
                1.49339            3.09405E+03
                1.49408            2.73831E+03
                1.49511            2.26502E+03
                1.49665            1.82272E+03
                1.49896            1.77314E+03
                1.49983            1.8338E+03 
                1.50113            2.05219E+03
                1.50146            2.11389E+03
                1.50178            2.18168E+03
                1.50227            2.29354E+03
                1.503              2.47182E+03
                1.5041             2.72386E+03
                1.50575            2.99128E+03
                1.50822            3.11824E+03
                1.50915            3.12973E+03
                1.51054            3.08585E+03
                1.51263            2.96601E+03
                1.51576            2.8376E+03 
                1.52047            2.79086E+03
                1.52753            2.77819E+03
                1.53813            2.76777E+03
                1.55407            2.76953E+03
                1.55557            2.77009E+03
                1.55613            2.77025E+03
                1.55697            2.77046E+03
                1.55729            2.77054E+03
                1.55776            2.77056E+03
                1.55847            2.76895E+03
                1.55953            2.76177E+03
                1.55993            2.75845E+03
                1.56053            2.75203E+03
                1.56143            2.73207E+03
                1.56278            2.67039E+03
                1.56481            2.57953E+03
                1.56683            2.5296E+03 
                1.56886            2.50872E+03
                1.5719             2.50879E+03
                1.57646            2.54371E+03
                1.5833             2.58024E+03
                1.58587            2.58878E+03
                1.58972            2.59E+03   
                1.59551            2.58037E+03
                1.60419            2.55778E+03
                1.61724            2.5286E+03 
                1.63684            2.53277E+03
                1.66632            2.58753E+03
                1.6774             2.61016E+03
                1.69403            2.63814E+03
                1.71903            2.6627E+03 
                1.75663            2.70005E+03
                1.81321            2.78926E+03
                1.83447            2.82772E+03
                1.86641            2.89069E+03
                1.87839            2.91478E+03
                1.88289            2.92385E+03
                1.88458            2.92725E+03
                1.88521            2.92853E+03
                1.88616            2.93045E+03
                1.88758            2.93334E+03
                1.88971            2.93771E+03
                1.89052            2.93935E+03
                1.89172            2.94177E+03
                1.89217            2.94268E+03
                1.89284            2.94415E+03
                1.89385            2.94598E+03
                1.89537            2.9463E+03 
                1.89765            2.94634E+03
                1.90107            2.94227E+03
                1.90236            2.93965E+03
                1.90428            2.93363E+03
                1.905              2.93116E+03
                1.90609            2.92729E+03
                1.90771            2.92355E+03
                1.91014            2.92753E+03
                1.9138             2.94368E+03
                1.91928            2.96039E+03
                1.9275             2.97234E+03
                1.93984            2.99038E+03
                1.95835            3.01237E+03
                1.98612            3.03783E+03
                2.02778            3.08676E+03
                2.09024            3.17236E+03
                2.18371            3.29896E+03
                2.21866            3.34576E+03
                2.27094            3.41746E+03
                2.29049            3.44441E+03
                2.29781            3.45451E+03
                2.30879            3.46987E+03
                2.30982            3.47121E+03
                2.31136            3.47342E+03
                2.31194            3.47423E+03
                2.3128             3.4754E+03 
                2.31411            3.47668E+03
                2.31606            3.47622E+03
                2.31801            3.47627E+03
                2.31996            3.47677E+03
                2.32288            3.4754E+03 
                2.32398            3.47565E+03
                2.32563            3.47997E+03
                2.32809            3.48902E+03
                2.33179            3.49851E+03
                2.33734            3.50607E+03
                2.34565            3.51588E+03
                2.35811            3.53248E+03
                2.35928            3.53394E+03
                2.36103            3.53638E+03
                2.36168            3.53728E+03
                2.36267            3.5386E+03 
                2.36415            3.54009E+03
                2.36562            3.54113E+03
                2.3671             3.54278E+03
                2.36931            3.54764E+03
                2.37263            3.553E+03  
                2.37761            3.55629E+03
                2.38507            3.56356E+03
                2.39624            3.57878E+03
                2.41298            3.60248E+03
                2.43803            3.63675E+03
                2.47544            3.68819E+03
                2.47777            3.69113E+03
                2.47835            3.692E+03  
                2.47922            3.69335E+03
                2.47955            3.69384E+03
                2.48004            3.69457E+03
                2.48078            3.69565E+03
                2.48189            3.69756E+03
                2.48299            3.70048E+03
                2.4841             3.70373E+03
                2.48575            3.70346E+03
                2.48824            3.69664E+03
                2.49197            3.69515E+03
                2.49756            3.70654E+03
                2.50593            3.7237E+03 
                2.51847            3.74222E+03
                2.53723            3.76712E+03
                2.56526            3.80576E+03
                2.60704            3.86283E+03
                2.62263            3.88368E+03
                2.62846            3.89145E+03
                2.6372             3.90305E+03
                2.64047            3.90731E+03
                2.64537            3.91381E+03
                2.64721            3.91617E+03
                2.64996            3.91996E+03
                2.651              3.92138E+03
                2.65255            3.9239E+03 
                2.65313            3.92487E+03
                2.654              3.92663E+03
                2.6553             3.93112E+03
                2.65726            3.9373E+03 
                2.6602             3.94044E+03
                2.6646             3.9234E+03 
                2.67119            3.89757E+03
                2.68106            3.90139E+03
                2.69583            3.9221E+03 
                2.71789            3.94528E+03
                2.75076            3.98965E+03
                2.79957            4.05733E+03
                2.87156            4.15188E+03
                2.97657            4.29419E+03
                3.12662            4.49494E+03
                3.14019            4.51209E+03
                3.14526            4.51917E+03
                3.14716            4.52173E+03
                3.15               4.52561E+03
                3.15425            4.53135E+03
                3.16062            4.53974E+03
                3.163              4.5427E+03 
                3.16656            4.54721E+03
                3.1679             4.54879E+03
                3.1684             4.54939E+03
                3.16915            4.55038E+03
                3.17028            4.55199E+03
                3.17196            4.55608E+03
                3.1726             4.55793E+03
                3.17354            4.56199E+03
                3.17497            4.56767E+03
                3.1771             4.57192E+03
                3.18029            4.56605E+03
                3.18148            4.562E+03  
                3.18327            4.55057E+03
                3.18506            4.53841E+03
                3.18685            4.52974E+03
                3.18953            4.52435E+03
                3.19354            4.52593E+03
                3.19954            4.53643E+03
                3.20851            4.54896E+03
                3.22187            4.55687E+03
                3.24172            4.56896E+03
                3.27108            4.60306E+03
                3.31413            4.66797E+03
                3.37641            4.7549E+03 
                3.39904            4.78528E+03
                3.40743            4.79628E+03
                3.41056            4.80013E+03
                3.41173            4.80159E+03
                3.41348            4.80393E+03
                3.41365            4.80404E+03
                3.41389            4.80431E+03
                3.41399            4.80438E+03
                3.41412            4.80445E+03
                3.41433            4.80381E+03
                3.41464            4.78193E+03
                3.41496            4.70572E+03
                3.41503            4.68269E+03
                3.41515            4.63736E+03
                3.41533            4.54478E+03
                3.41539            4.50676E+03
                3.41549            4.44419E+03
                3.41564            4.34985E+03
                3.41586            4.24212E+03
                3.41619            4.18691E+03
                3.41669            4.2649E+03 
                3.41744            4.41471E+03
                3.41856            4.44261E+03
                3.42024            4.40692E+03
                3.42275            4.40217E+03
                3.42369            4.40394E+03
                3.42511            4.41087E+03
                3.42563            4.41409E+03
                3.42643            4.42143E+03
                3.42672            4.42449E+03
                3.42717            4.42996E+03
                3.42784            4.43932E+03
                3.4285             4.44684E+03
                3.42917            4.45006E+03
                3.43017            4.45188E+03
                3.43167            4.46607E+03
                3.43223            4.47321E+03
                3.43307            4.48528E+03
                3.43433            4.49641E+03
                3.43622            4.49402E+03
                3.43905            4.43543E+03
                3.44011            4.40675E+03
                3.44169            4.35982E+03
                3.44407            4.28426E+03
                3.44496            4.25477E+03
                3.44629            4.20822E+03
                3.44829            4.14267E+03
                3.45127            4.0721E+03 
                3.45574            4.00052E+03
                3.46019            3.94727E+03
                3.46462            3.90937E+03
                3.47123            3.89209E+03
                3.48107            3.93788E+03
                3.49565            4.05511E+03
                3.49701            4.06574E+03
                3.49752            4.07009E+03
                3.49828            4.0764E+03 
                3.49942            4.08378E+03
                3.50113            4.08975E+03
                3.50369            4.10567E+03
                3.50752            4.14989E+03
                3.51323            4.20011E+03
                3.52174            4.22467E+03
                3.52491            4.22817E+03
                3.52964            4.22706E+03
                3.5367             4.21727E+03
                3.53933            4.21242E+03
                3.54327            4.20434E+03
                3.54914            4.1908E+03 
                3.55787            4.17634E+03
                3.56112            4.17204E+03
                3.56233            4.17074E+03
                3.56415            4.17044E+03
                3.56597            4.16894E+03
                3.56778            4.16632E+03
                3.5705             4.1677E+03 
                3.57075            4.16767E+03
                3.57113            4.1681E+03 
                3.5717             4.16768E+03
                3.57227            4.16448E+03
                3.57284            4.16143E+03
                3.57369            4.15943E+03
                3.57497            4.15521E+03
                3.57689            4.15557E+03
                3.57975            4.1645E+03 
                3.58403            4.16431E+03
                3.5904             4.13795E+03
                3.59986            4.10531E+03
                3.6022             4.09981E+03
                3.60454            4.09721E+03
                3.60804            4.09709E+03
                3.61325            4.10353E+03
                3.621              4.12128E+03
                3.63247            4.14842E+03
                3.64932            4.16583E+03
                3.6738             4.1613E+03 
                3.70872            4.17039E+03
                3.75703            4.23525E+03
                3.82038            4.34198E+03
                3.82576            4.35012E+03
                3.83366            4.36457E+03
                3.83439            4.36526E+03
                3.83548            4.36755E+03
                3.8371             4.37035E+03
                3.83953            4.37408E+03
                3.84312            4.37979E+03
                3.84843            4.38816E+03
                3.85039            4.39085E+03
                3.8533             4.39473E+03
                3.85439            4.39586E+03
                3.85601            4.39684E+03
                3.85841            4.39802E+03
                3.86198            4.40062E+03
                3.86723            4.40729E+03
                3.87487            4.4166E+03 
                3.88584            4.42833E+03
                3.90118            4.44367E+03
                3.90659            4.44874E+03
                3.91437            4.45684E+03
                3.91508            4.45684E+03
                3.91534            4.45725E+03
                3.91574            4.45767E+03
                3.91633            4.4579E+03 
                3.91721            4.45887E+03
                3.91754            4.45907E+03
                3.91804            4.45875E+03
                3.91877            4.45952E+03
                3.91987            4.46685E+03
                3.92028            4.4703E+03 
                3.92089            4.4762E+03 
                3.9218             4.4829E+03 
                3.92316            4.48955E+03
                3.92366            4.49207E+03
                3.92441            4.49676E+03
                3.92469            4.49817E+03
                3.92511            4.49798E+03
                3.92527            4.49715E+03
                3.92551            4.49283E+03
                3.92559            4.49062E+03
                3.92573            4.48564E+03
                3.92593            4.47398E+03
                3.92622            4.45688E+03
                3.92667            4.45191E+03
                3.92733            4.47029E+03
                3.92757            4.47869E+03
                3.92794            4.48924E+03
                3.9285             4.49721E+03
                3.92932            4.5042E+03 
                3.93055            4.51413E+03
                3.93236            4.51316E+03
                3.93503            4.47596E+03
                3.93601            4.4578E+03 
                3.93638            4.45051E+03
                3.93692            4.43888E+03
                3.93713            4.43433E+03
                3.9372             4.43261E+03
                3.93732            4.43005E+03
                3.93736            4.42907E+03
                3.93743            4.42762E+03
                3.93752            4.4254E+03 
                3.93767            4.42195E+03
                3.93788            4.4164E+03 
                3.93821            4.40745E+03
                3.93869            4.39277E+03
                3.93941            4.37075E+03
                3.94049            4.34554E+03
                3.94207            4.3213E+03 
                3.94441            4.30438E+03
                3.94526            4.30008E+03
                3.94654            4.2986E+03 
                3.94666            4.29823E+03
                3.94683            4.29823E+03
                3.9469             4.29822E+03
                3.947              4.29824E+03
                3.94704            4.29822E+03
                3.94709            4.29822E+03
                3.94718            4.29801E+03
                3.9473             4.29504E+03
                3.94749            4.2838E+03 
                3.94777            4.27388E+03
                3.94819            4.27662E+03
                3.94882            4.28267E+03
                3.94975            4.29371E+03
                3.95009            4.29844E+03
                3.95061            4.30648E+03
                3.95066            4.30712E+03
                3.95073            4.30826E+03
                3.95084            4.31003E+03
                3.95088            4.31068E+03
                3.95094            4.31169E+03
                3.95103            4.31321E+03
                3.95117            4.31509E+03
                3.95137            4.31897E+03
                3.95168            4.33245E+03
                3.95213            4.34363E+03
                3.95281            4.31222E+03
                3.95307            4.29479E+03
                3.95316            4.2876E+03 
                3.9533             4.27614E+03
                3.95351            4.26021E+03
                3.95359            4.25454E+03
                3.95362            4.25247E+03
                3.95367            4.24954E+03
                3.95374            4.24564E+03
                3.95384            4.24152E+03
                3.95399            4.24167E+03
                3.95421            4.25538E+03
                3.95429            4.2621E+03 
                3.95442            4.27409E+03
                3.95461            4.28934E+03
                3.95489            4.29627E+03
                3.955              4.29643E+03
                3.95515            4.29301E+03
                3.95531            4.28798E+03
                3.95547            4.28257E+03
                3.9557             4.27381E+03
                3.95605            4.25863E+03
                3.95658            4.23915E+03
                3.95671            4.23437E+03
                3.95684            4.23175E+03
                3.95697            4.23529E+03
                3.9571             4.24718E+03
                3.95729            4.26925E+03
                3.95758            4.27867E+03
                3.95801            4.25335E+03
                3.95844            4.21256E+03
                3.95887            4.17304E+03
                3.9595             4.12509E+03
                3.96044            4.04872E+03
                3.96183            3.93173E+03
                3.96385            3.80637E+03
                3.96675            3.70652E+03
                3.9678             3.67895E+03
                3.96934            3.6565E+03 
                3.96948            3.65421E+03
                3.96969            3.6518E+03 
                3.97001            3.64847E+03
                3.97048            3.6449E+03 
                3.97117            3.64505E+03
                3.97143            3.6458E+03 
                3.97181            3.64821E+03
                3.97238            3.6528E+03 
                3.97323            3.66435E+03
                3.97446            3.69361E+03
                3.97624            3.74589E+03
                3.97876            3.79634E+03
                3.98221            3.80455E+03
                3.98668            3.79624E+03
                3.99192            3.83526E+03
                3.99694            3.89982E+03
                3.99978            3.93882E+03
                4.                 3.94513E+03




