
                  X           desity100-uf-45 

                0.                -0.         
               39.94E-09           8.92482    
              319.041E-09         36.1298     
                1.70601E-06       70.3156     
                7.53894E-06      127.047      
               29.9775E-06       224.388      
              111.812E-06        396.972      
              399.954E-06        712.305      
                1.38837E-03        1.30078E+03
                4.70264E-03        2.39545E+03
               15.5512E-03         4.32877E+03
               49.9952E-03         7.45087E+03
              154.626E-03         12.1983E+03 
              450.699E-03         19.8469E+03 
              605.155E-03         27.8148E+03 
              781.336E-03         29.7412E+03 
              828.525E-03         31.5369E+03 
              876.892E-03         31.728E+03  
              895.325E-03         31.9435E+03 
              923.268E-03         31.8541E+03 
              965.83E-03          31.5003E+03 
                1.00914           31.1835E+03 
                1.0421            30.9914E+03 
                1.0504            31.0244E+03 
                1.05873           31.0254E+03 
                1.07126           30.9239E+03 
                1.09016           30.6864E+03 
                1.09728           30.6325E+03 
                1.10799           30.5287E+03 
                1.12412           30.3143E+03 
                1.14847           29.9442E+03 
                1.15459           29.8942E+03 
                1.16072           29.8505E+03 
                1.16993           29.7445E+03 
                1.18379           29.5314E+03 
                1.20468           29.172E+03  
                1.2257            28.8281E+03 
                1.24682           28.4831E+03 
                1.26807           28.1286E+03 
                1.28942           27.7642E+03 
                1.31088           27.3917E+03 
                1.31895           27.276E+03  
                1.33109           27.0823E+03 
                1.34935           26.7428E+03 
                1.35622           26.6305E+03 
                1.36654           26.4598E+03 
                1.38206           26.173E+03  
                1.38789           26.0738E+03 
                1.39665           25.929E+03  
                1.40982           25.6897E+03 
                1.42963           25.318E+03  
                1.43459           25.2337E+03 
                1.43956           25.1636E+03 
                1.44702           25.0476E+03 
                1.45823           24.8532E+03 
                1.46665           24.7075E+03 
                1.4793            24.4856E+03 
                1.48405           24.4041E+03 
                1.49119           24.2909E+03 
                1.5019            24.1091E+03 
                1.50592           24.04E+03   
                1.51196           23.945E+03  
                1.52103           23.7935E+03 
                1.53465           23.5573E+03 
                1.53977           23.4702E+03 
                1.54745           23.3503E+03 
                1.55898           23.159E+03  
                1.56331           23.0856E+03 
                1.56981           22.9851E+03 
                1.57957           22.8246E+03 
                1.59424           22.5737E+03 
                1.60893           22.324E+03  
                1.62364           22.076E+03  
                1.62916           21.9829E+03 
                1.63746           21.8519E+03 
                1.64991           21.6382E+03 
                1.65458           21.554E+03  
                1.6616            21.4372E+03 
                1.67213           21.2504E+03 
                1.68794           20.9551E+03 
                1.69388           20.8408E+03 
                1.70279           20.6804E+03 
                1.71617           20.423E+03  
                1.72119           20.3207E+03 
                1.72873           20.1775E+03 
                1.74004           19.9495E+03 
                1.75703           19.5881E+03 
                1.7634            19.4457E+03 
                1.77297           19.2436E+03 
                1.78733           18.921E+03  
                1.79272           18.7917E+03 
                1.80081           18.6088E+03 
                1.81295           18.3203E+03 
                1.83117           17.8648E+03 
                1.84941           17.3895E+03 
                1.86766           16.8974E+03 
                1.88592           16.3862E+03 
                1.89278           16.1828E+03 
                1.90306           15.8905E+03 
                1.91848           15.4327E+03 
                1.94163           14.715E+03  
                1.94742           14.5147E+03 
                1.95321           14.332E+03  
                1.9619            14.055E+03  
                1.97493           13.6278E+03 
                1.99447           12.9665E+03 
                1.99936           12.7811E+03 
                2.00425           12.6114E+03 
                2.01158           12.3564E+03 
                2.02257           11.9674E+03 
                2.03082           11.6651E+03 
                2.04318           11.2136E+03 
                2.05555           10.7486E+03 
                2.06791           10.2749E+03 
                2.08027            9.79221E+03
                2.09263            9.30063E+03
                2.10498            8.80014E+03
                2.11733            8.29079E+03
                2.12967            7.77276E+03
                2.14201            7.24626E+03
                2.15434            6.71165E+03
                2.16666            6.16937E+03
                2.18513            5.35521E+03
                2.20359            4.518E+03  
                2.22202            3.66973E+03
                2.24963            2.41388E+03
                2.27719            1.13918E+03
                2.29781          164.852      
                2.3184          -786.047      
                2.32611           -1.17183E+03
                2.33767           -1.70309E+03
                2.35498           -2.46913E+03
                2.38088           -3.57603E+03
                2.40671           -4.68049E+03
                2.43246           -5.75663E+03
                2.45813           -6.79657E+03
                2.4837            -7.7955E+03 
                2.50918           -8.74898E+03
                2.53455           -9.65237E+03
                2.55983          -10.501E+03  
                2.58499          -11.2903E+03 
                2.61003          -12.0166E+03 
                2.63496          -12.6768E+03 
                2.65976          -13.2691E+03 
                2.68444          -13.7925E+03 
                2.69058          -13.9859E+03 
                2.69672          -14.1432E+03 
                2.70591          -14.3322E+03 
                2.71967          -14.5541E+03 
                2.73337          -14.7645E+03 
                2.74703          -14.9591E+03 
                2.76065          -15.1355E+03 
                2.77422          -15.2923E+03 
                2.78774          -15.4292E+03 
                2.80121          -15.5465E+03 
                2.82133          -15.634E+03  
                2.84133          -15.7146E+03 
                2.86121          -15.7668E+03 
                2.86616          -15.8367E+03 
                2.87111          -15.88E+03   
                2.87851          -15.9081E+03 
                2.88959          -15.8985E+03 
                2.90062          -15.8825E+03 
                2.91162          -15.8603E+03 
                2.92257          -15.831E+03  
                2.93349          -15.7933E+03 
                2.94436          -15.7464E+03 
                2.95519          -15.6901E+03 
                2.96598          -15.6247E+03 
                2.98209          -15.4644E+03 
                2.9981           -15.3131E+03 
                3.01402          -15.1533E+03 
                3.02983          -14.9784E+03 
                3.04555          -14.7867E+03 
                3.06893          -14.3868E+03 
                3.09208          -14.0095E+03 
                3.11499          -13.6151E+03 
                3.13766          -13.1963E+03 
                3.16008          -12.7557E+03 
                3.18224          -12.2991E+03 
                3.20416          -11.8337E+03 
                3.22581          -11.3672E+03 
                3.2472           -10.9082E+03 
                3.26832          -10.465E+03  
                3.28917          -10.0459E+03 
                3.30974           -9.65815E+03
                3.33004           -9.30808E+03
                3.35005           -9.00064E+03
                3.36978           -8.7393E+03 
                3.38922           -8.52614E+03
                3.40837           -8.36199E+03
                3.42722           -8.24667E+03
                3.44578           -8.17927E+03
                3.46403           -8.15846E+03
                3.48198           -8.18277E+03
                3.49962           -8.25088E+03
                3.50399           -8.3833E+03 
                3.50833           -8.48088E+03
                3.51481           -8.55304E+03
                3.52445           -8.58985E+03
                3.53872           -8.63112E+03
                3.54401           -8.75985E+03
                3.5519            -8.87572E+03
                3.56359           -8.98386E+03
                3.58082           -9.14943E+03
                3.58719           -9.37727E+03
                3.59665           -9.58976E+03
                3.61062           -9.82656E+03
                3.6158           -10.0357E+03 
                3.62349          -10.2559E+03 
                3.63487          -10.5119E+03 
                3.65159          -10.9014E+03 
                3.66789          -11.4429E+03 
                3.68377          -12.0471E+03 
                3.69922          -12.6843E+03 
                3.71425          -13.3408E+03 
                3.72885          -14.0052E+03 
                3.74303          -14.6663E+03 
                3.75679          -15.3132E+03 
                3.77012          -15.936E+03  
                3.78303          -16.526E+03  
                3.8016           -17.144E+03  
                3.81922          -17.8034E+03 
                3.8359           -18.367E+03  
                3.85164          -18.8042E+03 
                3.86647          -19.107E+03  
                3.88038          -19.2714E+03 
                3.89339          -19.2944E+03 
                3.90551          -19.174E+03  
                3.91676          -18.9095E+03 
                3.92716          -18.501E+03  
                3.93672          -17.9496E+03 
                3.94547          -17.2577E+03 
                3.95343          -16.4292E+03 
                3.96063          -15.4695E+03 
                3.96709          -14.3859E+03 
                3.97284          -13.1881E+03 
                3.97792          -11.8872E+03 
                3.98234          -10.4966E+03 
                3.98616           -9.03071E+03
                3.98941           -7.50541E+03
                3.99212           -5.93731E+03
                3.99433           -4.3436E+03 
                3.9961            -2.74172E+03
                3.99746           -1.14894E+03
                3.99847          418.102      
                3.99917            1.94371E+03
                3.99931            2.32475E+03
                3.99942            2.67349E+03
                3.99958            3.23259E+03
                3.99975            4.07431E+03
                3.99991            5.26882E+03
                3.99995            5.74103E+03
                3.99998            6.3698E+03 
                4.                 7.27616E+03
                4.                 7.97035E+03




