
                  X          desity100-uf-0-90

                0.                -0.         
               39.94E-09           8.99417    
              319.041E-09         36.6468     
                1.70601E-06       72.3541     
                7.53894E-06      133.209      
               29.9775E-06       240.842      
              111.812E-06        438.357      
              399.954E-06        813.322      
                1.38837E-03        1.54078E+03
                4.70264E-03        2.9267E+03 
               15.5512E-03         5.38247E+03
               49.9952E-03         9.56031E+03
              154.626E-03         17.5044E+03 
              450.699E-03         35.2763E+03 
              551.162E-03         48.1954E+03 
              661.566E-03         52.8404E+03 
              844.518E-03         57.9722E+03 
              862.666E-03         60.5841E+03 
              869.513E-03         61.3033E+03 
              879.826E-03         61.8287E+03 
              890.189E-03         62.1592E+03 
              900.602E-03         62.4422E+03 
              911.065E-03         62.7202E+03 
              921.577E-03         62.9994E+03 
              932.138E-03         63.2794E+03 
              942.746E-03         63.5601E+03 
              953.403E-03         63.8419E+03 
              964.107E-03         64.1253E+03 
              974.859E-03         64.4105E+03 
              985.656E-03         64.6978E+03 
              996.5E-03           64.9877E+03 
                1.01285           65.3839E+03 
                1.0293            65.8201E+03 
                1.04585           66.2782E+03 
                1.0625            66.7479E+03 
                1.07925           67.2243E+03 
                1.09609           67.701E+03  
                1.11302           68.1674E+03 
                1.13005           68.6066E+03 
                1.14716           68.9946E+03 
                1.16436           69.2998E+03 
                1.18165           69.4869E+03 
                1.19903           69.5206E+03 
                1.21648           69.3705E+03 
                1.23402           69.0147E+03 
                1.25164           68.4429E+03 
                1.26933           67.6583E+03 
                1.2871            66.6765E+03 
                1.30495           65.5236E+03 
                1.32286           64.2325E+03 
                1.34085           62.8394E+03 
                1.35891           61.3797E+03 
                1.36796           60.6657E+03 
                1.37703           59.9344E+03 
                1.38612           59.1858E+03 
                1.39522           58.4296E+03 
                1.40434           57.6725E+03 
                1.41804           56.5302E+03 
                1.43178           55.4112E+03 
                1.44555           54.315E+03  
                1.45936           53.237E+03  
                1.4732            52.1732E+03 
                1.48707           51.1197E+03 
                1.50097           50.0714E+03 
                1.51489           49.0225E+03 
                1.52885           47.9668E+03 
                1.54283           46.8984E+03 
                1.55685           45.8117E+03 
                1.57088           44.702E+03  
                1.58495           43.5659E+03 
                1.59903           42.4021E+03 
                1.61315           41.2112E+03 
                1.62728           39.996E+03  
                1.64143           38.7619E+03 
                1.65561           37.5162E+03 
                1.66981           36.2684E+03 
                1.68403           35.0295E+03 
                1.69826           33.8112E+03 
                1.71252           32.6253E+03 
                1.72679           31.4827E+03 
                1.74107           30.3928E+03 
                1.75537           29.3625E+03 
                1.76969           28.3957E+03 
                1.78044           27.7081E+03 
                1.79119           27.0571E+03 
                1.80195           26.4386E+03 
                1.81272           25.851E+03  
                1.82349           25.2915E+03 
                1.83427           24.7562E+03 
                1.84506           24.2404E+03 
                1.85585           23.7393E+03 
                1.86664           23.2479E+03 
                1.87744           22.7615E+03 
                1.88824           22.2758E+03 
                1.89905           21.7869E+03 
                1.90986           21.2916E+03 
                1.92067           20.7875E+03 
                1.93149           20.273E+03  
                1.94231           19.7473E+03 
                1.95313           19.2103E+03 
                1.96395           18.6631E+03 
                1.97477           18.1075E+03 
                1.9856            17.546E+03  
                1.99642           16.9819E+03 
                2.00724           16.419E+03  
                2.01807           15.861E+03  
                2.02889           15.3113E+03 
                2.03971           14.7722E+03 
                2.05054           14.2441E+03 
                2.06136           13.7254E+03 
                2.07217           13.212E+03  
                2.08299           12.6966E+03 
                2.0938            12.1699E+03 
                2.10461           11.6206E+03 
                2.11542           11.0363E+03 
                2.12622           10.4055E+03 
                2.13701            9.71789E+03
                2.14781            8.96671E+03
                2.1586             8.14927E+03
                2.16938            7.26792E+03
                2.18016            6.33038E+03
                2.19093            5.34938E+03
                2.20169            4.34189E+03
                2.21245            3.32778E+03
                2.2232             2.32813E+03
                2.23395            1.3634E+03 
                2.24468          451.574      
                2.25541         -393.47       
                2.26613           -1.16317E+03
                2.27684           -1.85501E+03
                2.28754           -2.47255E+03
                2.30357           -3.24898E+03
                2.31959           -3.95977E+03
                2.33557           -4.64555E+03
                2.35153           -5.34266E+03
                2.36747           -6.06688E+03
                2.38338           -6.80815E+03
                2.39926           -7.53148E+03
                2.41511           -8.18329E+03
                2.43093           -8.70115E+03
                2.44277           -9.00522E+03
                2.45459           -9.17235E+03
                2.4664            -9.19084E+03
                2.47819           -9.05037E+03
                2.48995           -8.74729E+03
                2.5017            -8.28553E+03
                2.51342           -7.67674E+03
                2.52512           -6.93963E+03
                2.5368            -6.09867E+03
                2.54846           -5.18241E+03
                2.5601            -4.22168E+03
                2.57171           -3.24777E+03
                2.5833            -2.29075E+03
                2.59486           -1.378E+03  
                2.6064          -533.018      
                2.61791          225.456      
                2.6294           884.005      
                2.64086            1.43479E+03
                2.658              2.05913E+03
                2.67508            2.43752E+03
                2.6921             2.63178E+03
                2.70905            2.70173E+03
                2.72594            2.70881E+03
                2.74275            2.71366E+03
                2.7595             2.77258E+03
                2.77618            2.93426E+03
                2.79278            3.23723E+03
                2.80106            3.3741E+03 
                2.80931            3.5822E+03 
                2.81755            3.84927E+03
                2.82577            4.17064E+03
                2.83397            4.54291E+03
                2.84623            5.24327E+03
                2.85845            6.0258E+03 
                2.87062            6.89558E+03
                2.88275            7.8473E+03 
                2.89483            8.87008E+03
                2.90686            9.94965E+03
                2.91885           11.0701E+03 
                2.93079           12.2145E+03 
                2.94268           13.3659E+03 
                2.95452           14.5068E+03 
                2.96631           15.6203E+03 
                2.97805           16.6897E+03 
                2.98974           17.6989E+03 
                3.00138           18.6329E+03 
                3.01297           19.4781E+03 
                3.0245            20.2229E+03 
                3.03599           20.8583E+03 
                3.04742           21.3781E+03 
                3.06446           21.9636E+03 
                3.08137           22.2554E+03 
                3.09817           22.3192E+03 
                3.11483           22.2063E+03 
                3.13137           21.9614E+03 
                3.14777           21.623E+03  
                3.16405           21.22E+03   
                3.18019           20.7704E+03 
                3.19619           20.2814E+03 
                3.21206           19.7518E+03 
                3.22387           19.2778E+03 
                3.2356            18.8075E+03 
                3.24725           18.3159E+03 
                3.25883           17.7894E+03 
                3.27032           17.2207E+03 
                3.27603           16.8672E+03 
                3.28173           16.5271E+03 
                3.29023           16.0543E+03 
                3.29869           15.5458E+03 
                3.3071            15.0013E+03 
                3.31547           14.4221E+03 
                3.32378           13.8095E+03 
                3.33205           13.1635E+03 
                3.34028           12.4836E+03 
                3.34845           11.7691E+03 
                3.36063           10.6823E+03 
                3.37269            9.47182E+03
                3.38465            8.16667E+03
                3.39649            6.78097E+03
                3.40823            5.32314E+03
                3.41985            3.8015E+03 
                3.43136            2.22663E+03
                3.44276          611.792      
                3.45123         -660.384      
                3.45964           -1.91491E+03
                3.46799           -3.15812E+03
                3.47627           -4.38977E+03
                3.48857           -6.11193E+03
                3.50073           -7.81519E+03
                3.50675           -8.74215E+03
                3.51273           -9.60201E+03
                3.52164          -10.7229E+03 
                3.53046          -11.7822E+03 
                3.5392           -12.7644E+03 
                3.54786          -13.6548E+03 
                3.55643          -14.4438E+03 
                3.56492          -15.1253E+03 
                3.57332          -15.6954E+03 
                3.58164          -16.1515E+03 
                3.58987          -16.4922E+03 
                3.59801          -16.7171E+03 
                3.60607          -16.8267E+03 
                3.61404          -16.8223E+03 
                3.62193          -16.7058E+03 
                3.62973          -16.4796E+03 
                3.63745          -16.1468E+03 
                3.64507          -15.7106E+03 
                3.65261          -15.1748E+03 
                3.66006          -14.5434E+03 
                3.66743          -13.8209E+03 
                3.67471          -13.012E+03  
                3.6819           -12.1222E+03 
                3.689            -11.157E+03  
                3.69602          -10.1226E+03 
                3.70295           -9.02588E+03
                3.70979           -7.87395E+03
                3.71654           -6.67457E+03
                3.7232            -5.43595E+03
                3.72978           -4.16674E+03
                3.73465           -3.23761E+03
                3.73948           -2.28014E+03
                3.74425           -1.30585E+03
                3.74898         -325.136      
                3.75598            1.2022E+03 
                3.76286            2.66466E+03
                3.76964            4.07397E+03
                3.7763             5.43034E+03
                3.78286            6.72644E+03
                3.7893             7.95297E+03
                3.79563            9.10128E+03
                3.80185           10.1642E+03 
                3.80796           11.136E+03  
                3.81397           12.0127E+03 
                3.81986           12.7917E+03 
                3.82564           13.4718E+03 
                3.83131           14.0536E+03 
                3.83411           14.2541E+03 
                3.83688           14.4561E+03 
                3.84098           14.7852E+03 
                3.84502           15.0562E+03 
                3.849             15.2688E+03 
                3.85292           15.4288E+03 
                3.85678           15.5411E+03 
                3.86058           15.6092E+03 
                3.86432           15.6358E+03 
                3.868             15.6237E+03 
                3.87162           15.5756E+03 
                3.87518           15.4943E+03 
                3.87868           15.3828E+03 
                3.88212           15.2439E+03 
                3.8855            15.0805E+03 
                3.88883           14.8955E+03 
                3.8921            14.6916E+03 
                3.8953            14.4713E+03 
                3.89845           14.2375E+03 
                3.90155           13.9923E+03 
                3.90458           13.7383E+03 
                3.90756           13.4776E+03 
                3.91048           13.2124E+03 
                3.91334           12.9446E+03 
                3.91615           12.6762E+03 
                3.9189            12.409E+03  
                3.9216            12.1445E+03 
                3.92424           11.8843E+03 
                3.92683           11.6299E+03 
                3.92936           11.3825E+03 
                3.93184           11.1433E+03 
                3.93426           10.9131E+03 
                3.93663           10.6929E+03 
                3.93895           10.4832E+03 
                3.94121           10.2843E+03 
                3.94343           10.0967E+03 
                3.94559            9.92017E+03
                3.94769            9.75465E+03
                3.94975            9.59973E+03
                3.95176            9.45485E+03
                3.95371            9.31925E+03
                3.95562            9.19201E+03
                3.95747            9.07204E+03
                3.95928            8.9581E+03 
                3.96104            8.84881E+03
                3.96169            8.78265E+03
                3.96264            8.70011E+03
                3.96405            8.62247E+03
                3.9661             8.54128E+03
                3.96808            8.42454E+03
                3.96998            8.28479E+03
                3.97181            8.13005E+03
                3.97356            7.96101E+03
                3.97525            7.77584E+03
                3.97686            7.57264E+03
                3.97841            7.35014E+03
                3.97989            7.10775E+03
                3.98131            6.84561E+03
                3.98266            6.56445E+03
                3.98394            6.26556E+03
                3.98517            5.95064E+03
                3.98633            5.62168E+03
                3.98743            5.28083E+03
                3.98848            4.9303E+03 
                3.98946            4.57232E+03
                3.98993            4.36788E+03
                3.99039            4.16536E+03
                3.99106            3.89598E+03
                3.99169            3.62847E+03
                3.99229            3.35685E+03
                3.99286            3.08376E+03
                3.99341            2.81164E+03
                3.99393            2.54223E+03
                3.99442            2.27687E+03
                3.99488            2.01686E+03
                3.99532            1.76363E+03
                3.99573            1.51875E+03
                3.99612            1.28395E+03
                3.99649            1.06108E+03
                3.99683          852.078      
                3.99715          658.956      
                3.99745          483.77       
                3.99772          328.581      
                3.99798          195.408      
                3.99822           86.2002     
                3.99843            2.79133    
                3.99863          -53.1267     
                3.99882          -80.0326     
                3.99898          -76.5944     
                3.99913          -41.6815     
                3.99927           25.6314     
                3.99939          126.068      
                3.99949          260.161      
                3.99958          428.272      
                3.99967          630.614      
                3.99974          867.28       
                3.9998             1.13827E+03
                3.99985            1.44355E+03
                3.99989            1.78302E+03
                3.99992            2.15661E+03
                3.99995            2.56428E+03
                3.99997            3.00602E+03
                3.99998            3.48188E+03
                3.99999            3.99195E+03
                4.                 4.53637E+03
                4.                 5.11532E+03
                4.                 5.72897E+03
                4.                 6.37744E+03
                4.                 6.47854E+03




