
                  X             uf-80-45-exp  

                0.                -0.         
               39.94E-09          82.3791E-03 
              319.041E-09        390.194E-03  
                1.70601E-06      937.356E-03  
                7.53894E-06        2.0509     
               29.9775E-06         4.16865    
              111.812E-06          7.94822    
              399.954E-06         14.8256     
                1.38837E-03       29.2132     
                4.70264E-03       65.3559     
               15.5512E-03       168.068      
               49.9952E-03       473.69       
              154.626E-03          1.3759E+03 
              450.699E-03          3.8984E+03 
                1.18929           10.1601E+03 
                2.61016           19.9E+03    
                2.69569           20.2095E+03 
                2.71683           20.2749E+03 
                2.73786           20.3556E+03 
                2.76921           20.4561E+03 
                2.81576           20.5166E+03 
                2.8617            20.4005E+03 
                2.90702           20.0248E+03 
                2.95167           19.2919E+03 
                3.01733           17.6922E+03 
                3.11268           15.971E+03  
                3.11413           15.8957E+03 
                3.11559           15.85E+03   
                3.11778           15.8056E+03 
                3.12105           15.7485E+03 
                3.12595           15.6663E+03 
                3.13327           15.5509E+03 
                3.14422           15.4015E+03 
                3.16052           15.2011E+03 
                3.18472           14.9234E+03 
                3.22045           14.745E+03  
                3.27272           14.8466E+03 
                3.34802           14.9024E+03 
                3.41944           14.2778E+03 
                3.48682           13.1377E+03 
                3.51103           12.6365E+03 
                3.51327           12.5695E+03 
                3.5141            12.5484E+03 
                3.51536           12.5231E+03 
                3.51583           12.5136E+03 
                3.51654           12.5001E+03 
                3.5168            12.4949E+03 
                3.5172            12.4874E+03 
                3.51779           12.4762E+03 
                3.51868           12.4597E+03 
                3.52002           12.435E+03  
                3.52202           12.3979E+03 
                3.525             12.3423E+03 
                3.52947           12.2595E+03 
                3.53613           12.135E+03  
                3.54603           11.9231E+03 
                3.56067           11.5347E+03 
                3.58216           10.9941E+03 
                3.61335           10.4562E+03 
                3.61407           10.4163E+03 
                3.61514           10.3822E+03 
                3.61554           10.3717E+03 
                3.61614           10.3598E+03 
                3.61704           10.3448E+03 
                3.6184            10.3237E+03 
                3.62042           10.2933E+03 
                3.62344           10.2511E+03 
                3.62795           10.198E+03  
                3.63466           10.1265E+03 
                3.6446             9.97143E+03
                3.65924            9.67581E+03
                3.68057            9.26406E+03
                3.71116            8.66724E+03
                3.7222             8.40585E+03
                3.73831            8.06965E+03
                3.74421            7.92221E+03
                3.74641            7.86664E+03
                3.74661            7.86048E+03
                3.74692            7.85207E+03
                3.74738            7.84089E+03
                3.74755            7.8367E+03 
                3.74781            7.83073E+03
                3.7482             7.82219E+03
                3.74878            7.80972E+03
                3.74965            7.79115E+03
                3.75096            7.76327E+03
                3.7529             7.72145E+03
                3.75581            7.65884E+03
                3.76013            7.56456E+03
                3.76654            7.40854E+03
                3.77596            7.10664E+03
                3.78967            6.61192E+03
                3.80933            6.03706E+03
                3.83675            5.3701E+03 
                3.83736            5.31074E+03
                3.83797            5.27796E+03
                3.83858            5.25791E+03
                3.8395             5.23524E+03
                3.83984            5.22624E+03
                3.84035            5.21359E+03
                3.84086            5.20111E+03
                3.84137            5.18871E+03
                3.84188            5.17636E+03
                3.84264            5.15842E+03
                3.84378            5.13197E+03
                3.84548            5.09296E+03
                3.84801            5.03788E+03
                3.84895            5.01403E+03
                3.85035            4.98497E+03
                3.85088            4.97289E+03
                3.85166            4.95748E+03
                3.85245            4.94299E+03
                3.85323            4.92909E+03
                3.85439            4.90911E+03
                3.85613            4.87027E+03
                3.85872            4.75947E+03
                3.86255            4.47882E+03
                3.86817            4.06107E+03
                3.87635            3.72769E+03
                3.88804            3.51076E+03
                3.90429            3.20413E+03
                3.92584            2.72401E+03
                3.95213            2.23608E+03
                3.97916            2.17737E+03
                3.99738            2.87199E+03
                4.                 3.68543E+03

 MINIMUM        0.                -0.         
  AT X =                           0.         
 MAXIMUM        4.                20.5166E+03 
  AT X =                           2.81576    




