
              u_100_45_lin         f_100_45_lin     

                0.                -0.         
               39.94E-09         118.044E-03  
              319.041E-09        563.669E-03  
                1.70601E-06        1.36492    
                7.53894E-06        2.9768     
               29.9775E-06         5.96433    
              111.812E-06         11.2694     
              399.954E-06         21.2799     
                1.38837E-03       43.6767     
                4.70264E-03      103.482      
               15.5512E-03       279.1        
               49.9952E-03       809.476      
              154.626E-03          2.38568E+03
              450.699E-03          6.8047E+03 
              605.155E-03          9.18834E+03
              668.784E-03         10.1095E+03 
              735.367E-03         10.9486E+03 
              804.78E-03          11.7874E+03 
              822.561E-03         12.0513E+03 
              840.508E-03         12.2344E+03 
              842.199E-03         12.2661E+03 
              844.738E-03         12.2952E+03 
              845.691E-03         12.3061E+03 
              847.121E-03         12.3202E+03 
              849.269E-03         12.34E+03   
              850.075E-03         12.3483E+03 
              851.284E-03         12.3599E+03 
              853.1E-03           12.3763E+03 
              855.826E-03         12.4004E+03 
              858.556E-03         12.4251E+03 
              861.29E-03          12.4498E+03 
              864.027E-03         12.4743E+03 
              866.768E-03         12.4985E+03 
              867.797E-03         12.5087E+03 
              869.341E-03         12.5224E+03 
              871.66E-03          12.5416E+03 
              872.53E-03          12.5499E+03 
              873.835E-03         12.5611E+03 
              875.796E-03         12.5769E+03 
              878.739E-03         12.5998E+03 
              879.844E-03         12.61E+03   
              881.503E-03         12.6235E+03 
              883.993E-03         12.6425E+03 
              884.927E-03         12.6507E+03 
              886.33E-03          12.6619E+03 
              888.436E-03         12.6778E+03 
              889.226E-03         12.6846E+03 
              890.412E-03         12.694E+03  
              892.191E-03         12.7074E+03 
              894.864E-03         12.7272E+03 
              895.867E-03         12.7359E+03 
              897.373E-03         12.7478E+03 
              899.633E-03         12.7647E+03 
              900.481E-03         12.772E+03  
              901.754E-03         12.7821E+03 
              903.664E-03         12.7964E+03 
              904.381E-03         12.8025E+03 
              905.457E-03         12.811E+03  
              907.072E-03         12.8231E+03 
              907.677E-03         12.8282E+03 
              908.586E-03         12.8354E+03 
              909.951E-03         12.8457E+03 
              911.999E-03         12.8607E+03 
              912.767E-03         12.8672E+03 
              913.92E-03          12.8762E+03 
              915.651E-03         12.889E+03  
              916.3E-03           12.8944E+03 
              917.275E-03         12.902E+03  
              918.737E-03         12.9127E+03 
              920.933E-03         12.9282E+03 
              921.757E-03         12.935E+03  
              922.993E-03         12.9442E+03 
              924.849E-03         12.9569E+03 
              925.545E-03         12.9623E+03 
              926.59E-03          12.9698E+03 
              928.158E-03         12.9801E+03 
              930.513E-03         12.9945E+03 
              931.396E-03         13.0008E+03 
              932.722E-03         13.0092E+03 
              934.712E-03         13.0202E+03 
              935.459E-03         13.025E+03  
              936.579E-03         13.0313E+03 
              938.261E-03         13.0394E+03 
              938.892E-03         13.043E+03  
              939.839E-03         13.0476E+03 
              941.26E-03          13.0536E+03 
              943.393E-03         13.061E+03  
              944.193E-03         13.0645E+03 
              945.395E-03         13.0686E+03 
              947.197E-03         13.0731E+03 
              947.874E-03         13.0753E+03 
              948.889E-03         13.0777E+03 
              950.412E-03         13.08E+03   
              952.699E-03         13.0813E+03 
              953.271E-03         13.0823E+03 
              953.843E-03         13.0831E+03 
              954.701E-03         13.0834E+03 
              955.99E-03          13.0828E+03 
              957.923E-03         13.0799E+03 
              958.649E-03         13.0793E+03 
              959.738E-03         13.0774E+03 
              961.372E-03         13.0726E+03 
              963.825E-03         13.0618E+03 
              966.28E-03          13.048E+03  
              968.738E-03         13.0301E+03 
              971.198E-03         13.0074E+03 
              973.661E-03         12.979E+03  
              976.127E-03         12.9441E+03 
              978.594E-03         12.9014E+03 
              981.065E-03         12.8499E+03 
              983.537E-03         12.7879E+03 
              986.012E-03         12.7139E+03 
              988.489E-03         12.6263E+03 
              990.969E-03         12.5234E+03 
              993.451E-03         12.4035E+03 
              995.936E-03         12.265E+03  
              996.558E-03         12.23E+03   
              997.179E-03         12.1936E+03 
              998.112E-03         12.1355E+03 
              999.045E-03         12.0744E+03 
              999.979E-03         12.0103E+03 
                1.00091           11.9431E+03 
                1.00185           11.8729E+03 
                1.00325           11.7602E+03 
                1.00465           11.6403E+03 
                1.00605           11.5129E+03 
                1.00816           11.3035E+03 
                1.01027           11.076E+03  
                1.01238           10.8291E+03 
                1.01449           10.5615E+03 
                1.0166            10.2718E+03 
                1.01872            9.95827E+03
                1.02083            9.61901E+03
                1.02295            9.25167E+03
                1.02401            9.06128E+03
                1.02507            8.86295E+03
                1.02613            8.65643E+03
                1.02719            8.44146E+03
                1.02825            8.21774E+03
                1.02932            7.98489E+03
                1.03038            7.74251E+03
                1.03144            7.49019E+03
                1.03304            7.08755E+03
                1.03463            6.65991E+03
                1.03623            6.2058E+03 
                1.03862            5.46081E+03
                1.04222            4.20256E+03
                1.04583            2.82589E+03
                1.04853            1.74271E+03
                1.05124          629.432      
                1.05395         -486.906      
                1.05666           -1.57716E+03
                1.05938           -2.61246E+03
                1.0621            -3.56643E+03
                1.06482           -4.41685E+03
                1.06754           -5.1465E+03 
                1.07027           -5.74328E+03
                1.07436           -6.32138E+03
                1.07743           -6.57203E+03
                1.08051           -6.64349E+03
                1.08359           -6.54081E+03
                1.08667           -6.27244E+03
                1.08976           -5.85003E+03
                1.09285           -5.28837E+03
                1.09594           -4.60537E+03
                1.09904           -3.82183E+03
                1.10214           -2.96077E+03
                1.10679           -1.57765E+03
                1.10796           -1.22535E+03
                1.10912         -870.679      
                1.11087         -336.955      
                1.1135           456.379      
                1.11744            1.59424E+03
                1.12138            2.6537E+03 
                1.12435            3.39619E+03
                1.12731            4.08015E+03
                1.13028            4.70379E+03
                1.13325            5.26742E+03
                1.13622            5.77315E+03
                1.1392             6.22437E+03
                1.14367            6.79167E+03
                1.14702            7.16368E+03
                1.15038            7.48574E+03
                1.15375            7.76259E+03
                1.1588             8.08187E+03
                1.16385            8.30589E+03
                1.16892            8.425E+03  
                1.17399            8.42583E+03
                1.17907            8.29407E+03
                1.18416            8.01827E+03
                1.18798            7.72819E+03
                1.1918             7.35282E+03
                1.19563            6.89536E+03
                1.19946            6.3619E+03 
                1.2033             5.76174E+03
                1.20714            5.10702E+03
                1.2081             4.94129E+03
                1.20906            4.77207E+03
                1.21051            4.51133E+03
                1.21267            4.10894E+03
                1.21592            3.49107E+03
                1.21714            3.25901E+03
                1.21896            2.90843E+03
                1.22171            2.38477E+03
                1.22274            2.18993E+03
                1.22429            1.89966E+03
                1.2266             1.47331E+03
                1.23009          866.399      
                1.23357          302.995      
                1.23706         -208.673      
                1.24055         -661.203      
                1.24186         -821.245      
                1.24383           -1.04195E+03
                1.24678           -1.32426E+03
                1.2512            -1.62954E+03
                1.25453           -1.78882E+03
                1.25786           -1.87934E+03
                1.26119           -1.90092E+03
                1.26452           -1.85439E+03
                1.26786           -1.74129E+03
                1.2712            -1.56371E+03
                1.27454           -1.32425E+03
                1.27788           -1.0259E+03 
                1.27914         -905.049      
                1.28102         -707.249      
                1.28385         -373.835      
                1.28491         -242.913      
                1.2865           -36.0955     
                1.28889          297.009      
                1.29247          843.293      
                1.29606            1.43046E+03
                1.29965            2.05077E+03
                1.30324            2.6964E+03 
                1.30683            3.35918E+03
                1.31043            4.03033E+03
                1.31403            4.69738E+03
                1.31764            5.35612E+03
                1.32124            5.99762E+03
                1.32485            6.61231E+03
                1.32847            7.19256E+03
                1.33208            7.7302E+03 
                1.3357             8.21757E+03
                1.33932            8.65413E+03
                1.34294            9.03603E+03
                1.34657            9.35901E+03
                1.3502             9.61937E+03
                1.35383            9.8148E+03 
                1.35747            9.94081E+03
                1.3611             9.99528E+03
                1.36201           10.0052E+03 
                1.36292           10.0102E+03 
                1.36429           10.0068E+03 
                1.36634            9.97857E+03
                1.36941            9.88738E+03
                1.37057            9.84721E+03
                1.3723             9.77123E+03
                1.37489            9.62417E+03
                1.37879            9.33421E+03
                1.37977            9.25844E+03
                1.38074            9.17819E+03
                1.3822             9.048E+03  
                1.3844             8.83284E+03
                1.3877             8.47076E+03
                1.38893            8.33042E+03
                1.39079            8.10773E+03
                1.39357            7.75075E+03
                1.39461            7.61464E+03
                1.39618            7.40371E+03
                1.39853            7.0747E+03 
                1.40206            6.56084E+03
                1.40338            6.36659E+03
                1.40537            6.06988E+03
                1.40835            5.61868E+03
                1.41282            4.94366E+03
                1.41506            4.60951E+03
                1.4173             4.27871E+03
                1.42066            3.79581E+03
                1.42192            3.61773E+03
                1.42381            3.35589E+03
                1.42665            2.97905E+03
                1.43091            2.4588E+03 
                1.43518            1.99125E+03
                1.43944            1.58118E+03
                1.44371            1.2323E+03 
                1.44799          946.889      
                1.45226          725.827      
                1.45654          568.753      
                1.46083          474.197      
                1.46511          439.784      
                1.4694           462.415      
                1.47369          538.432      
                1.47799          663.726      
                1.48228          833.806      
                1.48658            1.04382E+03
                1.49089            1.2886E+03 
                1.49519            1.56264E+03
                1.4995             1.86025E+03
                1.50382            2.17553E+03
                1.50813            2.50251E+03
                1.51245            2.83515E+03
                1.51677            3.16738E+03
                1.52109            3.49316E+03
                1.52542            3.80648E+03
                1.52975            4.10151E+03
                1.53408            4.37264E+03
                1.53841            4.61466E+03
                1.54275            4.82282E+03
                1.54709            4.99292E+03
                1.55143            5.12138E+03
                1.55577            5.20527E+03
                1.56012            5.24248E+03
                1.56447            5.23191E+03
                1.56882            5.17372E+03
                1.57317            5.06962E+03
                1.57753            4.92301E+03
                1.58189            4.73897E+03
                1.58625            4.52406E+03
                1.59061            4.28578E+03
                1.59498            4.03177E+03
                1.59935            3.76901E+03
                1.60372            3.50304E+03
                1.60809            3.23765E+03
                1.61247            2.97508E+03
                1.61684            2.7168E+03 
                1.62122            2.46449E+03
                1.6256             2.22108E+03
                1.62889            2.04557E+03
                1.63218            1.87893E+03
                1.63547            1.72424E+03
                1.63876            1.5848E+03 
                1.6437             1.42076E+03
                1.64864            1.31294E+03
                1.65358            1.26935E+03
                1.65853            1.29559E+03
                1.66348            1.39377E+03
                1.66595            1.46139E+03
                1.66843            1.54633E+03
                1.67214            1.7106E+03 
                1.67586            1.90828E+03
                1.67958            2.13357E+03
                1.6833             2.37963E+03
                1.68469            2.47483E+03
                1.68678            2.6215E+03 
                1.68992            2.84632E+03
                1.69463            3.18023E+03
                1.69581            3.26385E+03
                1.69699            3.34663E+03
                1.69876            3.46822E+03
                1.70141            3.64341E+03
                1.70539            3.88492E+03
                1.70688            3.9727E+03 
                1.70912            4.09586E+03
                1.71248            4.26032E+03
                1.71374            4.31945E+03
                1.71563            4.40105E+03
                1.71847            4.50742E+03
                1.71953            4.54532E+03
                1.72113            4.5968E+03 
                1.72352            4.66202E+03
                1.72711            4.73287E+03
                1.72846            4.75601E+03
                1.73048            4.78177E+03
                1.73351            4.80089E+03
                1.73465            4.80563E+03
                1.73635            4.80647E+03
                1.73891            4.79423E+03
                1.74275            4.74765E+03
                1.7466             4.67524E+03
                1.75044            4.57928E+03
                1.75428            4.46237E+03
                1.75813            4.32705E+03
                1.76197            4.17571E+03
                1.76582            4.01031E+03
                1.76726            3.94669E+03
                1.76942            3.84692E+03
                1.77267            3.68935E+03
                1.77389            3.62947E+03
                1.77572            3.53713E+03
                1.77846            3.39379E+03
                1.78257            3.16962E+03
                1.78668            2.93744E+03
                1.7908             2.69819E+03
                1.79491            2.45311E+03
                1.79903            2.20368E+03
                1.80314            1.95172E+03
                1.80726            1.69937E+03
                1.81138            1.44912E+03
                1.8155             1.20374E+03
                1.81705            1.11282E+03
                1.81936          978.553      
                1.82284          784.281      
                1.82415          712.81       
                1.8261           608.388      
                1.82904          459.438      
                1.83344          257.897      
                1.83784           82.3552     
                1.84225          -63.8347     
                1.84666         -177.748      
                1.85106         -257.104      
                1.85272         -281.687      
                1.8552          -307.388      
                1.85891         -319.768      
                1.86031         -320.516      
                1.8624          -313.352      
                1.86554         -283.854      
                1.87025         -198.212      
                1.87202         -160.135      
                1.87467          -90.5881     
                1.87864           40.4959     
                1.88013           93.505      
                1.88237          180.918      
                1.88573          328.823      
                1.88698          386.697      
                1.88887          478.368      
                1.8917           626.21       
                1.89595          868.184      
                1.89754          961.748      
                1.89993            1.1074E+03 
                1.90352            1.33588E+03
                1.90486            1.42297E+03
                1.90688            1.55604E+03
                1.9099             1.75993E+03
                1.91444            2.07068E+03
                1.91898            2.38163E+03
                1.92125            2.53665E+03
                1.92352            2.69043E+03
                1.92692            2.91644E+03
                1.93203            3.23887E+03
                1.93331            3.31844E+03
                1.93458            3.39677E+03
                1.9365             3.5111E+03 
                1.93937            3.67465E+03
                1.94368            3.89912E+03
                1.94799            4.1001E+03 
                1.9523             4.2753E+03 
                1.95661            4.42294E+03
                1.95823            4.47437E+03
                1.96065            4.54234E+03
                1.96429            4.62311E+03
                1.96566            4.65043E+03
                1.9677             4.6846E+03 
                1.97077            4.72051E+03
                1.97538            4.74034E+03
                1.9771             4.74304E+03
                1.97969            4.73657E+03
                1.98358            4.70411E+03
                1.98504            4.68879E+03
                1.98722            4.65896E+03
                1.9905             4.59953E+03
                1.99542            4.4809E+03 
                1.99665            4.44942E+03
                1.99787            4.41624E+03
                1.99972            4.36278E+03
                2.00249            4.27497E+03
                2.00663            4.12895E+03
                2.00819            4.07229E+03
                2.01052            3.98359E+03
                2.01402            3.84391E+03
                2.01928            3.62523E+03
                2.02059            3.56998E+03
                2.0219             3.51439E+03
                2.02387            3.43043E+03
                2.02682            3.304E+03  
                2.03125            3.11653E+03
                2.03291            3.04661E+03
                2.03541            2.94326E+03
                2.03914            2.79312E+03
                2.04055            2.73748E+03
                2.04265            2.65605E+03
                2.0458             2.53898E+03
                2.05053            2.37677E+03
                2.0523             2.31768E+03
                2.05497            2.23387E+03
                2.05896            2.1195E+03 
                2.06045            2.07807E+03
                2.0627             2.01967E+03
                2.06606            1.94061E+03
                2.06732            1.91204E+03
                2.06922            1.87196E+03
                2.07206            1.81796E+03
                2.07632            1.75038E+03
                2.08058            1.69585E+03
                2.08484            1.65417E+03
                2.08909            1.62495E+03
                2.09335            1.60778E+03
                2.09495            1.60284E+03
                2.09734            1.5993E+03 
                2.10094            1.60188E+03
                2.10228            1.60373E+03
                2.1043             1.60899E+03
                2.10733            1.62179E+03
                2.11188            1.65018E+03
                2.11642            1.68581E+03
                2.12096            1.72676E+03
                2.12551            1.77081E+03
                2.13005            1.8157E+03 
                2.13459            1.85913E+03
                2.13913            1.8989E+03 
                2.14367            1.93293E+03
                2.14821            1.95933E+03
                2.15275            1.97642E+03
                2.15728            1.98284E+03
                2.16182            1.97761E+03
                2.16635            1.9602E+03 
                2.17089            1.9307E+03 
                2.17542            1.88976E+03
                2.17995            1.83871E+03
                2.18448            1.77938E+03
                2.18901            1.71401E+03
                2.19354            1.64497E+03
                2.19807            1.57452E+03
                2.20259            1.50456E+03
                2.20712            1.43652E+03
                2.21164            1.37133E+03
                2.21617            1.30948E+03
                2.22069            1.25118E+03
                2.22521            1.19653E+03
                2.22973            1.14564E+03
                2.23424            1.09876E+03
                2.23876            1.05633E+03
                2.24553            1.00532E+03
                2.2523           968.635      
                2.25906          949.149      
                2.26583          948.877      
                2.27596          993.545      
                2.28609            1.07609E+03
                2.29621            1.18593E+03
                2.30379            1.27703E+03
                2.31137            1.37152E+03
                2.31894            1.46248E+03
                2.32651            1.54423E+03
                2.33218            1.59782E+03
                2.33785            1.64308E+03
                2.34352            1.67852E+03
                2.34918            1.7034E+03 
                2.35484            1.71744E+03
                2.36049            1.7207E+03 
                2.36615            1.71343E+03
                2.3718             1.69604E+03
                2.37744            1.66903E+03
                2.38308            1.63296E+03
                2.3852             1.61729E+03
                2.38837            1.59246E+03
                2.39312            1.55006E+03
                2.40025            1.4758E+03 
                2.40737            1.39202E+03
                2.41449            1.30211E+03
                2.4216             1.20921E+03
                2.4287             1.1167E+03 
                2.4358             1.02804E+03
                2.44288          946.569      
                2.44997          875.28       
                2.45704          816.589      
                2.46411          772.203      
                2.47117          743.006      
                2.47823          729.01       
                2.48528          729.372      
                2.49232          742.482      
                2.49935          766.112      
                2.50638          797.585      
                2.5134           833.918      
                2.52041          871.938      
                2.52216          879.698      
                2.52391          888.617      
                2.52653          902.962      
                2.53047          923.918      
                2.53637          951.283      
                2.54226          971.715      
                2.54815          984.252      
                2.55403          987.444      
                2.55991          979.994      
                2.56578          960.886      
                2.56724          953.825      
                2.56871          946.912      
                2.57091          935.835      
                2.57421          915.636      
                2.57915          876.194      
                2.581            858.653      
                2.58377          831.039      
                2.58794          783.808      
                2.5895           764.046      
                2.59183          733.628      
                2.59534          684.224      
                2.6006           600.934      
                2.60585          508.309      
                2.60847          458.761      
                2.61109          408.269      
                2.61502          330.017      
                2.6165           299.112      
                2.6187           253.029      
                2.62202          182.905      
                2.62698           75.7599     
                2.62884           33.7843     
                2.63163          -27.504      
                2.63581         -117.832      
                2.63737         -152.779      
                2.63972         -203.202      
                2.64324         -276.052      
                2.64456         -304.028      
                2.64654         -344.095      
                2.64951         -401.214      
                2.65396         -480.229      
                2.65562         -510.318      
                2.65812         -551.465      
                2.66187         -606.44       
                2.66327         -627.299      
                2.66538         -655.332      
                2.66853         -691.817      
                2.67326         -734.827      
                2.67799         -766.969      
                2.68271         -787.598      
                2.68742         -797.024      
                2.69213         -795.924      
                2.69684         -785.199      
                2.70154         -765.897      
                2.7033          -758.906      
                2.70594         -743.984      
                2.7099          -716.119      
                2.71583         -666.023      
                2.71731         -655.281      
                2.71879         -642.978      
                2.72101         -622.336      
                2.72434         -589.284      
                2.72559         -577.786      
                2.72746         -559.08       
                2.73026         -529.598      
                2.73131         -519.277      
                2.73289         -502.858      
                2.73525         -477.359      
                2.73879         -438.746      
                2.74012         -425.455      
                2.74211         -404.328      
                2.74285         -396.805      
                2.74397         -385.075      
                2.74565         -367.101      
                2.74817         -340.214      
                2.75194         -300.932      
                2.75335         -287.71       
                2.75547         -266.888      
                2.75864         -235.997      
                2.7634          -192.714      
                2.76518         -178.841      
                2.76585         -173.876      
                2.76685         -165.92       
                2.76836         -153.666      
                2.77061         -135.832      
                2.77399         -111.282      
                2.77525         -103.613      
                2.77715          -91.6916     
                2.77999          -74.8664     
                2.78106          -69.7161     
                2.78266          -61.7238     
                2.78506          -50.4844     
                2.78596          -47.1532     
                2.7873           -41.9958     
                2.78932          -34.7601     
                2.79008          -32.709      
                2.79122          -29.5375     
                2.79292          -25.0994     
                2.79547          -19.9737     
                2.79643          -19.1022     
                2.79786          -17.6585     
                2.80001          -16.1558     
                2.80324          -16.4694     
                2.80445          -18.1394     
                2.80626          -20.3747     
                2.80897          -24.8597     
                2.80999          -27.6726     
                2.81152          -31.6369     
                2.81381          -38.1758     
                2.81466          -41.4582     
                2.81595          -46.1663     
                2.81788          -53.4887     
                2.82077          -65.9045     
                2.82185          -71.7945     
                2.82348          -80.1645     
                2.82591          -92.9893     
                2.82683          -98.6729     
                2.8282          -106.783      
                2.83025         -118.891      
                2.83332         -137.783      
                2.83448         -146.118      
                2.83621         -157.761      
                2.8388          -174.845      
                2.84268         -200.637      
                2.84656         -227.319      
                2.85043         -253.764      
                2.8543          -279.539      
                2.85817         -304.414      
                2.86203         -328.258      
                2.86347         -338.428      
                2.86564         -351.401      
                2.86889         -369.088      
                2.87376         -393.872      
                2.87498         -402.164      
                2.8762          -409.397      
                2.87802         -418.719      
                2.88075         -431.688      
                2.88484         -450.526      
                2.88893         -470.252      
                2.89302         -490.352      
                2.89709         -511.079      
                2.9032          -543.154      
                2.9093          -580.496      
                2.91082         -592.972      
                2.91234         -603.945      
                2.91462         -619.187      
                2.91804         -642.945      
                2.92316         -682.456      
                2.92826         -727.658      
                2.93336         -777.554      
                2.93846         -832.233      
                2.94354         -891.909      
                2.94735         -940.599      
                2.95115         -991.318      
                2.95494           -1.04477E+03
                2.95873           -1.10096E+03
                2.96252           -1.1597E+03 
                2.9663            -1.22063E+03
                2.97007           -1.28329E+03
                2.97384           -1.34712E+03
                2.97761           -1.4115E+03 
                2.98137           -1.47572E+03
                2.98512           -1.53908E+03
                2.98887           -1.60086E+03
                2.99262           -1.66043E+03
                2.99402           -1.68402E+03
                2.99612           -1.71628E+03
                2.99927           -1.76112E+03
                3.00045           -1.77904E+03
                3.00222           -1.80356E+03
                3.00487           -1.83737E+03
                3.00885           -1.88274E+03
                3.01034           -1.90114E+03
                3.01257           -1.92475E+03
                3.01591           -1.95494E+03
                3.01716           -1.96732E+03
                3.01904           -1.98282E+03
                3.02185           -2.00205E+03
                3.02607           -2.02357E+03
                3.03028           -2.03917E+03
                3.03448           -2.04765E+03
                3.03867           -2.04878E+03
                3.04286           -2.04254E+03
                3.04703           -2.029E+03  
                3.05121           -2.00835E+03
                3.05537           -1.9809E+03 
                3.05953           -1.94705E+03
                3.06368           -1.90735E+03
                3.06782           -1.86246E+03
                3.06937           -1.84697E+03
                3.07169           -1.81932E+03
                3.07518           -1.7738E+03 
                3.07648           -1.75826E+03
                3.07844           -1.73219E+03
                3.08137           -1.69067E+03
                3.08576           -1.62646E+03
                3.09014           -1.56315E+03
                3.09451           -1.50053E+03
                3.09888           -1.43937E+03
                3.10323           -1.38053E+03
                3.10758           -1.32479E+03
                3.11191           -1.27282E+03
                3.11624           -1.2252E+03 
                3.12056           -1.1824E+03 
                3.12487           -1.14478E+03
                3.12918           -1.11263E+03
                3.13347           -1.08618E+03
                3.13561           -1.07644E+03
                3.13775           -1.06666E+03
                3.14096           -1.05343E+03
                3.14576           -1.04069E+03
                3.14696           -1.04116E+03
                3.14816           -1.0406E+03 
                3.14996           -1.03888E+03
                3.15265           -1.0378E+03 
                3.15365           -1.03916E+03
                3.15516           -1.04051E+03
                3.15743           -1.04316E+03
                3.16082           -1.05028E+03
                3.16209           -1.05556E+03
                3.164             -1.06232E+03
                3.16685           -1.07344E+03
                3.17112           -1.09457E+03
                3.17751           -1.13523E+03
                3.1807            -1.16226E+03
                3.18388           -1.18839E+03
                3.18864           -1.22825E+03
                3.19042           -1.24704E+03
                3.19309           -1.27191E+03
                3.19709           -1.30925E+03
                3.19859           -1.3262E+03 
                3.20083           -1.34885E+03
                3.20419           -1.38199E+03
                3.20545           -1.39667E+03
                3.20734           -1.41645E+03
                3.21016           -1.44498E+03
                3.21439           -1.48749E+03
                3.21598           -1.50652E+03
                3.21835           -1.53138E+03
                3.22191           -1.56682E+03
                3.22722           -1.61849E+03
                3.2312            -1.65959E+03
                3.23517           -1.69845E+03
                3.23665           -1.71524E+03
                3.23888           -1.73644E+03
                3.24222           -1.76574E+03
                3.2472            -1.80704E+03
                3.24907           -1.8262E+03 
                3.25187           -1.84927E+03
                3.25605           -1.88039E+03
                3.25762           -1.89499E+03
                3.25997           -1.91257E+03
                3.26348           -1.93619E+03
                3.2648            -1.94742E+03
                3.26677           -1.96107E+03
                3.26973           -1.97945E+03
                3.27083           -1.98824E+03
                3.27249           -1.9991E+03 
                3.27498           -2.01371E+03
                3.2787            -2.03444E+03
                3.28241           -2.0558E+03 
                3.28611           -2.07628E+03
                3.2898            -2.09543E+03
                3.29349           -2.11298E+03
                3.29716           -2.12866E+03
                3.29808           -2.13491E+03
                3.299             -2.13978E+03
                3.30037           -2.145E+03  
                3.30243           -2.15118E+03
                3.30552           -2.15858E+03
                3.30859           -2.16548E+03
                3.31166           -2.17069E+03
                3.31396           -2.17446E+03
                3.31626           -2.17634E+03
                3.3197            -2.17475E+03
                3.32227           -2.17413E+03
                3.32484           -2.1714E+03 
                3.3274            -2.16717E+03
                3.33124           -2.15636E+03
                3.33506           -2.14487E+03
                3.33888           -2.13183E+03
                3.34269           -2.11742E+03
                3.34648           -2.10197E+03
                3.35027           -2.08567E+03
                3.35404           -2.06862E+03
                3.35781           -2.05076E+03
                3.35875           -2.04903E+03
                3.35969           -2.04576E+03
                3.36109           -2.03871E+03
                3.3632            -2.02685E+03
                3.36399           -2.02376E+03
                3.36517           -2.0177E+03 
                3.36695           -2.00727E+03
                3.3696            -1.99052E+03
                3.37225           -1.97414E+03
                3.3749            -1.9571E+03 
                3.37754           -1.93914E+03
                3.38017           -1.92021E+03
                3.3828            -1.90035E+03
                3.38379           -1.8945E+03 
                3.38526           -1.88309E+03
                3.38747           -1.864E+03  
                3.3883            -1.85832E+03
                3.38954           -1.84811E+03
                3.3914            -1.83136E+03
                3.39418           -1.80551E+03
                3.39522           -1.79806E+03
                3.39678           -1.78449E+03
                3.39912           -1.7629E+03 
                3.40262           -1.73115E+03
                3.40393           -1.72259E+03
                3.40589           -1.70661E+03
                3.40883           -1.68233E+03
                3.40993           -1.67589E+03
                3.41158           -1.664E+03  
                3.41405           -1.64588E+03
                3.41497           -1.64118E+03
                3.41635           -1.63254E+03
                3.41843           -1.6192E+03 
                3.42153           -1.60089E+03
                3.42269           -1.5971E+03 
                3.42443           -1.58901E+03
                3.42704           -1.57661E+03
                3.43094           -1.56009E+03
                3.43191           -1.55978E+03
                3.43288           -1.5579E+03 
                3.43434           -1.55308E+03
                3.43652           -1.54531E+03
                3.43978           -1.53421E+03
                3.44101           -1.53322E+03
                3.44284           -1.52846E+03
                3.44557           -1.51987E+03
                3.4466            -1.51902E+03
                3.44814           -1.51522E+03
                3.45044           -1.50806E+03
                3.45388           -1.49681E+03
                3.45731           -1.48722E+03
                3.46073           -1.47768E+03
                3.46414           -1.46803E+03
                3.46754           -1.45838E+03
                3.47093           -1.44888E+03
                3.47431           -1.43968E+03
                3.47767           -1.43088E+03
                3.48103           -1.42254E+03
                3.48354           -1.41792E+03
                3.48604           -1.41246E+03
                3.48854           -1.40708E+03
                3.48948           -1.40702E+03
                3.49088           -1.40439E+03
                3.49298           -1.39912E+03
                3.49611           -1.39141E+03
                3.49924           -1.38608E+03
                3.50236           -1.38165E+03
                3.50547           -1.37794E+03
                3.50857           -1.375E+03  
                3.51166           -1.37293E+03
                3.51474           -1.37183E+03
                3.51551           -1.37435E+03
                3.51628           -1.37555E+03
                3.51743           -1.37548E+03
                3.51915           -1.37464E+03
                3.52173           -1.37398E+03
                3.5243            -1.37562E+03
                3.52687           -1.37827E+03
                3.52942           -1.38162E+03
                3.53197           -1.38556E+03
                3.53452           -1.38998E+03
                3.53705           -1.39478E+03
                3.538             -1.39878E+03
                3.53942           -1.40188E+03
                3.54155           -1.40507E+03
                3.54474           -1.40992E+03
                3.54553           -1.41454E+03
                3.54632           -1.41773E+03
                3.54751           -1.42046E+03
                3.54929           -1.4237E+03 
                3.55196           -1.42897E+03
                3.55461           -1.43679E+03
                3.55528           -1.44122E+03
                3.55627           -1.44547E+03
                3.55776           -1.45021E+03
                3.55998           -1.45773E+03
                3.5622            -1.46786E+03
                3.56442           -1.47972E+03
                3.56663           -1.49316E+03
                3.56883           -1.50811E+03
                3.57102           -1.52446E+03
                3.57322           -1.54194E+03
                3.5754            -1.56019E+03
                3.57758           -1.57878E+03
                3.57975           -1.59721E+03
                3.58192           -1.61494E+03
                3.58408           -1.63143E+03
                3.58624           -1.64616E+03
                3.58705           -1.6533E+03 
                3.58826           -1.66074E+03
                3.59007           -1.66853E+03
                3.59277           -1.67511E+03
                3.59379           -1.68003E+03
                3.5953            -1.68226E+03
                3.59757           -1.68013E+03
                3.59842           -1.68122E+03
                3.59969           -1.67904E+03
                3.6016            -1.67164E+03
                3.60231           -1.67037E+03
                3.60338           -1.66578E+03
                3.60498           -1.65591E+03
                3.60737           -1.63738E+03
                3.60826           -1.63272E+03
                3.6096            -1.62193E+03
                3.61161           -1.60246E+03
                3.61236           -1.59702E+03
                3.61349           -1.58624E+03
                3.61517           -1.56782E+03
                3.61769           -1.53841E+03
                3.61863           -1.53021E+03
                3.62004           -1.51427E+03
                3.62216           -1.48804E+03
                3.62531           -1.44701E+03
                3.62649           -1.43555E+03
                3.62826           -1.41299E+03
                3.6309            -1.37588E+03
                3.63189           -1.365E+03  
                3.63337           -1.34443E+03
                3.63558           -1.3104E+03 
                3.63888           -1.25522E+03
                3.64012           -1.23847E+03
                3.64197           -1.20658E+03
                3.64473           -1.15365E+03
                3.64576           -1.13693E+03
                3.64731           -1.10673E+03
                3.64963           -1.05759E+03
                3.65308         -980.111      
                3.65437         -955.571      
                3.6563          -912.053      
                3.65919         -844.135      
                3.66027         -822.522      
                3.66188         -785.596      
                3.6643          -729.132      
                3.6652          -711.198      
                3.66655         -681.226      
                3.66858         -635.776      
                3.66933         -621.329      
                3.67047         -597.544      
                3.67216         -561.521      
                3.6747          -510.055      
                3.67722         -463.657      
                3.67974         -420.777      
                3.68224         -381.214      
                3.68473         -344.971      
                3.68721         -312.05       
                3.68969         -282.44       
                3.69215         -256.111      
                3.6946          -233.01       
                3.69551         -227.693      
                3.69688         -216.494      
                3.69893         -200.053      
                3.6997          -196.865      
                3.70085         -189.863      
                3.70257         -179.298      
                3.70513         -166.467      
                3.70609         -165.914      
                3.70753         -161.781      
                3.70967         -156.021      
                3.71048         -157.116      
                3.71168         -156.192      
                3.71347         -154.695      
                3.71616         -155.517      
                3.71716         -160.433      
                3.71866         -164.013      
                3.72091         -169.717      
                3.72174         -175.392      
                3.723           -180.909      
                3.72488         -188.86       
                3.72768         -203.264      
                3.73046         -222.427      
                3.73323         -243.7        
                3.73427         -255.669      
                3.73582         -268.331      
                3.73813         -285.969      
                3.73899         -296.205      
                3.74029         -307.59       
                3.74222         -322.96       
                3.7451          -345.337      
                3.74618         -358.533      
                3.74779         -372.067      
                3.7502          -389.243      
                3.7511          -399.374      
                3.75244         -409.555      
                3.75445         -421.754      
                3.7552          -429.203      
                3.75633         -436.517      
                3.75801         -444.731      
                3.76052         -454.1        
                3.76145         -461.495      
                3.76285         -466.617      
                3.76495         -470.113      
                3.76573         -474.439      
                3.7669          -476.325      
                3.76865         -475.57       
                3.77126         -469.799      
                3.77386         -461.989      
                3.77644         -449.782      
                3.779           -432.823      
                3.78154         -411.085      
                3.78407         -384.624      
                3.78658         -353.55       
                3.78907         -318.019      
                3.79155         -278.232      
                3.79401         -234.442      
                3.79646         -186.952      
                3.79888         -136.148      
                3.8013           -82.3979     
                3.80369          -26.1472     
                3.80607           32.1619     
                3.80843           92.0907     
                3.81077          153.206      
                3.8131           215.083      
                3.81541          277.305      
                3.8177           339.463      
                3.81941          384.119      
                3.82111          429.924      
                3.82281          475.439      
                3.82344          489.831      
                3.82438          514.946      
                3.8258           553.794      
                3.8279           610.726      
                3.82999          663.403      
                3.83207          713.574      
                3.83413          761.21       
                3.83618          806.041      
                3.83821          847.808      
                3.84023          886.306      
                3.84223          921.407      
                3.84422          953.054      
                3.84619          981.249      
                3.84815            1.00603E+03
                3.85009            1.02746E+03
                3.85202            1.04562E+03
                3.85394            1.0606E+03 
                3.85465            1.06229E+03
                3.85572            1.06913E+03
                3.85731            1.0792E+03 
                3.85968            1.08997E+03
                3.86056            1.0878E+03 
                3.86188            1.09025E+03
                3.86384            1.09322E+03
                3.86457            1.08945E+03
                3.86566            1.08853E+03
                3.86729            1.0875E+03 
                3.86972            1.08313E+03
                3.87062            1.07508E+03
                3.87196            1.06992E+03
                3.87397            1.06301E+03
                3.87595            1.05285E+03
                3.87792            1.04205E+03
                3.87986            1.03127E+03
                3.88179            1.02091E+03
                3.88251            1.01308E+03
                3.88358            1.00783E+03
                3.88518            1.0027E+03 
                3.88577          997.065      
                3.88666          993.432      
                3.88799          990.557      
                3.88997          988.525      
                3.89192          986.115      
                3.89385          985.962      
                3.89576          988.384      
                3.89765          993.423      
                3.89952            1.00114E+03
                3.90137            1.01162E+03
                3.9032             1.02498E+03
                3.905              1.04128E+03
                3.90679            1.06054E+03
                3.90856            1.08267E+03
                3.90922            1.08717E+03
                3.9102             1.10141E+03
                3.91165            1.12656E+03
                3.9122             1.13228E+03
                3.91301            1.14619E+03
                3.91422            1.16998E+03
                3.91601            1.20835E+03
                3.91668            1.21766E+03
                3.91767            1.23914E+03
                3.91915            1.27463E+03
                3.9197             1.28383E+03
                3.92052            1.30326E+03
                3.92174            1.33485E+03
                3.92355            1.38361E+03
                3.92444            1.40286E+03
                3.92533            1.42552E+03
                3.92665            1.46302E+03
                3.92715            1.47326E+03
                3.92788            1.4935E+03 
                3.92897            1.52568E+03
                3.93059            1.57411E+03
                3.93099            1.58095E+03
                3.93139            1.59074E+03
                3.93199            1.60827E+03
                3.93288            1.63528E+03
                3.9342             1.67524E+03
                3.93469            1.6859E+03 
                3.93542            1.70677E+03
                3.93651            1.73898E+03
                3.93692            1.74763E+03
                3.93752            1.76425E+03
                3.93843            1.79E+03   
                3.93976            1.82697E+03
                3.94009            1.83166E+03
                3.94042            1.83856E+03
                3.94092            1.85116E+03
                3.94165            1.87026E+03
                3.94275            1.89722E+03
                3.94315            1.9035E+03 
                3.94376            1.9166E+03 
                3.94466            1.93643E+03
                3.945              1.94089E+03
                3.9455             1.95034E+03
                3.94624            1.96496E+03
                3.94735            1.9847E+03 
                3.94777            1.98796E+03
                3.94838            1.9967E+03 
                3.94929            2.00961E+03
                3.94963            2.0112E+03 
                3.95014            2.01656E+03
                3.95089            2.02476E+03
                3.95201            2.03428E+03
                3.95243            2.03336E+03
                3.95305            2.03605E+03
                3.95397            2.03962E+03
                3.95431            2.03746E+03
                3.95482            2.03743E+03
                3.95557            2.03748E+03
                3.9567             2.03476E+03
                3.95711            2.02898E+03
                3.95773            2.02486E+03
                3.95865            2.01846E+03
                3.95899            2.01238E+03
                3.9595             2.00688E+03
                3.96025            1.99901E+03
                3.96054            1.9932E+03 
                3.96096            1.9873E+03 
                3.96158            1.97917E+03
                3.9625             1.96595E+03
                3.96284            1.95713E+03
                3.96336            1.94808E+03
                3.96411            1.93547E+03
                3.96439            1.92778E+03
                3.96481            1.91952E+03
                3.96544            1.9083E+03 
                3.96636            1.89141E+03
                3.9667             1.88112E+03
                3.96721            1.87053E+03
                3.96796            1.8564E+03 
                3.96824            1.84804E+03
                3.96866            1.83932E+03
                3.96928            1.82805E+03
                3.97019            1.81258E+03
                3.97053            1.80279E+03
                3.97103            1.79382E+03
                3.97178            1.78324E+03
                3.97205            1.77618E+03
                3.97246            1.77004E+03
                3.97307            1.7634E+03 
                3.9733             1.75853E+03
                3.97364            1.75457E+03
                3.97414            1.7508E+03 
                3.97487            1.74757E+03
                3.97515            1.74316E+03
                3.97556            1.74153E+03
                3.97616            1.74223E+03
                3.97638            1.73998E+03
                3.97671            1.74038E+03
                3.97721            1.74346E+03
                3.97794            1.75088E+03
                3.9782             1.75035E+03
                3.9786             1.75491E+03
                3.97875            1.75534E+03
                3.97898            1.75811E+03
                3.97931            1.76389E+03
                3.97979            1.77406E+03
                3.97997            1.77574E+03
                3.98025            1.78123E+03
                3.98065            1.79149E+03
                3.98124            1.80884E+03
                3.98146            1.81249E+03
                3.98178            1.82221E+03
                3.98226            1.83917E+03
                3.98244            1.84327E+03
                3.98271            1.85254E+03
                3.9831             1.8682E+03 
                3.98368            1.89283E+03
                3.98389            1.89895E+03
                3.98421            1.91232E+03
                3.98468            1.93394E+03
                3.98485            1.93957E+03
                3.98511            1.95106E+03
                3.98549            1.96944E+03
                3.98563            1.97436E+03
                3.98584            1.98394E+03
                3.98615            1.99922E+03
                3.98661            2.02169E+03
                3.98678            2.02737E+03
                3.98703            2.03883E+03
                3.98741            2.05645E+03
                3.98754            2.06091E+03
                3.98775            2.06973E+03
                3.98805            2.08333E+03
                3.9885             2.10199E+03
                3.98866            2.10598E+03
                3.98891            2.11466E+03
                3.98926            2.12712E+03
                3.9894             2.12942E+03
                3.98959            2.13488E+03
                3.98989            2.14273E+03
                3.98999            2.14383E+03
                3.99015            2.14694E+03
                3.99039            2.15153E+03
                3.99074            2.15618E+03
                3.99087            2.15533E+03
                3.99106            2.15602E+03
                3.99134            2.15627E+03
                3.99145            2.15438E+03
                3.9916             2.15302E+03
                3.99183            2.15063E+03
                3.99217            2.14425E+03
                3.99229            2.13912E+03
                3.99247            2.13336E+03
                3.99274            2.12362E+03
                3.99284            2.11788E+03
                3.99299            2.11077E+03
                3.99321            2.09962E+03
                3.99352            2.07999E+03
                3.99364            2.06981E+03
                3.99381            2.05663E+03
                3.99406            2.03593E+03
                3.99443            2.00128E+03
                3.99452            1.98925E+03
                3.99461            1.97885E+03
                3.99474            1.96448E+03
                3.99493            1.94246E+03
                3.99521            1.90768E+03
                3.99531            1.89199E+03
                3.99546            1.87104E+03
                3.99568            1.83982E+03
                3.99577            1.82615E+03
                3.99588            1.80776E+03
                3.99606            1.78084E+03
                3.99631            1.7406E+03 
                3.9964             1.72308E+03
                3.99654            1.70005E+03
                3.99674            1.66699E+03
                3.99681            1.6528E+03 
                3.99691            1.63408E+03
                3.99707            1.60755E+03
                3.99729            1.57001E+03
                3.99737            1.55382E+03
                3.99749            1.53348E+03
                3.99766            1.50593E+03
                3.99772            1.49404E+03
                3.99781            1.47924E+03
                3.99794            1.45955E+03
                3.99799            1.45098E+03
                3.99806            1.4404E+03 
                3.99816            1.42655E+03
                3.99831            1.40894E+03
                3.99836            1.40093E+03
                3.99844            1.3922E+03 
                3.99855            1.38201E+03
                3.99859            1.37711E+03
                3.99865            1.3721E+03 
                3.99874            1.36669E+03
                3.99886            1.36174E+03
                3.99897            1.35873E+03
                3.99908            1.35826E+03
                3.99918            1.36009E+03
                3.99925            1.36202E+03
                3.99931            1.36546E+03
                3.99938            1.36977E+03
                3.9994             1.37068E+03
                3.99943            1.37348E+03
                3.99948            1.3785E+03 
                3.99954            1.38638E+03
                3.99956            1.38818E+03
                3.9996             1.39237E+03
                3.99964            1.3988E+03 
                3.99966            1.40026E+03
                3.99968            1.40338E+03
                3.99972            1.40792E+03
                3.99976            1.41297E+03
                3.99978            1.41359E+03
                3.9998             1.41516E+03
                3.99983            1.41611E+03
                3.99984            1.41552E+03
                3.99986            1.41491E+03
                3.99988            1.41286E+03
                3.9999             1.40619E+03
                3.99991            1.40242E+03
                3.99993            1.39657E+03
                3.99994            1.38523E+03
                3.99995            1.38009E+03
                3.99995            1.3721E+03 
                3.99996            1.35822E+03
                3.99997            1.35241E+03
                3.99997            1.34341E+03
                3.99998            1.32859E+03
                3.99999            1.30303E+03
                3.99999            1.29271E+03
                3.99999            1.27659E+03
                3.99999            1.25033E+03
                4.                 1.24006E+03
                4.                 1.22415E+03
                4.                 1.19898E+03
                4.                 1.15836E+03
                4.                 1.14274E+03
                4.                 1.11856E+03
                4.                 1.08079E+03
                4.                 1.06345E+03




