
              u_60_0_90_lin      f_60_0_90_lin      

                0.                -0.         
               39.94E-09         122.036E-03  
              319.041E-09        605.906E-03  
                1.70601E-06        1.55163    
                7.53894E-06        3.63009    
               29.9775E-06         7.98076    
              111.812E-06         17.4109     
              399.954E-06         41.6386     
                1.38837E-03      113.827      
                4.70264E-03      341.38       
               15.5512E-03         1.06592E+03
               49.9952E-03         3.33899E+03
              154.626E-03         10.2092E+03 
              450.699E-03         29.5565E+03 
              551.162E-03         36.205E+03  
              661.566E-03         42.9497E+03 
              781.336E-03         50.1206E+03 
              789.117E-03         50.7533E+03 
              791.068E-03         50.8826E+03 
              791.555E-03         50.9138E+03 
              792.288E-03         50.9574E+03 
              793.387E-03         51.0203E+03 
              793.799E-03         51.0442E+03 
              794.417E-03         51.0797E+03 
              795.345E-03         51.1325E+03 
              795.694E-03         51.1526E+03 
              796.216E-03         51.1826E+03 
              797.E-03            51.2272E+03 
              797.784E-03         51.2718E+03 
              798.569E-03         51.3166E+03 
              799.354E-03         51.3613E+03 
              800.139E-03         51.4061E+03 
              800.925E-03         51.4508E+03 
              801.711E-03         51.4955E+03 
              802.497E-03         51.5403E+03 
              803.283E-03         51.5849E+03 
              804.07E-03          51.6296E+03 
              804.858E-03         51.6742E+03 
              805.645E-03         51.7188E+03 
              806.827E-03         51.7851E+03 
              808.01E-03          51.8516E+03 
              809.193E-03         51.918E+03  
              810.378E-03         51.9843E+03 
              811.563E-03         52.0503E+03 
              812.749E-03         52.1159E+03 
              813.045E-03         52.1327E+03 
              813.342E-03         52.1494E+03 
              813.787E-03         52.1742E+03 
              813.828E-03         52.1765E+03 
              813.891E-03         52.18E+03   
              813.914E-03         52.1813E+03 
              813.95E-03          52.1833E+03 
              814.003E-03         52.1863E+03 
              814.082E-03         52.1907E+03 
              814.201E-03         52.1973E+03 
              814.245E-03         52.1998E+03 
              814.312E-03         52.2035E+03 
              814.412E-03         52.2091E+03 
              814.563E-03         52.2174E+03 
              814.619E-03         52.2205E+03 
              814.704E-03         52.2252E+03 
              814.831E-03         52.2321E+03 
              814.878E-03         52.2347E+03 
              814.95E-03          52.2387E+03 
              815.057E-03         52.2445E+03 
              815.217E-03         52.2533E+03 
              815.459E-03         52.2663E+03 
              815.82E-03          52.2858E+03 
              816.092E-03         52.3004E+03 
              816.499E-03         52.3222E+03 
              816.906E-03         52.3439E+03 
              817.313E-03         52.3655E+03 
              817.924E-03         52.3975E+03 
              818.153E-03         52.4095E+03 
              818.497E-03         52.4275E+03 
              819.012E-03         52.4539E+03 
              819.528E-03         52.4799E+03 
              820.044E-03         52.5053E+03 
              820.819E-03         52.5417E+03 
              821.593E-03         52.5761E+03 
              822.368E-03         52.6075E+03 
              823.144E-03         52.6349E+03 
              824.307E-03         52.6618E+03 
              825.471E-03         52.6687E+03 
              825.763E-03         52.6695E+03 
              825.835E-03         52.6696E+03 
              825.908E-03         52.6696E+03 
              825.981E-03         52.6696E+03 
              826.054E-03         52.6694E+03 
              826.127E-03         52.6692E+03 
              826.2E-03           52.6688E+03 
              826.272E-03         52.6684E+03 
              826.345E-03         52.6678E+03 
              826.454E-03         52.6667E+03 
              826.482E-03         52.6665E+03 
              826.509E-03         52.6662E+03 
              826.55E-03          52.6657E+03 
              826.611E-03         52.6649E+03 
              826.704E-03         52.6635E+03 
              826.738E-03         52.6629E+03 
              826.79E-03          52.6621E+03 
              826.868E-03         52.6606E+03 
              826.984E-03         52.6581E+03 
              827.16E-03          52.6536E+03 
              827.335E-03         52.6484E+03 
              827.51E-03          52.6424E+03 
              827.772E-03         52.6316E+03 
              828.166E-03         52.6109E+03 
              828.757E-03         52.5688E+03 
              829.645E-03         52.4769E+03 
              830.532E-03         52.3527E+03 
              831.42E-03          52.1929E+03 
              832.752E-03         51.8651E+03 
              834.086E-03         51.4459E+03 
              835.42E-03          50.9344E+03 
              836.756E-03         50.3319E+03 
              838.092E-03         49.642E+03  
              839.429E-03         48.8704E+03 
              840.767E-03         48.0248E+03 
              842.106E-03         47.1153E+03 
              843.446E-03         46.1541E+03 
              844.786E-03         45.1553E+03 
              846.128E-03         44.1334E+03 
              847.471E-03         43.1028E+03 
              848.814E-03         42.0768E+03 
              850.159E-03         41.0667E+03 
              851.504E-03         40.0817E+03 
              852.85E-03          39.1287E+03 
              854.197E-03         38.2127E+03 
              855.545E-03         37.3368E+03 
              856.894E-03         36.5022E+03 
              858.243E-03         35.7093E+03 
              859.594E-03         34.9577E+03 
              860.945E-03         34.2462E+03 
              862.298E-03         33.5736E+03 
              863.651E-03         32.9389E+03 
              865.005E-03         32.3409E+03 
              866.36E-03          31.7792E+03 
              867.716E-03         31.2532E+03 
              869.073E-03         30.763E+03  
              870.431E-03         30.3083E+03 
              871.79E-03          29.8895E+03 
              873.149E-03         29.5065E+03 
              874.509E-03         29.1594E+03 
              875.871E-03         28.8481E+03 
              877.233E-03         28.5722E+03 
              878.596E-03         28.3312E+03 
              879.96E-03          28.1242E+03 
              881.324E-03         27.9501E+03 
              882.69E-03          27.8075E+03 
              884.057E-03         27.6949E+03 
              885.424E-03         27.6103E+03 
              886.792E-03         27.5518E+03 
              888.161E-03         27.5171E+03 
              889.531E-03         27.5039E+03 
              890.902E-03         27.5098E+03 
              892.274E-03         27.5324E+03 
              893.647E-03         27.569E+03  
              895.02E-03          27.6174E+03 
              896.395E-03         27.6754E+03 
              897.77E-03          27.7408E+03 
              899.146E-03         27.812E+03  
              900.523E-03         27.8875E+03 
              901.901E-03         27.9661E+03 
              903.279E-03         28.0469E+03 
              904.659E-03         28.129E+03  
              906.039E-03         28.2117E+03 
              907.421E-03         28.2943E+03 
              908.803E-03         28.3758E+03 
              910.878E-03         28.4909E+03 
              912.954E-03         28.5943E+03 
              915.033E-03         28.6772E+03 
              917.113E-03         28.7286E+03 
              920.238E-03         28.6897E+03 
              923.367E-03         28.501E+03  
              926.5E-03           28.1528E+03 
              931.207E-03         27.4202E+03 
              932.975E-03         27.1313E+03 
              935.629E-03         26.7041E+03 
              939.616E-03         26.2502E+03 
              941.612E-03         26.091E+03  
              943.61E-03          26.0088E+03 
              945.609E-03         26.0125E+03 
              948.612E-03         26.2079E+03 
              951.618E-03         26.5698E+03 
              954.628E-03         27.0586E+03 
              957.641E-03         27.6316E+03 
              960.659E-03         28.2492E+03 
              963.68E-03          28.8787E+03 
              966.704E-03         29.4957E+03 
              968.218E-03         29.7999E+03 
              969.733E-03         30.0952E+03 
              972.007E-03         30.514E+03  
              972.86E-03          30.6688E+03 
              974.14E-03          30.8915E+03 
              976.062E-03         31.2045E+03 
              977.505E-03         31.4282E+03 
              979.67E-03          31.7353E+03 
              980.482E-03         31.8476E+03 
              981.701E-03         32.0061E+03 
              983.531E-03         32.2227E+03 
              985.362E-03         32.4191E+03 
              987.194E-03         32.595E+03  
              989.028E-03         32.7498E+03 
              990.863E-03         32.8834E+03 
              992.699E-03         32.9953E+03 
              994.537E-03         33.0851E+03 
              996.376E-03         33.1525E+03 
              999.136E-03         33.2013E+03 
                1.00017           33.214E+03  
                1.00173           33.215E+03  
                1.00406           33.1794E+03 
                1.0064            33.1096E+03 
                1.00874           33.0076E+03 
                1.01108           32.8763E+03 
                1.01342           32.7197E+03 
                1.01576           32.5426E+03 
                1.01811           32.3501E+03 
                1.02046           32.1476E+03 
                1.02281           31.9403E+03 
                1.02516           31.7333E+03 
                1.02752           31.5311E+03 
                1.0284            31.4572E+03 
                1.02972           31.3479E+03 
                1.03171           31.1913E+03 
                1.03246           31.1348E+03 
                1.03358           31.0525E+03 
                1.0347            30.9736E+03 
                1.03582           30.8985E+03 
                1.03694           30.8275E+03 
                1.03807           30.7609E+03 
                1.03919           30.699E+03  
                1.04031           30.642E+03  
                1.04144           30.5901E+03 
                1.04256           30.5436E+03 
                1.04368           30.5026E+03 
                1.04481           30.4675E+03 
                1.04593           30.4384E+03 
                1.04706           30.4156E+03 
                1.04819           30.3994E+03 
                1.04931           30.3901E+03 
                1.05044           30.3879E+03 
                1.05157           30.393E+03  
                1.05326           30.4177E+03 
                1.0558            30.4962E+03 
                1.05643           30.5196E+03 
                1.05707           30.5455E+03 
                1.05771           30.5737E+03 
                1.05834           30.6045E+03 
                1.05898           30.638E+03  
                1.05961           30.6742E+03 
                1.06025           30.7132E+03 
                1.06089           30.7551E+03 
                1.06152           30.7998E+03 
                1.06216           30.8474E+03 
                1.0628            30.8978E+03 
                1.06343           30.9511E+03 
                1.06407           31.0072E+03 
                1.06471           31.0661E+03 
                1.06534           31.1278E+03 
                1.06598           31.1924E+03 
                1.06662           31.2596E+03 
                1.06726           31.3296E+03 
                1.06789           31.4023E+03 
                1.06853           31.4777E+03 
                1.06917           31.5556E+03 
                1.06981           31.636E+03  
                1.07045           31.7189E+03 
                1.07109           31.8043E+03 
                1.07172           31.8919E+03 
                1.07236           31.9818E+03 
                1.073             32.0739E+03 
                1.07396           32.2164E+03 
                1.07492           32.3633E+03 
                1.07588           32.5143E+03 
                1.07732           32.7479E+03 
                1.07876           32.9881E+03 
                1.0802            33.2332E+03 
                1.08164           33.4818E+03 
                1.08308           33.7324E+03 
                1.08453           33.9834E+03 
                1.08597           34.2332E+03 
                1.08742           34.4803E+03 
                1.08886           34.7231E+03 
                1.09103           35.0716E+03 
                1.0932            35.4004E+03 
                1.09537           35.7041E+03 
                1.09755           35.9777E+03 
                1.09972           36.2169E+03 
                1.1019            36.4177E+03 
                1.10408           36.5765E+03 
                1.10626           36.6907E+03 
                1.10844           36.7582E+03 
                1.10953           36.7807E+03 
                1.11062           36.7908E+03 
                1.11226           36.7778E+03 
                1.1139            36.7375E+03 
                1.11554           36.6703E+03 
                1.11595           36.6523E+03 
                1.11636           36.6325E+03 
                1.11677           36.6109E+03 
                1.11718           36.5876E+03 
                1.11759           36.5625E+03 




