
                  X               uf-80-45    

                0.                -0.         
               39.94E-09         112.026E-03  
              319.041E-09        534.836E-03  
                1.70601E-06        1.30133    
                7.53894E-06        2.89055    
               29.9775E-06         5.98404    
              111.812E-06         11.731      
              399.954E-06         23.0505     
                1.38837E-03       49.6602     
                4.70264E-03      123.489      
               15.5512E-03       344.939      
               49.9952E-03         1.02076E+03
              154.626E-03          3.03878E+03
              212.548E-03          4.24032E+03
              319.557E-03          6.20875E+03
              365.934E-03          7.17251E+03
              384.196E-03          7.535E+03  
              412.475E-03          8.0069E+03 
              413.15E-03           8.05198E+03
              414.165E-03          8.08909E+03
              414.545E-03          8.1002E+03 
              415.117E-03          8.11221E+03
              415.974E-03          8.12675E+03
              416.296E-03          8.13243E+03
              416.78E-03           8.14065E+03
              417.505E-03          8.15265E+03
              417.777E-03          8.15746E+03
              418.185E-03          8.16448E+03
              418.798E-03          8.17469E+03
              419.412E-03          8.18493E+03
              420.026E-03          8.19523E+03
              420.64E-03           8.20559E+03
              421.255E-03          8.21601E+03
              421.87E-03           8.22646E+03
              422.486E-03          8.23695E+03
              423.102E-03          8.24748E+03
              423.719E-03          8.25804E+03
              424.336E-03          8.26863E+03
              424.954E-03          8.27925E+03
              425.572E-03          8.2899E+03 
              426.19E-03           8.30058E+03
              426.809E-03          8.31127E+03
              427.429E-03          8.32199E+03
              428.359E-03          8.33771E+03
              429.29E-03           8.35373E+03
              430.223E-03          8.36993E+03
              431.156E-03          8.38623E+03
              432.09E-03           8.40259E+03
              433.026E-03          8.41899E+03
              433.962E-03          8.4354E+03 
              434.9E-03            8.45178E+03
              435.838E-03          8.46806E+03
              436.778E-03          8.48412E+03
              437.718E-03          8.49981E+03
              438.66E-03           8.5149E+03 
              439.603E-03          8.52906E+03
              439.839E-03          8.5329E+03 
              440.075E-03          8.53663E+03
              440.429E-03          8.54184E+03
              440.96E-03           8.54878E+03
              441.758E-03          8.55734E+03
              442.556E-03          8.56424E+03
              443.355E-03          8.56897E+03
              443.655E-03          8.57072E+03
              444.105E-03          8.57221E+03
              444.78E-03           8.57168E+03
              444.907E-03          8.57165E+03
              445.097E-03          8.57137E+03
              445.168E-03          8.57125E+03
              445.275E-03          8.571E+03  
              445.435E-03          8.57042E+03
              445.676E-03          8.56911E+03
              446.037E-03          8.56611E+03
              446.173E-03          8.56492E+03
              446.376E-03          8.5628E+03 
              446.681E-03          8.55883E+03
              447.139E-03          8.55103E+03
              447.826E-03          8.53492E+03
              448.857E-03          8.49981E+03
              449.115E-03          8.4908E+03 
              449.373E-03          8.48107E+03
              449.761E-03          8.4646E+03 
              450.342E-03          8.43564E+03
              451.215E-03          8.38287E+03
              451.433E-03          8.36944E+03
              451.651E-03          8.35545E+03
              451.979E-03          8.33307E+03
              452.471E-03          8.29649E+03
              452.655E-03          8.2825E+03 
              452.932E-03          8.26059E+03
              453.347E-03          8.22572E+03
              453.503E-03          8.21247E+03
              453.737E-03          8.19201E+03
              454.088E-03          8.16003E+03
              454.614E-03          8.10958E+03
              455.404E-03          8.02977E+03
              456.195E-03          7.94773E+03
              456.987E-03          7.86495E+03
              457.779E-03          7.78298E+03
              458.572E-03          7.70339E+03
              458.77E-03           7.68392E+03
              458.969E-03          7.66462E+03
              459.266E-03          7.63607E+03
              459.713E-03          7.5944E+03 
              459.881E-03          7.57907E+03
              460.132E-03          7.55652E+03
              460.509E-03          7.52382E+03
              461.075E-03          7.47781E+03
              461.217E-03          7.46664E+03
              461.359E-03          7.45569E+03
              461.571E-03          7.43972E+03
              461.89E-03           7.41679E+03
              462.368E-03          7.38487E+03
              463.087E-03          7.34262E+03
              463.266E-03          7.33264E+03
              463.446E-03          7.32303E+03
              463.715E-03          7.30933E+03
              464.12E-03           7.29034E+03
              464.221E-03          7.28577E+03
              464.322E-03          7.28129E+03
              464.474E-03          7.27478E+03
              464.702E-03          7.26546E+03
              465.043E-03          7.2524E+03 
              465.556E-03          7.23465E+03
              466.325E-03          7.21109E+03
              467.096E-03          7.18946E+03
              467.288E-03          7.18438E+03
              467.481E-03          7.17935E+03
              467.77E-03           7.17174E+03
              468.204E-03          7.15987E+03
              468.367E-03          7.15545E+03
              468.611E-03          7.14858E+03
              468.977E-03          7.13753E+03
              469.115E-03          7.13336E+03
              469.321E-03          7.1268E+03 
              469.63E-03           7.11621E+03
              470.095E-03          7.09822E+03
              470.559E-03          7.07791E+03
              471.024E-03          7.05487E+03
              471.489E-03          7.02868E+03
              471.954E-03          6.99895E+03
              472.419E-03          6.96531E+03
              472.885E-03          6.92739E+03
              473.351E-03          6.88486E+03
              473.817E-03          6.8374E+03 
              474.283E-03          6.78469E+03
              474.75E-03           6.72639E+03
              475.217E-03          6.66217E+03
              475.684E-03          6.59166E+03
              476.151E-03          6.51447E+03
              476.619E-03          6.43021E+03
              476.794E-03          6.3977E+03 
              477.057E-03          6.34651E+03
              477.452E-03          6.26406E+03
              477.6E-03            6.23242E+03
              477.822E-03          6.1831E+03 
              477.906E-03          6.16437E+03
              477.937E-03          6.15732E+03
              477.984E-03          6.14665E+03
              478.054E-03          6.13045E+03
              478.16E-03           6.10573E+03
              478.318E-03          6.06766E+03
              478.556E-03          6.00831E+03
              478.912E-03          5.91422E+03
              479.447E-03          5.76201E+03
              480.249E-03          5.51157E+03
              481.455E-03          5.10184E+03
              481.907E-03          4.94504E+03
              482.586E-03          4.70377E+03
              483.605E-03          4.33648E+03
              483.988E-03          4.1989E+03 
              484.562E-03          3.9922E+03 
              485.136E-03          3.7857E+03 
              485.711E-03          3.57931E+03
              485.927E-03          3.50207E+03
              486.25E-03           3.38604E+03
              486.736E-03          3.21131E+03
              487.465E-03          2.94681E+03
              488.559E-03          2.54548E+03
              489.654E-03          2.14567E+03
              490.751E-03          1.75663E+03
              491.025E-03          1.66064E+03
              491.3E-03            1.56559E+03
              491.711E-03          1.42564E+03
              492.329E-03          1.22394E+03
              493.257E-03        946.999      
              494.186E-03        700.996      
              495.115E-03        488.234      
              495.348E-03        437.46       
              495.581E-03        388.777      
              495.93E-03         320.356      
              496.453E-03        227.955      
              497.239E-03        111.098      
              497.534E-03         70.5725     
              497.977E-03         15.975      
              498.641E-03        -53.6323     
              499.306E-03       -112.499      
              499.971E-03       -162.585      
              500.22E-03        -180.04       
              500.595E-03       -204.173      
              501.157E-03       -236.893      
              502.E-03          -281.582      
              502.844E-03       -324.815      
              503.055E-03       -335.33       
              503.372E-03       -351.308      
              503.848E-03       -376.318      
              504.561E-03       -417.736      
              504.829E-03       -433.628      
              505.23E-03        -459.202      
              505.833E-03       -502.283      
              506.059E-03       -518.949      
              506.399E-03       -545.697      
              506.908E-03       -590.169      
              507.672E-03       -667.723      
              508.82E-03        -810.925      
              509.25E-03        -867.89       
              509.897E-03       -962.685      
              510.543E-03         -1.06666E+03
              511.191E-03         -1.1797E+03 
              511.838E-03         -1.30151E+03
              512.486E-03         -1.4316E+03 
              513.134E-03         -1.56925E+03
              513.378E-03         -1.62172E+03
              513.743E-03         -1.70268E+03
              514.29E-03          -1.82857E+03
              515.113E-03         -2.02443E+03
              515.935E-03         -2.22375E+03
              516.759E-03         -2.42326E+03
              517.583E-03         -2.61957E+03
              517.892E-03         -2.69228E+03
              518.356E-03         -2.79956E+03
              519.052E-03         -2.95445E+03
              519.749E-03         -3.10117E+03
              520.446E-03         -3.2382E+03 
              521.493E-03         -3.41864E+03
              522.279E-03         -3.53806E+03
              523.459E-03         -3.68098E+03
              523.754E-03         -3.71391E+03
              524.049E-03         -3.74455E+03
              524.492E-03         -3.78548E+03
              525.157E-03         -3.83549E+03
              526.155E-03         -3.88522E+03
              527.154E-03         -3.91034E+03
              528.154E-03         -3.91286E+03
              529.155E-03         -3.89518E+03
              529.531E-03         -3.88546E+03
              530.094E-03         -3.86561E+03
              530.941E-03         -3.82557E+03
              531.258E-03         -3.80884E+03
              531.734E-03         -3.78111E+03
              532.449E-03         -3.73468E+03
              533.522E-03         -3.65806E+03
              534.597E-03         -3.57813E+03
              534.865E-03         -3.55764E+03
              535.134E-03         -3.53713E+03
              535.538E-03         -3.50667E+03
              536.143E-03         -3.46229E+03
              537.051E-03         -3.4003E+03 
              538.416E-03         -3.32112E+03
              538.928E-03         -3.29272E+03
              539.696E-03         -3.25553E+03
              539.985E-03         -3.24207E+03
              540.417E-03         -3.22362E+03
              541.067E-03         -3.19951E+03
              542.041E-03         -3.16905E+03
              543.505E-03         -3.12589E+03
              545.704E-03         -3.02762E+03
              546.254E-03         -2.99888E+03
              546.805E-03         -2.96714E+03
              547.632E-03         -2.91094E+03
              548.873E-03         -2.79995E+03
              550.115E-03         -2.65601E+03
              551.359E-03         -2.47528E+03
              552.604E-03         -2.25507E+03
              553.851E-03         -1.99395E+03
              555.099E-03         -1.69182E+03
              556.348E-03         -1.35004E+03
              557.599E-03       -971.397      
              558.851E-03       -560.         
              560.105E-03       -121.046      
              561.359E-03        339.47       
              562.616E-03        815.069      
              563.873E-03          1.29906E+03
              565.132E-03          1.78477E+03
              566.393E-03          2.26568E+03
              567.655E-03          2.73556E+03
              568.918E-03          3.18851E+03
              570.182E-03          3.61912E+03
              571.448E-03          4.02251E+03
              572.715E-03          4.39451E+03
              573.032E-03          4.48595E+03
              573.35E-03           4.57524E+03
              573.825E-03          4.704E+03  
              574.539E-03          4.88514E+03
              575.254E-03          5.05428E+03
              575.969E-03          5.21114E+03
              576.684E-03          5.35547E+03
              577.4E-03            5.4871E+03 
              578.116E-03          5.60597E+03
              578.833E-03          5.71208E+03
              579.55E-03           5.80556E+03
              580.627E-03          5.91767E+03




