
                  X              uf-60-lin    

                0.                -0.         
               39.94E-09         122.036E-03  
              319.041E-09        605.906E-03  
                1.70601E-06        1.55163    
                7.53894E-06        3.63009    
               29.9775E-06         7.98076    
              111.812E-06         17.4109     
              399.954E-06         41.6386     
                1.38837E-03      113.827      
                4.70264E-03      341.38       
               15.5512E-03         1.06592E+03
               49.9952E-03         3.33899E+03
              154.626E-03         10.2092E+03 
              450.699E-03         29.5989E+03 
              605.155E-03         39.7464E+03 
              668.784E-03         43.8521E+03 
              693.413E-03         45.4304E+03 
              731.121E-03         47.7726E+03 
              745.494E-03         48.7153E+03 
              750.917E-03         49.071E+03  
              759.083E-03         49.5809E+03 
              762.156E-03         49.7812E+03 
              766.775E-03         50.0699E+03 
              767.208E-03         50.0998E+03 
              767.859E-03         50.143E+03  
              768.836E-03         50.2051E+03 
              769.202E-03         50.2285E+03 
              769.752E-03         50.2632E+03 
              770.576E-03         50.3147E+03 
              770.886E-03         50.3343E+03 
              771.35E-03          50.3635E+03 
              772.047E-03         50.407E+03  
              772.308E-03         50.4235E+03 
              772.7E-03           50.4482E+03 
              773.288E-03         50.4849E+03 
              773.729E-03         50.5126E+03 
              774.391E-03         50.5539E+03 
              774.64E-03          50.5696E+03 
              775.012E-03         50.593E+03  
              775.571E-03         50.6279E+03 
              776.41E-03          50.68E+03   
              777.249E-03         50.7324E+03 
              778.089E-03         50.7848E+03 
              778.929E-03         50.8373E+03 
              779.769E-03         50.8898E+03 
              780.61E-03          50.9423E+03 
              781.452E-03         50.9949E+03 
              782.293E-03         51.0474E+03 
              783.556E-03         51.1257E+03 
              784.82E-03          51.2043E+03 
              786.086E-03         51.283E+03  
              787.351E-03         51.3617E+03 
              788.618E-03         51.4403E+03 
              788.935E-03         51.4604E+03 
              789.252E-03         51.4804E+03 
              789.727E-03         51.5101E+03 
              790.441E-03         51.5541E+03 
              790.574E-03         51.5624E+03 
              790.775E-03         51.5749E+03 
              790.976E-03         51.5874E+03 
              791.177E-03         51.5999E+03 
              791.378E-03         51.6123E+03 
              791.578E-03         51.6247E+03 
              791.879E-03         51.6432E+03 
              792.331E-03         51.6707E+03 
              793.01E-03          51.7116E+03 
              794.027E-03         51.7721E+03 
              795.045E-03         51.8316E+03 
              796.064E-03         51.8892E+03 
              797.084E-03         51.9436E+03 
              797.147E-03         51.9471E+03 
              797.211E-03         51.9506E+03 
              797.235E-03         51.9519E+03 
              797.271E-03         51.9539E+03 
              797.325E-03         51.9568E+03 
              797.378E-03         51.9597E+03 
              797.432E-03         51.9626E+03 
              797.513E-03         51.9669E+03 
              797.543E-03         51.9685E+03 
              797.589E-03         51.9709E+03 
              797.657E-03         51.9745E+03 
              797.682E-03         51.9758E+03 
              797.72E-03          51.9778E+03 
              797.778E-03         51.9808E+03 
              797.864E-03         51.9853E+03 
              797.95E-03          51.9897E+03 
              798.036E-03         51.994E+03  
              798.166E-03         52.0005E+03 
              798.214E-03         52.0029E+03 
              798.287E-03         52.0065E+03 
              798.396E-03         52.0118E+03 
              798.56E-03          52.0195E+03 
              798.723E-03         52.0271E+03 
              798.887E-03         52.0345E+03 
              799.051E-03         52.0418E+03 
              799.296E-03         52.0522E+03 
              799.664E-03         52.0667E+03 
              800.217E-03         52.0857E+03 
              801.047E-03         52.1058E+03 
              801.876E-03         52.1154E+03 
              802.707E-03         52.1113E+03 
              803.537E-03         52.0899E+03 
              804.368E-03         52.0475E+03 
              805.615E-03         51.9206E+03 
              806.863E-03         51.7161E+03 
              808.112E-03         51.4191E+03 
              809.361E-03         51.0171E+03 
              810.611E-03         50.5018E+03 
              811.863E-03         49.8697E+03 
              813.115E-03         49.1231E+03 
              814.368E-03         48.2698E+03 
              815.621E-03         47.3233E+03 
              816.876E-03         46.301E+03  
              818.131E-03         45.223E+03  
              819.387E-03         44.1105E+03 
              820.644E-03         42.9842E+03 
              821.902E-03         41.8627E+03 
              823.161E-03         40.7619E+03 
              824.42E-03          39.6936E+03 
              825.681E-03         38.6664E+03 
              826.942E-03         37.6848E+03 
              828.204E-03         36.7508E+03 
              829.467E-03         35.8635E+03 
              830.73E-03          35.021E+03  
              831.995E-03         34.2203E+03 
              833.26E-03          33.4587E+03 
              834.526E-03         32.7339E+03 
              835.793E-03         32.0442E+03 
              837.061E-03         31.389E+03  
              838.329E-03         30.768E+03  
              839.599E-03         30.1816E+03 
              840.869E-03         29.6298E+03 
              842.14E-03          29.1129E+03 
              843.411E-03         28.6304E+03 
              844.684E-03         28.1815E+03 
              845.958E-03         27.765E+03  
              847.232E-03         27.3794E+03 
              848.507E-03         27.023E+03  
              849.783E-03         26.6943E+03 
              851.059E-03         26.3918E+03 
              852.337E-03         26.1143E+03 
              853.615E-03         25.8607E+03 
              854.894E-03         25.6299E+03 
              856.174E-03         25.4213E+03 
              857.455E-03         25.234E+03  
              858.736E-03         25.0673E+03 
              860.019E-03         24.9208E+03 
              861.302E-03         24.7939E+03 
              862.586E-03         24.6862E+03 
              863.87E-03          24.5977E+03 
              865.156E-03         24.5282E+03 
              866.442E-03         24.4778E+03 
              867.729E-03         24.4468E+03 
              869.017E-03         24.4356E+03 
              870.306E-03         24.4443E+03 
              871.596E-03         24.4731E+03 
              872.886E-03         24.5222E+03 
              874.177E-03         24.5912E+03 
              875.469E-03         24.6793E+03 
              876.762E-03         24.7853E+03 
              878.702E-03         24.9772E+03 




