
                  X              uf-80-lin    

                0.                -0.         
               39.94E-09         144.797E-03  
              319.041E-09        750.213E-03  
                1.70601E-06        1.9584     
                7.53894E-06        4.46384    
               29.9775E-06         9.55985    
              111.812E-06         21.6447     
              399.954E-06         56.0708     
                1.38837E-03      163.295      
                4.70264E-03      507.193      
               15.5512E-03         1.61113E+03
               49.9952E-03         5.08735E+03
              154.626E-03         15.6108E+03 
              450.699E-03         45.3469E+03 
              605.155E-03         60.9443E+03 
              876.892E-03         88.1218E+03 
              904.601E-03         91.2104E+03 
              946.819E-03         95.1796E+03 
              962.85E-03          96.7759E+03 
              968.888E-03         97.3812E+03 
              971.157E-03         97.6091E+03 
              974.563E-03         97.9411E+03 
              975.842E-03         98.069E+03  
              976.321E-03         98.1173E+03 
              977.041E-03         98.1884E+03 
              977.311E-03         98.2152E+03 
              977.716E-03         98.2552E+03 
              978.323E-03         98.3146E+03 
              978.551E-03         98.3371E+03 
              978.893E-03         98.3708E+03 
              979.406E-03         98.421E+03  
              979.598E-03         98.4401E+03 
              979.887E-03         98.4685E+03 
              980.319E-03         98.511E+03  
              980.644E-03         98.5429E+03 
              981.131E-03         98.5908E+03 
              981.618E-03         98.6386E+03 
              982.106E-03         98.6866E+03 
              982.593E-03         98.7346E+03 
              983.081E-03         98.7826E+03 
              983.568E-03         98.8307E+03 
              984.056E-03         98.8788E+03 
              984.544E-03         98.9269E+03 
              985.276E-03         98.9989E+03 
              985.458E-03         99.0171E+03 
              985.642E-03         99.0353E+03 
              985.916E-03         99.0626E+03 
              986.328E-03         99.1033E+03 
              986.946E-03         99.1641E+03 
              987.564E-03         99.225E+03  
              988.182E-03         99.2861E+03 
              989.11E-03          99.3774E+03 
              990.038E-03         99.469E+03  
              990.966E-03         99.5608E+03 
              991.894E-03         99.6524E+03 
              992.823E-03         99.7437E+03 
              993.753E-03         99.8338E+03 
              994.45E-03          99.9003E+03 
              995.496E-03         99.9923E+03 
              996.542E-03        100.069E+03  
              997.589E-03        100.115E+03  
              998.637E-03        100.108E+03  
                1.00021           99.8666E+03 
                1.0008            99.7379E+03 
                1.00168           99.4312E+03 
                1.00257           98.987E+03  
                1.00345           98.3828E+03 
                1.00434           97.6008E+03 
                1.00523           96.6303E+03 
                1.00655           94.76E+03   
                1.00705           94.0027E+03 
                1.0078            92.7484E+03 
                1.00855           91.3906E+03 
                1.0093            89.9473E+03 
                1.01005           88.4391E+03 
                1.0108            86.8883E+03 
                1.01155           85.317E+03  
                1.0123            83.7468E+03 
                1.01342           81.4557E+03 
                1.01455           79.2782E+03 
                1.01567           77.2479E+03 
                1.0168            75.3853E+03 
                1.01792           73.6987E+03 
                1.01905           72.1875E+03 
                1.02018           70.8433E+03 
                1.02131           69.6531E+03 
                1.02244           68.6003E+03 
                1.02357           67.667E+03  
                1.02469           66.835E+03  
                1.02582           66.0862E+03 
                1.02667           65.5642E+03 
                1.02752           65.0736E+03 
                1.02816           64.7203E+03 
                1.02879           64.3781E+03 
                1.02943           64.0435E+03 
                1.03007           63.713E+03  
                1.0307            63.3828E+03 
                1.03134           63.0494E+03 
                1.03198           62.709E+03  
                1.03261           62.3584E+03 
                1.03325           61.9946E+03 
                1.03389           61.6157E+03 
                1.03453           61.2203E+03 
                1.03516           60.8083E+03 
                1.0358            60.3806E+03 
                1.03644           59.9394E+03 
                1.03708           59.4879E+03 
                1.03772           59.0301E+03 
                1.03836           58.5703E+03 
                1.03868           58.3408E+03 
                1.03899           58.1119E+03 
                1.03947           57.7718E+03 
                1.03995           57.4371E+03 
                1.04043           57.1091E+03 
                1.04091           56.7892E+03 
                1.04139           56.478E+03  
                1.04187           56.176E+03  
                1.04235           55.883E+03  
                1.04283           55.5985E+03 
                1.04331           55.3215E+03 
                1.04379           55.0506E+03 
                1.04451           54.6529E+03 
                1.04559           54.0615E+03 
                1.0464            53.6179E+03 
                1.04721           53.1736E+03 
                1.04752           53.0073E+03 
                1.04797           52.7582E+03 
                1.04866           52.3902E+03 
                1.04934           52.0345E+03 
                1.05002           51.6986E+03 
                1.05071           51.3901E+03 
                1.05139           51.116E+03  
                1.05208           50.8816E+03 
                1.05277           50.6897E+03 
                1.05345           50.54E+03   
                1.05414           50.4291E+03 
                1.05482           50.3507E+03 
                1.05551           50.2964E+03 
                1.0562            50.2567E+03 
                1.05688           50.2223E+03 
                1.05757           50.1856E+03 
                1.0586            50.1117E+03 
                1.05963           50.0209E+03 
                1.05989           49.9975E+03 
                1.06014           49.9733E+03 
                1.06053           49.9353E+03 
                1.06111           49.8776E+03 
                1.06169           49.8227E+03 
                1.06227           49.7732E+03 
                1.06285           49.7307E+03 
                1.06343           49.6952E+03 
                1.06358           49.6869E+03 
                1.06372           49.6791E+03 
                1.06394           49.6681E+03 
                1.06427           49.6531E+03 
                1.06476           49.6314E+03 
                1.06549           49.5886E+03 
                1.06604           49.5452E+03 
                1.06659           49.4835E+03 
                1.06715           49.3975E+03 
                1.0677            49.2817E+03 
                1.06825           49.1321E+03 
                1.0688            48.9464E+03 
                1.06935           48.7244E+03 
                1.06991           48.468E+03  
                1.07046           48.181E+03  
                1.07101           47.8686E+03 
                1.07156           47.5369E+03 
                1.07212           47.1924E+03 
                1.07267           46.8412E+03 
                1.07322           46.4882E+03 
                1.07377           46.1367E+03 
                1.07433           45.7881E+03 
                1.07516           45.2638E+03 
                1.07578           44.864E+03  
                1.0764            44.4484E+03 
                1.07703           44.0063E+03 
                1.07726           43.8364E+03 
                1.07761           43.5697E+03 
                1.07814           43.1365E+03 
                1.07833           42.9692E+03 
                1.07863           42.706E+03  
                1.07907           42.2805E+03 
                1.07974           41.5678E+03 
                1.0804            40.7798E+03 
                1.08107           39.9197E+03 
                1.08173           38.9947E+03 
                1.0824            38.0146E+03 
                1.08307           36.9903E+03 
                1.08373           35.9329E+03 
                1.0844            34.8519E+03 
                1.08507           33.7553E+03 
                1.08573           32.6486E+03 
                1.0864            31.5355E+03 
                1.08707           30.4184E+03 
                1.08774           29.299E+03  
                1.0884            28.1791E+03 
                1.08907           27.0611E+03 
                1.08974           25.9487E+03 
                1.09041           24.8464E+03 
                1.09108           23.7594E+03 
                1.09174           22.6934E+03 
                1.09241           21.6537E+03 
                1.09308           20.6454E+03 
                1.09375           19.6727E+03 
                1.09442           18.7394E+03 
                1.09509           17.8488E+03 
                1.09576           17.0043E+03 
                1.09643           16.2101E+03 
                1.09709           15.4707E+03 
                1.09776           14.7914E+03 
                1.09843           14.178E+03  
                1.0991            13.6359E+03 
                1.09977           13.1694E+03 
                1.10044           12.7805E+03 
                1.10111           12.4682E+03 
                1.10179           12.2273E+03 
                1.10246           12.0482E+03 
                1.10313           11.9166E+03 
                1.1038            11.8143E+03 
                1.10447           11.7199E+03 
                1.10514           11.6103E+03 
                1.10581           11.4625E+03 
                1.10648           11.2552E+03 
                1.10715           10.9711E+03 
                1.10783           10.5981E+03 
                1.10799           10.4993E+03 
                1.10816           10.3947E+03 
                1.10841           10.2241E+03 
                1.10879            9.93721E+03
                1.10917            9.61984E+03
                1.10955            9.27314E+03
                1.10993            8.89909E+03
                1.1103             8.50044E+03
                1.11068            8.08066E+03
                1.11106            7.64388E+03
                1.11144            7.19481E+03
                1.11182            6.73862E+03
                1.1122             6.28083E+03
                1.11257            5.82717E+03
                1.11295            5.38344E+03
                1.11333            4.95536E+03
                1.11371            4.54842E+03
                1.11409            4.16776E+03
                1.11447            3.81806E+03
                1.11504            3.37563E+03
                1.1156             3.02455E+03
                1.11617            2.77005E+03
                1.11674            2.6136E+03 
                1.11731            2.55327E+03
                1.11788            2.58418E+03
                1.11873            2.8091E+03 
                1.11958            3.18143E+03
                1.12044            3.6687E+03 
                1.12129            4.24082E+03
                1.12215            4.872E+03  
                1.123              5.54162E+03
                1.12385            6.23407E+03
                1.12471            6.93817E+03
                1.12556            7.6463E+03 
                1.12642            8.35347E+03
                1.12727            9.05656E+03
                1.12813            9.75377E+03
                1.12899           10.4442E+03 
                1.12984           11.1274E+03 
                1.1307            11.8037E+03 
                1.13198           12.804E+03  
                1.13327           13.7935E+03 
                1.13359           14.0408E+03 
                1.13391           14.2873E+03 
                1.13439           14.6555E+03 
                1.13512           15.2046E+03 
                1.13539           15.4104E+03 
                1.1358            15.7182E+03 
                1.13641           16.1778E+03 
                1.13686           16.5216E+03 
                1.13755           17.034E+03  
                1.13824           17.5426E+03 
                1.13893           18.0464E+03 
                1.13961           18.5437E+03 
                1.1403            19.0329E+03 
                1.14099           19.512E+03  
                1.14168           19.9788E+03 
                1.14237           20.4311E+03 
                1.14305           20.8664E+03 
                1.14374           21.2823E+03 
                1.14443           21.6763E+03 
                1.14512           22.046E+03  
                1.14581           22.3892E+03 
                1.1465            22.7037E+03 
                1.14719           22.9878E+03 
                1.14788           23.2399E+03 
                1.14857           23.459E+03  
                1.14926           23.6443E+03 

 MINIMUM        0.                -0.         
  AT X =                           0.         
 MAXIMUM        1.14926          100.115E+03  
  AT X =                         997.589E-03  




