
                  X             uf-60-45-S90  

                0.                -0.         
               39.94E-09         112.028E-03  
              319.041E-09        534.921E-03  
                1.70601E-06        1.30328    
                7.53894E-06        2.91858    
               29.9775E-06         6.16795    
              111.812E-06         12.4637     
              399.954E-06         25.4133     
                1.38837E-03       57.1433     
                4.70264E-03      147.718      
               15.5512E-03       423.51       
               49.9952E-03         1.27121E+03
              154.626E-03          3.81048E+03
              450.699E-03         10.9538E+03 
              605.155E-03         14.7431E+03 
              781.336E-03         18.5388E+03 
              784.25E-03          18.7999E+03 
              787.168E-03         18.8953E+03 
              788.264E-03         18.9218E+03 
              789.909E-03         18.9538E+03 
              790.526E-03         18.9661E+03 
              791.452E-03         18.9837E+03 
              792.843E-03         19.0095E+03 
              793.364E-03         19.0197E+03 
              794.147E-03         19.0345E+03 
              795.322E-03         19.0564E+03 
              797.085E-03         19.0889E+03 
              797.747E-03         19.1018E+03 
              798.74E-03          19.1207E+03 
              800.23E-03          19.1484E+03 
              800.79E-03          19.1593E+03 
              801.629E-03         19.1753E+03 
              802.888E-03         19.1987E+03 
              804.779E-03         19.2334E+03 
              805.489E-03         19.2472E+03 
              806.554E-03         19.2672E+03 
              808.152E-03         19.2965E+03 
              810.553E-03         19.3396E+03 
              811.453E-03         19.357E+03  
              811.792E-03         19.3636E+03 
              812.298E-03         19.3732E+03 
              813.059E-03         19.3871E+03 
              814.201E-03         19.4073E+03 
              815.915E-03         19.4368E+03 
              818.489E-03         19.4796E+03 
              819.455E-03         19.4968E+03 
              819.818E-03         19.5033E+03 
              820.361E-03         19.5128E+03 
              821.177E-03         19.5262E+03 
              822.402E-03         19.5454E+03 
              822.861E-03         19.5529E+03 
              823.551E-03         19.5637E+03 
              824.585E-03         19.5793E+03 
              826.138E-03         19.6015E+03 
              826.72E-03          19.6102E+03 
              827.594E-03         19.6228E+03 
              828.906E-03         19.6404E+03 
              829.399E-03         19.6473E+03 
              830.137E-03         19.6573E+03 
              831.246E-03         19.6714E+03 
              832.91E-03          19.6914E+03 
              835.408E-03         19.7205E+03 
              836.346E-03         19.7325E+03 
              837.753E-03         19.7494E+03 
              838.281E-03         19.7561E+03 
              839.074E-03         19.7657E+03 
              840.263E-03         19.7798E+03 
              842.048E-03         19.8012E+03 
              842.717E-03         19.8101E+03 
              843.723E-03         19.8231E+03 
              845.231E-03         19.8428E+03 
              845.797E-03         19.8508E+03 
              846.647E-03         19.8627E+03 
              847.921E-03         19.8806E+03 
              848.399E-03         19.8878E+03 
              849.117E-03         19.8984E+03 
              850.194E-03         19.9145E+03 
              851.81E-03          19.9391E+03 
              854.237E-03         19.9771E+03 
              855.148E-03         19.9926E+03 
              856.515E-03         20.0151E+03 
              858.567E-03         20.0482E+03 
              859.337E-03         20.0614E+03 
              860.493E-03         20.0804E+03 
              862.227E-03         20.1081E+03 
              864.832E-03         20.1485E+03 
              865.81E-03          20.1648E+03 
              866.177E-03         20.171E+03  
              866.727E-03         20.18E+03   
              867.552E-03         20.1929E+03 
              868.792E-03         20.2116E+03 
              870.652E-03         20.2389E+03 
              873.445E-03         20.279E+03  
              874.493E-03         20.2953E+03 
              876.067E-03         20.3183E+03 
              876.657E-03         20.3272E+03 
              877.543E-03         20.3401E+03 
              878.872E-03         20.3588E+03 
              880.868E-03         20.386E+03  
              881.617E-03         20.397E+03  
              882.741E-03         20.4128E+03 
              884.428E-03         20.4356E+03 
              885.061E-03         20.4447E+03 
              886.011E-03         20.4578E+03 
              887.436E-03         20.4767E+03 
              889.576E-03         20.5045E+03 
              890.379E-03         20.5158E+03 
              891.584E-03         20.5318E+03 
              893.393E-03         20.5551E+03 
              896.109E-03         20.5892E+03 
              897.129E-03         20.6033E+03 
              898.659E-03         20.6231E+03 
              899.233E-03         20.631E+03  
              900.094E-03         20.6422E+03 
              901.387E-03         20.6586E+03 
              903.327E-03         20.6829E+03 
              904.056E-03         20.6928E+03 
              905.148E-03         20.7071E+03 
              906.788E-03         20.728E+03  
              909.25E-03          20.7593E+03 
              910.174E-03         20.7722E+03 
              911.561E-03         20.7906E+03 
              913.643E-03         20.8175E+03 
              914.424E-03         20.8284E+03 
              915.596E-03         20.8441E+03 
              917.355E-03         20.8668E+03 
              918.016E-03         20.8759E+03 
              919.006E-03         20.889E+03  
              920.493E-03         20.9079E+03 
              922.725E-03         20.9353E+03 
              923.562E-03         20.9463E+03 
              924.819E-03         20.9619E+03 
              926.706E-03         20.9836E+03 
              929.538E-03         21.0133E+03 
              930.247E-03         21.0217E+03 
              930.956E-03         21.0296E+03 
              932.02E-03          21.0403E+03 
              933.617E-03         21.0546E+03 
              936.014E-03         21.0729E+03 
              936.613E-03         21.0782E+03 
              937.213E-03         21.0831E+03 
              938.113E-03         21.0895E+03 
              939.464E-03         21.0973E+03 
              941.491E-03         21.1061E+03 
              943.52E-03          21.1124E+03 
              945.551E-03         21.1153E+03 
              946.313E-03         21.1166E+03 
              947.456E-03         21.1165E+03 
              949.173E-03         21.1126E+03 
              951.749E-03         21.0981E+03 
              954.329E-03         21.0739E+03 
              954.974E-03         21.0681E+03 
              955.62E-03          21.0613E+03 
              956.588E-03         21.0487E+03 
              958.042E-03         21.025E+03  
              960.224E-03         20.9779E+03 
              961.042E-03         20.9594E+03 
              962.271E-03         20.927E+03  
              964.115E-03         20.8678E+03 
              966.884E-03         20.7531E+03 
              967.923E-03         20.7076E+03 
              968.313E-03         20.6901E+03 
              968.897E-03         20.6624E+03 
              969.117E-03         20.6519E+03 
              969.446E-03         20.6357E+03 
              969.939E-03         20.6102E+03 
              970.125E-03         20.6005E+03 
              970.402E-03         20.5857E+03 
              970.819E-03         20.5628E+03 
              971.444E-03         20.5268E+03 
              971.678E-03         20.5131E+03 
              972.03E-03          20.4922E+03 
              972.063E-03         20.4902E+03 
              972.113E-03         20.4873E+03 
              972.131E-03         20.4862E+03 
              972.159E-03         20.4845E+03 
              972.201E-03         20.482E+03  
              972.263E-03         20.4782E+03 
              972.287E-03         20.4768E+03 
              972.322E-03         20.4747E+03 
              972.375E-03         20.4715E+03 
              972.395E-03         20.4703E+03 
              972.424E-03         20.4685E+03 
              972.469E-03         20.4657E+03 
              972.536E-03         20.4616E+03 
              972.603E-03         20.4575E+03 
              972.67E-03          20.4534E+03 
              972.736E-03         20.4492E+03 
              972.803E-03         20.4451E+03 
              972.87E-03          20.4409E+03 
              972.937E-03         20.4367E+03 
              973.004E-03         20.4324E+03 
              973.071E-03         20.4282E+03 
              973.138E-03         20.4239E+03 
              973.205E-03         20.4197E+03 
              973.271E-03         20.4154E+03 
              973.338E-03         20.411E+03  
              973.405E-03         20.4067E+03 
              973.472E-03         20.4023E+03 
              973.539E-03         20.398E+03  
              973.606E-03         20.3936E+03 
              973.673E-03         20.3892E+03 
              973.74E-03          20.3848E+03 
              973.807E-03         20.3803E+03 
              973.873E-03         20.3758E+03 
              973.94E-03          20.3714E+03 
              974.007E-03         20.3669E+03 
              974.074E-03         20.3624E+03 
              974.141E-03         20.3578E+03 
              974.208E-03         20.3533E+03 
              974.275E-03         20.3487E+03 
              974.342E-03         20.3441E+03 
              974.409E-03         20.3395E+03 
              974.476E-03         20.3349E+03 
              974.543E-03         20.3302E+03 
              974.609E-03         20.3255E+03 
              974.676E-03         20.3209E+03 
              974.743E-03         20.3162E+03 
              974.81E-03          20.3114E+03 
              974.877E-03         20.3067E+03 
              974.944E-03         20.3019E+03 
              975.011E-03         20.2972E+03 
              975.078E-03         20.2924E+03 
              975.145E-03         20.2876E+03 
              975.212E-03         20.2827E+03 
              975.279E-03         20.2779E+03 
              975.346E-03         20.273E+03  
              975.413E-03         20.2681E+03 
              975.48E-03          20.2632E+03 
              975.505E-03         20.2614E+03 
              975.542E-03         20.2586E+03 
              975.599E-03         20.2545E+03 
              975.62E-03          20.2529E+03 
              975.652E-03         20.2506E+03 
              975.699E-03         20.247E+03  
              975.771E-03         20.2417E+03 
              975.842E-03         20.2364E+03 
              975.914E-03         20.231E+03  
              975.985E-03         20.2256E+03 
              976.057E-03         20.2202E+03 
              976.128E-03         20.2148E+03 
              976.2E-03           20.2094E+03 
              976.271E-03         20.2039E+03 
              976.343E-03         20.1984E+03 
              976.414E-03         20.1929E+03 
              976.486E-03         20.1874E+03 
              976.558E-03         20.1818E+03 
              976.629E-03         20.1763E+03 
              976.701E-03         20.1707E+03 
              976.772E-03         20.1651E+03 
              976.844E-03         20.1594E+03 
              976.915E-03         20.1538E+03 
              976.987E-03         20.1481E+03 
              977.058E-03         20.1424E+03 
              977.13E-03          20.1367E+03 
              977.201E-03         20.131E+03  
              977.273E-03         20.1252E+03 
              977.344E-03         20.1194E+03 
              977.416E-03         20.1136E+03 
              977.487E-03         20.1078E+03 
              977.559E-03         20.102E+03  
              977.631E-03         20.0961E+03 
              977.702E-03         20.0902E+03 
              977.774E-03         20.0843E+03 
              977.845E-03         20.0784E+03 
              977.917E-03         20.0724E+03 
              977.988E-03         20.0665E+03 
              978.06E-03          20.0605E+03 
              978.131E-03         20.0545E+03 
              978.203E-03         20.0484E+03 
              978.275E-03         20.0424E+03 
              978.346E-03         20.0363E+03 
              978.418E-03         20.0302E+03 
              978.489E-03         20.0241E+03 
              978.561E-03         20.0179E+03 
              978.632E-03         20.0118E+03 
              978.704E-03         20.0056E+03 
              978.776E-03         19.9994E+03 
              978.802E-03         19.997E+03  
              978.843E-03         19.9935E+03 
              978.903E-03         19.9883E+03 
              978.994E-03         19.9803E+03 
              979.028E-03         19.9773E+03 
              979.079E-03         19.9728E+03 
              979.098E-03         19.9712E+03 
              979.126E-03         19.9686E+03 
              979.169E-03         19.9648E+03 
              979.234E-03         19.9591E+03 
              979.258E-03         19.957E+03  
              979.294E-03         19.9537E+03 
              979.349E-03         19.9489E+03 
              979.369E-03         19.9471E+03 
              979.4E-03           19.9443E+03 
              979.446E-03         19.9402E+03 
              979.515E-03         19.934E+03  
              979.584E-03         19.9278E+03 
              979.652E-03         19.9215E+03 
              979.721E-03         19.9153E+03 
              979.79E-03          19.909E+03  
              979.859E-03         19.9027E+03 
              979.928E-03         19.8964E+03 
              979.997E-03         19.89E+03   
              980.066E-03         19.8837E+03 
              980.135E-03         19.8773E+03 
              980.204E-03         19.8709E+03 
              980.273E-03         19.8645E+03 
              980.342E-03         19.858E+03  
              980.41E-03          19.8516E+03 
              980.479E-03         19.8451E+03 
              980.548E-03         19.8386E+03 
              980.617E-03         19.832E+03  
              980.686E-03         19.8255E+03 
              980.755E-03         19.8189E+03 
              980.824E-03         19.8123E+03 
              980.893E-03         19.8057E+03 
              980.962E-03         19.799E+03  
              981.031E-03         19.7924E+03 
              981.1E-03           19.7857E+03 
              981.169E-03         19.779E+03  
              981.238E-03         19.7722E+03 
              981.307E-03         19.7655E+03 
              981.375E-03         19.7587E+03 
              981.444E-03         19.7519E+03 
              981.513E-03         19.7451E+03 
              981.582E-03         19.7383E+03 
              981.651E-03         19.7314E+03 
              981.72E-03          19.7245E+03 
              981.789E-03         19.7176E+03 
              981.858E-03         19.7107E+03 
              981.927E-03         19.7037E+03 
              981.996E-03         19.6968E+03 
              982.065E-03         19.6898E+03 
              982.134E-03         19.6827E+03 
              982.203E-03         19.6757E+03 
              982.272E-03         19.6686E+03 
              982.341E-03         19.6615E+03 
              982.41E-03          19.6544E+03 
              982.479E-03         19.6473E+03 
              982.548E-03         19.6401E+03 
              982.617E-03         19.633E+03  
              982.686E-03         19.6257E+03 
              982.755E-03         19.6185E+03 
              982.824E-03         19.6113E+03 
              982.893E-03         19.604E+03  
              982.962E-03         19.5967E+03 
              983.031E-03         19.5893E+03 
              983.1E-03           19.582E+03  
              983.169E-03         19.5746E+03 
              983.195E-03         19.5719E+03 
              983.233E-03         19.5677E+03 
              983.292E-03         19.5614E+03 
              983.313E-03         19.5591E+03 
              983.346E-03         19.5556E+03 
              983.395E-03         19.5502E+03 
              983.414E-03         19.5483E+03 
              983.441E-03         19.5453E+03 
              983.483E-03         19.5408E+03 
              983.545E-03         19.534E+03  
              983.568E-03         19.5315E+03 
              983.603E-03         19.5276E+03 
              983.656E-03         19.5219E+03 
              983.675E-03         19.5197E+03 
              983.705E-03         19.5165E+03 
              983.749E-03         19.5116E+03 
              983.816E-03         19.5043E+03 
              983.882E-03         19.497E+03  
              983.948E-03         19.4896E+03 
              984.015E-03         19.4822E+03 
              984.081E-03         19.4748E+03 
              984.148E-03         19.4674E+03 
              984.214E-03         19.4599E+03 
              984.239E-03         19.4571E+03 
              984.276E-03         19.4529E+03 
              984.332E-03         19.4465E+03 
              984.353E-03         19.4442E+03 
              984.385E-03         19.4406E+03 
              984.432E-03         19.4352E+03 
              984.503E-03         19.4271E+03 
              984.574E-03         19.419E+03  
              984.645E-03         19.4109E+03 
              984.716E-03         19.4027E+03 
              984.787E-03         19.3945E+03 
              984.858E-03         19.3863E+03 
              984.929E-03         19.378E+03  
              985.E-03            19.3697E+03 
              985.071E-03         19.3614E+03 
              985.141E-03         19.3531E+03 
              985.212E-03         19.3447E+03 
              985.283E-03         19.3363E+03 
              985.354E-03         19.3279E+03 
              985.425E-03         19.3194E+03 
              985.496E-03         19.3109E+03 
              985.567E-03         19.3024E+03 
              985.638E-03         19.2939E+03 
              985.709E-03         19.2853E+03 
              985.78E-03          19.2767E+03 
              985.851E-03         19.268E+03  
              985.922E-03         19.2594E+03 
              985.949E-03         19.2561E+03 
              985.989E-03         19.2512E+03 
              986.048E-03         19.2439E+03 
              986.071E-03         19.2411E+03 
              986.104E-03         19.2369E+03 
              986.155E-03         19.2307E+03 
              986.174E-03         19.2284E+03 
              986.202E-03         19.2248E+03 
              986.245E-03         19.2196E+03 
              986.309E-03         19.2116E+03 
              986.333E-03         19.2086E+03 
              986.369E-03         19.2041E+03 
              986.423E-03         19.1973E+03 
              986.443E-03         19.1948E+03 
              986.474E-03         19.191E+03  
              986.519E-03         19.1853E+03 
              986.587E-03         19.1767E+03 
              986.656E-03         19.168E+03  
              986.724E-03         19.1593E+03 
              986.792E-03         19.1506E+03 
              986.861E-03         19.1419E+03 
              986.929E-03         19.1331E+03 
              986.997E-03         19.1243E+03 
              987.065E-03         19.1155E+03 
              987.134E-03         19.1066E+03 
              987.202E-03         19.0977E+03 
              987.27E-03          19.0888E+03 
              987.339E-03         19.0798E+03 
              987.407E-03         19.0709E+03 
              987.475E-03         19.0619E+03 
              987.544E-03         19.0528E+03 
              987.612E-03         19.0437E+03 
              987.68E-03          19.0346E+03 
              987.749E-03         19.0255E+03 
              987.817E-03         19.0163E+03 
              987.885E-03         19.0071E+03 
              987.954E-03         18.9979E+03 
              987.979E-03         18.9945E+03 
              988.018E-03         18.9892E+03 
              988.075E-03         18.9814E+03 
              988.097E-03         18.9785E+03 
              988.129E-03         18.9741E+03 
              988.178E-03         18.9674E+03 
              988.196E-03         18.9649E+03 
              988.224E-03         18.9612E+03 
              988.265E-03         18.9556E+03 
              988.326E-03         18.9471E+03 
              988.349E-03         18.9439E+03 
              988.384E-03         18.9391E+03 
              988.436E-03         18.932E+03  
              988.456E-03         18.9293E+03 
              988.485E-03         18.9252E+03 
              988.529E-03         18.9191E+03 
              988.594E-03         18.91E+03   
              988.66E-03          18.9008E+03 
              988.726E-03         18.8915E+03 
              988.792E-03         18.8823E+03 
              988.857E-03         18.873E+03  
              988.923E-03         18.8637E+03 
              988.948E-03         18.8602E+03 
              988.985E-03         18.855E+03  
              989.04E-03          18.8471E+03 
              989.061E-03         18.8441E+03 
              989.092E-03         18.8396E+03 
              989.139E-03         18.8329E+03 
              989.209E-03         18.8229E+03 
              989.28E-03          18.8128E+03 
              989.35E-03          18.8026E+03 
              989.42E-03          18.7924E+03 
              989.49E-03          18.7822E+03 
              989.561E-03         18.772E+03  
              989.631E-03         18.7617E+03 
              989.701E-03         18.7514E+03 
              989.772E-03         18.741E+03  
              989.842E-03         18.7306E+03 
              989.912E-03         18.7202E+03 
              989.982E-03         18.7097E+03 
              990.053E-03         18.6992E+03 
              990.123E-03         18.6887E+03 
              990.193E-03         18.6782E+03 
              990.263E-03         18.6676E+03 
              990.334E-03         18.6569E+03 
              990.404E-03         18.6463E+03 
              990.474E-03         18.6356E+03 
              990.545E-03         18.6248E+03 
              990.615E-03         18.6141E+03 
              990.685E-03         18.6033E+03 
              990.755E-03         18.5924E+03 
              990.826E-03         18.5816E+03 
              990.896E-03         18.5706E+03 
              990.966E-03         18.5597E+03 
              991.037E-03         18.5487E+03 
              991.107E-03         18.5377E+03 
              991.177E-03         18.5267E+03 
              991.247E-03         18.5156E+03 
              991.318E-03         18.5045E+03 
              991.388E-03         18.4933E+03 
              991.458E-03         18.4821E+03 
              991.529E-03         18.4709E+03 
              991.599E-03         18.4597E+03 
              991.669E-03         18.4484E+03 
              991.74E-03          18.4371E+03 
              991.81E-03          18.4257E+03 
              991.88E-03          18.4143E+03 
              991.951E-03         18.4029E+03 
              992.021E-03         18.3914E+03 
              992.091E-03         18.3799E+03 
              992.162E-03         18.3684E+03 
              992.232E-03         18.3568E+03 
              992.302E-03         18.3452E+03 
              992.373E-03         18.3336E+03 
              992.443E-03         18.3219E+03 
              992.513E-03         18.3102E+03 
              992.54E-03          18.3058E+03 
              992.579E-03         18.2992E+03 
              992.639E-03         18.2893E+03 
              992.661E-03         18.2855E+03 
              992.694E-03         18.2799E+03 
              992.744E-03         18.2715E+03 
              992.819E-03         18.2589E+03 
              992.895E-03         18.2462E+03 
              992.97E-03          18.2334E+03 
              993.045E-03         18.2206E+03 
              993.12E-03          18.2078E+03 
              993.195E-03         18.1949E+03 
              993.27E-03          18.182E+03  
              993.345E-03         18.1691E+03 
              993.42E-03          18.1561E+03 
              993.496E-03         18.1431E+03 
              993.571E-03         18.13E+03   
              993.646E-03         18.1169E+03 
              993.721E-03         18.1037E+03 
              993.796E-03         18.0905E+03 
              993.871E-03         18.0773E+03 
              993.899E-03         18.0723E+03 
              993.942E-03         18.0649E+03 
              994.005E-03         18.0536E+03 
              994.029E-03         18.0494E+03 
              994.065E-03         18.0431E+03 
              994.118E-03         18.0336E+03 
              994.198E-03         18.0193E+03 
              994.228E-03         18.0139E+03 
              994.274E-03         18.0058E+03 
              994.341E-03         17.9936E+03 
              994.367E-03         17.9891E+03 
              994.405E-03         17.9822E+03 
              994.462E-03         17.9719E+03 
              994.483E-03         17.9681E+03 
              994.516E-03         17.9622E+03 
              994.564E-03         17.9535E+03 
              994.636E-03         17.9404E+03 
              994.708E-03         17.9272E+03 
              994.781E-03         17.914E+03  
              994.808E-03         17.909E+03  
              994.849E-03         17.9016E+03 
              994.91E-03          17.8904E+03 
              994.933E-03         17.8861E+03 
              994.967E-03         17.8798E+03 
              995.018E-03         17.8703E+03 
              995.096E-03         17.856E+03  
              995.173E-03         17.8417E+03 
              995.25E-03          17.8273E+03 
              995.327E-03         17.8129E+03 
              995.405E-03         17.7984E+03 
              995.434E-03         17.793E+03  
              995.477E-03         17.7848E+03 
              995.542E-03         17.7725E+03 
              995.567E-03         17.7679E+03 
              995.603E-03         17.761E+03  
              995.658E-03         17.7506E+03 
              995.741E-03         17.7349E+03 
              995.772E-03         17.729E+03  
              995.818E-03         17.7201E+03 
              995.888E-03         17.7068E+03 
              995.914E-03         17.7018E+03 
              995.953E-03         17.6943E+03 
              996.012E-03         17.6831E+03 
              996.1E-03           17.6661E+03 
              996.188E-03         17.649E+03  
              996.276E-03         17.6319E+03 
              996.364E-03         17.6147E+03 
              996.453E-03         17.5975E+03 
              996.541E-03         17.5802E+03 
              996.629E-03         17.5628E+03 
              996.717E-03         17.5454E+03 
              996.805E-03         17.5279E+03 
              996.893E-03         17.5103E+03 
              996.982E-03         17.4927E+03 
              997.07E-03          17.475E+03  
              997.158E-03         17.4573E+03 
              997.29E-03          17.4305E+03 
              997.34E-03          17.4204E+03 
              997.414E-03         17.4053E+03 
              997.442E-03         17.3996E+03 
              997.484E-03         17.3911E+03 
              997.547E-03         17.3782E+03 
              997.57E-03          17.3734E+03 
              997.605E-03         17.3661E+03 
              997.658E-03         17.3553E+03 
              997.738E-03         17.3389E+03 
              997.817E-03         17.3224E+03 
              997.897E-03         17.3059E+03 
              997.976E-03         17.2893E+03 
              998.056E-03         17.2727E+03 
              998.135E-03         17.2561E+03 
              998.215E-03         17.2393E+03 
              998.294E-03         17.2225E+03 
              998.374E-03         17.2057E+03 
              998.453E-03         17.1888E+03 
              998.533E-03         17.1718E+03 
              998.612E-03         17.1548E+03 
              998.692E-03         17.1377E+03 
              998.771E-03         17.1206E+03 
              998.85E-03          17.1033E+03 
              998.93E-03          17.0861E+03 
              999.009E-03         17.0688E+03 
              999.089E-03         17.0514E+03 
              999.168E-03         17.0339E+03 
              999.248E-03         17.0164E+03 
              999.327E-03         16.9988E+03 
              999.407E-03         16.9812E+03 
              999.486E-03         16.9635E+03 
              999.566E-03         16.9457E+03 
              999.645E-03         16.9279E+03 
              999.725E-03         16.91E+03   
              999.805E-03         16.8921E+03 
              999.884E-03         16.8741E+03 
              999.964E-03         16.856E+03  
                1.00004           16.8378E+03 
                1.00012           16.8196E+03 
                1.0002            16.8013E+03 
                1.00028           16.783E+03  
                1.00036           16.7645E+03 
                1.00044           16.7461E+03 
                1.00052           16.7275E+03 
                1.0006            16.7089E+03 
                1.00068           16.6902E+03 
                1.00076           16.6714E+03 
                1.00084           16.6526E+03 
                1.00087           16.6455E+03 
                1.00091           16.6349E+03 
                1.00098           16.6189E+03 
                1.00108           16.5948E+03 
                1.00118           16.5706E+03 
                1.00128           16.5463E+03 
                1.00138           16.5218E+03 
                1.00148           16.4973E+03 
                1.00158           16.4726E+03 
                1.00169           16.4478E+03 
                1.00179           16.4229E+03 
                1.00182           16.4136E+03 
                1.00188           16.3995E+03 
                1.00197           16.3783E+03 
                1.002             16.3704E+03 
                1.00204           16.3584E+03 
                1.00212           16.3404E+03 
                1.00222           16.3133E+03 
                1.00233           16.286E+03  
                1.00244           16.2587E+03 
                1.00255           16.2311E+03 
                1.00265           16.2035E+03 
                1.00276           16.1757E+03 
                1.00287           16.1478E+03 
                1.00298           16.1198E+03 
                1.00308           16.0916E+03 
                1.00319           16.0634E+03 
                1.0033            16.035E+03  
                1.00341           16.0064E+03 
                1.00352           15.9778E+03 
                1.00362           15.949E+03  
                1.00373           15.9202E+03 
                1.00384           15.8912E+03 
                1.00395           15.8621E+03 
                1.00405           15.8329E+03 
                1.00416           15.8036E+03 
                1.00427           15.7742E+03 
                1.00431           15.7631E+03 
                1.00437           15.7465E+03 
                1.00446           15.7216E+03 
                1.0046            15.684E+03  
                1.00465           15.6699E+03 
                1.00472           15.6487E+03 
                1.00484           15.6168E+03 
                1.00495           15.5848E+03 
                1.00507           15.5527E+03 
                1.00518           15.5205E+03 
                1.0053            15.4883E+03 
                1.00541           15.456E+03  
                1.00553           15.4236E+03 
                1.00564           15.3912E+03 
                1.00576           15.3587E+03 
                1.00587           15.3261E+03 
                1.00599           15.2936E+03 
                1.0061            15.2609E+03 
                1.00622           15.2283E+03 
                1.00633           15.1956E+03 
                1.00645           15.1629E+03 
                1.00656           15.1302E+03 
                1.00668           15.0975E+03 
                1.00672           15.0852E+03 
                1.00679           15.0668E+03 
                1.00689           15.0392E+03 
                1.00703           14.9977E+03 
                1.00718           14.9563E+03 
                1.00732           14.9149E+03 
                1.00747           14.8735E+03 
                1.00761           14.8321E+03 
                1.00776           14.7908E+03 
                1.0079            14.7494E+03 
                1.00805           14.7082E+03 
                1.0082            14.6669E+03 
                1.00834           14.6257E+03 
                1.00849           14.5846E+03 
                1.00863           14.5435E+03 
                1.00869           14.528E+03  
                1.00877           14.5049E+03 
                1.00889           14.4703E+03 
                1.00908           14.4184E+03 
                1.00915           14.399E+03  
                1.00925           14.3698E+03 
                1.00941           14.3261E+03 
                1.00946           14.3098E+03 
                1.00955           14.2852E+03 
                1.00968           14.2484E+03 
                1.00988           14.1932E+03 
                1.00995           14.1725E+03 
                1.01007           14.1415E+03 
                1.01023           14.095E+03  
                1.01029           14.0776E+03 
                1.01039           14.0515E+03 
                1.01053           14.0123E+03 
                1.01074           13.9535E+03 
                1.01095           13.8947E+03 
                1.01116           13.836E+03  
                1.01137           13.7773E+03 
                1.01158           13.7186E+03 
                1.01166           13.6966E+03 
                1.01178           13.6636E+03 
                1.01196           13.6141E+03 
                1.01213           13.5647E+03 
                1.01231           13.5153E+03 
                1.01249           13.466E+03  
                1.01267           13.4167E+03 
                1.01284           13.3675E+03 
                1.01302           13.3183E+03 
                1.0132            13.2693E+03 
                1.01347           13.1958E+03 
                1.01373           13.1226E+03 
                1.014             13.0497E+03 
                1.01427           12.9769E+03 
                1.01453           12.9045E+03 
                1.0148            12.8323E+03 
                1.01507           12.7604E+03 
                1.01533           12.6888E+03 
                1.0156            12.6175E+03 
                1.01587           12.5465E+03 
                1.01627           12.4407E+03 
                1.01687           12.2837E+03 
                1.01777           12.0538E+03 
                1.01867           11.8311E+03 
                1.01957           11.6168E+03 
                1.02048           11.4116E+03 
                1.02138           11.2153E+03 
                1.02228           11.0269E+03 
                1.02319           10.8449E+03 
                1.02409           10.6678E+03 
                1.02499           10.4937E+03 
                1.02635           10.2348E+03 
                1.02771            9.97566E+03
                1.02906            9.71525E+03
                1.03042            9.45368E+03
                1.03178            9.19188E+03
                1.03246            9.06135E+03
                1.03314            8.93101E+03
                1.03382            8.80105E+03
                1.03484            8.60751E+03
                1.03522            8.53537E+03
                1.03537            8.50838E+03
                1.03558            8.46797E+03
                1.03564            8.45788E+03
                1.03569            8.4478E+03 
                1.03577            8.43269E+03
                1.03589            8.41004E+03
                1.03607            8.37614E+03
                1.03635            8.32544E+03
                1.03645            8.30646E+03
                1.0366             8.27804E+03
                1.03676            8.24969E+03
                1.03691            8.2214E+03 
                1.03697            8.2108E+03 
                1.03705            8.19492E+03
                1.03718            8.17115E+03
                1.03738            8.1356E+03 
                1.03757            8.10016E+03
                1.03776            8.06484E+03
                1.03796            8.02964E+03
                1.03815            7.99458E+03
                1.03835            7.95965E+03
                1.03854            7.92487E+03
                1.03874            7.89023E+03
                1.03893            7.85573E+03
                1.03912            7.8214E+03 
                1.03932            7.78721E+03
                1.03951            7.75319E+03
                1.03971            7.71934E+03
                1.0399             7.68565E+03
                1.0401             7.65213E+03
                1.04029            7.61879E+03
                1.04048            7.58562E+03
                1.04068            7.55263E+03
                1.04087            7.51983E+03
                1.04107            7.48722E+03
                1.04126            7.45479E+03
                1.04146            7.42256E+03
                1.04165            7.39052E+03
                1.04185            7.35868E+03
                1.04204            7.32703E+03
                1.04223            7.29559E+03
                1.04243            7.26436E+03
                1.04262            7.23333E+03
                1.04282            7.20251E+03
                1.04311            7.15674E+03
                1.0434             7.11146E+03
                1.04369            7.06666E+03
                1.04413            7.00053E+03
                1.04479            6.90377E+03
                1.04577            6.76404E+03
                1.04676            6.62973E+03
                1.04775            6.50049E+03
                1.04873            6.37596E+03
                1.04972            6.2558E+03 
                1.05071            6.1397E+03 
                1.0517             6.02743E+03
                1.05268            5.91882E+03
                1.05367            5.81375E+03
                1.05466            5.7122E+03 
                1.05565            5.61415E+03
                1.05664            5.51964E+03
                1.05763            5.42872E+03
                1.05862            5.3414E+03 
                1.05899            5.30932E+03
                1.05955            5.26223E+03
                1.05976            5.24477E+03
                1.06007            5.21892E+03
                1.06015            5.21249E+03
                1.06023            5.20608E+03
                1.06034            5.19651E+03
                1.06052            5.18226E+03
                1.06079            5.16111E+03
                1.06118            5.12989E+03
                1.06178            5.08423E+03
                1.062              5.06734E+03
                1.06234            5.04238E+03
                1.06246            5.03308E+03
                1.06265            5.01926E+03
                1.06272            5.0141E+03 
                1.06283            5.0064E+03 
                1.06299            4.99492E+03
                1.06322            4.97788E+03
                1.06346            4.96102E+03
                1.0637             4.94434E+03
                1.06394            4.92784E+03
                1.06418            4.91151E+03
                1.06442            4.89535E+03
                1.06466            4.87935E+03
                1.0649             4.86351E+03
                1.06513            4.84782E+03
                1.06537            4.83227E+03
                1.06561            4.81687E+03
                1.06585            4.80159E+03
                1.06609            4.78645E+03
                1.06633            4.77142E+03
                1.06657            4.7565E+03 
                1.06681            4.74168E+03
                1.06704            4.72695E+03
                1.0674             4.70501E+03
                1.06794            4.67233E+03
                1.06875            4.62348E+03
                1.06905            4.60528E+03
                1.06916            4.59847E+03
                1.06933            4.58825E+03
                1.06959            4.57289E+03
                1.06969            4.56713E+03
                1.06983            4.55849E+03
                1.07004            4.54547E+03
                1.07012            4.54059E+03
                1.07025            4.53325E+03
                1.07043            4.5222E+03 
                1.07061            4.51111E+03
                1.07079            4.49998E+03
                1.07097            4.4888E+03 
                1.07116            4.47757E+03
                1.07134            4.46627E+03
                1.07161            4.44918E+03
                1.07188            4.43194E+03
                1.07216            4.41455E+03
                1.07243            4.39698E+03
                1.0727             4.37924E+03
                1.07297            4.36132E+03
                1.07325            4.34322E+03
                1.07352            4.32491E+03
                1.07379            4.30641E+03
                1.07407            4.28771E+03
                1.07434            4.2688E+03 
                1.07461            4.24967E+03
                1.07468            4.24489E+03
                1.07475            4.24009E+03
                1.07485            4.23286E+03
                1.07501            4.22195E+03
                1.07524            4.20542E+03
                1.07547            4.18874E+03
                1.0757             4.17191E+03
                1.07604            4.14632E+03
                1.07617            4.1367E+03 
                1.07637            4.12216E+03
                1.07644            4.1167E+03 
                1.07655            4.10847E+03
                1.07671            4.09607E+03
                1.07684            4.08673E+03
                1.07702            4.07263E+03
                1.07721            4.05845E+03
                1.07739            4.0442E+03 
                1.07758            4.02988E+03
                1.07776            4.01548E+03
                1.07783            4.01008E+03
                1.07793            4.00195E+03
                1.07809            3.98971E+03
                1.07815            3.98512E+03
                1.07824            3.97821E+03
                1.07837            3.96782E+03
                1.07857            3.95216E+03
                1.07864            3.94628E+03
                1.07875            3.93745E+03
                1.07892            3.92415E+03
                1.07908            3.91081E+03
                1.07925            3.89744E+03
                1.07942            3.88404E+03
                1.07958            3.8706E+03 
                1.07975            3.85714E+03
                1.07992            3.84366E+03
                1.08008            3.83015E+03
                1.08025            3.81662E+03
                1.08031            3.81155E+03
                1.08041            3.80394E+03
                1.08055            3.7925E+03 
                1.0806             3.78822E+03
                1.08068            3.78178E+03
                1.0808             3.77213E+03
                1.08098            3.75762E+03
                1.08115            3.74311E+03
                1.08133            3.72859E+03
                1.08151            3.71408E+03
                1.08158            3.70864E+03
                1.08168            3.70048E+03
                1.08183            3.68824E+03
                1.08188            3.68366E+03
                1.08197            3.67678E+03
                1.08209            3.66646E+03
                1.08214            3.66259E+03
                1.08221            3.6568E+03 
                1.08232            3.6481E+03 
                1.08248            3.63506E+03
                1.08264            3.62204E+03
                1.0828             3.60903E+03
                1.08286            3.60416E+03
                1.08295            3.59685E+03
                1.08309            3.58591E+03
                1.08322            3.57497E+03
                1.08336            3.56406E+03
                1.08349            3.55315E+03
                1.08363            3.54227E+03
                1.08376            3.5314E+03 
                1.0839             3.52055E+03
                1.08403            3.50972E+03
                1.08417            3.49891E+03
                1.08431            3.48812E+03
                1.08444            3.47736E+03
                1.08458            3.46661E+03
                1.08471            3.45589E+03
                1.08485            3.44519E+03
                1.0849             3.44118E+03
                1.08497            3.43518E+03
                1.08509            3.42619E+03
                1.08526            3.41274E+03
                1.08543            3.39932E+03
                1.0856             3.38595E+03
                1.08577            3.37262E+03
                1.08595            3.35933E+03
                1.08612            3.34607E+03
                1.08629            3.33286E+03
                1.08646            3.3197E+03 
                1.08663            3.30657E+03
                1.08672            3.30002E+03
                1.0868             3.29348E+03
                1.08693            3.28369E+03
                1.08698            3.28002E+03
                1.08705            3.27453E+03
                1.08716            3.2663E+03 
                1.08732            3.25399E+03
                1.08739            3.24939E+03
                1.08748            3.24248E+03
                1.08762            3.23215E+03
                1.08775            3.22183E+03
                1.08789            3.21154E+03
                1.08794            3.20769E+03
                1.08802            3.20191E+03
                1.08813            3.19327E+03
                1.08818            3.19003E+03
                1.08824            3.18517E+03
                1.08834            3.17789E+03
                1.08849            3.167E+03  
                1.08864            3.15612E+03
                1.08878            3.14527E+03
                1.08893            3.13443E+03
                1.08908            3.12361E+03
                1.08922            3.11281E+03
                1.08937            3.10203E+03
                1.08952            3.09126E+03
                1.08966            3.08051E+03
                1.08981            3.06977E+03
                1.08996            3.05904E+03
                1.0901             3.04832E+03
                1.09025            3.03762E+03
                1.0904             3.02692E+03
                1.09054            3.01624E+03
                1.09069            3.00556E+03
                1.09084            2.99489E+03
                1.09099            2.98423E+03
                1.09113            2.97357E+03
                1.09128            2.96292E+03
                1.09143            2.95228E+03
                1.09157            2.94164E+03
                1.09172            2.931E+03  
                1.09187            2.92037E+03
                1.09201            2.90974E+03
                1.09216            2.89911E+03
                1.09231            2.88849E+03
                1.09253            2.87256E+03
                1.09275            2.85663E+03
                1.09297            2.84071E+03
                1.09319            2.8248E+03 
                1.09341            2.8089E+03 
                1.09363            2.79302E+03
                1.09371            2.78708E+03
                1.09384            2.77816E+03
                1.09402            2.76479E+03
                1.09409            2.75979E+03
                1.0942             2.75228E+03
                1.09436            2.74103E+03
                1.09451            2.72979E+03
                1.09467            2.71857E+03
                1.09483            2.70736E+03
                1.09498            2.69618E+03
                1.09514            2.68501E+03
                1.0953             2.67387E+03
                1.09546            2.66275E+03
                1.09561            2.65166E+03
                1.09577            2.64059E+03
                1.09593            2.62957E+03
                1.09608            2.61857E+03
                1.09624            2.60761E+03
                1.09632            2.60215E+03
                1.0964             2.59669E+03
                1.09652            2.58853E+03
                1.09663            2.58039E+03
                1.09675            2.57228E+03
                1.09687            2.5642E+03 
                1.09699            2.55615E+03
                1.09711            2.54813E+03
                1.09722            2.54014E+03
                1.09734            2.53218E+03
                1.09746            2.52426E+03
                1.09758            2.51637E+03
                1.0977             2.50852E+03
                1.09781            2.50071E+03
                1.09793            2.49294E+03
                1.09805            2.48522E+03
                1.09817            2.47754E+03
                1.09829            2.4699E+03 
                1.0984             2.46231E+03
                1.09852            2.45477E+03
                1.09864            2.44729E+03
                1.09876            2.43985E+03
                1.09888            2.43247E+03
                1.09899            2.42514E+03
                1.09911            2.41787E+03
                1.09923            2.41067E+03
                1.09935            2.40352E+03
                1.09947            2.39643E+03
                1.09958            2.38941E+03
                1.0997             2.38246E+03
                1.09982            2.37557E+03
                1.09994            2.36875E+03
                1.10006            2.36201E+03
                1.10017            2.35533E+03
                1.10029            2.34873E+03
                1.10041            2.34221E+03
                1.10053            2.33576E+03
                1.10065            2.32939E+03
                1.10076            2.3231E+03 
                1.10088            2.31689E+03
                1.101              2.31077E+03
                1.10112            2.30473E+03
                1.10124            2.29877E+03
                1.10135            2.2929E+03 
                1.10147            2.28712E+03
                1.10159            2.28142E+03
                1.10171            2.27582E+03
                1.10183            2.27031E+03
                1.10195            2.26488E+03
                1.10206            2.25955E+03
                1.10218            2.25432E+03
                1.1023             2.24917E+03
                1.10242            2.24412E+03
                1.10254            2.23917E+03
                1.10265            2.23431E+03
                1.10277            2.22955E+03
                1.10289            2.22488E+03
                1.10301            2.22031E+03
                1.10313            2.21584E+03
                1.10317            2.21418E+03
                1.10324            2.21171E+03
                1.10334            2.20809E+03
                1.10349            2.20279E+03
                1.10356            2.20019E+03
                1.10364            2.19763E+03
                1.10375            2.19386E+03
                1.10386            2.19019E+03
                1.10397            2.1866E+03 
                1.10409            2.1831E+03 
                1.1042             2.17968E+03
                1.10431            2.17635E+03
                1.10442            2.1731E+03 
                1.10453            2.16994E+03
                1.10458            2.16877E+03
                1.10464            2.16704E+03
                1.10473            2.1645E+03 
                1.10488            2.16082E+03
                1.10502            2.15728E+03
                1.10516            2.15386E+03
                1.1053             2.15058E+03
                1.10544            2.14742E+03
                1.10559            2.14439E+03
                1.10573            2.14149E+03
                1.10587            2.13871E+03
                1.10601            2.13606E+03
                1.10615            2.13353E+03
                1.1063             2.13111E+03
                1.10644            2.12882E+03
                1.10658            2.12665E+03
                1.10672            2.12459E+03
                1.10686            2.12265E+03
                1.10701            2.12082E+03
                1.10715            2.11911E+03
                1.10729            2.1175E+03 
                1.10743            2.11601E+03
                1.10758            2.11463E+03
                1.10772            2.11335E+03
                1.10786            2.11219E+03
                1.108              2.11113E+03
                1.10814            2.11017E+03
                1.10829            2.10933E+03
                1.10843            2.10858E+03
                1.10857            2.10795E+03
                1.10871            2.10741E+03
                1.10886            2.10699E+03
                1.109              2.10666E+03
                1.10914            2.10644E+03
                1.10928            2.10632E+03
                1.10942            2.10631E+03
                1.10957            2.1064E+03 
                1.10971            2.1066E+03 
                1.10976            2.10669E+03
                1.10984            2.10686E+03
                1.10996            2.10718E+03
                1.11001            2.10732E+03
                1.11007            2.10754E+03
                1.11018            2.10793E+03
                1.11033            2.10863E+03
                1.11048            2.10946E+03
                1.11063            2.11041E+03
                1.11078            2.11148E+03
                1.11094            2.11268E+03
                1.11109            2.11401E+03
                1.11124            2.11547E+03
                1.11139            2.11705E+03
                1.11145            2.11767E+03
                1.11153            2.11864E+03
                1.11166            2.12018E+03
                1.11179            2.12182E+03
                1.11192            2.12356E+03
                1.11205            2.1254E+03 
                1.11218            2.12733E+03
                1.1123             2.12937E+03
                1.11243            2.13151E+03
                1.11256            2.13376E+03
                1.11269            2.13611E+03
                1.11282            2.13856E+03
                1.11294            2.14112E+03
                1.11307            2.1438E+03 
                1.1132             2.14658E+03
                1.11333            2.14948E+03
                1.11346            2.15248E+03
                1.11359            2.15561E+03
                1.11371            2.15885E+03
                1.11384            2.1622E+03 
                1.11397            2.16568E+03
                1.1141             2.16927E+03
                1.11423            2.17299E+03
                1.11436            2.17683E+03
                1.11448            2.18079E+03
                1.11461            2.18488E+03
                1.11474            2.1891E+03 
                1.11487            2.19344E+03
                1.115              2.19792E+03
                1.11513            2.20252E+03
                1.11525            2.20726E+03
                1.11538            2.21212E+03
                1.11551            2.21713E+03
                1.11564            2.22226E+03
                1.11577            2.22754E+03
                1.1159             2.23294E+03
                1.11603            2.23849E+03
                1.11615            2.24418E+03
                1.11628            2.25E+03   
                1.11641            2.25597E+03
                1.11654            2.26207E+03
                1.11667            2.26832E+03
                1.1168             2.2747E+03 
                1.11692            2.28124E+03
                1.11705            2.28791E+03
                1.11718            2.29473E+03
                1.11723            2.2973E+03 
                1.1173             2.30122E+03
                1.11741            2.30719E+03
                1.11757            2.31637E+03
                1.11774            2.32578E+03
                1.11782            2.33055E+03
                1.1179             2.33538E+03
                1.11802            2.34274E+03
                1.11814            2.35024E+03
                1.11826            2.35788E+03
                1.11839            2.36564E+03
                1.11851            2.37353E+03
                1.11863            2.38156E+03
                1.11875            2.38972E+03
                1.11887            2.39801E+03
                1.119              2.40643E+03
                1.11912            2.41498E+03
                1.11924            2.42367E+03
                1.11936            2.43249E+03
                1.11948            2.44145E+03
                1.11961            2.45053E+03
                1.11973            2.45975E+03
                1.11985            2.46911E+03
                1.11997            2.47859E+03
                1.12009            2.48822E+03
                1.12022            2.49797E+03
                1.12034            2.50786E+03
                1.12046            2.51789E+03
                1.12058            2.52805E+03
                1.1207             2.53835E+03
                1.12083            2.54879E+03
                1.12095            2.55936E+03
                1.12107            2.57007E+03
                1.12119            2.58092E+03
                1.12132            2.59191E+03
                1.12144            2.60304E+03
                1.12156            2.61431E+03
                1.12168            2.62572E+03
                1.1218             2.63727E+03
                1.12193            2.64896E+03
                1.12205            2.6608E+03 
                1.12217            2.67279E+03
                1.12229            2.68491E+03
                1.12241            2.69719E+03
                1.12254            2.70961E+03
                1.12266            2.72218E+03
                1.12278            2.7349E+03 
                1.1229             2.74777E+03
                1.12303            2.76079E+03
                1.12315            2.77397E+03
                1.12327            2.78729E+03
                1.12339            2.80077E+03
                1.12351            2.8144E+03 
                1.12364            2.82819E+03
                1.12376            2.84214E+03
                1.12388            2.85624E+03
                1.124              2.8705E+03 
                1.12413            2.88491E+03
                1.12417            2.89034E+03
                1.12424            2.89854E+03
                1.12434            2.91095E+03
                1.1245             2.9298E+03 
                1.12465            2.94892E+03
                1.12481            2.96829E+03
                1.12496            2.98792E+03
                1.12512            3.00781E+03
                1.12527            3.02796E+03
                1.12543            3.04837E+03
                1.12558            3.06904E+03
                1.1257             3.08469E+03
                1.12581            3.10049E+03
                1.12593            3.11643E+03
                1.12604            3.13252E+03
                1.12616            3.14875E+03
                1.12628            3.16513E+03
                1.12639            3.18165E+03
                1.12651            3.19831E+03
                1.12663            3.21512E+03
                1.1268             3.24064E+03
                1.12686            3.25026E+03
                1.12696            3.26479E+03
                1.12711            3.28681E+03
                1.12726            3.30904E+03
                1.1274             3.3315E+03 
                1.12746            3.33995E+03
                1.12754            3.35271E+03
                1.12767            3.37199E+03
                1.12771            3.37924E+03
                1.12778            3.39017E+03
                1.12789            3.40667E+03
                1.12804            3.43165E+03
                1.1282             3.45688E+03
                1.12836            3.48235E+03
                1.12851            3.50805E+03
                1.12867            3.53398E+03
                1.12883            3.56014E+03
                1.12899            3.58654E+03
                1.12914            3.61316E+03
                1.1293             3.64E+03   
                1.12946            3.66706E+03
                1.12961            3.69435E+03
                1.12977            3.72185E+03
                1.12983            3.7322E+03 
                1.12992            3.74779E+03
                1.13005            3.77132E+03
                1.1301             3.78017E+03
                1.13017            3.79349E+03
                1.13029            3.81358E+03
                1.13045            3.84395E+03
                1.13062            3.87455E+03
                1.13079            3.9054E+03 
                1.13096            3.93648E+03
                1.13113            3.9678E+03 
                1.13129            3.99937E+03
                1.13146            4.03117E+03
                1.13163            4.06321E+03
                1.1318             4.09548E+03
                1.13196            4.128E+03  
                1.13213            4.16076E+03
                1.1323             4.19376E+03
                1.13247            4.22701E+03
                1.13264            4.26049E+03
                1.1328             4.29423E+03
                1.13297            4.3282E+03 
                1.13314            4.36243E+03
                1.13331            4.3969E+03 
                1.13348            4.43163E+03
                1.13364            4.4666E+03 
                1.13381            4.50183E+03
                1.13398            4.53731E+03
                1.13415            4.57304E+03
                1.13431            4.60902E+03
                1.13448            4.64526E+03
                1.13465            4.68174E+03
                1.13482            4.71848E+03
                1.13499            4.75548E+03
                1.13515            4.79272E+03
                1.13532            4.83021E+03
                1.13549            4.86795E+03
                1.13566            4.90593E+03
                1.13583            4.94415E+03
                1.13608            5.00201E+03
                1.13633            5.06039E+03
                1.13658            5.11928E+03
                1.13683            5.17866E+03
                1.13709            5.23852E+03
                1.13734            5.29883E+03
                1.13759            5.35958E+03
                1.13784            5.42074E+03
                1.1381             5.4823E+03 
                1.13835            5.54422E+03
                1.1386             5.60649E+03
                1.13885            5.66907E+03
                1.1391             5.73196E+03
                1.13936            5.79511E+03
                1.13961            5.85851E+03
                1.13986            5.92213E+03
                1.14011            5.98595E+03
                1.14037            6.04995E+03
                1.14062            6.1141E+03 
                1.14087            6.1784E+03 
                1.14112            6.24281E+03
                1.14138            6.30732E+03
                1.14163            6.37191E+03
                1.14188            6.43658E+03
                1.14213            6.5013E+03 
                1.14239            6.56606E+03
                1.14264            6.63085E+03
                1.14302            6.72806E+03
                1.1434             6.82527E+03
                1.14378            6.92248E+03
                1.14415            7.01967E+03
                1.14453            7.11681E+03
                1.14491            7.21389E+03
                1.14529            7.31089E+03
                1.14586            7.45613E+03
                1.14643            7.60113E+03
                1.147              7.74583E+03
                1.14757            7.89018E+03
                1.14814            8.03414E+03
                1.14871            8.17764E+03
                1.14928            8.32064E+03
                1.15013            8.53371E+03
                1.15045            8.61351E+03
                1.15093            8.7327E+03 
                1.15165            8.91022E+03
                1.15273            9.17343E+03
                1.15382            9.43356E+03
                1.1549             9.69038E+03
                1.15598            9.94374E+03
                1.15707           10.1936E+03 
                1.15815           10.4397E+03 
                1.15923           10.6822E+03 
                1.16032           10.9207E+03 
                1.16072           11.0097E+03 
                1.16133           11.1419E+03 
                1.16225           11.3367E+03 
                1.16317           11.5281E+03 
                1.16408           11.7157E+03 
                1.16546           11.9868E+03 
                1.16752           12.3649E+03 
                1.16958           12.7092E+03 
                1.1701            12.7935E+03 
                1.17061           12.8754E+03 
                1.17139           12.9926E+03 
                1.17255           13.155E+03  
                1.17429           13.3678E+03 
                1.17604           13.5498E+03 
                1.17778           13.7012E+03 
                1.17953           13.8233E+03 
                1.18128           13.9182E+03 
                1.18303           13.9883E+03 
                1.18478           14.0363E+03 
                1.18653           14.0649E+03 
                1.18828           14.0768E+03 
                1.19003           14.0745E+03 
                1.19178           14.06E+03   
                1.19353           14.0353E+03 
                1.19529           14.0018E+03 
                1.19704           13.961E+03  
                1.1988            13.914E+03  
                1.20055           13.8618E+03 
                1.20231           13.8055E+03 
                1.20407           13.7461E+03 
                1.20583           13.6848E+03 
                1.20759           13.6228E+03 
                1.20935           13.5611E+03 
                1.21111           13.501E+03  
                1.21287           13.4434E+03 
                1.21354           13.4225E+03 
                1.21453           13.392E+03  
                1.21602           13.3487E+03 
                1.2175            13.3086E+03 
                1.21899           13.2717E+03 
                1.22048           13.2379E+03 
                1.22198           13.2069E+03 
                1.22421           13.1643E+03 
                1.22505           13.1492E+03 
                1.22631           13.1267E+03 
                1.2282            13.0913E+03 
                1.22891           13.0781E+03 
                1.22997           13.0568E+03 
                1.23157           13.0203E+03 
                1.23396           12.9494E+03 
                1.23456           12.9311E+03 
                1.23516           12.9115E+03 
                1.23606           12.8789E+03 
                1.23741           12.8217E+03 
                1.23943           12.7145E+03 
                1.24019           12.6717E+03 
                1.24133           12.5994E+03 
                1.24304           12.472E+03  
                1.24368           12.4219E+03 
                1.24464           12.3401E+03 
                1.24609           12.2023E+03 
                1.24825           11.9613E+03 
                1.25042           11.6864E+03 
                1.25259           11.3787E+03 
                1.25367           11.2171E+03 
                1.25476           11.0476E+03 
                1.25584           10.8704E+03 
                1.25747           10.5886E+03 
                1.25808           10.4811E+03 
                1.259             10.3151E+03 
                1.25991           10.1448E+03 
                1.26083            9.97057E+03
                1.26221            9.70126E+03
                1.26427            9.28371E+03
                1.26505            9.12591E+03
                1.26621            8.88586E+03
                1.26795            8.52114E+03
                1.2686             8.38422E+03
                1.26959            8.17802E+03
                1.27106            7.86863E+03
                1.27327            7.40993E+03
                1.27382            7.2961E+03 
                1.27437            7.18273E+03
                1.2752             7.01384E+03
                1.27603            6.84652E+03
                1.27686            6.68107E+03
                1.2781             6.43786E+03
                1.27857            6.34759E+03
                1.27927            6.21397E+03
                1.28032            6.01806E+03
                1.28137            5.82734E+03
                1.28242            5.64226E+03
                1.28347            5.46327E+03
                1.28387            5.39713E+03
                1.28446            5.2999E+03 
                1.28505            5.20476E+03
                1.28564            5.1118E+03 
                1.28623            5.02108E+03
                1.28682            4.93268E+03
                1.28742            4.84669E+03
                1.28801            4.76316E+03
                1.2886             4.68217E+03
                1.28919            4.60377E+03
                1.28978            4.52803E+03
                1.29038            4.45499E+03
                1.29097            4.38472E+03
                1.29156            4.31726E+03
                1.29215            4.25267E+03
                1.29275            4.19098E+03
                1.29334            4.13225E+03
                1.29393            4.07652E+03
                1.29452            4.02382E+03
                1.29541            3.95164E+03
                1.2963             3.88658E+03
                1.29719            3.82873E+03
                1.29808            3.77817E+03
                1.29897            3.73499E+03
                1.30031            3.68686E+03
                1.30081            3.67137E+03
                1.30156            3.65339E+03
                1.30231            3.64078E+03
                1.30269            3.63587E+03
                1.30306            3.6323E+03 
                1.30344            3.63008E+03
                1.30382            3.62919E+03
                1.30419            3.62964E+03
                1.30457            3.63143E+03
                1.30494            3.63457E+03
                1.30532            3.63905E+03
                1.3057             3.64486E+03
                1.30607            3.65202E+03
                1.30645            3.66051E+03
                1.30682            3.67034E+03
                1.3072             3.68149E+03
                1.30758            3.69395E+03
                1.30795            3.70773E+03
                1.30833            3.72281E+03
                1.30871            3.73919E+03
                1.30885            3.74552E+03
                1.30906            3.75543E+03
                1.30927            3.76573E+03
                1.30948            3.77644E+03
                1.3098             3.79339E+03
                1.31012            3.81123E+03
                1.31043            3.82995E+03
                1.31075            3.84955E+03
                1.31107            3.87002E+03
                1.31139            3.89135E+03
                1.31171            3.91354E+03
                1.31202            3.93658E+03
                1.31234            3.96046E+03
                1.31266            3.98516E+03
                1.31298            4.01069E+03
                1.3131             4.02038E+03
                1.31328            4.03518E+03
                1.31354            4.05794E+03
                1.31364            4.06656E+03
                1.31379            4.07967E+03
                1.31402            4.09973E+03
                1.31436            4.13068E+03
                1.3147             4.1625E+03 
                1.31504            4.19519E+03
                1.31538            4.22873E+03
                1.31572            4.26311E+03
                1.31606            4.29832E+03
                1.3164             4.33434E+03
                1.31657            4.35257E+03
                1.31674            4.37099E+03
                1.31699            4.39906E+03
                1.31738            4.44213E+03
                1.31795            4.50883E+03
                1.31816            4.53417E+03
                1.31832            4.55335E+03
                1.31857            4.58247E+03
                1.31866            4.59345E+03
                1.31879            4.61003E+03
                1.319              4.63516E+03
                1.3192             4.66053E+03
                1.31941            4.68615E+03
                1.31961            4.71202E+03
                1.31981            4.73813E+03
                1.32002            4.76448E+03
                1.32022            4.79106E+03
                1.32043            4.81788E+03
                1.32063            4.84492E+03
                1.32084            4.87219E+03
                1.32104            4.89969E+03
                1.32124            4.92741E+03
                1.32145            4.95534E+03
                1.32165            4.98349E+03
                1.32186            5.01185E+03
                1.32206            5.04042E+03
                1.32227            5.06919E+03
                1.32247            5.09816E+03
                1.32267            5.12734E+03
                1.32288            5.1567E+03 
                1.32308            5.18626E+03
                1.32329            5.21601E+03
                1.32349            5.24595E+03
                1.3237             5.27606E+03
                1.3239             5.30635E+03
                1.3241             5.33682E+03
                1.32431            5.36746E+03
                1.32451            5.39826E+03
                1.32472            5.42923E+03
                1.32492            5.46037E+03
                1.32513            5.49165E+03
                1.32533            5.52309E+03
                1.32554            5.55469E+03
                1.32574            5.58642E+03
                1.32594            5.61831E+03
                1.32615            5.65033E+03
                1.32635            5.68248E+03
                1.32656            5.71477E+03
                1.32676            5.74719E+03
                1.32697            5.77973E+03
                1.32717            5.8124E+03 
                1.32725            5.82467E+03
                1.32736            5.84311E+03
                1.32754            5.87086E+03
                1.32771            5.89868E+03
                1.32788            5.92658E+03
                1.32805            5.95455E+03
                1.32823            5.9826E+03 
                1.3284             6.01072E+03
                1.32857            6.03892E+03
                1.32874            6.06718E+03
                1.32892            6.0955E+03 
                1.32909            6.12389E+03
                1.32926            6.15234E+03
                1.32943            6.18085E+03
                1.32961            6.20942E+03
                1.32978            6.23804E+03
                1.32995            6.26672E+03
                1.33013            6.29544E+03
                1.3303             6.32422E+03
                1.33047            6.35305E+03
                1.33064            6.38192E+03
                1.33082            6.41083E+03
                1.33099            6.43979E+03
                1.33116            6.46878E+03
                1.33133            6.49782E+03
                1.3314             6.50871E+03
                1.3315             6.52506E+03
                1.33164            6.54962E+03
                1.33186            6.58649E+03
                1.33208            6.6234E+03 
                1.33219            6.64188E+03
                1.3323             6.66037E+03
                1.33246            6.68811E+03
                1.33263            6.71588E+03
                1.33279            6.74367E+03
                1.33295            6.77148E+03
                1.33312            6.7993E+03 
                1.33328            6.82714E+03
                1.33345            6.85499E+03
                1.33361            6.88285E+03
                1.33377            6.91073E+03
                1.33394            6.93861E+03
                1.3341             6.9665E+03 
                1.33427            6.99439E+03
                1.33443            7.02229E+03
                1.33459            7.0502E+03 
                1.33476            7.0781E+03 
                1.33492            7.10601E+03
                1.33509            7.13391E+03
                1.33525            7.16181E+03
                1.33541            7.18971E+03
                1.33558            7.2176E+03 
                1.33574            7.24548E+03
                1.33591            7.27336E+03
                1.33607            7.30123E+03
                1.33624            7.32908E+03
                1.3364             7.35693E+03
                1.33656            7.38476E+03
                1.33673            7.41258E+03
                1.33689            7.44038E+03
                1.33706            7.46817E+03
                1.33722            7.49593E+03
                1.33738            7.52368E+03
                1.33755            7.55141E+03
                1.33771            7.57912E+03
                1.33788            7.6068E+03 
                1.33804            7.63446E+03
                1.33821            7.6621E+03 
                1.33837            7.68971E+03
                1.33853            7.71729E+03
                1.3387             7.74484E+03
                1.33886            7.77237E+03
                1.33903            7.79987E+03
                1.33919            7.82733E+03
                1.33935            7.85477E+03

 MINIMUM        0.                -0.         
  AT X =                           0.         
 MAXIMUM        1.33935           21.1166E+03 
  AT X =                         946.313E-03  




