
                  X           uf-Pro2-80-0-90 

                0.                -0.         
               39.94E-09         122.008E-03  
              319.041E-09        605.491E-03  
                1.70601E-06        1.54267    
                7.53894E-06        3.53722    
               29.9775E-06         7.49876    
              111.812E-06         15.7147     
              399.954E-06         36.1929     
                1.38837E-03       95.8976     
                4.70264E-03      281.876      
               15.5512E-03       870.868      
               49.9952E-03         2.71434E+03
              154.626E-03          8.28057E+03
              450.699E-03         23.9464E+03 
              551.162E-03         29.3443E+03 
              557.777E-03         29.8509E+03 
              567.771E-03         30.2841E+03 
              571.541E-03         30.4558E+03 
              577.219E-03         30.6903E+03 
              578.643E-03         30.7564E+03 
              580.068E-03         30.8175E+03 
              580.603E-03         30.8409E+03 
              581.406E-03         30.8746E+03 
              581.607E-03         30.8833E+03 
              581.808E-03         30.8919E+03 
              582.109E-03         30.9046E+03 
              582.562E-03         30.9233E+03 
              583.24E-03          30.9509E+03 
              583.749E-03         30.9718E+03 
              584.259E-03         30.9928E+03 
              584.45E-03          31.0008E+03 
              584.736E-03         31.0127E+03 
              585.166E-03         31.0305E+03 
              585.812E-03         31.0568E+03 
              586.781E-03         31.0962E+03 
              587.144E-03         31.1115E+03 
              587.69E-03          31.1343E+03 
              588.509E-03         31.168E+03  
              588.816E-03         31.181E+03  
              589.277E-03         31.2004E+03 
              589.968E-03         31.2291E+03 
              591.007E-03         31.272E+03  
              591.396E-03         31.2887E+03 
              591.981E-03         31.3135E+03 
              592.858E-03         31.3503E+03 
              594.175E-03         31.4057E+03 
              594.67E-03          31.4275E+03 
              595.411E-03         31.4596E+03 
              596.525E-03         31.5073E+03 
              596.943E-03         31.5259E+03 
              597.57E-03          31.5535E+03 
              598.511E-03         31.5946E+03 
              599.924E-03         31.6565E+03 
              600.455E-03         31.6808E+03 
              601.251E-03         31.7166E+03 
              602.446E-03         31.7696E+03 
              602.894E-03         31.7902E+03 
              603.567E-03         31.8204E+03 
              604.577E-03         31.8649E+03 
              606.093E-03         31.9304E+03 
              606.662E-03         31.956E+03  
              607.517E-03         31.9931E+03 
              608.799E-03         32.047E+03  
              609.28E-03          32.0679E+03 
              610.002E-03         32.0983E+03 
              611.086E-03         32.1427E+03 
              612.714E-03         32.2084E+03 
              615.16E-03          32.3077E+03 
              616.078E-03         32.3476E+03 
              616.423E-03         32.3628E+03 
              616.94E-03          32.385E+03  
              617.715E-03         32.4176E+03 
              618.006E-03         32.4301E+03 
              618.443E-03         32.4487E+03 
              619.098E-03         32.4765E+03 
              619.344E-03         32.4872E+03 
              619.713E-03         32.5031E+03 
              620.267E-03         32.5269E+03 
              621.097E-03         32.5627E+03 
              621.928E-03         32.5991E+03 
              622.76E-03          32.6361E+03 
              623.592E-03         32.6734E+03 
              624.425E-03         32.7111E+03 
              625.258E-03         32.7491E+03 
              626.092E-03         32.7873E+03 
              626.926E-03         32.8257E+03 
              627.761E-03         32.8643E+03 
              628.597E-03         32.9032E+03 
              629.433E-03         32.9422E+03 
              630.269E-03         32.9814E+03 
              631.106E-03         33.0207E+03 
              631.944E-03         33.0601E+03 
              633.201E-03         33.1186E+03 
              635.089E-03         33.2055E+03 
              636.98E-03          33.2915E+03 
              638.873E-03         33.3727E+03 
              640.769E-03         33.4434E+03 
              642.668E-03         33.4946E+03 
              644.569E-03         33.5136E+03 
              646.473E-03         33.4843E+03 
              648.38E-03          33.3881E+03 
              650.289E-03         33.2057E+03 
              652.201E-03         32.9201E+03 
              654.116E-03         32.5197E+03 
              656.033E-03         32.0011E+03 
              657.953E-03         31.3701E+03 
              659.875E-03         30.6414E+03 
              661.8E-03           29.8367E+03 
              663.728E-03         28.9814E+03 
              665.658E-03         28.1016E+03 
              667.591E-03         27.2213E+03 
              669.527E-03         26.3597E+03 
              671.465E-03         25.5312E+03 
              673.406E-03         24.7448E+03 
              675.349E-03         24.0049E+03 
              676.322E-03         23.6482E+03 
              677.295E-03         23.3028E+03 
              678.756E-03         22.81E+03   
              680.219E-03         22.3431E+03 
              681.683E-03         21.9002E+03 
              683.148E-03         21.4793E+03 
              684.615E-03         21.0783E+03 
              686.084E-03         20.6951E+03 
              687.554E-03         20.3278E+03 
              689.025E-03         19.9748E+03 
              690.498E-03         19.635E+03  
              691.972E-03         19.3079E+03 
              693.448E-03         18.9934E+03 
              694.925E-03         18.6921E+03 
              696.404E-03         18.405E+03  
              697.884E-03         18.1336E+03 
              698.624E-03         18.0027E+03 
              699.365E-03         17.8758E+03 
              700.477E-03         17.6948E+03 
              700.895E-03         17.629E+03  
              701.521E-03         17.5333E+03 
              702.46E-03          17.3974E+03 
              703.871E-03         17.2128E+03 
              705.282E-03         17.0496E+03 
              706.695E-03         16.9082E+03 
              708.11E-03          16.7889E+03 
              709.525E-03         16.6919E+03 
              710.942E-03         16.6167E+03 
              712.36E-03          16.5627E+03 
              713.78E-03          16.5285E+03 
              715.201E-03         16.5125E+03 
              716.623E-03         16.5125E+03 
              718.046E-03         16.5261E+03 
              719.471E-03         16.5503E+03 
              720.896E-03         16.5821E+03 
              722.324E-03         16.6181E+03 
              723.752E-03         16.6546E+03 
              725.182E-03         16.6872E+03 
              726.613E-03         16.7109E+03 
              728.045E-03         16.7202E+03 
              729.479E-03         16.7086E+03 
              730.914E-03         16.6698E+03 
              731.452E-03         16.6519E+03 
              732.26E-03          16.6137E+03 
              733.472E-03         16.5293E+03 
              733.927E-03         16.4945E+03 
              734.61E-03          16.4329E+03 
              735.635E-03         16.3201E+03 
              737.173E-03         16.1135E+03 
              737.75E-03          16.0323E+03 
              738.616E-03         15.902E+03  
              739.916E-03         15.7012E+03 
              740.404E-03         15.6267E+03 
              741.136E-03         15.5175E+03 
              742.234E-03         15.3708E+03 
              743.883E-03         15.2245E+03 
              745.534E-03         15.1796E+03 
              747.187E-03         15.2509E+03 
              748.841E-03         15.4404E+03 
              750.496E-03         15.7391E+03 
              752.154E-03         16.1293E+03 
              753.812E-03         16.5887E+03 
              755.473E-03         17.0939E+03 
              757.135E-03         17.6227E+03 
              758.799E-03         18.1561E+03 
              760.464E-03         18.6786E+03 
              762.131E-03         19.1782E+03 
              762.549E-03         19.3023E+03 
              762.966E-03         19.4244E+03 
              763.591E-03         19.6026E+03 
              764.531E-03         19.8577E+03 
              765.94E-03          20.2115E+03 
              766.469E-03         20.3408E+03 
              767.263E-03         20.5244E+03 
              768.455E-03         20.7761E+03 
              768.901E-03         20.8678E+03 
              769.572E-03         20.9975E+03 
              770.579E-03         21.1747E+03 
              772.089E-03         21.4024E+03 
              773.602E-03         21.594E+03  
              775.115E-03         21.7509E+03 
              776.63E-03          21.8751E+03 
              778.146E-03         21.9695E+03 
              779.663E-03         22.0376E+03 
              781.181E-03         22.0831E+03 
              782.701E-03         22.1101E+03 
              784.222E-03         22.1226E+03 
              785.745E-03         22.1249E+03 
              787.269E-03         22.1207E+03 
              788.794E-03         22.1134E+03 
              790.32E-03          22.1056E+03 
              791.848E-03         22.0994E+03 
              793.377E-03         22.0954E+03 
              794.907E-03         22.0934E+03 
              796.439E-03         22.0923E+03 
              797.971E-03         22.0895E+03 
              799.122E-03         22.0856E+03 
              800.273E-03         22.0776E+03 
              801.425E-03         22.0641E+03 
              801.857E-03         22.0586E+03 
              802.505E-03         22.0476E+03 
              803.478E-03         22.0241E+03 
              804.939E-03         21.9702E+03 
              805.487E-03         21.948E+03  
              806.309E-03         21.9073E+03 
              807.543E-03         21.8279E+03 
              809.396E-03         21.6647E+03 
              812.178E-03         21.3196E+03 
              813.223E-03         21.1785E+03 
              814.791E-03         20.9357E+03 
              815.379E-03         20.8414E+03 
              816.262E-03         20.6908E+03 
              817.586E-03         20.4485E+03 
              818.083E-03         20.3563E+03 
              818.829E-03         20.2133E+03 
              819.949E-03         19.9916E+03 
              820.369E-03         19.9081E+03 
              820.999E-03         19.781E+03  
              821.944E-03         19.5884E+03 
              823.363E-03         19.3011E+03 
              823.896E-03         19.1947E+03 
              824.695E-03         19.0368E+03 
              825.893E-03         18.8079E+03 
              826.343E-03         18.7239E+03 
              827.018E-03         18.6012E+03 
              828.031E-03         18.4267E+03 
              828.411E-03         18.3631E+03 
              828.981E-03         18.2712E+03 
              829.836E-03         18.1424E+03 
              831.12E-03          17.9729E+03 
              831.602E-03         17.9135E+03 
              832.325E-03         17.8324E+03 
              833.409E-03         17.7303E+03 
              835.037E-03         17.6255E+03 
              835.648E-03         17.5941E+03 
              836.564E-03         17.5623E+03 
              837.94E-03          17.5506E+03 
              838.456E-03         17.552E+03  
              839.231E-03         17.5653E+03 
              840.393E-03         17.6106E+03 
              842.137E-03         17.7345E+03 
              842.792E-03         17.7898E+03 
              843.774E-03         17.8888E+03 
              845.249E-03         18.0722E+03 
              845.802E-03         18.1465E+03 
              846.632E-03         18.268E+03  
              847.878E-03         18.4715E+03 
              849.748E-03         18.8191E+03 
              850.45E-03          18.9563E+03 
              851.503E-03         19.1727E+03 
              853.083E-03         19.5186E+03 
              853.677E-03         19.652E+03  
              854.566E-03         19.8573E+03 
              855.902E-03         20.1754E+03 
              857.907E-03         20.6696E+03 
              858.659E-03         20.8582E+03 
              859.789E-03         21.1436E+03 
              861.483E-03         21.5749E+03 
              862.119E-03         21.7379E+03 
              863.074E-03         21.9819E+03 
              864.506E-03         22.3454E+03 
              865.043E-03         22.4821E+03 
              865.849E-03         22.6855E+03 
              867.059E-03         22.9863E+03 
              868.876E-03         23.4249E+03 
              869.557E-03         23.5884E+03 
              870.58E-03          23.8278E+03 
              872.115E-03         24.1718E+03 
              872.691E-03         24.2994E+03 
              873.555E-03         24.485E+03  
              874.852E-03         24.7492E+03 
              875.339E-03         24.8468E+03 
              876.069E-03         24.988E+03  
              877.164E-03         25.1876E+03 
              877.575E-03         25.2611E+03 
              878.192E-03         25.367E+03  
              879.117E-03         25.5158E+03 
              880.506E-03         25.7146E+03 
              881.027E-03         25.7863E+03 
              881.808E-03         25.8852E+03 
              882.981E-03         26.0134E+03 
              883.421E-03         26.059E+03  
              884.082E-03         26.1206E+03 
              885.073E-03         26.1972E+03 
              885.444E-03         26.224E+03  
              886.002E-03         26.259E+03  
              886.839E-03         26.2994E+03 
              888.094E-03         26.3327E+03 
              888.565E-03         26.3418E+03 
              889.272E-03         26.3464E+03 
              890.333E-03         26.3327E+03 
              890.731E-03         26.3251E+03 
              891.328E-03         26.307E+03  
              892.223E-03         26.2651E+03 
              893.568E-03         26.1697E+03 
              894.072E-03         26.1301E+03 
              894.829E-03         26.0601E+03 
              895.964E-03         25.9328E+03 
              896.39E-03          25.8824E+03 
              897.029E-03         25.7997E+03 
              897.988E-03         25.6608E+03 
              899.428E-03         25.4216E+03 
              901.588E-03         25.0041E+03 
              902.399E-03         24.8412E+03 
              903.616E-03         24.5803E+03 
              905.443E-03         24.1615E+03 
              906.128E-03         24.002E+03  
              907.156E-03         23.7558E+03 
              908.7E-03           23.3771E+03 
              909.279E-03         23.2349E+03 
              910.148E-03         23.0196E+03 
              911.452E-03         22.6962E+03 
              911.941E-03         22.5757E+03 
              912.675E-03         22.3954E+03 
              913.776E-03         22.1284E+03 
              915.429E-03         21.7419E+03 
              916.05E-03          21.6002E+03 
              916.98E-03          21.3931E+03 
              918.377E-03         21.0987E+03 
              918.901E-03         20.9914E+03 
              919.687E-03         20.8362E+03 
              919.982E-03         20.7791E+03 
              920.425E-03         20.6953E+03 
              921.089E-03         20.5744E+03 
              922.085E-03         20.4048E+03 
              922.458E-03         20.3433E+03 
              923.019E-03         20.2548E+03 
              923.86E-03          20.1315E+03 
              925.122E-03         19.9689E+03 
              925.596E-03         19.9117E+03 
              926.306E-03         19.833E+03  
              927.372E-03         19.732E+03  
              927.772E-03         19.697E+03  
              928.372E-03         19.6498E+03 
              929.273E-03         19.5915E+03 
              930.624E-03         19.533E+03  
              931.131E-03         19.5157E+03 
              931.891E-03         19.4988E+03 
              933.032E-03         19.4937E+03 
              933.46E-03          19.4951E+03 
              934.103E-03         19.5035E+03 
              935.067E-03         19.5302E+03 
              936.513E-03         19.6018E+03 
              937.056E-03         19.6336E+03 
              937.87E-03          19.6907E+03 
              939.092E-03         19.7967E+03 
              939.55E-03          19.8398E+03 
              940.238E-03         19.9105E+03 
              941.27E-03          20.0298E+03 




