
               u_60_45_exp        f_60_45_exp

                0.                -0.         
               39.94E-09         112.028E-03  
              319.041E-09        534.921E-03  
                1.70601E-06        1.30328    
                7.53894E-06        2.91858    
               29.9775E-06         6.16795    
              111.812E-06         12.4637     
              399.954E-06         25.4133     
                1.38837E-03       57.1433     
                4.70264E-03      147.718      
               15.5512E-03       423.51       
               49.9952E-03         1.27121E+03
              154.626E-03          3.81048E+03
              450.699E-03         10.9538E+03 
                1.18929           26.2417E+03 
                1.2446            27.3428E+03 
                1.30068           27.1143E+03 
                1.31482           27.0357E+03 
                1.329             26.8837E+03 
                1.35035           26.5294E+03 
                1.38256           25.7668E+03 
                1.43125           24.4833E+03 
                1.50507           22.9863E+03 
                1.53297           22.5291E+03 
                1.57503           21.9589E+03 
                1.63853           21.1388E+03 
                1.66246           20.8259E+03 
                1.69846           20.2664E+03 
                1.71199           20.0534E+03 
                1.71706           19.9721E+03 
                1.71897           19.9414E+03 
                1.72183           19.894E+03  
                1.72611           19.8217E+03 
                1.72719           19.804E+03  
                1.72826           19.7861E+03 
                1.72987           19.7589E+03 
                1.73228           19.7178E+03 
                1.7359            19.6558E+03 
                1.74133           19.5642E+03 
                1.74677           19.4756E+03 
                1.7522            19.3895E+03 
                1.76036           19.2475E+03 
                1.77261           18.9619E+03 
                1.77721           18.8448E+03 
                1.77893           18.7993E+03 
                1.78152           18.7267E+03 
                1.78539           18.6105E+03 
                1.79122           18.4288E+03 
                1.79704           18.2498E+03 
                1.80286           18.0814E+03 
                1.8116            17.8608E+03 
                1.82472           17.5827E+03 
                1.82595           17.558E+03  
                1.8278            17.5211E+03 
                1.83057           17.4667E+03 
                1.83472           17.3879E+03 
                1.83888           17.3118E+03 
                1.84303           17.238E+03  
                1.84927           17.1332E+03 
                1.85862           16.9901E+03 
                1.86213           16.9389E+03 
                1.8674            16.8653E+03 
                1.86937           16.8383E+03 
                1.87233           16.7985E+03 
                1.87345           16.7838E+03 
                1.87511           16.7618E+03 
                1.87761           16.7291E+03 
                1.87855           16.7169E+03 
                1.87995           16.6987E+03 
                1.88206           16.6712E+03 
                1.88523           16.6297E+03 
                1.88998           16.5658E+03 
                1.8971            16.4681E+03 
                1.89977           16.4316E+03 
                1.90077           16.418E+03  
                1.90227           16.3974E+03 
                1.90453           16.3667E+03 
                1.90791           16.3218E+03 
                1.90918           16.3052E+03 
                1.91108           16.2807E+03 
                1.91298           16.2568E+03 
                1.91489           16.2332E+03 
                1.91774           16.1978E+03 
                1.92202           16.1398E+03 
                1.92844           16.0275E+03 
                1.93085           15.9814E+03 
                1.93176           15.9635E+03 
                1.93311           15.9352E+03 
                1.93514           15.8895E+03 
                1.93819           15.8143E+03 
                1.93934           15.7852E+03 
                1.94105           15.7399E+03 
                1.94362           15.6692E+03 
                1.94459           15.6423E+03 
                1.94604           15.6014E+03 
                1.94821           15.5394E+03 
                1.95146           15.4455E+03 
                1.95635           15.3027E+03 
                1.95818           15.2489E+03 
                1.95887           15.2287E+03 
                1.9599            15.1983E+03 
                1.96144           15.1522E+03 
                1.96376           15.0823E+03 
                1.96608           15.012E+03  
                1.9684            14.9416E+03 
                1.97072           14.8722E+03 
                1.97304           14.8048E+03 
                1.97652           14.7119E+03 
                1.97782           14.6784E+03 
                1.97978           14.6317E+03 
                1.98271           14.5701E+03 
                1.98565           14.5167E+03 
                1.98858           14.4699E+03 
                1.99299           14.4077E+03 
                1.99959           14.3169E+03 
                2.0095            14.1692E+03 
                2.02436           13.901E+03  
                2.04664           13.4173E+03 
                2.08006           12.6779E+03 
                2.13013           11.6301E+03 
                2.13482           11.5279E+03 
                2.14186           11.3817E+03 
                2.14449           11.3267E+03 
                2.14845           11.2453E+03 
                2.14993           11.2146E+03 
                2.15215           11.169E+03  
                2.15549           11.1008E+03 
                2.16049           10.999E+03  
                2.16237           10.9605E+03 
                2.16307           10.9461E+03 
                2.16413           10.9245E+03 
                2.16571           10.8924E+03 
                2.16808           10.8443E+03 
                2.17164           10.7723E+03 
                2.17698           10.6649E+03 
                2.18499           10.5067E+03 
                2.18799           10.4471E+03 
                2.18911           10.4248E+03 
                2.1908            10.3918E+03 
                2.19333           10.3433E+03 
                2.19713           10.2721E+03 
                2.19855           10.2454E+03 
                2.20069           10.2063E+03 
                2.20149           10.1916E+03 
                2.20269           10.1699E+03 
                2.20449           10.1381E+03 
                2.20719           10.0915E+03 
                2.21124           10.0236E+03 
                2.21529            9.95593E+03
                2.21934            9.88598E+03
                2.22541            9.76508E+03
                2.23451            9.51748E+03
                2.23792            9.41293E+03
                2.2392             9.37211E+03
                2.24112            9.30785E+03
                2.244              9.20372E+03
                2.24832            9.03216E+03
                2.25263            8.8504E+03 
                2.25694            8.66638E+03
                2.26341            8.41264E+03
                2.2731             8.1226E+03 
                2.27673            8.02603E+03
                2.28218            7.91073E+03
                2.28422            7.87042E+03
                2.28729            7.81744E+03
                2.28843            7.79813E+03
                2.29016            7.77105E+03
                2.29274            7.7328E+03 
                2.29661            7.67548E+03
                2.30048            7.6134E+03 
                2.30436            7.54327E+03
                2.31016            7.4156E+03 
                2.31886            7.18373E+03
                2.32212            7.09061E+03
                2.32701            6.94704E+03
                2.32884            6.89199E+03
                2.33159            6.80994E+03
                2.33571            6.68942E+03
                2.33983            6.57338E+03
                2.34395            6.46411E+03
                2.35012            6.31895E+03
                2.35938            6.13842E+03
                2.36284            6.07374E+03
                2.36804            5.9886E+03 
                2.36999            5.95713E+03
                2.37291            5.91365E+03
                2.37401            5.89738E+03
                2.37565            5.87416E+03
                2.37812            5.84127E+03
                2.37904            5.82887E+03
                2.38043            5.811E+03  
                2.3825             5.78545E+03
                2.38562            5.7491E+03 
                2.38679            5.73525E+03
                2.38854            5.71537E+03
                2.3892             5.70784E+03
                2.39018            5.69683E+03
                2.39166            5.68073E+03
                2.39388            5.65702E+03
                2.3972             5.62177E+03
                2.40219            5.56848E+03
                2.40966            5.48242E+03
                2.42085            5.31391E+03
                2.4376             4.95451E+03
                2.46267            4.33465E+03
                2.5001             3.52511E+03
                2.5036             3.43773E+03
                2.50884            3.32669E+03
                2.51081            3.28505E+03
                2.51376            3.22556E+03
                2.51486            3.20297E+03
                2.51652            3.17009E+03
                2.519              3.12209E+03
                2.51994            3.10381E+03
                2.52133            3.07705E+03
                2.52343            3.0379E+03 
                2.52421            3.023E+03  
                2.52539            3.00111E+03
                2.52716            2.969E+03  
                2.52981            2.9219E+03 
                2.5308             2.90386E+03
                2.53229            2.87746E+03
                2.53452            2.83856E+03
                2.53787            2.77931E+03
                2.54289            2.67871E+03
                2.55041            2.48981E+03
                2.56167            2.20006E+03
                2.57852            1.91363E+03
                2.6037             1.64253E+03
                2.64125            1.23153E+03
                2.69703          704.177      
                2.77937          302.599      
                2.89955          511.729      
                3.07121            1.91807E+03
                3.30584            3.99226E+03
                3.38586            4.54148E+03
                3.41466            4.7343E+03 
                3.42529            4.80467E+03
                3.44106            4.95333E+03
                3.44692            4.9897E+03 
                3.4491             5.00262E+03
                3.45238            5.03143E+03
                3.45361            5.03967E+03
                3.45544            5.05532E+03
                3.45613            5.06016E+03
                3.45716            5.06865E+03
                3.4587             5.08231E+03
                3.46102            5.10293E+03
                3.46332            5.12233E+03
                3.46563            5.14173E+03
                3.46649            5.14752E+03
                3.46778            5.15846E+03
                3.46971            5.17723E+03
                3.47261            5.2085E+03 
                3.47694            5.25506E+03
                3.4834             5.30413E+03
                3.49301            5.3339E+03 
                3.50726            5.35803E+03
                3.52826            5.40758E+03
                3.55887            5.45736E+03
                3.60279            5.41254E+03
                3.66413            5.09377E+03
                3.74576            4.32472E+03
                3.74752            4.12985E+03
                3.75015            4.07338E+03
                3.75114            4.05829E+03
                3.75261            4.04382E+03
                3.75316            4.03696E+03
                3.75398            4.02864E+03
                3.75521            4.01745E+03
                3.75568            4.01189E+03
                3.75637            4.0048E+03 
                3.7574             3.99527E+03
                3.75895            3.98147E+03
                3.76126            3.96131E+03
                3.7647             3.93342E+03
                3.76599            3.91731E+03
                3.76647            3.91092E+03
                3.76719            3.90411E+03
                3.76826            3.89606E+03
                3.76934            3.88793E+03
                3.77041            3.88001E+03
                3.77201            3.87016E+03
                3.7744             3.85624E+03
                3.77796            3.83345E+03
                3.77929            3.81797E+03
                3.78127            3.80238E+03
                3.78201            3.79374E+03
                3.78312            3.78427E+03
                3.78477            3.77157E+03
                3.78724            3.75095E+03
                3.7897             3.72215E+03
                3.79213            3.68235E+03
                3.79576            3.59816E+03
                3.79666            3.56833E+03
                3.79756            3.54116E+03
                3.7989             3.50107E+03
                3.80024            3.45868E+03
                3.80157            3.41597E+03
                3.80356            3.35922E+03
                3.80653            3.29979E+03
                3.81093            3.2659E+03 
                3.81741            3.25085E+03
                3.8269             3.17156E+03
                3.84058            2.96918E+03
                3.85987            2.66536E+03
                3.88611            2.31693E+03
                3.91954            2.06216E+03
                3.95712            2.19806E+03
                3.98899            2.83485E+03
                3.99999            3.40994E+03
                4.                 3.39662E+03




