
              u_80_45_lin        f_80_45_lin     

                0.                -0.         
               39.94E-09         118.008E-03  
              319.041E-09        563.39E-03   
                1.70601E-06        1.37077    
                7.53894E-06        3.04476    
               29.9775E-06         6.30321    
              111.812E-06         12.3566     
              399.954E-06         24.2801     
                1.38837E-03       52.3104     
                4.70264E-03      130.082      
               15.5512E-03       363.36       
               49.9952E-03         1.07528E+03
              154.626E-03          3.20108E+03
              450.699E-03          9.17332E+03
              605.155E-03         12.3702E+03 
              781.336E-03         15.5092E+03 
              793.02E-03          15.9256E+03 
              804.78E-03          16.1033E+03 
              816.615E-03         16.2541E+03 
              817.729E-03         16.2765E+03 
              819.4E-03           16.301E+03  
              821.909E-03         16.331E+03  
              822.851E-03         16.3432E+03 
              824.265E-03         16.3599E+03 
              826.388E-03         16.3834E+03 
              829.576E-03         16.4173E+03 
              830.773E-03         16.4317E+03 
              832.57E-03          16.4511E+03 
              835.269E-03         16.4786E+03 
              836.281E-03         16.4902E+03 
              837.802E-03         16.5062E+03 
              840.084E-03         16.5289E+03 
              840.941E-03         16.5385E+03 
              842.227E-03         16.5519E+03 
              844.157E-03         16.5711E+03 
              844.881E-03         16.5792E+03 
              845.968E-03         16.5906E+03 
              847.599E-03         16.6072E+03 
              850.049E-03         16.6321E+03 
              850.969E-03         16.6428E+03 
              852.348E-03         16.6579E+03 
              854.42E-03          16.68E+03   
              857.531E-03         16.7137E+03 
              858.699E-03         16.7282E+03 
              860.453E-03         16.7485E+03 
              863.085E-03         16.7781E+03 
              867.041E-03         16.8227E+03 
              868.526E-03         16.8419E+03 
              870.755E-03         16.8679E+03 
              871.592E-03         16.8785E+03 
              872.848E-03         16.8932E+03 
              874.733E-03         16.9144E+03 
              877.564E-03         16.9454E+03 
              878.627E-03         16.9584E+03 
              880.221E-03         16.9764E+03 
              882.616E-03         17.0021E+03 
              883.514E-03         17.0128E+03 
              884.863E-03         17.0276E+03 
              886.888E-03         17.0489E+03 
              887.647E-03         17.0577E+03 
              888.787E-03         17.0701E+03 
              890.499E-03         17.0878E+03 
              893.068E-03         17.1141E+03 
              894.032E-03         17.1252E+03 
              895.48E-03          17.1407E+03 
              897.652E-03         17.1631E+03 
              898.468E-03         17.1725E+03 
              899.691E-03         17.1857E+03 
              901.528E-03         17.2048E+03 
              902.217E-03         17.2126E+03 
              903.251E-03         17.2239E+03 
              904.803E-03         17.2402E+03 
              907.133E-03         17.2644E+03 
              908.007E-03         17.2746E+03 
              909.32E-03          17.2889E+03 
              911.29E-03          17.3095E+03 
              912.029E-03         17.318E+03  
              913.138E-03         17.33E+03   
              914.803E-03         17.3471E+03 
              917.302E-03         17.372E+03  
              918.24E-03          17.3823E+03 
              919.648E-03         17.3967E+03 
              921.761E-03         17.4166E+03 
              922.554E-03         17.4248E+03 
              923.744E-03         17.4361E+03 
              925.53E-03          17.4517E+03 
              926.2E-03           17.458E+03  
              927.206E-03         17.4668E+03 
              928.715E-03         17.4789E+03 
              930.981E-03         17.4953E+03 
              931.831E-03         17.5021E+03 
              933.107E-03         17.5111E+03 
              935.022E-03         17.5226E+03 
              935.741E-03         17.5274E+03 
              936.819E-03         17.5336E+03 
              938.437E-03         17.5412E+03 
              939.045E-03         17.5445E+03 
              939.956E-03         17.5485E+03 
              941.323E-03         17.5533E+03 
              943.375E-03         17.5581E+03 
              944.146E-03         17.5604E+03 
              945.301E-03         17.5624E+03 
              947.036E-03         17.5632E+03 
              949.64E-03          17.5598E+03 
              950.291E-03         17.5597E+03 
              950.943E-03         17.5591E+03 
              951.921E-03         17.5569E+03 
              953.388E-03         17.5514E+03 
              955.591E-03         17.5389E+03 
              957.796E-03         17.5228E+03 
              960.003E-03         17.5021E+03 
              962.212E-03         17.4762E+03 
              963.04E-03          17.4665E+03 
              964.284E-03         17.4492E+03 
              966.151E-03         17.4182E+03 
              966.852E-03         17.4066E+03 
              967.903E-03         17.3871E+03 
              969.48E-03          17.3539E+03 
              971.848E-03         17.2951E+03 
              974.218E-03         17.2279E+03 
              976.591E-03         17.1512E+03 
              978.966E-03         17.0647E+03 
              981.343E-03         16.9679E+03 
              983.722E-03         16.8606E+03 
              986.103E-03         16.7426E+03 
              988.487E-03         16.6135E+03 
              990.873E-03         16.473E+03  
              993.261E-03         16.3208E+03 
              995.651E-03         16.1563E+03 
              998.044E-03         15.9792E+03 
                1.00044           15.7887E+03 
                1.00284           15.5838E+03 
                1.00523           15.3626E+03 
                1.00764           15.1224E+03 
                1.01004           14.8594E+03 
                1.01245           14.5683E+03 
                1.01485           14.2426E+03 
                1.01726           13.8746E+03 
                1.01968           13.4559E+03 
                1.02209           12.978E+03  
                1.02451           12.433E+03  
                1.02814           11.4518E+03 
                1.03086           10.6274E+03 
                1.03359            9.72213E+03
                1.03632            8.75367E+03
                1.03905            7.7456E+03 
                1.04179            6.72506E+03
                1.04316            6.21604E+03
                1.04453            5.71048E+03
                1.04658            4.97142E+03
                1.04864            4.26282E+03
                1.0507             3.59277E+03
                1.05276            2.96731E+03
                1.05482            2.39037E+03
                1.05688            1.86382E+03
                1.05895            1.3876E+03 
                1.06101          960.143      
                1.06308          578.683      
                1.06515          239.718      
                1.06722          -60.5772     
                1.06929         -325.943      
                1.07136         -559.674      
                1.07344         -764.334      
                1.07551         -941.562      
                1.07863           -1.14715E+03
                1.08175           -1.28802E+03
                1.08488           -1.35978E+03
                1.088             -1.35799E+03
                1.09113           -1.28012E+03
                1.09427           -1.12661E+03
                1.0974          -900.954      
                1.09819         -839.116      
                1.09897         -773.253      
                1.10015         -665.736      
                1.10192         -484.981      
                1.10368         -285.303      
                1.10545          -68.3032     
                1.10722          164.428      
                1.109            411.385      
                1.10966          506.32       
                1.11066          652.391      
                1.11215          879.329      
                1.11271          965.872      
                1.11356            1.09787E+03
                1.11482            1.30047E+03
                1.11672            1.61374E+03
                1.11743            1.73301E+03
                1.11849            1.91413E+03
                1.1201             2.19011E+03
                1.1207             2.29457E+03
                1.1216             2.45218E+03
                1.12295            2.69012E+03
                1.12498            3.04807E+03
                1.12701            3.40435E+03
                1.12905            3.75509E+03
                1.13108            4.09642E+03
                1.13311            4.42466E+03
                1.13515            4.73645E+03
                1.13719            5.02885E+03
                1.13923            5.29956E+03
                1.14127            5.54695E+03
                1.14331            5.77011E+03
                1.14535            5.9689E+03 
                1.1474             6.14381E+03
                1.14944            6.29594E+03
                1.15149            6.42682E+03
                1.15353            6.53829E+03
                1.15558            6.6323E+03 
                1.15763            6.71081E+03
                1.15969            6.77564E+03
                1.16174            6.82841E+03
                1.16251            6.84705E+03
                1.16366            6.87112E+03
                1.1654             6.89969E+03
                1.16605            6.90984E+03
                1.16702            6.92275E+03
                1.16849            6.9374E+03 
                1.17069            6.94999E+03
                1.17288            6.95408E+03
                1.17453            6.95257E+03
                1.17619            6.9459E+03 
                1.17681            6.943E+03  
                1.17773            6.93671E+03
                1.17913            6.92318E+03
                1.18122            6.89415E+03
                1.18331            6.85687E+03
                1.18541            6.81107E+03
                1.18751            6.75681E+03
                1.1896             6.69443E+03
                1.1917             6.6245E+03 
                1.1938             6.54776E+03
                1.1959             6.46511E+03
                1.19669            6.43381E+03
                1.19787            6.38477E+03
                1.19965            6.30771E+03
                1.20231            6.18721E+03
                1.20498            6.06428E+03
                1.20764            5.93987E+03
                1.21031            5.81481E+03
                1.21231            5.72128E+03
                1.21432            5.62756E+03
                1.21632            5.53386E+03
                1.21708            5.49916E+03
                1.21821            5.44669E+03
                1.2199             5.36755E+03
                1.22244            5.24857E+03
                1.22498            5.12995E+03
                1.22753            5.01137E+03
                1.23008            4.89286E+03
                1.23263            4.77475E+03
                1.23518            4.65755E+03
                1.23773            4.54193E+03
                1.24028            4.42876E+03
                1.24284            4.319E+03  
                1.24539            4.21371E+03
                1.24795            4.11401E+03
                1.25051            4.02104E+03
                1.25307            3.93594E+03
                1.25564            3.85983E+03
                1.2566             3.83319E+03
                1.25804            3.79571E+03
                1.26021            3.74659E+03
                1.26346            3.69193E+03
                1.26427            3.68036E+03
                1.26508            3.66985E+03
                1.2663             3.65641E+03
                1.26814            3.64259E+03
                1.27088            3.63781E+03
                1.27363            3.6502E+03 
                1.27638            3.67974E+03
                1.27742            3.69386E+03
                1.27896            3.71972E+03
                1.28129            3.7701E+03 
                1.28216            3.79123E+03
                1.28347            3.8263E+03 
                1.28543            3.88687E+03
                1.28617            3.91116E+03
                1.28727            3.94988E+03
                1.28893            4.0133E+03 
                1.29142            4.12027E+03
                1.29235            4.16266E+03
                1.29375            4.2293E+03 
                1.29585            4.33613E+03
                1.29664            4.37763E+03
                1.29782            4.44165E+03
                1.2996             4.54161E+03
                1.30027            4.57999E+03
                1.30126            4.63856E+03
                1.30276            4.72852E+03
                1.30501            4.86765E+03
                1.30726            5.01029E+03
                1.30951            5.15501E+03
                1.31176            5.30045E+03
                1.31402            5.44531E+03
                1.31627            5.58831E+03
                1.31853            5.72817E+03
                1.31937            5.78053E+03
                1.32064            5.85724E+03
                1.32255            5.96799E+03
                1.32326            6.00929E+03
                1.32433            6.06955E+03
                1.32594            6.15597E+03
                1.32655            6.18809E+03
                1.32745            6.23484E+03
                1.32881            6.30162E+03
                1.33085            6.39394E+03
                1.33288            6.47821E+03
                1.33492            6.55367E+03
                1.33696            6.61973E+03
                1.33901            6.67596E+03
                1.34105            6.72201E+03
                1.34309            6.75765E+03
                1.34513            6.78272E+03
                1.3459             6.79097E+03
                1.34705            6.79961E+03
                1.34878            6.80457E+03
                1.34943            6.80562E+03
                1.3504             6.80462E+03
                1.35185            6.79749E+03
                1.35404            6.77482E+03
                1.35623            6.74097E+03
                1.35842            6.69616E+03
                1.36061            6.64081E+03
                1.36225            6.59379E+03
                1.36389            6.54118E+03
                1.36451            6.5209E+03 
                1.36543            6.48862E+03
                1.36682            6.43633E+03
                1.3689             6.35031E+03
                1.37099            6.25779E+03
                1.37307            6.15925E+03
                1.37515            6.05522E+03
                1.37724            5.94629E+03
                1.37933            5.83303E+03
                1.38141            5.71597E+03
                1.3835             5.59562E+03
                1.38559            5.47245E+03
                1.38768            5.3469E+03 
                1.38977            5.21934E+03
                1.39186            5.09011E+03
                1.39395            4.95952E+03
                1.39605            4.8278E+03 
                1.39814            4.69514E+03
                1.40023            4.56164E+03
                1.40233            4.42736E+03
                1.40443            4.29227E+03
                1.40652            4.15626E+03
                1.40862            4.01917E+03
                1.41072            3.88076E+03
                1.41282            3.74074E+03
                1.41597            3.52559E+03
                1.41912            3.30492E+03
                1.42228            3.07724E+03
                1.42543            2.84116E+03
                1.42859            2.5953E+03 
                1.43175            2.3383E+03 
                1.43491            2.06891E+03
                1.43808            1.78609E+03
                1.44124            1.48913E+03
                1.44362            1.25861E+03
                1.44718          894.051      
                1.45075          513.099      
                1.45164          417.486      
                1.45253          320.659      
                1.45387          172.771      
                1.45588          -53.8139     
                1.45663         -139.082      
                1.45776         -268.418      
                1.45946         -465.101      
                1.462           -764.267      
                1.46455           -1.06553E+03
                1.46709           -1.36738E+03
                1.46964           -1.66804E+03
                1.47219           -1.9656E+03 
                1.47474           -2.25806E+03
                1.47729           -2.54341E+03
                1.47984           -2.81962E+03
                1.48175           -3.02058E+03
                1.48367           -3.21484E+03
                1.48558           -3.4015E+03 
                1.4863            -3.47016E+03
                1.48738           -3.57072E+03
                1.489             -3.71539E+03
                1.49142           -3.91656E+03
                1.49233           -3.98928E+03
                1.4937            -4.09318E+03
                1.49575           -4.23627E+03
                1.4978            -4.36546E+03
                1.49985           -4.4802E+03 
                1.5019            -4.58001E+03
                1.50395           -4.66445E+03
                1.50472           -4.69368E+03
                1.50587           -4.73281E+03
                1.5076            -4.78042E+03
                1.5102            -4.82592E+03
                1.5128            -4.8448E+03 
                1.5154            -4.8371E+03 
                1.518             -4.80295E+03
                1.52061           -4.74261E+03
                1.52321           -4.65654E+03
                1.52581           -4.54544E+03
                1.52842           -4.41026E+03
                1.53102           -4.25217E+03
                1.53363           -4.0726E+03 
                1.53624           -3.87314E+03
                1.53885           -3.65552E+03
                1.53983           -3.57112E+03
                1.5413            -3.4397E+03 
                1.5435            -3.23237E+03
                1.54515           -3.07119E+03
                1.54763           -2.81909E+03
                1.55011           -2.55779E+03
                1.55259           -2.28895E+03
                1.55352           -2.18685E+03
                1.55492           -2.03212E+03
                1.55701           -1.79691E+03
                1.56016           -1.43925E+03
                1.5633            -1.07893E+03
                1.56645         -718.704      
                1.5696          -361.052      
                1.57275           -8.26024    
                1.57589          337.528      
                1.57905          674.326      
                1.5822             1.00032E+03
                1.58535            1.31387E+03
                1.58851            1.61355E+03
                1.59166            1.89813E+03
                1.59482            2.16653E+03
                1.59798            2.41787E+03
                1.60114            2.6514E+03 
                1.6043             2.86646E+03
                1.60746            3.06247E+03
                1.61062            3.23887E+03
                1.61379            3.39512E+03
                1.61695            3.53064E+03
                1.62012            3.64483E+03
                1.62329            3.73705E+03
                1.62646            3.8066E+03 
                1.62963            3.8528E+03 
                1.6328             3.87493E+03
                1.63597            3.87232E+03
                1.63914            3.84433E+03
                1.64232            3.79041E+03
                1.64549            3.71016E+03
                1.64867            3.60332E+03
                1.65185            3.46986E+03
                1.65503            3.30997E+03
                1.65821            3.12412E+03
                1.66139            2.91304E+03
                1.66457            2.67774E+03
                1.66775            2.41948E+03
                1.67093            2.13976E+03
                1.67173            2.0688E+03 
                1.67253            1.99647E+03
                1.67372            1.88493E+03
                1.67551            1.71137E+03
                1.6782             1.43864E+03
                1.68089            1.15508E+03
                1.68358          861.928      
                1.68627          560.617      
                1.68896          252.685      
                1.69165          -60.2445     
                1.69434         -376.474      
                1.69703         -694.252      
                1.69973           -1.01178E+03
                1.70074           -1.13051E+03
                1.70225           -1.30823E+03
                1.70453           -1.57259E+03
                1.70538           -1.67114E+03
                1.70666           -1.818E+03  
                1.70858           -2.03535E+03
                1.71146           -2.35238E+03
                1.71434           -2.65827E+03
                1.71722           -2.95138E+03
                1.72154           -3.35771E+03
                1.72586           -3.72604E+03
                1.73019           -4.0534E+03 
                1.73451           -4.33758E+03
                1.73884           -4.57741E+03
                1.74317           -4.77266E+03
                1.7475            -4.92401E+03
                1.75183           -5.03283E+03
                1.75617           -5.10105E+03
                1.7605            -5.13111E+03
                1.76484           -5.12591E+03
                1.76809           -5.10338E+03
                1.76931           -5.09223E+03
                1.77114           -5.0704E+03 
                1.77388           -5.02676E+03
                1.77663           -4.97294E+03
                1.77938           -4.91017E+03
                1.78212           -4.83967E+03
                1.78487           -4.76271E+03
                1.78762           -4.68059E+03
                1.79037           -4.59462E+03
                1.79312           -4.5061E+03 
                1.79415           -4.47247E+03
                1.79569           -4.42177E+03
                1.79801           -4.34568E+03
                1.8015            -4.23353E+03
                1.8028            -4.19163E+03
                1.80476           -4.13027E+03
                1.8077            -4.04254E+03
                1.8121            -3.92425E+03
                1.81651           -3.82285E+03
                1.82092           -3.74195E+03
                1.82203           -3.72281E+03
                1.82313           -3.70515E+03
                1.82478           -3.68215E+03
                1.82726           -3.65553E+03
                1.83099           -3.63364E+03
                1.83471           -3.62928E+03
                1.83843           -3.64145E+03
                1.84216           -3.66853E+03
                1.84589           -3.70855E+03
                1.84961           -3.75944E+03
                1.85334           -3.81922E+03
                1.85706           -3.88604E+03
                1.86079           -3.95822E+03
                1.86452           -4.03427E+03
                1.86825           -4.11281E+03
                1.87198           -4.19265E+03
                1.87571           -4.27268E+03
                1.87944           -4.35195E+03
                1.88317           -4.42958E+03
                1.8869            -4.50482E+03
                1.89063           -4.577E+03  
                1.89437           -4.64548E+03
                1.8981            -4.7097E+03 
                1.90183           -4.76907E+03
                1.90556           -4.82302E+03
                1.9093            -4.87093E+03
                1.9121            -4.90313E+03
                1.9163            -4.94224E+03
                1.91788           -4.95543E+03
                1.92024           -4.97204E+03
                1.92378           -4.98888E+03
                1.92733           -4.99669E+03
                1.93088           -4.99459E+03
                1.93442           -4.98166E+03
                1.93797           -4.95689E+03
                1.94152           -4.91928E+03
                1.94506           -4.86785E+03
                1.94861           -4.8017E+03 
                1.95216           -4.72002E+03
                1.9557            -4.62216E+03
                1.95925           -4.50767E+03
                1.9628            -4.37631E+03
                1.96546           -4.26828E+03
                1.96945           -4.08523E+03
                1.97344           -3.88197E+03
                1.97744           -3.65979E+03
                1.98143           -3.42042E+03
                1.98542           -3.16605E+03
                1.98941           -2.89919E+03
                1.9934            -2.62271E+03
                1.9949            -2.51785E+03
                1.99715           -2.3584E+03 
                2.00051           -2.11636E+03
                2.00557           -1.75376E+03
                2.00683           -1.66331E+03
                2.00809           -1.57306E+03
                2.00999           -1.43858E+03
                2.01283           -1.24017E+03
                2.01709         -953.957      
                2.01869         -848.513      
                2.02109         -695.028      
                2.02469         -477.657      
                2.02603         -398.132      
                2.02806         -283.448      
                2.03109         -123.045      
                2.03564           88.0943     
                2.04019          266.947      
                2.04475          411.303      
                2.04588          445.088      
                2.04702          476.723      
                2.04873          519.147      
                2.05129          571.087      
                2.05513          621.879      
                2.05657          636.955      
                2.05873          650.945      
                2.06197          652.035      
                2.06318          649.525      
                2.065            639.503      
                2.06774          610.131      
                2.07183          533.702      
                2.07593          425.034      
                2.08003          284.746      
                2.08413          113.749      
                2.08823          -86.6936     
                2.09232         -314.968      
                2.09642         -569.136      
                2.10052         -846.948      
                2.10461           -1.14585E+03
                2.10871           -1.46298E+03
                2.1128            -1.79517E+03
                2.1169            -2.13898E+03
                2.12099           -2.49074E+03
                2.12508           -2.84665E+03
                2.12662           -2.98071E+03
                2.12892           -3.18165E+03
                2.13237           -3.4809E+03 
                2.13755           -3.91737E+03
                2.14273           -4.33427E+03
                2.1479            -4.72451E+03
                2.15308           -5.08178E+03
                2.16084           -5.52548E+03
                2.16277           -5.63113E+03
                2.16471           -5.73011E+03
                2.16762           -5.8634E+03 
                2.17198           -6.02774E+03
                2.17526           -6.13056E+03
                2.17853           -6.21192E+03
                2.1818            -6.27138E+03
                2.18507           -6.30857E+03
                2.18629           -6.31959E+03
                2.18813           -6.3287E+03 
                2.19089           -6.32605E+03
                2.19502           -6.28577E+03
                2.19657           -6.26596E+03
                2.1989            -6.22445E+03
                2.20239           -6.13676E+03
                2.2037            -6.10066E+03
                2.20566           -6.03838E+03
                2.2086            -5.92758E+03
                2.21301           -5.72453E+03
                2.21466           -5.64378E+03
                2.21715           -5.51115E+03
                2.22087           -5.28871E+03
                2.22226           -5.20247E+03
                2.22435           -5.06587E+03
                2.22749           -4.84635E+03
                2.2322            -4.48861E+03
                2.2369            -4.10693E+03
                2.2416            -3.7054E+03 
                2.2463            -3.28842E+03
                2.251             -2.86042E+03
                2.2557            -2.42583E+03
                2.25922           -2.09826E+03
                2.26274           -1.77043E+03
                2.26626           -1.44423E+03
                2.26978           -1.12138E+03
                2.2733          -803.458      
                2.27462         -685.353      
                2.2766          -509.742      
                2.27957         -251.433      
                2.28402          121.415      
                2.28847          476.872      
                2.29291          813.177      
                2.29736            1.12863E+03
                2.3018             1.42177E+03
                2.30624            1.69143E+03
                2.31068            1.93671E+03
                2.31512            2.15697E+03
                2.31955            2.35186E+03
                2.32399            2.52127E+03
                2.32842            2.66532E+03
                2.33285            2.78439E+03
                2.33728            2.87905E+03
                2.3417             2.95008E+03
                2.34613            2.99845E+03
                2.35055            3.02532E+03
                2.35497            3.03197E+03
                2.35939            3.01984E+03
                2.3638             2.99048E+03
                2.36546            2.97649E+03
                2.36794            2.95144E+03
                2.37166            2.90415E+03
                2.37306            2.88445E+03
                2.37515            2.85262E+03
                2.37829            2.79938E+03
                2.37947            2.77815E+03
                2.38123            2.7451E+03 
                2.38388            2.69248E+03
                2.38785            2.60738E+03
                2.38934            2.57395E+03
                2.39157            2.52291E+03
                2.39491            2.44386E+03
                2.39617            2.41331E+03
                2.39805            2.36732E+03
                2.40087            2.29751E+03
                2.4051             2.19147E+03
                2.40932            2.08464E+03
                2.41355            1.9784E+03 
                2.41672            1.89912E+03
                2.41988            1.82121E+03
                2.42305            1.74475E+03
                2.42423            1.71584E+03
                2.42601            1.67359E+03
                2.42868            1.61196E+03
                2.43268            1.52313E+03
                2.43668            1.4377E+03 
                2.44068            1.35641E+03
                2.44467            1.27967E+03
                2.44866            1.20778E+03
                2.45265            1.14101E+03
                2.45664            1.07964E+03
                2.46063            1.02391E+03
                2.46461          974.076      
                2.46859          930.388      
                2.47257          893.058      
                2.47406          879.247      
                2.4763           861.589      
                2.47965          840.395      
                2.48091          832.466      
                2.4828           822.761      
                2.48562          812.112      
                2.48986          804.113      
                2.49145          801.245      
                2.49383          800.464      
                2.49741          805.439      
                2.50276          825.564      
                2.50477          833.495      
                2.50778          850.901      
                2.51229          886.393      
                2.5168           929.878      
                2.5213           981.59       
                2.5258             1.04136E+03
                2.5303             1.10891E+03
                2.53479            1.18399E+03
                2.53929            1.26634E+03
                2.54377            1.35573E+03
                2.54826            1.45193E+03
                2.55274            1.55474E+03
                2.55722            1.66394E+03
                2.56169            1.7793E+03 
                2.56616            1.90058E+03
                2.57063            2.02754E+03
                2.5751             2.15987E+03
                2.57956            2.2973E+03 
                2.58401            2.43947E+03
                2.58847            2.58603E+03
                2.59292            2.73658E+03
                2.59736            2.89067E+03
                2.6018             3.04785E+03
                2.60624            3.20763E+03
                2.61068            3.36952E+03
                2.61511            3.53305E+03
                2.61953            3.69777E+03
                2.62396            3.86322E+03
                2.62838            4.02901E+03
                2.63279            4.19472E+03
                2.6372             4.35998E+03
                2.64161            4.52437E+03
                2.64602            4.68751E+03
                2.64767            4.74732E+03
                2.65014            4.83818E+03
                2.65385            4.97383E+03
                2.65524            5.02341E+03
                2.65733            5.09837E+03
                2.66045            5.21011E+03
                2.66513            5.37406E+03
                2.66689            5.43342E+03
                2.66952            5.52276E+03
                2.67347            5.65387E+03
                2.67495            5.70128E+03
                2.67716            5.77238E+03
                2.68049            5.87644E+03
                2.68173            5.91402E+03
                2.6836             5.97021E+03
                2.6864             6.05229E+03
                2.69059            6.16843E+03
                2.69217            6.20953E+03
                2.69453            6.27016E+03
                2.69806            6.35576E+03
                2.70336            6.46885E+03
                2.70534            6.50705E+03
                2.70832            6.56126E+03
                2.71278            6.63057E+03
                2.71445            6.65316E+03
                2.71695            6.68444E+03
                2.72071            6.72202E+03
                2.72212            6.73343E+03
                2.72423            6.7485E+03 
                2.72739            6.76409E+03
                2.73213            6.76958E+03
                2.73391            6.76729E+03
                2.73657            6.75998E+03
                2.74056            6.73657E+03
                2.74654            6.67186E+03
                2.74803            6.65145E+03
                2.74952            6.63038E+03
                2.75176            6.59607E+03
                2.75512            6.53615E+03
                2.76014            6.42714E+03
                2.76266            6.36602E+03
                2.76517            6.30135E+03
                2.76893            6.19603E+03
                2.77034            6.15393E+03
                2.77245            6.08935E+03
                2.77562            5.98734E+03
                2.78036            5.82255E+03
                2.78511            5.6464E+03 
                2.78747            5.55448E+03
                2.78984            5.46144E+03
                2.79339            5.31911E+03
                2.79472            5.26398E+03
                2.79671            5.18159E+03
                2.7997             5.05702E+03
                2.80417            4.86816E+03
                2.80753            4.72458E+03
                2.81088            4.58182E+03
                2.81423            4.44037E+03
                2.81757            4.30097E+03
                2.82091            4.16446E+03
                2.82425            4.03166E+03
                2.8255             3.98138E+03
                2.82738            3.90877E+03
                2.83019            3.80441E+03
                2.8323             3.72764E+03
                2.83546            3.61925E+03
                2.83861            3.51665E+03
                2.84177            3.42077E+03
                2.84492            3.33218E+03
                2.84806            3.25135E+03
                2.85121            3.1787E+03 
                2.85435            3.11458E+03
                2.85749            3.05934E+03
                2.85984            3.02253E+03
                2.86336            2.98075E+03
                2.86688            2.95079E+03
                2.8704             2.93352E+03
                2.87391            2.92944E+03
                2.87742            2.93896E+03
                2.88093            2.9624E+03 
                2.88443            2.99994E+03
                2.88793            3.05148E+03
                2.8888             3.06404E+03
                2.88968            3.07796E+03
                2.89099            3.10171E+03
                2.89295            3.14224E+03
                2.89491            3.18655E+03
                2.89687            3.23462E+03
                2.89883            3.28624E+03
                2.89957            3.30558E+03
                2.90067            3.33617E+03
                2.90232            3.38474E+03
                2.9048             3.46156E+03
                2.90727            3.54034E+03
                2.90974            3.62018E+03
                2.91221            3.69988E+03
                2.91468            3.77814E+03
                2.91715            3.85377E+03
                2.91961            3.92578E+03
                2.92207            3.99344E+03
                2.92454            4.05635E+03
                2.92699            4.11445E+03
                2.92945            4.16804E+03
                2.9319             4.21775E+03
                2.93435            4.2645E+03 
                2.9368             4.30941E+03
                2.93925            4.35377E+03
                2.9417             4.39892E+03
                2.94414            4.4462E+03 
                2.94506            4.46352E+03
                2.94643            4.49148E+03
                2.94849            4.53726E+03
                2.95157            4.61464E+03
                2.95311            4.65424E+03
                2.95466            4.69672E+03
                2.95696            4.76681E+03
                2.95927            4.84178E+03
                2.96158            4.92138E+03
                2.96388            5.00505E+03
                2.96618            5.09197E+03
                2.96848            5.18116E+03
                2.97078            5.27158E+03
                2.97307            5.36214E+03
                2.97537            5.45174E+03
                2.97766            5.53933E+03
                2.97852            5.5711E+03 
                2.97981            5.61869E+03
                2.98174            5.68817E+03
                2.98463            5.78488E+03
                2.98752            5.8714E+03 
                2.99041            5.94695E+03
                2.99329            6.01053E+03
                2.99617            6.06129E+03
                2.99905            6.09863E+03
                3.00192            6.12222E+03
                3.00479            6.13196E+03
                3.00766            6.12792E+03
                3.01053            6.11028E+03
                3.01339            6.07929E+03
                3.01625            6.03523E+03
                3.0191             5.97842E+03
                3.02195            5.90922E+03
                3.0248             5.82808E+03
                3.02765            5.73556E+03
                3.03049            5.63233E+03
                3.03333            5.51921E+03
                3.03616            5.39711E+03
                3.039              5.267E+03  
                3.04183            5.1298E+03 
                3.04465            4.9864E+03 
                3.04747            4.83753E+03
                3.05029            4.68381E+03
                3.05311            4.52575E+03
                3.05592            4.36379E+03
                3.05873            4.1984E+03 
                3.06154            4.03009E+03
                3.06434            3.85951E+03
                3.06714            3.68737E+03
                3.06819            3.62148E+03
                3.06976            3.52389E+03
                3.07212            3.37847E+03
                3.073              3.32295E+03
                3.07432            3.24073E+03
                3.07631            3.11882E+03
                3.07928            2.93855E+03
                3.08225            2.76048E+03
                3.08448            2.62821E+03
                3.0867             2.49876E+03
                3.08753            2.44976E+03
                3.08878            2.37812E+03
                3.09065            2.27353E+03
                3.09346            2.12187E+03
                3.09626            1.9746E+03 
                3.09906            1.83275E+03
                3.10185            1.69687E+03
                3.10464            1.56734E+03
                3.10569            1.51847E+03
                3.10725            1.44885E+03
                3.1096             1.35041E+03
                3.11048            1.31313E+03
                3.1118             1.2598E+03 
                3.11378            1.18427E+03
                3.11674            1.07935E+03
                3.1197           981.249      
                3.12266          890.318      
                3.12487          825.339      
                3.12708          764.572      
                3.12929          707.406      
                3.13012          685.569      
                3.13136          654.888      
                3.13322          611.926      
                3.13601          552.236      
                3.13879          495.682      
                3.14157          442.722      
                3.14435          393.386      
                3.14712          347.669      
                3.14989          305.641      
                3.15092          289.123      
                3.15248          267.222      
                3.15481          238.33       
                3.15568          226.772      
                3.15699          211.425      
                3.15895          191.464      
                3.16189          166.891      
                3.16482          146.408      
                3.16775          130.766      
                3.17068          119.974      
                3.1736           113.788      
                3.17469          110.663      
                3.17633          109.251      
                3.17879          111.166      
                3.17971          110.992      
                3.18109          112.779      
                3.18316          118.107      
                3.18626          129.589      
                3.1909           151.483      
                3.19553          173.377      
                3.19668          175.984      
                3.19784          180.218      
                3.19957          188.49       
                3.20216          200.996      
                3.20313          204.072      
                3.20459          209.684      
                3.20677          217.951      
                3.21003          227.237      
                3.21329          231.382      
                3.21492          230.75       
                3.21655          230.126      
                3.21899          228.409      
                3.2199           226.125      
                3.22127          223.305      
                3.22332          218.585      
                3.22639          208.952      
                3.22946          195.957      
                3.23252          181.387      
                3.23482          169.221      
                3.23711          157.723      
                3.23939          146.823      
                3.24025          141.726      
                3.24153          135.698      
                3.24346          128.528      
                3.24634          120.586      
                3.24742          116.107      
                3.24904          112.203      
                3.25147          109.943      
                3.25237          108.039      
                3.25374          107.365      
                3.25578          109.312      
                3.25654          109.248      
                3.25769          110.731      
                3.2594           115.213      
                3.26198          125.196      
                3.26294          127.711      
                3.26439          133.853      
                3.26655          145.785      
                3.26736          149.272      
                3.26858          156.03       
                3.2704           167.821      
                3.27313          186.531      
                3.27585          203.841      
                3.27857          219.579      
                3.28129          232.908      
                3.284            242.858      
                3.28671          248.479      
                3.28941          248.891      
                3.2921           243.297      
                3.2948           230.998      
                3.29748          211.407      
                3.30017          184.057      
                3.30284          148.617      
                3.30552          104.887      
                3.30818           52.8055     
                3.31085           -7.56092    
                3.31351          -76.0257     
                3.3155          -132.608      
                3.31848         -224.673      
                3.32146         -326.443      
                3.32443         -436.506      
                3.32739         -553.95       
                3.33035         -677.993      
                3.3333          -807.89       
                3.33624         -942.93       
                3.33918           -1.08244E+03
                3.34212           -1.22578E+03
                3.3465            -1.44541E+03
                3.35088           -1.67185E+03
                3.35524           -1.90184E+03
                3.35959           -2.13368E+03
                3.36392           -2.36587E+03
                3.36824           -2.59685E+03
                3.37254           -2.82493E+03
                3.37469           -2.94088E+03
                3.37683           -3.05345E+03
                3.38004           -3.21641E+03
                3.38124           -3.27959E+03
                3.38304           -3.37008E+03
                3.38574           -3.50084E+03
                3.38977           -3.68747E+03
                3.39379           -3.86565E+03
                3.3978            -4.03253E+03
                3.40179           -4.18695E+03
                3.40577           -4.32814E+03
                3.40974           -4.45553E+03
                3.4137            -4.5687E+03 
                3.41764           -4.66737E+03
                3.42157           -4.75133E+03
                3.42549           -4.82041E+03
                3.42939           -4.87448E+03
                3.43328           -4.91342E+03
                3.43716           -4.93719E+03
                3.44102           -4.94587E+03
                3.44295           -4.94921E+03
                3.44488           -4.94671E+03
                3.44776           -4.93223E+03
                3.45063           -4.91057E+03
                3.45349           -4.88067E+03
                3.45778           -4.81298E+03
                3.46098           -4.75317E+03
                3.46417           -4.67911E+03
                3.46497           -4.66231E+03
                3.46577           -4.6434E+03 
                3.46696           -4.61117E+03
                3.46875           -4.55746E+03
                3.47142           -4.46704E+03
                3.47242           -4.43423E+03
                3.47392           -4.37956E+03
                3.47617           -4.28978E+03
                3.47953           -4.14198E+03
                3.48288           -3.98484E+03
                3.48622           -3.81884E+03
                3.48705           -3.77968E+03
                3.48789           -3.73854E+03
                3.48913           -3.67374E+03
                3.491             -3.57387E+03
                3.4938            -3.42313E+03
                3.49659           -3.27689E+03
                3.49937           -3.1381E+03 
                3.50214           -3.01107E+03
                3.5049            -2.90011E+03
                3.50766           -2.80899E+03
                3.51041           -2.74057E+03
                3.51315           -2.69658E+03
                3.51589           -2.67765E+03
                3.51861           -2.6834E+03 
                3.52133           -2.71257E+03
                3.52404           -2.76318E+03
                3.52674           -2.83263E+03
                3.52944           -2.9178E+03 
                3.53212           -3.01499E+03
                3.5348            -3.12011E+03
                3.53747           -3.22876E+03
                3.54014           -3.33653E+03
                3.54279           -3.43934E+03
                3.54544           -3.5338E+03 
                3.54808           -3.61742E+03
                3.55071           -3.68877E+03
                3.55333           -3.74742E+03
                3.55595           -3.79384E+03
                3.55856           -3.82912E+03
                3.55921           -3.83955E+03
                3.55986           -3.8483E+03 
                3.56083           -3.85828E+03
                3.56229           -3.86934E+03
                3.56448           -3.88046E+03
                3.56529           -3.88613E+03
                3.56652           -3.8912E+03 
                3.56835           -3.89513E+03
                3.56904           -3.89794E+03
                3.57007           -3.90008E+03
                3.57161           -3.90127E+03
                3.57392           -3.90202E+03
                3.57478           -3.90466E+03
                3.57607           -3.9063E+03 
                3.57801           -3.90807E+03
                3.5809            -3.9137E+03 
                3.58199           -3.91969E+03
                3.58361           -3.92639E+03
                3.58604           -3.93843E+03
                3.58966           -3.96532E+03
                3.59147           -3.98544E+03
                3.59327           -4.00551E+03
                3.59597           -4.03755E+03
                3.59865           -4.075E+03  
                3.60133           -4.11582E+03
                3.604             -4.15884E+03
                3.60666           -4.20295E+03
                3.6093            -4.24704E+03
                3.61194           -4.28993E+03
                3.61457           -4.33044E+03
                3.61523           -4.34302E+03
                3.61621           -4.35854E+03
                3.61768           -4.37839E+03
                3.61989           -4.40397E+03
                3.62071           -4.4155E+03 
                3.62194           -4.42895E+03
                3.62379           -4.44421E+03
                3.62655           -4.45779E+03
                3.62724           -4.46382E+03
                3.62793           -4.46795E+03
                3.62896           -4.47067E+03
                3.63051           -4.47025E+03
                3.63281           -4.46115E+03
                3.63368           -4.45928E+03
                3.63497           -4.45085E+03
                3.63691           -4.43013E+03
                3.6398            -4.38371E+03
                3.64268           -4.32431E+03
                3.6434            -4.31179E+03
                3.64448           -4.28717E+03
                3.64609           -4.2431E+03 
                3.6485            -4.16626E+03
                3.6494            -4.13905E+03
                3.65075           -4.092E+03  
                3.65277           -4.01346E+03
                3.65578           -3.88307E+03
                3.65653           -3.85367E+03
                3.65728           -3.82178E+03
                3.65841           -3.77004E+03
                3.66009           -3.68838E+03
                3.66261           -3.56036E+03
                3.66355           -3.51497E+03
                3.66496           -3.44193E+03
                3.66707           -3.32835E+03
                3.66786           -3.288E+03  
                3.66904           -3.22424E+03
                3.6708            -3.1262E+03 
                3.67146           -3.0913E+03 
                3.67246           -3.03681E+03
                3.67394           -2.9535E+03 
                3.67616           -2.82824E+03
                3.67836           -2.70519E+03
                3.68057           -2.58334E+03
                3.68221           -2.49382E+03
                3.68385           -2.40416E+03
                3.68549           -2.31519E+03
                3.6861            -2.28352E+03
                3.68702           -2.23431E+03
                3.68839           -2.15983E+03
                3.69044           -2.04964E+03
                3.69121           -2.01126E+03
                3.69236           -1.9516E+03 
                3.69408           -1.86216E+03
                3.69665           -1.73178E+03
                3.69762           -1.68717E+03
                3.69905           -1.61752E+03
                3.70121           -1.51466E+03
                3.70201           -1.47944E+03
                3.70321           -1.42464E+03
                3.70502           -1.34352E+03
                3.70569           -1.31571E+03
                3.7067            -1.27261E+03
                3.70821           -1.20858E+03
                3.71047           -1.11707E+03
                3.71131           -1.08665E+03
                3.71258           -1.03914E+03
                3.71447         -969.78       
                3.71517         -946.734      
                3.71623         -910.734      
                3.71782         -857.782      
                3.72018         -783.684      
                3.72107         -760.183      
                3.72239         -722.76       
                3.72437         -668.526      
                3.72511         -651.395      
                3.72622         -623.886      
                3.72788         -583.347      
                3.7285          -570.557      
                3.72943         -549.946      
                3.73082         -519.086      
                3.73289         -475.519      
                3.73367         -462.632      
                3.73483         -440.947      
                3.73657         -408.625      
                3.73722         -399.073      
                3.7382          -382.897      
                3.73965         -358.311      
                3.74183         -323.507      
                3.74264         -314.101      
                3.74386         -297.039      
                3.74568         -271.132      
                3.74636         -264.158      
                3.74738         -251.4        
                3.74891         -231.574      
                3.75119         -203.379      
                3.75204         -196.687      
                3.75331         -183.131      
                3.75522         -162.139      
                3.75806         -132.445      
                3.75912         -126.5        
                3.7607          -112.072      
                3.76307          -88.8502     
                3.76395          -84.0672     
                3.76528          -72.3091     
                3.76725          -52.3935     
                3.76799          -47.9229     
                3.7691           -37.5676     
                3.77075          -19.6277     
                3.77322            9.70489    
                3.77414           16.7314     
                3.77551           33.1463     
                3.77757           61.8821     
                3.77834           69.6171     
                3.77949           85.8187     
                3.78121          113.796      
                3.78377          160.74       
                3.78473          174.351      
                3.78616          201.944      
                3.7883           249.115      
                3.7891           263.677      
                3.79029          291.032      
                3.79207          336.833      
                3.79473          412.751      
                3.79573          437.148      
                3.79721          482.207      
                3.79942          557.274      
                3.80025          582.198      
                3.80148          626.095      
                3.80333          697.995      
                3.80402          722.387      
                3.80505          763.882      
                3.80659          830.963      
                3.80717          854.088      
                3.80803          892.401      
                3.80932          953.69       
                3.81124            1.05109E+03
                3.81196            1.08483E+03
                3.81304            1.14099E+03
                3.81465            1.23063E+03
                3.81525            1.26204E+03
                3.81614            1.31323E+03
                3.81749            1.39409E+03
                3.81949            1.52088E+03
                3.82024            1.5653E+03 
                3.82136            1.63783E+03
                3.82303            1.75147E+03
                3.82365            1.79152E+03
                3.82459            1.85573E+03
                3.82598            1.95532E+03
                3.82806            2.10749E+03
                3.82884            2.16068E+03
                3.83               2.24578E+03
                3.83173            2.37558E+03
                3.83238            2.42101E+03
                3.83335            2.49269E+03
                3.8348             2.60116E+03
                3.83695            2.76075E+03
                3.83749            2.79607E+03
                3.83802            2.83322E+03
                3.83882            2.89089E+03
                3.84002            2.97669E+03
                3.84181            3.10066E+03
                3.84247            3.14282E+03
                3.84347            3.20836E+03
                3.84496            3.30404E+03
                3.84551            3.3365E+03 
                3.84635            3.38673E+03
                3.84759            3.46011E+03
                3.84944            3.56188E+03
                3.85013            3.59491E+03
                3.85117            3.64612E+03
                3.85271            3.7182E+03 
                3.85501            3.8117E+03 
                3.85586            3.8394E+03 
                3.85714            3.88275E+03
                3.85904            3.93957E+03
                3.85975            3.9553E+03 
                3.86082            3.98078E+03
                3.8624             4.01421E+03
                3.86475            4.05099E+03
                3.86708            4.07288E+03
                3.86766            4.07256E+03
                3.86824            4.07478E+03
                3.86911            4.07985E+03
                3.87039            4.08551E+03
                3.87231            4.08844E+03
                3.87303            4.08426E+03
                3.8741             4.08195E+03
                3.87569            4.07765E+03
                3.87628            4.07211E+03
                3.87717            4.06726E+03
                3.8785             4.06046E+03
                3.87948            4.05259E+03
                3.88096            4.04287E+03
                3.88151            4.03591E+03
                3.88233            4.02911E+03
                3.88356            4.0204E+03 
                3.88401            4.01453E+03
                3.8847             4.00849E+03
                3.88572            4.00097E+03
                3.88724            3.99007E+03
                3.88781            3.98237E+03
                3.88866            3.97504E+03
                3.88993            3.96606E+03
                3.8904             3.95991E+03
                3.89111            3.95393E+03
                3.89137            3.95076E+03
                3.89177            3.94724E+03
                3.89236            3.94313E+03
                3.89324            3.93766E+03
                3.89456            3.9303E+03 
                3.89505            3.92452E+03
                3.89579            3.91961E+03
                3.89689            3.91462E+03
                3.8973             3.91047E+03
                3.89791            3.90705E+03
                3.89882            3.904E+03  
                3.90019            3.90119E+03
                3.90069            3.89696E+03
                3.90145            3.89493E+03
                3.90174            3.89307E+03
                3.90216            3.89195E+03
                3.9028             3.89181E+03
                3.90375            3.89287E+03
                3.90516            3.89651E+03
                3.90568            3.89449E+03
                3.90647            3.89637E+03
                3.90764            3.9025E+03 
                3.90808            3.90217E+03
                3.90873            3.90538E+03
                3.90971            3.91297E+03
                3.91007            3.91377E+03
                3.91061            3.91769E+03
                3.91143            3.92587E+03
                3.91264            3.94045E+03
                3.91309            3.94305E+03
                3.91376            3.9511E+03 
                3.91401            3.95313E+03
                3.91439            3.95775E+03
                3.91495            3.96623E+03
                3.9158             3.98032E+03
                3.91705            4.00352E+03
                3.91752            4.00909E+03
                3.91821            4.02194E+03
                3.91847            4.02565E+03
                3.91886            4.03293E+03
                3.91945            4.0454E+03 
                3.92032            4.06525E+03
                3.92064            4.07069E+03
                3.92113            4.08118E+03
                3.92185            4.09865E+03
                3.92293            4.12576E+03
                3.92333            4.13308E+03
                3.92393            4.14736E+03
                3.92483            4.17036E+03
                3.92572            4.192E+03  
                3.92616            4.20094E+03
                3.9266             4.21091E+03
                3.92726            4.22723E+03
                3.92751            4.23191E+03
                3.92787            4.2402E+03 
                3.92842            4.25342E+03
                3.92924            4.27272E+03
                3.92955            4.27772E+03
                3.93001            4.28702E+03
                3.93069            4.30146E+03
                3.93094            4.30519E+03
                3.93133            4.31203E+03
                3.9319             4.32275E+03
                3.93274            4.33742E+03
                3.93306            4.34038E+03
                3.93353            4.34661E+03
                3.93424            4.35592E+03
                3.9345             4.3575E+03 
                3.9349             4.36112E+03
                3.93549            4.36668E+03
                3.93636            4.37278E+03
                3.93669            4.37222E+03
                3.93718            4.37317E+03
                3.93791            4.37403E+03
                3.93818            4.3722E+03 
                3.93858            4.37074E+03
                3.93919            4.3683E+03 
                3.94009            4.36145E+03
                3.94043            4.3557E+03 
                3.94093            4.34886E+03
                3.94168            4.33746E+03
                3.94196            4.33077E+03
                3.94238            4.32206E+03
                3.943              4.30841E+03
                3.94392            4.28389E+03
                3.94427            4.27119E+03
                3.94478            4.25402E+03
                3.94555            4.22667E+03
                3.94669            4.17903E+03
                3.94711            4.15629E+03
                3.94774            4.12474E+03
                3.94836            4.09109E+03
                3.94899            4.05532E+03
                3.9496             4.01752E+03
                3.95021            3.97776E+03
                3.95082            3.93608E+03
                3.95142            3.89255E+03
                3.95202            3.84724E+03
                3.95261            3.80021E+03
                3.9532             3.75154E+03
                3.95379            3.70132E+03
                3.95437            3.64964E+03
                3.95494            3.59658E+03
                3.95551            3.54223E+03
                3.95608            3.48666E+03
                3.95664            3.42993E+03
                3.95719            3.3721E+03 
                3.95775            3.31323E+03
                3.95829            3.25338E+03
                3.95884            3.19263E+03
                3.95938            3.13107E+03
                3.95991            3.06881E+03
                3.96044            3.00593E+03
                3.96097            2.94257E+03
                3.96149            2.87884E+03
                3.96201            2.81483E+03
                3.96252            2.75068E+03
                3.96303            2.68648E+03
                3.96353            2.62233E+03
                3.96403            2.55835E+03
                3.96453            2.49462E+03
                3.96502            2.43125E+03
                3.96551            2.36833E+03
                3.96599            2.30597E+03
                3.96647            2.24424E+03
                3.96694            2.18324E+03
                3.96712            2.15914E+03
                3.96738            2.125E+03  
                3.96777            2.07558E+03
                3.96836            2.00327E+03
                3.96858            1.97416E+03
                3.9689             1.93341E+03
                3.96938            1.87477E+03
                3.9701             1.79002E+03
                3.97036            1.75566E+03
                3.97076            1.70861E+03
                3.97091            1.69004E+03
                3.97113            1.66389E+03
                3.97146            1.6264E+03 
                3.97194            1.57212E+03
                3.97267            1.49449E+03
                3.97293            1.46271E+03
                3.97333            1.42004E+03
                3.97348            1.40305E+03
                3.9737             1.37945E+03
                3.97403            1.34594E+03
                3.97452            1.29781E+03
                3.97471            1.27804E+03
                3.97498            1.25105E+03
                3.97538            1.21299E+03
                3.97553            1.1974E+03 
                3.97576            1.17593E+03
                3.97609            1.14557E+03
                3.97659            1.10203E+03
                3.97678            1.08381E+03
                3.97705            1.0593E+03 
                3.97746            1.02475E+03
                3.97761            1.01032E+03
                3.97784          990.677      
                3.97818          962.858      
                3.97868          922.459      
                3.97887          905.17       
                3.97914          882.039      
                3.97955          848.974      
                3.97971          834.892      
                3.97993          815.721      
                3.98027          788.125      
                3.98077          746.782      
                3.98096          728.811      
                3.98124          704.459      
                3.98165          668.604      
                3.9818           653.218      
                3.98203          631.955      
                3.98236          600.539      
                3.98286          551.891      
                3.98305          530.819      
                3.98332          501.555      
                3.98342          489.586      
                3.98357          472.583      
                3.9838           447.426      
                3.98414          408.68       
                3.98463          347.409      
                3.98482          321.251      
                3.98509          284.167      
                3.98549          227.237      
                3.98564          203.429      
                3.98587          169.298      
                3.9862           117.306      
                3.98652           62.535      
                3.98684            5.66955    
                3.98715          -53.1452     
                3.98746         -113.874      
                3.98777         -176.479      
                3.98807         -240.906      
                3.98836         -307.084      
                3.98865         -374.929      
                3.98894         -444.343      
                3.98922         -515.221      
                3.9895          -587.444      
                3.98977         -660.881      
                3.99004         -735.391      
                3.9903          -810.822      
                3.99056         -887.025      
                3.99081         -963.853      
                3.99106           -1.04117E+03
                3.99131           -1.11884E+03
                3.99155           -1.19675E+03
                3.99179           -1.27474E+03
                3.99202           -1.35267E+03
                3.99225           -1.43039E+03
                3.99247           -1.50772E+03
                3.99269           -1.58452E+03
                3.9929            -1.66061E+03
                3.99311           -1.73584E+03
                3.99332           -1.81008E+03
                3.99353           -1.8832E+03 
                3.99372           -1.95509E+03
                3.99392           -2.02564E+03
                3.99411           -2.09478E+03
                3.9943            -2.16243E+03
                3.99448           -2.22851E+03
                3.99466           -2.29299E+03
                3.99483           -2.3558E+03 
                3.99501           -2.4169E+03 
                3.99517           -2.47625E+03
                3.99534           -2.53382E+03
                3.99538           -2.54909E+03
                3.99542           -2.56383E+03
                3.99548           -2.58488E+03
                3.99557           -2.61538E+03
                3.9957            -2.65971E+03
                3.99589           -2.72323E+03
                3.99596           -2.74825E+03
                3.99607           -2.78297E+03
                3.99622           -2.83209E+03
                3.99644           -2.90085E+03
                3.99676           -2.99339E+03
                3.99688           -3.02997E+03
                3.99692           -3.04365E+03
                3.99698           -3.06214E+03
                3.99707           -3.08797E+03
                3.99721           -3.12421E+03
                3.99726           -3.13872E+03
                3.99733           -3.15839E+03
                3.99744           -3.1856E+03 
                3.99748           -3.1965E+03 
                3.99754           -3.21138E+03
                3.99762           -3.23199E+03
                3.99765           -3.24026E+03
                3.9977            -3.25163E+03
                3.99777           -3.26742E+03
                3.99787           -3.28933E+03
                3.99802           -3.3188E+03 
                3.99807           -3.33105E+03
                3.99815           -3.34639E+03
                3.99818           -3.3526E+03 
                3.99822           -3.36082E+03
                3.99828           -3.37197E+03
                3.99838           -3.38724E+03
                3.99851           -3.40755E+03
                3.99855           -3.41646E+03
                3.99862           -3.42706E+03
                3.99869           -3.43698E+03
                3.99875           -3.44629E+03
                3.99882           -3.45502E+03
                3.99884           -3.45879E+03
                3.99887           -3.46349E+03
                3.99892           -3.46969E+03
                3.99899           -3.47818E+03
                3.99902           -3.4822E+03 
                3.99906           -3.487E+03  
                3.99911           -3.49332E+03
                3.99913           -3.49632E+03
                3.99916           -3.49998E+03
                3.99921           -3.50484E+03
                3.99922           -3.50714E+03
                3.99925           -3.51003E+03
                3.99928           -3.51389E+03
                3.99933           -3.51943E+03
                3.9994            -3.52768E+03
                3.99943           -3.53193E+03
                3.99946           -3.53693E+03
                3.99951           -3.54414E+03
                3.99953           -3.54773E+03
                3.99956           -3.5522E+03 
                3.9996            -3.55876E+03
                3.99963           -3.56594E+03
                3.99967           -3.57348E+03
                3.9997            -3.58133E+03
                3.99973           -3.58948E+03
                3.99975           -3.59789E+03
                3.99976           -3.60044E+03
                3.99977           -3.60282E+03
                3.99978           -3.60606E+03
                3.99979           -3.61078E+03
                3.99981           -3.61797E+03
                3.99984           -3.62899E+03
                3.99985           -3.63377E+03
                3.99986           -3.64022E+03
                3.99986           -3.64284E+03
                3.99987           -3.64651E+03
                3.99988           -3.65177E+03
                3.9999            -3.65951E+03
                3.99992           -3.67063E+03
                3.99992           -3.67525E+03
                3.99993           -3.68129E+03
                3.99993           -3.68367E+03
                3.99994           -3.68694E+03
                3.99995           -3.69142E+03
                3.99995           -3.69743E+03
                3.99997           -3.70455E+03
                3.99997           -3.70733E+03
                3.99997           -3.71026E+03
                3.99998           -3.71136E+03
                3.99998           -3.7126E+03 
                3.99998           -3.71371E+03
                3.99999           -3.71384E+03
                3.99999           -3.71382E+03
                3.99999           -3.71311E+03
                3.99999           -3.71066E+03
                3.99999           -3.70692E+03
                4.                -3.70175E+03
                4.                -3.69508E+03
                4.                -3.69239E+03
                4.                -3.68782E+03
                4.                -3.67972E+03
                4.                -3.66482E+03
                4.                -3.65882E+03
                4.                -3.64894E+03
                4.                -3.63198E+03
                4.                -3.62561E+03
                4.                -3.61552E+03
                4.                -3.60479E+03




