            u_100_45_exp        f_100_45_exp    

                0.                -0.         
               39.94E-09         118.044E-03  
              319.041E-09        563.669E-03  
                1.70601E-06        1.36492    
                7.53894E-06        2.9768     
               29.9775E-06         5.96433    
              111.812E-06         11.2694     
              399.954E-06         21.2799     
                1.38837E-03       43.6767     
                4.70264E-03      103.482      
               15.5512E-03       279.1        
               49.9952E-03       809.476      
              154.626E-03          2.38568E+03
              450.699E-03          6.79486E+03
              474.857E-03          7.62581E+03
              480.997E-03          7.67608E+03
              487.177E-03          7.67161E+03
              493.397E-03          7.66099E+03
              499.657E-03          7.65391E+03
              505.957E-03          7.65503E+03
              515.482E-03          7.66147E+03
              519.076E-03          7.67656E+03
              524.492E-03          7.67904E+03
              532.667E-03          7.66064E+03
              535.749E-03          7.66032E+03
              540.389E-03          7.63734E+03
              547.385E-03          7.5784E+03 
              550.02E-03           7.56117E+03
              553.985E-03          7.5166E+03 
              557.963E-03          7.46396E+03
              561.955E-03          7.40091E+03
              567.97E-03           7.26455E+03
              574.016E-03          7.06192E+03
              580.093E-03          6.74027E+03
              586.201E-03          6.23935E+03
              592.341E-03          5.51066E+03
              598.511E-03          4.54297E+03
              600.058E-03          4.29198E+03
              602.383E-03          3.87486E+03
              603.256E-03          3.71513E+03
              604.566E-03          3.46377E+03
              606.535E-03          3.06544E+03
              609.493E-03          2.43273E+03
              613.943E-03          1.45472E+03
              620.647E-03        117.907      
              630.768E-03         -1.1518E+03 
              633.31E-03          -1.40602E+03
              635.858E-03         -1.61247E+03
              639.688E-03         -1.7947E+03 
              643.529E-03         -1.84581E+03
              647.38E-03          -1.77655E+03
              653.178E-03         -1.45765E+03
              661.921E-03       -674.226      
              665.213E-03       -337.972      
              670.166E-03        201.764      
              677.627E-03          1.04091E+03
              688.891E-03          2.19494E+03
              705.946E-03          3.3534E+03 
              712.392E-03          3.7112E+03 
              722.109E-03          3.98707E+03
              736.797E-03          3.91353E+03
              759.079E-03          3.25062E+03
              793.051E-03          2.521E+03  
              805.959E-03          2.37378E+03
              810.822E-03          2.33444E+03
              818.141E-03          2.29828E+03
              829.173E-03          2.33346E+03
              845.838E-03          2.52967E+03
              871.099E-03          2.89317E+03
              909.568E-03          3.14769E+03
              968.53E-03           3.10897E+03
              991.016E-03          3.10676E+03
              999.5E-03            3.10251E+03
                1.01228            3.072E+03  
                1.01709            3.0692E+03 
                1.02431            3.0559E+03 
                1.03519            3.04402E+03
                1.05159            3.05387E+03
                1.06395            3.08472E+03
                1.06705            3.09982E+03
                1.07015            3.10997E+03
                1.07481            3.12396E+03
                1.08181            3.14746E+03
                1.09234            3.18082E+03
                1.10821            3.21533E+03
                1.13216            3.22028E+03
                1.1563             3.16621E+03
                1.16235            3.16116E+03
                1.16843            3.13821E+03
                1.17755            3.08871E+03
                1.19128            3.00923E+03
                1.19473            2.99678E+03
                1.19817            2.97912E+03
                1.20334            2.95006E+03
                1.21112            2.91032E+03
                1.22281            2.86713E+03
                1.23454            2.81103E+03
                1.2463             2.68682E+03
                1.25809            2.46841E+03
                1.26253            2.37723E+03
                1.26919            2.20628E+03
                1.27919            1.92512E+03
                1.29425            1.58188E+03
                1.30936            1.39463E+03
                1.32451            1.36318E+03
                1.34735            1.50517E+03
                1.35594            1.58521E+03
                1.36885            1.69785E+03
                1.38829            1.81361E+03
                1.40779            1.83553E+03
                1.42737            1.76238E+03
                1.45687            1.59843E+03
                1.50138            1.53694E+03
                1.56871            1.67403E+03
                1.59412            1.75041E+03
                1.60366            1.7777E+03 
                1.60725            1.78762E+03
                1.61262            1.79848E+03
                1.61464            1.80328E+03
                1.61767            1.80904E+03
                1.62221            1.81641E+03
                1.62903            1.82525E+03
                1.63927            1.83274E+03
                1.65464            1.82581E+03
                1.67775            1.76145E+03
                1.7125             1.61426E+03
                1.72556            1.56371E+03
                1.74518            1.49121E+03
                1.75254            1.46916E+03
                1.76359            1.43792E+03
                1.76774            1.42836E+03
                1.77396            1.41401E+03
                1.7833             1.39563E+03
                1.79732            1.37207E+03
                1.81135            1.34984E+03
                1.82538            1.32426E+03
                1.84646            1.27396E+03
                1.85437            1.25554E+03
                1.86624            1.22663E+03
                1.88405            1.20713E+03
                1.91079            1.22976E+03
                1.95093            1.24716E+03
                1.99109            1.19908E+03
                2.03126            1.10442E+03
                2.09147          948.3        
                2.1816           747.694      
                2.31594          465.056      
                2.44863          189.49       
                2.57899          -86.6797     
                2.62713         -217.555      
                2.69848         -340.91       
                2.70512         -392.132      
                2.71505         -411.998      
                2.71877         -422.296      
                2.72434         -431.218      
                2.73268         -441.935      
                2.74516         -456.885      
                2.7576          -479.096      
                2.77001         -511.775      
                2.78854         -577.391      
                2.81616         -648.239      
                2.82647         -682.083      
                2.84187         -686.479      
                2.86484         -670.82       
                2.87341         -678.042      
                2.88623         -675.271      
                2.90535         -694.752      
                2.92436         -741.612      
                2.94325         -799.361      
                2.97135         -866.81       
                2.98181         -908.553      
                2.99224         -931.657      
                3.00262         -952.131      
                3.01811         -978.292      
                3.04118           -1.00943E+03
                3.07537           -1.03091E+03
                3.10906           -1.05139E+03
                3.14223           -1.07569E+03
                3.17487           -1.11587E+03
                3.2228            -1.17726E+03
                3.24045           -1.24179E+03
                3.26659           -1.25674E+03
                3.30502           -1.25953E+03
                3.36087           -1.23246E+03
                3.44047           -1.16025E+03
                3.55006           -1.00845E+03
                3.69133         -691.92       
                3.84976         -196.982      
                3.97395          206.04       
                4.               252.439      




