
                  X          uf-80-45-exp-n=3

                0.                -0.         
               39.94E-09         112.026E-03  
              319.041E-09        534.836E-03  
                1.70601E-06        1.30133    
                7.53894E-06        2.89055    
               29.9775E-06         5.98404    
              111.812E-06         11.731      
              399.954E-06         23.0505     
                1.38837E-03       49.6602     
                4.70264E-03      123.489      
               15.5512E-03       344.939      
               49.9952E-03         1.02074E+03
              154.626E-03          3.03732E+03
              450.699E-03          8.60377E+03
              909.771E-03         15.891E+03  
                1.49255           20.6956E+03 
                1.61065           21.2592E+03 
                1.70031           21.3884E+03 
                1.76804           21.4557E+03 
                1.81904           21.4733E+03 
                1.85738           21.449E+03  
                1.89579           21.3593E+03 
                1.93423           21.1836E+03 
                1.97271           20.9135E+03 
                2.01119           20.5601E+03 
                2.04967           20.154E+03  
                2.08814           19.7375E+03 
                2.12656           19.3543E+03 
                2.16493           19.0363E+03 
                2.20323           18.794E+03  
                2.24144           18.6136E+03 
                2.27956           18.4561E+03 
                2.31755           18.2802E+03 
                2.35541           18.0696E+03 
                2.39313           17.8279E+03 
                2.43067           17.5596E+03 
                2.46804           17.2675E+03 
                2.50521           16.9541E+03 
                2.56057           16.4499E+03 
                2.58119           16.2359E+03 
                2.58891           16.1544E+03 
                2.60046           16.0426E+03 
                2.60478           15.9967E+03 
                2.61127           15.9332E+03 
                2.61369           15.9076E+03 
                2.61733           15.8716E+03 
                2.62097           15.8355E+03 
                2.62461           15.7995E+03 
                2.63006           15.7475E+03 
                2.6355            15.6972E+03 
                2.64093           15.6502E+03 
                2.64636           15.6054E+03 
                2.65179           15.559E+03  
                2.65314           15.5458E+03 
                2.6545            15.5331E+03 
                2.65653           15.5143E+03 
                2.65729           15.5068E+03 
                2.65843           15.4955E+03 
                2.66015           15.4779E+03 
                2.66271           15.4486E+03 
                2.66528           15.4155E+03 
                2.66785           15.3782E+03 
                2.67169           15.3139E+03 
                2.67745           15.2025E+03 
                2.6832            15.0824E+03 
                2.68895           14.9626E+03 
                2.69756           14.8018E+03 
                2.71043           14.6032E+03 
                2.72327           14.4165E+03 
                2.73607           14.2122E+03 
                2.7552            13.8558E+03 
                2.77423           13.4963E+03 
                2.79317           13.1938E+03 
                2.81201           12.9648E+03 
                2.84009           12.7107E+03 
                2.85056           12.6054E+03 
                2.8662            12.4636E+03 
                2.87205           12.4003E+03 
                2.87424           12.3759E+03 
                2.87752           12.343E+03  
                2.88244           12.2926E+03 
                2.88735           12.2386E+03 
                2.89225           12.1816E+03 
                2.89715           12.1217E+03 
                2.90448           12.0274E+03 
                2.91543           11.8742E+03 
                2.92635           11.7078E+03 
                2.93723           11.5296E+03 
                2.95347           11.2359E+03 
                2.95954           11.1111E+03 
                2.96181           11.0633E+03 
                2.96521           10.9954E+03 
                2.96649           10.9685E+03 
                2.9684            10.9294E+03 
                2.96912           10.9142E+03 
                2.97019           10.8919E+03 
                2.9718            10.8587E+03 
                2.97422           10.8085E+03 
                2.97784           10.7324E+03 
                2.98325           10.6174E+03 
                2.98528           10.5713E+03 
                2.98604           10.5538E+03 
                2.98718           10.5287E+03 
                2.98889           10.4921E+03 
                2.98953           10.4779E+03 
                2.9905            10.4572E+03 
                2.99194           10.4266E+03 
                2.9941            10.3817E+03 
                2.99733           10.3162E+03 
                3.00218           10.2245E+03 
                3.00943           10.1056E+03 
                3.01215           10.0594E+03 
                3.01621           10.0009E+03 
                3.01774            9.97776E+03
                3.02002            9.94662E+03
                3.02344            9.9014E+03 
                3.02472            9.88276E+03
                3.02664            9.85585E+03
                3.02952            9.81313E+03
                3.0324             9.76462E+03
                3.03527            9.70933E+03
                3.03814            9.64656E+03
                3.04244            9.53837E+03
                3.04673            9.4185E+03 
                3.05101            9.29346E+03
                3.05528            9.16735E+03
                3.05955            9.04153E+03
                3.06381            8.91546E+03
                3.06806            8.78828E+03
                3.07442            8.59989E+03
                3.0768             8.52559E+03
                3.08037            8.4216E+03 
                3.08171            8.38143E+03
                3.08371            8.3247E+03 
                3.08446            8.30304E+03
                3.08558            8.27187E+03
                3.08727            8.22738E+03
                3.0898             8.16529E+03
                3.09359            8.08425E+03
                3.09926            7.99268E+03
                3.10773            7.90877E+03
                3.11617            7.85011E+03
                3.12458            7.79757E+03
                3.13296            7.73877E+03
                3.14546            7.62253E+03
                3.16407            7.36398E+03
                3.19165            6.91315E+03
                3.23227            6.32222E+03
                3.27196            5.79613E+03
                3.3107             5.31417E+03
                3.36696            4.73175E+03
                3.44706            4.25296E+03
                3.55715            4.32567E+03
                3.65466            4.90957E+03
                3.73924            5.75084E+03
                3.81079            6.56695E+03
                3.89411            7.3261E+03 
                3.96931            7.27285E+03
                3.99708            6.68935E+03
                4.                 6.29828E+03




