
                  X             uf-60-45-lin  

                0.                -0.         
               39.94E-09          82.3844E-03 
              319.041E-09        390.149E-03  
                1.70601E-06      938.229E-03  
                7.53894E-06        2.06666    
               29.9775E-06         4.27409    
              111.812E-06          8.35       
              399.954E-06         16.0402     
                1.38837E-03       32.8861     
                4.70264E-03       76.9589     
               15.5512E-03       205.227      
               49.9952E-03       591.476      
              154.626E-03          1.73795E+03
              450.699E-03          4.95089E+03
                1.18929           12.9285E+03 
                1.2446            13.8118E+03 
                1.30068           14.2053E+03 
                1.31482           14.3251E+03 
                1.329             14.4345E+03 
                1.33433           14.4796E+03 
                1.34234           14.544E+03  
                1.34534           14.5703E+03 
                1.34647           14.5803E+03 
                1.34816           14.5947E+03 
                1.3507            14.6158E+03 
                1.35165           14.6241E+03 
                1.35308           14.6364E+03 
                1.35523           14.6546E+03 
                1.35844           14.6822E+03 
                1.35925           14.6896E+03 
                1.36005           14.6969E+03 
                1.36126           14.7076E+03 
                1.36307           14.7236E+03 
                1.36398           14.7317E+03 
                1.36489           14.7399E+03 
                1.36625           14.7521E+03 
                1.36659           14.7552E+03 
                1.36693           14.7584E+03 
                1.36744           14.763E+03  
                1.3682            14.77E+03   
                1.36878           14.7752E+03 
                1.36964           14.783E+03  
                1.3705            14.7908E+03 
                1.37136           14.7987E+03 
                1.37222           14.8066E+03 
                1.37308           14.8146E+03 
                1.37395           14.8225E+03 
                1.37524           14.8345E+03 
                1.37718           14.8524E+03 
                1.37912           14.8706E+03 
                1.38058           14.8844E+03 
                1.38204           14.8983E+03 
                1.38349           14.9122E+03 
                1.38495           14.9261E+03 
                1.38641           14.94E+03   
                1.38787           14.9539E+03 
                1.38933           14.9677E+03 
                1.39079           14.9814E+03 
                1.39225           14.995E+03  
                1.39371           15.0082E+03 
                1.39517           15.021E+03  
                1.39663           15.0331E+03 
                1.39718           15.0377E+03 
                1.398             15.0441E+03 
                1.39923           15.0529E+03 
                1.40108           15.0632E+03 
                1.40293           15.0698E+03 
                1.4034            15.0714E+03 
                1.40386           15.0726E+03 
                1.40455           15.0738E+03 
                1.4056            15.0735E+03 
                1.40599           15.0732E+03 
                1.40657           15.0721E+03 
                1.40745           15.0686E+03 
                1.40877           15.059E+03  
                1.41075           15.0328E+03 
                1.41125           15.0257E+03 
                1.41174           15.0177E+03 
                1.41248           15.0038E+03 
                1.41323           14.9878E+03 
                1.41397           14.9698E+03 
                1.41471           14.9495E+03 
                1.41546           14.9271E+03 
                1.4162            14.9023E+03 
                1.41694           14.8753E+03 
                1.41769           14.846E+03  
                1.41796           14.8347E+03 
                1.41838           14.817E+03  
                1.41901           14.7887E+03 
                1.41964           14.7589E+03 
                1.42027           14.7275E+03 
                1.42089           14.6945E+03 
                1.42113           14.682E+03  
                1.42148           14.6626E+03 
                1.42201           14.6326E+03 
                1.42281           14.5853E+03 
                1.4236            14.536E+03  
                1.4244            14.4849E+03 
                1.42519           14.4321E+03 
                1.42638           14.3499E+03 
                1.42817           14.2223E+03 
                1.42996           14.0929E+03 
                1.43131           13.9956E+03 
                1.43265           13.8985E+03 
                1.43399           13.802E+03  
                1.43534           13.7056E+03 
                1.43668           13.6088E+03 
                1.43802           13.51E+03   
                1.44004           13.3501E+03 
                1.44156           13.2203E+03 
                1.44307           13.0771E+03 
                1.44458           12.9177E+03 
                1.44515           12.8556E+03 
                1.446             12.7567E+03 
                1.44728           12.5951E+03 
                1.4492            12.3254E+03 
                1.44968           12.2564E+03 
                1.45016           12.1859E+03 
                1.45088           12.0769E+03 
                1.4516            11.9648E+03 
                1.45232           11.8501E+03 
                1.45304           11.7333E+03 
                1.45412           11.5541E+03 
                1.4552            11.3725E+03 
                1.45628           11.1896E+03 
                1.45736           11.0065E+03 
                1.45844           10.8243E+03 
                1.45952           10.6441E+03 
                1.46033           10.5107E+03 
                1.46114           10.3793E+03 
                1.46195           10.2506E+03 
                1.46276           10.1249E+03 
                1.46398            9.94492E+03
                1.46489            9.81544E+03
                1.46581            9.69188E+03
                1.46672            9.57462E+03
                1.46763            9.46386E+03
                1.46855            9.3596E+03 
                1.46946            9.2617E+03 
                1.47037            9.1698E+03 
                1.47129            9.0834E+03 
                1.4722             9.00185E+03
                1.47311            8.92441E+03
                1.47403            8.85028E+03
                1.47471            8.79623E+03
                1.47574            8.71735E+03
                1.47677            8.63971E+03
                1.4778             8.56243E+03
                1.47883            8.48484E+03
                1.47986            8.40648E+03
                1.48089            8.32715E+03
                1.48192            8.24688E+03
                1.48295            8.16594E+03
                1.48398            8.08476E+03
                1.48501            8.00393E+03
                1.48604            7.92415E+03
                1.48707            7.84612E+03
                1.4881             7.77053E+03
                1.48913            7.69796E+03
                1.49016            7.62886E+03
                1.49042            7.61185E+03
                1.49068            7.59506E+03
                1.49106            7.5704E+03 
                1.49164            7.53458E+03
                1.49251            7.48351E+03
                1.49284            7.46477E+03
                1.49333            7.43748E+03
                1.49406            7.39823E+03
                1.49517            7.34247E+03
                1.49558            7.32201E+03
                1.4962             7.29205E+03
                1.49713            7.24812E+03
                1.49748            7.2318E+03 
                1.498              7.20745E+03
                1.49879            7.17084E+03
                1.49957            7.13385E+03
                1.50036            7.0962E+03 
                1.50114            7.05766E+03
                1.50193            7.01809E+03
                1.50212            7.00815E+03
                1.50232            6.99815E+03
                1.50261            6.98298E+03
                1.50305            6.95984E+03
                1.50372            6.92431E+03
                1.50471            6.86959E+03
                1.50477            6.86617E+03
                1.50484            6.86275E+03
                1.50493            6.85761E+03
                1.50507            6.84987E+03
                1.50528            6.83822E+03
                1.50536            6.83384E+03
                1.50548            6.82726E+03
                1.50559            6.82066E+03
                1.50571            6.81406E+03
                1.50583            6.80744E+03
                1.50595            6.80081E+03
                1.50599            6.79832E+03
                1.50606            6.79458E+03
                1.50616            6.78898E+03
                1.50631            6.78055E+03
                1.50636            6.77739E+03
                1.50645            6.77265E+03
                1.50657            6.76552E+03
                1.50662            6.76285E+03
                1.50669            6.75885E+03
                1.5068             6.75283E+03
                1.50684            6.75058E+03
                1.5069             6.74719E+03
                1.50699            6.74212E+03
                1.50712            6.73451E+03
                1.50732            6.72311E+03
                1.5074             6.71883E+03
                1.50751            6.71243E+03
                1.50768            6.70285E+03
                1.50775            6.69926E+03
                1.50784            6.69388E+03
                1.50788            6.69186E+03
                1.50793            6.68884E+03
                1.50801            6.68432E+03
                1.50813            6.67755E+03
                1.50832            6.66744E+03
                1.50859            6.6524E+03 
                1.50869            6.64678E+03
                1.50873            6.64467E+03
                1.50879            6.64152E+03
                1.50887            6.63681E+03
                1.509              6.62978E+03
                1.5092             6.61932E+03
                1.50927            6.61542E+03
                1.50938            6.60958E+03
                1.50954            6.60091E+03
                1.50961            6.59767E+03
                1.5097             6.59283E+03
                1.50973            6.59102E+03
                1.50978            6.58832E+03
                1.50986            6.58428E+03
                1.50998            6.57826E+03
                1.51015            6.56933E+03
                1.51042            6.5562E+03 
                1.51051            6.55131E+03
                1.51055            6.54949E+03
                1.51061            6.54676E+03
                1.51069            6.5427E+03 
                1.51081            6.53666E+03
                1.511              6.52777E+03
                1.51128            6.51477E+03
                1.51139            6.50996E+03
                1.51143            6.50816E+03
                1.51149            6.50548E+03
                1.51157            6.50149E+03
                1.51161            6.5E+03    
                1.51166            6.49778E+03
                1.51173            6.49448E+03
                1.51185            6.48959E+03
                1.51201            6.4824E+03 
                1.51208            6.47972E+03
                1.51217            6.47576E+03
                1.51221            6.47428E+03
                1.51226            6.47208E+03
                1.51234            6.46881E+03
                1.51246            6.46398E+03
                1.51264            6.45691E+03
                1.51271            6.45429E+03
                1.51273            6.45331E+03
                1.51277            6.45185E+03
                1.51283            6.44968E+03
                1.51291            6.44646E+03
                1.51304            6.44173E+03
                1.51309            6.43996E+03
                1.51316            6.43735E+03
                1.51327            6.4335E+03 
                1.51331            6.43207E+03
                1.51337            6.42994E+03
                1.51346            6.4268E+03 
                1.5136             6.42219E+03
                1.51365            6.42048E+03
                1.51373            6.41795E+03
                1.51376            6.41701E+03
                1.5138             6.4156E+03 
                1.51386            6.41352E+03
                1.51396            6.41046E+03
                1.51411            6.40598E+03
                1.51416            6.40432E+03
                1.51425            6.40188E+03
                1.51428            6.40096E+03
                1.51432            6.39961E+03
                1.51439            6.3976E+03 
                1.5145             6.39466E+03
                1.51453            6.39356E+03
                1.51459            6.39194E+03
                1.51468            6.38956E+03
                1.51481            6.38607E+03
                1.51501            6.38107E+03
                1.51531            6.37405E+03
                1.51542            6.37149E+03
                1.51546            6.37054E+03
                1.51552            6.36914E+03
                1.51562            6.36708E+03
                1.51565            6.36631E+03
                1.5157             6.36518E+03
                1.51578            6.36351E+03
                1.5159             6.36108E+03
                1.51595            6.36017E+03
                1.51601            6.35884E+03
                1.51611            6.3569E+03 
                1.51615            6.35617E+03
                1.51621            6.3551E+03 
                1.51629            6.35354E+03
                1.51642            6.35125E+03
                1.51647            6.35041E+03
                1.51654            6.34916E+03
                1.51664            6.34734E+03
                1.51668            6.34667E+03
                1.51674            6.34567E+03
                1.51683            6.34421E+03
                1.51687            6.34366E+03
                1.51692            6.34286E+03
                1.51699            6.34167E+03
                1.51711            6.33994E+03
                1.51728            6.33744E+03
                1.51734            6.33652E+03
                1.51744            6.33517E+03
                1.51748            6.33467E+03
                1.51753            6.33392E+03
                1.51761            6.33282E+03
                1.51773            6.33122E+03
                1.51792            6.3289E+03 
                1.51799            6.32804E+03
                1.51809            6.32677E+03
                1.51813            6.3263E+03 
                1.51819            6.3256E+03 
                1.51827            6.32457E+03
                1.5184             6.32305E+03
                1.51845            6.32248E+03
                1.51852            6.32164E+03
                1.51863            6.3204E+03 
                1.51868            6.31994E+03
                1.51874            6.31925E+03
                1.51883            6.31822E+03
                1.51886            6.31784E+03
                1.51892            6.31727E+03
                1.519              6.31642E+03
                1.51911            6.31515E+03
                1.51929            6.31326E+03
                1.51935            6.31255E+03
                1.51945            6.31149E+03

 MINIMUM        0.                -0.         
  AT X =                           0.         
 MAXIMUM        1.51945           15.0738E+03 
  AT X =                           1.40455    




