
                  X            uf-60-0-90-Gm5 

                0.                -0.         
               39.94E-09         122.036E-03  
              319.041E-09        605.906E-03  
                1.70601E-06        1.55163    
                7.53894E-06        3.63009    
               29.9775E-06         7.98076    
              111.812E-06         17.4109     
              399.954E-06         41.6386     
                1.38837E-03      113.827      
                4.70264E-03      341.38       
               15.5512E-03         1.06592E+03
               49.9952E-03         3.33899E+03
              154.626E-03         10.2092E+03 
              450.699E-03         29.5231E+03 
              551.162E-03         36.0946E+03 
              661.566E-03         42.7196E+03 
              705.417E-03         45.3645E+03 
              722.194E-03         46.3607E+03 
              723.776E-03         46.471E+03  
              726.152E-03         46.609E+03  
              729.723E-03         46.8075E+03 
              735.093E-03         47.1049E+03 
              737.112E-03         47.2221E+03 
              740.145E-03         47.3912E+03 
              744.704E-03         47.6434E+03 
              746.417E-03         47.7426E+03 
              748.99E-03          47.8859E+03 
              752.856E-03         48.0995E+03 
              754.308E-03         48.1832E+03 
              756.489E-03         48.3047E+03 
              759.765E-03         48.4859E+03 
              764.691E-03         48.7592E+03 
              766.542E-03         48.8668E+03 
              769.323E-03         49.0231E+03 
              773.501E-03         49.2579E+03 
              775.071E-03         49.3501E+03 
              777.428E-03         49.4846E+03 
              780.969E-03         49.6864E+03 
              786.294E-03         49.9927E+03 
              788.295E-03         50.1132E+03 
              791.301E-03         50.2884E+03 
              795.819E-03         50.5511E+03 
              797.516E-03         50.654E+03  
              800.065E-03         50.8036E+03 
              803.894E-03         51.027E+03  
              805.333E-03         51.1141E+03 
              807.492E-03         51.241E+03  
              810.736E-03         51.43E+03   
              815.612E-03         51.7133E+03 
              817.443E-03         51.8239E+03 
              818.131E-03         51.8657E+03 
              819.162E-03         51.9266E+03 
              819.549E-03         51.9496E+03 
              820.13E-03          51.9838E+03 
              821.001E-03         52.0344E+03 
              821.328E-03         52.0537E+03 
              821.818E-03         52.0824E+03 
              822.554E-03         52.1252E+03 
              823.658E-03         52.189E+03  
              824.763E-03         52.2531E+03 
              825.868E-03         52.3173E+03 
              826.974E-03         52.3816E+03 
              828.081E-03         52.4458E+03 
              829.188E-03         52.5101E+03 
              830.296E-03         52.5743E+03 
              831.959E-03         52.67E+03   
              833.623E-03         52.7661E+03 
              835.289E-03         52.8623E+03 
              836.956E-03         52.9582E+03 
              838.625E-03         53.0534E+03 
              840.295E-03         53.1465E+03 
              841.967E-03         53.2355E+03 
              842.803E-03         53.2794E+03 
              843.64E-03          53.321E+03  
              844.895E-03         53.3762E+03 
              846.152E-03         53.4223E+03 
              847.409E-03         53.4553E+03 
              848.667E-03         53.4709E+03 
              849.926E-03         53.4643E+03 
              851.185E-03         53.4303E+03 
              852.446E-03         53.3644E+03 
              853.707E-03         53.2624E+03 
              854.969E-03         53.1216E+03 
              856.231E-03         52.9405E+03 
              857.495E-03         52.7195E+03 
              858.759E-03         52.4605E+03 
              858.996E-03         52.411E+03  
              859.056E-03         52.3986E+03 
              859.144E-03         52.3797E+03 
              859.178E-03         52.3726E+03 
              859.228E-03         52.3619E+03 
              859.303E-03         52.3457E+03 
              859.415E-03         52.3211E+03 
              859.458E-03         52.3119E+03 
              859.521E-03         52.2979E+03 
              859.616E-03         52.2767E+03 
              859.758E-03         52.2444E+03 
              859.812E-03         52.2322E+03 
              859.892E-03         52.2138E+03 
              860.012E-03         52.1859E+03 
              860.193E-03         52.1432E+03 
              860.463E-03         52.0776E+03 
              860.565E-03         52.0528E+03 
              860.717E-03         52.0151E+03 
              860.945E-03         51.9574E+03 
              861.117E-03         51.9137E+03 
              861.374E-03         51.8467E+03 
              861.631E-03         51.7786E+03 
              861.888E-03         51.7094E+03 
              862.273E-03         51.6031E+03 
              862.852E-03         51.439E+03  
              863.72E-03          51.1843E+03 
              864.046E-03         51.088E+03  
              864.535E-03         50.9415E+03 
              864.718E-03         50.8864E+03 
              864.993E-03         50.8031E+03 
              865.096E-03         50.7718E+03 
              865.25E-03          50.7248E+03 
              865.482E-03         50.6539E+03 
              865.715E-03         50.5827E+03 
              865.947E-03         50.5113E+03 
              866.179E-03         50.4398E+03 
              866.411E-03         50.3681E+03 
              866.643E-03         50.2964E+03 
              866.875E-03         50.2246E+03 
              866.962E-03         50.1977E+03 
              867.093E-03         50.1573E+03 
              867.289E-03         50.0967E+03 
              867.583E-03         50.0059E+03 
              867.877E-03         49.9153E+03 
              868.171E-03         49.8249E+03 
              868.465E-03         49.7347E+03 
              868.759E-03         49.6449E+03 
              869.053E-03         49.5554E+03 
              869.494E-03         49.4219E+03 
              869.66E-03          49.372E+03  
              869.908E-03         49.2975E+03 
              870.281E-03         49.1862E+03 
              870.42E-03          49.1447E+03 
              870.473E-03         49.1291E+03 
              870.492E-03         49.1232E+03 
              870.522E-03         49.1145E+03 
              870.566E-03         49.1014E+03 
              870.583E-03         49.0965E+03 
              870.607E-03         49.0891E+03 
              870.645E-03         49.078E+03  
              870.701E-03         49.0614E+03 
              870.757E-03         49.0449E+03 
              870.813E-03         49.0283E+03 
              870.869E-03         49.0118E+03 
              870.924E-03         48.9953E+03 
              870.98E-03          48.9788E+03 
              871.036E-03         48.9623E+03 
              871.092E-03         48.9458E+03 
              871.148E-03         48.9293E+03 
              871.204E-03         48.9129E+03 
              871.26E-03          48.8964E+03 
              871.281E-03         48.8903E+03 
              871.313E-03         48.881E+03  
              871.36E-03          48.8672E+03 
              871.378E-03         48.862E+03  
              871.404E-03         48.8542E+03 
              871.444E-03         48.8425E+03 
              871.504E-03         48.825E+03  
              871.564E-03         48.8075E+03 
              871.623E-03         48.79E+03   
              871.683E-03         48.7725E+03 
              871.743E-03         48.7551E+03 
              871.803E-03         48.7376E+03 
              871.825E-03         48.7311E+03 
              871.859E-03         48.7213E+03 
              871.909E-03         48.7066E+03 
              871.985E-03         48.6845E+03 
              872.013E-03         48.6763E+03 
              872.056E-03         48.6639E+03 
              872.12E-03          48.6453E+03 
              872.144E-03         48.6383E+03 
              872.18E-03          48.6279E+03 
              872.233E-03         48.6122E+03 
              872.314E-03         48.5888E+03 
              872.395E-03         48.5653E+03 
              872.476E-03         48.5419E+03 
              872.557E-03         48.5184E+03 
              872.678E-03         48.4833E+03 
              872.723E-03         48.4701E+03 
              872.792E-03         48.4504E+03 
              872.894E-03         48.4207E+03 
              873.047E-03         48.3763E+03 
              873.105E-03         48.3597E+03 
              873.191E-03         48.3347E+03 
              873.321E-03         48.2972E+03 
              873.369E-03         48.2831E+03 
              873.442E-03         48.262E+03  
              873.552E-03         48.2304E+03 
              873.592E-03         48.2185E+03 
              873.654E-03         48.2007E+03 
              873.746E-03         48.1739E+03 
              873.781E-03         48.1639E+03 
              873.833E-03         48.1489E+03 
              873.91E-03          48.1263E+03 
              874.027E-03         48.0923E+03 
              874.202E-03         48.0412E+03 
              874.268E-03         48.0221E+03 
              874.366E-03         47.9933E+03 
              874.403E-03         47.9825E+03 
              874.459E-03         47.9662E+03 
              874.542E-03         47.9419E+03 
              874.573E-03         47.9327E+03 
              874.62E-03          47.919E+03  
              874.69E-03          47.8983E+03 
              874.795E-03         47.8673E+03 
              874.953E-03         47.8205E+03 
              875.19E-03          47.7498E+03 
              875.545E-03         47.6421E+03 
              876.078E-03         47.4763E+03 
              876.278E-03         47.4135E+03 
              876.353E-03         47.3899E+03 
              876.465E-03         47.3542E+03 
              876.634E-03         47.3002E+03 
              876.887E-03         47.2178E+03 
              877.14E-03          47.1339E+03 
              877.393E-03         47.0485E+03 
              877.773E-03         46.9165E+03 
              878.343E-03         46.7087E+03 
              878.912E-03         46.4904E+03 
              879.482E-03         46.2607E+03 
              880.052E-03         46.0193E+03 
              880.623E-03         45.7659E+03 
              881.193E-03         45.5006E+03 
              881.764E-03         45.224E+03  
              882.335E-03         44.9366E+03 
              882.477E-03         44.8642E+03 
              882.62E-03          44.7912E+03 
              882.834E-03         44.6802E+03 
              883.155E-03         44.5107E+03 
              883.637E-03         44.2505E+03 
              884.36E-03          43.8501E+03 
              885.084E-03         43.4432E+03 
              885.807E-03         43.0333E+03 
              886.531E-03         42.6237E+03 
              887.255E-03         42.2178E+03 
              887.979E-03         41.8189E+03 
              888.704E-03         41.4302E+03 
              889.428E-03         41.0549E+03 
              890.153E-03         40.6964E+03 
              890.879E-03         40.3581E+03 
              891.604E-03         40.0432E+03 
              892.33E-03          39.755E+03  
              893.056E-03         39.4962E+03 
              893.782E-03         39.2692E+03 
              894.509E-03         39.0751E+03 
              895.235E-03         38.9143E+03 
              895.962E-03         38.7857E+03 
              896.689E-03         38.687E+03  
              897.417E-03         38.6144E+03 
              898.144E-03         38.5633E+03 
              898.872E-03         38.5281E+03 
              899.601E-03         38.5027E+03 
              900.329E-03         38.481E+03  
              901.058E-03         38.4571E+03 
              901.604E-03         38.4359E+03 
              902.151E-03         38.4092E+03 
              902.698E-03         38.3754E+03 
              903.245E-03         38.3333E+03 
              903.792E-03         38.2821E+03 
              904.339E-03         38.2215E+03 
              905.161E-03         38.11E+03   
              905.982E-03         37.9811E+03 
              906.804E-03         37.839E+03  
              907.626E-03         37.6887E+03 
              908.449E-03         37.5358E+03 
              909.271E-03         37.3854E+03 
              910.094E-03         37.2423E+03 
              910.918E-03         37.1103E+03 
              911.741E-03         36.9919E+03 
              912.565E-03         36.8884E+03 
              913.183E-03         36.8195E+03 
              913.802E-03         36.7589E+03 
              914.42E-03          36.7061E+03 
              915.039E-03         36.6603E+03 
              915.271E-03         36.6441E+03 
              915.619E-03         36.6218E+03 
              916.141E-03         36.5916E+03 
              916.925E-03         36.5519E+03 
              917.709E-03         36.5157E+03 
              918.297E-03         36.4896E+03 
              918.885E-03         36.4636E+03 
              919.474E-03         36.4371E+03 
              920.062E-03         36.4095E+03 
              920.651E-03         36.3804E+03 
              920.872E-03         36.3694E+03 
              921.203E-03         36.3523E+03 
              921.7E-03           36.3254E+03 
              922.197E-03         36.2973E+03 
              922.694E-03         36.2681E+03 
              923.192E-03         36.2381E+03 
              923.689E-03         36.2074E+03 
              924.186E-03         36.1762E+03 
              924.684E-03         36.145E+03  
              925.182E-03         36.1139E+03 
              925.929E-03         36.0685E+03 
              926.209E-03         36.0519E+03 
              926.629E-03         36.0277E+03 
              927.259E-03         35.9934E+03 
              927.89E-03          35.962E+03  
              928.521E-03         35.9339E+03 
              929.152E-03         35.9095E+03 
              929.783E-03         35.8894E+03 
              930.414E-03         35.8736E+03 
              931.046E-03         35.8625E+03 
              931.678E-03         35.856E+03  
              932.31E-03          35.8543E+03 
              932.942E-03         35.8572E+03 
              933.574E-03         35.8645E+03 
              934.206E-03         35.876E+03  
              934.681E-03         35.8868E+03 
              935.155E-03         35.8995E+03 
              935.63E-03          35.9139E+03 
              936.104E-03         35.9298E+03 
              936.579E-03         35.9469E+03 
              937.054E-03         35.9649E+03 
              937.767E-03         35.9928E+03 
              938.479E-03         36.0207E+03 
              939.192E-03         36.0475E+03 
              939.727E-03         36.0667E+03 
              940.262E-03         36.0844E+03 
              940.797E-03         36.1E+03    
              941.332E-03         36.1133E+03 
              941.868E-03         36.1238E+03 
              942.403E-03         36.1311E+03 
              942.939E-03         36.1349E+03 
              943.474E-03         36.1347E+03 
              944.01E-03          36.1301E+03 
              944.546E-03         36.1208E+03 
              945.082E-03         36.1064E+03 
              945.618E-03         36.0865E+03 
              946.155E-03         36.0607E+03 
              946.691E-03         36.0286E+03 
              947.228E-03         35.99E+03   
              948.033E-03         35.9158E+03 
              948.234E-03         35.8965E+03 
              948.435E-03         35.8761E+03 
              948.737E-03         35.8431E+03 
              949.19E-03          35.788E+03  
              949.87E-03          35.6926E+03 
              950.55E-03          35.5847E+03 
              951.23E-03          35.4641E+03 
              951.911E-03         35.3312E+03 
              952.591E-03         35.1863E+03 
              953.272E-03         35.0298E+03 
              953.953E-03         34.8626E+03 
              954.634E-03         34.6852E+03 
              955.316E-03         34.4986E+03 
              955.997E-03         34.3037E+03 
              956.679E-03         34.1014E+03 
              957.361E-03         33.8926E+03 
              958.384E-03         33.5679E+03 
              958.896E-03         33.4034E+03 
              959.408E-03         33.2369E+03 
              959.92E-03          33.0686E+03 
              960.688E-03         32.8134E+03 
              961.456E-03         32.5569E+03 
              962.225E-03         32.3001E+03 
              962.994E-03         32.0439E+03 
              963.763E-03         31.7891E+03 
              964.532E-03         31.5365E+03 
              965.302E-03         31.2864E+03 
              966.072E-03         31.0395E+03 
              966.842E-03         30.7958E+03 
              967.612E-03         30.5554E+03 
              967.901E-03         30.4659E+03 
              968.335E-03         30.3326E+03 
              968.985E-03         30.1345E+03 
              969.961E-03         29.8409E+03 
              970.449E-03         29.6951E+03 
              970.937E-03         29.5498E+03 
              971.426E-03         29.4047E+03 
              972.158E-03         29.1863E+03 
              972.891E-03         28.9662E+03 
              973.624E-03         28.7433E+03 
              973.899E-03         28.6593E+03 
              974.312E-03         28.532E+03  
              974.93E-03          28.3373E+03 
              975.162E-03         28.2638E+03 
              975.511E-03         28.1522E+03 
              976.033E-03         27.9815E+03 
              976.817E-03         27.718E+03  
              977.601E-03         27.4482E+03 
              978.385E-03         27.1736E+03 
              979.17E-03          26.8971E+03 
              979.954E-03         26.6219E+03 
              980.739E-03         26.3521E+03 
              980.936E-03         26.2852E+03 
              981.23E-03          26.186E+03  
              981.672E-03         26.0403E+03 
              982.335E-03         25.8317E+03 
              982.583E-03         25.7552E+03 
              982.956E-03         25.6443E+03 
              983.516E-03         25.4882E+03 
              983.725E-03         25.4313E+03 
              984.04E-03          25.3494E+03 
              984.513E-03         25.2354E+03 
              985.221E-03         25.0851E+03 
              985.487E-03         25.0319E+03 
              985.886E-03         24.9589E+03 
              986.484E-03         24.8646E+03 
              986.708E-03         24.8315E+03 
              987.045E-03         24.7865E+03 
              987.55E-03          24.7292E+03 
              987.739E-03         24.7092E+03 
              988.023E-03         24.6823E+03 
              988.449E-03         24.6484E+03 
              989.089E-03         24.6107E+03 
              989.328E-03         24.5984E+03 
              989.688E-03         24.5837E+03 
              990.228E-03         24.5689E+03 
              991.038E-03         24.56E+03   
              991.342E-03         24.5586E+03 
              991.797E-03         24.5598E+03 
              992.481E-03         24.5676E+03 
              992.737E-03         24.5715E+03 
              993.122E-03         24.5789E+03 
              993.699E-03         24.5931E+03 
              994.565E-03         24.6203E+03 
              995.865E-03         24.6738E+03 
              997.165E-03         24.7398E+03 
              997.49E-03          24.7574E+03 
              997.815E-03         24.7757E+03 
              998.303E-03         24.8045E+03 
              999.035E-03         24.8506E+03 
                1.00013           24.9248E+03 
                1.00055           24.9536E+03 
                1.00116           24.9978E+03 
                1.0014            25.0146E+03 
                1.00174           25.0399E+03 
                1.00226           25.078E+03  
                1.00305           25.135E+03  
                1.00334           25.1566E+03 
                1.00378           25.1889E+03 
                1.00444           25.2374E+03 
                1.0051            25.2868E+03 
                1.00527           25.2993E+03 
                1.00552           25.3182E+03 
                1.00589           25.3471E+03 
                1.00645           25.3924E+03 
                1.00701           25.4409E+03 
                1.00756           25.4937E+03 
                1.00777           25.5143E+03 
                1.00809           25.5468E+03 
                1.00856           25.6001E+03 
                1.00927           25.6931E+03 
                1.00953           25.7301E+03 
                1.00993           25.7904E+03 
                1.01052           25.8932E+03 
                1.01112           26.0095E+03 
                1.01172           26.1399E+03 
                1.01194           26.191E+03  
                1.01228           26.2721E+03 
                1.01278           26.4043E+03 
                1.01297           26.4554E+03 
                1.01326           26.5353E+03 
                1.01368           26.6623E+03 
                1.01432           26.8679E+03 
                1.01456           26.9472E+03 
                1.01492           27.0706E+03 
                1.01546           27.2646E+03 
                1.016             27.4666E+03 
                1.01653           27.6753E+03 
                1.01707           27.8896E+03 
                1.01761           28.1083E+03 
                1.01815           28.3303E+03 
                1.01869           28.5547E+03 
                1.01889           28.6391E+03 
                1.0192            28.7662E+03 
                1.01965           28.9572E+03 
                1.02034           29.2432E+03 
                1.02059           29.3504E+03 
                1.02098           29.5108E+03 
                1.02112           29.5709E+03 
                1.02134           29.6608E+03 
                1.02166           29.7951E+03 
                1.02215           29.9951E+03 
                1.02233           30.07E+03   
                1.0226            30.1817E+03 
                1.02301           30.3481E+03 
                1.02363           30.5948E+03 
                1.02386           30.687E+03  
                1.02421           30.8244E+03 
                1.02473           31.0284E+03 
                1.02551           31.33E+03   
                1.0258            31.4426E+03 
                1.02624           31.6102E+03 
                1.02641           31.6729E+03 
                1.02665           31.7666E+03 
                1.02702           31.906E+03  
                1.02758           32.1133E+03 
                1.02779           32.1908E+03 
                1.0281            32.3065E+03 
                1.02857           32.4786E+03 
                1.02927           32.7342E+03 
                1.02954           32.8298E+03 
                1.02994           32.9724E+03 
                1.03053           33.1845E+03 
                1.03112           33.395E+03  
                1.03172           33.6041E+03 
                1.03231           33.8117E+03 
                1.03291           34.0179E+03 
                1.0335            34.2227E+03 
                1.0341            34.426E+03  
                1.03469           34.6279E+03 
                1.03529           34.8283E+03 
                1.03589           35.027E+03  
                1.03648           35.2239E+03 
                1.03708           35.419E+03  
                1.03767           35.6119E+03 
                1.03827           35.8026E+03 
                1.03887           35.9908E+03 
                1.03946           36.1762E+03 
                1.03969           36.2454E+03 
                1.04002           36.3483E+03 
                1.04052           36.5001E+03 
                1.04103           36.6496E+03 
                1.04153           36.7964E+03 
                1.04203           36.9404E+03 
                1.04254           37.0815E+03 
                1.04304           37.2194E+03 
                1.04355           37.354E+03  
                1.04405           37.4851E+03 
                1.04455           37.6124E+03 
                1.04506           37.7359E+03 
                1.04556           37.8552E+03 
                1.04607           37.9701E+03 
                1.04657           38.0805E+03 
                1.04708           38.1861E+03 
                1.04758           38.2868E+03 
                1.04809           38.3821E+03 
                1.04859           38.4719E+03 
                1.04935           38.5933E+03 
                1.04954           38.6229E+03 
                1.04973           38.6517E+03 
                1.05001           38.6928E+03 
                1.05044           38.7499E+03 
                1.05086           38.8022E+03 
                1.05129           38.8496E+03 
                1.05193           38.9091E+03 
                1.05257           38.9568E+03 
                1.05273           38.9681E+03 
                1.05289           38.9786E+03 
                1.05313           38.9926E+03 
                1.05349           39.0096E+03 
                1.05385           39.0225E+03 
                1.05421           39.0314E+03 
                1.05475           39.0353E+03 
                1.05556           39.0198E+03 
                1.05576           39.0148E+03 
                1.05597           39.0084E+03 
                1.05627           38.9958E+03 
                1.05673           38.97E+03   
                1.05718           38.9376E+03 
                1.05764           38.8985E+03 
                1.05781           38.883E+03  
                1.05807           38.8576E+03 
                1.05845           38.8149E+03 
                1.05903           38.7408E+03 
                1.05925           38.7117E+03 
                1.05957           38.665E+03  
                1.06006           38.5883E+03 
                1.06055           38.5055E+03 
                1.06103           38.4167E+03 
                1.06152           38.3225E+03 
                1.06201           38.2231E+03 
                1.0625            38.1191E+03 
                1.06299           38.0109E+03 
                1.06347           37.899E+03  
                1.06396           37.7837E+03 
                1.06445           37.6657E+03 
                1.06494           37.5454E+03 
                1.06543           37.4232E+03 
                1.06592           37.2997E+03 
                1.06641           37.1754E+03 
                1.06689           37.0506E+03 
                1.06738           36.9258E+03 
                1.06787           36.8015E+03 
                1.06836           36.678E+03  
                1.06885           36.5556E+03 
                1.06934           36.4348E+03 
                1.07007           36.2579E+03 
                1.07081           36.0863E+03 
                1.07154           35.9206E+03 
                1.07228           35.7612E+03 
                1.07301           35.6084E+03 
                1.07375           35.4623E+03 
                1.07448           35.3228E+03 
                1.07522           35.1898E+03 
                1.07595           35.0627E+03 
                1.07669           34.9412E+03 
                1.07696           34.8965E+03 
                1.07738           34.8309E+03 
                1.078             34.7355E+03 
                1.07893           34.5975E+03 
                1.07986           34.4632E+03 
                1.0808            34.3307E+03 
                1.08173           34.1981E+03 
                1.08266           34.0636E+03 
                1.08359           33.9257E+03 
                1.08429           33.8197E+03 
                1.08499           33.7106E+03 
                1.08526           33.6693E+03 
                1.08565           33.6061E+03 
                1.08624           33.5084E+03 
                1.08713           33.3547E+03 
                1.08802           33.194E+03  
                1.0889            33.0263E+03 
                1.08979           32.852E+03  
                1.09068           32.6715E+03 
                1.09157           32.4858E+03 
                1.09201           32.3919E+03 
                1.09246           32.2969E+03 
                1.09312           32.1523E+03 
                1.09337           32.0979E+03 
                1.09375           32.0158E+03 
                1.09431           31.8919E+03 
                1.09452           31.8454E+03 
                1.09484           31.7755E+03 
                1.09531           31.6706E+03 
                1.09549           31.6314E+03 
                1.09576           31.5725E+03 
                1.09616           31.4844E+03 
                1.09676           31.3533E+03 
                1.09766           31.1606E+03 
                1.09789           31.1129E+03 
                1.09811           31.0654E+03 
                1.09845           30.995E+03  
                1.09896           30.8911E+03 
                1.09915           30.8525E+03 
                1.09944           30.7953E+03 
                1.09986           30.711E+03  
                1.10051           30.5888E+03 
                1.10075           30.5436E+03 
                1.10111           30.4774E+03 
                1.10165           30.3814E+03 
                1.10219           30.2892E+03 
                1.10274           30.2009E+03 
                1.10328           30.1167E+03 
                1.10382           30.0368E+03 
                1.10403           30.0075E+03 
                1.10433           29.9649E+03 
                1.10479           29.9041E+03 
                1.10496           29.8818E+03 
                1.10522           29.8493E+03 
                1.10561           29.8028E+03 
                1.10619           29.7384E+03 
                1.10633           29.7226E+03 
                1.10648           29.7073E+03 
                1.1067            29.6849E+03 
                1.10702           29.6531E+03 
                1.10735           29.623E+03  
                1.10767           29.5946E+03 
                1.10816           29.5559E+03 
                1.10865           29.5211E+03 
                1.1089            29.5048E+03 
                1.10914           29.4894E+03 
                1.10939           29.475E+03  
                1.10963           29.4616E+03 
                1.10973           29.4567E+03 
                1.10986           29.4497E+03 
                1.11007           29.4399E+03 
                1.11015           29.4363E+03 
                1.11027           29.4312E+03 
                1.11044           29.4239E+03 
                1.1107            29.4142E+03 
                1.1108            29.4107E+03 
                1.11095           29.4058E+03 
                1.111             29.404E+03  
                1.11109           29.4015E+03 
                1.11121           29.3979E+03 
                1.11126           29.3966E+03 
                1.11133           29.3947E+03 
                1.11143           29.392E+03  
                1.11159           29.3884E+03 
                1.11175           29.3852E+03 
                1.11178           29.3845E+03 
                1.11182           29.3837E+03 
                1.11188           29.3827E+03 
                1.11197           29.3812E+03 
                1.1121            29.3793E+03 
                1.11224           29.3777E+03 
                1.11237           29.3763E+03 
                1.1125            29.3753E+03 
                1.11254           29.3751E+03 
                1.11259           29.3747E+03 
                1.11266           29.3743E+03 
                1.11277           29.3739E+03 
                1.11281           29.3738E+03 
                1.11288           29.3737E+03 
                1.11297           29.3737E+03 
                1.11301           29.3737E+03 
                1.11306           29.3738E+03 
                1.11314           29.374E+03  
                1.11326           29.3745E+03 
                1.1133            29.3747E+03 
                1.11337           29.3751E+03 
                1.11347           29.3759E+03 
                1.1135            29.3762E+03 
                1.11352           29.3764E+03 
                1.11356           29.3767E+03 
                1.11362           29.3773E+03 
                1.1137            29.3783E+03 
                1.11374           29.3787E+03 
                1.11378           29.3793E+03 
                1.11386           29.3803E+03 
                1.11388           29.3807E+03 
                1.11392           29.3813E+03 
                1.11398           29.3823E+03 
                1.11401           29.3827E+03 
                1.11404           29.3833E+03 
                1.11409           29.3842E+03 
                1.11417           29.3857E+03 
                1.1142            29.3862E+03 
                1.11424           29.3871E+03 
                1.1143            29.3885E+03 
                1.11433           29.389E+03  
                1.11437           29.3898E+03 
                1.11442           29.3911E+03 
                1.1145            29.3931E+03 
                1.11463           29.3964E+03 
                1.11475           29.3999E+03 
                1.11487           29.4036E+03 
                1.11506           29.4098E+03 
                1.11524           29.4165E+03 
                1.11542           29.4237E+03 
                1.11561           29.4316E+03 
                1.11589           29.4445E+03 
                1.1163            29.4667E+03 
                1.11692           29.5063E+03 
                1.11755           29.5524E+03 
                1.11817           29.6049E+03 
                1.11879           29.6638E+03 
                1.11895           29.679E+03  
                1.11911           29.6946E+03 
                1.11934           29.7188E+03 
                1.11969           29.7572E+03 
                1.12004           29.7976E+03 
                1.12039           29.84E+03   
                1.12048           29.8507E+03 
                1.12057           29.8616E+03 
                1.1207            29.8782E+03 
                1.12083           29.8951E+03 
                1.12096           29.9122E+03 
                1.12109           29.9296E+03 
                1.12129           29.9564E+03 
                1.12137           29.9665E+03 
                1.12148           29.9819E+03 
                1.12164           30.0055E+03 
                1.12189           30.0418E+03 
                1.12214           30.0791E+03 
                1.12239           30.1174E+03 
                1.12277           30.1771E+03 
                1.12314           30.2391E+03 
                1.12342           30.2868E+03 
                1.12357           30.311E+03  
                1.12371           30.3356E+03 
                1.12392           30.373E+03  
                1.12408           30.4015E+03 
                1.12423           30.4304E+03 
                1.12439           30.4596E+03 
                1.12455           30.4892E+03 
                1.12479           30.5345E+03 
                1.12503           30.5806E+03 
                1.12508           30.5922E+03 
                1.12514           30.6039E+03 
                1.12523           30.6214E+03 
                1.12537           30.6481E+03 
                1.12557           30.6886E+03 
                1.12564           30.7038E+03 
                1.12575           30.7269E+03 
                1.12592           30.762E+03  
                1.12609           30.7974E+03 
                1.12626           30.8333E+03 
                1.1263            30.8422E+03 
                1.12635           30.8513E+03 
                1.12641           30.8648E+03 
                1.12651           30.8853E+03 
                1.12665           30.9163E+03 
                1.1267            30.928E+03  
                1.12678           30.9456E+03 
                1.1269            30.9722E+03 
                1.12695           30.9821E+03 
                1.12701           30.9972E+03 
                1.12712           31.0199E+03 
                1.12727           31.0543E+03 
                1.12733           31.0672E+03 
                1.12741           31.0867E+03 
                1.12754           31.1161E+03 
                1.12759           31.1272E+03 
                1.12766           31.1439E+03 
                1.12777           31.169E+03  
                1.12793           31.2071E+03 
                1.12799           31.2214E+03 
                1.12808           31.243E+03  
                1.12822           31.2756E+03 
                1.12843           31.325E+03  
                1.12874           31.4002E+03 
                1.12885           31.4286E+03 
                1.12903           31.4715E+03 
                1.12909           31.4876E+03 
                1.12919           31.5119E+03 
                1.12934           31.5486E+03 
                1.12956           31.6042E+03 
                1.12978           31.6602E+03 
                1.13              31.7168E+03 
                1.13022           31.7738E+03 
                1.13044           31.8314E+03 
                1.1306            31.8748E+03 
                1.13077           31.9184E+03 
                1.13093           31.9624E+03 
                1.1311            32.0065E+03 
                1.13126           32.0509E+03 
                1.13151           32.118E+03  
                1.13176           32.1857E+03 
                1.13201           32.2538E+03 
                1.13226           32.3224E+03 
                1.1325            32.3914E+03 
                1.13287           32.4959E+03 
                1.13325           32.6014E+03 
                1.13362           32.7076E+03 
                1.13399           32.8147E+03 
                1.13436           32.9225E+03 
                1.13473           33.0309E+03 
                1.13511           33.1399E+03 
                1.13548           33.2495E+03 
                1.13585           33.3594E+03 
                1.13622           33.4698E+03 
                1.1366            33.5804E+03 
                1.13697           33.6913E+03 
                1.13711           33.7329E+03 
                1.13732           33.7954E+03 
                1.13763           33.8891E+03 
                1.1381            34.0296E+03 
                1.13857           34.1699E+03 
                1.13905           34.3099E+03 
                1.13952           34.4494E+03 
                1.13999           34.5882E+03 
                1.14046           34.7262E+03 
                1.14093           34.8631E+03 
                1.1414            34.9987E+03 
                1.14158           35.0495E+03 
                1.14185           35.1251E+03 
                1.14224           35.2374E+03 
                1.14284           35.4026E+03 
                1.14374           35.6416E+03 
                1.14464           35.8698E+03 
                1.14553           36.0844E+03 
                1.14643           36.2827E+03 
                1.14688           36.3775E+03 
                1.14733           36.4674E+03 
                1.14777           36.552E+03  
                1.14845           36.6658E+03 
                1.14862           36.6934E+03 
                1.14878           36.7203E+03 
                1.14904           36.7585E+03 
                1.14942           36.8112E+03 
                1.14998           36.8794E+03 
                1.1502            36.9036E+03 
                1.15052           36.9363E+03 
                1.151             36.9775E+03 
                1.15148           37.0112E+03 
                1.15196           37.0377E+03 
                1.15244           37.0575E+03 
                1.15292           37.0712E+03 
                1.1534            37.0799E+03 
                1.15388           37.0844E+03 
                1.15436           37.0859E+03 
                1.15448           37.0862E+03 
                1.1546            37.0863E+03 
                1.15478           37.0862E+03 
                1.15505           37.0855E+03 
                1.15525           37.085E+03  
                1.15555           37.0841E+03 
                1.15586           37.0837E+03 
                1.15616           37.0839E+03 
                1.15647           37.0852E+03 
                1.15658           37.0859E+03 
                1.15675           37.0872E+03 
                1.15701           37.0904E+03 
                1.15739           37.0982E+03 
                1.15754           37.1015E+03 
                1.15775           37.1077E+03 
                1.15797           37.1149E+03 
                1.15819           37.1234E+03 
                1.15824           37.1256E+03 
                1.15829           37.1279E+03 
                1.15838           37.1315E+03 
                1.1585            37.1373E+03 
                1.15868           37.147E+03  
                1.15886           37.1575E+03 
                1.15905           37.1691E+03 
                1.15923           37.1815E+03 
                1.15927           37.1847E+03 
                1.15934           37.1897E+03 
                1.15945           37.1973E+03 
                1.1596            37.2095E+03 
                1.15966           37.2142E+03 
                1.15974           37.2214E+03 
                1.15987           37.2327E+03 
                1.15992           37.237E+03  
                1.16              37.2436E+03 
                1.16011           37.2539E+03 
                1.16015           37.2578E+03 
                1.16021           37.2637E+03 
                1.1603            37.2728E+03 
                1.16044           37.287E+03  
                1.16058           37.3017E+03 
                1.16072           37.3168E+03 
                1.16086           37.3324E+03 
                1.161             37.3485E+03 
                1.16114           37.3649E+03 
                1.16127           37.3818E+03 
                1.16148           37.4078E+03 
                1.1618            37.4485E+03 
                1.16227           37.512E+03  
                1.16273           37.5774E+03 
                1.1632            37.6438E+03 
                1.16356           37.6938E+03 
                1.16391           37.7439E+03 
                1.164             37.7564E+03 
                1.16408           37.7689E+03 
                1.16422           37.7877E+03 
                1.16435           37.8064E+03 
                1.16448           37.825E+03  
                1.16461           37.8436E+03 
                1.16475           37.8621E+03 
                1.16488           37.8805E+03 
                1.16501           37.8988E+03 
                1.16514           37.917E+03  
                1.16527           37.9352E+03 
                1.16541           37.9532E+03 
                1.16554           37.9711E+03 
                1.16567           37.9889E+03 
                1.1658            38.0065E+03 
                1.16593           38.0241E+03 
                1.16607           38.0415E+03 
                1.1662            38.0589E+03 
                1.16633           38.0761E+03 
                1.16638           38.0825E+03 
                1.16646           38.0921E+03 
                1.16657           38.1065E+03 
                1.16673           38.1278E+03 
                1.1669            38.1489E+03 
                1.16707           38.1699E+03 
                1.16724           38.1907E+03 
                1.1674            38.2114E+03 
                1.16757           38.2319E+03 
                1.16774           38.2522E+03 
                1.16791           38.2723E+03 
                1.16816           38.3023E+03 
                1.16841           38.3318E+03 
                1.16866           38.3611E+03 
                1.16903           38.4042E+03 
                1.16941           38.4467E+03 
                1.16979           38.4884E+03 
                1.17017           38.5294E+03 
                1.17054           38.5698E+03 
                1.17092           38.6094E+03 
                1.1713            38.6483E+03 
                1.17186           38.7056E+03 
                1.17207           38.727E+03  
                1.17239           38.7588E+03 
                1.17287           38.8062E+03 
                1.17305           38.824E+03  
                1.17332           38.8507E+03 
                1.17372           38.8911E+03 
                1.17387           38.9063E+03 
                1.1741            38.9292E+03 
                1.17444           38.964E+03  
                1.17495           39.0175E+03 
                1.17507           39.031E+03  
                1.1752            39.0445E+03 
                1.17539           39.0651E+03 
                1.17568           39.0963E+03 
                1.17611           39.1439E+03 
                1.17627           39.1619E+03 
                1.17651           39.1891E+03 
                1.17688           39.2301E+03 
                1.17701           39.2455E+03 
                1.17722           39.2685E+03 
                1.17752           39.3029E+03 
                1.17764           39.3157E+03 
                1.17781           39.3348E+03 
                1.17807           39.3629E+03 
                1.17846           39.4034E+03 
                1.17885           39.4415E+03 
                1.17923           39.4767E+03 
                1.17943           39.4935E+03 
                1.17962           39.5093E+03 
                1.17991           39.5308E+03 
                1.18002           39.5385E+03 
                1.18019           39.5493E+03 
                1.18043           39.5635E+03 
                1.1808            39.5799E+03 
                1.18117           39.591E+03  
                1.18154           39.5966E+03 
                1.18168           39.598E+03  
                1.18188           39.5982E+03 
                1.18219           39.5943E+03 
                1.18231           39.5922E+03 
                1.18249           39.5878E+03 
                1.18275           39.5782E+03 
                1.18314           39.557E+03  
                1.18329           39.5482E+03 
                1.18351           39.5328E+03 
                1.18384           39.5052E+03 
                1.18434           39.4543E+03 
                1.18453           39.4339E+03 
                1.18481           39.4006E+03 
                1.18523           39.3448E+03 
                1.18586           39.2497E+03 
                1.1861            39.2126E+03 
                1.18645           39.1538E+03 
                1.18699           39.0593E+03 
                1.18779           38.9052E+03 
                1.18809           38.846E+03  
                1.18854           38.7537E+03 
                1.18871           38.7186E+03 
                1.18896           38.665E+03  
                1.18934           38.5822E+03 
                1.18991           38.4532E+03 
                1.19012           38.4042E+03 
                1.19044           38.3292E+03 
                1.19092           38.2134E+03 
                1.1914            38.0946E+03 
                1.19188           37.9728E+03 
                1.19236           37.8482E+03 
                1.19285           37.7213E+03 
                1.19303           37.6734E+03 
                1.1933            37.6008E+03 
                1.1937            37.4906E+03 
                1.19431           37.323E+03  
                1.19492           37.154E+03  
                1.19553           36.9844E+03 
                1.19614           36.8148E+03 
                1.19637           36.7513E+03 
                1.19671           36.6562E+03 
                1.19722           36.5142E+03 
                1.19742           36.4611E+03 
                1.19771           36.3816E+03 
                1.19814           36.2631E+03 
                1.19879           36.0865E+03 
                1.19944           35.9113E+03 
                1.20009           35.737E+03  
                1.20074           35.5632E+03 
                1.2014            35.3897E+03 
                1.20164           35.3248E+03 
                1.20201           35.2272E+03 
                1.20256           35.0806E+03 
                1.20338           34.8601E+03 
                1.20359           34.8051E+03 
                1.20379           34.75E+03   
                1.2041            34.6673E+03 
                1.20457           34.5433E+03 
                1.20526           34.3575E+03 
                1.20596           34.1728E+03 
                1.20666           33.9899E+03 
                1.20735           33.8094E+03 
                1.20753           33.7645E+03 
                1.2077            33.7198E+03 
                1.20796           33.6531E+03 
                1.20836           33.554E+03  
                1.20894           33.4078E+03 
                1.20953           33.2645E+03 
                1.21012           33.1243E+03 
                1.21071           32.9873E+03 
                1.2113            32.8537E+03 
                1.21145           32.8205E+03 
                1.21159           32.7876E+03 
                1.21181           32.7387E+03 
                1.21214           32.6663E+03 
                1.21264           32.5602E+03 
                1.21283           32.5208E+03 
                1.21311           32.4625E+03 
                1.21353           32.3768E+03 
                1.21368           32.3449E+03 
                1.21392           32.2977E+03 
                1.21427           32.2281E+03 
                1.21441           32.2022E+03 
                1.2146            32.1638E+03 
                1.2149            32.1072E+03 
                1.21535           32.0243E+03 
                1.21552           31.9936E+03 
                1.21577           31.9482E+03 
                1.21615           31.8818E+03 
                1.21672           31.786E+03  
                1.21693           31.7506E+03 
                1.21725           31.6989E+03 
                1.21773           31.6243E+03 
                1.21821           31.5528E+03 
                1.21868           31.4845E+03 
                1.21916           31.4196E+03 
                1.21964           31.3582E+03 
                1.22012           31.3005E+03 
                1.2206            31.2465E+03 
                1.22108           31.1963E+03 
                1.22156           31.1501E+03 
                1.22204           31.108E+03  
                1.22252           31.0701E+03 
                1.2227            31.0565E+03 
                1.22297           31.0374E+03 
                1.22337           31.0119E+03 
                1.22398           30.9806E+03 
                1.2242            30.9699E+03 
                1.22455           30.9562E+03 
                1.22506           30.9408E+03 
                1.22525           30.9359E+03 
                1.22554           30.9301E+03 
                1.22597           30.9251E+03 
                1.22662           30.9264E+03 
                1.22686           30.9282E+03 
                1.22723           30.9336E+03 
                1.22777           30.948E+03  
                1.22832           30.9686E+03 
                1.22887           30.9954E+03 
                1.22942           31.0283E+03 
                1.22962           31.0416E+03 
                1.22993           31.0634E+03 
                1.23039           31.1001E+03 
                1.23109           31.1642E+03 
                1.23135           31.1896E+03 
                1.23173           31.2303E+03 
                1.23213           31.2737E+03 
                1.23252           31.3195E+03 
                1.2331            31.3936E+03 
                1.23332           31.4221E+03 
                1.23365           31.4665E+03 
                1.23414           31.5363E+03 
                1.23464           31.6092E+03 
                1.23513           31.6849E+03 
                1.23563           31.7633E+03 
                1.23612           31.844E+03  
                1.23686           31.9697E+03 
                1.23705           32.0015E+03 
                1.23723           32.0336E+03 
                1.23751           32.0823E+03 
                1.23793           32.1564E+03 
                1.23855           32.2701E+03 
                1.23871           32.2987E+03 
                1.23887           32.3275E+03 
                1.2391            32.3709E+03 
                1.23945           32.4367E+03 
                1.23958           32.4615E+03 
                1.23978           32.4989E+03 
                1.24008           32.5554E+03 
                1.24038           32.6124E+03 
                1.24067           32.6697E+03 
                1.24097           32.7275E+03 
                1.24127           32.7857E+03 
                1.24157           32.8443E+03 
                1.24186           32.9033E+03 
                1.24216           32.9627E+03 
                1.24246           33.0226E+03 
                1.24275           33.0828E+03 
                1.24305           33.1434E+03 
                1.24335           33.2045E+03 
                1.24342           33.2198E+03 
                1.2435            33.2351E+03 
                1.24361           33.2581E+03 
                1.24378           33.2928E+03 
                1.24384           33.3058E+03 
                1.24393           33.3254E+03 
                1.24407           33.3549E+03 
                1.24422           33.3845E+03 
                1.24436           33.4141E+03 
                1.24457           33.4588E+03 
                1.24478           33.5037E+03 
                1.24499           33.5488E+03 
                1.2452            33.5941E+03 
                1.24528           33.6112E+03 
                1.2454            33.6368E+03 
                1.24558           33.6754E+03 
                1.24585           33.7336E+03 
                1.24612           33.7922E+03 
                1.24639           33.8512E+03 
                1.24665           33.9105E+03 
                1.24692           33.9702E+03 
                1.24719           34.0303E+03 
                1.24746           34.0907E+03 
                1.24773           34.1516E+03 
                1.248             34.2128E+03 
                1.24826           34.2744E+03 
                1.24853           34.3363E+03 
                1.2488            34.3986E+03 
                1.24907           34.4613E+03 
                1.24934           34.5244E+03 
                1.24961           34.5878E+03 
                1.24987           34.6515E+03 
                1.25014           34.7156E+03 
                1.25054           34.8125E+03 
                1.25095           34.9102E+03 
                1.25135           35.0086E+03 
                1.25175           35.1077E+03 
                1.25216           35.2076E+03 
                1.25256           35.3081E+03 
                1.25266           35.3332E+03 
                1.25276           35.3585E+03 
                1.25291           35.3964E+03 
                1.25314           35.4535E+03 
                1.25322           35.4749E+03 
                1.25335           35.5071E+03 
                1.25354           35.5555E+03 
                1.25383           35.6285E+03 
                1.25394           35.6559E+03 
                1.2541            35.6971E+03 
                1.25434           35.759E+03  
                1.25443           35.7823E+03 
                1.25457           35.8172E+03 
                1.25477           35.8698E+03 
                1.25485           35.8895E+03 
                1.25496           35.9192E+03 
                1.25513           35.9637E+03 
                1.25539           36.0307E+03 
                1.25565           36.0978E+03 
                1.25591           36.1652E+03 
                1.25617           36.2327E+03 
                1.25623           36.2496E+03 
                1.2563            36.2665E+03 
                1.2564            36.2919E+03 
                1.25654           36.33E+03   
                1.25676           36.3873E+03 
                1.25684           36.4088E+03 
                1.25696           36.441E+03  
                1.25715           36.4895E+03 
                1.25722           36.5077E+03 
                1.25732           36.535E+03  
                1.25748           36.576E+03  
                1.25771           36.6376E+03 
                1.2578            36.6608E+03 
                1.25793           36.6955E+03 
                1.25812           36.7476E+03 
                1.25842           36.8259E+03 
                1.25871           36.9042E+03 
                1.25901           36.9827E+03 
                1.2593            37.0613E+03 
                1.25975           37.1793E+03 
                1.26019           37.2974E+03 
                1.26063           37.4155E+03 
                1.26108           37.5335E+03 
                1.26152           37.6515E+03 
                1.26196           37.7692E+03 
                1.26241           37.8866E+03 
                1.26285           38.0036E+03 
                1.26329           38.1202E+03 
                1.26373           38.2361E+03 
                1.26418           38.3513E+03 
                1.26462           38.4657E+03 
                1.26506           38.5791E+03 
                1.26551           38.6913E+03 
                1.26595           38.8024E+03 
                1.26617           38.8576E+03 
                1.26639           38.9125E+03 
                1.26673           38.9939E+03 
                1.26685           39.0244E+03 
                1.26704           39.0698E+03 
                1.26732           39.1371E+03 
                1.26774           39.2365E+03 
                1.2679            39.2736E+03 
                1.26814           39.3287E+03 
                1.26849           39.4099E+03 
                1.26862           39.4402E+03 
                1.26882           39.4852E+03 
                1.26912           39.5517E+03 
                1.26924           39.5765E+03 
                1.26941           39.6134E+03 
                1.26966           39.6679E+03 
                1.27004           39.7479E+03 
                1.27018           39.7777E+03 
                1.27039           39.8218E+03 
                1.27071           39.8865E+03 
                1.27084           39.9106E+03 
                1.27102           39.9463E+03 
                1.27129           39.9988E+03 
                1.27169           40.0752E+03 
                1.2721            40.1492E+03 
                1.2724            40.2034E+03 
                1.27271           40.2562E+03 
                1.27301           40.3076E+03 
                1.27312           40.3267E+03 
                1.27329           40.3549E+03 
                1.27355           40.3962E+03 
                1.27394           40.4558E+03 
                1.27408           40.4778E+03 
                1.2743            40.5101E+03 
                1.27462           40.5568E+03 
                1.27474           40.5741E+03 
                1.27493           40.5996E+03 
                1.2752            40.6365E+03 
                1.27561           40.6892E+03 
                1.27603           40.7392E+03 
                1.27644           40.7865E+03 
                1.27685           40.8312E+03 
                1.27726           40.8733E+03 
                1.27767           40.9128E+03 
                1.27808           40.9498E+03 
                1.27824           40.9633E+03 
                1.27847           40.9828E+03 
                1.27882           41.0103E+03 
                1.27934           41.0477E+03 
                1.27986           41.0814E+03 
                1.28038           41.1116E+03 
                1.2809            41.1382E+03 
                1.28103           41.1447E+03 
                1.28123           41.1539E+03 
                1.28152           41.1666E+03 
                1.28163           41.1713E+03 
                1.2818            41.1779E+03 
                1.28204           41.187E+03  
                1.28242           41.1989E+03 
                1.28297           41.2126E+03 
                1.28318           41.2173E+03 
                1.2835            41.2229E+03 
                1.28361           41.2248E+03 
                1.28379           41.2273E+03 
                1.28405           41.2301E+03 
                1.28415           41.231E+03  
                1.2843            41.232E+03  
                1.28452           41.2328E+03 
                1.28486           41.2323E+03 
                1.28498           41.2319E+03 
                1.28517           41.2307E+03 
                1.28546           41.2277E+03 
                1.28556           41.2264E+03 
                1.28572           41.224E+03  
                1.28596           41.2194E+03 
                1.28632           41.2103E+03 
                1.28645           41.2066E+03 
                1.28665           41.2003E+03 
                1.28695           41.1891E+03 
                1.28707           41.1847E+03 
                1.28724           41.1776E+03 
                1.28749           41.1656E+03 
                1.28787           41.1448E+03 
                1.28802           41.1366E+03 
                1.28823           41.1235E+03 
                1.28855           41.1017E+03 
                1.28868           41.0932E+03 
                1.28886           41.0799E+03 
                1.28913           41.0585E+03 
                1.28954           41.0233E+03 
                1.28969           41.0097E+03 
                1.28992           40.9884E+03 
                1.29001           40.9802E+03 
                1.29013           40.9677E+03 
                1.29033           40.9483E+03 
                1.29062           40.9178E+03 
                1.29106           40.8691E+03 
                1.29122           40.8505E+03 
                1.29146           40.8216E+03 
                1.29156           40.8107E+03 
                1.29169           40.7941E+03 
                1.2919            40.7686E+03 
                1.29221           40.7292E+03 
                1.29233           40.7143E+03 
                1.2925            40.6916E+03 
                1.29276           40.6568E+03 
                1.29286           40.6437E+03 
                1.29301           40.6237E+03 
                1.29323           40.5934E+03 
                1.29356           40.5471E+03 
                1.29369           40.5296E+03 
                1.29387           40.5031E+03 
                1.29415           40.4628E+03 
                1.29426           40.4476E+03 
                1.29442           40.4247E+03 
                1.29465           40.39E+03   
                1.29501           40.3372E+03 
                1.29514           40.3173E+03 
                1.29534           40.2872E+03 
                1.29564           40.2416E+03 
                1.29575           40.2245E+03 
                1.29592           40.1986E+03 
                1.29617           40.1593E+03 
                1.29626           40.1446E+03 
                1.29641           40.1223E+03 
                1.29662           40.0887E+03 
                1.29694           40.0375E+03 
                1.29706           40.0182E+03 
                1.29724           39.9891E+03 
                1.29751           39.9449E+03 
                1.29791           39.8773E+03 
                1.29806           39.8518E+03 
                1.29829           39.8131E+03 
                1.29863           39.754E+03  
                1.29876           39.7318E+03 
                1.29895           39.698E+03  
                1.29924           39.6466E+03 
                1.29935           39.6272E+03 
                1.29951           39.5979E+03 
                1.29975           39.5534E+03 
                1.30012           39.4853E+03 
                1.30025           39.4596E+03 
                1.30046           39.4206E+03 
                1.30077           39.3613E+03 
                1.30088           39.3389E+03 
                1.30105           39.305E+03  
                1.30131           39.2537E+03 
                1.3017            39.1753E+03 
                1.30185           39.1458E+03 
                1.30207           39.1011E+03 
                1.3024            39.0332E+03 
                1.30289           38.9297E+03 
                1.30308           38.8907E+03 
                1.30335           38.8318E+03 
                1.30377           38.7426E+03 
                1.30392           38.709E+03  
                1.30416           38.6585E+03 
                1.30451           38.5821E+03 
                1.30464           38.5534E+03 
                1.30484           38.5103E+03 
                1.30513           38.4454E+03 
                1.30558           38.3475E+03 
                1.30575           38.3108E+03 
                1.306             38.2557E+03 
                1.30637           38.1728E+03 
                1.30651           38.1418E+03 
                1.30672           38.0951E+03 
                1.30704           38.0252E+03 
                1.30751           37.9204E+03 
                1.30769           37.8812E+03 
                1.30796           37.8225E+03 
                1.30836           37.7348E+03 
                1.30851           37.702E+03  
                1.30873           37.6529E+03 
                1.30907           37.5796E+03 
                1.30958           37.4708E+03 
                1.30977           37.4303E+03 
                1.31006           37.3699E+03 
                1.31048           37.2804E+03 
                1.31064           37.247E+03  
                1.31088           37.1974E+03 
                1.31125           37.124E+03  
                1.31179           37.0165E+03 
                1.31233           36.9118E+03 
                1.31287           36.8103E+03 
                1.31341           36.712E+03  
                1.31362           36.6756E+03 
                1.31392           36.6221E+03 
                1.31438           36.5441E+03 
                1.31455           36.5152E+03 
                1.31481           36.4727E+03 
                1.31519           36.4104E+03 
                1.31577           36.3207E+03 
                1.31599           36.2876E+03 
                1.31632           36.2391E+03 
                1.31681           36.1688E+03 
                1.31754           36.0685E+03 
                1.31781           36.0317E+03 
                1.31823           35.978E+03  
                1.31884           35.9007E+03 
                1.31946           35.8266E+03 
                1.32008           35.7556E+03 
                1.3207            35.6873E+03 
                1.32093           35.6622E+03 
                1.32128           35.6253E+03 
                1.3218            35.5716E+03 
                1.32259           35.4947E+03 
                1.32318           35.439E+03  
                1.32376           35.3851E+03 
                1.32435           35.3328E+03 
                1.32494           35.2821E+03 
                1.32524           35.2572E+03 
                1.32553           35.2326E+03 
                1.32582           35.2084E+03 
                1.32626           35.1728E+03 
                1.32671           35.1379E+03 
                1.32715           35.1039E+03 
                1.32781           35.0545E+03 
                1.32806           35.0363E+03 
                1.32843           35.0096E+03 
                1.32899           34.9709E+03 
                1.3292            34.9567E+03 
                1.32951           34.9358E+03 
                1.32998           34.9057E+03 
                1.33016           34.8947E+03 
                1.33043           34.8784E+03 
                1.33083           34.8551E+03 
                1.33122           34.8328E+03 
                1.33162           34.8117E+03 
                1.33202           34.7918E+03 
                1.33242           34.7733E+03 
                1.33282           34.7561E+03 
                1.33341           34.7337E+03 
                1.33364           34.7259E+03 
                1.33397           34.7152E+03 
                1.33448           34.702E+03  
                1.33523           34.6885E+03 
                1.33599           34.6821E+03 
                1.33675           34.6831E+03 
                1.33788           34.7018E+03 
                1.33902           34.7384E+03 
                1.34015           34.793E+03  
                1.34058           34.8162E+03 
                1.34122           34.8564E+03 
                1.34218           34.9288E+03 
                1.34254           34.9578E+03 
                1.34307           35.0049E+03 
                1.34388           35.0832E+03 
                1.3451            35.2161E+03 
                1.3454            35.2504E+03 
                1.3457            35.2856E+03 
                1.34616           35.3402E+03 
                1.34684           35.4258E+03 
                1.34787           35.5607E+03 
                1.34889           35.7008E+03 
                1.34992           35.8446E+03 
                1.35017           35.8809E+03 
                1.35043           35.9174E+03 
                1.35082           35.9723E+03 
                1.35139           36.0552E+03 
                1.35161           36.0863E+03 
                1.35193           36.1332E+03 
                1.35242           36.2035E+03 
                1.3526            36.2299E+03 
                1.35288           36.2695E+03 
                1.35329           36.3288E+03 
                1.35344           36.3511E+03 
                1.35367           36.3844E+03 
                1.35402           36.4344E+03 
                1.35454           36.509E+03  
                1.35473           36.537E+03  
                1.35503           36.5788E+03 
                1.35547           36.6414E+03 
                1.35563           36.6648E+03 
                1.35588           36.6999E+03 
                1.35625           36.7523E+03 
                1.3568            36.8303E+03 
                1.35701           36.8596E+03 
                1.35733           36.9033E+03 
                1.35779           36.9684E+03 
                1.35797           36.9928E+03 
                1.35823           37.0293E+03 
                1.35863           37.0838E+03 
                1.35922           37.1648E+03 
                1.35945           37.1952E+03 
                1.35978           37.2405E+03 
                1.36028           37.3081E+03 
                1.36047           37.3334E+03 
                1.36075           37.3712E+03 
                1.36117           37.4277E+03 
                1.36133           37.4488E+03 
                1.36157           37.4804E+03 
                1.36193           37.5276E+03 
                1.36246           37.5979E+03 
                1.36266           37.6242E+03 
                1.36296           37.6635E+03 
                1.36342           37.7221E+03 
                1.36359           37.7441E+03 
                1.36384           37.7769E+03 
                1.36422           37.8258E+03 
                1.36479           37.8986E+03 
                1.36501           37.9259E+03 
                1.36533           37.9666E+03 
                1.36581           38.0272E+03 
                1.36599           38.0498E+03 
                1.36626           38.0837E+03 
                1.36667           38.1342E+03 
                1.36728           38.2092E+03 
                1.3682            38.3201E+03 
                1.36912           38.4295E+03 
                1.37003           38.5375E+03 
                1.37026           38.5645E+03 
                1.37035           38.5747E+03 
                1.37048           38.5898E+03 
                1.37067           38.6125E+03 
                1.37096           38.6463E+03 
                1.37107           38.659E+03  
                1.37123           38.678E+03  
                1.37148           38.7063E+03 
                1.37185           38.7486E+03 
                1.37221           38.7906E+03 
                1.37258           38.8325E+03 
                1.37313           38.895E+03  
                1.37327           38.9106E+03 
                1.37341           38.9262E+03 
                1.37361           38.9496E+03 
                1.37382           38.9729E+03 
                1.37403           38.9963E+03 
                1.37423           39.0195E+03 
                1.37444           39.0428E+03 
                1.3746            39.0602E+03 
                1.37483           39.0863E+03 
                1.37506           39.1124E+03 
                1.37529           39.1385E+03 
                1.37553           39.1645E+03 
                1.37576           39.1905E+03 
                1.37599           39.2166E+03 
                1.37622           39.2426E+03 
                1.37646           39.2687E+03 
                1.37654           39.2785E+03 
                1.37668           39.2931E+03 
                1.37687           39.3151E+03 
                1.37717           39.3482E+03 
                1.37731           39.3647E+03 
                1.37746           39.3813E+03 
                1.37768           39.4061E+03 
                1.37776           39.4155E+03 
                1.37789           39.4295E+03 
                1.37808           39.4505E+03 
                1.37835           39.4821E+03 
                1.37846           39.494E+03  
                1.37862           39.5118E+03 
                1.37885           39.5386E+03 
                1.37894           39.5486E+03 
                1.37907           39.5638E+03 
                1.37927           39.5865E+03 
                1.37957           39.6206E+03 
                1.37965           39.6291E+03 
                1.37972           39.6377E+03 
                1.37983           39.6506E+03 
                1.38              39.6699E+03 
                1.38025           39.6989E+03 
                1.38063           39.7427E+03 
                1.38077           39.7591E+03 
                1.38099           39.7839E+03 
                1.38131           39.8211E+03 
                1.38143           39.8352E+03 
                1.3816            39.8562E+03 
                1.38187           39.8879E+03 
                1.38214           39.9197E+03 
                1.38241           39.9516E+03 
                1.38268           39.9836E+03 
                1.38295           40.0158E+03 
                1.38322           40.048E+03  
                1.38349           40.0803E+03 
                1.38376           40.1128E+03 
                1.38403           40.1453E+03 
                1.3843            40.1779E+03 
                1.38457           40.2106E+03 
                1.38484           40.2434E+03 
                1.38524           40.2927E+03 
                1.38534           40.305E+03  
                1.38544           40.3174E+03 
                1.38559           40.336E+03  
                1.38582           40.3638E+03 
                1.38616           40.4056E+03 
                1.38629           40.4213E+03 
                1.38648           40.4449E+03 
                1.38677           40.4802E+03 
                1.38688           40.4935E+03 
                1.38704           40.5134E+03 
                1.38728           40.5432E+03 
                1.38765           40.5879E+03 
                1.38801           40.6325E+03 
                1.38838           40.677E+03  
                1.38874           40.7214E+03 
                1.3891            40.7656E+03 
                1.38947           40.8097E+03 
                1.38983           40.8535E+03 
                1.3902            40.8971E+03 
                1.39056           40.9404E+03 
                1.39093           40.9834E+03 
                1.39129           41.026E+03  
                1.39166           41.0682E+03 
                1.3922            41.1304E+03 
                1.39275           41.1913E+03 
                1.39289           41.2065E+03 
                1.39302           41.2217E+03 
                1.39323           41.2442E+03 
                1.39354           41.2774E+03 
                1.394             41.3261E+03 
                1.39434           41.3619E+03 
                1.39486           41.4138E+03 
                1.39538           41.4638E+03 
                1.3959            41.5115E+03 
                1.39629           41.5459E+03 
                1.39668           41.5788E+03 
                1.39678           41.587E+03  
                1.39693           41.599E+03  
                1.39715           41.6164E+03 
                1.39747           41.6413E+03 
                1.3976            41.6504E+03 
                1.39778           41.6636E+03 
                1.39806           41.6824E+03 
                1.39816           41.6893E+03 
                1.39832           41.6993E+03 
                1.39855           41.7134E+03 
                1.39864           41.7185E+03 
                1.39877           41.726E+03  
                1.39897           41.7365E+03 
                1.39927           41.7505E+03 
                1.39956           41.7628E+03 
                1.39986           41.7732E+03 
                1.40016           41.7815E+03 
                1.40045           41.7875E+03 
                1.40057           41.7895E+03 
                1.40073           41.7917E+03 
                1.40098           41.7931E+03 
                1.40108           41.7934E+03 
                1.40122           41.7933E+03 
                1.40143           41.7916E+03 
                1.40174           41.7857E+03 
                1.40186           41.7829E+03 
                1.40204           41.7777E+03 
                1.40231           41.767E+03  
                1.40241           41.7626E+03 
                1.40256           41.7551E+03 
                1.40278           41.7417E+03 
                1.40312           41.7164E+03 
                1.40325           41.7061E+03 
                1.40344           41.689E+03  
                1.40373           41.6593E+03 
                1.40415           41.6048E+03 
                1.4048            41.4995E+03 
                1.40544           41.3697E+03 
                1.40608           41.2152E+03 
                1.40705           40.931E+03  
                1.40801           40.6029E+03 
                1.40873           40.337E+03  
                1.40946           40.0574E+03 
                1.41018           39.771E+03  
                1.4109            39.4851E+03 
                1.41199           39.082E+03  
                1.41307           38.7249E+03 
                1.41416           38.4277E+03 
                1.4147            38.2954E+03 
                1.41525           38.1801E+03 
                1.41606           38.0447E+03 
                1.41688           37.9444E+03 
                1.41769           37.8739E+03 
                1.4185            37.826E+03  
                1.41932           37.7925E+03 
                1.42014           37.7643E+03 
                1.42095           37.7324E+03 
                1.42177           37.6885E+03 
                1.42258           37.6257E+03 
                1.4234            37.5386E+03 
                1.42462           37.3447E+03 
                1.42508           37.2632E+03 
                1.42577           37.1205E+03 
                1.4268            36.8662E+03 
                1.42758           36.6564E+03 
                1.42874           36.3139E+03 
                1.4299            35.9606E+03 

 MINIMUM        0.                -0.         
  AT X =                           0.         
 MAXIMUM        1.4299            53.4709E+03 
  AT X =                         848.667E-03  




