
                  X            uf-80-half-exp 

                0.                -0.         
               39.94E-09         132.785E-03  
              319.041E-09        768.758E-03  
                1.70601E-06        1.99       
                7.53894E-06        4.53353    
               29.9775E-06         9.68068    
              111.812E-06         21.6452     
              399.954E-06         55.0556     
                1.38837E-03      157.258      
                4.70264E-03      477.807      
               15.5512E-03         1.47354E+03
               49.9952E-03         4.46371E+03
              154.626E-03         12.9537E+03 
              212.548E-03         17.8422E+03 
              319.557E-03         26.2087E+03 
              330.833E-03         27.5591E+03 
              335.117E-03         27.7971E+03 
              336.731E-03         27.8993E+03 
              339.159E-03         28.0306E+03 
              340.073E-03         28.0978E+03 
              341.445E-03         28.1777E+03 
              343.509E-03         28.291E+03  
              345.58E-03          28.4134E+03 
              347.657E-03         28.537E+03  
              349.741E-03         28.6612E+03 
              351.832E-03         28.7866E+03 
              352.88E-03          28.8588E+03 
              353.93E-03          28.9224E+03 
              354.981E-03         28.9828E+03 
              356.034E-03         29.0437E+03 
              357.089E-03         29.1061E+03 
              358.145E-03         29.1695E+03 
              359.733E-03         29.2604E+03 
              362.121E-03         29.3949E+03 
              364.518E-03         29.528E+03  
              366.923E-03         29.6473E+03 
              369.337E-03         29.7581E+03 
              371.76E-03          29.8739E+03 
              374.19E-03          30.0095E+03 
              376.629E-03         30.1755E+03 
              379.077E-03         30.3748E+03 
              382.764E-03         30.723E+03  
              386.47E-03          31.1146E+03 
              390.195E-03         31.5167E+03 
              393.939E-03         31.9123E+03 
              399.591E-03         32.4353E+03 
              401.721E-03         32.6533E+03 
              404.927E-03         32.8954E+03 
              406.133E-03         33.0016E+03 
              407.946E-03         33.1249E+03 
              410.672E-03         33.2925E+03 
              413.408E-03         33.4586E+03 
              416.154E-03         33.6162E+03 
              418.909E-03         33.7703E+03 
              421.673E-03         33.9267E+03 
              422.366E-03         33.9805E+03 
              423.059E-03         34.026E+03  
              424.1E-03           34.0802E+03 
              425.664E-03         34.1607E+03 
              427.231E-03         34.2543E+03 
              428.801E-03         34.3542E+03 
              430.373E-03         34.4562E+03 
              431.949E-03         34.5597E+03 
              433.528E-03         34.6655E+03 
              435.11E-03          34.7741E+03 
              437.488E-03         34.9364E+03 
              439.277E-03         35.069E+03  
              441.068E-03         35.1963E+03 
              442.864E-03         35.3209E+03 
              444.664E-03         35.4444E+03 
              446.467E-03         35.5678E+03 
              448.274E-03         35.6925E+03 
              450.085E-03         35.8206E+03 
              451.899E-03         35.9534E+03 
              453.718E-03         36.0912E+03 
              456.452E-03         36.295E+03  
              460.57E-03          36.5777E+03 
              464.707E-03         36.8382E+03 
              468.862E-03         37.0882E+03 
              470.425E-03         37.201E+03  
              472.775E-03         37.3397E+03 
              474.541E-03         37.4581E+03 
              477.197E-03         37.6475E+03 
              479.194E-03         37.8112E+03 
              482.197E-03         38.0625E+03 
              485.21E-03          38.3329E+03 
              488.232E-03         38.6051E+03 
              489.367E-03         38.7201E+03 
              491.073E-03         38.8659E+03 
              493.638E-03         39.0732E+03 
              497.498E-03         39.371E+03  
              501.373E-03         39.6563E+03 
              502.344E-03         39.7458E+03 
              503.316E-03         39.8185E+03 
              504.776E-03         39.9068E+03 
              506.97E-03          40.0393E+03 
              509.169E-03         40.1811E+03 
              511.372E-03         40.3211E+03 
              513.58E-03          40.4577E+03 
              516.902E-03         40.6577E+03 
              521.903E-03         40.9819E+03 
              525.671E-03         41.2537E+03 
              529.451E-03         41.5267E+03 
              535.148E-03         41.9399E+03 
              536.576E-03         42.0757E+03 
              538.007E-03         42.1828E+03 
              540.157E-03         42.3264E+03 
              543.389E-03         42.5534E+03 
              544.198E-03         42.627E+03  
              545.009E-03         42.6929E+03 
              546.225E-03         42.7764E+03 
              548.052E-03         42.8952E+03 
              548.738E-03         42.9475E+03 
              549.768E-03         43.0205E+03 
              551.314E-03         43.1242E+03 
              552.862E-03         43.2302E+03 
              554.413E-03         43.3363E+03 
              555.966E-03         43.441E+03  
              557.521E-03         43.5442E+03 
              559.078E-03         43.6464E+03 
              560.637E-03         43.7479E+03 
              562.198E-03         43.8493E+03 
              564.544E-03         43.9972E+03 
              566.894E-03         44.1517E+03 
              569.25E-03          44.3059E+03 
              571.61E-03          44.4574E+03 
              573.975E-03         44.605E+03  
              577.531E-03         44.8114E+03 
              582.886E-03         45.1243E+03 
              585.572E-03         45.3045E+03 
              588.265E-03         45.4708E+03 
              590.963E-03         45.6469E+03 
              593.667E-03         45.8371E+03 
              596.377E-03         46.04E+03   
              599.093E-03         46.2537E+03 
              603.179E-03         46.5837E+03 
              607.277E-03         46.9269E+03 
              611.389E-03         47.2612E+03 
              615.515E-03         47.5782E+03 
              619.653E-03         47.8736E+03 
              623.805E-03         48.147E+03  
              627.97E-03          48.4014E+03 
              634.242E-03         48.754E+03  
              635.815E-03         48.8719E+03 
              637.389E-03         48.9613E+03 
              639.755E-03         49.0803E+03 
              640.643E-03         49.1348E+03 
              641.976E-03         49.2101E+03 
              643.978E-03         49.3214E+03 
              645.481E-03         49.4129E+03 
              647.74E-03          49.5468E+03 
              650.002E-03         49.689E+03  
              652.268E-03         49.8361E+03 
              655.673E-03         50.0603E+03 
              659.087E-03         50.2999E+03 
              662.51E-03          50.5456E+03 
              665.082E-03         50.7371E+03 
              668.949E-03         51.0147E+03 
              672.826E-03         51.3022E+03 
              676.714E-03         51.587E+03  
              680.612E-03         51.8654E+03 
              684.521E-03         52.1361E+03 
              688.44E-03          52.399E+03  
              692.369E-03         52.6554E+03 
              693.845E-03         52.7639E+03 
              696.062E-03         52.9003E+03 
              699.393E-03         53.1027E+03 
              704.404E-03         53.4178E+03 
              705.659E-03         53.519E+03  
              706.915E-03         53.6043E+03 
              708.802E-03         53.7156E+03 
              711.635E-03         53.8902E+03 
              714.474E-03         54.0785E+03 
              717.318E-03         54.2683E+03 
              721.594E-03         54.5454E+03 
              725.881E-03         54.8295E+03 
              730.18E-03          55.1117E+03 
              736.65E-03          55.529E+03  
              743.145E-03         55.9643E+03 
              746.402E-03         56.1981E+03 
              749.666E-03         56.4155E+03 
              754.573E-03         56.7437E+03 
              755.802E-03         56.8464E+03 
              757.032E-03         56.936E+03  
              758.878E-03         57.0547E+03 
              761.652E-03         57.2365E+03 
              765.821E-03         57.5181E+03 
              770.E-03            57.803E+03  
              774.189E-03         58.0806E+03 
              778.388E-03         58.3509E+03 
              782.597E-03         58.6136E+03 
              786.816E-03         58.8672E+03 
              791.044E-03         59.1102E+03 
              797.406E-03         59.4437E+03 
              806.991E-03         59.9277E+03 
              811.801E-03         60.1938E+03 
              816.624E-03         60.4419E+03 
              821.46E-03          60.7048E+03 
              826.307E-03         60.9823E+03 
              831.167E-03         61.2748E+03 
              832.384E-03         61.3647E+03 
              833.602E-03         61.4434E+03 
              835.43E-03          61.5488E+03 
              838.175E-03         61.7135E+03 
              840.923E-03         61.8901E+03 
              843.676E-03         62.0665E+03 
              846.432E-03         62.238E+03  
              849.193E-03         62.404E+03  
              853.34E-03          62.6308E+03 
              854.898E-03         62.727E+03  
              857.236E-03         62.844E+03  
              859.577E-03         62.9535E+03 
              861.921E-03         63.0572E+03 
              864.268E-03         63.1559E+03 
              867.793E-03         63.2949E+03 
              873.091E-03         63.5236E+03 
              875.082E-03         63.6308E+03 
              878.071E-03         63.7763E+03 
              882.562E-03         64.0315E+03 
              889.318E-03         64.4931E+03 
              896.094E-03         65.0053E+03 
              902.892E-03         65.5184E+03 
              909.71E-03          66.0004E+03 
              916.55E-03          66.4333E+03 
              919.12E-03          66.6047E+03 
              922.98E-03          66.8112E+03 
              928.784E-03         67.1013E+03 
              934.602E-03         67.3827E+03 
              940.434E-03         67.6591E+03 
              946.281E-03         67.9444E+03 
              952.143E-03         68.2461E+03 
              960.962E-03         68.7233E+03 
              963.171E-03         68.8683E+03 
              965.383E-03         68.9887E+03 
              968.704E-03         69.166E+03  
              973.695E-03         69.4479E+03 
              978.695E-03         69.7341E+03 
              983.706E-03         70.0124E+03 
              988.726E-03         70.2833E+03 
              996.275E-03         70.656E+03  
                1.00764           71.0262E+03 
                1.01191           71.0498E+03 
                1.01834           70.7194E+03 
                1.02801           68.0778E+03 
                1.03164           66.7022E+03 
                1.0371            64.1259E+03 
                1.04531           59.2635E+03 
                1.04839           57.5168E+03 
                1.05303           54.767E+03  
                1.05999           50.0443E+03 
                1.06697           43.0426E+03 
                1.06872           41.2167E+03 
                1.07047           39.1373E+03 
                1.07309           35.6289E+03 
                1.07703           25.5109E+03 
                1.08098           16.1103E+03 
                1.08494           12.0663E+03 
                1.08592           11.4415E+03 
                1.08691           11.0879E+03 
                1.0884            10.8925E+03 
                1.09063           10.9072E+03 
                1.09397           11.25E+03   
                1.09732           11.8187E+03 
                1.10067           12.5198E+03 
                1.10403           13.2975E+03 
                1.10907           14.6629E+03 
                1.11033           15.0274E+03 
                1.1116            15.398E+03  
                1.11349           15.9877E+03 
                1.11633           16.9205E+03 
                1.11918           17.8669E+03 
                1.12203           18.7651E+03 
                1.12488           19.5628E+03 
                1.12916           20.6161E+03 
                1.13345           21.8514E+03 
                1.13774           22.7458E+03 
                1.14204           22.9641E+03 
                1.14634           22.8588E+03 
                1.1485            22.7573E+03 
                1.15065           22.607E+03  
                1.15389           22.2733E+03 
                1.15551           22.0849E+03 
                1.15713           21.8667E+03 
                1.15956           21.4726E+03 
                1.16199           21.0205E+03 
                1.16442           20.5147E+03 
                1.16808           19.6686E+03 
                1.17174           18.7689E+03 
                1.1754            17.867E+03  
                1.1809            16.6201E+03 
                1.18641           15.512E+03  
                1.19193           14.5256E+03 
                1.19746           13.642E+03  
                1.20299           12.8644E+03 
                1.20854           12.1498E+03 
                1.21409           11.4475E+03 
                1.21965           10.7224E+03 
                1.22522           10.006E+03  
                1.23079            9.31337E+03
                1.23638            8.65767E+03
                1.24197            8.07819E+03
                1.24757            7.61097E+03
                1.25318            7.26485E+03
                1.25879            7.0088E+03 
                1.26442            6.85149E+03
                1.27005            6.78424E+03
                1.27569            6.85201E+03
                1.28133            6.96402E+03
                1.28699            7.20543E+03
                1.29548            7.86332E+03
                1.30399            8.72799E+03
                1.30613            8.96353E+03
                1.30826            9.19694E+03
                1.31146            9.56654E+03
                1.31626           10.1985E+03 
                1.32107           10.8032E+03 
                1.32588           11.3688E+03 
                1.3307            11.8966E+03 
                1.33552           12.3714E+03 
                1.34035           12.7632E+03 
                1.34519           13.0406E+03 
                1.35002           13.1933E+03 
                1.35729           13.2224E+03 
                1.36002           13.2179E+03 
                1.36411           13.1408E+03 
                1.37026           12.9416E+03 
                1.37642           12.67E+03   
                1.3795            12.5174E+03 
                1.38258           12.3377E+03 
                1.38721           12.0424E+03 
                1.39184           11.7385E+03 
                1.39647           11.438E+03  
                1.40343           10.934E+03  
                1.4104            10.3646E+03 
                1.41738            9.65428E+03
                1.42437            8.83622E+03
                1.42962            8.24147E+03
                1.43355            7.78791E+03
                1.43947            7.13685E+03
                1.44539            6.56194E+03
                1.45131            6.07808E+03
                1.45724            5.71633E+03
                1.46318            5.46684E+03
                1.47209            5.30739E+03
                1.47432            5.28864E+03
                1.47655            5.2658E+03 
                1.4799             5.25348E+03
                1.48493            5.3131E+03 
                1.48996            5.44727E+03
                1.49499            5.63654E+03
                1.50003            5.83177E+03
                1.5076             6.19476E+03
                1.51517            6.63963E+03
                1.52275            7.11083E+03
                1.53034            7.61205E+03
                1.53794            8.11404E+03
                1.53984            8.25135E+03
                1.54175            8.38136E+03
                1.5446             8.56774E+03
                1.54888            8.83725E+03
                1.55316            9.09713E+03
                1.55745            9.32695E+03
                1.56174            9.53896E+03
                1.56818            9.81199E+03
                1.57462           10.0221E+03 
                1.58107           10.1772E+03 
                1.58752           10.2588E+03 
                1.59398           10.2701E+03 
                1.60368           10.1324E+03 
                1.61339            9.83532E+03
                1.62311            9.43973E+03
                1.63284            8.97625E+03
                1.63527            8.86413E+03
                1.63771            8.74068E+03
                1.64136            8.54903E+03
                1.64685            8.25905E+03
                1.65233            7.97553E+03
                1.65782            7.70012E+03
                1.66331            7.43427E+03
                1.67156            7.05951E+03
                1.68393            6.60763E+03
                1.68703            6.51481E+03
                1.69013            6.42139E+03
                1.69478            6.29885E+03
                1.70175            6.18227E+03
                1.70873            6.14321E+03
                1.71571            6.17846E+03
                1.71921            6.22089E+03
                1.72445            6.32114E+03
                1.72969            6.45917E+03
                1.73494            6.6466E+03 
                1.74019            6.83155E+03
                1.74544            7.04131E+03
                1.75069            7.20163E+03
                1.75595            7.3535E+03 
                1.7612             7.52191E+03
                1.76909            7.76947E+03
                1.78093            8.07148E+03
                1.78389            8.14805E+03
                1.78686            8.21734E+03
                1.7913             8.31688E+03
                1.79797            8.46575E+03
                1.80464            8.59789E+03
                1.81131            8.7009E+03 
                1.81799            8.77078E+03
                1.82467            8.78501E+03
                1.83135            8.74501E+03
                1.83803            8.64479E+03
                1.84806            8.3861E+03 
                1.85809            8.086E+03  
                1.86812            7.78418E+03
                1.87816            7.50171E+03
                1.88821            7.25392E+03
                1.89072            7.20014E+03
                1.89323            7.14572E+03
                1.897              7.06837E+03
                1.90265            6.966E+03  
                1.91113            6.84392E+03
                1.91431            6.80341E+03
                1.91908            6.75095E+03
                1.92624            6.69737E+03
                1.9334             6.66854E+03
                1.93519            6.66411E+03
                1.93698            6.65998E+03
                1.93966            6.65513E+03
                1.94369            6.65193E+03
                1.94772            6.65442E+03
                1.95175            6.65972E+03
                1.95779            6.68685E+03
                1.96685            6.7836E+03 
                1.98045            7.02053E+03
                1.98385            7.08405E+03
                1.98725            7.1468E+03 
                1.99235            7.24654E+03
                2.                 7.40611E+03
                2.01148            7.62219E+03
                2.02295            7.78834E+03
                2.03443            7.89221E+03
                2.0459             7.95282E+03
                2.05737            7.96807E+03
                2.06884            7.9071E+03 
                2.0803             7.78329E+03
                2.09177            7.66671E+03
                2.10323            7.54961E+03
                2.11468            7.45599E+03
                2.12613            7.38762E+03
                2.129              7.36593E+03
                2.13186            7.34924E+03
                2.13615            7.32909E+03
                2.14259            7.31238E+03
                2.14902            7.32127E+03
                2.15546            7.33678E+03
                2.16189            7.36405E+03
                2.16832            7.38362E+03
                2.17796            7.38428E+03
                2.19241            7.40017E+03
                2.19602            7.41081E+03
                2.19963            7.42724E+03
                2.20505            7.44846E+03
                2.21316            7.51394E+03
                2.22533            7.60487E+03
                2.23749            7.67713E+03
                2.24965            7.72529E+03
                2.26178            7.74656E+03
                2.27391            7.77211E+03
                2.28603            7.84703E+03
                2.29813            7.92661E+03
                2.31023            7.97623E+03
                2.31325            7.98114E+03
                2.31627            7.99491E+03
                2.3208             8.01077E+03
                2.32758            8.03285E+03
                2.33437            8.0511E+03 
                2.34115            8.06772E+03
                2.34284            8.06786E+03
                2.34539            8.076E+03  
                2.3492             8.09596E+03
                2.35491            8.10298E+03
                2.36062            8.08177E+03
                2.36632            8.05696E+03
                2.37487            8.02622E+03
                2.37701            8.00707E+03
                2.37915            7.98976E+03
                2.38235            7.97389E+03
                2.38715            7.99304E+03
                2.39195            7.97296E+03
                2.39675            7.90912E+03
                2.39855            7.884E+03  
                2.40125            7.87475E+03
                2.40529            7.90143E+03
                2.41135            7.98056E+03
                2.42044            8.13811E+03
                2.42951            8.3054E+03 
                2.43857            8.47452E+03
                2.44763            8.63003E+03
                2.45667            8.76805E+03
                2.4657             8.89557E+03
                2.47472            9.02026E+03
                2.48373            9.15077E+03
                2.49272            9.23776E+03
                2.5017             9.30352E+03
                2.50395            9.30945E+03
                2.50619            9.32118E+03
                2.50955            9.34137E+03
                2.5146             9.36668E+03
                2.52215            9.39202E+03
                2.5297             9.42988E+03
                2.53723            9.47029E+03
                2.54476            9.5027E+03 
                2.55228            9.51292E+03
                2.55979            9.51468E+03
                2.56728            9.49998E+03
                2.57477            9.48679E+03
                2.58225            9.48156E+03
                2.58972            9.51529E+03
                2.59718            9.53672E+03
                2.60463            9.56921E+03
                2.61578            9.58665E+03
                2.61856            9.56861E+03
                2.62134            9.569E+03  
                2.62551            9.58545E+03
                2.62708            9.58508E+03
                2.62942            9.59028E+03
                2.63294            9.6005E+03 
                2.6382             9.57992E+03
                2.64609            9.53277E+03
                2.65397            9.49969E+03
                2.66183            9.4746E+03 
                2.66968            9.44919E+03
                2.67752            9.43386E+03
                2.68045            9.42043E+03
                2.68485            9.42854E+03
                2.69144            9.4352E+03 
                2.69802            9.42976E+03
                2.7046             9.43433E+03
                2.71116            9.43786E+03
                2.71771            9.44608E+03
                2.72425            9.433E+03  
                2.73078            9.40632E+03
                2.74056            9.3849E+03 
                2.75031            9.37915E+03
                2.75518            9.35415E+03
                2.76004            9.34574E+03
                2.7649             9.34607E+03
                2.76975            9.35019E+03
                2.77459            9.34026E+03
                2.77943            9.33447E+03
                2.78426            9.33912E+03
                2.78909            9.35138E+03
                2.79632            9.37542E+03
                2.79902            9.37396E+03
                2.80308            9.38775E+03
                2.80915            9.4055E+03 
                2.81522            9.42424E+03
                2.82127            9.44375E+03
                2.82732            9.43447E+03
                2.83335            9.42658E+03
                2.83938            9.42767E+03
                2.84539            9.42823E+03
                2.85139            9.43503E+03
                2.85738            9.46385E+03
                2.86336            9.51178E+03
                2.86933            9.54329E+03
                2.87827            9.59712E+03
                2.8805             9.59321E+03
                2.88273            9.61014E+03
                2.88606            9.64823E+03
                2.89107            9.6857E+03 
                2.89856            9.74456E+03
                2.90416            9.76784E+03
                2.90626            9.76789E+03
                2.9094             9.77474E+03
                2.91412            9.76897E+03
                2.91588            9.75914E+03
                2.91853            9.76329E+03
                2.92249            9.76782E+03
                2.92843            9.76894E+03
                2.93436            9.76902E+03
                2.94027            9.78256E+03
                2.94617            9.82156E+03
                2.95206            9.88475E+03
                2.95794            9.9931E+03 
                2.9594            10.0125E+03 
                2.96087           10.047E+03  
                2.96307           10.1029E+03 
                2.96636           10.1827E+03 
                2.9713            10.2959E+03 
                2.97622           10.343E+03  
                2.98114           10.3653E+03 
                2.98604           10.3565E+03 
                2.99094           10.3389E+03 
                2.99583           10.3036E+03 
                3.00315           10.2673E+03 
                3.01044           10.2963E+03 
                3.01772           10.3317E+03 
                3.02135           10.3524E+03 
                3.02407           10.4404E+03 
                3.02814           10.6659E+03 
                3.03221           10.9502E+03 
                3.03627           11.1483E+03 
                3.04032           11.1639E+03 
                3.04638           10.9398E+03 
                3.05244           10.6396E+03 
                3.05847           10.4107E+03 
                3.06449           10.2545E+03 
                3.0705            10.1575E+03 
                3.07274           10.121E+03  
                3.07611           10.1009E+03 
                3.08115           10.0932E+03 
                3.08304           10.0837E+03 
                3.08587           10.1016E+03 
                3.09011           10.1355E+03 
                3.09434           10.1737E+03 
                3.09856           10.2236E+03 
                3.10277           10.2856E+03 
                3.10697           10.3554E+03 
                3.11117           10.428E+03  
                3.11536           10.4955E+03 
                3.12163           10.5819E+03 
                3.12397           10.5958E+03 
                3.12748           10.6364E+03 
                3.1288            10.6429E+03 
                3.13077           10.6622E+03 
                3.13373           10.6794E+03 
                3.13668           10.6814E+03 
                3.13962           10.6773E+03 
                3.14257           10.6687E+03 
                3.14697           10.6486E+03 
                3.15137           10.6141E+03 
                3.15575           10.574E+03  
                3.16013           10.5291E+03 
                3.16177           10.5026E+03 
                3.16423           10.483E+03  
                3.1679            10.4525E+03 
                3.17341           10.3999E+03 
                3.17547           10.3669E+03 
                3.17855           10.3454E+03 
                3.18317           10.3201E+03 
                3.19008           10.2839E+03 
                3.20039           10.2547E+03 




