
              u_80_45_exp        f_80_45_exp    

                0.                -0.         
               39.94E-09         118.008E-03  
              319.041E-09        563.39E-03   
                1.70601E-06        1.37077    
                7.53894E-06        3.04476    
               29.9775E-06         6.30321    
              111.812E-06         12.3566     
              399.954E-06         24.2801     
                1.38837E-03       52.3104     
                4.70264E-03      130.082      
               15.5512E-03       363.36       
               49.9952E-03         1.07528E+03
              154.626E-03          3.20108E+03
              450.699E-03          9.17332E+03
                1.18929           21.3159E+03 
                1.2446            22.1249E+03 
                1.25855           22.1105E+03 
                1.27254           22.0121E+03 
                1.29363           21.7389E+03 
                1.31482           21.3458E+03 
                1.33611           20.8407E+03 
                1.36822           19.9189E+03 
                1.41678           18.3924E+03 
                1.46577           17.003E+03  
                1.51516           16.1004E+03 
                1.58991           15.7528E+03 
                1.66535           15.485E+03  
                1.74135           15.0121E+03 
                1.74254           15.0146E+03 
                1.74373           15.0126E+03 
                1.74552           15.0033E+03 
                1.7482            14.9858E+03 
                1.7492            14.9792E+03 
                1.75071           14.969E+03  
                1.75298           14.9533E+03 
                1.75637           14.9292E+03 
                1.76147           14.892E+03  
                1.76911           14.8329E+03 
                1.78059           14.7275E+03 
                1.79782           14.4866E+03 
                1.82369           13.9822E+03 
                1.86256           13.2788E+03 
                1.92098           12.5661E+03 
                2.00874           11.8132E+03 
                2.04165           11.5514E+03 
                2.09099           11.1565E+03 
                2.09561           11.1161E+03 
                2.09735           11.1015E+03 
                2.09995           11.0803E+03 
                2.10385           11.0487E+03 
                2.10531           11.0366E+03 
                2.1075            11.0187E+03 
                2.11079           10.9918E+03 
                2.11573           10.9516E+03 
                2.12313           10.8936E+03 
                2.13422           10.8151E+03 
                2.15086           10.6597E+03 
                2.17578           10.3031E+03 
                2.21312            9.76446E+03
                2.2271             9.56921E+03
                2.24804            9.31806E+03
                2.25589            9.22509E+03
                2.25883            9.19067E+03
                2.26324            9.14203E+03
                2.26489            9.12349E+03
                2.26737            9.09664E+03
                2.27109            9.0573E+03 
                2.27248            9.04219E+03
                2.27458            9.02014E+03
                2.27771            8.98763E+03
                2.28241            8.93937E+03
                2.28418            8.92069E+03
                2.28682            8.89347E+03
                2.29079            8.85323E+03
                2.29227            8.83767E+03
                2.2945             8.81499E+03
                2.29785            8.78181E+03
                2.2991             8.76904E+03
                2.30098            8.75057E+03
                2.3038             8.72401E+03
                2.30803            8.68654E+03
                2.31225            8.64977E+03
                2.31648            8.61058E+03
                2.32281            8.53041E+03
                2.33231            8.33974E+03
                2.34653            7.98624E+03
                2.36783            7.53378E+03
                2.39968            7.06774E+03
                2.41159            6.90922E+03
                2.42943            6.71969E+03
                2.4311             6.69775E+03
                2.43361            6.67036E+03
                2.43736            6.63302E+03
                2.43877            6.61857E+03
                2.44088            6.59804E+03
                2.44405            6.56846E+03
                2.4488             6.52592E+03
                2.45058            6.50918E+03
                2.45324            6.48581E+03
                2.45424            6.47678E+03
                2.45574            6.46389E+03
                2.45799            6.44547E+03
                2.46137            6.4194E+03 
                2.46642            6.38234E+03
                2.474              6.32032E+03
                2.48535            6.19707E+03
                2.50234            5.9718E+03 
                2.52775            5.62321E+03
                2.56566            5.13363E+03
                2.62205            4.41465E+03
                2.70546            3.38981E+03
                2.7132             3.24745E+03
                2.72479            3.1033E+03 
                2.72912            3.04584E+03
                2.73075            3.02413E+03
                2.73318            2.99427E+03
                2.73684            2.95095E+03
                2.7382             2.93356E+03
                2.74026            2.90888E+03
                2.74103            2.89925E+03
                2.74218            2.88533E+03
                2.74391            2.86504E+03
                2.7465             2.83508E+03
                2.75039            2.79078E+03
                2.75621            2.72551E+03
                2.76493            2.62585E+03
                2.77797            2.46254E+03
                2.79745            2.22755E+03
                2.82648            1.93492E+03
                2.86957            1.53919E+03
                2.93313            1.01465E+03
                3.02591          467.944      
                3.15875          246.721      
                3.17079           95.4121     
                3.17528           76.7886     
                3.18201           75.8861     
                3.18452           71.4143     
                3.18829           72.8046     
                3.1897            71.3536     
                3.19181           72.5329     
                3.19498           76.7734     
                3.19971           85.4545     
                3.20444           92.6556     
                3.20916           97.0631     
                3.2162            93.9681     
                3.22673           76.5633     
                3.23065           60.2455     
                3.23653           53.5389     
                3.23873           47.6405     
                3.24202           47.9382     
                3.24326           46.6074     
                3.2451            48.3134     
                3.24787           55.09       
                3.25064           63.9935     
                3.2534            75.7722     
                3.25753          101.815      
                3.2637           152.649      
                3.27292          234.887      
                3.28666          328.285      
                3.30703          395.412      
                3.33708          474.901      
                3.38099          718.805      
                3.44414            1.24661E+03
                3.53257            2.11342E+03
                3.65048            3.21147E+03
                3.79315            3.90356E+03
                3.8044             3.64525E+03
                3.82061            3.83425E+03
                3.82648            3.86765E+03
                3.82866            3.87947E+03
                3.83188            3.91778E+03
                3.83309            3.9252E+03 
                3.83488            3.94511E+03
                3.83555            3.94944E+03
                3.83655            3.95977E+03
                3.83804            3.97643E+03
                3.8386             3.9799E+03 
                3.83944            3.98782E+03
                3.84069            4.00084E+03
                3.84115            4.00356E+03
                3.84185            4.00964E+03
                3.8429             4.01984E+03
                3.84446            4.03469E+03
                3.84601            4.04698E+03
                3.84755            4.0581E+03 
                3.84985            4.0752E+03 
                3.85325            4.09521E+03
                3.85827            4.10853E+03
                3.86561            4.09145E+03
                3.87619            4.02443E+03
                3.8911             3.92302E+03
                3.91136            3.75822E+03
                3.93715            3.41756E+03
                3.96618            2.83051E+03
                3.99098            2.17884E+03
                3.99998            2.0119E+03 
                4.                 1.96347E+03




