
                  X               uf-60-45    

                0.                -0.         
               39.94E-09         112.028E-03  
              319.041E-09        534.921E-03  
                1.70601E-06        1.30328    
                7.53894E-06        2.91858    
               29.9775E-06         6.16795    
              111.812E-06         12.4637     
              399.954E-06         25.4133     
                1.38837E-03       57.1433     
                4.70264E-03      147.718      
               15.5512E-03       423.51       
               49.9952E-03         1.27121E+03
              154.626E-03          3.81048E+03
              212.548E-03          5.30316E+03
              319.557E-03          7.80209E+03
              365.934E-03          8.99841E+03
              384.196E-03          9.4528E+03 
              391.167E-03          9.62394E+03
              393.798E-03          9.68822E+03
              394.787E-03          9.71234E+03
              396.273E-03          9.74356E+03
              397.389E-03          9.76724E+03
              398.507E-03          9.79057E+03
              399.067E-03          9.80282E+03
              399.627E-03          9.81482E+03
              400.047E-03          9.82382E+03
              400.468E-03          9.8327E+03 
              400.889E-03          9.84151E+03
              401.31E-03           9.85028E+03
              401.941E-03          9.86316E+03
              402.574E-03          9.87618E+03
              403.207E-03          9.8893E+03 
              403.841E-03          9.90248E+03
              404.475E-03          9.9157E+03 
              405.109E-03          9.92894E+03
              405.744E-03          9.9422E+03 
              406.38E-03           9.95549E+03
              407.016E-03          9.96879E+03
              407.653E-03          9.98212E+03
              408.29E-03           9.99547E+03
              408.928E-03         10.0088E+03 
              409.566E-03         10.0222E+03 
              410.205E-03         10.0356E+03 
              410.844E-03         10.0491E+03 
              411.484E-03         10.0625E+03 
              412.124E-03         10.0759E+03 
              412.765E-03         10.0894E+03 
              413.406E-03         10.1028E+03 
              414.048E-03         10.1162E+03 
              414.691E-03         10.1295E+03 
              415.334E-03         10.1427E+03 
              415.977E-03         10.1557E+03 
              416.621E-03         10.1685E+03 
              417.266E-03         10.181E+03  
              417.911E-03         10.1931E+03 
              418.556E-03         10.2046E+03 
              419.202E-03         10.2154E+03 
              420.172E-03         10.2287E+03 
              421.144E-03         10.2389E+03 
              422.116E-03         10.2448E+03 
              423.09E-03          10.2451E+03 
              423.455E-03         10.2448E+03 
              424.003E-03         10.2417E+03 
              424.552E-03         10.236E+03  
              425.101E-03         10.2276E+03 
              425.513E-03         10.2198E+03 
              426.132E-03         10.2038E+03 
              426.751E-03         10.1838E+03 
              427.37E-03          10.1594E+03 
              427.99E-03          10.1305E+03 
              428.611E-03         10.097E+03  
              429.232E-03         10.0589E+03 
              429.853E-03         10.0163E+03 
              430.475E-03          9.96953E+03
              431.097E-03          9.91877E+03
              431.72E-03           9.86445E+03
              432.343E-03          9.80707E+03
              432.967E-03          9.74718E+03
              433.591E-03          9.68542E+03
              434.215E-03          9.62244E+03
              434.841E-03          9.55892E+03
              435.466E-03          9.49554E+03
              436.092E-03          9.43295E+03
              436.249E-03          9.41753E+03
              436.405E-03          9.40218E+03
              436.64E-03           9.37926E+03
              436.993E-03          9.34524E+03
              437.522E-03          9.29544E+03
              438.051E-03          9.24743E+03
              438.581E-03          9.20142E+03
              439.111E-03          9.15754E+03
              439.642E-03          9.11584E+03
              440.438E-03          9.05765E+03
              441.036E-03          9.01674E+03
              441.634E-03          8.9779E+03 
              442.233E-03          8.94065E+03
              442.831E-03          8.9044E+03 
              443.431E-03          8.8684E+03 
              444.031E-03          8.83171E+03
              444.631E-03          8.79316E+03
              445.232E-03          8.75132E+03
              445.382E-03          8.74079E+03
              445.607E-03          8.72433E+03
              445.945E-03          8.69784E+03
              446.453E-03          8.65291E+03
              446.961E-03          8.6017E+03 
              447.469E-03          8.54284E+03
              448.232E-03          8.43245E+03
              448.518E-03          8.38807E+03
              448.947E-03          8.31321E+03
              449.592E-03          8.18075E+03
              450.56E-03           7.93734E+03
              450.802E-03          7.87415E+03
              451.044E-03          7.80824E+03
              451.408E-03          7.70341E+03
              451.953E-03          7.53432E+03
              452.499E-03          7.35553E+03
              453.045E-03          7.16916E+03
              453.591E-03          6.97724E+03
              454.138E-03          6.78157E+03
              454.959E-03          6.48288E+03
              455.78E-03           6.18039E+03
              456.397E-03          5.95117E+03
              457.014E-03          5.71834E+03
              457.632E-03          5.48076E+03
              458.25E-03           5.23747E+03
              458.868E-03          4.98801E+03
              459.487E-03          4.73264E+03
              460.106E-03          4.47247E+03
              461.036E-03          4.07817E+03
              461.966E-03          3.6895E+03 
              462.898E-03          3.31538E+03
              463.131E-03          3.22324E+03
              463.364E-03          3.13224E+03
              463.714E-03          2.99864E+03
              464.239E-03          2.80605E+03
              465.027E-03          2.53815E+03
              465.815E-03          2.29369E+03
              466.605E-03          2.07362E+03
              467.395E-03          1.87828E+03
              468.185E-03          1.70759E+03
              468.977E-03          1.56111E+03
              469.769E-03          1.43807E+03
              470.561E-03          1.33725E+03
              471.355E-03          1.25698E+03
              472.149E-03          1.19515E+03
              472.944E-03          1.14928E+03
              473.341E-03          1.13031E+03
              473.739E-03          1.11461E+03
              474.336E-03          1.09707E+03
              474.934E-03          1.08479E+03
              475.531E-03          1.07684E+03
              475.98E-03           1.07307E+03
              476.317E-03          1.07133E+03
              476.822E-03          1.07045E+03
              477.327E-03          1.07123E+03
              477.833E-03          1.07352E+03
              478.339E-03          1.07724E+03
              478.845E-03          1.08238E+03
              479.351E-03          1.08898E+03
              480.112E-03          1.10202E+03
              480.872E-03          1.11868E+03
              481.063E-03          1.12329E+03
              481.348E-03          1.13062E+03
              481.777E-03          1.14248E+03
              481.937E-03          1.14715E+03
              482.179E-03          1.15441E+03
              482.54E-03           1.16583E+03
              483.083E-03          1.18403E+03
              483.627E-03          1.2033E+03 
              484.17E-03           1.22335E+03
              484.714E-03          1.24392E+03
              485.258E-03          1.26476E+03
              485.803E-03          1.2857E+03 
              486.348E-03          1.30665E+03
              487.166E-03          1.33799E+03
              487.984E-03          1.37019E+03
              488.189E-03          1.37856E+03
              488.394E-03          1.38697E+03
              488.701E-03          1.39964E+03
              489.162E-03          1.41891E+03
              489.854E-03          1.44883E+03
              490.547E-03          1.48025E+03
              491.24E-03           1.51296E+03
              491.933E-03          1.54647E+03
              492.627E-03          1.58012E+03
              493.322E-03          1.61323E+03
              494.017E-03          1.64521E+03
              494.712E-03          1.67568E+03
              495.408E-03          1.70457E+03
              495.582E-03          1.71187E+03
              495.756E-03          1.71906E+03
              496.018E-03          1.72956E+03
              496.41E-03           1.74469E+03
              496.998E-03          1.76642E+03
              497.218E-03          1.77465E+03
              497.55E-03           1.78677E+03
              498.046E-03          1.80465E+03
              498.792E-03          1.83112E+03
              499.912E-03          1.86871E+03
              501.033E-03          1.90183E+03
              501.594E-03          1.91731E+03
              502.155E-03          1.93063E+03
              502.998E-03          1.94459E+03
              503.841E-03          1.95302E+03
              504.052E-03          1.95504E+03
              504.263E-03          1.95671E+03
              504.579E-03          1.95833E+03
              505.054E-03          1.95902E+03
              505.767E-03          1.95732E+03
              506.481E-03          1.95444E+03
              507.194E-03          1.95161E+03
              507.909E-03          1.94993E+03
              508.624E-03          1.95036E+03
              509.339E-03          1.95363E+03
              510.055E-03          1.96023E+03
              511.13E-03           1.97768E+03
              512.206E-03          2.00297E+03
              512.744E-03          2.0179E+03 
              513.283E-03          2.03436E+03
              514.091E-03          2.06167E+03
              514.901E-03          2.09149E+03
              515.71E-03           2.12323E+03
              516.521E-03          2.15627E+03
              517.332E-03          2.19004E+03
              518.144E-03          2.2241E+03 
              518.956E-03          2.25811E+03
              520.176E-03          2.30801E+03
              520.786E-03          2.33346E+03
              521.397E-03          2.35862E+03
              522.314E-03          2.39568E+03
              523.232E-03          2.43307E+03
              524.15E-03           2.47127E+03
              525.069E-03          2.5108E+03 
              525.299E-03          2.52106E+03
              525.529E-03          2.5314E+03 
              525.874E-03          2.54701E+03
              526.392E-03          2.57081E+03
              527.169E-03          2.60811E+03
              528.336E-03          2.66985E+03
              528.628E-03          2.68617E+03
              528.92E-03           2.7029E+03 
              529.358E-03          2.72884E+03
              530.016E-03          2.77006E+03
              531.003E-03          2.83904E+03
              531.991E-03          2.9176E+03 
              532.98E-03           3.00768E+03
              533.475E-03          3.05622E+03
              533.97E-03           3.10802E+03
              534.713E-03          3.19362E+03
              535.456E-03          3.28802E+03
              536.2E-03            3.39127E+03
              536.945E-03          3.50283E+03
              537.69E-03           3.62156E+03
              538.436E-03          3.74579E+03
              539.555E-03          3.93746E+03
              540.675E-03          4.12917E+03
              541.516E-03          4.27121E+03
              542.358E-03          4.40968E+03
              543.201E-03          4.54398E+03
              544.044E-03          4.67408E+03
              544.887E-03          4.80021E+03
              545.732E-03          4.92272E+03
              546.576E-03          5.04188E+03
              547.845E-03          5.2125E+03 
              549.115E-03          5.37515E+03
              550.387E-03          5.52867E+03
              551.66E-03           5.67221E+03
              552.934E-03          5.80519E+03
              554.21E-03           5.92711E+03
              554.689E-03          5.97182E+03
              555.408E-03          6.0346E+03 
              556.487E-03          6.11895E+03
              558.107E-03          6.22072E+03
              559.729E-03          6.2954E+03 
              561.354E-03          6.34123E+03
              562.981E-03          6.35955E+03
              564.61E-03           6.3542E+03 
              566.242E-03          6.33035E+03
              567.876E-03          6.29323E+03
              568.489E-03          6.27856E+03
              569.41E-03           6.25284E+03
              570.792E-03          6.20926E+03
              572.869E-03          6.13863E+03
              574.949E-03          6.06592E+03
              575.47E-03           6.04875E+03
              575.991E-03          6.0311E+03 
              576.772E-03          6.00341E+03
              577.946E-03          5.96023E+03
              579.708E-03          5.89266E+03
              581.473E-03          5.82267E+03
              583.241E-03          5.74904E+03
              584.126E-03          5.71207E+03
              585.011E-03          5.67354E+03
              585.344E-03          5.65916E+03
              585.842E-03          5.63691E+03
              586.59E-03           5.60221E+03
              586.871E-03          5.58927E+03
              587.292E-03          5.56944E+03
              587.713E-03          5.5493E+03 
              588.135E-03          5.52885E+03
              588.767E-03          5.49735E+03
              589.716E-03          5.44857E+03
              591.142E-03          5.37268E+03
              591.676E-03          5.34465E+03
              592.479E-03          5.30144E+03
              593.684E-03          5.23491E+03
              593.986E-03          5.21865E+03
              594.287E-03          5.2023E+03 
              594.74E-03           5.17747E+03
              595.419E-03          5.13977E+03
              596.438E-03          5.08305E+03
              597.458E-03          5.02722E+03
              598.479E-03          4.97263E+03
              598.734E-03          4.95937E+03
              598.99E-03           4.94616E+03
              599.373E-03          4.92641E+03
              599.948E-03          4.89703E+03
              600.164E-03          4.88621E+03
              600.487E-03          4.87008E+03
              600.973E-03          4.84623E+03
              601.702E-03          4.81157E+03
              602.795E-03          4.76301E+03
              603.89E-03           4.71891E+03
              604.986E-03          4.67955E+03
              605.397E-03          4.66586E+03
              606.014E-03          4.64656E+03
              606.94E-03           4.62082E+03
              608.331E-03          4.59065E+03
              608.853E-03          4.58128E+03
              609.636E-03          4.56963E+03
              610.811E-03          4.55793E+03
              612.577E-03          4.55343E+03
              614.345E-03          4.56131E+03
              614.787E-03          4.56481E+03
              615.451E-03          4.57096E+03
              616.447E-03          4.58216E+03
              616.821E-03          4.58704E+03
              617.382E-03          4.59482E+03
              618.224E-03          4.60746E+03
              619.487E-03          4.62792E+03
              621.385E-03          4.65811E+03
              622.098E-03          4.67029E+03
              623.167E-03          4.68611E+03
              624.773E-03          4.70278E+03
              625.376E-03          4.70883E+03
              626.28E-03           4.71448E+03
              627.638E-03          4.71453E+03
              628.148E-03          4.714E+03  
              628.913E-03          4.70989E+03
              630.061E-03          4.69603E+03
              630.491E-03          4.69022E+03
              631.138E-03          4.67877E+03
              632.108E-03          4.6553E+03 
              633.565E-03          4.60592E+03
              634.111E-03          4.58614E+03
              634.932E-03          4.55145E+03
              636.163E-03          4.48856E+03
              636.625E-03          4.46402E+03
              637.319E-03          4.42365E+03
              638.359E-03          4.35552E+03
              638.75E-03           4.32935E+03
              639.336E-03          4.28769E+03
              640.215E-03          4.22017E+03
              640.545E-03          4.19446E+03
              641.04E-03           4.15434E+03
              641.783E-03          4.09092E+03
              642.898E-03          3.98959E+03
              643.317E-03          3.95123E+03
              643.945E-03          3.89183E+03
              644.887E-03          3.79925E+03
              645.241E-03          3.76441E+03
              645.771E-03          3.71117E+03
              646.567E-03          3.62958E+03
              647.762E-03          3.50512E+03
              648.211E-03          3.45876E+03
              648.884E-03          3.38881E+03
              649.894E-03          3.28404E+03
              650.273E-03          3.2452E+03 
              650.841E-03          3.18718E+03
              651.695E-03          3.10134E+03
              652.976E-03          2.97743E+03
              653.456E-03          2.93232E+03
              654.177E-03          2.86644E+03
              655.26E-03           2.77275E+03
              656.886E-03          2.64706E+03
              658.513E-03          2.53918E+03
              660.142E-03          2.45031E+03
              661.774E-03          2.38136E+03
              663.407E-03          2.33286E+03
              665.86E-03           2.30494E+03
              668.317E-03          2.32212E+03
              670.779E-03          2.38165E+03
              673.245E-03          2.4812E+03 
              675.715E-03          2.61868E+03
              678.189E-03          2.79209E+03
              679.118E-03          2.86338E+03
              680.513E-03          2.97937E+03
              681.036E-03          3.02481E+03
              681.821E-03          3.09567E+03
              683.E-03             3.20842E+03
              683.442E-03          3.25209E+03
              684.106E-03          3.31947E+03
              685.102E-03          3.42476E+03
              686.597E-03          3.59203E+03
              688.843E-03          3.86117E+03
              691.092E-03          4.14547E+03
              693.344E-03          4.43982E+03
              695.6E-03            4.73934E+03
              697.859E-03          5.03933E+03
              700.121E-03          5.33527E+03
              701.254E-03          5.4827E+03 
              702.387E-03          5.62747E+03
              704.089E-03          5.83722E+03
              704.728E-03          5.91565E+03
              705.686E-03          6.03021E+03
              707.125E-03          6.19502E+03
              708.565E-03          6.35308E+03
              710.006E-03          6.5037E+03 
              710.547E-03          6.55962E+03
              711.358E-03          6.64043E+03
              712.577E-03          6.75502E+03
              713.796E-03          6.86359E+03
              715.016E-03          6.96601E+03
              716.237E-03          7.06218E+03
              717.459E-03          7.15209E+03
              718.682E-03          7.23584E+03
              719.906E-03          7.31353E+03
              721.131E-03          7.38534E+03
              722.357E-03          7.45142E+03
              723.583E-03          7.51194E+03
              724.811E-03          7.56702E+03
              726.04E-03           7.61671E+03
              727.269E-03          7.66102E+03
              729.116E-03          7.7143E+03 
              730.964E-03          7.75467E+03
              732.814E-03          7.7808E+03 
              734.667E-03          7.79148E+03
              735.13E-03           7.79386E+03
              735.594E-03          7.79508E+03
              736.289E-03          7.79409E+03
              737.333E-03          7.78664E+03
              738.378E-03          7.77379E+03
              739.423E-03          7.75552E+03
              740.469E-03          7.73181E+03
              741.516E-03          7.70273E+03
              742.563E-03          7.6684E+03 
              743.611E-03          7.62905E+03
              744.66E-03           7.58494E+03
              745.709E-03          7.53632E+03
              746.759E-03          7.48347E+03
              747.81E-03           7.42661E+03
              748.861E-03          7.36592E+03
              749.913E-03          7.30151E+03
              750.965E-03          7.23346E+03
              752.019E-03          7.16181E+03
              753.073E-03          7.0866E+03 
              754.127E-03          7.00795E+03
              754.919E-03          6.94727E+03
              755.71E-03           6.88475E+03
              756.502E-03          6.82052E+03
              757.295E-03          6.75481E+03
              758.088E-03          6.68783E+03
              759.278E-03          6.58504E+03
              759.724E-03          6.54664E+03
              760.394E-03          6.48845E+03
              761.399E-03          6.40048E+03
              762.405E-03          6.31272E+03
              762.657E-03          6.291E+03  
              762.908E-03          6.26931E+03
              763.286E-03          6.23673E+03
              763.427E-03          6.22455E+03
              763.64E-03           6.20628E+03
              763.958E-03          6.17886E+03
              764.436E-03          6.13776E+03
              765.154E-03          6.07633E+03
              766.23E-03           5.98493E+03
              766.5E-03            5.96239E+03
              766.769E-03          5.9399E+03 
              767.173E-03          5.90618E+03
              767.779E-03          5.85556E+03
              768.006E-03          5.83669E+03
              768.348E-03          5.80834E+03
              768.859E-03          5.76571E+03
              769.627E-03          5.70145E+03
              770.78E-03           5.60404E+03
              771.068E-03          5.57992E+03
              771.357E-03          5.55573E+03
              771.789E-03          5.51914E+03
              772.438E-03          5.46351E+03
              773.412E-03          5.37837E+03
              774.387E-03          5.29175E+03
              774.63E-03           5.2702E+03 
              774.874E-03          5.24853E+03
              775.24E-03           5.2157E+03 
              775.789E-03          5.16571E+03
              776.612E-03          5.08909E+03
              777.436E-03          5.01115E+03
              778.26E-03           4.93187E+03
              778.569E-03          4.90212E+03
              779.033E-03          4.85694E+03
              779.729E-03          4.78795E+03
              779.99E-03           4.76206E+03
              780.382E-03          4.72282E+03
              780.969E-03          4.66312E+03
              781.851E-03          4.57184E+03
              782.182E-03          4.53761E+03
              782.678E-03          4.48572E+03
              783.423E-03          4.40671E+03
              783.702E-03          4.37709E+03
              784.121E-03          4.3323E+03 
              784.75E-03           4.26434E+03
              785.694E-03          4.16107E+03
              786.048E-03          4.12243E+03
              786.579E-03          4.06407E+03
              787.376E-03          3.97581E+03
              788.572E-03          3.84264E+03
              789.021E-03          3.79303E+03
              789.694E-03          3.71843E+03
              790.368E-03          3.64391E+03
              791.042E-03          3.56961E+03
              791.295E-03          3.54189E+03
              791.674E-03          3.50036E+03
              792.243E-03          3.43825E+03
              793.097E-03          3.34587E+03
              793.951E-03          3.25486E+03
              794.806E-03          3.16543E+03
              796.088E-03          3.03526E+03
              796.569E-03          2.9875E+03 
              797.292E-03          2.91718E+03
              798.375E-03          2.81532E+03
              798.782E-03          2.77799E+03
              799.392E-03          2.72322E+03
              800.307E-03          2.64418E+03
              800.65E-03           2.61523E+03
              801.166E-03          2.57284E+03
              801.939E-03          2.51176E+03
              802.229E-03          2.48939E+03
              802.664E-03          2.45666E+03
              803.316E-03          2.40947E+03
              804.296E-03          2.34341E+03
              805.766E-03          2.25569E+03
              806.318E-03          2.22498E+03
              807.146E-03          2.18233E+03
              808.388E-03          2.12637E+03
              808.854E-03          2.10694E+03
              809.554E-03          2.08025E+03
              810.603E-03          2.04585E+03
              811.654E-03          2.01752E+03
              812.704E-03          1.9952E+03 
              813.493E-03          1.98196E+03
              814.281E-03          1.97196E+03
              814.479E-03          1.96978E+03
              814.676E-03          1.96779E+03
              814.972E-03          1.96522E+03
              815.416E-03          1.96227E+03
              816.082E-03          1.95993E+03
              816.332E-03          1.95948E+03
              816.707E-03          1.95947E+03
              817.269E-03          1.96097E+03
              818.113E-03          1.96674E+03
              818.958E-03          1.97628E+03
              819.803E-03          1.98958E+03
              820.648E-03          2.0066E+03 
              821.493E-03          2.02732E+03
              822.339E-03          2.05175E+03
              823.185E-03          2.07989E+03
              823.503E-03          2.09113E+03
              823.979E-03          2.10905E+03
              824.694E-03          2.13834E+03
              825.23E-03           2.16187E+03
              826.034E-03          2.20031E+03
              826.336E-03          2.21534E+03
              826.789E-03          2.23886E+03
              827.468E-03          2.27634E+03
              827.723E-03          2.29083E+03
              828.105E-03          2.31325E+03
              828.679E-03          2.34841E+03
              829.539E-03          2.40471E+03
              829.862E-03          2.42652E+03
              830.346E-03          2.46034E+03
              831.073E-03          2.51353E+03
              832.164E-03          2.59902E+03
              833.255E-03          2.69062E+03
              834.347E-03          2.78832E+03
              835.439E-03          2.89208E+03
              836.533E-03          3.00194E+03
              837.626E-03          3.1179E+03 
              838.721E-03          3.2399E+03 
              839.815E-03          3.36782E+03
              840.911E-03          3.50138E+03
              841.185E-03          3.53534E+03
              841.459E-03          3.56962E+03
              841.87E-03           3.62168E+03
              842.487E-03          3.70116E+03
              843.412E-03          3.82335E+03




