
                  X          uf-100-45-exp-n=3

                0.                -0.         
               39.94E-09         112.085E-03  
              319.041E-09        535.177E-03  
                1.70601E-06        1.29607    
                7.53894E-06        2.82675    
               29.9775E-06         5.66361    
              111.812E-06         10.7015     
              399.954E-06         20.2195     
                1.38837E-03       41.5762     
                4.70264E-03       98.7492     
               15.5512E-03       266.856      
               49.9952E-03       774.87       
              154.626E-03          2.28409E+03
              450.699E-03          6.44095E+03
              909.771E-03         11.8953E+03 
                1.49255           15.4007E+03 
                1.61065           15.8531E+03 
                1.70031           15.9651E+03 
                1.76804           16.0396E+03 
                1.80202           16.0723E+03 
                1.83607           16.0878E+03 
                1.87018           16.0849E+03 
                1.90433           16.0511E+03 
                1.93851           15.9756E+03 
                1.97271           15.8539E+03 
                2.00692           15.6852E+03 
                2.04112           15.4718E+03 
                2.07532           15.2162E+03 
                2.10949           14.9256E+03 
                2.14362           14.6224E+03 
                2.19472           14.2444E+03 
                2.24568           13.9903E+03 
                2.29646           13.8482E+03 
                2.34701           13.7687E+03 
                2.39731           13.7022E+03 
                2.4473            13.6192E+03 
                2.49697           13.5095E+03 
                2.54626           13.3758E+03 
                2.59515           13.2266E+03 
                2.6436            13.0697E+03 
                2.65564           13.0109E+03 
                2.66765           12.9712E+03 
                2.67214           12.9528E+03 
                2.67888           12.932E+03  
                2.68056           12.9246E+03 
                2.68224           12.9184E+03 
                2.68476           12.9107E+03 
                2.68854           12.8995E+03 
                2.68949           12.8956E+03 
                2.69043           12.8922E+03 
                2.69184           12.8876E+03 
                2.69397           12.8812E+03 
                2.69715           12.8717E+03 
                2.70033           12.8616E+03 
                2.70351           12.8512E+03 
                2.70827           12.8362E+03 
                2.7154            12.813E+03  
                2.72608           12.7763E+03 
                2.74204           12.7053E+03 
                2.75795           12.5994E+03 
                2.77378           12.4593E+03 
                2.78956           12.3018E+03 
                2.81309           12.105E+03  
                2.8481            11.94E+03   
                2.89994           11.8047E+03 
                2.95093           11.6631E+03 
                3.00101           11.5113E+03 
                3.05014           11.3487E+03 
                3.09828           11.1656E+03 
                3.1454            10.957E+03  
                3.15701           10.8663E+03 
                3.16856           10.8134E+03 
                3.18575           10.7411E+03 
                3.18735           10.7202E+03 
                3.18975           10.705E+03  
                3.19066           10.6993E+03 
                3.192             10.6927E+03 
                3.19403           10.6839E+03 
                3.19479           10.6797E+03 
                3.19592           10.6742E+03 
                3.19762           10.6667E+03 
                3.19826           10.6631E+03 
                3.19922           10.6584E+03 
                3.20065           10.6518E+03 
                3.2028            10.6422E+03 
                3.20602           10.6275E+03 
                3.21084           10.6048E+03 
                3.21805           10.5703E+03 
                3.2288            10.515E+03  
                3.24481           10.3965E+03 
                3.26854           10.1295E+03 
                3.29192            9.85051E+03
                3.31496            9.64397E+03
                3.32351            9.56036E+03
                3.33624            9.49969E+03
                3.34098            9.46863E+03
                3.34276            9.45708E+03
                3.34541            9.44761E+03
                3.34641            9.44275E+03
                3.3479             9.43787E+03
                3.35014            9.43251E+03
                3.35097            9.42921E+03
                3.35223            9.42581E+03
                3.35411            9.42218E+03
                3.35692            9.41783E+03
                3.36114            9.41216E+03
                3.36743            9.39911E+03
                3.37682            9.34501E+03
                3.39077            9.1953E+03 
                3.41141            8.96218E+03
                3.41333            8.91543E+03
                3.4162             8.87686E+03
                3.41728            8.86199E+03
                3.41889            8.8433E+03 
                3.41949            8.83561E+03
                3.42039            8.82514E+03
                3.42175            8.81059E+03
                3.42378            8.7899E+03 
                3.42682            8.76085E+03
                3.43136            8.72195E+03
                3.43815            8.67154E+03
                3.44824            8.59282E+03
                3.46322            8.42922E+03
                3.48531            8.14185E+03
                3.51756            7.81254E+03
                3.56395            7.44092E+03
                3.62897            6.78377E+03
                3.68843            6.04895E+03
                3.70241            5.77933E+03
                3.70328            5.74393E+03
                3.70457            5.72002E+03
                3.70505            5.71214E+03
                3.70578            5.70329E+03
                3.70686            5.6918E+03 
                3.70727            5.6866E+03 
                3.70788            5.67959E+03
                3.70879            5.66999E+03
                3.70913            5.66572E+03
                3.70964            5.65987E+03
                3.71041            5.65185E+03
                3.71155            5.6404E+03 
                3.71327            5.62378E+03
                3.71584            5.59984E+03
                3.71966            5.56252E+03
                3.72534            5.48652E+03
                3.72587            5.47111E+03
                3.72607            5.4656E+03 
                3.72637            5.45871E+03
                3.72681            5.45048E+03
                3.72748            5.43988E+03
                3.72848            5.42393E+03
                3.72998            5.39779E+03
                3.73221            5.35348E+03
                3.73555            5.27819E+03
                3.74051            5.15687E+03
                3.74785            5.00477E+03
                3.75863            4.88385E+03
                3.77432            4.72693E+03
                3.77468            4.7013E+03 
                3.77522            4.67906E+03
                3.77603            4.66408E+03
                3.77633            4.65925E+03
                3.77678            4.65387E+03
                3.77746            4.6469E+03 
                3.77772            4.64377E+03
                3.7781             4.6394E+03 
                3.77867            4.6333E+03 
                3.77953            4.62434E+03
                3.78081            4.61037E+03
                3.78272            4.58755E+03
                3.78557            4.55111E+03
                3.78981            4.4977E+03 
                3.79607            4.36829E+03
                3.80527            4.07423E+03
                3.8186             3.81077E+03
                3.83759            3.66239E+03
                3.84439            3.57282E+03
                3.85429            3.48632E+03
                3.8579             3.42475E+03
                3.85924            3.40062E+03
                3.85974            3.39149E+03
                3.86049            3.38197E+03
                3.86077            3.37768E+03
                3.86119            3.37225E+03
                3.86181            3.36492E+03
                3.86205            3.36144E+03
                3.8624             3.35675E+03
                3.86293            3.35032E+03
                3.86313            3.34737E+03
                3.86342            3.34331E+03
                3.86387            3.33771E+03
                3.86453            3.3296E+03 
                3.86519            3.32086E+03
                3.86585            3.31187E+03
                3.86684            3.29935E+03
                3.86831            3.2812E+03 
                3.87049            3.25529E+03
                3.87373            3.21754E+03
                3.8785             3.14643E+03
                3.88546            3.01059E+03
                3.89543            2.84433E+03
                3.90937            2.68303E+03
                3.92808            2.51242E+03
                3.95135            2.39919E+03
                3.97638            2.5394E+03 
                3.99547            3.10347E+03
                4.                 3.93139E+03




