
            u_60_0_90_exp         f_60_0_90_exp      

                0.                -0.         
               39.94E-09         100.003E-03  
              319.041E-09        564.248E-03  
                1.70601E-06        1.40724    
                7.53894E-06        3.24765    
               29.9775E-06         7.0752     
              111.812E-06         15.2809     
              399.954E-06         36.037      
                1.38837E-03       97.1025     
                4.70264E-03      287.349      
               15.5512E-03       883.425      
               49.9952E-03         2.70693E+03
              154.626E-03          8.01022E+03
              450.699E-03         22.0921E+03 
              551.162E-03         26.9113E+03 
              577.852E-03         28.111E+03  
              605.155E-03         29.1856E+03 
              633.063E-03         30.3556E+03 
              676.039E-03         32.1539E+03 
              720.321E-03         33.8682E+03 
              765.875E-03         35.4655E+03 
              777.458E-03         35.9281E+03 
              789.117E-03         36.2944E+03 
              806.747E-03         36.8627E+03 
              808.409E-03         36.9836E+03 
              810.904E-03         37.0402E+03 
              811.841E-03         37.0633E+03 
              813.246E-03         37.0967E+03 
              813.774E-03         37.1132E+03 
              814.565E-03         37.1386E+03 
              815.753E-03         37.1775E+03 
              816.198E-03         37.1946E+03 
              816.867E-03         37.2188E+03 
              817.87E-03          37.2516E+03 
              819.376E-03         37.2977E+03 
              821.637E-03         37.3683E+03 
              822.486E-03         37.4018E+03 
              823.759E-03         37.4442E+03 
              825.671E-03         37.5022E+03 
              828.543E-03         37.5913E+03 
              832.858E-03         37.708E+03  
              839.349E-03         37.7585E+03 
              841.788E-03         37.7732E+03 
              845.453E-03         37.7139E+03 
              850.963E-03         37.5904E+03 
              859.256E-03         37.5339E+03 
              871.76E-03          37.8348E+03 
              890.656E-03         38.667E+03  
              897.785E-03         39.036E+03  
              900.464E-03         39.1731E+03 
              904.489E-03         39.3573E+03 
              906.001E-03         39.4392E+03 
              908.27E-03          39.5463E+03 
              911.678E-03         39.7053E+03 
              912.957E-03         39.7745E+03 
              914.877E-03         39.863E+03  
              915.598E-03         39.899E+03  
              916.679E-03         39.9477E+03 
              918.302E-03         40.0174E+03 
              920.738E-03         40.1225E+03 
              924.397E-03         40.2761E+03 
              929.897E-03         40.4689E+03 
              931.963E-03         40.5478E+03 
              935.066E-03         40.6175E+03 
              939.727E-03         40.6478E+03 
              946.736E-03         40.5293E+03 
              957.289E-03         40.3416E+03 
              973.204E-03         40.5675E+03 
              997.269E-03         41.4912E+03 
                1.00635           41.8881E+03 
                1.02003           42.4327E+03 
                1.02518           42.6523E+03 
                1.03293           42.9298E+03 
                1.04458           43.0854E+03 
                1.04896           43.087E+03  
                1.05555           42.9583E+03 
                1.06546           41.6354E+03 
                1.08038           37.2955E+03 
                1.086             35.795E+03  
                1.09445           33.795E+03  
                1.09762           32.9809E+03 
                1.10238           31.3702E+03 
                1.10417           30.8197E+03 
                1.10686           29.6555E+03 
                1.11089           27.4471E+03 
                1.11695           24.1578E+03 
                1.12302           15.9658E+03 
                1.1291            11.0645E+03 
                1.13519           10.2738E+03 
                1.14435           10.5809E+03 
                1.1478            10.8217E+03 
                1.15297           11.0182E+03 
                1.16073           11.9163E+03 
                1.17242           13.9164E+03 
                1.17681           14.6856E+03 
                1.18341           15.8459E+03 
                1.19333           17.4238E+03 
                1.19706           18.0268E+03 
                1.20266           18.8718E+03 
                1.21107           19.9433E+03 
                1.22373           20.9546E+03 
                1.22848           21.2575E+03 
                1.23563           21.4701E+03 
                1.23831           21.5362E+03 
                1.24234           21.5534E+03 
                1.24839           21.4536E+03 
                1.25748           21.0414E+03 
                1.2666            20.3408E+03 
                1.27573           19.3781E+03 
                1.28947           17.6544E+03 
                1.30325           15.8805E+03 
                1.31707           14.282E+03  
                1.33789           12.6686E+03 
                1.34572           12.2053E+03 
                1.35749           11.7918E+03 
                1.37519           11.8231E+03 
                1.40187           12.8488E+03 
                1.44213           15.0918E+03 
                1.48268           16.9023E+03 
                1.49285           17.3237E+03 
                1.50305           17.6612E+03 
                1.51837           18.037E+03  
                1.54141           18.2615E+03 
                1.57612           18.0242E+03 
                1.62846           17.4651E+03 
                1.6811            17.3229E+03 
                1.6943            17.3318E+03 
                1.70752           17.3578E+03 
                1.71248           17.376E+03  
                1.71992           17.4043E+03 
                1.7311            17.4792E+03 
                1.74788           17.57E+03   
                1.77309           17.5891E+03 
                1.7794            17.6559E+03 
                1.78571           17.7378E+03 
                1.79518           17.9079E+03 
                1.8094            18.148E+03  
                1.83075           18.4292E+03 
                1.83876           18.5219E+03 
                1.85078           18.6495E+03 
                1.86281           18.759E+03  
                1.87484           18.8573E+03 
                1.87936           18.8882E+03 
                1.88613           18.9128E+03 
                1.89629           18.9059E+03 
                1.91154           18.8611E+03 
                1.93442           18.8293E+03 
                1.94301           18.8285E+03 
                1.95588           18.8164E+03 
                1.96071           18.8158E+03 
                1.96796           18.8181E+03 
                1.97883           18.8464E+03 
                1.99513           18.8855E+03 
                2.01959           18.9078E+03 
                2.05627           19.0435E+03 
                2.11124           19.38E+03   
                2.16611           19.7581E+03 
                2.22084           19.9561E+03 
                2.2345            19.9727E+03 
                2.24814           19.9844E+03 
                2.26858           19.985E+03  
                2.27369           19.9757E+03 
                2.27879           19.9776E+03 
                2.28644           19.9693E+03 
                2.28931           19.9788E+03 
                2.29361           20.0398E+03 
                2.30005           20.088E+03  
                2.30972           20.2537E+03 
                2.3242            20.2972E+03 
                2.34588           20.3189E+03 
                2.37831           20.3784E+03 
                2.42674           20.5526E+03 
                2.49881           20.7648E+03 
                2.52564           20.7542E+03 
                2.53567           20.7476E+03 
                2.55069           20.6995E+03 
                2.57314           20.4916E+03 
                2.58154           20.28E+03   
                2.59411           19.7682E+03 
                2.61291           18.3139E+03 
                2.64099           17.9055E+03 
                2.66891           18.9028E+03 
                2.69666           20.1297E+03 
                2.73795           21.8371E+03 
                2.79912           23.0915E+03 
                2.88896           22.7482E+03 
                3.01897           21.4987E+03 
                3.20179           20.66E+03   
                3.44424           19.041E+03  
                3.52425           18.1453E+03 
                3.59794           17.1328E+03 
                3.66513           15.9414E+03 
                3.72573           14.5969E+03 
                3.72929           14.3552E+03 
                3.73284           14.4035E+03 
                3.73635           14.3277E+03 
                3.74157           14.1909E+03 
                3.74352           14.1202E+03 
                3.74642           14.0588E+03 
                3.75073           13.9447E+03 
                3.75713           13.7685E+03 
                3.7595            13.6825E+03 
                3.76304           13.6004E+03 
                3.76829           13.4521E+03 
                3.77024           13.3764E+03 
                3.77315           13.3081E+03 
                3.77424           13.2632E+03 
                3.77586           13.2261E+03 
                3.77829           13.1589E+03 
                3.78189           13.0507E+03 
                3.78279           12.9993E+03 
                3.78368           12.9798E+03 
                3.78502           12.9546E+03 
                3.78701           12.8963E+03 
                3.78999           12.8036E+03 
                3.79441           12.6661E+03 
                3.80093           12.4582E+03 
                3.8105            12.1416E+03 
                3.81402           12.0009E+03 
                3.81922           11.8385E+03 
                3.82687           11.5638E+03 
                3.83798           11.1404E+03 
                3.84203           10.9584E+03 
                3.84241           10.9111E+03 
                3.84298           10.8987E+03 
                3.84382           10.899E+03  
                3.84508           10.8592E+03 
                3.84556           10.8293E+03 
                3.84626           10.799E+03  
                3.84732           10.7603E+03 
                3.84889           10.6963E+03 
                3.85124           10.5969E+03 
                3.85472           10.4477E+03 
                3.85985           10.2229E+03 
                3.86733            9.88147E+03
                3.87811            9.35944E+03
                3.88201            9.14058E+03
                3.88346            9.0647E+03 
                3.88561            8.97096E+03
                3.88878            8.80203E+03
                3.89344            8.54472E+03
                3.90021            8.15758E+03
                3.90268            7.99232E+03
                3.90632            7.79048E+03
                3.90766            7.69082E+03
                3.90965            7.58199E+03
                3.91259            7.39569E+03
                3.91689            7.11234E+03
                3.91846            6.9877E+03 
                3.9208             6.84414E+03
                3.92422            6.60477E+03
                3.92506            6.5176E+03 
                3.92589            6.47462E+03
                3.92714            6.39406E+03
                3.92898            6.25812E+03
                3.93168            6.05443E+03
                3.93562            5.7489E+03 
                3.94126            5.28698E+03
                3.94329            5.09468E+03
                3.94626            4.84773E+03
                3.95053            4.45048E+03
                3.95653            3.85151E+03
                3.95866            3.60851E+03
                3.96172            3.28372E+03
                3.96247            3.1738E+03 
                3.9632             3.10643E+03
                3.96428            2.9842E+03 
                3.96469            2.92318E+03
                3.96528            2.85975E+03
                3.96617            2.75433E+03
                3.96747            2.59114E+03
                3.96873            2.42604E+03
                3.96997            2.26397E+03
                3.97176            2.02521E+03
                3.97349            1.7829E+03 
                3.97515            1.54409E+03
                3.97575            1.4433E+03 
                3.97598            1.40797E+03
                3.97631            1.36985E+03
                3.97644            1.34909E+03
                3.97662            1.32273E+03
                3.9769             1.28334E+03
                3.97731            1.22038E+03
                3.97741            1.1967E+03 
                3.97751            1.17733E+03
                3.97767            1.15675E+03
                3.97789            1.12766E+03
                3.97823            1.07603E+03
                3.97873          994.219      
                3.97947          872.689      
                3.98055          691.794      
                3.98209          422.388      
                3.98247          335.09       
                3.98283          281.539      
                3.98338          187.364      
                3.98417           35.8178     
                3.98447          -32.1821     
                3.9849          -108.165      
                3.98553         -234.113      
                3.98576         -292.626      
                3.98611         -357.268      
                3.98661         -463.28       
                3.98735         -626.162      
                3.98762         -697.72       
                3.98802         -779.663      
                3.9886          -913.422      
                3.98944           -1.11548E+03
                3.98974           -1.20176E+03
                3.99018           -1.30523E+03
                3.99035           -1.35494E+03
                3.99059           -1.41219E+03
                3.99094           -1.5048E+03 
                3.99146           -1.64702E+03
                3.9922            -1.85753E+03
                3.99247           -1.94605E+03
                3.99285           -2.05392E+03
                3.99341           -2.22584E+03
                3.99355           -2.28267E+03
                3.99368           -2.3186E+03 
                3.99388           -2.37507E+03
                3.99416           -2.4668E+03 
                3.99458           -2.59303E+03
                3.99497           -2.7062E+03 
                3.99535           -2.82527E+03
                3.99548           -2.87824E+03
                3.99568           -2.94289E+03
                3.99597           -3.05154E+03
                3.99607           -3.10048E+03
                3.99623           -3.15778E+03
                3.99645           -3.25142E+03
                3.99677           -3.39565E+03
                3.99707           -3.5409E+03 
                3.99735           -3.68373E+03
                3.99773           -3.89293E+03
                3.99824           -4.19813E+03
                3.99841           -4.31783E+03
                3.99847           -4.36014E+03
                3.99856           -4.41624E+03
                3.99859           -4.4425E+03 
                3.99864           -4.4756E+03 
                3.99871           -4.52611E+03
                3.99881           -4.60371E+03
                3.9989            -4.68188E+03
                3.99899           -4.7586E+03 
                3.99911           -4.87148E+03
                3.99916           -4.91872E+03
                3.99922           -4.9781E+03 
                3.99931           -5.07057E+03
                3.99939           -5.16285E+03
                3.99947           -5.25196E+03
                3.99954           -5.33872E+03
                3.99963           -5.46481E+03
                3.99974           -5.65237E+03
                3.99977           -5.70496E+03
                3.99979           -5.74745E+03
                3.99982           -5.81586E+03
                3.99983           -5.84471E+03
                3.99985           -5.88252E+03
                3.99987           -5.94066E+03
                3.9999            -6.02837E+03
                3.99993           -6.1565E+03 
                3.99994           -6.2062E+03 
                3.99996           -6.27394E+03
                3.99997           -6.37685E+03
                3.99999           -6.53353E+03
                3.99999           -6.59404E+03
                4.                -6.68344E+03
                4.                -6.71839E+03
                4.                -6.76988E+03
                4.                -6.8497E+03 
                4.                -6.88028E+03
                4.                -6.92573E+03
                4.                -6.99534E+03
                4.                -7.03968E+03




