
                  X               uf-100-0    

                0.                -0.         
               39.94E-09         143.665E-03  
              319.041E-09        740.288E-03  
                1.70601E-06        1.88358    
                7.53894E-06        4.11869    
               29.9775E-06         8.46038    
              111.812E-06         18.3904     
              399.954E-06         45.7799     
                1.38837E-03      129.358      
                4.70264E-03      394.746      
               15.5512E-03         1.24302E+03
               49.9952E-03         3.90927E+03
              154.626E-03         11.9744E+03 
              212.548E-03         16.5218E+03 
              319.557E-03         24.6748E+03 
              330.833E-03         25.865E+03  
              348.145E-03         26.9612E+03 
              354.76E-03          27.4504E+03 
              357.258E-03         27.6385E+03 
              361.022E-03         27.8985E+03 
              362.44E-03          28.0071E+03 
              362.972E-03         28.0486E+03 
              363.371E-03         28.0785E+03 
              363.971E-03         28.1213E+03 
              364.196E-03         28.1379E+03 
              364.533E-03         28.1624E+03 
              365.04E-03          28.1984E+03 
              365.801E-03         28.2523E+03 
              366.562E-03         28.3072E+03 
              367.325E-03         28.3626E+03 
              368.47E-03          28.4451E+03 
              368.757E-03         28.4677E+03 
              369.043E-03         28.4897E+03 
              369.474E-03         28.5216E+03 
              370.12E-03          28.5684E+03 
              370.766E-03         28.6157E+03 
              371.413E-03         28.663E+03  
              372.061E-03         28.7099E+03 
              372.709E-03         28.756E+03  
              373.683E-03         28.8198E+03 
              374.658E-03         28.8773E+03 
              375.635E-03         28.9247E+03 
              376.612E-03         28.959E+03  
              378.082E-03         28.9738E+03 
              379.185E-03         28.9667E+03 
              380.014E-03         28.95E+03   
              381.26E-03          28.8964E+03 
              382.507E-03         28.8208E+03 
              382.82E-03          28.8024E+03 
              383.132E-03         28.782E+03  
              383.601E-03         28.7472E+03 
              384.304E-03         28.6889E+03 
              384.569E-03         28.6674E+03 
              384.965E-03         28.6334E+03 
              385.56E-03          28.5806E+03 
              386.453E-03         28.505E+03  
              387.347E-03         28.441E+03  
              388.243E-03         28.3951E+03 
              389.139E-03         28.3729E+03 
              390.037E-03         28.3789E+03 
              390.935E-03         28.4155E+03 
              391.273E-03         28.4348E+03 
              391.779E-03         28.4722E+03 
              392.539E-03         28.5482E+03 
              393.68E-03          28.7014E+03 
              394.823E-03         28.8849E+03 
              395.109E-03         28.9342E+03 
              395.395E-03         28.9843E+03 
              395.825E-03         29.0609E+03 
              396.47E-03          29.1788E+03 
              396.711E-03         29.2242E+03 
              397.074E-03         29.2924E+03 
              397.619E-03         29.3946E+03 
              397.824E-03         29.4335E+03 
              398.13E-03          29.4913E+03 
              398.591E-03         29.5768E+03 
              398.763E-03         29.6092E+03 
              399.022E-03         29.6571E+03 
              399.411E-03         29.7276E+03 
              399.995E-03         29.8306E+03 
              400.579E-03         29.9317E+03 
              401.163E-03         30.0307E+03 
              401.748E-03         30.1278E+03 
              402.334E-03         30.2233E+03 
              402.919E-03         30.3177E+03 
              403.506E-03         30.4112E+03 
              404.092E-03         30.5043E+03 
              404.68E-03          30.597E+03  
              405.267E-03         30.6893E+03 
              405.855E-03         30.7809E+03 
              406.444E-03         30.8716E+03 
              407.033E-03         30.9604E+03 
              407.622E-03         31.0468E+03 
              407.843E-03         31.0794E+03 
              408.175E-03         31.1266E+03 
              408.673E-03         31.1936E+03 
              408.86E-03          31.2188E+03 
              409.14E-03          31.255E+03  
              409.561E-03         31.3058E+03 
              409.719E-03         31.3247E+03 
              409.956E-03         31.3518E+03 
              410.311E-03         31.3894E+03 
              410.844E-03         31.4387E+03 
              411.378E-03         31.4806E+03 
              411.912E-03         31.5143E+03 
              412.112E-03         31.5262E+03 
              412.413E-03         31.5408E+03 
              412.864E-03         31.5551E+03 
              413.033E-03         31.5599E+03 
              413.287E-03         31.5645E+03 
              413.668E-03         31.5656E+03 
              414.24E-03          31.5548E+03 
              414.455E-03         31.5496E+03 
              414.777E-03         31.5375E+03 
              415.26E-03          31.5105E+03 
              415.441E-03         31.4996E+03 
              415.713E-03         31.4805E+03 
              416.122E-03         31.4461E+03 
              416.734E-03         31.3848E+03 
              417.347E-03         31.3179E+03 
              417.961E-03         31.2485E+03 
              418.575E-03         31.1804E+03 
              419.19E-03          31.1173E+03 
              419.805E-03         31.0622E+03 
              420.42E-03          31.0177E+03 
              420.651E-03         31.0032E+03 
              420.997E-03         30.9849E+03 
              421.518E-03         30.966E+03  
              421.713E-03         30.9606E+03 
              422.005E-03         30.9553E+03 
              422.445E-03         30.9535E+03 
              422.61E-03          30.9541E+03 
              422.857E-03         30.9567E+03 
              423.228E-03         30.9643E+03 
              423.785E-03         30.9832E+03 
              424.621E-03         31.0236E+03 
              425.248E-03         31.0596E+03 
              425.876E-03         31.0982E+03 
              426.82E-03          31.1566E+03 
              427.173E-03         31.18E+03   
              427.705E-03         31.2136E+03 
              428.502E-03         31.2627E+03 
              429.3E-03           31.3131E+03 
              430.099E-03         31.3665E+03 
              430.899E-03         31.425E+03  
              432.1E-03           31.5301E+03 
              433.905E-03         31.7418E+03 
              436.619E-03         32.1492E+03 
              437.299E-03         32.262E+03  
              437.98E-03          32.3752E+03 
              439.001E-03         32.546E+03  
              440.537E-03         32.7956E+03 
              442.844E-03         33.1231E+03 
              444.579E-03         33.3385E+03 
              446.318E-03         33.5167E+03 
              448.06E-03          33.6615E+03 
              449.805E-03         33.7776E+03 
              451.117E-03         33.852E+03  
              452.43E-03          33.9135E+03 
              454.404E-03         33.9836E+03 
              457.372E-03         34.069E+03  
              461.844E-03         34.2303E+03 
              466.339E-03         34.4746E+03 
              470.855E-03         34.8011E+03 
              475.394E-03         35.1859E+03 
              479.955E-03         35.5951E+03 
              481.671E-03         35.759E+03  
              484.251E-03         35.9882E+03 
              486.838E-03         36.2121E+03 
              488.782E-03         36.3772E+03 
              490.731E-03         36.5347E+03 
              492.684E-03         36.6855E+03 
              494.64E-03          36.8299E+03 
              496.601E-03         36.9684E+03 
              498.565E-03         37.1015E+03 
              500.533E-03         37.2302E+03 
              501.273E-03         37.2808E+03 
              502.382E-03         37.3513E+03 
              504.049E-03         37.453E+03  
              504.675E-03         37.4937E+03 
              505.614E-03         37.5512E+03 
              507.025E-03         37.6353E+03 
              509.145E-03         37.7617E+03 
              511.269E-03         37.8926E+03 
              513.398E-03         38.028E+03  
              515.531E-03         38.1693E+03 
              518.74E-03          38.3941E+03 
              521.958E-03         38.6382E+03 
              525.186E-03         38.8963E+03 
              528.423E-03         39.1634E+03 
              531.671E-03         39.4341E+03 
              534.929E-03         39.7034E+03 
              538.197E-03         39.9672E+03 
              541.474E-03         40.2228E+03 
              542.706E-03         40.3229E+03 
              544.556E-03         40.4615E+03 
              547.336E-03         40.6609E+03 
              551.521E-03         40.9501E+03 
              553.094E-03         41.066E+03  
              555.458E-03         41.2273E+03 
              559.013E-03         41.4677E+03 
              560.349E-03         41.5651E+03 
              562.356E-03         41.7036E+03 
              563.109E-03         41.7586E+03 
              564.241E-03         41.8379E+03 
              565.94E-03          41.9564E+03 
              568.493E-03         42.1377E+03 
              569.451E-03         42.2107E+03 
              570.891E-03         42.316E+03  
              573.054E-03         42.4743E+03 
              573.866E-03         42.5375E+03 
              575.085E-03         42.6288E+03 
              576.917E-03         42.765E+03  
              579.669E-03         42.9698E+03 
              580.358E-03         43.0258E+03 
              581.047E-03         43.0794E+03 
              582.082E-03         43.1569E+03 
              583.636E-03         43.2718E+03 
              585.971E-03         43.4422E+03 
              586.848E-03         43.5098E+03 
              588.164E-03         43.6059E+03 
              590.141E-03         43.7466E+03 
              590.883E-03         43.8022E+03 
              591.997E-03         43.8816E+03 
              592.416E-03         43.9123E+03 
              593.043E-03         43.9569E+03 
              593.985E-03         44.0224E+03 
              595.399E-03         44.1195E+03 
              597.522E-03         44.2642E+03 
              599.65E-03          44.4105E+03 
              600.182E-03         44.45E+03   
              600.715E-03         44.488E+03  
              601.514E-03         44.5431E+03 
              602.715E-03         44.6247E+03 
              603.916E-03         44.7076E+03 
              605.118E-03         44.7911E+03 
              605.569E-03         44.8237E+03 
              606.247E-03         44.8713E+03 
              607.263E-03         44.9417E+03 
              608.789E-03         45.0478E+03 
              610.317E-03         45.1554E+03 
              611.847E-03         45.2631E+03 
              612.421E-03         45.3052E+03 
              613.282E-03         45.3657E+03 
              614.576E-03         45.4536E+03 
              615.061E-03         45.488E+03  
              615.79E-03          45.5374E+03 
              616.883E-03         45.6085E+03 
              617.294E-03         45.6361E+03 
              617.909E-03         45.6758E+03 
              618.833E-03         45.7327E+03 
              620.221E-03         45.8138E+03 
              620.742E-03         45.8455E+03 
              621.523E-03         45.8902E+03 
              622.696E-03         45.9541E+03 
              623.136E-03         45.9791E+03 
              623.796E-03         46.015E+03  
              624.788E-03         46.0673E+03 
              625.16E-03          46.0878E+03 
              625.718E-03         46.1178E+03 
              626.555E-03         46.1623E+03 
              627.813E-03         46.2306E+03 
              628.284E-03         46.258E+03  
              628.993E-03         46.2986E+03 
              630.055E-03         46.3608E+03 
              631.651E-03         46.4594E+03 
              632.25E-03          46.4993E+03 
              633.149E-03         46.5589E+03 
              634.498E-03         46.6507E+03 
              635.005E-03         46.6872E+03 
              635.765E-03         46.7414E+03 
              636.906E-03         46.8233E+03 
              638.618E-03         46.9474E+03 
              639.261E-03         46.9964E+03 
              640.226E-03         47.0675E+03 
              641.675E-03         47.1711E+03 
              643.851E-03         47.3206E+03 
              644.668E-03         47.3791E+03 
              645.894E-03         47.4613E+03 
              647.735E-03         47.5796E+03 
              648.426E-03         47.6261E+03 
              649.464E-03         47.6925E+03 
              651.021E-03         47.7901E+03 
              651.606E-03         47.8285E+03 
              652.483E-03         47.8843E+03 
              653.8E-03           47.9667E+03 
              655.778E-03         48.0895E+03 
              656.273E-03         48.1227E+03 
              656.768E-03         48.155E+03  
              657.511E-03         48.2015E+03 
              658.626E-03         48.2698E+03 
              659.044E-03         48.2965E+03 
              659.672E-03         48.3354E+03 
              660.614E-03         48.3925E+03 
              662.029E-03         48.4782E+03 
              662.559E-03         48.5121E+03 
              663.356E-03         48.562E+03  
              664.552E-03         48.6375E+03 
              666.347E-03         48.7567E+03 
              667.021E-03         48.8048E+03 
              668.032E-03         48.8767E+03 
              669.551E-03         48.9873E+03 
              670.121E-03         49.0312E+03 
              670.976E-03         49.096E+03  
              672.26E-03          49.1933E+03 
              672.741E-03         49.2312E+03 
              673.464E-03         49.2871E+03 
              674.549E-03         49.3701E+03 
              674.956E-03         49.4023E+03 
              675.567E-03         49.45E+03   
              676.484E-03         49.5213E+03 
              677.86E-03          49.6316E+03 
              678.376E-03         49.6751E+03 
              679.151E-03         49.7407E+03 
              680.314E-03         49.8428E+03 
              682.061E-03         50.0075E+03 
              682.716E-03         50.0733E+03 
              683.7E-03           50.1733E+03 
              685.177E-03         50.329E+03  
              685.731E-03         50.39E+03   
              686.562E-03         50.4814E+03 
              687.811E-03         50.6194E+03 
              688.279E-03         50.6726E+03 
              688.982E-03         50.7515E+03 
              690.037E-03         50.8681E+03 
              690.433E-03         50.9126E+03 
              691.027E-03         50.9781E+03 
              691.918E-03         51.0737E+03 
              693.256E-03         51.2109E+03 
              693.758E-03         51.2629E+03 
              694.511E-03         51.3373E+03 
              695.642E-03         51.4418E+03 
              696.066E-03         51.4812E+03 
              696.703E-03         51.5372E+03 
              697.658E-03         51.6155E+03 
              698.016E-03         51.645E+03  
              698.554E-03         51.6869E+03 
              699.361E-03         51.7456E+03 
              700.573E-03         51.8255E+03 
              702.391E-03         51.9302E+03 
              703.757E-03         52.0032E+03 
              705.807E-03         52.0973E+03 
              707.861E-03         52.1828E+03 
              708.888E-03         52.2255E+03 
              709.917E-03         52.265E+03  
              710.302E-03         52.2802E+03 
              710.881E-03         52.3015E+03 
              711.75E-03          52.3312E+03 
              713.054E-03         52.3719E+03 
              713.543E-03         52.388E+03  
              714.278E-03         52.4098E+03 
              715.38E-03          52.438E+03  
              717.034E-03         52.4706E+03 
              718.69E-03          52.4951E+03 
              720.348E-03         52.5123E+03 
              720.763E-03         52.5177E+03 
              721.178E-03         52.5222E+03 
              721.8E-03           52.5269E+03 
              722.734E-03         52.5324E+03 
              723.085E-03         52.5351E+03 
              723.61E-03          52.5387E+03 
              724.4E-03           52.5442E+03 
              725.584E-03         52.5561E+03 
              727.362E-03         52.5887E+03 
              729.142E-03         52.641E+03  
              729.587E-03         52.657E+03  
              730.256E-03         52.6822E+03 
              731.258E-03         52.7245E+03 
              731.635E-03         52.7421E+03 
              732.199E-03         52.7696E+03 
              733.046E-03         52.8145E+03 
              734.318E-03         52.8906E+03 
              734.795E-03         52.9216E+03 
              735.511E-03         52.9699E+03 
              736.585E-03         53.0476E+03 
              738.198E-03         53.1771E+03 
              738.803E-03         53.2293E+03 
              739.712E-03         53.31E+03   
              741.075E-03         53.4375E+03 
              741.587E-03         53.4877E+03 
              742.354E-03         53.5635E+03 
              742.642E-03         53.5926E+03 
              743.074E-03         53.6362E+03 
              743.722E-03         53.7018E+03 
              743.966E-03         53.7268E+03 
              744.33E-03          53.7643E+03 
              744.878E-03         53.8202E+03 
              745.289E-03         53.8623E+03 
              745.905E-03         53.925E+03  
              746.521E-03         53.9874E+03 
              747.138E-03         54.0492E+03 
              747.754E-03         54.1104E+03 
              748.372E-03         54.1707E+03 
              748.834E-03         54.2156E+03 
              749.529E-03         54.281E+03  
              750.224E-03         54.3452E+03 
              750.919E-03         54.4079E+03 
              751.093E-03         54.4238E+03 
              751.267E-03         54.4396E+03 
              751.528E-03         54.4629E+03 
              751.919E-03         54.497E+03  
              752.506E-03         54.5467E+03 
              753.388E-03         54.6188E+03 
              753.718E-03         54.6461E+03 
              754.214E-03         54.6861E+03 
              754.958E-03         54.7439E+03 
              755.237E-03         54.7658E+03 
              755.656E-03         54.7978E+03 
              756.285E-03         54.8442E+03 
              757.228E-03         54.9108E+03 
              758.171E-03         54.9752E+03 
              759.115E-03         55.0369E+03 
              759.588E-03         55.0677E+03 
              760.06E-03          55.0974E+03 
              760.769E-03         55.1396E+03 
              761.478E-03         55.1798E+03 
              762.187E-03         55.218E+03  
              762.897E-03         55.254E+03  
              763.607E-03         55.2878E+03 
              764.317E-03         55.3196E+03 
              765.028E-03         55.3496E+03 
              765.739E-03         55.3783E+03 
              766.45E-03          55.4063E+03 
              767.161E-03         55.4343E+03 
              767.873E-03         55.463E+03  
              768.585E-03         55.4929E+03 
              769.298E-03         55.5245E+03 
              770.01E-03          55.5581E+03 
              770.723E-03         55.5938E+03 
              771.436E-03         55.6317E+03 
              772.15E-03          55.6716E+03 
              772.864E-03         55.713E+03  
              773.578E-03         55.7557E+03 
              773.846E-03         55.7722E+03 
              774.247E-03         55.7968E+03 
              774.398E-03         55.8062E+03 
              774.624E-03         55.8201E+03 
              774.963E-03         55.8408E+03 
              775.472E-03         55.8714E+03 
              776.236E-03         55.9157E+03 
              777.E-03            55.9585E+03 
              777.764E-03         55.9991E+03 
              778.529E-03         56.0372E+03 
              779.294E-03         56.0725E+03 
              780.06E-03          56.1052E+03 
              780.825E-03         56.1358E+03 
              781.591E-03         56.1648E+03 
              782.358E-03         56.1928E+03 
              783.124E-03         56.2205E+03 
              783.699E-03         56.2415E+03 
              784.275E-03         56.2626E+03 
              784.491E-03         56.2708E+03 
              784.814E-03         56.2831E+03 
              785.3E-03           56.3015E+03 
              786.029E-03         56.3302E+03 
              786.758E-03         56.361E+03  
              786.941E-03         56.3691E+03 
              787.123E-03         56.3774E+03 
              787.397E-03         56.3899E+03 
              787.807E-03         56.4091E+03 
              788.423E-03         56.4395E+03 
              789.347E-03         56.4896E+03 
              789.694E-03         56.5097E+03 
              790.214E-03         56.5411E+03 
              790.995E-03         56.591E+03  
              792.166E-03         56.6726E+03 
              793.924E-03         56.8063E+03 
              794.364E-03         56.842E+03  
              794.804E-03         56.8779E+03 
              795.465E-03         56.9314E+03 
              796.455E-03         57.0117E+03 
              796.827E-03         57.0425E+03 
              797.385E-03         57.0882E+03 
              798.222E-03         57.1553E+03 
              799.478E-03         57.2514E+03 
              800.734E-03         57.3425E+03 
              801.992E-03         57.4268E+03 
              802.464E-03         57.4583E+03 
              803.172E-03         57.502E+03  
              804.234E-03         57.5606E+03 
              805.829E-03         57.6358E+03 
              808.224E-03         57.7287E+03 
              809.423E-03         57.7744E+03 
              810.622E-03         57.8164E+03 
              811.072E-03         57.8327E+03 
              811.747E-03         57.8557E+03 
              812.E-03            57.8646E+03 
              812.38E-03          57.8775E+03 
              812.95E-03          57.8965E+03 
              813.806E-03         57.9253E+03 
              815.089E-03         57.971E+03  
              817.017E-03         58.0473E+03 
              817.74E-03          58.0793E+03 
              818.825E-03         58.1279E+03 
              820.454E-03         58.2065E+03 
              821.066E-03         58.2385E+03 
              821.983E-03         58.2875E+03 
              822.327E-03         58.3066E+03 
              822.844E-03         58.3356E+03 
              823.618E-03         58.3804E+03 
              824.781E-03         58.4518E+03 
              825.217E-03         58.4802E+03 
              825.871E-03         58.5237E+03 
              826.854E-03         58.5919E+03 
              827.836E-03         58.6641E+03 
              828.819E-03         58.7399E+03 
              829.803E-03         58.8189E+03 
              830.787E-03         58.9004E+03 
              831.156E-03         58.9319E+03 
              831.71E-03          58.9791E+03 
              831.918E-03         58.997E+03  
              832.229E-03         59.0239E+03 
              832.697E-03         59.0641E+03 
              833.398E-03         59.1244E+03 
              834.451E-03         59.2143E+03 
              835.505E-03         59.3037E+03 
              836.559E-03         59.392E+03  
              837.613E-03         59.4785E+03 
              838.668E-03         59.563E+03  
              839.724E-03         59.6452E+03 
              840.12E-03          59.6763E+03 
              840.714E-03         59.7216E+03 
              841.606E-03         59.7873E+03 
              841.94E-03          59.8123E+03 
              842.442E-03         59.8489E+03 
              843.195E-03         59.9028E+03 
              844.325E-03         59.9831E+03 
              844.607E-03         60.0039E+03 
              844.89E-03          60.0246E+03 
              845.314E-03         60.0555E+03 
              845.95E-03          60.1018E+03 
              846.905E-03         60.173E+03  
              847.263E-03         60.2006E+03 
              847.8E-03           60.2426E+03 
              848.606E-03         60.3071E+03 
              849.816E-03         60.4085E+03 
              850.724E-03         60.488E+03  
              851.632E-03         60.5694E+03 
              851.973E-03         60.6006E+03 
              852.484E-03         60.6473E+03 
              853.251E-03         60.7171E+03 
              854.402E-03         60.8195E+03 
              854.834E-03         60.8585E+03 
              855.482E-03         60.915E+03  
              856.454E-03         60.9951E+03 
              856.819E-03         61.0252E+03 
              857.366E-03         61.0682E+03 
              858.187E-03         61.1283E+03 
              859.419E-03         61.2097E+03 
              860.652E-03         61.2848E+03 
              861.886E-03         61.3552E+03 
              863.12E-03          61.4236E+03 
              864.355E-03         61.4926E+03 
              864.664E-03         61.5106E+03 
              864.973E-03         61.5286E+03 
              865.437E-03         61.5554E+03 
              866.132E-03         61.5962E+03 
              867.176E-03         61.6603E+03 
              867.567E-03         61.6857E+03 
              868.155E-03         61.7244E+03 
              869.036E-03         61.7848E+03 
              869.367E-03         61.8083E+03 
              869.863E-03         61.8442E+03 
              870.607E-03         61.8996E+03 
              871.724E-03         61.9868E+03 
              872.841E-03         62.0786E+03 
              873.96E-03          62.1744E+03 
              874.239E-03         62.1992E+03 
              874.659E-03         62.2365E+03 
              875.288E-03         62.2929E+03 
              876.232E-03         62.3793E+03 
              876.587E-03         62.4127E+03 
              877.118E-03         62.463E+03  
              877.916E-03         62.5397E+03 
              879.113E-03         62.6583E+03 
              879.412E-03         62.689E+03  
              879.711E-03         62.7198E+03 
              880.161E-03         62.7662E+03 
              880.834E-03         62.8364E+03 
              881.509E-03         62.9078E+03 
              882.183E-03         62.9804E+03 
              883.195E-03         63.0904E+03 
              883.448E-03         63.1185E+03 
              883.701E-03         63.1467E+03 
              884.08E-03          63.1887E+03 
              884.65E-03          63.2511E+03 
              885.505E-03         63.3431E+03 
              886.787E-03         63.4738E+03 
              888.071E-03         63.5943E+03 
              889.355E-03         63.7013E+03 
              889.676E-03         63.728E+03  
              889.998E-03         63.7535E+03 
              890.479E-03         63.7891E+03 
              891.203E-03         63.8369E+03 
              891.926E-03         63.8798E+03 
              892.649E-03         63.918E+03  
              893.735E-03         63.9653E+03 
              895.365E-03         64.0187E+03 
              896.996E-03         64.0601E+03 
              898.628E-03         64.0935E+03 
              900.262E-03         64.1237E+03 
              900.67E-03          64.1323E+03 
              901.283E-03         64.1441E+03 
              902.203E-03         64.1617E+03 
              903.583E-03         64.1929E+03 
              905.655E-03         64.2599E+03 
              906.174E-03         64.2799E+03 
              906.692E-03         64.3008E+03 
              907.47E-03          64.3343E+03 
              908.637E-03         64.3916E+03 
              909.513E-03         64.4394E+03 
              910.828E-03         64.5178E+03 
              911.321E-03         64.5491E+03 
              912.061E-03         64.5969E+03 
              913.171E-03         64.67E+03   
              914.838E-03         64.7777E+03 
              916.506E-03         64.8793E+03 
              918.175E-03         64.9709E+03 
              919.845E-03         65.052E+03  
              921.517E-03         65.1252E+03 
              921.935E-03         65.1442E+03 
              922.353E-03         65.1624E+03 
              922.51E-03          65.1693E+03 
              922.745E-03         65.1792E+03 
              923.098E-03         65.1936E+03 
              923.627E-03         65.2145E+03 
              924.422E-03         65.2454E+03 
              925.614E-03         65.293E+03  
              926.061E-03         65.3119E+03 
              926.732E-03         65.3404E+03 
              926.984E-03         65.3514E+03 
              927.362E-03         65.368E+03  
              927.928E-03         65.3931E+03 
              928.778E-03         65.432E+03  
              929.097E-03         65.4473E+03 
              929.575E-03         65.4703E+03 
              930.293E-03         65.5053E+03 
              931.37E-03          65.5585E+03 
              932.986E-03         65.6367E+03 
              934.604E-03         65.7113E+03 
              936.222E-03         65.781E+03  
              938.652E-03         65.8794E+03 
              939.26E-03          65.906E+03  
              939.868E-03         65.9317E+03 
              940.78E-03          65.9693E+03 
              942.15E-03          66.0281E+03 
              944.205E-03         66.13E+03   
              944.976E-03         66.1724E+03 
              946.133E-03         66.2402E+03 
              946.567E-03         66.2671E+03 
              947.219E-03         66.3089E+03 
              948.196E-03         66.3758E+03 
              949.663E-03         66.4874E+03 
              951.13E-03          66.6104E+03 
              951.497E-03         66.6427E+03 
              952.048E-03         66.6919E+03 
              952.875E-03         66.7676E+03 
              954.114E-03         66.8858E+03 
              955.355E-03         67.0084E+03 
              956.596E-03         67.1337E+03 
              958.459E-03         67.3223E+03 
              961.256E-03         67.6029E+03 
              961.956E-03         67.6756E+03 
              962.656E-03         67.7469E+03 
              963.706E-03         67.8516E+03 
              965.283E-03         68.0073E+03 
              967.649E-03         68.2423E+03 
              970.018E-03         68.4816E+03 
              972.389E-03         68.7232E+03 
              972.982E-03         68.7856E+03 
              973.576E-03         68.8472E+03 
              974.466E-03         68.9383E+03 
              975.801E-03         69.0736E+03 
              976.303E-03         69.1251E+03 
              977.054E-03         69.2013E+03 
              978.183E-03         69.3135E+03 
              979.876E-03         69.4763E+03 
              981.57E-03          69.6327E+03 
              983.266E-03         69.7804E+03 
              984.963E-03         69.9178E+03 
              987.51E-03          70.098E+03  
              988.147E-03         70.1437E+03 
              988.784E-03         70.187E+03  
              989.741E-03         70.2471E+03 
              991.176E-03         70.329E+03  
              992.612E-03         70.405E+03  
              994.048E-03         70.4755E+03 
              995.126E-03         70.5261E+03 
              996.205E-03         70.5742E+03 
              997.284E-03         70.6205E+03 
              997.689E-03         70.6382E+03 
              998.296E-03         70.6638E+03 
              999.207E-03         70.7011E+03 
                1.00057           70.7572E+03 
                1.00194           70.816E+03  
                1.00331           70.8783E+03 
                1.00468           70.9442E+03 
                1.00674           71.0405E+03 
                1.00725           71.0658E+03 
                1.00776           71.09E+03   
                1.00854           71.1228E+03 
                1.00969           71.1595E+03 
                1.01013           71.1719E+03 
                1.01078           71.184E+03  
                1.01176           71.1823E+03 
                1.01212           71.179E+03  
                1.01226           71.1774E+03 
                1.01247           71.1739E+03 
                1.01254           71.1724E+03 
                1.01257           71.1719E+03 
                1.01262           71.171E+03  
                1.01268           71.1695E+03 
                1.01278           71.167E+03  
                1.01293           71.1626E+03 
                1.01315           71.1544E+03 
                1.01348           71.1386E+03 
                1.01397           71.1057E+03 
                1.01472           71.0335E+03 
                1.01583           70.8668E+03 
                1.01695           70.6405E+03 
                1.01723           70.5807E+03 
                1.01751           70.5171E+03 
                1.01793           70.4131E+03 
                1.01856           70.2394E+03 
                1.0195            69.9484E+03 
                1.02044           69.6392E+03 
                1.02139           69.3256E+03 
                1.02174           69.2086E+03 
                1.02227           69.0358E+03 
                1.02307           68.792E+03  
                1.02387           68.5722E+03 
                1.02467           68.3832E+03 
                1.02526           68.2612E+03 
                1.02586           68.1605E+03 
                1.02646           68.082E+03  
                1.02706           68.0262E+03 
                1.02766           67.9926E+03 
                1.02826           67.9805E+03 
                1.02886           67.9883E+03 
                1.02946           68.0141E+03 
                1.03005           68.0559E+03 
                1.03065           68.1111E+03 
                1.03125           68.1771E+03 
                1.03185           68.2514E+03 
                1.03245           68.3312E+03 
                1.03335           68.4551E+03 
                1.03369           68.5022E+03 
                1.0342            68.5718E+03 
                1.03496           68.6699E+03 
                1.0361            68.7894E+03 
                1.03724           68.8679E+03 
                1.03838           68.8923E+03 
                1.03866           68.8954E+03 
                1.03895           68.8945E+03 
                1.03938           68.8839E+03 
                1.04002           68.8451E+03 
                1.04026           68.8276E+03 
                1.04062           68.7936E+03 
                1.04076           68.7799E+03 
                1.04096           68.7567E+03 
                1.04127           68.7163E+03 
                1.04172           68.6425E+03 
                1.04241           68.5025E+03 
                1.04267           68.4462E+03 
                1.04305           68.3528E+03 
                1.04363           68.1937E+03 
                1.0445            67.9203E+03 
                1.04537           67.6223E+03 
                1.04624           67.3103E+03 
                1.04711           66.9948E+03 
                1.04733           66.9161E+03 
                1.04755           66.8375E+03 
                1.04787           66.7203E+03 
                1.04836           66.5474E+03 
                1.0491            66.2989E+03 
                1.04928           66.2378E+03 
                1.04947           66.1775E+03 
                1.04954           66.155E+03  
                1.04964           66.1215E+03 
                1.04979           66.0718E+03 
                1.05003           65.9987E+03 
                1.05038           65.8923E+03 
                1.0509            65.7394E+03 
                1.0511            65.6832E+03 
                1.05139           65.6007E+03 
                1.05183           65.4806E+03 
                1.05249           65.3049E+03 
                1.05274           65.2397E+03 
                1.05312           65.1421E+03 
                1.05368           64.9935E+03 
                1.05452           64.7584E+03 
                1.05536           64.5067E+03 
                1.0562            64.2379E+03 
                1.05651           64.135E+03  
                1.05698           63.9758E+03 
                1.05769           63.7307E+03 
                1.05796           63.6384E+03 
                1.05836           63.4998E+03 
                1.05896           63.2961E+03 
                1.05985           63.0175E+03 
                1.06075           62.7824E+03 
                1.06098           62.7268E+03 
                1.0612            62.6744E+03 
                1.06154           62.6035E+03 
                1.06204           62.5161E+03 
                1.06255           62.449E+03  
                1.06306           62.4024E+03 
                1.06356           62.3756E+03 
                1.06407           62.3674E+03 
                1.06457           62.3757E+03 
                1.06508           62.3981E+03 
                1.06527           62.4085E+03 
                1.06555           62.4277E+03 
                1.06598           62.4628E+03 
                1.06662           62.5233E+03 
                1.06686           62.547E+03  
                1.06722           62.5832E+03 
                1.06776           62.6357E+03 
                1.06797           62.6551E+03 
                1.06827           62.6829E+03 
                1.06873           62.7207E+03 
                1.06919           62.7545E+03 
                1.06964           62.7845E+03 
                1.0701            62.8113E+03 
                1.07056           62.8354E+03 
                1.07073           62.8443E+03 
                1.07098           62.8569E+03 
                1.07137           62.8749E+03 
                1.07195           62.9018E+03 
                1.07253           62.9309E+03 
                1.07311           62.9641E+03 
                1.07368           63.0034E+03 
                1.07426           63.05E+03   
                1.07484           63.1044E+03 
                1.07542           63.166E+03  
                1.076             63.233E+03  
                1.07658           63.3031E+03 
                1.07716           63.3732E+03 
                1.07731           63.3908E+03 
                1.07745           63.4084E+03 
                1.07767           63.4341E+03 
                1.07799           63.4711E+03 
                1.07848           63.5205E+03 
                1.07867           63.5382E+03 
                1.07894           63.5621E+03 
                1.07935           63.5908E+03 
                1.07977           63.6109E+03 
                1.08018           63.6213E+03 
                1.08034           63.6238E+03 
                1.08057           63.624E+03  
                1.08092           63.6157E+03 
                1.08144           63.5818E+03 
                1.08196           63.5253E+03 
                1.08249           63.4454E+03 
                1.08301           63.3423E+03 
                1.08353           63.2167E+03 
                1.08406           63.0703E+03 
                1.08419           63.0326E+03 
                1.08432           62.9935E+03 
                1.08451           62.9323E+03 
                1.08481           62.8347E+03 
                1.08525           62.6775E+03 
                1.08542           62.6172E+03 
                1.08566           62.524E+03  
                1.08604           62.3791E+03 
                1.08618           62.3242E+03 
                1.08639           62.2408E+03 
                1.0867            62.1141E+03 
                1.08702           61.9868E+03 
                1.08733           61.86E+03   
                1.0878            61.6741E+03 
                1.08798           61.6053E+03 
                1.08825           61.5043E+03 
                1.08864           61.3596E+03 
                1.08879           61.3065E+03 
                1.08902           61.2294E+03 
                1.08935           61.1203E+03 
                1.08948           61.0804E+03 
                1.08967           61.0228E+03 
                1.08995           60.9419E+03 
                1.09038           60.8333E+03 
                1.09054           60.7945E+03 
                1.09078           60.7405E+03 
                1.09114           60.6689E+03 
                1.09168           60.5817E+03 
                1.09181           60.5613E+03 
                1.09195           60.5421E+03 
                1.09215           60.5159E+03 
                1.09245           60.4823E+03 
                1.09291           60.4427E+03 
                1.09359           60.4015E+03 
                1.09427           60.3726E+03 
                1.09496           60.351E+03  
                1.09564           60.3327E+03 
                1.09667           60.3041E+03 
                1.09769           60.2696E+03 
                1.09846           60.239E+03  
                1.09923           60.2019E+03 
                1.10038           60.125E+03  
                1.10067           60.1048E+03 
                1.10096           60.083E+03  
                1.10139           60.046E+03  
                1.10204           59.9793E+03 
                1.10269           59.8994E+03 
                1.10334           59.8042E+03 
                1.104             59.6914E+03 
                1.10465           59.5589E+03 
                1.1053            59.4053E+03 
                1.10546           59.3656E+03 
                1.1057            59.303E+03  
                1.10607           59.2019E+03 
                1.10662           59.0342E+03 
                1.10744           58.7509E+03 
                1.10827           58.4421E+03 
                1.10909           58.1155E+03 
                1.10992           57.7815E+03 
                1.11074           57.4519E+03 
                1.11156           57.1379E+03 
                1.11187           57.0233E+03 
                1.11234           56.8589E+03 
                1.11304           56.6349E+03 
                1.1133            56.5545E+03 
                1.11369           56.442E+03  
                1.11384           56.4011E+03 
                1.11406           56.3425E+03 
                1.11439           56.2606E+03 
                1.11488           56.1515E+03 
                1.11563           56.0139E+03 
                1.11674           55.8389E+03 
                1.11702           55.797E+03  
                1.1173            55.7562E+03 
                1.11772           55.6951E+03 
                1.11788           55.6722E+03 
                1.11811           55.6373E+03 
                1.11847           55.5826E+03 
                1.119             55.4919E+03 
                1.11979           55.3266E+03 
                1.12009           55.2603E+03 
                1.12054           55.1491E+03 
                1.12121           54.9533E+03 
                1.12222           54.5945E+03 
                1.12323           54.1812E+03 
                1.12398           53.8478E+03 
                1.12474           53.4994E+03 
                1.1255            53.1464E+03 
                1.12626           52.8003E+03 
                1.12701           52.4721E+03 
                1.12777           52.1718E+03 
                1.12853           51.9077E+03 
                1.12928           51.6863E+03 
                1.13004           51.5118E+03 
                1.1308            51.3859E+03 
                1.13099           51.3576E+03 
                1.13118           51.3325E+03 
                1.13146           51.3015E+03 
                1.13189           51.2698E+03 
                1.13253           51.2541E+03 
                1.13277           51.2528E+03 
                1.13313           51.2602E+03 
                1.13367           51.2901E+03 
                1.13448           51.368E+03  
                1.13529           51.4699E+03 
                1.1361            51.5843E+03 
                1.13691           51.7035E+03 
                1.13773           51.8173E+03 
                1.13854           51.9154E+03 
                1.13935           51.9886E+03 
                1.14016           52.0283E+03 
                1.14097           52.0278E+03 
                1.14178           51.9826E+03 
                1.1426            51.8908E+03 
                1.1428            51.8651E+03 
                1.143             51.8365E+03 
                1.14331           51.7868E+03 
                1.14376           51.6978E+03 
                1.14445           51.5347E+03 
                1.14548           51.2416E+03 
                1.14651           50.9224E+03 
                1.14754           50.5993E+03 
                1.14857           50.2917E+03 
                1.14883           50.2164E+03 
                1.14908           50.1426E+03 
                1.14947           50.036E+03  
                1.15005           49.8875E+03 
                1.15092           49.6935E+03 
                1.15125           49.6252E+03 
                1.15174           49.5318E+03 
                1.15247           49.4095E+03 
                1.15274           49.3663E+03 
                1.15316           49.306E+03  
                1.15326           49.2913E+03 
                1.15336           49.2769E+03 
                1.15352           49.2557E+03 
                1.15375           49.2252E+03 
                1.15398           49.1956E+03 
                1.15422           49.1668E+03 
                1.15445           49.1387E+03 
                1.15468           49.1112E+03 
                1.15491           49.0841E+03 
                1.155             49.074E+03  
                1.15513           49.0589E+03 
                1.15533           49.0364E+03 
                1.15562           49.0026E+03 
                1.15592           48.9685E+03 
                1.15621           48.9341E+03 
                1.15651           48.8991E+03 
                1.1568            48.8633E+03 
                1.15709           48.8269E+03 
                1.15754           48.7704E+03 
                1.1582            48.6828E+03 
                1.15845           48.6498E+03 
                1.15882           48.5999E+03 
                1.15938           48.525E+03  
                1.16022           48.4156E+03 
                1.16106           48.3114E+03 
                1.1619            48.2125E+03 
                1.16274           48.118E+03  
                1.16305           48.0833E+03 
                1.16352           48.0316E+03 
                1.16423           47.953E+03  
                1.1645            47.9235E+03 
                1.1649            47.8781E+03 
                1.1655            47.8064E+03 
                1.16639           47.6892E+03 
                1.16673           47.6443E+03 
                1.16724           47.5735E+03 
                1.16799           47.4585E+03 
                1.16875           47.3384E+03 
                1.16951           47.2155E+03 
                1.17027           47.0919E+03 
                1.17103           46.9695E+03 
                1.17178           46.8479E+03 
                1.17254           46.7353E+03 
                1.1733            46.6303E+03 
                1.17406           46.5352E+03 
                1.17463           46.4705E+03 
                1.17484           46.4473E+03 
                1.17516           46.4146E+03 
                1.17565           46.3706E+03 
                1.17637           46.317E+03  
                1.17745           46.2657E+03 
                1.17785           46.251E+03  
                1.17846           46.2383E+03 
                1.17869           46.235E+03  
                1.17903           46.2331E+03 
                1.17955           46.2365E+03 
                1.18032           46.2534E+03 
                1.18147           46.2908E+03 
                1.18176           46.3011E+03 
                1.18205           46.3116E+03 
                1.18249           46.3267E+03 
                1.18314           46.3451E+03 
                1.18411           46.3543E+03 
                1.18448           46.355E+03  
                1.18503           46.3476E+03 
                1.18585           46.3134E+03 
                1.18616           46.2973E+03 
                1.18663           46.2651E+03 
                1.18732           46.199E+03  
                1.18837           46.0521E+03 
                1.18863           46.0127E+03 
                1.18889           45.9704E+03 
                1.18928           45.9002E+03 
                1.18987           45.7798E+03 
                1.19075           45.5619E+03 
                1.19163           45.3041E+03 
                1.19185           45.2373E+03 
                1.19207           45.1679E+03 
                1.1924            45.0577E+03 
                1.1929            44.878E+03  
                1.19364           44.5735E+03 
                1.1942            44.3245E+03 
                1.19504           43.9E+03    
                1.19536           43.7338E+03 
                1.19583           43.4673E+03 
                1.19653           43.0285E+03 
                1.1968            42.8588E+03 
                1.1972            42.5919E+03 
                1.19779           42.1657E+03 
                1.19869           41.4804E+03 
                1.19891           41.3067E+03 
                1.19914           41.1306E+03 
                1.19947           40.8618E+03 
                1.19998           40.4521E+03 
                1.20073           39.8381E+03 
                1.20149           39.2411E+03 
                1.20168           39.0933E+03 
                1.20187           38.9471E+03 
                1.20215           38.732E+03  
                1.20258           38.4218E+03 
                1.20322           37.9924E+03 
                1.20417           37.4484E+03 
                1.20513           37.0133E+03 
                1.20537           36.9118E+03 
                1.20573           36.7754E+03 
                1.20627           36.6057E+03 
                1.20708           36.4227E+03 
                1.20789           36.3013E+03 
                1.2087            36.2292E+03 
                1.209             36.2086E+03 
                1.20945           36.1894E+03 
                1.21014           36.1792E+03 
                1.21116           36.1837E+03 
                1.21142           36.1857E+03 
                1.21167           36.1884E+03 
                1.21206           36.1931E+03 
                1.2122            36.195E+03  
                1.21226           36.1957E+03 
                1.21234           36.1968E+03 
                1.21246           36.1984E+03 
                1.21264           36.2008E+03 
                1.21292           36.2041E+03 
                1.21333           36.2069E+03 
                1.21348           36.2077E+03 
                1.21371           36.2078E+03 
                1.21406           36.2045E+03 
                1.21458           36.1916E+03 
                1.21536           36.1563E+03 
                1.21594           36.1213E+03 
                1.21682           36.0434E+03 
                1.21704           36.0225E+03 
                1.21726           35.9998E+03 
                1.21759           35.9612E+03 
                1.21808           35.8921E+03 
                1.21882           35.7602E+03 
                1.21956           35.5977E+03 
                1.21993           35.5086E+03 
                1.22049           35.3552E+03 
                1.22063           35.3157E+03 
                1.22077           35.2749E+03 
                1.22098           35.2108E+03 
                1.22129           35.1074E+03 
                1.22176           34.9354E+03 
                1.22246           34.6351E+03 
                1.22317           34.2892E+03 
                1.22387           33.8954E+03 
                1.22405           33.794E+03  
                1.22422           33.6896E+03 
                1.22449           33.526E+03  
                1.22488           33.2649E+03 
                1.22503           33.1648E+03 
                1.22526           33.0097E+03 
                1.22559           32.7661E+03 
                1.22609           32.3771E+03 
                1.22628           32.2281E+03 
                1.22656           31.9976E+03 
                1.22699           31.6379E+03 
                1.22762           31.0734E+03 
                1.2281            30.6397E+03 
                1.22857           30.1995E+03 
                1.22875           30.0338E+03 
                1.22902           29.7843E+03 
                1.22942           29.4107E+03 
                1.22957           29.2708E+03 
                1.2298            29.0621E+03 
                1.23014           28.7528E+03 
                1.23065           28.3028E+03 
                1.23084           28.1363E+03 
                1.23113           27.8924E+03 
                1.23156           27.5422E+03 
                1.2322            27.0582E+03 
                1.23285           26.6202E+03 
                1.23333           26.3188E+03 
                1.23381           26.0449E+03 
                1.23454           25.6945E+03 
                1.23481           25.5716E+03 
                1.23522           25.4052E+03 
                1.23583           25.1926E+03 
                1.23606           25.1181E+03 
                1.23641           25.0166E+03 
                1.23692           24.8846E+03 
                1.23712           24.8379E+03 
                1.23741           24.7734E+03 
                1.23784           24.6872E+03 
                1.2385            24.5757E+03 
                1.23915           24.4767E+03 
                1.23981           24.3847E+03 
                1.24046           24.2953E+03 
                1.24071           24.262E+03  
                1.24108           24.2118E+03 
                1.24163           24.1329E+03 
                1.24184           24.1029E+03 
                1.24215           24.0547E+03 
                1.24261           23.9767E+03 
                1.24279           23.9467E+03 
                1.24305           23.8996E+03 
                1.24344           23.823E+03  
                1.24403           23.6932E+03 
                1.24426           23.6425E+03 
                1.24459           23.5614E+03 
                1.24509           23.4284E+03 
                1.24527           23.377E+03  
                1.24555           23.2965E+03 
                1.24597           23.1682E+03 
                1.24661           22.9596E+03 
                1.24724           22.7371E+03 
                1.24787           22.5032E+03 
                1.2485            22.2595E+03 
                1.24913           22.0081E+03 
                1.24976           21.7508E+03 
                1.25039           21.4894E+03 
                1.25103           21.2249E+03 
                1.25166           20.9589E+03 
                1.25229           20.693E+03  
                1.25292           20.4287E+03 
                1.25355           20.1672E+03 
                1.25419           19.91E+03   
                1.25482           19.6583E+03 
                1.25545           19.4135E+03 
                1.25608           19.1773E+03 
                1.25671           18.9511E+03 
                1.25735           18.7363E+03 
                1.25798           18.5342E+03 
                1.25861           18.3453E+03 
                1.25956           18.0917E+03 
                1.26051           17.8676E+03 
                1.26146           17.6703E+03 
                1.26241           17.4962E+03 
                1.26265           17.4543E+03 
                1.26301           17.3942E+03 
                1.26354           17.3091E+03 
                1.26434           17.1904E+03 
                1.26464           17.1471E+03 
                1.2651            17.0844E+03 
                1.26577           16.9947E+03 
                1.26679           16.8736E+03 
                1.26831           16.7243E+03 
                1.26984           16.6061E+03 
                1.27022           16.579E+03  
                1.2706            16.5536E+03 
                1.27117           16.5193E+03 
                1.27203           16.4768E+03 
                1.27235           16.4624E+03 
                1.27283           16.4435E+03 
                1.27356           16.4214E+03 
                1.27465           16.4021E+03 
                1.27505           16.3971E+03 
                1.27566           16.3939E+03 
                1.27589           16.3934E+03 
                1.27624           16.3939E+03 
                1.27675           16.3976E+03 
                1.27753           16.4099E+03 
                1.27869           16.4469E+03 
                1.28043           16.5565E+03 
                1.28076           16.5795E+03 
                1.28109           16.6046E+03 
                1.28158           16.6473E+03 
                1.28231           16.7239E+03 
                1.28259           16.7546E+03 
                1.283             16.805E+03  
                1.28362           16.8908E+03 
                1.28386           16.9245E+03 
                1.28421           16.9786E+03 
                1.28473           17.0676E+03 
                1.28552           17.22E+03   
                1.2863            17.3927E+03 
                1.28709           17.5869E+03 
                1.28788           17.8032E+03 
                1.28807           17.8589E+03 
                1.28827           17.9159E+03 
                1.28856           18.0046E+03 
                1.28901           18.1447E+03 
                1.28967           18.3708E+03 
                1.29067           18.7444E+03 
                1.29216           19.3703E+03 
                1.29366           20.0428E+03 
                1.29515           20.7372E+03 
                1.29553           20.9123E+03 
                1.2959            21.0878E+03 
                1.29646           21.3506E+03 
                1.29731           21.7395E+03 
                1.29857           22.2989E+03 
                1.29983           22.8243E+03 
                1.3011            23.3073E+03 
                1.30299           23.9255E+03 
                1.30489           24.4445E+03 
                1.30584           24.6813E+03 
                1.30679           24.8962E+03 
                1.30821           25.1778E+03 
                1.30964           25.4279E+03 
                1.31106           25.6524E+03 
                1.31249           25.8549E+03 
                1.31302           25.9285E+03 
                1.31382           26.0319E+03 
                1.31503           26.1732E+03 
                1.31683           26.3579E+03 
                1.31864           26.5207E+03 
                1.32045           26.6663E+03 
                1.32226           26.7991E+03 
                1.32406           26.9212E+03 
                1.32587           27.0318E+03 
                1.32768           27.127E+03  
                1.3295            27.2008E+03 
                1.32995           27.2185E+03 
                1.3304            27.2345E+03 
                1.33108           27.2541E+03 
                1.3321            27.2735E+03 
                1.33363           27.2766E+03 
                1.3342            27.2744E+03 
                1.33506           27.2612E+03 
                1.33635           27.2178E+03 
                1.33684           27.1986E+03 
                1.33756           27.1618E+03 
                1.33865           27.0888E+03 
                1.33906           27.0592E+03 
                1.33968           27.0092E+03 
                1.3406            26.9208E+03 
                1.34094           26.8865E+03 
                1.34146           26.8324E+03 
                1.34224           26.7444E+03 
                1.34301           26.6481E+03 
                1.34379           26.5424E+03 
                1.34496           26.3624E+03 
                1.3467            26.0475E+03 
                1.34845           25.6902E+03 
                1.34889           25.597E+03  
                1.34933           25.5012E+03 
                1.34999           25.3522E+03 
                1.35097           25.117E+03  
                1.35134           25.0274E+03 
                1.35189           24.8891E+03 
                1.35272           24.6737E+03 
                1.35397           24.3353E+03 
                1.35444           24.2068E+03 
                1.35514           24.0115E+03 
                1.35619           23.7095E+03 
                1.35659           23.5953E+03 
                1.35718           23.4212E+03 
                1.35807           23.1555E+03 
                1.3594            22.7494E+03 
                1.36073           22.3372E+03 
                1.36207           21.92E+03   
                1.36257           21.7633E+03 
                1.36332           21.5267E+03 
                1.36445           21.1708E+03 
                1.36487           21.0376E+03 
                1.3655            20.8381E+03 
                1.36645           20.5412E+03 
                1.36681           20.4305E+03 
                1.36734           20.2657E+03 
                1.36814           20.0222E+03 
                1.36935           19.6693E+03 
                1.37055           19.3323E+03 
                1.37176           19.0136E+03 
                1.37296           18.7151E+03 
                1.37341           18.6064E+03 
                1.37409           18.4499E+03 
                1.37511           18.2308E+03 
                1.37549           18.1512E+03 
                1.37606           18.0367E+03 
                1.37692           17.8768E+03 
                1.37821           17.664E+03  
                1.37949           17.4792E+03 
                1.38078           17.3224E+03 
                1.38207           17.1932E+03 
                1.38336           17.0914E+03 
                1.38465           17.0166E+03 
                1.38594           16.968E+03  
                1.38642           16.9539E+03 
                1.38715           16.9405E+03 
                1.38823           16.9381E+03 
                1.38987           16.9746E+03 
                1.39109           17.0247E+03 
                1.39232           17.0964E+03 
                1.39278           17.1266E+03 
                1.39347           17.1782E+03 
                1.3945            17.2697E+03 
                1.39489           17.3063E+03 
                1.39547           17.3655E+03 
                1.39635           17.4637E+03 




