
              u_60_0_exp         f_60_0_exp     

                0.                -0.         
               39.94E-09         111.18E-03   
              319.041E-09        643.749E-03  
                1.70601E-06        1.67293    
                7.53894E-06        3.91877    
               29.9775E-06         8.69831    
              111.812E-06         20.2282     
              399.954E-06         53.3023     
                1.38837E-03      156.315      
                4.70264E-03      483.248      
               15.5512E-03         1.50794E+03
               49.9952E-03         4.60775E+03
              154.626E-03         13.4581E+03 
              212.548E-03         18.5192E+03 
              237.025E-03         20.6301E+03 
              276.584E-03         23.8846E+03 
              292.299E-03         25.2932E+03 
              298.316E-03         25.8196E+03 
              307.468E-03         26.5334E+03 
              309.201E-03         26.7329E+03 
              311.81E-03          26.9153E+03 
              312.792E-03         27.0031E+03 
              314.267E-03         27.1149E+03 
              315.747E-03         27.2329E+03 
              317.23E-03          27.3538E+03 
              318.717E-03         27.4751E+03 
              320.208E-03         27.5963E+03 
              321.702E-03         27.7176E+03 
              323.2E-03           27.8387E+03 
              324.702E-03         27.9592E+03 
              326.208E-03         28.0783E+03 
              327.718E-03         28.1952E+03 
              328.853E-03         28.2845E+03 
              330.559E-03         28.4041E+03 
              332.27E-03          28.5249E+03 
              333.985E-03         28.6416E+03 
              335.706E-03         28.7544E+03 
              337.431E-03         28.8656E+03 
              339.161E-03         28.9775E+03 
              341.765E-03         29.1449E+03 
              343.725E-03         29.2849E+03 
              345.691E-03         29.4215E+03 
              346.184E-03         29.4668E+03 
              346.923E-03         29.5207E+03 
              348.034E-03         29.5925E+03 
              349.704E-03         29.7108E+03 
              351.377E-03         29.8451E+03 
              353.056E-03         29.9866E+03 
              354.738E-03         30.1349E+03 
              356.425E-03         30.2899E+03 
              358.116E-03         30.4494E+03 
              359.812E-03         30.6099E+03 
              361.511E-03         30.7682E+03 
              363.215E-03         30.9225E+03 
              364.924E-03         31.0725E+03 
              366.636E-03         31.2197E+03 
              368.353E-03         31.3657E+03 
              370.937E-03         31.5783E+03 
              372.232E-03         31.6983E+03 
              373.529E-03         31.805E+03  
              375.481E-03         31.9537E+03 
              377.437E-03         32.1036E+03 
              379.399E-03         32.2451E+03 
              381.366E-03         32.3778E+03 
              382.105E-03         32.4361E+03 
              383.215E-03         32.5045E+03 
              384.884E-03         32.6009E+03 
              387.393E-03         32.7533E+03 
              391.174E-03         32.9916E+03 
              392.122E-03         33.0765E+03 
              393.072E-03         33.1392E+03 
              394.498E-03         33.22E+03   
              396.643E-03         33.3578E+03 
              398.794E-03         33.5118E+03 
              400.951E-03         33.6706E+03 
              403.114E-03         33.8352E+03 
              406.37E-03          34.0923E+03 
              409.64E-03          34.3718E+03 
              411.28E-03          34.5254E+03 
              413.747E-03         34.7339E+03 
              416.221E-03         34.9545E+03 
              418.704E-03         35.1773E+03 
              422.441E-03         35.5014E+03 
              426.196E-03         35.8281E+03 
              427.138E-03         35.9301E+03 
              428.552E-03         36.0441E+03 
              430.678E-03         36.2095E+03 
              431.476E-03         36.2845E+03 
              432.676E-03         36.3823E+03 
              434.478E-03         36.5225E+03 
              436.284E-03         36.6683E+03 
              438.094E-03         36.8133E+03 
              439.908E-03         36.9564E+03 
              442.636E-03         37.1628E+03 
              446.745E-03         37.4675E+03 
              450.873E-03         37.7726E+03 
              452.944E-03         37.9358E+03 
              455.02E-03          38.0813E+03 
              458.144E-03         38.3013E+03 
              461.279E-03         38.5376E+03 
              464.424E-03         38.7796E+03 
              465.212E-03         38.8565E+03 
              466.001E-03         38.9208E+03 
              467.185E-03         39.0036E+03 
              468.965E-03         39.1349E+03 
              471.641E-03         39.3452E+03 
              474.324E-03         39.5618E+03 
              474.997E-03         39.6288E+03 
              476.006E-03         39.7095E+03 
              477.521E-03         39.8192E+03 
              479.039E-03         39.9363E+03 
              480.56E-03          40.0569E+03 
              482.083E-03         40.1773E+03 
              484.372E-03         40.3519E+03 
              485.232E-03         40.4289E+03 
              486.523E-03         40.5275E+03 
              488.463E-03         40.6696E+03 
              491.381E-03         40.8844E+03 
              494.307E-03         41.1012E+03 
              497.242E-03         41.3148E+03 
              501.661E-03         41.6406E+03 
              506.1E-03           41.994E+03  
              510.558E-03         42.3589E+03 
              512.235E-03         42.5141E+03 
              514.756E-03         42.7117E+03 
              517.282E-03         42.9175E+03 
              519.815E-03         43.1241E+03 
              522.354E-03         43.3278E+03 
              524.9E-03           43.5275E+03 
              526.813E-03         43.6787E+03 
              528.729E-03         43.8223E+03 
              530.649E-03         43.963E+03  
              532.573E-03         44.1009E+03 
              535.464E-03         44.2952E+03 
              539.816E-03         44.5772E+03 
              540.907E-03         44.67E+03   
              541.999E-03         44.7419E+03 
              543.639E-03         44.8351E+03 
              546.103E-03         44.9876E+03 
              548.573E-03         45.1549E+03 
              551.048E-03         45.327E+03  
              553.529E-03         45.5049E+03 
              554.461E-03         45.582E+03  
              555.859E-03         45.683E+03  
              557.961E-03         45.8367E+03 
              560.067E-03         46.0034E+03 
              562.176E-03         46.1748E+03 
              564.29E-03          46.3486E+03 
              565.083E-03         46.4218E+03 
              566.275E-03         46.5195E+03 
              568.064E-03         46.6625E+03 
              569.856E-03         46.813E+03  
              571.651E-03         46.9646E+03 
              573.448E-03         47.1139E+03 
              576.15E-03          47.3256E+03 
              578.857E-03         47.5329E+03 
              581.571E-03         47.7272E+03 
              584.291E-03         47.9086E+03 
              587.017E-03         48.0806E+03 
              588.041E-03         48.1539E+03 
              589.579E-03         48.2437E+03 
              590.156E-03         48.2813E+03 
              591.022E-03         48.3319E+03 
              592.322E-03         48.4053E+03 
              594.275E-03         48.5232E+03 
              596.231E-03         48.6533E+03 
              598.19E-03          48.7902E+03 
              601.135E-03         49.0069E+03 
              605.565E-03         49.364E+03  
              606.675E-03         49.4763E+03 
              607.786E-03         49.5716E+03 
              609.454E-03         49.7026E+03 
              611.96E-03          49.9108E+03 
              612.902E-03         50.0013E+03 
              614.315E-03         50.1228E+03 
              616.437E-03         50.2976E+03 
              618.563E-03         50.476E+03  
              620.693E-03         50.6514E+03 
              623.893E-03         50.8966E+03 
              625.096E-03         51.0004E+03 
              626.901E-03         51.1295E+03 
              629.614E-03         51.3097E+03 
              632.333E-03         51.4862E+03 
              635.057E-03         51.651E+03  
              639.153E-03         51.8753E+03 
              645.321E-03         52.2189E+03 
              647.642E-03         52.3729E+03 
              651.129E-03         52.5732E+03 
              654.626E-03         52.7991E+03 
              658.131E-03         53.0434E+03 
              661.645E-03         53.3032E+03 
              665.168E-03         53.5766E+03 
              670.468E-03         53.9978E+03 
              672.461E-03         54.1774E+03 
              675.455E-03         54.412E+03  
              679.958E-03         54.7657E+03 
              684.475E-03         55.119E+03  
              689.006E-03         55.4587E+03 
              693.55E-03          55.7862E+03 
              698.108E-03         56.1031E+03 
              699.25E-03          56.199E+03  
              700.393E-03         56.278E+03  
              702.108E-03         56.3827E+03 
              702.752E-03         56.4272E+03 
              703.718E-03         56.4904E+03 
              705.168E-03         56.583E+03  
              707.346E-03         56.7222E+03 
              710.62E-03          56.9295E+03 
              715.542E-03         57.2347E+03 
              719.244E-03         57.4703E+03 
              722.954E-03         57.6956E+03 
              726.674E-03         57.9194E+03 
              730.401E-03         58.1424E+03 
              736.009E-03         58.4721E+03 
              741.637E-03         58.8149E+03 
              747.283E-03         59.1648E+03 
              748.698E-03         59.273E+03  
              750.113E-03         59.3602E+03 
              752.239E-03         59.483E+03  
              755.433E-03         59.6843E+03 
              760.236E-03         60.0033E+03 
              765.051E-03         60.3359E+03 
              767.464E-03         60.5132E+03 
              771.09E-03          60.7567E+03 
              774.723E-03         61.0068E+03 
              777.453E-03         61.1962E+03 
              780.187E-03         61.3772E+03 
              784.296E-03         61.6379E+03 
              788.415E-03         61.9015E+03 
              792.543E-03         62.1624E+03 
              793.576E-03         62.2411E+03 
              794.61E-03          62.3085E+03 
              796.162E-03         62.3975E+03 
              798.493E-03         62.5362E+03 
              799.368E-03         62.5969E+03 
              800.681E-03         62.6805E+03 
              802.652E-03         62.8003E+03 
              805.612E-03         62.9813E+03 
              808.578E-03         63.1672E+03 
              811.548E-03         63.3517E+03 
              816.012E-03         63.6233E+03 
              822.728E-03         64.0441E+03 
              829.467E-03         64.4864E+03 
              836.23E-03          64.9399E+03 
              837.925E-03         65.0751E+03 
              839.621E-03         65.1864E+03 
              842.167E-03         65.3481E+03 
              845.993E-03         65.6054E+03 
              851.745E-03         65.9935E+03 
              857.515E-03         66.379E+03  
              858.959E-03         66.4919E+03 
              861.128E-03         66.6269E+03 
              861.942E-03         66.6812E+03 
              863.164E-03         66.7562E+03 
              864.998E-03         66.8678E+03 
              867.752E-03         67.0377E+03 
              869.819E-03         67.1694E+03 
              871.889E-03         67.2951E+03 
              874.998E-03         67.4774E+03 
              878.111E-03         67.6656E+03 
              881.229E-03         67.8554E+03 
              885.914E-03         68.1445E+03 
              890.609E-03         68.4521E+03 
              895.315E-03         68.7698E+03 
              900.031E-03         69.0947E+03 
              903.574E-03         69.3446E+03 
              908.9E-03           69.7057E+03 
              914.239E-03         70.0648E+03 
              919.59E-03          70.408E+03  
              924.954E-03         70.7379E+03 
              930.331E-03         71.0583E+03 
              932.35E-03          71.1868E+03 
              935.383E-03         71.3541E+03 
              939.939E-03         71.6109E+03 
              946.79E-03          72.0017E+03 
              950.223E-03         72.2094E+03 
              953.66E-03          72.4024E+03 
              958.826E-03         72.6911E+03 
              964.003E-03         72.9843E+03 
              969.191E-03         73.2763E+03 
              971.139E-03         73.3957E+03 
              974.064E-03         73.5527E+03 
              975.162E-03         73.6162E+03 
              976.81E-03          73.7052E+03 
              979.283E-03         73.8399E+03 
              980.212E-03         73.8966E+03 
              981.605E-03         73.9753E+03 
              982.127E-03         74.0061E+03 
              982.911E-03         74.0502E+03 
              984.088E-03         74.1144E+03 
              985.853E-03         74.2092E+03 
              988.504E-03         74.356E+03  
              991.158E-03         74.5E+03    
              993.815E-03         74.6251E+03 
              996.474E-03         74.7093E+03 
              999.136E-03         74.7252E+03 
                1.0018            74.6485E+03 
                1.00247           74.6284E+03 
                1.00313           74.6002E+03 
                1.00413           74.5355E+03 
                1.00564           74.402E+03  
                1.00789           74.1612E+03 
                1.01127           73.8019E+03 
                1.01466           73.5415E+03 
                1.01806           73.4106E+03 
                1.02145           73.4108E+03 
                1.02656           73.5078E+03 
                1.02783           73.5257E+03 
                1.02911           73.5305E+03 
                1.03103           73.5259E+03 
                1.03391           73.4625E+03 
                1.03679           73.2664E+03 
                1.03968           72.9463E+03 
                1.04401           72.1741E+03 
                1.04835           70.9936E+03 
                1.0527            69.4749E+03 
                1.05923           66.4468E+03 
                1.06906           60.0774E+03 
                1.07276           57.6543E+03 
                1.07831           53.1856E+03 
                1.08039           51.4674E+03 
                1.08352           48.4295E+03 
                1.08822           42.6864E+03 
                1.0894            41.2409E+03 
                1.09057           39.7159E+03 
                1.09234           37.3716E+03 
                1.09499           33.4901E+03 
                1.09764           28.509E+03  
                1.10029           22.7046E+03 
                1.10295           17.6599E+03 
                1.10561           14.5964E+03 
                1.10827           13.2222E+03 
                1.10894           13.0054E+03 
                1.1096            12.8787E+03 
                1.1106            12.8117E+03 
                1.1121            12.8428E+03 
                1.11435           12.8732E+03 
                1.11773           12.5395E+03 
                1.12111           12.4408E+03 
                1.1245            12.7405E+03 
                1.12789           13.2662E+03 
                1.13128           13.8923E+03 
                1.13213           14.067E+03  
                1.13298           14.2431E+03 
                1.13425           14.5151E+03 
                1.13616           14.9668E+03 
                1.13903           15.6965E+03 
                1.1419            16.4212E+03 
                1.14478           17.1187E+03 
                1.14766           17.7808E+03 
                1.14837           17.9471E+03 
                1.14909           18.1086E+03 
                1.14981           18.2739E+03 
                1.15089           18.5157E+03 
                1.15171           18.6952E+03 
                1.15252           18.873E+03  
                1.15373           19.1356E+03 
                1.15556           19.5047E+03 
                1.1583            20.0106E+03 
                1.16241           20.5509E+03 
                1.16653           20.8154E+03 
                1.16859           20.9558E+03 
                1.17065           21.1232E+03 
                1.17375           21.3907E+03 
                1.1784            21.6748E+03 
                1.17956           21.7464E+03 
                1.18072           21.8006E+03 
                1.18247           21.8465E+03 
                1.18509           21.8582E+03 
                1.18902           21.7606E+03 
                1.19296           21.5523E+03 
                1.19691           21.233E+03  
                1.20085           20.807E+03  
                1.2048            20.2829E+03 
                1.20876           19.6763E+03 
                1.21272           19.0031E+03 
                1.21668           18.2615E+03 
                1.21817           17.9792E+03 
                1.2204            17.5196E+03 
                1.22376           16.7865E+03 
                1.22879           15.6137E+03 
                1.23383           14.4336E+03 
                1.23887           13.2806E+03 
                1.24393           12.2008E+03 
                1.24898           11.1968E+03 
                1.25405           10.2446E+03 
                1.25912            9.39309E+03
                1.2642             8.68254E+03
                1.26928            8.10077E+03
                1.27437            7.66957E+03
                1.27947            7.37096E+03
                1.28457            7.20909E+03
                1.28968            7.16955E+03
                1.29479            7.26049E+03
                1.30248            7.64764E+03
                1.3044             7.77569E+03
                1.30633            7.92279E+03
                1.30921            8.1662E+03 
                1.31355            8.59787E+03
                1.32006            9.33163E+03
                1.32984           10.6102E+03 
                1.33229           10.9492E+03 
                1.33474           11.2759E+03 
                1.33841           11.7711E+03 
                1.34394           12.5234E+03 
                1.35223           13.5851E+03 
                1.36054           14.5087E+03 
                1.36262           14.7442E+03 
                1.3647            14.9563E+03 
                1.36782           15.2447E+03 
                1.37251           15.6235E+03 
                1.37954           16.0408E+03 
                1.38659           16.265E+03  
                1.39365           16.304E+03  
                1.40072           16.1686E+03 
                1.40779           15.8385E+03 
                1.40956           15.7532E+03 
                1.41133           15.6452E+03 
                1.41399           15.4476E+03 
                1.41798           15.1224E+03 
                1.42197           14.7772E+03 
                1.42597           14.3691E+03 
                1.43196           13.6808E+03 
                1.43797           12.9286E+03 
                1.44398           12.116E+03  
                1.44999           11.299E+03  
                1.45602           10.4796E+03 
                1.46205            9.6935E+03 
                1.46808            8.9853E+03 
                1.47412            8.39959E+03
                1.48017            7.92811E+03
                1.48471            7.62643E+03
                1.48811            7.45294E+03
                1.49322            7.23407E+03
                1.49834            7.07726E+03
                1.50346            7.01258E+03
                1.50859            7.01258E+03
                1.51372            7.07794E+03
                1.51885            7.21194E+03
                1.52398            7.40156E+03
                1.52912            7.6443E+03 
                1.53427            7.93601E+03
                1.53942            8.26664E+03
                1.54457            8.63284E+03
                1.54972            9.02754E+03
                1.55488            9.42048E+03
                1.56004            9.80112E+03
                1.56521           10.1768E+03 
                1.56908           10.4587E+03 
                1.57296           10.7271E+03 
                1.57878           11.0937E+03 
                1.58461           11.4198E+03 
                1.59044           11.6969E+03 
                1.59627           11.9182E+03 
                1.60211           12.0939E+03 
                1.60795           12.201E+03  
                1.6138            12.2424E+03 
                1.61965           12.2269E+03 
                1.6255            12.1535E+03 
                1.63136           12.0264E+03 
                1.63722           11.8432E+03 
                1.64602           11.4413E+03 
                1.65482           10.984E+03  
                1.66364           10.494E+03  
                1.67246            9.98463E+03
                1.67467            9.86244E+03
                1.67687            9.73279E+03
                1.68018            9.5383E+03 
                1.6835             9.3562E+03 
                1.68681            9.19561E+03
                1.69178            8.92888E+03
                1.69925            8.55969E+03
                1.70111            8.47743E+03
                1.70298            8.39547E+03
                1.70578            8.2863E+03 
                1.70998            8.11439E+03
                1.71629            7.89545E+03
                1.7226             7.71907E+03
                1.72891            7.56272E+03
                1.73523            7.49544E+03
                1.7376             7.48658E+03
                1.74115            7.50553E+03
                1.74648            7.56382E+03
                1.75182            7.66536E+03
                1.75716            7.78663E+03
                1.7625             7.95495E+03
                1.76784            8.16326E+03
                1.77318            8.39788E+03
                1.77853            8.64271E+03
                1.78655            9.00847E+03
                1.78956            9.151E+03  
                1.79407            9.35153E+03
                1.79577            9.42908E+03
                1.79831            9.54006E+03
                1.80212            9.69826E+03
                1.80593            9.85079E+03
                1.80974            9.98512E+03
                1.81546           10.1486E+03 
                1.82119           10.2704E+03 
                1.82691           10.3511E+03 
                1.8355            10.3827E+03 
                1.84409           10.3325E+03 
                1.85269           10.211E+03  
                1.86129           10.0348E+03 
                1.86989            9.81647E+03
                1.8785             9.56482E+03
                1.8871             9.28531E+03
                1.90002            8.83232E+03
                1.91294            8.39454E+03
                1.92586            8.01671E+03
                1.93879            7.66519E+03
                1.94849            7.44821E+03
                1.95819            7.29924E+03
                1.96789            7.23016E+03
                1.97759            7.24197E+03
                1.98729            7.33174E+03
                1.997              7.48917E+03
                2.0067             7.67213E+03
                2.0164             7.86643E+03
                2.02004            7.94509E+03
                2.0255             8.06738E+03
                2.03095            8.1835E+03 
                2.03641            8.28645E+03
                2.04459            8.42783E+03
                2.05278            8.55559E+03
                2.06096            8.65855E+03
                2.06914            8.71671E+03
                2.07732            8.74502E+03
                2.08959            8.73475E+03
                2.10185            8.67885E+03
                2.11411            8.58178E+03
                2.12637            8.44954E+03
                2.12943            8.41029E+03
                2.13249            8.37351E+03
                2.13708            8.31635E+03
                2.14397            8.22459E+03
                2.1543             8.09423E+03
                2.16462            7.98221E+03
                2.17494            7.90013E+03
                2.18525            7.84876E+03
                2.19556            7.83699E+03
                2.20586            7.90296E+03
                2.21616            7.97008E+03
                2.22645            7.98037E+03
                2.24187            7.98363E+03
                2.25727            8.02611E+03
                2.27266            8.10427E+03
                2.28802            8.28954E+03
                2.29186            8.31984E+03
                2.2957             8.32849E+03
                2.30145            8.31755E+03
                2.31008            8.27042E+03
                2.31331            8.24907E+03
                2.31816            8.22758E+03
                2.32542            8.19361E+03
                2.33631            8.14816E+03
                2.34719            8.11639E+03
                2.34991            8.10211E+03
                2.35263            8.09802E+03
                2.3567             8.09342E+03
                2.36281            8.07886E+03
                2.37197            8.06499E+03
                2.38111            8.06062E+03
                2.39025            8.06457E+03
                2.39937            8.07158E+03
                2.40849            8.08871E+03
                2.41191            8.09299E+03
                2.41703            8.10831E+03
                2.4247             8.14188E+03
                2.43237            8.18322E+03
                2.44003            8.24526E+03
                2.44769            8.31869E+03
                2.45055            8.34468E+03
                2.45485            8.41176E+03
                2.4613             8.44106E+03
                2.46774            8.4506E+03 
                2.47417            8.47304E+03
                2.47658            8.481E+03  
                2.4802             8.49633E+03
                2.48155            8.50169E+03
                2.48359            8.51981E+03
                2.48663            8.55319E+03
                2.4912             8.5774E+03 
                2.49577            8.54542E+03
                2.50033            8.53655E+03
                2.50716            8.53137E+03
                2.51741            8.53961E+03
                2.51996            8.53878E+03
                2.52252            8.55297E+03
                2.52635            8.58795E+03
                2.53019            8.59674E+03
                2.53401            8.60073E+03
                2.53784            8.61864E+03
                2.54166            8.65292E+03
                2.54549            8.70834E+03
                2.55121            8.80907E+03
                2.55979            8.90304E+03
                2.56194            8.91297E+03
                2.56408            8.92785E+03
                2.56729            8.94037E+03
                2.57211            8.94214E+03
                2.57692            8.94857E+03
                2.58172            8.93828E+03
                2.58652            8.92699E+03
                2.59132            8.98829E+03
                2.59612            9.25549E+03
                2.60091            9.4939E+03 
                2.60569            9.56479E+03
                2.61286            9.44352E+03
                2.62359            9.07641E+03
                2.63163            8.84172E+03
                2.63966            8.65122E+03
                2.64767            8.51248E+03
                2.65566            8.45942E+03
                2.66365            8.50552E+03
                2.6756             8.65417E+03
                2.69347            8.86349E+03
                2.71126            9.03259E+03
                2.7157             9.05422E+03
                2.72013            9.10116E+03
                2.72677            9.17806E+03
                2.73671            9.28556E+03
                2.74663            9.37638E+03
                2.75652            9.44663E+03
                2.76639            9.48893E+03
                2.77009            9.49193E+03
                2.77562            9.5124E+03 
                2.78115            9.5187E+03 
                2.78667            9.52875E+03
                2.79218            9.53459E+03
                2.80043            9.53993E+03
                2.80351            9.53105E+03
                2.80814            9.54023E+03
                2.81277            9.54216E+03
                2.81738            9.54215E+03
                2.82199            9.54484E+03
                2.8289             9.55525E+03
                2.83579            9.56665E+03
                2.84267            9.59211E+03
                2.84953            9.62333E+03
                2.8521             9.62831E+03
                2.85595            9.66018E+03
                2.86172            9.70218E+03
                2.86748            9.73753E+03
                2.87323            9.77171E+03
                2.87897            9.80374E+03
                2.8847             9.83387E+03
                2.89327            9.86847E+03
                2.90182            9.88252E+03
                2.90822            9.88288E+03
                2.9146             9.88789E+03
                2.92415            9.89025E+03
                2.93367            9.88266E+03
                2.94316            9.87258E+03
                2.95261            9.85573E+03
                2.96674            9.81859E+03
                2.98079            9.76966E+03
                2.99477            9.71254E+03
                2.99826            9.68162E+03
                3.00174            9.68128E+03
                3.00695            9.66567E+03
                3.0089             9.64729E+03
                3.01182            9.63762E+03
                3.0162             9.61529E+03
                3.02276            9.56552E+03
                3.02929            9.50116E+03
                3.03581            9.42792E+03
                3.04556            9.30653E+03
                3.06011            9.11398E+03
                3.08177            8.8614E+03 
                3.09252            8.73356E+03
                3.10321            8.6369E+03 
                3.10588            8.59304E+03
                3.10854            8.58017E+03
                3.11253            8.55484E+03
                3.1185             8.50778E+03
                3.12446            8.47141E+03
                3.13039            8.44463E+03
                3.13631            8.42019E+03
                3.14221            8.39501E+03
                3.1481             8.36767E+03
                3.15689            8.32587E+03
                3.17001            8.24273E+03
                3.17328            8.19548E+03
                3.17654            8.18695E+03
                3.18142            8.16131E+03
                3.18325            8.13776E+03
                3.18599            8.12496E+03
                3.19009            8.09861E+03
                3.19622            8.06365E+03
                3.20233            8.01049E+03
                3.20842            7.96819E+03
                3.21752            7.93107E+03
                3.22092            7.89961E+03
                3.226              7.89142E+03
                3.23108            7.87379E+03
                3.23614            7.85685E+03
                3.24118            7.82309E+03
                3.24621            7.79232E+03
                3.25122            7.76109E+03
                3.25871            7.68256E+03
                3.26989            7.40271E+03
                3.28098            6.98697E+03
                3.29201            6.86907E+03
                3.30295            6.94123E+03
                3.30839            7.01575E+03
                3.31381            7.1414E+03 
                3.32191            7.13345E+03
                3.32996            6.97882E+03
                3.33597            6.93453E+03
                3.34046            6.96271E+03
                3.34494            7.02238E+03
                3.3494             7.09076E+03
                3.35385            7.14245E+03
                3.35828            7.18814E+03
                3.3627             7.25134E+03
                3.36711            7.32921E+03
                3.3715             7.41586E+03
                3.37587            7.45541E+03
                3.38023            7.48377E+03
                3.38458            7.51648E+03
                3.38891            7.54939E+03
                3.39323            7.58392E+03
                3.39753            7.63521E+03
                3.40182            7.69968E+03
                3.40609            7.77588E+03
                3.41035            7.86239E+03
                3.41459            7.93068E+03
                3.41882            7.98465E+03
                3.42304            8.04385E+03
                3.42723            8.10778E+03
                3.43142            8.17597E+03
                3.43559            8.24844E+03
                3.43974            8.32374E+03
                3.44388            8.40105E+03
                3.448              8.48265E+03
                3.45211            8.56761E+03
                3.45825            8.69947E+03
                3.46435            8.81973E+03
                3.47041            8.93098E+03
                3.47644            9.02912E+03
                3.48244            9.11481E+03
                3.4884             9.18835E+03
                3.49433            9.24963E+03
                3.50022            9.29909E+03
                3.50608            9.33746E+03
                3.5119             9.36521E+03
                3.51408            9.35998E+03
                3.51733            9.38374E+03
                3.52219            9.39584E+03
                3.5234             9.3768E+03 
                3.52461            9.38181E+03
                3.52642            9.39672E+03
                3.52913            9.40045E+03
                3.53318            9.39501E+03
                3.53721            9.38393E+03
                3.53822            9.36489E+03
                3.53922            9.36477E+03
                3.54072            9.37448E+03
                3.54298            9.37392E+03
                3.54634            9.36214E+03
                3.5497             9.34702E+03
                3.55304            9.33455E+03
                3.55387            9.31743E+03
                3.5547             9.31407E+03
                3.55595            9.3209E+03 
                3.55781            9.32119E+03
                3.56061            9.30893E+03
                3.56339            9.29304E+03
                3.56617            9.28096E+03
                3.56893            9.27057E+03
                3.57306            9.25928E+03
                3.57717            9.24072E+03
                3.58126            9.22117E+03
                3.58533            9.19806E+03
                3.58938            9.17072E+03
                3.5934             9.13818E+03
                3.59491            9.11239E+03
                3.59716            9.10241E+03
                3.60053            9.07064E+03
                3.60554            9.00807E+03
                3.61053            8.93832E+03
                3.61548            8.87023E+03
                3.6204             8.80199E+03
                3.62529            8.73367E+03
                3.63014            8.6659E+03 
                3.63195            8.62637E+03
                3.63466            8.60258E+03
                3.63735            8.56559E+03
                3.64004            8.52691E+03
                3.64405            8.47331E+03
                3.64803            8.41346E+03
                3.65199            8.35607E+03
                3.65593            8.29926E+03
                3.65984            8.243E+03  
                3.66373            8.18786E+03
                3.66759            8.13455E+03
                3.67143            8.08415E+03
                3.67525            8.03626E+03
                3.67904            7.99108E+03
                3.68281            7.94881E+03
                3.68655            7.90952E+03
                3.69027            7.87297E+03
                3.69396            7.83859E+03
                3.69763            7.80614E+03
                3.70128            7.77577E+03
                3.7049             7.74743E+03
                3.7085             7.7207E+03 
                3.71385            7.68661E+03
                3.71914            7.64892E+03
                3.72438            7.6174E+03 
                3.72957            7.58841E+03
                3.7347             7.56087E+03
                3.73597            7.52985E+03
                3.73725            7.53665E+03
                3.73915            7.54055E+03
                3.74198            7.52687E+03
                3.7448             7.50829E+03
                3.7476             7.49285E+03
                3.75038            7.47745E+03
                3.75108            7.45695E+03
                3.75177            7.45464E+03
                3.7528             7.46212E+03
                3.75435            7.45913E+03
                3.7559             7.44581E+03
                3.75744            7.43411E+03
                3.75897            7.42409E+03
                3.76126            7.41226E+03
                3.76353            7.39403E+03
                3.7658             7.37793E+03
                3.76917            7.36081E+03
                3.77085            7.33962E+03
                3.77252            7.33684E+03
                3.77501            7.33207E+03
                3.77749            7.32102E+03
                3.77995            7.31489E+03
                3.78239            7.31234E+03
                3.78482            7.31273E+03
                3.78724            7.31603E+03
                3.79083            7.33121E+03
                3.79438            7.34625E+03
                3.79791            7.36984E+03
                3.80139            7.39841E+03
                3.80485            7.43097E+03
                3.80826            7.46574E+03
                3.81165            7.50044E+03
                3.815              7.53267E+03
                3.81583            7.51924E+03
                3.81666            7.53551E+03
                3.8179             7.56093E+03
                3.81975            7.5775E+03 
                3.82159            7.58533E+03
                3.82342            7.5939E+03 
                3.82524            7.60062E+03
                3.82704            7.60443E+03
                3.82884            7.60536E+03
                3.83063            7.6035E+03 
                3.8324             7.59872E+03
                3.83416            7.59084E+03
                3.83592            7.57991E+03
                3.83657            7.56492E+03
                3.83755            7.56483E+03
                3.83901            7.55763E+03
                3.84119            7.533E+03  
                3.84443            7.48682E+03
                3.84762            7.42979E+03
                3.85078            7.36824E+03
                3.85235            7.32656E+03
                3.8539             7.29958E+03
                3.85622            7.24966E+03
                3.85679            7.21622E+03
                3.85736            7.2043E+03 
                3.85822            7.19589E+03
                3.8595             7.1665E+03 
                3.86141            7.10987E+03
                3.86425            7.01416E+03
                3.86705            6.90312E+03
                3.86982            6.79225E+03
                3.87255            6.67612E+03
                3.87524            6.54986E+03
                3.87791            6.41499E+03
                3.88054            6.27808E+03
                3.88313            6.14327E+03
                3.88569            6.01268E+03
                3.88822            5.89342E+03
                3.89071            5.79096E+03
                3.89317            5.70276E+03
                3.8956             5.62737E+03
                3.89918            5.52896E+03
                3.90006            5.4772E+03 
                3.90094            5.46664E+03
                3.90225            5.43876E+03
                3.90419            5.37787E+03
                3.90611            5.31119E+03
                3.90801            5.24613E+03
                3.90988            5.18112E+03
                3.91173            5.11854E+03
                3.91356            5.05956E+03
                3.91536            5.00353E+03
                3.91714            4.94918E+03
                3.9189             4.89529E+03
                3.92063            4.84151E+03
                3.92106            4.81082E+03
                3.92149            4.80218E+03
                3.92213            4.79507E+03
                3.92308            4.76802E+03
                3.9245             4.72137E+03
                3.92503            4.69086E+03
                3.92582            4.67372E+03
                3.92699            4.63979E+03
                3.92786            4.60506E+03
                3.92916            4.56451E+03
                3.93044            4.51739E+03
                3.93075            4.49163E+03
                3.93123            4.4808E+03 
                3.93194            4.46537E+03
                3.93299            4.4282E+03 
                3.93456            4.36855E+03
                3.93514            4.33217E+03
                3.936              4.3086E+03 
                3.93729            4.26118E+03
                3.93761            4.23224E+03
                3.93792            4.21978E+03
                3.9384             4.21187E+03
                3.93911            4.18915E+03
                3.93981            4.15807E+03
                3.94051            4.12818E+03
                3.9412             4.09927E+03
                3.94189            4.07027E+03
                3.94257            4.04099E+03
                3.94274            4.02618E+03
                3.94291            4.01587E+03
                3.94316            4.00893E+03
                3.94354            4.00014E+03
                3.94411            3.97791E+03
                3.94467            3.94984E+03
                3.94523            3.9239E+03 
                3.94544            3.90906E+03
                3.94575            3.8976E+03 
                3.94622            3.88406E+03
                3.94639            3.87326E+03
                3.94665            3.86251E+03
                3.94704            3.85043E+03
                3.94762            3.83052E+03
                3.9482             3.80702E+03
                3.94877            3.7854E+03 
                3.94934            3.76523E+03
                3.95019            3.73836E+03
                3.95144            3.6953E+03 
                3.95267            3.64942E+03
                3.95389            3.60624E+03
                3.95508            3.56327E+03
                3.95683            3.49991E+03
                3.95855            3.4283E+03 
                3.95897            3.39174E+03
                3.95959            3.38086E+03
                3.95983            3.36756E+03
                3.96018            3.357E+03  
                3.96069            3.33765E+03
                3.96147            3.30253E+03
                3.9626             3.25278E+03
                3.96427            3.17726E+03
                3.96489            3.13387E+03
                3.96579            3.09912E+03
                3.96713            3.02692E+03
                3.96907            2.91289E+03
                3.97093            2.7959E+03 
                3.97272            2.68072E+03
                3.97445            2.5636E+03 
                3.9761             2.44349E+03
                3.97768            2.32089E+03
                3.97919            2.19798E+03
                3.98064            2.07623E+03
                3.98202            1.95749E+03
                3.98334            1.84297E+03
                3.9846             1.73312E+03
                3.98505            1.68251E+03
                3.98572            1.6341E+03 
                3.98668            1.54903E+03
                3.98703            1.5057E+03 
                3.98754            1.46831E+03
                3.98829            1.40088E+03
                3.98856            1.36474E+03
                3.98896            1.33565E+03
                3.98954            1.28237E+03
                3.99011            1.22692E+03
                3.99024            1.20155E+03
                3.99038            1.1935E+03 
                3.99058            1.18225E+03
                3.99088            1.1549E+03 
                3.99132            1.11334E+03
                3.99174            1.07265E+03
                3.99215            1.03607E+03
                3.99274          989.59       
                3.99357          933.594      
                3.99469          889.696      
                3.99568          881.43       
                3.99591          868.935      
                3.99612          883.024      
                3.99644          894.518      
                3.99655          890.95       
                3.99672          903.608      
                3.99696          918.003      
                3.99718          931.876      
                3.9974           949.091      
                3.9977           979.97       
                3.99798            1.01086E+03
                3.99824            1.04465E+03
                3.99858            1.09855E+03
                3.999              1.17627E+03
                3.99934            1.24543E+03
                3.99941            1.25508E+03
                3.99947            1.2784E+03 
                3.99956            1.30318E+03
                3.99959            1.30771E+03
                3.99962            1.31815E+03
                3.99965            1.32711E+03
                3.99967            1.33483E+03
                3.99971            1.34597E+03
                3.99976            1.36054E+03
                3.99978            1.36277E+03
                3.9998             1.3727E+03 
                3.99983            1.38346E+03
                3.99988            1.39494E+03
                3.99993            1.40435E+03
                3.99996            1.40684E+03
                3.99998            1.38705E+03
                3.99999            1.36611E+03
                4.                 1.35384E+03
                4.                 1.33703E+03
                4.                 1.32816E+03




