
                  X             uf-80-45-exp  

                0.                -0.         
               39.94E-09         112.026E-03  
              319.041E-09        534.836E-03  
                1.70601E-06        1.30133    
                7.53894E-06        2.89055    
               29.9775E-06         5.98404    
              111.812E-06         11.731      
              399.954E-06         23.0505     
                1.38837E-03       49.6602     
                4.70264E-03      123.489      
               15.5512E-03       344.939      
               49.9952E-03         1.02076E+03
              154.626E-03          3.03878E+03
              450.699E-03          8.70822E+03
              605.155E-03         11.7465E+03 
              876.892E-03         16.4728E+03 
              951.558E-03         17.7391E+03 
                1.02862           18.7404E+03 
                1.04825           19.0362E+03 
                1.06801           19.2706E+03 
                1.0979            19.5955E+03 
                1.14328           20.0407E+03 
                1.16046           20.2214E+03 
                1.1864            20.4055E+03 
                1.19617           20.479E+03  
                1.21089           20.5463E+03 
                1.23306           20.5611E+03 
                1.25537           20.2211E+03 
                1.2778            19.0715E+03 
                1.28342           18.7358E+03 
                1.29187           18.0662E+03 
                1.30458           16.7145E+03 
                1.30578           16.589E+03  
                1.30757           16.39E+03   
                1.31026           16.0734E+03 
                1.31093           15.9938E+03 
                1.3116            15.9131E+03 
                1.31261           15.7895E+03 
                1.31412           15.5993E+03 
                1.31639           15.3038E+03 
                1.3198            14.8398E+03 
                1.32492           14.1059E+03 
                1.33261           12.9615E+03 
                1.33549           12.5314E+03 
                1.33982           11.8833E+03 
                1.34416           11.2438E+03 
                1.3485            10.6188E+03 
                1.35013           10.3878E+03 
                1.35257           10.0456E+03 
                1.35349            9.91845E+03
                1.35487            9.72923E+03
                1.35693            9.44927E+03
                1.36003            9.03826E+03
                1.36468            8.4395E+03 
                1.36642            8.21866E+03
                1.36904            7.89113E+03
                1.37002            7.76947E+03
                1.3715             7.58811E+03
                1.37371            7.31977E+03
                1.37703            6.92926E+03
                1.37827            6.78549E+03
                1.38014            6.57404E+03
                1.38294            6.27016E+03
                1.38715            5.85407E+03
                1.39347            5.33077E+03
                1.40296            4.73379E+03
                1.41724            4.17052E+03
                1.43871            4.08842E+03
                1.47108            5.15813E+03
                1.51994            7.2179E+03 
                1.59388            8.94642E+03
                1.62179            9.3794E+03 
                1.66381            9.54741E+03
                1.72716            8.74494E+03
                1.74305            8.48594E+03
                1.75896            8.14449E+03
                1.78286            7.51261E+03
                1.79183            7.26549E+03
                1.79519            7.1712E+03 
                1.80024            7.0255E+03 
                1.80782            6.80409E+03
                1.81919            6.48138E+03
                1.82345            6.36353E+03
                1.82505            6.31973E+03
                1.82745            6.25448E+03
                1.83106            6.15899E+03
                1.83241            6.12376E+03
                1.83443            6.07173E+03
                1.83747            5.99603E+03
                1.84051            5.92317E+03
                1.84355            5.85334E+03
                1.84811            5.75561E+03
                1.85495            5.62453E+03
                1.86522            5.45574E+03
                1.86907            5.39658E+03
                1.87052            5.37489E+03
                1.87268            5.34305E+03
                1.87593            5.29713E+03
                1.87918            5.2532E+03 
                1.88244            5.2113E+03 
                1.88365            5.19597E+03
                1.88548            5.17356E+03
                1.88823            5.14164E+03
                1.89097            5.11194E+03
                1.89372            5.08494E+03
                1.89783            5.05247E+03
                1.90401            5.02848E+03
                1.90632            5.02349E+03
                1.9098             5.0249E+03 
                1.91501            5.04622E+03
                1.91697            5.05694E+03
                1.9199             5.07772E+03
                1.9243             5.11441E+03
                1.9309             5.16052E+03
                1.93337            5.17559E+03
                1.93709            5.18956E+03
                1.94266            5.18899E+03
                1.95101            5.16667E+03
                1.96355            5.16815E+03
                1.98235            5.24081E+03
                2.01056            5.35394E+03
                2.05287            5.39578E+03
                2.11628            5.08354E+03
                2.14002            4.91092E+03
                2.1756             4.5865E+03 
                2.17893            4.55128E+03
                2.18393            4.5026E+03 
                2.19143            4.42866E+03
                2.19423            4.39991E+03
                2.19845            4.35723E+03
                2.20477            4.29271E+03
                2.21424            4.19545E+03
                2.22844            4.05173E+03
                2.24971            3.84663E+03
                2.25768            3.76808E+03
                2.26962            3.65871E+03
                2.2741             3.61647E+03
                2.27577            3.6006E+03 
                2.27829            3.57788E+03
                2.28207            3.54456E+03
                2.28348            3.53168E+03
                2.2856             3.51294E+03
                2.2864             3.50579E+03
                2.28759            3.49527E+03
                2.28938            3.47974E+03
                2.29207            3.45672E+03
                2.29475            3.43369E+03
                2.29743            3.41078E+03
                2.30146            3.37706E+03
                2.30749            3.3275E+03 
                2.31653            3.25736E+03
                2.31992            3.2302E+03 
                2.32501            3.19365E+03
                2.33262            3.14456E+03
                2.34404            3.07515E+03
                2.36114            2.95718E+03
                2.38674            2.76066E+03
                2.39631            2.68016E+03
                2.3999             2.64976E+03
                2.40528            2.60813E+03
                2.4073             2.59173E+03
                2.41033            2.56875E+03
                2.41486            2.53598E+03
                2.41939            2.50433E+03
                2.42392            2.47451E+03
                2.43071            2.43603E+03
                2.44088            2.39265E+03
                2.45612            2.34213E+03
                2.47891            2.20835E+03
                2.51295            1.85129E+03
                2.51507            1.81757E+03
                2.51719            1.79043E+03
                2.51799            1.78054E+03
                2.51918            1.76647E+03
                2.52097            1.74559E+03
                2.52365            1.71357E+03
                2.52633            1.68041E+03
                2.52901            1.64638E+03
                2.53303            1.59446E+03
                2.53905            1.51596E+03
                2.54807            1.4125E+03 
                2.56157            1.29741E+03
                2.58177            1.09873E+03
                2.61193          765.213      
                2.65683          402.218      
                2.72339          -15.457      
                2.82126         -551.758      
                2.96301           -1.01263E+03
                3.16241         -886.241      
                3.42621          206.915      
                3.72894            1.45606E+03
                3.81158            1.63706E+03
                3.81846            1.4896E+03 
                3.8285             1.61382E+03

 MINIMUM        0.                -1.01263E+03
  AT X =                           2.96301    
 MAXIMUM        3.8285            20.5611E+03 
  AT X =                           1.23306    




