
                  X          uf-60-45-exp-n=3

                0.                -0.         
               39.94E-09         112.028E-03  
              319.041E-09        534.921E-03  
                1.70601E-06        1.30328    
                7.53894E-06        2.91858    
               29.9775E-06         6.16795    
              111.812E-06         12.4637     
              399.954E-06         25.4133     
                1.38837E-03       57.1433     
                4.70264E-03      147.718      
               15.5512E-03       423.51       
               49.9952E-03         1.27119E+03
              154.626E-03          3.80873E+03
              450.699E-03         10.8279E+03 
              909.771E-03         20.0191E+03 
                1.33848           25.1286E+03 
                1.45364           26.0133E+03 
                1.57108           26.5158E+03 
                1.69031           26.8397E+03 
                1.78062           26.9198E+03 
                1.8487            26.7928E+03 
                1.8999            26.5497E+03 
                1.95117           26.1558E+03 
                2.00248           25.6563E+03 
                2.01531           25.5239E+03 
                2.02814           25.3859E+03 
                2.04738           25.1733E+03 
                2.07623           24.8625E+03 
                2.11947           24.4597E+03 
                2.16264           24.1295E+03 
                2.20573           23.8572E+03 
                2.2487            23.6149E+03 
                2.31292           23.2603E+03 
                2.40851           22.7141E+03 
                2.503             22.1849E+03 
                2.59614           21.5608E+03 
                2.61919           21.3637E+03 
                2.62494           21.313E+03  
                2.63354           21.2508E+03 
                2.63677           21.2248E+03 
                2.63797           21.2148E+03 
                2.63979           21.2012E+03 
                2.64047           21.1959E+03 
                2.64148           21.1882E+03 
                2.64301           21.1771E+03 
                2.6453            21.1605E+03 
                2.64759           21.1435E+03 
                2.64988           21.1264E+03 
                2.65331           21.1012E+03 
                2.65845           21.0638E+03 
                2.66359           21.0267E+03 
                2.66872           20.9916E+03 
                2.6764            20.9386E+03 
                2.67928           20.9152E+03 
                2.68216           20.892E+03  
                2.68503           20.8667E+03 
                2.68934           20.8206E+03 
                2.6958            20.7246E+03 
                2.69822           20.6822E+03 
                2.69912           20.6656E+03 
                2.70048           20.6403E+03 
                2.70252           20.6003E+03 
                2.70328           20.5845E+03 
                2.70443           20.5603E+03 
                2.70615           20.5226E+03 
                2.70872           20.4628E+03 
                2.71259           20.3685E+03 
                2.71644           20.2719E+03 
                2.7203            20.1765E+03 
                2.72415           20.0852E+03 
                2.72992           19.964E+03  
                2.73568           19.8568E+03 
                2.73712           19.8291E+03 
                2.73928           19.7916E+03 
                2.74251           19.7402E+03 
                2.74575           19.6905E+03 
                2.74897           19.6417E+03 
                2.75381           19.5682E+03 
                2.75865           19.49E+03   
                2.76348           19.4048E+03 
                2.77071           19.2488E+03 
                2.78153           18.9397E+03 
                2.7977            18.4665E+03 
                2.80173           18.3421E+03 
                2.80576           18.2298E+03 
                2.81179           18.0874E+03 
                2.81405           18.0351E+03 
                2.81744           17.9693E+03 
                2.81871           17.9449E+03 
                2.82061           17.9129E+03 
                2.82346           17.873E+03  
                2.82453           17.8582E+03 
                2.82613           17.839E+03  
                2.82854           17.8159E+03 
                2.83214           17.791E+03  
                2.83754           17.7702E+03 
                2.84561           17.7596E+03 
                2.84864           17.7538E+03 
                2.84977           17.7516E+03 
                2.85147           17.7505E+03 
                2.85402           17.7503E+03 
                2.85656           17.7498E+03 
                2.85911           17.7483E+03 
                2.86292           17.7431E+03 
                2.86863           17.7204E+03 
                2.87717           17.6485E+03 
                2.88995           17.4727E+03 
                2.89472           17.3913E+03 
                2.90188           17.2645E+03 
                2.90455           17.2118E+03 
                2.90556           17.1915E+03 
                2.90706           17.1622E+03 
                2.90932           17.1185E+03 
                2.91157           17.0737E+03 
                2.91382           17.0283E+03 
                2.9172            16.9607E+03 
                2.92226           16.8614E+03 
                2.92415           16.8221E+03 
                2.92699           16.7673E+03 
                2.92805           16.7461E+03 
                2.92965           16.7158E+03 
                2.93204           16.6723E+03 
                2.93443           16.6291E+03 
                2.93681           16.5863E+03 
                2.94039           16.5228E+03 
                2.94574           16.425E+03  
                2.95376           16.276E+03  
                2.96574           16.0743E+03 
                2.98361           15.8158E+03 
                2.98806           15.7408E+03 
                2.98918           15.7218E+03 
                2.99084           15.6972E+03 
                2.99334           15.6627E+03 
                2.99427           15.6489E+03 
                2.99568           15.6291E+03 
                2.99778           15.6001E+03 
                3.00093           15.556E+03  
                3.00565           15.4857E+03 
                3.00742           15.4561E+03 
                3.01007           15.4127E+03 
                3.01404           15.3437E+03 
                3.01998           15.2282E+03 
                3.02221           15.1798E+03 
                3.02554           15.1078E+03 
                3.02679           15.0789E+03 
                3.02866           15.0364E+03 
                3.03147           14.9717E+03 
                3.03252           14.946E+03  
                3.0341            14.9082E+03 
                3.03646           14.8514E+03 
                3.04              14.7653E+03 
                3.0453            14.6352E+03 
                3.05322           14.4324E+03 
                3.06506           14.1007E+03 
                3.06949           13.964E+03  
                3.07611           13.7657E+03 
                3.07859           13.6871E+03 
                3.0823            13.5753E+03 
                3.08786           13.4149E+03 
                3.08924           13.3719E+03 
                3.09063           13.3311E+03 
                3.09271           13.2732E+03 
                3.09582           13.1903E+03 
                3.09893           13.1098E+03 
                3.10203           13.0321E+03 
                3.1032            13.002E+03  
                3.10494           12.9594E+03 
                3.10755           12.8978E+03 
                3.11147           12.8061E+03 
                3.11732           12.6639E+03 
                3.12607           12.4352E+03 
                3.13479           12.1953E+03 
                3.13696           12.129E+03  
                3.14022           12.0378E+03 
                3.14144           12.0022E+03 
                3.14327           11.9513E+03 
                3.14601           11.8768E+03 
                3.14703           11.8476E+03 
                3.14857           11.8056E+03 
                3.15088           11.7447E+03 
                3.15318           11.6845E+03 
                3.15548           11.6256E+03 
                3.15892           11.5418E+03 
                3.16408           11.4232E+03 
                3.17179           11.2557E+03 
                3.1833            11.0089E+03 
                3.20042           10.6201E+03 
                3.22582           10.0591E+03 
                3.22818            9.98219E+03
                3.23172            9.89876E+03
                3.23305            9.86698E+03
                3.23503            9.82296E+03
                3.238              9.75939E+03
                3.24097            9.69616E+03
                3.24171            9.67889E+03
                3.24245            9.66231E+03
                3.24357            9.63879E+03
                3.24523            9.60486E+03
                3.24773            9.55547E+03
                3.25146            9.48451E+03
                3.25286            9.45575E+03
                3.25495            9.41652E+03
                3.25809            9.36143E+03
                3.25927            9.33911E+03
                3.26103            9.30851E+03
                3.26367            9.26546E+03
                3.26465            9.24798E+03
                3.26614            9.22381E+03
                3.26836            9.18967E+03
                3.26919            9.17582E+03
                3.27043            9.15646E+03
                3.2723             9.12899E+03
                3.273              9.11789E+03
                3.27405            9.10219E+03
                3.27562            9.07984E+03
                3.27798            9.04749E+03
                3.28033            9.01499E+03
                3.28268            8.98246E+03
                3.2862             8.92837E+03
                3.29146            8.79115E+03
                3.2967             8.57842E+03
                3.30193            8.32374E+03
                3.30973            8.02507E+03
                3.32136            7.81695E+03
                3.3329             7.64033E+03
                3.34435            7.38025E+03
                3.3557             7.05171E+03
                3.37256            6.60011E+03
                3.39744            6.12503E+03
                3.43386            5.57561E+03
                3.48639            4.95081E+03
                3.49119            4.81481E+03
                3.49298            4.78216E+03
                3.49566            4.74994E+03
                3.49967            4.70657E+03
                3.50366            4.66239E+03
                3.50764            4.61881E+03
                3.51358            4.55872E+03
                3.52241            4.48169E+03
                3.53551            4.40558E+03
                3.55481            4.34128E+03
                3.58296            4.29808E+03
                3.62339            4.38121E+03
                3.67993            4.88171E+03
                3.75541            6.06641E+03
                3.84766            7.70069E+03
                3.9408             8.67413E+03
                3.98675            8.50787E+03
                3.99958            7.95968E+03
                4.                 7.69479E+03




