
                  X            uf-60-half-exp 

                0.                -0.         
               39.94E-09         132.957E-03  
              319.041E-09        770.684E-03  
                1.70601E-06        2.0188     
                7.53894E-06        4.73787    
               29.9775E-06        10.5262     
              111.812E-06         24.4787     
              399.954E-06         64.4442     
                1.38837E-03      188.611      
                4.70264E-03      581.022      
               15.5512E-03         1.80352E+03
               49.9952E-03         5.4746E+03 
              154.626E-03         15.8711E+03 
              212.548E-03         21.8384E+03 
              237.025E-03         24.3276E+03 
              276.584E-03         28.1517E+03 
              292.299E-03         29.8108E+03 
              298.316E-03         30.4307E+03 
              307.468E-03         31.2683E+03 
              310.939E-03         31.6411E+03 
              316.186E-03         32.1181E+03 
              317.505E-03         32.2799E+03 
              318.827E-03         32.4024E+03 
              320.152E-03         32.5186E+03 
              321.48E-03          32.6412E+03 
              322.812E-03         32.7693E+03 
              324.146E-03         32.8987E+03 
              326.152E-03         33.0858E+03 
              328.166E-03         33.2778E+03 
              330.186E-03         33.4663E+03 
              332.213E-03         33.6492E+03 
              333.229E-03         33.7484E+03 
              334.247E-03         33.8371E+03 
              335.777E-03         33.9575E+03 
              337.31E-03          34.0814E+03 
              338.847E-03         34.2043E+03 
              340.389E-03         34.3247E+03 
              341.933E-03         34.4442E+03 
              343.482E-03         34.565E+03  
              345.034E-03         34.6885E+03 
              346.201E-03         34.7863E+03 
              347.955E-03         34.9256E+03 
              349.714E-03         35.0725E+03 
              351.478E-03         35.222E+03  
              353.246E-03         35.3737E+03 
              355.019E-03         35.5304E+03 
              356.797E-03         35.6951E+03 
              359.473E-03         35.9548E+03 
              360.479E-03         36.0723E+03 
              361.992E-03         36.2266E+03 
              364.266E-03         36.4559E+03 
              366.548E-03         36.6951E+03 
              368.838E-03         36.9333E+03 
              371.136E-03         37.171E+03  
              373.441E-03         37.4098E+03 
              375.753E-03         37.649E+03  
              378.074E-03         37.8851E+03 
              380.401E-03         38.1145E+03 
              382.737E-03         38.3344E+03 
              383.615E-03         38.4273E+03 
              384.933E-03         38.5424E+03 
              386.916E-03         38.7019E+03 
              387.909E-03         38.7921E+03 
              388.903E-03         38.8753E+03 
              390.398E-03         38.9876E+03 
              391.895E-03         39.1015E+03 
              393.396E-03         39.2153E+03 
              395.652E-03         39.378E+03  
              397.349E-03         39.5095E+03 
              399.901E-03         39.6952E+03 
              402.462E-03         39.8928E+03 
              405.031E-03         40.0966E+03 
              407.609E-03         40.3077E+03 
              410.196E-03         40.5284E+03 
              412.791E-03         40.76E+03   
              415.395E-03         41.0026E+03 
              418.008E-03         41.2555E+03 
              420.629E-03         41.517E+03  
              423.258E-03         41.7851E+03 
              425.896E-03         42.0577E+03 
              428.543E-03         42.3324E+03 
              432.529E-03         42.7342E+03 
              436.534E-03         43.1385E+03 
              440.558E-03         43.5306E+03 
              441.567E-03         43.6505E+03 
              442.577E-03         43.7503E+03 
              444.095E-03         43.8803E+03 
              444.664E-03         43.935E+03  
              445.52E-03          44.0127E+03 
              446.804E-03         44.1268E+03 
              448.735E-03         44.2992E+03 
              450.67E-03          44.4766E+03 
              452.609E-03         44.6522E+03 
              454.552E-03         44.8259E+03 
              457.476E-03         45.0791E+03 
              461.879E-03         45.4564E+03 
              468.523E-03         46.0174E+03 
              475.217E-03         46.6032E+03 
              476.898E-03         46.7861E+03 
              479.425E-03         46.9953E+03 
              480.374E-03         47.085E+03  
              481.8E-03           47.2079E+03 
              482.335E-03         47.259E+03  
              483.139E-03         47.3315E+03 
              484.345E-03         47.4374E+03 
              486.158E-03         47.6002E+03 
              487.974E-03         47.7715E+03 
              489.793E-03         47.9441E+03 
              491.616E-03         48.116E+03  
              494.356E-03         48.3654E+03 
              496.417E-03         48.5603E+03 
              499.516E-03         48.8288E+03 
              502.625E-03         49.0967E+03 
              505.743E-03         49.3614E+03 
              510.439E-03         49.761E+03  
              511.616E-03         49.8889E+03 
              512.795E-03         49.9966E+03 
              514.565E-03         50.1425E+03 
              517.227E-03         50.3768E+03 
              519.896E-03         50.6278E+03 
              522.571E-03         50.879E+03  
              525.253E-03         51.1274E+03 
              526.597E-03         51.2599E+03 
              527.942E-03         51.3828E+03 
              529.289E-03         51.502E+03  
              530.638E-03         51.621E+03  
              532.665E-03         51.7955E+03 
              535.711E-03         52.0524E+03 
              538.767E-03         52.3064E+03 
              541.831E-03         52.5502E+03 
              542.982E-03         52.6526E+03 
              544.711E-03         52.7819E+03 
              545.36E-03          52.8351E+03 
              546.335E-03         52.9078E+03 
              547.798E-03         53.0131E+03 
              549.996E-03         53.1783E+03 
              552.199E-03         53.3555E+03 
              554.406E-03         53.5372E+03 
              556.064E-03         53.6789E+03 
              558.556E-03         53.8853E+03 
              561.054E-03         54.1015E+03 
              563.556E-03         54.3202E+03 
              566.064E-03         54.539E+03  
              569.837E-03         54.8642E+03 
              573.622E-03         55.206E+03  
              577.419E-03         55.5564E+03 
              581.228E-03         55.9127E+03 
              585.049E-03         56.2701E+03 
              588.883E-03         56.6225E+03 
              592.728E-03         56.9657E+03 
              596.586E-03         57.2982E+03 
              602.395E-03         57.7727E+03 
              604.581E-03         57.975E+03  
              607.866E-03         58.2335E+03 
              609.1E-03           58.3443E+03 
              610.954E-03         58.493E+03  
              613.739E-03         58.7183E+03 
              615.832E-03         58.9015E+03 
              618.978E-03         59.1717E+03 
              622.131E-03         59.4544E+03 
              625.292E-03         59.7409E+03 
              628.461E-03         60.0271E+03 
              631.637E-03         60.3093E+03 
              634.821E-03         60.5836E+03 
              638.013E-03         60.8472E+03 
              641.212E-03         61.0993E+03 
              644.419E-03         61.3415E+03 
              649.243E-03         61.6873E+03 
              654.084E-03         62.0454E+03 
              658.942E-03         62.4157E+03 
              663.816E-03         62.8059E+03 
              668.708E-03         63.2181E+03 
              673.616E-03         63.6484E+03 
              675.461E-03         63.8288E+03 
              678.233E-03         64.0694E+03 
              682.4E-03           64.4366E+03 
              683.966E-03         64.593E+03  
              686.318E-03         64.8002E+03 
              689.853E-03         65.1046E+03 
              693.396E-03         65.414E+03  
              696.947E-03         65.7173E+03 
              700.507E-03         66.0135E+03 
              704.075E-03         66.3031E+03 
              707.652E-03         66.5857E+03 
              708.547E-03         66.6685E+03 
              709.443E-03         66.7434E+03 
              710.788E-03         66.8417E+03 
              712.807E-03         66.984E+03  
              713.565E-03         67.0442E+03 
              714.703E-03         67.1298E+03 
              716.411E-03         67.2519E+03 
              718.976E-03         67.4305E+03 
              722.832E-03         67.6921E+03 
              726.698E-03         67.9535E+03 
              730.572E-03         68.21E+03   
              734.456E-03         68.4654E+03 
              738.35E-03          68.7234E+03 
              742.252E-03         68.9863E+03 
              746.164E-03         69.2553E+03 
              750.085E-03         69.5306E+03 
              754.015E-03         69.8119E+03 
              759.927E-03         70.2376E+03 
              762.15E-03          70.4203E+03 
              765.489E-03         70.6596E+03 
              767.997E-03         70.8481E+03 
              771.767E-03         71.1249E+03 
              775.544E-03         71.4109E+03 
              779.33E-03          71.6986E+03 
              783.124E-03         71.9882E+03 
              788.83E-03          72.4227E+03 
              790.974E-03         72.607E+03  
              794.196E-03         72.8506E+03 
              799.039E-03         73.2217E+03 
              803.894E-03         73.6059E+03 
              805.11E-03          73.7186E+03 
              806.327E-03         73.8184E+03 
              808.153E-03         73.9532E+03 
              810.897E-03         74.1602E+03 
              811.926E-03         74.2481E+03 
              813.472E-03         74.3717E+03 
              815.793E-03         74.5512E+03 
              819.279E-03         74.8224E+03 
              822.772E-03         75.0988E+03 
              826.272E-03         75.3711E+03 
              829.777E-03         75.6375E+03 
              833.289E-03         75.8967E+03 
              836.808E-03         76.1492E+03 
              842.097E-03         76.5104E+03 
              844.084E-03         76.6623E+03 
              847.069E-03         76.8594E+03 
              851.554E-03         77.1585E+03 
              856.049E-03         77.475E+03  
              860.554E-03         77.8003E+03 
              865.069E-03         78.1324E+03 
              869.594E-03         78.4725E+03 
              870.726E-03         78.5718E+03 
              872.427E-03         78.7016E+03 
              874.98E-03          78.8856E+03 
              875.938E-03         78.9614E+03 
              877.376E-03         79.0707E+03 
              879.535E-03         79.232E+03  
              881.696E-03         79.3987E+03 
              883.859E-03         79.5654E+03 
              886.025E-03         79.7306E+03 
              888.193E-03         79.8957E+03 
              891.448E-03         80.1369E+03 
              894.709E-03         80.3799E+03 
              897.974E-03         80.6182E+03 
              902.882E-03         80.9597E+03 
              907.8E-03           81.3005E+03 
              912.729E-03         81.6361E+03 
              914.581E-03         81.7725E+03 
              917.36E-03          81.9542E+03 
              921.537E-03         82.2296E+03 
              925.72E-03          82.5208E+03 
              929.912E-03         82.8175E+03 
              934.111E-03         83.1199E+03 
              938.317E-03         83.4291E+03 
              944.641E-03         83.8963E+03 
              950.982E-03         84.3724E+03 
              957.34E-03          84.8357E+03 
              963.714E-03         85.2794E+03 
              970.105E-03         85.6927E+03 
              976.513E-03         86.0797E+03 
              982.937E-03         86.4372E+03 
              989.377E-03         86.7705E+03 
              995.834E-03         87.0745E+03 
              997.451E-03         87.1451E+03 
              999.068E-03         87.2003E+03 
                1.0015            87.2708E+03 
                1.00241           87.2928E+03 
                1.00378           87.3197E+03 
                1.00583           87.3561E+03 
                1.00788           87.3643E+03 
                1.00994           87.3535E+03 
                1.012             87.3133E+03 
                1.01405           87.2176E+03 
                1.01611           87.0816E+03 
                1.01818           86.873E+03  
                1.02024           86.5462E+03 
                1.02334           85.722E+03  
                1.02644           84.5896E+03 
                1.02955           83.1321E+03 
                1.03266           81.5204E+03 
                1.03577           79.793E+03  
                1.04044           76.9696E+03 
                1.0422            75.9277E+03 
                1.04483           74.3139E+03 
                1.04879           71.8323E+03 
                1.05474           67.6183E+03 
                1.0607            63.1761E+03 
                1.06667           57.4915E+03 
                1.06816           56.0975E+03 
                1.07041           53.8877E+03 
                1.07377           50.2455E+03 
                1.07715           45.4432E+03 
                1.08052           40.01E+03   
                1.0839            34.5979E+03 
                1.08729           26.7212E+03 
                1.09067           19.1257E+03 
                1.09406           15.3152E+03 
                1.09746           14.5424E+03 
                1.09831           14.5203E+03 
                1.09958           14.6532E+03 
                1.1015            14.74E+03   
                1.10221           14.7527E+03 
                1.10329           14.704E+03  
                1.10491           14.618E+03  
                1.10733           14.7233E+03 
                1.11097           15.2989E+03 
                1.11462           16.055E+03  
                1.11827           16.8927E+03 
                1.12192           17.8354E+03 
                1.12558           18.8998E+03 
                1.12924           19.9706E+03 
                1.13291           21.0106E+03 
                1.13382           21.2719E+03 
                1.13474           21.5241E+03 
                1.13612           21.8853E+03 
                1.13818           22.3515E+03 
                1.14025           22.7142E+03 
                1.14232           22.9911E+03 
                1.14439           23.2406E+03 
                1.14646           23.5276E+03 
                1.14853           23.8596E+03 
                1.14905           23.948E+03  
                1.14957           24.0376E+03 
                1.15035           24.1717E+03 
                1.15152           24.3668E+03 
                1.15327           24.6232E+03 
                1.15502           24.8376E+03 
                1.15677           25.0114E+03 
                1.15743           25.073E+03  
                1.15842           25.1481E+03 
                1.1599            25.2348E+03 
                1.16212           25.3199E+03 
                1.16434           25.3663E+03 
                1.16657           25.3729E+03 
                1.16991           25.3007E+03 
                1.17492           25.0464E+03 
                1.17995           24.6276E+03 
                1.18498           24.0269E+03 
                1.19002           23.2596E+03 
                1.19506           22.3856E+03 
                1.20011           21.4255E+03 
                1.2077            19.8123E+03 
                1.21531           18.2347E+03 
                1.22293           16.4236E+03 
                1.22675           15.4867E+03 
                1.23057           14.5185E+03 
                1.2363            13.0539E+03 
                1.24205           11.6914E+03 
                1.2478            10.4878E+03 
                1.25357            9.53105E+03
                1.25934            8.77632E+03
                1.26512            8.30415E+03
                1.2709             8.11058E+03
                1.2767             8.23389E+03
                1.2825             8.62614E+03
                1.28831            9.22135E+03
                1.29413            9.9706E+03 
                1.29996           10.8239E+03 
                1.30579           11.7332E+03 
                1.30798           12.0895E+03 
                1.31127           12.6161E+03 
                1.31621           13.4268E+03 
                1.32362           14.4474E+03 
                1.33104           15.3562E+03 
                1.33848           16.1476E+03 
                1.34593           16.8244E+03 
                1.35339           17.4149E+03 
                1.36086           17.9016E+03 
                1.36834           18.2258E+03 
                1.37584           18.3319E+03 
                1.38334           18.2476E+03 
                1.38616           18.1863E+03 
                1.39039           18.006E+03  
                1.39674           17.6198E+03 
                1.39833           17.5299E+03 
                1.39992           17.423E+03  
                1.4023            17.2363E+03 
                1.40588           16.926E+03  
                1.41125           16.3834E+03 
                1.4126            16.2496E+03 
                1.41394           16.1061E+03 
                1.41596           15.8754E+03 
                1.41898           15.5198E+03 
                1.42353           14.9868E+03 
                1.42808           14.4423E+03 
                1.43263           13.8955E+03 
                1.43946           13.0741E+03 
                1.4463            12.274E+03  
                1.45315           11.5245E+03 
                1.46001           10.835E+03  
                1.46687           10.2189E+03 
                1.47375            9.7052E+03 
                1.48063            9.32915E+03
                1.48752            9.08114E+03
                1.49441            8.96023E+03
                1.50132            8.94961E+03
                1.50823            9.04345E+03
                1.51514            9.2822E+03 
                1.52207            9.6308E+03 
                1.529             10.085E+03  
                1.53594           10.6018E+03 
                1.54288           11.1376E+03 
                1.54983           11.6487E+03 
                1.55679           12.1151E+03 
                1.56376           12.4852E+03 
                1.57073           12.7937E+03 
                1.5777            13.0354E+03 
                1.58469           13.198E+03  
                1.59168           13.2853E+03 
                1.59867           13.3068E+03 
                1.60042           13.3116E+03 
                1.60305           13.3027E+03 
                1.60699           13.2569E+03 
                1.6129            13.1483E+03 
                1.61882           13.0028E+03 
                1.62474           12.8155E+03 
                1.63066           12.5908E+03 
                1.63659           12.2641E+03 
                1.63807           12.1776E+03 
                1.6403            12.034E+03  
                1.64363           11.816E+03  
                1.64864           11.4829E+03 
                1.65365           11.0859E+03 
                1.65867           10.6946E+03 
                1.66368           10.3234E+03 
                1.67121            9.75127E+03
                1.67309            9.62118E+03
                1.67498            9.49276E+03
                1.6778             9.30861E+03
                1.68204            9.08939E+03
                1.68841            8.82513E+03
                1.69477            8.57883E+03
                1.70114            8.43529E+03
                1.70752            8.37611E+03
                1.7139             8.38742E+03
                1.72028            8.445E+03  
                1.72666            8.54083E+03
                1.73624            8.76454E+03
                1.73864            8.82644E+03
                1.74104            8.88682E+03
                1.74463            8.98879E+03
                1.74598            9.03434E+03
                1.74801            9.1046E+03 
                1.75104            9.21771E+03
                1.7556             9.4153E+03 
                1.76243            9.6663E+03 
                1.76927            9.91611E+03
                1.77612           10.1734E+03 
                1.78296           10.4201E+03 
                1.79323           10.7121E+03 
                1.80865           10.7534E+03 
                1.81251           10.7553E+03 
                1.81637           10.7405E+03 
                1.82216           10.7003E+03 
                1.83085           10.6117E+03 
                1.83954           10.5056E+03 
                1.84823           10.3662E+03 
                1.85693           10.1985E+03 
                1.86563           10.0384E+03 
                1.87433            9.89044E+03
                1.8765             9.8568E+03 
                1.87868            9.82111E+03
                1.88195            9.76668E+03
                1.88684            9.68967E+03
                1.89174            9.62911E+03
                1.89664            9.53835E+03
                1.90154            9.43702E+03
                1.90644            9.33814E+03
                1.91379            9.18549E+03
                1.92115            9.04448E+03
                1.9285             8.97142E+03
                1.93586            8.82948E+03
                1.94321            8.75767E+03
                1.95057            8.74068E+03
                1.95793            8.75726E+03
                1.95977            8.76383E+03
                1.96253            8.77572E+03
                1.96357            8.78065E+03
                1.96512            8.78836E+03
                1.96745            8.80197E+03
                1.97094            8.82871E+03
                1.97618            8.88191E+03
                1.98404            8.98533E+03
                1.9919             9.10998E+03
                1.99976            9.24242E+03
                2.00762            9.36859E+03
                2.01548            9.48811E+03
                2.02334            9.59813E+03
                2.03513            9.72638E+03
                2.04692            9.78869E+03
                2.0587             9.74609E+03
                2.07048            9.61652E+03
                2.08227            9.41303E+03
                2.09404            9.17569E+03
                2.10582            8.92701E+03
                2.10876            8.86239E+03
                2.1117             8.80047E+03
                2.11612            8.70763E+03
                2.12273            8.57028E+03
                2.12935            8.4449E+03 
                2.13597            8.33995E+03
                2.14258            8.2571E+03 
                2.14919            8.18242E+03
                2.1558             8.11453E+03
                2.16241            8.05797E+03
                2.16902            8.0112E+03 
                2.17562            7.97601E+03
                2.18552            7.96159E+03
                2.18923            7.95769E+03
                2.1948             7.97035E+03
                2.20037            7.9952E+03 
                2.20593            8.03568E+03
                2.21427            8.12872E+03
                2.22677            8.29444E+03
                2.23927            8.47234E+03
                2.24551            8.56618E+03
                2.25175            8.66613E+03
                2.25798            8.75741E+03
                2.26422            8.82775E+03
                2.27045            8.87251E+03
                2.27668            8.89976E+03
                2.2829             8.92089E+03
                2.29223            8.95316E+03
                2.30156            8.94017E+03
                2.31087            8.91768E+03
                2.32018            8.91023E+03
                2.32251            8.89348E+03
                2.32483            8.8867E+03 
                2.32832            8.88063E+03
                2.33355            8.86606E+03
                2.34139            8.80988E+03
                2.35313            8.74812E+03
                2.35607            8.72751E+03
                2.359              8.71737E+03
                2.3634             8.70262E+03
                2.36505            8.69377E+03
                2.36752            8.68484E+03
                2.37123            8.68095E+03
                2.37493            8.6887E+03 
                2.37864            8.67557E+03
                2.38419            8.63982E+03
                2.38974            8.61367E+03
                2.39529            8.61446E+03
                2.40083            8.6364E+03 
                2.40637            8.67126E+03
                2.41467            8.75145E+03
                2.42297            8.81603E+03
                2.43125            8.86314E+03
                2.43953            8.88706E+03
                2.44779            8.86756E+03
                2.45605            8.84027E+03
                2.4643             8.80006E+03
                2.47254            8.76064E+03
                2.48077            8.73697E+03
                2.48899            8.7202E+03 
                2.4972             8.71909E+03
                2.5054             8.73773E+03
                2.51359            8.77603E+03
                2.52177            8.83451E+03
                2.52993            8.89311E+03
                2.53809            8.95665E+03
                2.54624            9.0322E+03 
                2.55437            9.0529E+03 
                2.5625             9.00038E+03
                2.57061            8.91901E+03
                2.57871            8.84647E+03
                2.5868             8.92484E+03
                2.59487            9.2572E+03 
                2.60294            9.3704E+03 
                2.61099            9.31981E+03
                2.61903            9.1415E+03 
                2.62706            8.92719E+03
                2.63507            8.73728E+03
                2.64307            8.57413E+03
                2.65106            8.47245E+03
                2.65904            8.45206E+03
                2.667              8.44747E+03
                2.67495            8.49209E+03
                2.68288            8.54669E+03
                2.6908             8.60143E+03
                2.69278            8.60859E+03
                2.69476            8.62837E+03
                2.69772            8.66612E+03
                2.70216            8.71749E+03
                2.70383            8.72579E+03
                2.70632            8.74706E+03
                2.71006            8.79078E+03
                2.71567            8.83511E+03
                2.72127            8.87177E+03
                2.72686            8.92249E+03
                2.73523            9.01154E+03
                2.74358            9.09012E+03
                2.75192            9.15617E+03
                2.76024            9.20035E+03
                2.76855            9.22969E+03
                2.77165            9.2281E+03 
                2.77631            9.23602E+03
                2.78329            9.21573E+03
                2.79025            9.16204E+03
                2.79721            9.09477E+03
                2.80414            9.0135E+03 
                2.81453            8.92081E+03
                2.81841            8.87862E+03
                2.82423            8.8537E+03 
                2.83295            8.82643E+03
                2.84164            8.83429E+03
                2.85031            8.86253E+03
                2.85895            8.91926E+03
                2.86758            9.02114E+03
                2.86973            9.03688E+03
                2.87188            9.07241E+03
                2.8751             9.12589E+03
                2.87993            9.18257E+03
                2.88476            9.23725E+03
                2.88957            9.29986E+03
                2.89438            9.36718E+03
                2.90158            9.45932E+03
                2.90427            9.47443E+03
                2.90831            9.51849E+03
                2.91436            9.53249E+03
                2.92039            9.50167E+03
                2.92641            9.47928E+03
                2.93543            9.3779E+03 
                2.94441            9.28795E+03
                2.95336            9.21486E+03
                2.96229            9.23551E+03
                2.96452            9.23817E+03
                2.96674            9.26032E+03
                2.97008            9.22527E+03
                2.97507            9.04769E+03
                2.97694            8.97152E+03
                2.97974            8.8796E+03 
                2.98394            8.71464E+03
                2.98814            8.5454E+03 
                2.99232            8.3751E+03 
                2.99859            8.17511E+03




