
               u_100_0_exp         f_100_0_exp 

                0.                -0.         
               39.94E-09         143.665E-03  
              319.041E-09        740.288E-03  
                1.70601E-06        1.88358    
                7.53894E-06        4.11869    
               29.9775E-06         8.46038    
              111.812E-06         18.3904     
              399.954E-06         45.7799     
                1.38837E-03      129.358      
                4.70264E-03      394.746      
               15.5512E-03         1.24302E+03
               49.9952E-03         3.90927E+03
              154.626E-03         11.9744E+03 
              212.548E-03         16.5218E+03 
              319.557E-03         24.6748E+03 
              330.833E-03         25.865E+03  
              348.145E-03         26.9612E+03 
              354.76E-03          27.4504E+03 
              357.258E-03         27.6385E+03 
              361.022E-03         27.8985E+03 
              362.44E-03          28.0071E+03 
              364.571E-03         28.1585E+03 
              366.709E-03         28.3132E+03 
              368.853E-03         28.4692E+03 
              371.004E-03         28.6243E+03 
              373.162E-03         28.7747E+03 
              373.703E-03         28.8165E+03 
              374.244E-03         28.8552E+03 
              375.056E-03         28.9089E+03 
              376.276E-03         28.9848E+03 
              377.498E-03         29.0578E+03 
              378.722E-03         29.1265E+03 
              379.949E-03         29.1907E+03 
              381.792E-03         29.2757E+03 
              383.178E-03         29.3378E+03 
              384.566E-03         29.3934E+03 
              385.957E-03         29.4419E+03 
              387.351E-03         29.4809E+03 
              389.447E-03         29.5116E+03 
              390.497E-03         29.5251E+03 
              391.548E-03         29.5306E+03 
              393.128E-03         29.53E+03   
              395.505E-03         29.5476E+03 
              399.083E-03         29.6888E+03 
              404.483E-03         30.1375E+03 
              409.922E-03         30.7101E+03 
              415.398E-03         31.2927E+03 
              423.683E-03         32.035E+03  
              436.272E-03         32.9689E+03 
              455.513E-03         34.3556E+03 
              457.339E-03         34.5454E+03 
              460.084E-03         34.7504E+03 
              461.116E-03         34.8305E+03 
              462.666E-03         34.9431E+03 
              464.996E-03         35.1098E+03 
              465.871E-03         35.1771E+03 
              467.186E-03         35.272E+03  
              468.502E-03         35.3667E+03 
              469.82E-03          35.4609E+03 
              471.141E-03         35.5546E+03 
              472.463E-03         35.6478E+03 
              473.787E-03         35.7406E+03 
              475.112E-03         35.833E+03  
              476.44E-03          35.9249E+03 
              478.435E-03         36.0578E+03 
              481.436E-03         36.2376E+03 
              485.955E-03         36.4588E+03 
              492.773E-03         36.8163E+03 
              495.342E-03         36.9787E+03 
              499.209E-03         37.242E+03  
              503.091E-03         37.5473E+03 
              506.988E-03         37.8747E+03 
              508.453E-03         38.0065E+03 
              510.655E-03         38.1928E+03 
              513.967E-03         38.4589E+03 
              515.211E-03         38.5635E+03 
              517.081E-03         38.7059E+03 
              519.892E-03         38.9052E+03 
              524.123E-03         39.1909E+03 
              528.371E-03         39.483E+03  
              529.436E-03         39.5648E+03 
              531.035E-03         39.6771E+03 
              533.438E-03         39.8466E+03 
              534.34E-03          39.9151E+03 
              535.695E-03         40.0143E+03 
              537.731E-03         40.1641E+03 
              539.771E-03         40.3183E+03 
              541.815E-03         40.4743E+03 
              543.862E-03         40.6312E+03 
              545.913E-03         40.7883E+03 
              547.969E-03         40.9446E+03 
              550.027E-03         41.0993E+03 
              552.09E-03          41.2509E+03 
              555.191E-03         41.4627E+03 
              556.356E-03         41.546E+03  
              558.106E-03         41.6581E+03 
              560.736E-03         41.8118E+03 
              563.372E-03         41.9578E+03 
              566.015E-03         42.0974E+03 
              568.663E-03         42.2344E+03 
              571.317E-03         42.3723E+03 
              573.977E-03         42.5144E+03 
              576.643E-03         42.6633E+03 
              579.316E-03         42.8214E+03 
              581.994E-03         42.9912E+03 
              584.678E-03         43.1746E+03 
              586.695E-03         43.3227E+03 
              589.727E-03         43.5602E+03 
              592.767E-03         43.8185E+03 
              595.814E-03         44.0892E+03 
              596.959E-03         44.1965E+03 
              598.678E-03         44.3515E+03 
              601.261E-03         44.5785E+03 
              605.145E-03         44.8983E+03 
              606.605E-03         45.0221E+03 
              608.797E-03         45.1901E+03 
              610.994E-03         45.3501E+03 
              613.194E-03         45.5023E+03 
              615.398E-03         45.6473E+03 
              617.606E-03         45.7862E+03 
              619.818E-03         45.9202E+03 
              623.142E-03         46.1117E+03 
              628.145E-03         46.3988E+03 
              630.654E-03         46.5532E+03 
              633.167E-03         46.7063E+03 
              635.685E-03         46.8653E+03 
              638.208E-03         47.0325E+03 
              640.735E-03         47.2082E+03 
              643.267E-03         47.3913E+03 
              645.804E-03         47.5785E+03 
              648.345E-03         47.7659E+03 
              650.892E-03         47.9497E+03 
              653.443E-03         48.1274E+03 
              655.998E-03         48.2986E+03 
              659.84E-03          48.5443E+03 
              665.623E-03         48.9257E+03 
              674.342E-03         49.5528E+03 
              676.53E-03          49.7306E+03 
              678.721E-03         49.8983E+03 
              682.014E-03         50.1485E+03 
              686.967E-03         50.5242E+03 
              691.937E-03         50.8976E+03 
              696.923E-03         51.2605E+03 
              701.926E-03         51.6126E+03 
              709.46E-03          52.1241E+03 
              712.295E-03         52.3287E+03 
              713.36E-03          52.406E+03  
              714.958E-03         52.5153E+03 
              717.358E-03         52.6781E+03 
              720.965E-03         52.9265E+03 
              723.675E-03         53.12E+03   
              726.391E-03         53.3151E+03 
              729.11E-03          53.513E+03  
              730.132E-03         53.5909E+03 
              731.664E-03         53.7036E+03 
              733.967E-03         53.872E+03  
              736.272E-03         54.0419E+03 
              738.58E-03          54.2104E+03 
              740.892E-03         54.3754E+03 
              743.207E-03         54.5347E+03 
              745.525E-03         54.6865E+03 
              749.009E-03         54.8912E+03 
              752.5E-03           55.0793E+03 
              755.998E-03         55.2534E+03 
              759.503E-03         55.4197E+03 
              763.015E-03         55.584E+03  
              766.535E-03         55.7507E+03 
              771.828E-03         56.0127E+03 
              777.136E-03         56.3032E+03 
              782.461E-03         56.6237E+03 
              787.802E-03         56.9746E+03 
              795.843E-03         57.551E+03  
              807.971E-03         58.4704E+03 
              812.54E-03          58.8384E+03 
              819.414E-03         59.3548E+03 
              821.998E-03         59.5565E+03 
              825.88E-03          59.8387E+03 
              829.771E-03         60.1147E+03 
              832.694E-03         60.3194E+03 
              835.621E-03         60.5179E+03 
              836.353E-03         60.5703E+03 
              837.086E-03         60.6207E+03 
              838.186E-03         60.6934E+03 
              839.837E-03         60.8002E+03 
              842.315E-03         60.957E+03  
              844.797E-03         61.112E+03  
              847.282E-03         61.2634E+03 
              849.77E-03          61.4106E+03 
              852.261E-03         61.553E+03  
              854.755E-03         61.6905E+03 
              857.252E-03         61.8229E+03 
              861.003E-03         62.009E+03  
              864.762E-03         62.1897E+03 
              868.527E-03         62.3678E+03 
              874.188E-03         62.6474E+03 
              876.314E-03         62.7635E+03 
              879.508E-03         62.9394E+03 
              884.308E-03         63.2357E+03 
              886.111E-03         63.3582E+03 
              888.818E-03         63.545E+03  
              892.885E-03         63.8443E+03 
              896.96E-03          64.1595E+03 
              901.042E-03         64.4794E+03 
              902.064E-03         64.564E+03  
              903.597E-03         64.6847E+03 
              905.9E-03           64.861E+03  
              909.357E-03         65.114E+03  
              914.554E-03         65.4545E+03 
              916.506E-03         65.5828E+03 
              919.437E-03         65.7523E+03 
              923.841E-03         65.9774E+03 
              925.495E-03         66.0637E+03 
              927.977E-03         66.1802E+03 
              931.706E-03         66.346E+03  
              937.311E-03         66.5955E+03 
              942.929E-03         66.8621E+03 
              948.56E-03          67.1523E+03 
              954.205E-03         67.4749E+03 
              956.325E-03         67.6067E+03 
              959.509E-03         67.8075E+03 
              964.292E-03         68.1379E+03 
              971.485E-03         68.6908E+03 
              978.699E-03         69.2748E+03 
              980.506E-03         69.4303E+03 
              982.314E-03         69.5797E+03 
              982.992E-03         69.6365E+03 
              983.246E-03         69.658E+03  
              983.628E-03         69.6897E+03 
              984.201E-03         69.7365E+03 
              985.06E-03          69.8062E+03 
              986.349E-03         69.91E+03   
              988.284E-03         70.0639E+03 
              989.01E-03          70.1229E+03 
              990.1E-03           70.209E+03  
              991.735E-03         70.3343E+03 
              993.371E-03         70.4558E+03 
              995.008E-03         70.5698E+03 
              997.466E-03         70.6956E+03 
              998.388E-03         70.737E+03  
              999.772E-03         70.7707E+03 
                1.00185           70.7307E+03 
                1.00393           70.5794E+03 
                1.00601           70.3133E+03 
                1.00679           70.1992E+03 
                1.00796           69.9945E+03 
                1.00972           69.643E+03  
                1.01236           69.1333E+03 
                1.015             68.7271E+03 
                1.01765           68.4476E+03 
                1.02029           68.2623E+03 
                1.02294           68.1065E+03 
                1.0256            67.9126E+03 
                1.02692           67.8E+03    
                1.02825           67.6624E+03 
                1.03024           67.3891E+03 
                1.03324           66.85E+03   
                1.03398           66.7104E+03 
                1.03473           66.5627E+03 
                1.03586           66.3276E+03 
                1.03628           66.2385E+03 
                1.03691           66.1017E+03 
                1.03786           65.8931E+03 
                1.03928           65.5847E+03 
                1.03982           65.4713E+03 
                1.04062           65.3053E+03 
                1.04182           65.0729E+03 
                1.04362           64.7778E+03 
                1.04633           64.4399E+03 
                1.04701           64.3637E+03 
                1.04769           64.2918E+03 
                1.04871           64.19E+03   
                1.05023           64.0317E+03 
                1.05252           63.7052E+03 
                1.05338           63.5682E+03 
                1.05467           63.3127E+03 
                1.05661           62.8122E+03 
                1.05733           62.6098E+03 
                1.05842           62.2726E+03 
                1.06006           61.7237E+03 
                1.06251           60.9341E+03 
                1.06497           60.278E+03  
                1.06559           60.1254E+03 
                1.0662            59.9828E+03 
                1.06712           59.7945E+03 
                1.06747           59.7281E+03 
                1.06799           59.6371E+03 
                1.06877           59.5201E+03 
                1.06993           59.3857E+03 
                1.07169           59.2549E+03 
                1.07432           59.142E+03  
                1.07498           59.1199E+03 
                1.07564           59.1E+03    
                1.07662           59.0721E+03 
                1.07811           59.0286E+03 
                1.08033           58.94E+03   
                1.08256           58.8144E+03 
                1.08479           58.6417E+03 
                1.08702           58.4165E+03 
                1.08925           58.1361E+03 
                1.08981           58.064E+03  
                1.09037           57.9877E+03 
                1.0912            57.8641E+03 
                1.09246           57.6595E+03 
                1.09435           57.3095E+03 
                1.09506           57.1736E+03 
                1.09612           56.9548E+03 
                1.09771           56.5965E+03 
                1.09831           56.4592E+03 
                1.09921           56.2439E+03 
                1.10055           55.905E+03  
                1.10257           55.3803E+03 
                1.10333           55.1838E+03 
                1.10447           54.8892E+03 
                1.10617           54.465E+03  
                1.10788           54.074E+03  
                1.10959           53.7271E+03 
                1.11215           53.3186E+03 
                1.11279           53.2256E+03 
                1.11343           53.139E+03  
                1.1144            53.0237E+03 
                1.11584           52.8809E+03 
                1.11801           52.7121E+03 
                1.11882           52.6554E+03 
                1.12004           52.5751E+03 
                1.12187           52.4547E+03 
                1.12233           52.4255E+03 
                1.12279           52.3957E+03 
                1.12348           52.3493E+03 
                1.12451           52.2755E+03 
                1.12605           52.1567E+03 
                1.12838           51.9649E+03 
                1.1307            51.7587E+03 
                1.13128           51.7076E+03 
                1.13186           51.6547E+03 
                1.13274           51.571E+03  
                1.13404           51.4331E+03 
                1.13601           51.1788E+03 
                1.13896           50.6267E+03 
                1.13969           50.4794E+03 
                1.14043           50.3187E+03 
                1.14154           50.0467E+03 
                1.1432            49.5733E+03 
                1.14486           49.0442E+03 
                1.14652           48.4735E+03 
                1.14902           47.5816E+03 
                1.15152           46.7077E+03 
                1.15214           46.4926E+03 
                1.15276           46.2794E+03 
                1.1537            45.9661E+03 
                1.15511           45.5174E+03 
                1.15722           44.8969E+03 
                1.15933           44.3243E+03 
                1.16144           43.7868E+03 
                1.16356           43.2684E+03 
                1.16567           42.7506E+03 
                1.16779           42.2152E+03 
                1.16991           41.6463E+03 
                1.17203           41.0359E+03 
                1.17415           40.3876E+03 
                1.17627           39.7199E+03 
                1.17946           38.7809E+03 
                1.18026           38.5542E+03 
                1.18105           38.3343E+03 
                1.18225           38.0267E+03 
                1.18404           37.6352E+03 
                1.18472           37.5001E+03 
                1.18573           37.3224E+03 
                1.18724           37.1147E+03 
                1.18952           36.9162E+03 
                1.19009           36.8746E+03 
                1.19066           36.8388E+03 
                1.19151           36.796E+03  
                1.19279           36.7492E+03 
                1.19471           36.6894E+03 
                1.19543           36.6681E+03 
                1.19652           36.6299E+03 
                1.19692           36.6149E+03 
                1.19753           36.5892E+03 
                1.19844           36.5415E+03 
                1.19981           36.4453E+03 
                1.20187           36.2383E+03 
                1.20238           36.1837E+03 
                1.2029            36.1248E+03 
                1.20367           36.0263E+03 
                1.20483           35.8575E+03 
                1.20657           35.5587E+03 
                1.2083            35.2135E+03 
                1.21004           34.8153E+03 
                1.21178           34.3521E+03 
                1.2144            33.4559E+03 
                1.21505           33.22E+03   
                1.2157            32.9692E+03 
                1.21668           32.5569E+03 
                1.21815           31.8526E+03 
                1.2187            31.577E+03  
                1.21953           31.1352E+03 
                1.22077           30.4113E+03 
                1.22264           29.2137E+03 
                1.22334           28.7515E+03 
                1.22439           28.0325E+03 
                1.22596           26.9245E+03 
                1.22832           25.286E+03  
                1.23068           23.7356E+03 
                1.23128           23.3556E+03 
                1.23187           22.9821E+03 
                1.23275           22.4387E+03 
                1.23408           21.6643E+03 
                1.23608           20.5803E+03 
                1.23808           19.5449E+03 
                1.24008           18.5251E+03 
                1.24308           16.9829E+03 
                1.24383           16.5981E+03 
                1.24458           16.2114E+03 
                1.2457            15.6297E+03 
                1.24739           14.7728E+03 
                1.24803           14.4556E+03 
                1.24898           13.991E+03  
                1.25041           13.3352E+03 
                1.25255           12.4766E+03 
                1.25308           12.2713E+03 
                1.25362           12.0742E+03 
                1.25442           11.7971E+03 
                1.25563           11.4204E+03 
                1.25744           10.9084E+03 
                1.26015           10.0871E+03 
                1.26287            9.06665E+03
                1.26559            7.77604E+03
                1.26627            7.43719E+03
                1.26695            7.07963E+03
                1.26797            6.5023E+03 
                1.2695             5.55641E+03
                1.2718             4.0143E+03 
                1.27524            1.61025E+03
                1.27869         -713.177      
                1.28215           -2.79929E+03
                1.28301           -3.30159E+03
                1.28388           -3.7854E+03 
                1.28517           -4.46074E+03
                1.28712           -5.33687E+03
                1.29004           -6.33411E+03
                1.29296           -7.08938E+03
                1.29588           -7.72797E+03
                1.29698           -7.95661E+03
                1.29863           -8.3018E+03 
                1.3011            -8.83727E+03
                1.30481           -9.47299E+03
                1.30852           -9.69196E+03
                1.31223           -9.38227E+03
                1.31595           -8.59324E+03
                1.31967           -7.46339E+03
                1.32106           -6.99813E+03
                1.32316           -6.24219E+03
                1.3263            -5.04299E+03
                1.32945           -3.82178E+03
                1.3326            -2.60736E+03
                1.33378           -2.15259E+03
                1.33555           -1.48114E+03
                1.33821         -506.176      
                1.34087          423.504      
                1.34353            1.2903E+03 
                1.34619            2.07655E+03
                1.34886            2.76657E+03
                1.35286            3.55287E+03
                1.35436            3.81423E+03
                1.35661            4.12124E+03
                1.36               4.40299E+03
                1.36338            4.52113E+03
                1.36676            4.48995E+03
                1.37015            4.3241E+03 
                1.37354            4.03771E+03
                1.37693            3.64527E+03
                1.38033            3.16318E+03
                1.38373            2.61049E+03
                1.38713            2.00966E+03
                1.39223            1.08202E+03
                1.39414          738.151      
                1.39702          234.59       
                1.39989         -239.852      
                1.40277         -673.2        
                1.40709           -1.19368E+03
                1.41141           -1.5543E+03 
                1.41249           -1.63197E+03
                1.41357           -1.70037E+03
                1.41519           -1.7796E+03 
                1.41763           -1.84193E+03
                1.42128           -1.81069E+03
                1.42494           -1.66364E+03
                1.42859           -1.41708E+03
                1.43408         -892.575      
                1.43546         -749.59       
                1.43683         -600.758      
                1.43889         -365.07       
                1.44199            6.79562    
                1.44663          560.713      
                1.4536             1.24481E+03
                1.46059            1.69588E+03
                1.46757            1.85727E+03
                1.47457            1.7243E+03 
                1.47632            1.67598E+03
                1.47807            1.60642E+03
                1.4807             1.46069E+03
                1.48464            1.16172E+03
                1.48859          792.206      
                1.49254          366.272      
                1.49649          -97.1153     
                1.50044         -576.58       
                1.50439           -1.04783E+03
                1.50835           -1.49357E+03
                1.51429           -2.04605E+03
                1.51652           -2.23111E+03
                1.51987           -2.46516E+03
                1.52489           -2.70143E+03
                1.52677           -2.77105E+03
                1.5296            -2.84009E+03
                1.53384           -2.85756E+03
                1.54021           -2.69349E+03
                1.54977           -2.07832E+03
                1.55336           -1.7951E+03 
                1.55695           -1.47251E+03
                1.56054           -1.11351E+03
                1.56413         -723.822      
                1.56773         -310.43       
                1.57313          336.657      
                1.57853          987.701      
                1.58393            1.61787E+03
                1.58934            2.20495E+03
                1.59475            2.72897E+03
                1.60287            3.32458E+03
                1.6049             3.46451E+03
                1.60694            3.58904E+03
                1.60999            3.74386E+03
                1.61456            3.90532E+03
                1.61914            3.99717E+03
                1.62372            4.02068E+03
                1.62831            3.97986E+03
                1.63289            3.88106E+03
                1.63977            3.63106E+03
                1.64236            3.52736E+03
                1.64623            3.34646E+03
                1.65205            3.04383E+03
                1.65423            2.92895E+03
                1.6575             2.74941E+03
                1.66241            2.47803E+03
                1.66733            2.21421E+03
                1.67225            1.96495E+03
                1.67409            1.87517E+03
                1.67686            1.74521E+03
                1.68101            1.56864E+03
                1.68724            1.35616E+03
                1.6966             1.17405E+03
                1.71064            1.18312E+03
                1.71591            1.2275E+03 
                1.72382            1.35224E+03
                1.72679            1.40914E+03
                1.73124            1.50559E+03
                1.73793            1.66859E+03
                1.74796            1.92046E+03
                1.75172            2.01696E+03
                1.75737            2.15213E+03
                1.75949            2.20296E+03
                1.76266            2.27448E+03
                1.76743            2.37258E+03
                1.76922            2.40904E+03
                1.7719             2.45915E+03
                1.77593            2.52578E+03
                1.77996            2.58415E+03
                1.78398            2.63343E+03
                1.78801            2.6729E+03 
                1.79406            2.70595E+03
                1.80313            2.69035E+03
                1.80653            2.6769E+03 
                1.81164            2.63321E+03
                1.8193             2.52478E+03
                1.82217            2.47981E+03
                1.82432            2.44253E+03
                1.82756            2.37962E+03
                1.83079            2.31121E+03
                1.83403            2.23776E+03
                1.83726            2.15991E+03
                1.84212            2.03519E+03
                1.8494             1.83988E+03
                1.85213            1.76703E+03
                1.85623            1.65647E+03
                1.86238            1.49621E+03
                1.8716             1.28254E+03
                1.88544            1.03307E+03
                1.90622          761.739      
                1.93741          463.676      
                1.93936          447.803      
                1.94131          430.475      
                1.94423          404.33       
                1.94862          366.498      
                1.9552           313.043      
                1.96507          242.848      
                1.97989          177.35       
                1.98544          159.561      
                1.99377          150.586      
                2.00627          185.724      
                2.02502          347.581      
                2.03205          422.285      
                2.04259          563.367      
                2.04655          619.345      
                2.04951          663.42       
                2.05396          733.49       
                2.05841          806.465      
                2.06286          881.7        
                2.0673           958.416      
                2.07397            1.07429E+03
                2.08064            1.18758E+03
                2.08731            1.29594E+03
                2.0973             1.44138E+03
                2.1123             1.60785E+03
                2.13477            1.74423E+03
                2.16845            1.80101E+03
                2.20207            1.79681E+03
                2.23562            1.76871E+03
                2.28581            1.68128E+03
                2.36068            1.53173E+03
                2.47185            1.52043E+03
                2.63523            1.70685E+03
                2.8701             1.84815E+03
                3.19139            1.94238E+03
                3.58125            2.12377E+03
                3.91936            2.3316E+03 
                4.                 2.4107E+03 
 




