
                  X              uf-80-exp    

                0.                -0.         
               39.94E-09         144.797E-03  
              319.041E-09        750.213E-03  
                1.70601E-06        1.9584     
                7.53894E-06        4.46384    
               29.9775E-06         9.55985    
              111.812E-06         21.6447     
              399.954E-06         56.0708     
                1.38837E-03      163.295      
                4.70264E-03      507.193      
               15.5512E-03         1.61113E+03
               49.9952E-03         5.08735E+03
              154.626E-03         15.6108E+03 
              450.699E-03         45.3469E+03 
              605.155E-03         60.9443E+03 
              668.784E-03         67.3217E+03 
              769.728E-03         77.3635E+03 
              772.17E-03          77.8257E+03 
              774.615E-03         78.0948E+03 
              777.064E-03         78.3357E+03 
              779.517E-03         78.5737E+03 
              780.13E-03          78.6358E+03 
              780.744E-03         78.6965E+03 
              781.666E-03         78.7855E+03 
              783.048E-03         78.9171E+03 
              784.432E-03         79.0483E+03 
              785.817E-03         79.1777E+03 
              787.203E-03         79.3041E+03 
              789.283E-03         79.4794E+03 
              791.367E-03         79.6349E+03 
              793.452E-03         79.7589E+03 
              795.54E-03          79.8393E+03 
              797.631E-03         79.8653E+03 
              799.724E-03         79.8305E+03 
              801.819E-03         79.7348E+03 
              804.966E-03         79.4885E+03 
              808.119E-03         79.2042E+03 
              811.276E-03         78.9483E+03 
              814.44E-03          78.7816E+03 
              817.608E-03         78.7483E+03 
              820.782E-03         78.8723E+03 
              823.961E-03         79.1561E+03 
              827.146E-03         79.5844E+03 
              830.335E-03         80.1274E+03 
              833.53E-03          80.747E+03  
              834.729E-03         80.9914E+03 
              836.53E-03          81.3647E+03 
              839.234E-03         81.9248E+03 
              840.249E-03         82.137E+03  
              841.772E-03         82.4453E+03 
              844.059E-03         82.8802E+03 
              847.495E-03         83.4475E+03 
              848.785E-03         83.6516E+03 
              850.721E-03         83.9206E+03 
              853.63E-03          84.2493E+03 
              858.E-03            84.5996E+03 
              862.379E-03         84.8508E+03 
              866.768E-03         85.0506E+03 
              873.369E-03         85.3829E+03 
              875.849E-03         85.5293E+03 
              879.576E-03         85.7824E+03 
              880.975E-03         85.8889E+03 
              883.075E-03         86.0609E+03 
              886.229E-03         86.3602E+03 
              890.97E-03          86.8923E+03 
              892.75E-03          87.1087E+03 
              895.423E-03         87.4444E+03 
              896.427E-03         87.5753E+03 
              897.933E-03         87.7723E+03 
              900.193E-03         88.072E+03  
              903.589E-03         88.52E+03   
              904.863E-03         88.6911E+03 
              906.777E-03         88.9384E+03 
              909.65E-03          89.2913E+03 
              913.966E-03         89.771E+03  
              920.457E-03         90.3855E+03 
              930.227E-03         91.2053E+03 
              944.96E-03          92.5098E+03 
              967.232E-03         94.6704E+03 
              975.636E-03         95.5294E+03 
              988.296E-03         96.7765E+03 
              989.486E-03         96.9097E+03 
              991.273E-03         97.09E+03   
              993.954E-03         97.3529E+03 
              997.982E-03         97.7446E+03 
                1.00202           98.1368E+03 
                1.00606           98.5276E+03 
                1.00757           98.6775E+03 
                1.00985           98.8962E+03 
                1.01327           99.2217E+03 
                1.0184            99.7087E+03 
                1.02098           99.9574E+03 
                1.02355          100.203E+03  
                1.02742          100.57E+03   
                1.02887          100.711E+03  
                1.03105          100.92E+03   
                1.03432          101.233E+03  
                1.03677          101.472E+03  
                1.03923          101.711E+03  
                1.04292          102.071E+03  
                1.0443           102.209E+03  
                1.04638          102.414E+03  
                1.04951          102.72E+03   
                1.05068          102.838E+03  
                1.05243          103.011E+03  
                1.05287          103.056E+03  
                1.05331          103.1E+03    
                1.05397          103.165E+03  
                1.05496          103.262E+03  
                1.05645          103.407E+03  
                1.05868          103.623E+03  
                1.05952          103.706E+03  
                1.06077          103.828E+03  
                1.06203          103.947E+03  
                1.06328          104.063E+03  
                1.06517          104.22E+03   
                1.06588          104.276E+03  
                1.06694          104.349E+03  
                1.06734          104.375E+03  
                1.06793          104.409E+03  
                1.06883          104.445E+03  
                1.07017          104.453E+03  
                1.07068          104.449E+03  
                1.07144          104.423E+03  
                1.07257          104.329E+03  
                1.073            104.286E+03  
                1.07364          104.2E+03    
                1.0746           104.019E+03  
                1.07603          103.622E+03  
                1.07819          102.766E+03  
                1.079            102.413E+03  
                1.08022          101.817E+03  
                1.08205          100.836E+03  
                1.08273          100.46E+03   
                1.08376           99.8844E+03 
                1.0853            99.0233E+03 
                1.08761           97.7811E+03 
                1.08819           97.4757E+03 
                1.08877           97.1737E+03 
                1.08964           96.728E+03  
                1.09094           96.0749E+03 
                1.0929            95.1182E+03 
                1.09583           93.7284E+03 
                1.09877           92.4157E+03 
                1.10171           91.2177E+03 
                1.10245           90.9281E+03 
                1.10318           90.6457E+03 
                1.10429           90.2408E+03 
                1.10595           89.6799E+03 
                1.10843           88.9397E+03 
                1.10905           88.7627E+03 
                1.10968           88.5911E+03 
                1.11061           88.346E+03  
                1.11201           88.0075E+03 
                1.11254           87.8856E+03 
                1.11333           87.7119E+03 
                1.11451           87.4753E+03 
                1.11628           87.185E+03  
                1.11695           87.0869E+03 
                1.11795           86.9615E+03 
                1.11945           86.8219E+03 
                1.1217            86.666E+03  
                1.12395           86.4697E+03 
                1.12452           86.4177E+03 
                1.12508           86.3594E+03 
                1.12592           86.2514E+03 
                1.12719           86.0263E+03 
                1.12767           85.9329E+03 
                1.12838           85.7677E+03 
                1.12945           85.4588E+03 
                1.13106           84.8668E+03 
                1.13166           84.6286E+03 
                1.13257           84.2379E+03 
                1.13392           83.6105E+03 
                1.13596           82.7097E+03 
                1.13647           82.4904E+03 
                1.13698           82.2775E+03 
                1.13774           81.9791E+03 
                1.13889           81.5969E+03 
                1.14061           81.1878E+03 
                1.14104           81.0967E+03 
                1.14147           81.0157E+03 
                1.14212           80.9152E+03 
                1.14309           80.8032E+03 
                1.14454           80.6762E+03 
                1.14509           80.6325E+03 
                1.14591           80.5633E+03 
                1.14713           80.4212E+03 
                1.14898           80.0536E+03 
                1.15082           79.5067E+03 
                1.15266           78.7888E+03 
                1.15451           77.9286E+03 
                1.15728           76.4276E+03 
                1.15797           76.0429E+03 
                1.15867           75.6477E+03 
                1.15971           75.0365E+03 
                1.16127           74.0947E+03 
                1.16185           73.7396E+03 
                1.16273           73.2024E+03 
                1.16405           72.3944E+03 
                1.16603           71.2077E+03 
                1.16899           69.5745E+03 
                1.16974           69.1788E+03 
                1.17048           68.794E+03  
                1.17159           68.2447E+03 
                1.17201           68.0434E+03 
                1.17264           67.7509E+03 
                1.17358           67.3339E+03 
                1.17393           67.1809E+03 
                1.17446           66.958E+03  
                1.17526           66.6371E+03 
                1.17645           66.1778E+03 
                1.17823           65.4944E+03 
                1.17891           65.2373E+03 
                1.17991           64.837E+03  
                1.18029           64.6848E+03 
                1.18086           64.4487E+03 
                1.18171           64.0721E+03 
                1.18298           63.4426E+03 
                1.18346           63.1974E+03 
                1.18418           62.8059E+03 
                1.18525           62.165E+03  
                1.18687           61.1046E+03 
                1.18747           60.6954E+03 
                1.18838           60.0597E+03 
                1.18975           59.0841E+03 
                1.19179           57.6398E+03 
                1.1923            57.282E+03  
                1.19282           56.9269E+03 
                1.19358           56.4019E+03 
                1.19474           55.6338E+03 
                1.19517           55.349E+03  
                1.19582           54.927E+03  
                1.19679           54.302E+03  
                1.19715           54.069E+03  
                1.1977            53.7203E+03 
                1.19852           53.1958E+03 
                1.19976           52.3947E+03 
                1.2016            51.1363E+03 
                1.20438           49.1267E+03 
                1.20507           48.619E+03  
                1.20577           48.1041E+03 
                1.20681           47.3202E+03 
                1.20837           46.1394E+03 
                1.21072           44.4232E+03 
                1.2116            43.7922E+03 
                1.21292           42.8777E+03 
                1.2149            41.592E+03  
                1.21688           40.3853E+03 
                1.21887           39.2332E+03 
                1.22085           38.1034E+03 
                1.22284           36.9631E+03 
                1.22334           36.6778E+03 
                1.22383           36.3905E+03 
                1.22458           35.9535E+03 
                1.2257            35.2807E+03 
                1.22737           34.2216E+03 
                1.22989           32.5151E+03 
                1.23241           30.7288E+03 
                1.23493           28.9291E+03 
                1.23745           27.184E+03  
                1.23998           25.5408E+03 
                1.2425            24.0257E+03 
                1.24503           22.6605E+03 
                1.24756           21.4748E+03 
                1.24851           21.0585E+03 
                1.24993           20.5E+03    
                1.25207           19.8336E+03 
                1.25421           19.3466E+03 
                1.25635           19.0252E+03 
                1.25715           18.9279E+03 
                1.25835           18.8246E+03 
                1.26016           18.7396E+03 
                1.26084           18.7169E+03 
                1.26185           18.6949E+03 
                1.26338           18.6693E+03 
                1.26567           18.5882E+03 
                1.26796           18.4208E+03 
                1.27025           18.1414E+03 
                1.27369           17.4803E+03 
                1.27713           16.6661E+03 
                1.28058           15.8251E+03 
                1.28144           15.6173E+03 
                1.2823            15.4111E+03 
                1.2836            15.1138E+03 
                1.28554           14.7223E+03 
                1.28845           14.3243E+03 
                1.29282           14.2561E+03 
                1.29392           14.2763E+03 
                1.29501           14.3296E+03 
                1.29665           14.4861E+03 
                1.29912           14.8848E+03 
                1.30004           15.0581E+03 
                1.30143           15.3633E+03 
                1.30351           15.9103E+03 
                1.30429           16.1284E+03 
                1.30546           16.478E+03  
                1.30722           17.0439E+03 
                1.30985           17.9508E+03 
                1.31381           19.3227E+03 
                1.3153            19.8353E+03 
                1.31753           20.5715E+03 
                1.32087           21.5545E+03 
                1.32422           22.3784E+03 
                1.32757           23.0154E+03 
                1.33093           23.4488E+03 
                1.33596           23.6242E+03 
                1.33785           23.6268E+03 
                1.34069           23.481E+03  
                1.34494           22.9756E+03 
                1.34654           22.7513E+03 
                1.34894           22.3393E+03 
                1.35253           21.6078E+03 
                1.35388           21.3226E+03 
                1.35591           20.8728E+03 
                1.35895           20.1866E+03 
                1.36199           19.5208E+03 
                1.36503           18.8996E+03 
                1.3696            18.1209E+03 
                1.37646           17.3632E+03 
                1.37903           17.1427E+03 
                1.3829            16.9342E+03 
                1.38435           16.8758E+03 
                1.38653           16.8234E+03 
                1.38979           16.8205E+03 
                1.39102           16.8314E+03 
                1.39285           16.8669E+03 
                1.39561           16.9594E+03 
                1.39975           17.1614E+03 
                1.40597           17.5267E+03 
                1.4083            17.6723E+03 
                1.4118            17.8852E+03 
                1.41706           18.1751E+03 
                1.41903           18.2817E+03 
                1.42199           18.4226E+03 
                1.4231            18.4744E+03 
                1.42477           18.5449E+03 
                1.42727           18.6363E+03 
                1.43102           18.7398E+03 
                1.43666           18.8145E+03 
                1.44229           18.8107E+03 
                1.44794           18.7352E+03 
                1.44935           18.7148E+03 
                1.45076           18.6883E+03 
                1.45288           18.6384E+03 
                1.45606           18.5479E+03 
                1.45725           18.5134E+03 
                1.45904           18.4564E+03 
                1.46173           18.3648E+03 
                1.46576           18.2243E+03 
                1.46979           18.0916E+03 
                1.47383           17.9759E+03 
                1.47989           17.8748E+03 
                1.48899           17.9926E+03 
                1.50266           18.8518E+03 
                1.52322           20.9986E+03 
                1.52837           21.5878E+03 
                1.53353           22.1918E+03 
                1.54126           23.0996E+03 
                1.5432            23.3299E+03 
                1.54514           23.5563E+03 
                1.54804           23.8889E+03 
                1.5524            24.3686E+03 
                1.55895           25.0292E+03 
                1.5655            25.624E+03  
                1.57205           26.1497E+03 
                1.5819            26.7954E+03 
                1.59669           27.5264E+03 
                1.59808           27.5997E+03 
                1.60016           27.6972E+03 
                1.60328           27.8316E+03 
                1.60797           28.0149E+03 
                1.60973           28.083E+03  
                1.61237           28.1778E+03 
                1.61633           28.3088E+03 
                1.61782           28.3578E+03 
                1.62005           28.4265E+03 
                1.62339           28.5221E+03 
                1.62841           28.6504E+03 
                1.63594           28.8086E+03 
                1.63877           28.866E+03  
                1.64301           28.9371E+03 
                1.64937           29.0172E+03 
                1.65893           29.0758E+03 
                1.66252           29.0925E+03 
                1.6679            29.093E+03  
                1.67597           29.0519E+03 
                1.67901           29.0336E+03 
                1.68355           28.9909E+03 

 MINIMUM        0.                -0.         
  AT X =                           0.         
 MAXIMUM        1.68355          104.453E+03  
  AT X =                           1.07017    




