
                  X              uf-60-exp    

                0.                -0.         
               39.94E-09         112.028E-03  
              319.041E-09        534.921E-03  
                1.70601E-06        1.30328    
                7.53894E-06        2.91858    
               29.9775E-06         6.16795    
              111.812E-06         12.4637     
              399.954E-06         25.4133     
                1.38837E-03       57.1433     
                4.70264E-03      147.718      
               15.5512E-03       423.51       
               49.9952E-03         1.27121E+03
              154.626E-03          3.81048E+03
              450.699E-03         10.9538E+03 
              605.155E-03         14.7636E+03 
              876.892E-03         20.7842E+03 
              951.558E-03         22.4304E+03 
              970.606E-03         22.8225E+03 
              989.801E-03         23.1503E+03 
                1.01886           23.6346E+03 
                1.06305           24.3659E+03 
                1.13061           25.2935E+03 
                1.14773           25.5444E+03 
                1.16493           25.7163E+03 
                1.1909            25.8319E+03 
                1.20069           25.8602E+03 
                1.21542           25.7418E+03 
                1.23762           24.9601E+03 
                1.25995           23.4048E+03 
                1.26135           23.3133E+03 
                1.26345           23.1598E+03 
                1.26555           22.9958E+03 
                1.26766           22.8237E+03 
                1.27081           22.5483E+03 
                1.27555           22.0985E+03 
                1.27733           21.9263E+03 
                1.28              21.6555E+03 
                1.281             21.553E+03  
                1.2825            21.3953E+03 
                1.28476           21.1516E+03 
                1.28814           20.7734E+03 
                1.28941           20.6309E+03 
                1.29132           20.4131E+03 
                1.29203           20.3313E+03 
                1.2931            20.2073E+03 
                1.29471           20.0193E+03 
                1.29713           19.7336E+03 
                1.30075           19.2969E+03 
                1.30619           18.615E+03  
                1.30823           18.3569E+03 
                1.3113            17.9568E+03 
                1.31245           17.8058E+03 
                1.31418           17.5747E+03 
                1.31482           17.4878E+03 
                1.31579           17.3559E+03 
                1.31725           17.155E+03  
                1.31944           16.8478E+03 
                1.32272           16.3755E+03 
                1.32354           16.2575E+03 
                1.32436           16.1386E+03 
                1.32559           15.9585E+03 
                1.32744           15.6851E+03 
                1.33021           15.2704E+03 
                1.33299           14.8542E+03 
                1.33577           14.4392E+03 
                1.33681           14.2845E+03 
                1.33837           14.0531E+03 
                1.34072           13.7104E+03 
                1.34424           13.2109E+03 
                1.34776           12.7281E+03 
                1.35129           12.2621E+03 
                1.35658           11.6059E+03 
                1.35857           11.368E+03  
                1.36155           11.026E+03  
                1.36267           10.9007E+03 
                1.36434           10.718E+03  
                1.36686           10.4577E+03 
                1.37064           10.1035E+03 
                1.37632            9.66773E+03
                1.38484            9.26936E+03
                1.39765            9.25666E+03
                1.41693           10.1328E+03 
                1.44598           11.9786E+03 
                1.48981           13.7964E+03 
                1.50633           14.3007E+03 
                1.53118           14.6258E+03 
                1.56862           14.6412E+03 
                1.62512           14.363E+03  
                1.71052           12.3946E+03 
                1.73197           11.8037E+03 
                1.73734           11.6479E+03 
                1.7454            11.391E+03  
                1.74842           11.2929E+03 
                1.74955           11.2559E+03 
                1.75125           11.199E+03  
                1.75381           11.1117E+03 
                1.75476           11.0788E+03 
                1.7562            11.0288E+03 
                1.75835           10.9523E+03 
                1.76051           10.8746E+03 
                1.76266           10.7955E+03 
                1.76589           10.6738E+03 
                1.77074           10.4845E+03 
                1.77559           10.2892E+03 
                1.77681           10.2404E+03 
                1.77863           10.1658E+03 
                1.78136           10.0519E+03 
                1.78238           10.0091E+03 
                1.78391            9.94429E+03
                1.78622            9.8458E+03 
                1.78968            9.69635E+03
                1.79486            9.4716E+03 
                1.80264            9.14166E+03
                1.81432            8.6435E+03 
                1.81871            8.45523E+03
                1.82035            8.38419E+03
                1.82281            8.27547E+03
                1.82651            8.10638E+03
                1.83021            7.92959E+03
                1.83391            7.74343E+03
                1.8353             7.6724E+03 
                1.83738            7.56235E+03
                1.8405             7.3897E+03 
                1.84168            7.32408E+03
                1.84343            7.22333E+03
                1.84607            7.06785E+03
                1.8487             6.90924E+03
                1.85134            6.74876E+03
                1.8553             6.50874E+03
                1.86123            6.16685E+03
                1.87013            5.72155E+03
                1.87347            5.56525E+03
                1.87472            5.50812E+03

 MINIMUM        0.                -0.         
  AT X =                           0.         
 MAXIMUM        1.87472           25.8602E+03 
  AT X =                           1.20069    




