
                  X              uf-0-pro3    

                0.                -0.         
               39.94E-09         144.262E-03  
              319.041E-09        746.553E-03  
                1.70601E-06        1.94853    
                7.53894E-06        4.44846    
               29.9775E-06         9.54913    
              111.812E-06         21.6481     
              399.954E-06         56.0726     
                1.38837E-03      163.196      
                4.70264E-03      506.745      
               15.5512E-03         1.60973E+03
               49.9952E-03         5.08311E+03
              154.626E-03         15.598E+03  
              212.548E-03         21.5084E+03 
              319.557E-03         32.1593E+03 
              365.934E-03         36.8912E+03 
              378.056E-03         38.1521E+03 
              378.63E-03          38.2394E+03 
              379.203E-03         38.3046E+03 
              380.065E-03         38.3851E+03 
              381.36E-03          38.5004E+03 
              381.846E-03         38.546E+03  
              382.575E-03         38.612E+03  
              383.671E-03         38.7093E+03 
              384.494E-03         38.7838E+03 
              385.73E-03          38.8935E+03 
              386.194E-03         38.9368E+03 
              386.891E-03         38.9994E+03 
              387.938E-03         39.0918E+03 
              389.51E-03          39.2295E+03 
              390.1E-03           39.2845E+03 
              390.987E-03         39.3631E+03 
              392.319E-03         39.479E+03  
              392.819E-03         39.5249E+03 
              393.57E-03          39.5911E+03 
              394.697E-03         39.6887E+03 
              396.392E-03         39.8355E+03 
              398.941E-03         40.0604E+03 
              399.899E-03         40.1517E+03 
              401.339E-03         40.2834E+03 
              403.503E-03         40.4849E+03 
              404.316E-03         40.5662E+03 
              405.537E-03         40.6842E+03 
              407.373E-03         40.8633E+03 
              410.135E-03         41.1387E+03 
              411.173E-03         41.2495E+03 
              412.733E-03         41.409E+03  
              413.318E-03         41.4716E+03 
              414.198E-03         41.5625E+03 
              415.519E-03         41.6976E+03 
              416.015E-03         41.7506E+03 
              416.759E-03         41.8279E+03 
              417.877E-03         41.9424E+03 
              419.557E-03         42.1136E+03 
              420.188E-03         42.1812E+03 
              421.135E-03         42.2787E+03 
              422.558E-03         42.4226E+03 
              424.697E-03         42.6369E+03 
              427.917E-03         42.9559E+03 
              429.127E-03         43.0829E+03 
              430.946E-03         43.2631E+03 
              431.629E-03         43.3338E+03 
              432.655E-03         43.4355E+03 
              434.196E-03         43.5862E+03 
              436.513E-03         43.8127E+03 
              437.384E-03         43.9029E+03 
              438.691E-03         44.0325E+03 
              440.656E-03         44.2261E+03 
              442.626E-03         44.4229E+03 
              444.6E-03           44.6211E+03 
              445.342E-03         44.699E+03  
              446.455E-03         44.8111E+03 
              448.128E-03         44.9779E+03 
              450.643E-03         45.2283E+03 
              451.588E-03         45.3277E+03 
              453.007E-03         45.47E+03   
              455.141E-03         45.6805E+03 
              457.28E-03          45.8918E+03 
              459.424E-03         46.1014E+03 
              462.649E-03         46.4075E+03 
              463.862E-03         46.5289E+03 
              465.683E-03         46.7004E+03 
              468.423E-03         46.954E+03  
              472.548E-03         47.3351E+03 
              474.099E-03         47.488E+03  
              476.432E-03         47.7062E+03 
              479.941E-03         48.0361E+03 
              481.26E-03          48.1684E+03 
              483.243E-03         48.3586E+03 
              486.224E-03         48.6459E+03 
              490.714E-03         49.0851E+03 
              492.403E-03         49.2611E+03 
              494.942E-03         49.5135E+03 
              495.896E-03         49.6129E+03 
              497.328E-03         49.7563E+03 
              499.481E-03         49.9701E+03 
              502.719E-03         50.2912E+03 
              503.935E-03         50.4185E+03 
              505.763E-03         50.6008E+03 
              508.512E-03         50.8715E+03 
              509.544E-03         50.9784E+03 
              511.095E-03         51.1317E+03 
              513.426E-03         51.3591E+03 
              514.301E-03         51.4486E+03 
              515.616E-03         51.5775E+03 
              517.591E-03         51.7686E+03 
              518.332E-03         51.8436E+03 
              519.445E-03         51.9522E+03 
              521.118E-03         52.1131E+03 
              523.631E-03         52.354E+03  
              524.575E-03         52.4491E+03 
              525.993E-03         52.586E+03  
              528.123E-03         52.7895E+03 
              528.923E-03         52.8695E+03 
              530.123E-03         52.9853E+03 
              531.927E-03         53.1571E+03 
              532.605E-03         53.2244E+03 
              533.621E-03         53.3223E+03 
              535.148E-03         53.4674E+03 
              537.443E-03         53.6847E+03 
              538.304E-03         53.7704E+03 
              539.598E-03         53.8941E+03 
              541.542E-03         54.0778E+03 
              542.271E-03         54.1498E+03 
              543.367E-03         54.2543E+03 
              545.012E-03         54.4091E+03 
              547.484E-03         54.6404E+03 
              548.413E-03         54.7315E+03 
              549.807E-03         54.8627E+03 
              551.902E-03         55.0568E+03 
              552.689E-03         55.1331E+03 
              553.87E-03          55.2432E+03 
              555.643E-03         55.4063E+03 
              558.309E-03         55.6507E+03 
              559.31E-03          55.7473E+03 
              560.814E-03         55.8867E+03 
              563.073E-03         56.0951E+03 
              563.921E-03         56.1774E+03 
              565.195E-03         56.2968E+03 
              567.108E-03         56.4757E+03 
              567.826E-03         56.546E+03  
              568.904E-03         56.6486E+03 
              570.523E-03         56.8021E+03 
              572.956E-03         57.0345E+03 
              576.615E-03         57.3881E+03 
              577.99E-03          57.5283E+03 
              580.055E-03         57.7309E+03 
              583.16E-03          58.0346E+03 
              584.326E-03         58.1544E+03 
              586.078E-03         58.3274E+03 
              588.71E-03          58.5852E+03 
              589.699E-03         58.6865E+03 
              591.183E-03         58.8329E+03 
              593.413E-03         59.0504E+03 
              594.25E-03          59.1355E+03 
              595.507E-03         59.2588E+03 
              597.395E-03         59.4416E+03 
              598.813E-03         59.5806E+03 
              600.232E-03         59.7186E+03 
              602.365E-03         59.9227E+03 
              603.165E-03         60.0024E+03 
              604.367E-03         60.1179E+03 
              606.172E-03         60.2889E+03 
              607.527E-03         60.4189E+03 
              608.883E-03         60.548E+03  
              610.921E-03         60.7393E+03 
              613.984E-03         61.0249E+03 
              615.134E-03         61.1373E+03 
              616.862E-03         61.2992E+03 
              619.458E-03         61.5401E+03 
              620.432E-03         61.6346E+03 
              621.896E-03         61.7716E+03 
              624.094E-03         61.9757E+03 
              624.919E-03         62.0556E+03 
              626.158E-03         62.1719E+03 
              628.019E-03         62.3452E+03 
              630.814E-03         62.6061E+03 
              631.864E-03         62.7088E+03 
              633.441E-03         62.8576E+03 
              635.809E-03         63.0798E+03 
              639.369E-03         63.4147E+03 
              640.706E-03         63.5467E+03 
              642.715E-03         63.7375E+03 
              643.469E-03         63.8116E+03 
              644.601E-03         63.9197E+03 
              646.3E-03           64.0806E+03 
              648.853E-03         64.3227E+03 
              649.812E-03         64.4175E+03 
              651.251E-03         64.5555E+03 
              653.413E-03         64.7611E+03 
              656.662E-03         65.07E+03   
              657.882E-03         65.1913E+03 
              659.714E-03         65.3667E+03 
              662.467E-03         65.6277E+03 
              663.501E-03         65.7298E+03 
              665.053E-03         65.8779E+03 
              667.384E-03         66.0978E+03 
              670.888E-03         66.4268E+03 
              672.204E-03         66.5559E+03 
              674.181E-03         66.742E+03  
              677.151E-03         67.0188E+03 
              678.266E-03         67.1272E+03 
              679.94E-03          67.284E+03  
              682.456E-03         67.5174E+03 
              683.4E-03           67.6086E+03 
              684.818E-03         67.7411E+03 
              686.947E-03         67.9383E+03 
              690.146E-03         68.2342E+03 
              691.347E-03         68.3502E+03 
              693.151E-03         68.518E+03  
              695.861E-03         68.7679E+03 
              699.935E-03         69.1427E+03 
              701.466E-03         69.29E+03   
              703.765E-03         69.5026E+03 
              707.22E-03          69.8207E+03 
              712.416E-03         70.3022E+03 
              714.369E-03         70.4922E+03 
              717.304E-03         70.7674E+03 
              718.405E-03         70.8746E+03 
              720.06E-03          71.0307E+03 
              720.68E-03          71.0909E+03 
              721.612E-03         71.1793E+03 
              723.01E-03          71.3108E+03 
              725.11E-03          71.5084E+03 
              728.265E-03         71.8055E+03 
              729.45E-03          71.9217E+03 
              731.228E-03         72.0904E+03 
              731.896E-03         72.1554E+03 
              732.898E-03         72.2506E+03 
              734.401E-03         72.3921E+03 
              736.66E-03          72.6034E+03 
              737.507E-03         72.6856E+03 
              738.78E-03          72.8054E+03 
              740.69E-03          72.9829E+03 
              743.56E-03          73.2473E+03 
              744.637E-03         73.3502E+03 
              746.255E-03         73.4992E+03 
              748.684E-03         73.7197E+03 
              752.334E-03         74.0474E+03 
              753.705E-03         74.1754E+03 
              755.763E-03         74.36E+03   
              758.856E-03         74.6342E+03 
              760.017E-03         74.7412E+03 
              761.76E-03          74.8965E+03 
              764.378E-03         75.1279E+03 
              768.312E-03         75.4767E+03 
              769.79E-03          75.6136E+03 
              772.009E-03         75.8125E+03 
              775.342E-03         76.1116E+03 
              776.594E-03         76.2288E+03 
              778.473E-03         76.3998E+03 
              781.296E-03         76.6568E+03 
              785.538E-03         77.0471E+03 
              787.132E-03         77.2003E+03 
              789.524E-03         77.4235E+03 
              793.12E-03          77.7585E+03 
              798.526E-03         78.2631E+03 
              800.557E-03         78.4606E+03 
              803.609E-03         78.7461E+03 
              804.755E-03         78.8567E+03 
              806.474E-03         79.0175E+03 
              809.057E-03         79.2568E+03 
              810.026E-03         79.3496E+03 
              811.481E-03         79.4851E+03 
              813.666E-03         79.6867E+03 
              816.947E-03         79.9892E+03 
              818.179E-03         80.107E+03  
              820.029E-03         80.2788E+03 
              822.807E-03         80.5357E+03 
              826.981E-03         80.923E+03  
              828.549E-03         81.0742E+03 
              830.903E-03         81.2943E+03 
              831.786E-03         81.3793E+03 
              833.112E-03         81.5037E+03 
              835.102E-03         81.6891E+03 
              838.092E-03         81.9669E+03 
              839.214E-03         82.0747E+03 
              840.899E-03         82.2321E+03 
              843.429E-03         82.4661E+03 
              847.229E-03         82.8159E+03 
              848.656E-03         82.9519E+03 
              850.799E-03         83.1491E+03 
              854.017E-03         83.4416E+03 
              855.225E-03         83.5549E+03 
              857.038E-03         83.7195E+03 
              859.761E-03         83.9633E+03 
              860.784E-03         84.0576E+03 
              862.318E-03         84.1951E+03 
              864.621E-03         84.3993E+03 
              868.081E-03         84.7065E+03 
              869.38E-03          84.8262E+03 
              871.33E-03          85.0016E+03 
              874.258E-03         85.2662E+03 
              875.357E-03         85.3692E+03 
              877.007E-03         85.521E+03  
              879.484E-03         85.7498E+03 
              883.206E-03         86.0977E+03 
              884.603E-03         86.2334E+03 
              886.7E-03           86.4324E+03 
              889.85E-03          86.731E+03  
              891.033E-03         86.8468E+03 
              892.807E-03         87.0164E+03 
              895.472E-03         87.2695E+03 
              899.476E-03         87.6481E+03 
              900.979E-03         87.7947E+03 
              901.543E-03         87.85E+03   
              901.755E-03         87.8708E+03 
              902.072E-03         87.9015E+03 
              902.548E-03         87.9468E+03 
              902.727E-03         87.9639E+03 
              902.995E-03         87.9893E+03 
              903.396E-03         88.0273E+03 
              903.798E-03         88.0652E+03 
              904.2E-03           88.1031E+03 
              904.603E-03         88.141E+03  
              905.005E-03         88.1789E+03 
              905.407E-03         88.2167E+03 
              906.01E-03          88.2732E+03 
              906.916E-03         88.3576E+03 
              908.275E-03         88.4836E+03 
              908.615E-03         88.516E+03  
              908.955E-03         88.5482E+03 
              909.465E-03         88.596E+03  
              909.975E-03         88.6434E+03 
              910.485E-03         88.6908E+03 
              910.995E-03         88.738E+03  
              911.378E-03         88.7735E+03 
              911.761E-03         88.8089E+03 
              912.335E-03         88.8617E+03 
              912.91E-03          88.9145E+03 
              913.485E-03         88.9672E+03 
              914.06E-03          89.0198E+03 
              914.922E-03         89.0979E+03 
              915.246E-03         89.1277E+03 
              915.731E-03         89.1718E+03 
              916.46E-03          89.2369E+03 
              916.733E-03         89.2615E+03 
              917.143E-03         89.298E+03  
              917.758E-03         89.3514E+03 
              918.373E-03         89.4035E+03 
              918.988E-03         89.4534E+03 
              919.603E-03         89.5003E+03 
              920.219E-03         89.5426E+03 
              920.45E-03          89.558E+03  
              920.796E-03         89.579E+03  
              921.316E-03         89.6044E+03 
              921.836E-03         89.6225E+03 
              922.356E-03         89.6314E+03 
              922.876E-03         89.629E+03  
              923.266E-03         89.6199E+03 
              923.851E-03         89.5859E+03 
              924.436E-03         89.528E+03  
              925.022E-03         89.4429E+03 
              925.608E-03         89.3273E+03 
              926.194E-03         89.1785E+03 
              926.78E-03          88.9948E+03 
              927.366E-03         88.7749E+03 
              927.952E-03         88.519E+03  
              928.539E-03         88.2276E+03 
              928.758E-03         88.1136E+03 
              929.089E-03         87.9316E+03 
              929.584E-03         87.6352E+03 
              930.079E-03         87.3171E+03 
              930.574E-03         86.9787E+03 
              931.069E-03         86.6217E+03 
              931.565E-03         86.2477E+03 
              932.06E-03          85.8583E+03 
              932.556E-03         85.4549E+03 
              933.052E-03         85.0393E+03 
              933.548E-03         84.6129E+03 
              934.044E-03         84.1775E+03 
              934.54E-03          83.7348E+03 
              935.036E-03         83.2864E+03 
              935.533E-03         82.8341E+03 
              936.029E-03         82.3792E+03 
              936.526E-03         81.923E+03  
              936.898E-03         81.5805E+03 
              937.457E-03         81.0654E+03 
              938.016E-03         80.5482E+03 
              938.575E-03         80.0263E+03 
              939.134E-03         79.4959E+03 
              939.693E-03         78.952E+03  
              940.253E-03         78.3891E+03 
              940.813E-03         77.8017E+03 
              941.372E-03         77.1845E+03 
              941.932E-03         76.5334E+03 
              942.492E-03         75.8457E+03 
              943.052E-03         75.1203E+03 
              943.613E-03         74.3579E+03 
              943.823E-03         74.067E+03  
              944.138E-03         73.6194E+03 
              944.611E-03         72.9247E+03 
              945.084E-03         72.2094E+03 
              945.557E-03         71.4767E+03 
              946.03E-03          70.7293E+03 
              946.504E-03         69.9704E+03 
              946.859E-03         69.3959E+03 
              947.214E-03         68.8171E+03 
              947.569E-03         68.2349E+03 
              947.924E-03         67.6501E+03 
              948.28E-03          67.0634E+03 
              948.635E-03         66.4753E+03 
              949.168E-03         65.5915E+03 
              949.701E-03         64.7073E+03 
              950.235E-03         63.8238E+03 
              950.768E-03         62.9422E+03 
              950.968E-03         62.6122E+03 
              951.268E-03         62.1179E+03 
              951.718E-03         61.3795E+03 
              952.169E-03         60.6451E+03 
              952.619E-03         59.916E+03  
              953.07E-03          59.193E+03  
              953.52E-03          58.4769E+03 
              953.971E-03         57.7686E+03 
              954.647E-03         56.7239E+03 
              955.324E-03         55.697E+03  
              955.831E-03         54.9365E+03 
              956.339E-03         54.1844E+03 
              956.846E-03         53.4395E+03 
              957.354E-03         52.7008E+03 
              957.862E-03         51.9671E+03 
              958.37E-03          51.2374E+03 
              958.878E-03         50.5112E+03 
              959.386E-03         49.7884E+03 
              959.894E-03         49.0692E+03 
              960.657E-03         48.0022E+03 
              961.801E-03         46.4509E+03 
              962.946E-03         44.974E+03  
              964.092E-03         43.5899E+03 
              965.811E-03         41.737E+03  
              967.531E-03         40.0861E+03 
              969.253E-03         38.5976E+03 
              969.683E-03         38.2361E+03 
              970.114E-03         37.883E+03  
              970.76E-03          37.3703E+03 
              971.729E-03         36.6339E+03 
              972.214E-03         36.2738E+03 
              972.699E-03         35.9208E+03 
              973.184E-03         35.5741E+03 
              973.67E-03          35.2334E+03 
              974.155E-03         34.8984E+03 
              974.64E-03          34.5688E+03 
              975.126E-03         34.2444E+03 
              975.611E-03         33.9252E+03 
              976.097E-03         33.6111E+03 
              976.583E-03         33.3024E+03 
              977.068E-03         32.9995E+03 
              977.797E-03         32.5601E+03 
              978.527E-03         32.1398E+03 
              979.256E-03         31.7434E+03 
              979.985E-03         31.3773E+03 
              980.259E-03         31.2449E+03 
              980.67E-03          31.0578E+03 
              981.286E-03         30.8076E+03 
              982.21E-03          30.5172E+03 
              983.596E-03         30.3073E+03 
              984.984E-03         30.3266E+03 
              986.372E-03         30.544E+03  
              988.456E-03         31.1142E+03 
              990.542E-03         31.731E+03  
              992.629E-03         32.2528E+03 
              994.718E-03         32.6034E+03 
              996.809E-03         32.7488E+03 
              998.901E-03         32.6704E+03 
                1.001             32.353E+03  
                1.00414           31.3421E+03 
                1.00729           29.912E+03  
                1.01044           28.2687E+03 
                1.01123           27.8509E+03 
                1.01202           27.4256E+03 
                1.0132            26.7866E+03 
                1.01498           25.8731E+03 
                1.01764           24.7007E+03 
                1.02031           23.7509E+03 
                1.02299           22.988E+03  
                1.02566           22.348E+03  
                1.02633           22.1967E+03 
                1.027             22.0498E+03 
                1.028             21.8364E+03 
                1.02951           21.5234E+03 
                1.03008           21.4075E+03 
                1.03092           21.2325E+03 
                1.03124           21.167E+03  
                1.03172           21.068E+03  
                1.03243           20.9171E+03 
                1.03315           20.764E+03  
                1.03387           20.6086E+03 
                1.03458           20.4507E+03 
                1.0353            20.2903E+03 
                1.03602           20.1278E+03 
                1.03674           19.9635E+03 
                1.037             19.9019E+03 
                1.03741           19.8089E+03 
                1.03781           19.7154E+03 
                1.03822           19.6217E+03 
                1.03882           19.4808E+03 
                1.03973           19.2702E+03 
                1.04109           18.962E+03  
                1.04314           18.5333E+03 
                1.04621           18.0054E+03 
                1.04852           17.6852E+03 
                1.05083           17.4396E+03 
                1.05314           17.2693E+03 
                1.05661           17.2065E+03 
                1.05748           17.2066E+03 
                1.05834           17.2184E+03 
                1.05965           17.2672E+03 
                1.0616            17.4234E+03 
                1.06234           17.4958E+03 
                1.06344           17.6317E+03 
                1.06509           17.8985E+03 
                1.06757           18.4024E+03 
                1.06819           18.536E+03  
                1.06881           18.6737E+03 
                1.06974           18.8858E+03 
                1.07114           19.2026E+03 
                1.07323           19.616E+03  
                1.07402           19.7609E+03 
                1.0752            19.9399E+03 
                1.07697           20.0992E+03 
                1.07763           20.1437E+03 
                1.07863           20.1696E+03 
                1.08013           20.1147E+03 
                1.08069           20.0819E+03 
                1.08153           20.0028E+03 
                1.08279           19.8216E+03 
                1.08469           19.4311E+03 
                1.08659           18.9455E+03 
                1.08849           18.3851E+03 
                1.09039           17.7669E+03 
                1.0911            17.5289E+03 
                1.09217           17.1563E+03 
                1.09377           16.5709E+03 
                1.09618           15.6508E+03 
                1.09709           15.3026E+03 
                1.09844           14.7694E+03 
                1.10048           13.9587E+03 
                1.10124           13.6553E+03 
                1.10239           13.1987E+03 
                1.10411           12.52E+03   
                1.10669           11.5426E+03 
                1.10766           11.1851E+03 
                1.10911           10.6666E+03 
                1.11129            9.94469E+03
                1.11457            9.01623E+03
                1.11784            8.25619E+03
                1.1203             7.78225E+03
                1.12277            7.40002E+03
                1.12523            7.10574E+03
                1.12893            6.8414E+03 
                1.12986            6.78925E+03
                1.13078            6.74606E+03
                1.13217            6.70207E+03
                1.13426            6.68285E+03
                1.13634            6.7086E+03 
                1.13843            6.77551E+03
                1.14052            6.88028E+03
                1.14366            7.10821E+03
                1.1468             7.39212E+03
                1.14994            7.70824E+03
                1.15308            8.02914E+03
                1.15623            8.32542E+03
                1.15938            8.56867E+03
                1.16254            8.73438E+03
                1.16727            8.75519E+03
                1.17202            8.53708E+03
                1.17677            8.09837E+03
                1.17795            7.979E+03  
                1.17914            7.84438E+03
                1.18093            7.61415E+03
                1.1836             7.22113E+03
                1.18762            6.57558E+03
                1.18913            6.3317E+03 
                1.1914             5.96063E+03
                1.1948             5.43556E+03
                1.1982             4.9795E+03 
                1.2016             4.62332E+03
                1.20288            4.50753E+03
                1.2048             4.37071E+03
                1.20768            4.26735E+03
                1.212              4.36275E+03
                1.21362            4.43765E+03
                1.21605            4.62487E+03
                1.21971            5.06509E+03
                1.2252             5.97762E+03
                1.23069            7.00749E+03
                1.23207            7.27401E+03
                1.23344            7.5403E+03 
                1.23551            7.93556E+03
                1.2386             8.49763E+03
                1.24326            9.19672E+03
                1.24442            9.36491E+03
                1.24559            9.5199E+03 
                1.24733            9.72206E+03
                1.24995            9.95224E+03
                1.25389           10.119E+03  
                1.25783           10.1079E+03 
                1.26177            9.93007E+03
                1.26572            9.60989E+03
                1.26967            9.18037E+03
                1.27363            8.67961E+03
                1.27759            8.14702E+03
                1.28155            7.61999E+03
                1.28552            7.1313E+03 
                1.28949            6.7076E+03 
                1.29346            6.36867E+03
                1.29744            6.1274E+03 
                1.30142            5.99012E+03
                1.3074             6.0091E+03 
                1.30889            6.03221E+03
                1.31039            6.06618E+03
                1.31264            6.14423E+03
                1.31601            6.31939E+03
                1.31938            6.54543E+03
                1.32275            6.81134E+03
                1.32613            7.10614E+03
                1.32951            7.41865E+03
                1.3329             7.7378E+03 
                1.33628            8.0532E+03 
                1.33713            8.13341E+03
                1.33797            8.2121E+03 
                1.33925            8.32714E+03
                1.34115            8.49369E+03
                1.34401            8.72667E+03
                1.34509            8.81307E+03
                1.3467             8.93449E+03
                1.34911            9.09975E+03
                1.35002            9.16062E+03
                1.35138            9.2452E+03 
                1.35342            9.3588E+03 
                1.35419            9.40056E+03
                1.35534            9.45828E+03
                1.35706            9.53531E+03
                1.35771            9.56367E+03
                1.35868            9.6028E+03 
                1.36013            9.65501E+03
                1.36231            9.72089E+03
                1.36313            9.74499E+03
                1.36436            9.77665E+03
                1.36621            9.81664E+03
                1.3669             9.83151E+03
                1.36794            9.85125E+03
                1.36949            9.87688E+03
                1.37183            9.91018E+03
                1.37271            9.92326E+03
                1.37402            9.94096E+03
                1.37599            9.96685E+03
                1.37673            9.97751E+03
                1.37784            9.99319E+03
                1.37951           10.0183E+03 
                1.38201           10.0644E+03 
                1.38295           10.0843E+03 
                1.38435           10.1165E+03 
                1.38646           10.1741E+03 
                1.38726           10.1981E+03 
                1.38844           10.2369E+03 
                1.39023           10.3034E+03 
                1.3929            10.4255E+03 
                1.39391           10.4759E+03 
                1.39541           10.5576E+03 
                1.39767           10.6972E+03 
                1.39937           10.8127E+03 
                1.40191           11.0074E+03 
                1.40286           11.0847E+03 
                1.40429           11.2063E+03 
                1.40644           11.4027E+03 
                1.40967           11.7266E+03 
                1.41088           11.8536E+03 
                1.41269           12.0501E+03 
                1.41541           12.3581E+03 
                1.4195            12.8374E+03 
                1.42359           13.3198E+03 
                1.42768           13.7882E+03 
                1.43178           14.2272E+03 
                1.43588           14.6234E+03 
                1.43742           14.7671E+03 
                1.43972           14.9629E+03 
                1.44319           15.2124E+03 
                1.44579           15.3751E+03 
                1.44676           15.4332E+03 
                1.44822           15.5104E+03 
                1.45042           15.6061E+03 
                1.45371           15.7054E+03 
                1.45865           15.7606E+03 
                1.4636            15.732E+03  
                1.46855           15.6305E+03 
                1.46948           15.6112E+03 
                1.47087           15.5743E+03 
                1.47297           15.5067E+03 
                1.4761            15.3844E+03 
                1.48081           15.1692E+03 
                1.48552           14.9381E+03 
                1.49024           14.7037E+03 
                1.49496           14.4778E+03 
                1.49968           14.2698E+03 
                1.50441           14.0865E+03 
                1.50914           13.9321E+03 
                1.51269           13.8342E+03 
                1.51802           13.7229E+03 
                1.52335           13.6473E+03 
                1.52468           13.6327E+03 
                1.52669           13.6124E+03 
                1.52969           13.5896E+03 
                1.53419           13.571E+03  
                1.5387            13.5644E+03 
                1.54322           13.5636E+03 
                1.54773           13.5634E+03 
                1.55225           13.559E+03  
                1.55394           13.5581E+03 
                1.55648           13.5516E+03 
                1.5603            13.5328E+03 
                1.56603           13.4797E+03 
                1.57176           13.3991E+03 
                1.5775            13.2881E+03 
                1.58324           13.1478E+03 
                1.58898           12.9813E+03 
                1.59473           12.7946E+03 
                1.60048           12.5951E+03 
                1.60624           12.3918E+03 
                1.612             12.1938E+03 
                1.61344           12.1467E+03 
                1.61488           12.0989E+03 
                1.61704           12.0278E+03 
                1.62028           11.9265E+03 
                1.62515           11.7905E+03 
                1.63002           11.6736E+03 
                1.63489           11.576E+03  
                1.63977           11.4976E+03 
                1.64099           11.4806E+03 
                1.64221           11.4639E+03 
                1.64404           11.4405E+03 
                1.64678           11.4109E+03 
                1.6509            11.3788E+03 
                1.65193           11.3728E+03 
                1.65296           11.367E+03  
                1.65451           11.359E+03  
                1.65682           11.3504E+03 
                1.65769           11.3483E+03 
                1.659             11.3455E+03 
                1.66095           11.3432E+03 
                1.66389           11.3441E+03 
                1.6683            11.3526E+03 
                1.67491           11.3669E+03 
                1.67656           11.3725E+03 
                1.67822           11.3763E+03 
                1.6807            11.3792E+03 
                1.68442           11.3773E+03 
                1.68815           11.3685E+03 
                1.69187           11.3523E+03 
                1.69327           11.346E+03  
                1.69536           11.333E+03  
                1.69851           11.3084E+03 
                1.69969           11.2993E+03 
                1.70146           11.2833E+03 
                1.70412           11.2558E+03 
                1.70511           11.2457E+03 
                1.70661           11.2288E+03 
                1.70885           11.2006E+03 
                1.70969           11.1901E+03 
                1.71095           11.1731E+03 
                1.71284           11.1453E+03 
                1.71568           11.0988E+03 
                1.71994           11.0185E+03 
                1.7242            10.9293E+03 
                1.72846           10.8321E+03 
                1.73272           10.7285E+03 
                1.73699           10.6203E+03 
                1.74125           10.5092E+03 
                1.74552           10.3971E+03 
                1.74979           10.2858E+03 
                1.75406           10.1778E+03 
                1.76047           10.0323E+03 
                1.76688            9.91252E+03
                1.77329            9.82162E+03
                1.7797             9.76019E+03
                1.78131            9.74792E+03
                1.78291            9.73656E+03
                1.78532            9.72286E+03
                1.78622            9.71861E+03
                1.78758            9.71312E+03
                1.78961            9.70736E+03
                1.79266            9.70443E+03
                1.79723            9.71091E+03
                1.79894            9.71557E+03
                1.80152            9.72419E+03
                1.80538            9.74079E+03
                1.80682            9.74809E+03
                1.809              9.75895E+03
                1.81225            9.77544E+03
                1.81714            9.80055E+03
                1.81898            9.81085E+03
                1.82173            9.82582E+03
                1.82276            9.83184E+03
                1.82431            9.84079E+03
                1.82663            9.85516E+03
                1.8275             9.861E+03  
                1.8288             9.87E+03   
                1.83076            9.88467E+03
                1.8337             9.9103E+03 
                1.8348             9.92082E+03
                1.83646            9.93747E+03
                1.83894            9.96518E+03
                1.83987            9.97627E+03
                1.84126            9.99354E+03
                1.84336           10.0213E+03 
                1.8465            10.0665E+03 
                1.84964           10.1143E+03 
                1.85278           10.1626E+03 
                1.85513           10.1984E+03 
                1.85749           10.2326E+03 
                1.86103           10.2772E+03 
                1.86235           10.2933E+03 
                1.86434           10.314E+03  
                1.86732           10.3372E+03 
                1.86844           10.345E+03  
                1.87012           10.3535E+03 
                1.87264           10.3597E+03 
                1.87642           10.3545E+03 
                1.87783           10.3509E+03 
                1.87996           10.3411E+03 
                1.88314           10.3186E+03 
                1.88434           10.3095E+03 
                1.88613           10.2936E+03 
                1.88882           10.2668E+03 
                1.89286           10.2233E+03 
                1.89437           10.207E+03  
                1.89664           10.1819E+03 
                1.90005           10.1445E+03 
                1.90516           10.0901E+03 
                1.90707           10.0704E+03 
                1.90995           10.0409E+03 
                1.91426            9.99816E+03
                1.92073            9.94023E+03
                1.92396            9.91383E+03
                1.9272             9.89008E+03
                1.93205            9.86401E+03
                1.93933            9.85199E+03
                1.94661            9.86492E+03
                1.95389            9.8957E+03 
                1.96118            9.93652E+03
                1.96846            9.98108E+03
                1.97574           10.0258E+03 
                1.98303           10.0708E+03 
                1.99031           10.1198E+03 
                1.9976            10.1797E+03 
                1.99942           10.1955E+03 
                2.00124           10.2122E+03 
                2.00397           10.2398E+03 
                2.00807           10.2889E+03 
                2.01422           10.3846E+03 
                2.02036           10.5059E+03 
                2.02651           10.654E+03  
                2.03265           10.8275E+03 
                2.0388            11.0222E+03 
                2.04494           11.2317E+03 
                2.05109           11.449E+03  
                2.05262           11.5033E+03 
                2.05416           11.5581E+03 
                2.05646           11.6407E+03 
                2.05992           11.7635E+03 
                2.0651            11.9421E+03 
                2.07028           12.1122E+03 
                2.07547           12.2725E+03 
                2.08065           12.4224E+03 
                2.08583           12.5624E+03 
                2.08777           12.6131E+03 
                2.09069           12.6868E+03 
                2.09506           12.7915E+03 
                2.10161           12.9371E+03 
                2.10816           13.0719E+03 
                2.11472           13.1966E+03 
                2.12127           13.3114E+03 
                2.12781           13.4158E+03 
                2.12945           13.4404E+03 
                2.13109           13.4649E+03 
                2.13354           13.5006E+03 
                2.13723           13.5505E+03 
                2.14275           13.616E+03  
                2.15103           13.6873E+03 
                2.15931           13.7256E+03 
                2.16758           13.7297E+03 
                2.16965           13.7272E+03 
                2.17172           13.7237E+03 
                2.17482           13.7144E+03 
                2.17947           13.691E+03  
                2.18645           13.6385E+03 
                2.19342           13.5719E+03 
                2.20039           13.4952E+03 
                2.20736           13.4108E+03 
                2.21432           13.3203E+03 
                2.22129           13.2249E+03 
                2.22824           13.1249E+03 
                2.2352            13.0201E+03 
                2.24215           12.9099E+03 
                2.2491            12.7936E+03 
                2.25171           12.7475E+03 
                2.25561           12.679E+03  
                2.26147           12.5724E+03 
                2.26366           12.5303E+03 
                2.26696           12.468E+03  
                2.2719            12.3732E+03 
                2.2793            12.2306E+03 
                2.2867            12.0895E+03 
                2.29409           11.9526E+03 
                2.29594           11.9165E+03 
                2.29779           11.8824E+03 
                2.30056           11.8329E+03 
                2.30471           11.7608E+03 
                2.31094           11.6571E+03 
                2.31328           11.6168E+03 
                2.31678           11.5605E+03 
                2.32203           11.4792E+03 
                2.324             11.4474E+03 
                2.32695           11.4025E+03 
                2.33138           11.3365E+03 
                2.33801           11.2377E+03 
                2.34299           11.1617E+03 
                2.34796           11.0859E+03 
                2.35293           11.01E+03   
                2.36038           10.8998E+03 
                2.36782           10.7948E+03 
                2.37526           10.7015E+03 
                2.38269           10.6254E+03 
                2.39011           10.5711E+03 
                2.39753           10.5419E+03 
                2.39938           10.5333E+03 
                2.40123           10.5286E+03 
                2.40401           10.5268E+03 
                2.40818           10.5331E+03 
                2.41443           10.5617E+03 
                2.41677           10.5723E+03 
                2.42028           10.5974E+03 
                2.42554           10.6463E+03 
                2.43343           10.7354E+03 
                2.43638           10.767E+03  
                2.44081           10.8223E+03 
                2.44745           10.9107E+03 
                2.44994           10.9412E+03 
                2.45368           10.9922E+03 
                2.45927           11.0714E+03 
                2.46137           11.0987E+03 
                2.46451           11.1437E+03 
                2.46922           11.2134E+03 
                2.47099           11.2376E+03 
                2.47364           11.2773E+03 
                2.47761           11.3394E+03 
                2.48357           11.4382E+03 
                2.48952           11.5419E+03 
                2.49546           11.6517E+03 
                2.49769           11.6911E+03 
                2.50103           11.7559E+03 
                2.50436           11.8218E+03 
                2.5077            11.8884E+03 
                2.5127            11.9894E+03 
                2.5202            12.1334E+03 
                2.52207           12.1645E+03 
                2.52394           12.1978E+03 
                2.52675           12.2479E+03 
                2.53096           12.3194E+03 
                2.53516           12.3863E+03 




