
                  X             uf-0-90-pro3  

                0.                -0.         
               39.94E-09         128.52E-03   
              319.041E-09        637.802E-03  
                1.70601E-06        1.62497    
                7.53894E-06        3.72589    
               29.9775E-06         7.89869    
              111.812E-06         16.5528     
              399.954E-06         38.1232     
                1.38837E-03      101.012      
                4.70264E-03      296.911      
               15.5512E-03       917.319      
               49.9952E-03         2.85912E+03
              154.626E-03          8.72225E+03
              450.699E-03         25.2151E+03 
              551.162E-03         30.8711E+03 
              661.566E-03         36.5435E+03 
              705.417E-03         38.8374E+03 
              773.588E-03         42.2229E+03 
              799.871E-03         43.5932E+03 
              809.826E-03         44.1063E+03 
              824.857E-03         44.8291E+03 
              830.524E-03         45.1172E+03 
              832.654E-03         45.2258E+03 
              835.853E-03         45.38E+03   
              837.053E-03         45.4401E+03 
              838.255E-03         45.4989E+03 
              839.457E-03         45.5571E+03 
              840.66E-03          45.6153E+03 
              841.864E-03         45.6735E+03 
              843.069E-03         45.7317E+03 
              844.274E-03         45.79E+03   
              845.48E-03          45.8484E+03 
              846.687E-03         45.9068E+03 
              847.894E-03         45.9653E+03 
              849.102E-03         46.0239E+03 
              850.311E-03         46.0825E+03 
              851.521E-03         46.1411E+03 
              852.731E-03         46.1996E+03 
              853.942E-03         46.2579E+03 
              855.154E-03         46.3157E+03 
              856.366E-03         46.3724E+03 
              857.58E-03          46.4272E+03 
              858.794E-03         46.4782E+03 
              860.008E-03         46.523E+03  
              861.224E-03         46.5574E+03 
              862.44E-03          46.5755E+03 
              863.657E-03         46.5694E+03 
              864.874E-03         46.529E+03  
              866.092E-03         46.4424E+03 
              867.311E-03         46.2967E+03 
              868.531E-03         46.0781E+03 
              869.752E-03         45.7742E+03 
              870.973E-03         45.3744E+03 
              872.195E-03         44.8717E+03 
              873.417E-03         44.2637E+03 
              874.64E-03          43.5531E+03 
              875.864E-03         42.7477E+03 
              877.089E-03         41.8603E+03 
              878.314E-03         40.9073E+03 
              879.541E-03         39.9074E+03 
              880.767E-03         38.8806E+03 
              881.995E-03         37.8461E+03 
              883.223E-03         36.8217E+03 
              884.452E-03         35.8224E+03 
              885.682E-03         34.86E+03   
              886.912E-03         33.943E+03  
              888.143E-03         33.0764E+03 
              889.375E-03         32.2626E+03 
              890.608E-03         31.5012E+03 
              891.841E-03         30.7901E+03 
              893.075E-03         30.126E+03  
              894.309E-03         29.5046E+03 
              895.545E-03         28.9216E+03 
              896.781E-03         28.3725E+03 
              898.017E-03         27.8532E+03 
              899.255E-03         27.3596E+03 
              900.493E-03         26.8884E+03 
              901.732E-03         26.4363E+03 
              902.971E-03         26.0003E+03 
              904.211E-03         25.5779E+03 
              905.452E-03         25.1666E+03 
              906.694E-03         24.7645E+03 
              907.936E-03         24.3701E+03 
              909.179E-03         23.9824E+03 
              910.423E-03         23.601E+03  
              911.667E-03         23.2264E+03 
              912.912E-03         22.8597E+03 
              914.158E-03         22.5028E+03 
              915.404E-03         22.158E+03  
              916.651E-03         21.8284E+03 
              917.899E-03         21.5174E+03 
              919.147E-03         21.2283E+03 
              920.397E-03         20.9645E+03 
              921.647E-03         20.7293E+03 
              922.897E-03         20.5254E+03 
              923.835E-03         20.3914E+03 
              925.244E-03         20.2334E+03 
              926.653E-03         20.1202E+03 
              928.063E-03         20.051E+03  
              929.474E-03         20.0235E+03 
              931.592E-03         20.0621E+03 
              934.772E-03         20.2493E+03 
              937.957E-03         20.5214E+03 
              941.146E-03         20.8408E+03 
              944.34E-03          21.1751E+03 
              947.537E-03         21.4937E+03 
              950.739E-03         21.7742E+03 
              953.946E-03         22.0121E+03 
              957.156E-03         22.2277E+03 
              961.98E-03          22.6374E+03 
              969.234E-03         23.6897E+03 
              976.509E-03         25.0657E+03 
              983.806E-03         26.4738E+03 
              991.123E-03         27.6536E+03 
              998.462E-03         28.4608E+03 
                1.00951           28.8164E+03 
                1.0206            28.543E+03  
                1.03174           27.9307E+03 
                1.04292           27.2805E+03 
                1.05415           26.8499E+03 
                1.06543           26.8017E+03 
                1.07674           27.1676E+03 
                1.0881            27.8495E+03 
                1.09951           28.6656E+03 
                1.11095           29.4221E+03 
                1.12244           29.9798E+03 
                1.13397           30.2896E+03 
                1.14264           30.3945E+03 
                1.15134           30.3996E+03 
                1.16005           30.3554E+03 
                1.1688            30.3125E+03 
                1.17756           30.3132E+03 
                1.17975           30.3221E+03 
                1.18195           30.3308E+03 
                1.18524           30.3516E+03 
                1.19019           30.4093E+03 
                1.19205           30.4378E+03 
                1.19484           30.4862E+03 
                1.19903           30.5781E+03 
                1.20531           30.7569E+03 
                1.21161           30.9697E+03 
                1.21319           31.0282E+03 
                1.21477           31.086E+03  
                1.21714           31.1741E+03 
                1.22069           31.3107E+03 
                1.22425           31.4511E+03 
                1.22781           31.5924E+03 
                1.23137           31.7321E+03 
                1.23672           31.9312E+03 
                1.24208           32.1181E+03 
                1.2461            32.2504E+03 
                1.25013           32.372E+03  
                1.25416           32.4835E+03 
                1.26022           32.6287E+03 
                1.26249           32.6838E+03 
                1.2659            32.757E+03  
                1.27103           32.8568E+03 
                1.27616           32.9528E+03 
                1.27744           32.9789E+03 
                1.27872           33.0033E+03 
                1.28065           33.0383E+03 
                1.28354           33.0905E+03 
                1.28788           33.1712E+03 
                1.2944            33.3042E+03 
                1.3042            33.5403E+03 
                1.30788           33.6399E+03 
                1.30926           33.6782E+03 
                1.31133           33.735E+03  
                1.31444           33.8229E+03 
                1.31561           33.8577E+03 
                1.31736           33.9097E+03 
                1.31998           33.9897E+03 
                1.32393           34.1149E+03 
                1.32985           34.312E+03  
                1.33207           34.3898E+03 
                1.3354            34.5051E+03 
                1.33874           34.6218E+03 
                1.34208           34.7391E+03 
                1.34543           34.8565E+03 
                1.34877           34.9733E+03 
                1.35212           35.089E+03  
                1.35547           35.2031E+03 
                1.3605            35.3682E+03 
                1.36238           35.4316E+03 
                1.36522           35.5221E+03 
                1.36628           35.5566E+03 
                1.36787           35.6066E+03 
                1.37026           35.6796E+03 
                1.37385           35.7854E+03 
                1.37924           35.9365E+03 
                1.38127           35.9944E+03 
                1.3843            36.0762E+03 
                1.38886           36.1934E+03 
                1.3957            36.3613E+03 
                1.39827           36.4262E+03 
                1.40213           36.518E+03  
                1.40791           36.6521E+03 
                1.41009           36.7045E+03 
                1.41334           36.7797E+03 
                1.41824           36.8915E+03 
                1.42559           37.0603E+03 
                1.42834           37.127E+03  
                1.43248           37.2237E+03 
                1.4387            37.3699E+03 
                1.44803           37.5922E+03 
                1.45037           37.652E+03  
                1.4527            37.7093E+03 
                1.45504           37.7659E+03 
                1.45738           37.8224E+03 
                1.45914           37.8651E+03 
                1.46089           37.9076E+03 
                1.46265           37.95E+03   
                1.4644            37.9923E+03 
                1.46616           38.0346E+03 
                1.46792           38.0767E+03 
                1.46967           38.1186E+03 
                1.47143           38.1603E+03 
                1.47319           38.2013E+03 
                1.47495           38.2413E+03 
                1.47671           38.2792E+03 
                1.47847           38.313E+03  
                1.48023           38.3398E+03 
                1.48199           38.3547E+03 
                1.48375           38.3512E+03 
                1.48552           38.321E+03  
                1.48728           38.2544E+03 
                1.48904           38.1417E+03 
                1.49081           37.9741E+03 
                1.49257           37.7458E+03 
                1.49433           37.4551E+03 
                1.4961            37.1052E+03 
                1.49786           36.704E+03  
                1.49963           36.2629E+03 
                1.5014            35.795E+03  
                1.50316           35.3122E+03 
                1.50493           34.8232E+03 
                1.5067            34.3315E+03 
                1.50847           33.8345E+03 
                1.51024           33.3235E+03 
                1.51201           32.7859E+03 
                1.51378           32.2068E+03 
                1.51555           31.5725E+03 
                1.51732           30.8732E+03 
                1.51909           30.1051E+03 
                1.52086           29.2718E+03 
                1.52263           28.3848E+03 
                1.5244            27.462E+03  
                1.52618           26.5265E+03 
                1.52795           25.6031E+03 
                1.52972           24.7164E+03 
                1.5315            23.8873E+03 
                1.53327           23.1314E+03 
                1.53505           22.4574E+03 
                1.53682           21.8667E+03 
                1.5386            21.354E+03  
                1.54038           20.9085E+03 
                1.54215           20.5156E+03 
                1.54393           20.1595E+03 
                1.54571           19.8247E+03 
                1.54749           19.4985E+03 
                1.54927           19.1717E+03 
                1.55104           18.8399E+03 
                1.55282           18.5034E+03 
                1.5546            18.1661E+03 
                1.55638           17.8347E+03 
                1.55817           17.5164E+03 
                1.55995           17.2178E+03 
                1.56128           17.007E+03  
                1.56262           16.8101E+03 
                1.56362           16.6703E+03 
                1.56513           16.4755E+03 
                1.56663           16.2915E+03 
                1.56813           16.1118E+03 
                1.56964           15.929E+03  
                1.57114           15.7352E+03 
                1.57265           15.5229E+03 
                1.57491           15.1468E+03 
                1.57717           14.7102E+03 
                1.57943           14.223E+03  
                1.58169           13.7076E+03 
                1.58395           13.1942E+03 
                1.58565           12.8249E+03 
                1.58734           12.4852E+03 
                1.58904           12.1886E+03 
                1.59159           11.8717E+03 
                1.59413           11.6974E+03 
                1.59668           11.6618E+03 
                1.59923           11.7465E+03 
                1.60178           11.9232E+03 
                1.60433           12.1601E+03 
                1.60688           12.4278E+03 
                1.60943           12.7038E+03 
                1.61198           12.9752E+03 
                1.61454           13.24E+03   
                1.61709           13.5053E+03 
                1.61965           13.7849E+03 
                1.62092           13.9306E+03 
                1.6222            14.0841E+03 
                1.62412           14.3392E+03 
                1.62604           14.6266E+03 
                1.62795           14.9516E+03 
                1.62987           15.3173E+03 
                1.63179           15.7245E+03 
                1.63371           16.1716E+03 
                1.63563           16.6546E+03 
                1.63755           17.1679E+03 
                1.63947           17.7045E+03 
                1.64091           18.117E+03  
                1.64307           18.7465E+03 
                1.64523           19.3773E+03 
                1.64739           20.0005E+03 
                1.64956           20.6096E+03 
                1.65172           21.2001E+03 
                1.65388           21.7692E+03 
                1.65605           22.3154E+03 
                1.65767           22.7121E+03 
                1.66011           23.276E+03  
                1.66254           23.8071E+03 
                1.66498           24.3013E+03 
                1.66742           24.7522E+03 
                1.66985           25.1511E+03 
                1.67229           25.488E+03  
                1.67473           25.7523E+03 
                1.67717           25.9337E+03 
                1.67961           26.0237E+03 
                1.68205           26.0163E+03 
                1.68449           25.9086E+03 
                1.68693           25.7015E+03 
                1.68785           25.6102E+03 
                1.68922           25.4424E+03 
                1.69128           25.1257E+03 
                1.69438           24.5247E+03 
                1.69554           24.2832E+03 
                1.69728           23.8873E+03 
                1.69989           23.2328E+03 
                1.70087           22.9799E+03 
                1.70233           22.5855E+03 
                1.70454           21.9678E+03 
                1.70536           21.7332E+03 
                1.7066            21.3752E+03 
                1.70846           20.8282E+03 
                1.71125           19.9967E+03 
                1.71404           19.1636E+03 
                1.71684           18.3372E+03 
                1.71963           17.5259E+03 
                1.72242           16.7391E+03 
                1.72521           15.9868E+03 
                1.72801           15.2805E+03 
                1.72906           15.0231E+03 
                1.73063           14.6546E+03 
                1.73299           14.1501E+03 
                1.73535           13.7018E+03 
                1.73771           13.3173E+03 
                1.74007           13.0032E+03 
                1.74243           12.7658E+03 
                1.74479           12.61E+03   
                1.74715           12.5394E+03 
                1.74892           12.5356E+03 
                1.75069           12.5814E+03 
                1.75246           12.677E+03  
                1.75423           12.8219E+03 
                1.756             13.0155E+03 
                1.75778           13.2562E+03 
                1.76044           13.7164E+03 
                1.76442           14.5933E+03 
                1.77041           16.1619E+03 
                1.7764            17.8193E+03 
                1.78239           19.4388E+03 
                1.78688           20.5932E+03 
                1.79138           21.6566E+03 




