
                  X              uf-45-pro3   

                0.                -0.         
               39.94E-09         118.008E-03  
              319.041E-09        563.39E-03   
                1.70601E-06        1.37077    
                7.53894E-06        3.04476    
               29.9775E-06         6.30321    
              111.812E-06         12.3566     
              399.954E-06         24.2801     
                1.38837E-03       52.3104     
                4.70264E-03      130.082      
               15.5512E-03       363.36       
               49.9952E-03         1.07528E+03
              154.626E-03          3.20108E+03
              450.699E-03          9.17215E+03
              605.155E-03         12.1269E+03 
              781.336E-03         14.7701E+03 
              828.525E-03         15.4712E+03 
              876.892E-03         15.8706E+03 
              879.953E-03         15.9394E+03 
              883.019E-03         15.9701E+03 
              884.169E-03         15.9804E+03 
              885.897E-03         15.9926E+03 
              888.49E-03          16.009E+03  
              889.464E-03         16.0163E+03 
              890.924E-03         16.026E+03  
              893.117E-03         16.0393E+03 
              896.411E-03         16.0582E+03 
              897.648E-03         16.0669E+03 
              899.504E-03         16.0778E+03 
              902.291E-03         16.0923E+03 
              903.337E-03         16.099E+03  
              904.907E-03         16.1073E+03 
              907.264E-03         16.1182E+03 
              909.033E-03         16.1269E+03 
              911.69E-03          16.1376E+03 
              912.687E-03         16.1426E+03 
              914.184E-03         16.1486E+03 
              916.43E-03          16.1556E+03 
              919.805E-03         16.1632E+03 
              920.649E-03         16.1666E+03 
              921.494E-03         16.1692E+03 
              922.761E-03         16.1717E+03 
              924.664E-03         16.1737E+03 
              925.378E-03         16.1749E+03 
              926.449E-03         16.176E+03  
              928.057E-03         16.1762E+03 
              930.47E-03          16.1745E+03 
              931.376E-03         16.1746E+03 
              932.736E-03         16.1735E+03 
              934.776E-03         16.1697E+03 
              935.542E-03         16.1688E+03 
              936.691E-03         16.1666E+03 
              938.416E-03         16.1616E+03 
              941.005E-03         16.1516E+03 
              941.977E-03         16.1487E+03 
              943.435E-03         16.1427E+03 
              945.624E-03         16.1309E+03 
              946.445E-03         16.127E+03  
              947.678E-03         16.1199E+03 
              949.528E-03         16.1068E+03 
              952.306E-03         16.083E+03  
              953.349E-03         16.0749E+03 
              954.914E-03         16.0603E+03 
              957.263E-03         16.0349E+03 
              958.144E-03         16.026E+03  
              959.467E-03         16.011E+03  
              961.453E-03         15.986E+03  
              964.434E-03         15.9439E+03 
              965.553E-03         15.929E+03  
              967.232E-03         15.9039E+03 
              969.753E-03         15.8619E+03 
              973.54E-03          15.7888E+03 
              974.962E-03         15.7621E+03 
              977.095E-03         15.7168E+03 
              980.299E-03         15.6394E+03 
              981.502E-03         15.6108E+03 
              983.307E-03         15.5638E+03 
              986.017E-03         15.4861E+03 
              987.034E-03         15.4573E+03 
              988.56E-03          15.4112E+03 
              990.851E-03         15.3371E+03 
              994.291E-03         15.2167E+03 
              995.582E-03         15.1721E+03 
              997.52E-03          15.101E+03  
                1.00043           14.9881E+03 
                1.00152           14.9462E+03 
                1.00316           14.8807E+03 
                1.00562           14.7785E+03 
                1.00654           14.7406E+03 
                1.00793           14.6821E+03 
                1.01001           14.5917E+03 
                1.01313           14.4519E+03 
                1.0143            14.4004E+03 
                1.01606           14.3208E+03 
                1.0187            14.1981E+03 
                1.01969           14.1529E+03 
                1.02118           14.0835E+03 
                1.02341           13.9772E+03 
                1.02676           13.815E+03  
                1.02802           13.7554E+03 
                1.02991           13.6637E+03 
                1.03274           13.5239E+03 
                1.03381           13.4724E+03 
                1.0354            13.3937E+03 
                1.0378            13.2741E+03 
                1.04139           13.0935E+03 
                1.04274           13.0272E+03 
                1.04477           12.926E+03  
                1.04781           12.773E+03  
                1.04896           12.7168E+03 
                1.05067           12.6314E+03 
                1.05324           12.5026E+03 
                1.05421           12.4552E+03 
                1.05565           12.3834E+03 
                1.05783           12.2752E+03 
                1.06109           12.1132E+03 
                1.06232           12.054E+03  
                1.06416           11.9638E+03 
                1.06692           11.8278E+03 
                1.06795           11.7779E+03 
                1.06951           11.7019E+03 
                1.07184           11.5866E+03 
                1.07534           11.4111E+03 
                1.07666           11.3463E+03 
                1.07863           11.2464E+03 
                1.08159           11.0917E+03 
                1.0827            11.0341E+03 
                1.08437           10.9452E+03 
                1.08687           10.807E+03  
                1.09063           10.589E+03  
                1.09157           10.5353E+03 
                1.09251           10.4804E+03 
                1.09393           10.3955E+03 
                1.09605           10.2639E+03 
                1.09923           10.0581E+03 
                1.10241            9.84509E+03
                1.1056             9.62478E+03
                1.10679            9.54219E+03
                1.10859            9.4148E+03 
                1.11128            9.21842E+03
                1.1123             9.14509E+03
                1.11381            9.03303E+03
                1.11609            8.86172E+03
                1.11951            8.59979E+03
                1.12293            8.33459E+03
                1.12636            8.06591E+03
                1.12979            7.79398E+03
                1.13108            7.69269E+03
                1.13301            7.53833E+03
                1.13373            7.48071E+03
                1.13482            7.39351E+03
                1.13523            7.3609E+03 
                1.13584            7.31174E+03
                1.13676            7.23758E+03
                1.13768            7.16324E+03
                1.13859            7.08878E+03
                1.13951            7.0142E+03 
                1.14043            6.93951E+03
                1.14135            6.86472E+03
                1.1417             6.83677E+03
                1.14221            6.79476E+03
                1.14299            6.73152E+03
                1.14415            6.6364E+03 
                1.14532            6.54138E+03
                1.14648            6.44649E+03
                1.14692            6.4111E+03 
                1.14758            6.35793E+03
                1.14856            6.27805E+03
                1.14893            6.24823E+03
                1.14948            6.20348E+03
                1.15031            6.13633E+03
                1.15156            6.03584E+03
                1.1525             5.96098E+03
                1.15343            5.88645E+03
                1.15437            5.8123E+03 
                1.1553             5.73856E+03
                1.15624            5.6653E+03 
                1.15717            5.59258E+03
                1.15811            5.52045E+03
                1.15905            5.44897E+03
                1.1594             5.42238E+03
                1.15993            5.38263E+03
                1.16072            5.3234E+03 
                1.1619             5.23567E+03
                1.16309            5.14952E+03
                1.16428            5.06504E+03
                1.16472            5.03377E+03
                1.16539            4.98729E+03
                1.16639            4.9186E+03 
                1.1679             4.81848E+03
                1.1694             4.72197E+03
                1.17091            4.62922E+03
                1.17241            4.54039E+03
                1.17392            4.45568E+03
                1.17543            4.3753E+03 
                1.17694            4.29945E+03
                1.17845            4.2283E+03 
                1.17996            4.16201E+03
                1.18147            4.10071E+03
                1.18298            4.04454E+03
                1.18449            3.99358E+03
                1.186              3.94793E+03
                1.18751            3.90766E+03
                1.18903            3.87283E+03
                1.19054            3.84348E+03
                1.19205            3.81969E+03
                1.19357            3.80147E+03
                1.19508            3.78888E+03
                1.1966             3.78192E+03
                1.19888            3.78376E+03
                1.20115            3.79849E+03
                1.20343            3.82564E+03
                1.20571            3.86468E+03
                1.208              3.91497E+03
                1.20885            3.93589E+03
                1.21014            3.97002E+03
                1.21206            4.02757E+03
                1.21399            4.09162E+03
                1.21592            4.16143E+03
                1.21785            4.23625E+03
                1.21978            4.3154E+03 
                1.22051            4.34604E+03
                1.22159            4.39277E+03
                1.22322            4.46467E+03
                1.22384            4.49223E+03
                1.22475            4.53397E+03
                1.22613            4.59748E+03
                1.22665            4.62167E+03
                1.22742            4.65815E+03
                1.22859            4.71331E+03
                1.23033            4.79715E+03
                1.23098            4.82914E+03
                1.23197            4.87726E+03
                1.23344            4.94992E+03
                1.23399            4.97752E+03
                1.23482            5.019E+03  
                1.23607            5.08152E+03
                1.23653            5.10523E+03
                1.23723            5.14085E+03
                1.23828            5.19452E+03
                1.23986            5.2759E+03 
                1.24144            5.35863E+03
                1.24301            5.4427E+03 
                1.24459            5.52811E+03
                1.24617            5.6149E+03 
                1.24676            5.64791E+03
                1.24765            5.69762E+03
                1.24898            5.77284E+03
                1.24948            5.80138E+03
                1.25023            5.84438E+03
                1.25136            5.90934E+03
                1.25305            6.00802E+03
                1.25474            6.10819E+03
                1.25643            6.20951E+03
                1.25812            6.31166E+03
                1.25875            6.35036E+03
                1.2597             6.4083E+03 
                1.26113            6.49501E+03
                1.26167            6.52776E+03
                1.26247            6.57673E+03
                1.26368            6.64981E+03
                1.26548            6.75855E+03
                1.26616            6.79958E+03
                1.26718            6.86056E+03
                1.26871            6.95073E+03
                1.26928            6.98465E+03
                1.27014            7.03499E+03
                1.27143            7.10929E+03
                1.27337            7.2181E+03 
                1.2753             7.32445E+03
                1.27724            7.42788E+03
                1.27869            7.50386E+03
                1.28015            7.57779E+03
                1.2816             7.64959E+03
                1.28378            7.75185E+03
                1.2846             7.78995E+03
                1.28583            7.84499E+03
                1.28767            7.92294E+03
                1.28836            7.95192E+03
                1.2894             7.99373E+03
                1.29096            8.05276E+03
                1.29154            8.07467E+03
                1.29242            8.10625E+03
                1.29373            8.15074E+03
                1.2957             8.21104E+03
                1.29644            8.23317E+03
                1.29755            8.26401E+03
                1.29922            8.30509E+03
                1.29984            8.32008E+03
                1.30078            8.34081E+03
                1.30218            8.36802E+03
                1.30429            8.40049E+03
                1.30535            8.41517E+03
                1.30641            8.42771E+03
                1.30799            8.4416E+03 
                1.30858            8.44642E+03
                1.30947            8.45204E+03
                1.31081            8.45706E+03
                1.31282            8.4576E+03 
                1.31583            8.44417E+03
                1.31658            8.44064E+03
                1.31734            8.43613E+03
                1.31847            8.42705E+03
                1.32016            8.40908E+03
                1.3208             8.40208E+03
                1.32175            8.39024E+03
                1.32318            8.36974E+03
                1.32533            8.33383E+03
                1.32614            8.32015E+03
                1.32735            8.29789E+03
                1.32916            8.26124E+03
                1.33189            8.20057E+03
                1.33461            8.13575E+03
                1.33529            8.1198E+03 
                1.33597            8.10348E+03
                1.337              8.07807E+03
                1.33853            8.03845E+03
                1.33911            8.02367E+03
                1.33997            8.00108E+03
                1.34126            7.96643E+03
                1.34321            7.91336E+03
                1.34394            7.89372E+03
                1.34503            7.86387E+03
                1.34667            7.81862E+03
                1.34729            7.80189E+03
                1.34821            7.77665E+03
                1.3496             7.73875E+03
                1.35167            7.6826E+03 
                1.35245            7.6621E+03 
                1.35362            7.6315E+03 
                1.35538            7.58645E+03
                1.35801            7.52193E+03
                1.359              7.49882E+03
                1.36049            7.46483E+03
                1.36271            7.41616E+03
                1.36355            7.39873E+03
                1.3648             7.37314E+03
                1.36668            7.33634E+03
                1.36738            7.32312E+03
                1.36844            7.30367E+03
                1.37003            7.27546E+03
                1.37062            7.26528E+03
                1.37151            7.25024E+03
                1.37285            7.22823E+03
                1.37486            7.19659E+03
                1.37562            7.18529E+03
                1.37675            7.16852E+03
                1.37844            7.1438E+03 
                1.38099            7.10775E+03
                1.38195            7.09492E+03
                1.38338            7.07549E+03
                1.38553            7.04613E+03
                1.38634            7.03552E+03
                1.38755            7.01932E+03
                1.38936            6.99458E+03
                1.39004            6.98554E+03
                1.39107            6.97171E+03
                1.3926             6.95049E+03
                1.3949             6.91791E+03
                1.39576            6.90606E+03
                1.39706            6.88778E+03
                1.399              6.85957E+03
                1.39973            6.84924E+03
                1.40082            6.8334E+03 
                1.40246            6.8091E+03 
                1.40492            6.77218E+03
                1.40739            6.73553E+03
                1.40985            6.69928E+03
                1.41232            6.66374E+03
                1.41601            6.6131E+03 
                1.41972            6.56788E+03
                1.42342            6.52956E+03
                1.42713            6.49982E+03
                1.43084            6.48025E+03
                1.43176            6.47673E+03
                1.43269            6.47362E+03
                1.43408            6.47E+03   
                1.43617            6.468E+03  
                1.43931            6.47408E+03
                1.44048            6.47834E+03
                1.44225            6.48715E+03
                1.4449             6.50669E+03
                1.44589            6.51545E+03
                1.44738            6.5303E+03 
                1.44887            6.54718E+03
                1.45036            6.56607E+03
                1.45092            6.5736E+03 
                1.45176            6.58539E+03
                1.45302            6.60423E+03
                1.4549             6.63524E+03
                1.45679            6.66914E+03
                1.45868            6.7056E+03 
                1.46057            6.74428E+03
                1.46246            6.78487E+03
                1.46435            6.82703E+03
                1.46506            6.84329E+03
                1.46613            6.86785E+03
                1.46772            6.90502E+03
                1.46832            6.91921E+03
                1.46922            6.94052E+03
                1.47057            6.97244E+03
                1.47259            7.01991E+03
                1.47335            7.03795E+03
                1.47449            7.06459E+03
                1.47619            7.10338E+03
                1.47683            7.11798E+03
                1.47779            7.13937E+03
                1.47924            7.17017E+03
                1.47978            7.1817E+03 
                1.48059            7.19848E+03
                1.4818             7.22247E+03
                1.48363            7.25555E+03
                1.48431            7.26779E+03
                1.48534            7.28505E+03
                1.48688            7.30827E+03
                1.48746            7.31678E+03
                1.48833            7.32863E+03
                1.48963            7.34421E+03
                1.49158            7.36257E+03
                1.49231            7.36903E+03
                1.49341            7.37692E+03
                1.49506            7.38459E+03
                1.49753            7.38659E+03
                1.49846            7.38641E+03
                1.49985            7.38271E+03
                1.50193            7.36955E+03
                1.50402            7.34906E+03
                1.50611            7.32101E+03
                1.5082             7.28526E+03
                1.51029            7.24173E+03
                1.51238            7.19043E+03
                1.51447            7.13139E+03
                1.51656            7.06472E+03
                1.51866            6.99059E+03
                1.52075            6.90921E+03
                1.52153            6.87793E+03
                1.52271            6.82854E+03
                1.52448            6.74937E+03
                1.52514            6.71922E+03
                1.52613            6.6724E+03 
                1.52763            6.59886E+03
                1.52986            6.48197E+03
                1.5307             6.43757E+03
                1.53196            6.36889E+03
                1.53385            6.26179E+03
                1.53669            6.09377E+03
                1.53775            6.03029E+03
                1.53935            5.9328E+03 
                1.54174            5.78287E+03
                1.54264            5.72655E+03
                1.54399            5.641E+03  
                1.54601            5.51112E+03
                1.54904            5.31501E+03
                1.55207            5.11962E+03
                1.55435            4.9742E+03 
                1.55663            4.83003E+03
                1.5589             4.68773E+03
                1.56118            4.54781E+03
                1.56346            4.41075E+03
                1.56574            4.27698E+03
                1.56802            4.14698E+03
                1.5703             4.02123E+03
                1.57116            3.97494E+03
                1.57244            3.90674E+03
                1.57373            3.84005E+03
                1.57501            3.77502E+03
                1.57629            3.71178E+03
                1.57822            3.62118E+03
                1.57967            3.55606E+03
                1.58111            3.49374E+03
                1.58256            3.4344E+03 
                1.584              3.37822E+03
                1.58545            3.32536E+03
                1.5869             3.276E+03  
                1.58907            3.20999E+03
                1.59124            3.15251E+03
                1.59341            3.10343E+03
                1.59558            3.06243E+03
                1.59775            3.02905E+03
                1.59993            3.00273E+03
                1.6021             3.00273E+03
                1.60536            3.00273E+03
                1.60862            3.00273E+03
                1.61189            3.00273E+03
                1.61515            3.00273E+03
                1.61842            3.00273E+03
                1.62169            3.00273E+03
                1.62496            3.00273E+03
                1.62823            3.00273E+03
                1.6315             3.00273E+03




