
                  X                 uf1       

                0.                -0.         
               39.94E-09           1.05619E-03
              319.041E-09          7.76202E-03
                1.70601E-06       36.7966E-03 
                7.53894E-06      155.939E-03  
               29.9775E-06       610.068E-03  
              111.812E-06          2.26025    
              399.954E-06          8.05936    
                1.38837E-03       27.9104     
                4.70264E-03       94.165      
               15.5512E-03       308.149      
               49.9952E-03       960.112      
              154.626E-03          2.70984E+03
              332.945E-03          5.04535E+03
              586.885E-03          7.3919E+03 
              909.771E-03          9.35718E+03
                1.28815           10.8361E+03 
                1.70365           11.8885E+03 
                2.13477           12.619E+03  
                2.55878           13.1213E+03 
                2.95349           13.4651E+03 
                3.29914           13.6988E+03 
                3.5802            13.8539E+03 
                3.78725           13.9533E+03 
                3.91875           14.0103E+03 
                3.98295           14.0367E+03 
                3.98309           14.0288E+03 
                3.98319           14.0326E+03 
                3.9833            14.036E+03  
                3.9834            14.0383E+03 
                3.9835            14.0397E+03 
                3.98353           14.0399E+03 
                3.98356           14.0401E+03 
                3.98356           14.0402E+03 
                3.98358           14.0403E+03 
                3.9836            14.0404E+03 
                3.98361           14.0405E+03 
                3.98362           14.0405E+03 
                3.98364           14.0406E+03 
                3.98367           14.0406E+03 
                3.98367           14.0406E+03 
                3.98368           14.0406E+03 
                3.98369           14.0406E+03 
                3.98371           14.0406E+03 
                3.98373           14.0405E+03 
                3.98375           14.0405E+03 
                3.98377           14.0405E+03 
                3.98381           14.0404E+03 
                3.98384           14.0403E+03 
                3.98387           14.0403E+03 
                3.98391           14.0402E+03 
                3.98398           14.04E+03   
                3.98408           14.0398E+03 
                3.98422           14.0392E+03 
                3.98437           14.0388E+03 
                3.98451           14.0387E+03 
                3.98465           14.0388E+03 
                3.9848            14.039E+03  
                3.98494           14.0392E+03 
                3.98508           14.0392E+03 
                3.98522           14.0392E+03 
                3.98536           14.0392E+03 
                3.9855            14.0391E+03 
                3.98563           14.0392E+03 
                3.98577           14.0393E+03 
                3.98597           14.0396E+03 
                3.98617           14.0398E+03 
                3.98637           14.04E+03   
                3.98657           14.0401E+03 
                3.98677           14.0401E+03 
                3.98696           14.0401E+03 
                3.98715           14.0401E+03 
                3.98734           14.0401E+03 
                3.98753           14.0402E+03 
                3.98772           14.0403E+03 
                3.9879            14.0404E+03 
                3.98808           14.0405E+03 
                3.98836           14.0406E+03 
                3.98862           14.0407E+03 
                3.98889           14.0408E+03 
                3.98914           14.0409E+03 
                3.9894            14.041E+03  
                3.98978           14.0412E+03 
                3.99032           14.0414E+03 
                3.99111           14.0417E+03 
                3.99221           14.0421E+03 
                3.99368           14.0427E+03 
                3.99554           14.0434E+03 
                3.99759           14.0442E+03 
                3.99933           14.0447E+03 
                4.                14.0453E+03 
                4.                14.0453E+03 





                  X                 uf1       

                0.                -0.         
               39.94E-09           1.05619E-03
              319.041E-09          7.76202E-03
                1.70601E-06       36.7966E-03 
                7.53894E-06      155.939E-03  
               29.9775E-06       610.068E-03  
              111.812E-06          2.26025    
              399.954E-06          8.05936    
                1.38837E-03       27.9104     
                4.70264E-03       94.165      
               15.5512E-03       308.149      
               49.9952E-03       960.112      
              154.626E-03          2.70984E+03
              332.945E-03          5.04535E+03
              586.885E-03          7.3919E+03 
              909.771E-03          9.35718E+03
                1.28815           10.8361E+03 
                1.70365           11.8885E+03 
                2.13477           12.619E+03  
                2.55878           13.1213E+03 
                2.95349           13.4651E+03 
                3.29914           13.6988E+03 
                3.5802            13.8539E+03 
                3.78725           13.9533E+03 
                3.91875           14.0103E+03 
                3.98295           14.0367E+03 
                3.98309           14.0288E+03 
                3.98319           14.0326E+03 
                3.9833            14.036E+03  
                3.9834            14.0383E+03 
                3.9835            14.0397E+03 
                3.98353           14.0399E+03 
                3.98356           14.0401E+03 
                3.98356           14.0402E+03 
                3.98358           14.0403E+03 
                3.9836            14.0404E+03 
                3.98361           14.0405E+03 
                3.98362           14.0405E+03 
                3.98364           14.0406E+03 
                3.98367           14.0406E+03 
                3.98367           14.0406E+03 
                3.98368           14.0406E+03 
                3.98369           14.0406E+03 
                3.98371           14.0406E+03 
                3.98373           14.0405E+03 
                3.98375           14.0405E+03 
                3.98377           14.0405E+03 
                3.98381           14.0404E+03 
                3.98384           14.0403E+03 
                3.98387           14.0403E+03 
                3.98391           14.0402E+03 
                3.98398           14.04E+03   
                3.98408           14.0398E+03 
                3.98422           14.0392E+03 
                3.98437           14.0388E+03 
                3.98451           14.0387E+03 
                3.98465           14.0388E+03 
                3.9848            14.039E+03  
                3.98494           14.0392E+03 
                3.98508           14.0392E+03 
                3.98522           14.0392E+03 
                3.98536           14.0392E+03 
                3.9855            14.0391E+03 
                3.98563           14.0392E+03 
                3.98577           14.0393E+03 
                3.98597           14.0396E+03 
                3.98617           14.0398E+03 
                3.98637           14.04E+03   
                3.98657           14.0401E+03 
                3.98677           14.0401E+03 
                3.98696           14.0401E+03 
                3.98715           14.0401E+03 
                3.98734           14.0401E+03 
                3.98753           14.0402E+03 
                3.98772           14.0403E+03 
                3.9879            14.0404E+03 
                3.98808           14.0405E+03 
                3.98836           14.0406E+03 
                3.98862           14.0407E+03 
                3.98889           14.0408E+03 
                3.98914           14.0409E+03 
                3.9894            14.041E+03  
                3.98978           14.0412E+03 
                3.99032           14.0414E+03 
                3.99111           14.0417E+03 
                3.99221           14.0421E+03 
                3.99368           14.0427E+03 
                3.99554           14.0434E+03 
                3.99759           14.0442E+03 
                3.99933           14.0447E+03 
                4.                14.0453E+03 
                4.                14.0453E+03 




