
                  X              uf-100-exp   

                0.                -0.         
               39.94E-09         121.93E-03   
              319.041E-09        604.472E-03  
                1.70601E-06        1.52163    
                7.53894E-06        3.3765     
               29.9775E-06         6.84795    
              111.812E-06         13.7544     
              399.954E-06         30.3763     
                1.38837E-03       77.4537     
                4.70264E-03      221.687      
               15.5512E-03       675.016      
               49.9952E-03         2.0892E+03 
              154.626E-03          6.35316E+03
              450.699E-03         18.3766E+03 
              605.155E-03         24.6862E+03 
              668.784E-03         27.2313E+03 
              769.728E-03         31.1813E+03 
              932.66E-03          37.1983E+03 
              943.272E-03         37.779E+03  
              953.931E-03         38.1253E+03 
              957.94E-03          38.2553E+03 
              958.316E-03         38.2688E+03 
              958.881E-03         38.2878E+03 
              959.728E-03         38.3141E+03 
              960.045E-03         38.3239E+03 
              960.522E-03         38.3383E+03 
              961.237E-03         38.3593E+03 
              961.505E-03         38.3672E+03 
              961.908E-03         38.3791E+03 
              962.511E-03         38.3965E+03 
              963.417E-03         38.4223E+03 
              964.776E-03         38.4603E+03 
              966.817E-03         38.5161E+03 
              968.859E-03         38.5716E+03 
              970.902E-03         38.6262E+03 
              971.669E-03         38.6475E+03 
              972.82E-03          38.6781E+03 
              974.547E-03         38.7223E+03 
              975.195E-03         38.7396E+03 
              976.167E-03         38.7646E+03 
              977.626E-03         38.8003E+03 
              978.173E-03         38.8141E+03 
              978.995E-03         38.8338E+03 
              980.227E-03         38.8606E+03 
              982.077E-03         38.888E+03  
              982.771E-03         38.8969E+03 
              983.812E-03         38.9022E+03 
              985.375E-03         38.88E+03   
              985.961E-03         38.8674E+03 
              986.841E-03         38.8336E+03 
              988.161E-03         38.7354E+03 
              990.142E-03         38.4157E+03 
              990.886E-03         38.2688E+03 
              992.001E-03         37.9707E+03 
              993.676E-03         37.3043E+03 
              994.304E-03         37.022E+03  
              995.246E-03         36.5164E+03 
              996.661E-03         35.5582E+03 
              998.784E-03         33.6776E+03 
              999.58E-03          32.9127E+03 
                1.00078           31.6396E+03 
                1.00257           29.5158E+03 
                1.00324           28.6942E+03 
                1.00425           27.4183E+03 
                1.00577           25.4627E+03 
                1.00804           22.596E+03  
                1.01032           19.9061E+03 
                1.0126            17.4458E+03 
                1.01345           16.5582E+03 
                1.01378           16.2303E+03 
                1.01426           15.7493E+03 
                1.01498           15.0521E+03 
                1.01606           14.0598E+03 
                1.01769           12.6808E+03 
                1.02013           10.8155E+03 
                1.02379            8.40646E+03
                1.0293             5.78262E+03
                1.03758            4.51981E+03
                1.05005            7.60601E+03
                1.06885           15.7206E+03 
                1.09729           22.4696E+03 
                1.14043           23.0949E+03 
                1.20621           22.6195E+03 
                1.23119           22.7796E+03 
                1.26896           23.4294E+03 
                1.28322           23.7328E+03 
                1.28858           23.8497E+03 
                1.29059           23.8939E+03 
                1.29361           23.9563E+03 
                1.29474           23.9806E+03 
                1.29644           24.0158E+03 
                1.29899           24.0677E+03 
                1.29994           24.088E+03  
                1.30138           24.1174E+03 
                1.30353           24.1604E+03 
                1.30434           24.1771E+03 
                1.30555           24.2014E+03 
                1.30737           24.2367E+03 
                1.3101            24.2879E+03 
                1.31283           24.3375E+03 
                1.31352           24.3505E+03 
                1.31454           24.369E+03  
                1.31608           24.3947E+03 
                1.31839           24.4283E+03 
                1.31925           24.4409E+03 
                1.32055           24.4568E+03 
                1.3225            24.472E+03  
                1.32542           24.4577E+03 
                1.32835           24.3806E+03 
                1.33128           24.209E+03  
                1.33421           23.9131E+03 
                1.33531           23.7841E+03 
                1.33696           23.5427E+03 
                1.33944           23.069E+03  
                1.34036           22.8764E+03 
                1.34176           22.5519E+03 
                1.34385           21.9938E+03 
                1.34699           21.0427E+03 
                1.35013           20.0311E+03 
                1.35091           19.7762E+03 
                1.35209           19.389E+03  
                1.35386           18.8068E+03 
                1.35651           17.9513E+03 
                1.35916           17.1234E+03 
                1.36182           16.3234E+03 
                1.36448           15.5465E+03 
                1.36514           15.3543E+03 
                1.36614           15.0681E+03 
                1.36763           14.6428E+03 
                1.36988           14.0119E+03 
                1.37072           13.7768E+03 
                1.37198           13.4253E+03 
                1.37388           12.9012E+03 
                1.37672           12.1285E+03 
                1.37779           11.842E+03  
                1.37939           11.4182E+03 
                1.3818            10.8042E+03 
                1.3827            10.5781E+03 
                1.38405           10.2474E+03 
                1.38608            9.77479E+03
                1.38912            9.128E+03  
                1.39026            8.89554E+03
                1.39198            8.5671E+03 
                1.39455            8.12179E+03
                1.39841            7.55333E+03
                1.40421            6.89839E+03
                1.40566            6.7489E+03 
                1.40711            6.60999E+03
                1.40928            6.42698E+03
                1.41255            6.21827E+03
                1.41377            6.15079E+03
                1.41561            6.07239E+03
                1.41837            6.0148E+03 
                1.42251            6.07736E+03
                1.42873            6.48182E+03
                1.43807            7.59162E+03
                1.4521             9.77382E+03
                1.45342            9.98783E+03
                1.45539           10.3106E+03 
                1.45836           10.8031E+03 
                1.46281           11.5476E+03 
                1.46727           12.2765E+03 
                1.47173           12.962E+03  
                1.47842           13.7914E+03 
                1.48848           14.365E+03  
                1.50359           13.8348E+03 
                1.52632           12.076E+03  
                1.56056           11.0056E+03 
                1.6122            11.6642E+03 
                1.69023           12.618E+03  
                1.71964           12.8886E+03 
                1.7224            12.9183E+03 
                1.72655           12.9508E+03 
                1.73276           12.9918E+03 
                1.7351            13.0073E+03 
                1.73859           13.0277E+03 
                1.74384           13.0542E+03 
                1.74581           13.0644E+03 
                1.74877           13.0779E+03 
                1.7532            13.096E+03  
                1.75486           13.1032E+03 
                1.75736           13.1128E+03 
                1.7611            13.1264E+03 
                1.76671           13.1467E+03 
                1.77514           13.1784E+03 
                1.78779           13.2308E+03 
                1.80678           13.3276E+03 
                1.83531           13.5254E+03 
                1.87816           13.8706E+03 
                1.94256           14.3709E+03 
                1.96673           14.5555E+03 
                2.003             14.8206E+03 
                2.0064            14.8452E+03 
                2.00767           14.8544E+03 
                2.00959           14.8682E+03 
                2.01245           14.8889E+03 
                2.01353           14.8966E+03 
                2.01514           14.9082E+03 
                2.01756           14.9256E+03 
                2.01847           14.9321E+03 
                2.01983           14.9418E+03 
                2.02188           14.9565E+03 
                2.02494           14.9784E+03 
                2.02953           15.0092E+03 
                2.03643           15.0181E+03 
                2.03901           15.0136E+03 
                2.04289           14.9798E+03 
                2.0487            14.8477E+03 
                2.05742           14.5576E+03 
                2.0705            14.2746E+03 
                2.09011           14.2834E+03 
                2.1195            14.7033E+03 
                2.16354           15.2828E+03 
                2.22942           15.7737E+03 
                2.32768           16.4193E+03 
                2.47325           17.4363E+03 
                2.52713           17.7864E+03 
                2.60705           18.3693E+03 
                2.60891           18.3426E+03 
                2.6117            18.3504E+03 
                2.61274           18.3556E+03 
                2.61431           18.3661E+03 
                2.61666           18.3829E+03 
                2.62018           18.4082E+03 
                2.6215            18.4164E+03 
                2.62348           18.4301E+03 
                2.62645           18.4516E+03 
                2.62942           18.4728E+03 
                2.63238           18.4947E+03 
                2.63535           18.5173E+03 
                2.63831           18.5409E+03 
                2.64127           18.5653E+03 
                2.64423           18.5898E+03 
                2.64718           18.6133E+03 
                2.64829           18.6209E+03 
                2.64995           18.6327E+03 
                2.65244           18.6467E+03 
                2.65618           18.6444E+03 
                2.65758           18.6379E+03 
                2.65968           18.6168E+03 
                2.66282           18.5416E+03 
                2.66597           18.4061E+03 
                2.66911           18.1989E+03 
                2.67225           17.9156E+03 
                2.67539           17.5612E+03 
                2.67656           17.4178E+03 
                2.67833           17.1856E+03 
                2.68097           16.8107E+03 
                2.68494           16.2489E+03 
                2.68593           16.1078E+03 
                2.68692           15.9695E+03 
                2.6884            15.771E+03  
                2.69063           15.5021E+03 
                2.69146           15.405E+03  
                2.69271           15.2716E+03 
                2.69459           15.1018E+03 
                2.69529           15.0419E+03 
                2.69635           14.9627E+03 
                2.69793           14.8677E+03 
                2.7003            14.7747E+03 
                2.70119           14.7457E+03 
                2.70253           14.7169E+03 
                2.70453           14.6998E+03 
                2.70752           14.7082E+03 
                2.71202           14.7181E+03 
                2.71651           14.6618E+03 
                2.72099           14.5055E+03 
                2.7277            14.0748E+03 
                2.73776           13.4037E+03 
                2.75279           13.2102E+03 
                2.77524           14.2254E+03 
                2.78362           14.7021E+03 
                2.79616           15.4183E+03 
                2.79733           15.4777E+03 
                2.79909           15.573E+03  
                2.80173           15.7141E+03 
                2.80272           15.765E+03  
                2.8042            15.8401E+03 
                2.80642           15.9465E+03 
                2.80726           15.9844E+03 
                2.8085            16.0396E+03 
                2.81038           16.1166E+03 
                2.81318           16.2165E+03 
                2.81599           16.2981E+03 
                2.81669           16.3163E+03 
                2.81739           16.3338E+03 
                2.81844           16.3582E+03 
                2.82002           16.3891E+03 
                2.82238           16.4197E+03 
                2.82327           16.4278E+03 
                2.8246            16.4349E+03 
                2.82659           16.43E+03   
                2.82957           16.367E+03  
                2.83069           16.3329E+03 
                2.83237           16.2582E+03 
                2.83488           16.0738E+03 
                2.83865           15.6105E+03 
                2.83959           15.4809E+03 
                2.84053           15.3403E+03 
                2.84194           15.1055E+03 
                2.84406           14.7101E+03 
                2.84485           14.5556E+03 
                2.84604           14.3161E+03 
                2.84782           13.9524E+03 
                2.84849           13.8155E+03 
                2.84949           13.6136E+03 
                2.851             13.3274E+03 
                2.85325           12.9588E+03 
                2.85409           12.8292E+03 
                2.85536           12.6602E+03 
                2.85726           12.4659E+03 
                2.85797           12.4005E+03 
                2.85904           12.3214E+03 
                2.86064           12.2401E+03 
                2.86124           12.2141E+03 
                2.86214           12.1855E+03 
                2.86349           12.1616E+03 
                2.86399           12.1546E+03 
                2.86475           12.1489E+03 
                2.86589           12.1479E+03 
                2.86632           12.1481E+03 
                2.86696           12.1501E+03 
                2.86791           12.1549E+03 
                2.86935           12.1603E+03 
                2.87151           12.1473E+03 
                2.87366           12.0959E+03 
                2.87582           11.9906E+03 
                2.87662           11.942E+03  
                2.87783           11.8485E+03 
                2.87965           11.6534E+03 
                2.88237           11.2298E+03 
                2.88339           11.0512E+03 
                2.88491           10.7461E+03 
                2.8872            10.225E+03  
                2.88806           10.021E+03  
                2.88935            9.70451E+03
                2.89128            9.22724E+03
                2.89417            8.57227E+03
                2.89851            7.85472E+03
                2.90013            7.62475E+03
                2.90257            7.3821E+03 
                2.90622            7.22681E+03
                2.90758            7.19432E+03
                2.90963            7.20437E+03
                2.9104             7.21497E+03
                2.91155            7.24751E+03
                2.91328            7.32736E+03
                2.91587            7.49566E+03
                2.91684            7.56311E+03
                2.91829            7.67434E+03
                2.91884            7.71665E+03
                2.91965            7.78214E+03
                2.92088            7.88165E+03
                2.92134            7.91856E+03
                2.92203            7.97363E+03
                2.92306            8.05365E+03
                2.92461            8.16206E+03
                2.92694            8.28443E+03
                2.93042            8.36369E+03
                2.93172            8.37663E+03
                2.93368            8.36868E+03
                2.93661            8.31546E+03
                2.93954            8.24983E+03
                2.94246            8.2036E+03 
                2.94356            8.18922E+03
                2.9452             8.18429E+03
                2.94767            8.2241E+03 
                2.95136            8.40914E+03
                2.95689            8.93673E+03
                2.96516            9.91406E+03
                2.96825           10.2772E+03 
                2.97289           10.7604E+03 
                2.97463           10.9249E+03 
                2.97723           11.133E+03  
                2.98113           11.3232E+03 
                2.98259           11.3735E+03 
                2.98478           11.4079E+03 
                2.98806           11.3617E+03 
                2.98929           11.3285E+03 
                2.99113           11.2513E+03 
                2.9939            11.077E+03  
                2.99804           10.7165E+03 
                2.99959           10.5665E+03 
                3.00191           10.325E+03  
                3.00423           10.0705E+03 
                3.00655            9.80949E+03
                3.01003            9.42244E+03
                3.01133            9.27631E+03
                3.01328            9.06488E+03
                3.01401            8.98563E+03
                3.01511            8.86996E+03
                3.01675            8.70296E+03
                3.01922            8.46663E+03
                3.02291            8.14203E+03
                3.02429            8.02175E+03
                3.02637            7.85252E+03
                3.02947            7.6153E+03 
                3.03413            7.28816E+03
                3.04109            6.87957E+03
                3.04369            6.73373E+03
                3.0476             6.56108E+03
                3.04857            6.51793E+03
                3.04955            6.47878E+03
                3.05101            6.42836E+03
                3.0532             6.37019E+03
                3.05648            6.32547E+03
                3.06139            6.35746E+03
                3.06323            6.37935E+03
                3.06599            6.44631E+03
                3.06702            6.47387E+03
                3.06857            6.52565E+03
                3.06915            6.54565E+03
                3.07002            6.57882E+03
                3.07133            6.63436E+03
                3.07182            6.65536E+03
                3.07255            6.68872E+03
                3.07365            6.74219E+03
                3.0753             6.82812E+03
                3.07592            6.86021E+03
                3.07685            6.91036E+03
                3.07823            6.98863E+03
                3.08032            7.10943E+03
                3.08344            7.29131E+03
                3.08811            7.54899E+03
                3.08986            7.63886E+03
                3.09248            7.76948E+03
                3.09641            7.94047E+03
                3.09788            7.99748E+03
                3.10009            8.07641E+03
                3.10091            8.10339E+03
                3.10215            8.14176E+03
                3.10401            8.19154E+03
                3.1047             8.20791E+03
                3.10575            8.23038E+03
                3.10731            8.25745E+03
                3.10965            8.2789E+03 
                3.11316            8.25724E+03
                3.11448            8.23827E+03
                3.11645            8.19307E+03
                3.11719            8.1723E+03 
                3.1183             8.13571E+03
                3.11996            8.06642E+03
                3.12058            8.0374E+03 
                3.12151            7.98976E+03
                3.12291            7.90832E+03
                3.12501            7.76467E+03
                3.1271             7.60184E+03
                3.1292             7.42477E+03
                3.13129            7.23833E+03
                3.13442            6.95334E+03
                3.13911            6.54053E+03
                3.14086            6.38474E+03
                3.14152            6.32651E+03
                3.14251            6.2421E+03 
                3.14399            6.11986E+03
                3.1462             5.94407E+03
                3.14703            5.87766E+03
                3.14828            5.78166E+03
                3.14874            5.74551E+03
                3.14944            5.69251E+03
                3.15049            5.61508E+03
                3.15089            5.58585E+03
                3.15148            5.54275E+03
                3.15236            5.47946E+03
                3.15269            5.45558E+03
                3.15319            5.42023E+03
                3.15394            5.36816E+03
                3.15505            5.29166E+03
                3.15673            5.17969E+03
                3.15924            5.01684E+03
                3.163              4.78376E+03
                3.16863            4.46445E+03
                3.17073            4.34385E+03
                3.17389            4.18014E+03
                3.17507            4.11795E+03
                3.17551            4.09462E+03
                3.17618            4.06095E+03
                3.17717            4.01239E+03
                3.17755            3.99398E+03
                3.17811            3.96695E+03
                3.17895            3.92741E+03
                3.18021            3.86959E+03
                3.18209            3.78504E+03
                3.18492            3.66156E+03
                3.18915            3.48556E+03
                3.19548            3.24882E+03
                3.19785            3.15751E+03
                3.20139            3.03584E+03
                3.20272            2.98827E+03
                3.20471            2.92179E+03
                3.2067             2.85564E+03
                3.20868            2.78884E+03
                3.21166            2.68691E+03
                3.21611            2.52974E+03
                3.21778            2.46613E+03
                3.22028            2.37685E+03
                3.22121            2.34191E+03
                3.22261            2.29256E+03
                3.22314            2.27357E+03
                3.22393            2.24625E+03
                3.22511            2.20712E+03
                3.22555            2.19205E+03
                3.22622            2.17028E+03
                3.22721            2.13919E+03
                3.22871            2.09543E+03
                3.23094            2.0359E+03 
                3.23178            2.01271E+03
                3.23304            1.98149E+03
                3.23492            1.93991E+03
                3.23774            1.88671E+03
                3.24196            1.83168E+03
                3.24827            1.83905E+03
                3.25063            1.84946E+03
                3.25417            1.91112E+03
                3.25549            1.93663E+03
                3.25748            1.99106E+03
                3.26045            2.09874E+03
                3.26156            2.13971E+03
                3.26323            2.21046E+03
                3.26385            2.2369E+03 
                3.26479            2.2794E+03 
                3.2662             2.34712E+03
                3.2683             2.45333E+03
                3.27145            2.61571E+03
                3.27617            2.84695E+03
                3.27793            2.92586E+03
                3.2786             2.95464E+03
                3.27959            2.99877E+03
                3.28107            3.06306E+03
                3.2833             3.14935E+03
                3.28552            3.22071E+03
                3.28774            3.27495E+03
                3.28996            3.30978E+03
                3.29328            3.31657E+03
                3.29452            3.30916E+03
                3.29639            3.28694E+03
                3.29708            3.27536E+03
                3.29813            3.25496E+03
                3.2997             3.21593E+03
                3.30205            3.13932E+03
                3.30439            3.04669E+03
                3.30498            3.02094E+03
                3.30586            2.98223E+03
                3.30717            2.92254E+03
                3.30915            2.82903E+03
                3.30989            2.79184E+03
                3.31099            2.73687E+03
                3.31265            2.6555E+03 
                3.31328            2.62388E+03
                3.31421            2.57796E+03
                3.31561            2.51186E+03
                3.3177             2.41949E+03
                3.32084            2.30064E+03
                3.32553            2.17389E+03
                3.32729            2.12844E+03
                3.32794            2.11208E+03
                3.32893            2.09224E+03
                3.33041            2.06946E+03
                3.33096            2.0607E+03 
                3.33179            2.05015E+03
                3.33304            2.039E+03  
                3.3335             2.0346E+03 
                3.3342             2.0298E+03 
                3.33525            2.02596E+03
                3.33682            2.02641E+03
                3.33918            2.03968E+03
                3.3427             2.08442E+03
                3.34402            2.10063E+03
                3.34599            2.13596E+03
                3.34673            2.14867E+03
                3.34784            2.1713E+03 
                3.34951            2.20966E+03
                3.352              2.27194E+03
                3.35572            2.36663E+03
                3.35712            2.39766E+03
                3.35921            2.44741E+03
                3.35999            2.46416E+03
                3.36117            2.49044E+03
                3.36292            2.52852E+03
                3.36358            2.54099E+03
                3.36457            2.56005E+03
                3.36605            2.58716E+03
                3.36827            2.62161E+03
                3.37159            2.65842E+03
                3.37283            2.66648E+03
                3.37469            2.67897E+03
                3.37539            2.68181E+03
                3.37643            2.68684E+03
                3.378              2.69434E+03
                3.37859            2.69582E+03
                3.37947            2.69902E+03
                3.38078            2.7052E+03 
                3.38276            2.7177E+03 
                3.38572            2.74665E+03
                3.39014            2.80954E+03
                3.3918             2.8299E+03 
                3.39242            2.83744E+03
                3.39335            2.85163E+03
                3.39474            2.87525E+03
                3.39526            2.8832E+03 
                3.39604            2.89609E+03
                3.39722            2.91616E+03
                3.39897            2.94548E+03
                3.40161            2.9856E+03 
                3.40259            2.99722E+03
                3.40407            3.01655E+03
                3.40462            3.02269E+03
                3.40545            3.03279E+03
                3.40669            3.04854E+03
                3.40856            3.07265E+03
                3.40925            3.08002E+03
                3.4103             3.09305E+03
                3.41186            3.11508E+03
                3.41245            3.12225E+03
                3.41333            3.13471E+03
                3.41465            3.1556E+03 
                3.41514            3.16264E+03
                3.41589            3.17438E+03
                3.417              3.19349E+03
                3.41741            3.20003E+03
                3.41804            3.21057E+03
                3.41897            3.22724E+03
                3.42037            3.25242E+03
                3.42247            3.28688E+03
                3.42326            3.29701E+03
                3.42444            3.31227E+03
                3.42488            3.31699E+03
                3.42554            3.32405E+03
                3.42653            3.3331E+03 
                3.42691            3.33555E+03
                3.42746            3.33878E+03
                3.4283             3.34189E+03
                3.42955            3.34066E+03
                3.43002            3.33829E+03
                3.43073            3.33315E+03
                3.43178            3.32038E+03
                3.43336            3.28666E+03
                3.43573            3.19937E+03
                3.43809            3.07441E+03
                3.44045            2.91715E+03
                3.44398            2.63434E+03
                3.44925            2.16377E+03
                3.45122            1.97609E+03
                3.45417            1.70163E+03
                3.45857            1.29696E+03
                3.46515          735.013      
                3.46761          522.575      
                3.46853          443.666      
                3.46991          333.22       
                3.47043          291.399      
                3.4712           231.038      
                3.47236          144.252      
                3.4741            21.1544     
                3.47475          -25.8069     
                3.47572          -92.3424     
                3.47719         -185.68       
                3.47937         -313.633      
                3.48156         -432.187      
                3.48374         -541.654      
                3.487           -689.513      
                3.49187         -889.515      
                3.49914           -1.08414E+03
                3.50993           -1.11992E+03
                3.51262           -1.13344E+03
                3.51529           -1.11999E+03
                3.51928           -1.08411E+03
                3.52525           -1.07179E+03
                3.53412           -1.21963E+03
                3.54727           -1.64646E+03
                3.56663           -2.1714E+03 
                3.59484           -2.20828E+03
                3.63529           -1.34901E+03
                3.69172         -161.551      
                3.7667           283.111      
                3.85752           18.9809     
                3.94739         -124.416      
                3.99746          -68.3206     
                4.               -37.5194     

 MINIMUM        0.                -2.20828E+03
  AT X =                           3.59484    
 MAXIMUM        4.                38.9022E+03 
  AT X =                         983.812E-03  




