
                  X               uf-100-0    

                0.                -0.         
               39.94E-09         143.665E-03  
              319.041E-09        740.288E-03  
                1.70601E-06        1.88358    
                7.53894E-06        4.11869    
               29.9775E-06         8.46038    
              111.812E-06         18.3904     
              399.954E-06         45.7799     
                1.38837E-03      129.358      
                4.70264E-03      394.746      
               15.5512E-03         1.24302E+03
               49.9952E-03         3.90927E+03
              154.626E-03         11.9744E+03 
              450.699E-03         34.7564E+03 
              452.936E-03         36.208E+03  
              453.777E-03         36.3998E+03 
              454.092E-03         36.4418E+03 
              454.211E-03         36.4543E+03 
              454.388E-03         36.4683E+03 
              454.455E-03         36.473E+03  
              454.554E-03         36.4793E+03 
              454.592E-03         36.4816E+03 
              454.648E-03         36.4848E+03 
              454.732E-03         36.4895E+03 
              454.859E-03         36.4964E+03 
              454.906E-03         36.499E+03  
              454.977E-03         36.503E+03  
              455.084E-03         36.5091E+03 
              455.124E-03         36.5114E+03 
              455.184E-03         36.515E+03  
              455.274E-03         36.5204E+03 
              455.409E-03         36.5286E+03 
              455.544E-03         36.537E+03  
              455.679E-03         36.5455E+03 
              455.882E-03         36.558E+03  
              455.958E-03         36.5628E+03 
              456.072E-03         36.5698E+03 
              456.243E-03         36.5802E+03 
              456.5E-03           36.5954E+03 
              456.885E-03         36.6178E+03 
              457.463E-03         36.6508E+03 
              458.331E-03         36.6996E+03 
              458.549E-03         36.7127E+03 
              458.766E-03         36.7257E+03 
              459.092E-03         36.7444E+03 
              459.581E-03         36.7712E+03 
              460.07E-03          36.7973E+03 
              460.559E-03         36.8224E+03 
              461.294E-03         36.8563E+03 
              462.398E-03         36.8947E+03 
              463.502E-03         36.9155E+03 
              464.608E-03         36.91E+03   
              465.716E-03         36.8708E+03 
              466.825E-03         36.7919E+03 
              467.935E-03         36.6708E+03 
              469.046E-03         36.5088E+03 
              470.159E-03         36.3104E+03 
              471.273E-03         36.0828E+03 
              472.389E-03         35.8341E+03 
              473.506E-03         35.5731E+03 
              475.183E-03         35.1822E+03 
              476.864E-03         34.8265E+03 
              478.548E-03         34.5352E+03 
              480.235E-03         34.3334E+03 
              481.925E-03         34.2369E+03 
              483.618E-03         34.2499E+03 
              485.314E-03         34.3659E+03 
              487.863E-03         34.7171E+03 
              490.42E-03          35.1921E+03 
              492.983E-03         35.7343E+03 
              493.625E-03         35.8778E+03 
              494.588E-03         36.0922E+03 
              494.95E-03          36.1739E+03 
              495.492E-03         36.296E+03  
              496.307E-03         36.4784E+03 
              497.53E-03          36.7481E+03 
              497.989E-03         36.8503E+03 
              498.678E-03         36.9997E+03 
              499.712E-03         37.2148E+03 
              500.1E-03           37.2956E+03 
              500.683E-03         37.4124E+03 
              501.557E-03         37.5781E+03 
              501.885E-03         37.6401E+03 
              502.377E-03         37.7291E+03 
              503.116E-03         37.8542E+03 
              504.226E-03         38.0232E+03 
              505.336E-03         38.1737E+03 
              506.448E-03         38.3047E+03 
              507.561E-03         38.4162E+03 
              508.676E-03         38.5086E+03 
              509.791E-03         38.5829E+03 
              511.467E-03         38.6559E+03 
              512.096E-03         38.6811E+03 
              513.041E-03         38.7058E+03 
              514.459E-03         38.7221E+03 
              516.59E-03          38.72E+03   
              518.725E-03         38.7127E+03 
              520.865E-03         38.7173E+03 
              523.009E-03         38.7498E+03 
              525.158E-03         38.8221E+03 
              527.31E-03          38.9405E+03 
              529.468E-03         39.1058E+03 
              531.63E-03          39.3135E+03 
              532.171E-03         39.3713E+03 
              532.712E-03         39.4298E+03 
              533.525E-03         39.5202E+03 
              534.745E-03         39.6645E+03 
              535.661E-03         39.7787E+03 
              536.577E-03         39.8964E+03 
              536.921E-03         39.9419E+03 
              537.437E-03         40.0099E+03 
              538.212E-03         40.1125E+03 
              539.375E-03         40.2672E+03 
              541.122E-03         40.4962E+03 
              542.872E-03         40.7186E+03 
              543.31E-03          40.776E+03  
              543.967E-03         40.858E+03  
              544.953E-03         40.9746E+03 
              545.324E-03         41.0187E+03 
              545.462E-03         41.0352E+03 
              545.671E-03         41.0596E+03 
              545.983E-03         41.0953E+03 
              546.452E-03         41.147E+03  
              546.921E-03         41.1974E+03 
              547.391E-03         41.2465E+03 
              548.095E-03         41.3166E+03 
              549.152E-03         41.4136E+03 
              550.74E-03          41.5405E+03 
              552.33E-03          41.65E+03   
              553.923E-03         41.7413E+03 
              555.518E-03         41.8149E+03 
              557.115E-03         41.8714E+03 
              557.514E-03         41.8864E+03 
              557.914E-03         41.8996E+03 
              558.514E-03         41.9156E+03 
              559.414E-03         41.9336E+03 
              560.766E-03         41.95E+03   
              562.12E-03          41.9589E+03 
              563.475E-03         41.9616E+03 
              564.831E-03         41.9612E+03 
              566.19E-03          41.9618E+03 
              566.53E-03          41.9636E+03 
              566.87E-03          41.9651E+03 
              567.38E-03          41.9668E+03 
              568.145E-03         41.9709E+03 
              569.294E-03         41.9849E+03 
              569.726E-03         41.993E+03  
              570.373E-03         42.0072E+03 
              571.344E-03         42.0364E+03 
              571.709E-03         42.0497E+03 
              572.256E-03         42.0718E+03 
              573.077E-03         42.1113E+03 
              574.309E-03         42.1864E+03 
              575.543E-03         42.2779E+03 
              576.778E-03         42.3833E+03 
              578.014E-03         42.5004E+03 
              578.478E-03         42.5471E+03 
              579.175E-03         42.6187E+03 
              580.22E-03          42.73E+03   
              580.612E-03         42.7736E+03 
              581.201E-03         42.8393E+03 
              582.084E-03         42.9391E+03 
              583.41E-03          43.0913E+03 
              584.738E-03         43.246E+03  
              586.067E-03         43.4012E+03 
              587.397E-03         43.5556E+03 
              588.729E-03         43.7085E+03 
              590.063E-03         43.8592E+03 
              591.398E-03         44.007E+03  
              592.734E-03         44.1511E+03 
              594.072E-03         44.2907E+03 
              594.742E-03         44.3606E+03 
              595.412E-03         44.4284E+03 
              596.417E-03         44.5252E+03 
              596.794E-03         44.562E+03  
              597.36E-03          44.6151E+03 
              598.21E-03          44.691E+03  
              599.486E-03         44.7971E+03 
              599.964E-03         44.8375E+03 
              600.683E-03         44.8942E+03 
              601.761E-03         44.9725E+03 
              602.166E-03         45.0022E+03 
              602.773E-03         45.0439E+03 
              603.684E-03         45.1013E+03 
              605.052E-03         45.178E+03  
              605.566E-03         45.2074E+03 
              606.336E-03         45.247E+03  
              607.493E-03         45.2999E+03 
              607.927E-03         45.3202E+03 
              608.578E-03         45.3481E+03 
              609.556E-03         45.3861E+03 
              609.923E-03         45.4009E+03 
              610.473E-03         45.4216E+03 
              611.299E-03         45.4507E+03 
              612.539E-03         45.4931E+03 
              613.005E-03         45.5105E+03 
              613.703E-03         45.5357E+03 
              614.751E-03         45.5742E+03 
              615.144E-03         45.59E+03   
              615.735E-03         45.6139E+03 
              616.62E-03          45.6517E+03 
              617.95E-03          45.7166E+03 
              618.449E-03         45.7439E+03 
              619.198E-03         45.7866E+03 
              620.322E-03         45.8573E+03 
              622.01E-03          45.9804E+03 
              622.644E-03         46.0313E+03 
              623.595E-03         46.1104E+03 
              625.023E-03         46.2377E+03 
              627.167E-03         46.4448E+03 
              629.315E-03         46.664E+03  
              631.467E-03         46.8881E+03 
              633.622E-03         47.1111E+03 
              635.78E-03          47.3277E+03 
              636.32E-03          47.3842E+03 
              636.861E-03         47.4387E+03 
              637.672E-03         47.5169E+03 
              638.889E-03         47.6289E+03 
              640.717E-03         47.7847E+03 
              642.548E-03         47.9287E+03 
              644.381E-03         48.0588E+03 
              646.216E-03         48.1749E+03 
              648.054E-03         48.2776E+03 
              648.744E-03         48.3164E+03 
              649.78E-03          48.3675E+03 
              651.334E-03         48.4342E+03 
              652.891E-03         48.4944E+03 
              654.449E-03         48.5485E+03 
              656.789E-03         48.6186E+03 
              657.375E-03         48.6389E+03 
              657.961E-03         48.6574E+03 
              658.84E-03          48.6824E+03 
              659.72E-03          48.707E+03  
              660.601E-03         48.7315E+03 
              660.821E-03         48.7382E+03 
              661.151E-03         48.7479E+03 
              661.647E-03         48.7618E+03 
              662.143E-03         48.7755E+03 
              662.639E-03         48.7892E+03 
              663.135E-03         48.8029E+03 
              663.632E-03         48.8166E+03 
              664.128E-03         48.8301E+03 
              664.625E-03         48.8434E+03 
              665.122E-03         48.8564E+03 
              665.619E-03         48.8689E+03 
              666.116E-03         48.8808E+03 
              666.614E-03         48.892E+03  
              667.112E-03         48.9021E+03 
              667.609E-03         48.911E+03  
              668.107E-03         48.9184E+03 
              668.606E-03         48.9239E+03 
              669.104E-03         48.9274E+03 
              669.602E-03         48.9283E+03 
              670.101E-03         48.9263E+03 
              670.6E-03           48.921E+03  
              671.099E-03         48.9119E+03 
              671.598E-03         48.8985E+03 
              671.723E-03         48.8951E+03 
              671.848E-03         48.8913E+03 
              672.035E-03         48.885E+03  
              672.316E-03         48.8736E+03 
              672.737E-03         48.8523E+03 
              673.37E-03          48.81E+03   
              674.003E-03         48.7566E+03 
              674.636E-03         48.6912E+03 
              675.269E-03         48.6128E+03 
              675.903E-03         48.521E+03  
              676.854E-03         48.3539E+03 
              677.805E-03         48.1626E+03 
              678.758E-03         47.9533E+03 
              679.115E-03         47.8734E+03 
              679.651E-03         47.7491E+03 
              680.187E-03         47.6225E+03 
              680.724E-03         47.495E+03  
              681.26E-03          47.3679E+03 
              681.797E-03         47.2421E+03 
              681.931E-03         47.211E+03  
              682.065E-03         47.18E+03   
              682.267E-03         47.1336E+03 
              682.569E-03         47.0645E+03 
              683.022E-03         46.9625E+03 
              683.702E-03         46.8127E+03 
              684.383E-03         46.666E+03  
              685.064E-03         46.521E+03  
              685.745E-03         46.3765E+03 
              686.427E-03         46.232E+03  
              687.108E-03         46.0877E+03 
              687.79E-03          45.945E+03  
              688.473E-03         45.806E+03  
              689.156E-03         45.6734E+03 
              689.839E-03         45.5502E+03 
              690.522E-03         45.4393E+03 
              690.693E-03         45.4128E+03 
              690.864E-03         45.387E+03  
              691.12E-03          45.3503E+03 
              691.505E-03         45.2999E+03 
              692.082E-03         45.2361E+03 
              692.659E-03         45.1848E+03 
              693.237E-03         45.1459E+03 
              693.815E-03         45.1185E+03 
              694.393E-03         45.1015E+03 
              694.971E-03         45.0933E+03 
              695.55E-03          45.0927E+03 
              696.129E-03         45.0982E+03 
              696.708E-03         45.1087E+03 
              697.287E-03         45.1232E+03 
              698.156E-03         45.1524E+03 
              699.026E-03         45.1899E+03 
              699.896E-03         45.2368E+03 
              700.767E-03         45.2948E+03 
              701.638E-03         45.3654E+03 
              702.51E-03          45.4499E+03 
              703.818E-03         45.6087E+03 
              705.128E-03         45.7996E+03 
              706.438E-03         46.0189E+03 
              707.75E-03          46.2623E+03 
              709.063E-03         46.5242E+03 
              710.377E-03         46.7982E+03 
              711.692E-03         47.0762E+03 
              713.009E-03         47.3486E+03 
              714.326E-03         47.605E+03  
              715.644E-03         47.8347E+03 
              716.964E-03         48.0284E+03 
              718.285E-03         48.1791E+03 
              718.615E-03         48.2151E+03 
              719.111E-03         48.2616E+03 
              719.296E-03         48.2782E+03 
              719.366E-03         48.2844E+03 
              719.471E-03         48.2932E+03 
              719.628E-03         48.3057E+03 
              719.863E-03         48.3227E+03 
              720.216E-03         48.3444E+03 
              720.746E-03         48.3687E+03 
              721.541E-03         48.3876E+03 
              722.734E-03         48.3796E+03 
              723.929E-03         48.3411E+03 
              725.124E-03         48.2765E+03 
              725.722E-03         48.2392E+03 
              726.32E-03          48.1962E+03 
              726.544E-03         48.1796E+03 
              726.881E-03         48.1529E+03 
              727.386E-03         48.1093E+03 
              728.143E-03         48.0376E+03 
              729.281E-03         47.9181E+03 
              730.419E-03         47.7884E+03 
              731.558E-03         47.6476E+03 
              732.698E-03         47.4948E+03 
              733.839E-03         47.3287E+03 
              734.266E-03         47.2654E+03 
              734.909E-03         47.1648E+03 
              735.872E-03         47.0018E+03 
              736.836E-03         46.8274E+03 
              737.801E-03         46.641E+03  
              738.766E-03         46.4427E+03 
              739.732E-03         46.2332E+03 
              739.974E-03         46.1808E+03 
              740.216E-03         46.1276E+03 
              740.578E-03         46.046E+03  
              741.122E-03         45.9202E+03 
              741.666E-03         45.7921E+03 
              742.21E-03          45.6623E+03 
              742.754E-03         45.5316E+03 
              743.299E-03         45.4007E+03 
              744.116E-03         45.2063E+03 
              744.934E-03         45.0179E+03 
              745.752E-03         44.8382E+03 
              746.57E-03          44.6699E+03 
              747.389E-03         44.5152E+03 
              748.208E-03         44.3756E+03 
              749.028E-03         44.2521E+03 
              749.848E-03         44.1452E+03 
              750.668E-03         44.0549E+03 
              750.976E-03         44.0238E+03 
              751.438E-03         43.9819E+03 
              751.611E-03         43.9671E+03 
              751.871E-03         43.9463E+03 
              752.26E-03          43.9183E+03 
              752.845E-03         43.8841E+03 
              753.065E-03         43.8727E+03 
              753.394E-03         43.8579E+03 
              753.887E-03         43.841E+03  
              754.381E-03         43.8298E+03 
              754.875E-03         43.8242E+03 
              755.37E-03          43.8242E+03 
              755.493E-03         43.8248E+03 
              755.617E-03         43.8256E+03 
              755.802E-03         43.8277E+03 
              756.08E-03          43.8323E+03 
              756.498E-03         43.8431E+03 
              757.124E-03         43.8677E+03 
              757.75E-03          43.9008E+03 
              758.377E-03         43.9415E+03 
              759.317E-03         44.0143E+03 
              759.787E-03         44.0538E+03 
              760.258E-03         44.0947E+03 
              760.964E-03         44.1561E+03 
              761.493E-03         44.2013E+03 
              762.288E-03         44.262E+03  
              763.083E-03         44.3123E+03 
              763.68E-03          44.3431E+03 
              764.277E-03         44.3655E+03 
              764.874E-03         44.3788E+03 
              765.471E-03         44.3828E+03 
              766.367E-03         44.3682E+03 
              767.04E-03          44.3471E+03 
              767.712E-03         44.3161E+03 
              768.217E-03         44.288E+03  
              768.975E-03         44.2346E+03 
              769.164E-03         44.221E+03  
              769.353E-03         44.2068E+03 
              769.637E-03         44.1838E+03 
              770.064E-03         44.1462E+03 
              770.703E-03         44.0831E+03 
              771.663E-03         43.9737E+03 
              772.624E-03         43.85E+03   
              773.585E-03         43.7118E+03 
              774.547E-03         43.56E+03   
              775.509E-03         43.3963E+03 
              776.471E-03         43.2235E+03 
              777.434E-03         43.0447E+03 
              778.398E-03         42.863E+03  
              779.362E-03         42.681E+03  
              780.327E-03         42.5003E+03 
              780.568E-03         42.4558E+03 
              780.809E-03         42.4113E+03 
              780.9E-03           42.3947E+03 
              781.036E-03         42.3697E+03 
              781.086E-03         42.3604E+03 
              781.163E-03         42.3463E+03 
              781.191E-03         42.3411E+03 
              781.234E-03         42.3332E+03 
              781.299E-03         42.3214E+03 
              781.396E-03         42.3036E+03 
              781.541E-03         42.2769E+03 
              781.758E-03         42.2369E+03 
              782.084E-03         42.1771E+03 
              782.574E-03         42.0876E+03 
              783.309E-03         41.9538E+03 
              784.044E-03         41.8199E+03 
              784.779E-03         41.6846E+03 
              785.882E-03         41.4747E+03 
              786.296E-03         41.3959E+03 
              786.917E-03         41.2742E+03 
              787.85E-03          41.0845E+03 
              788.782E-03         40.8892E+03 
              789.715E-03         40.6894E+03 
              790.649E-03         40.4868E+03 
              791.583E-03         40.2833E+03 
              792.517E-03         40.0805E+03 
              792.868E-03         40.0052E+03 
              793.131E-03         39.9487E+03 
              793.526E-03         39.864E+03  
              793.92E-03          39.7795E+03 
              794.019E-03         39.7585E+03 
              794.167E-03         39.7269E+03 
              794.389E-03         39.6796E+03 
              794.722E-03         39.6086E+03 
              795.222E-03         39.5018E+03 
              795.722E-03         39.3944E+03 
              796.222E-03         39.2857E+03 
              796.972E-03         39.1152E+03 
              797.723E-03         38.9332E+03 
              797.91E-03          38.8872E+03 
              798.098E-03         38.8403E+03 
              798.38E-03          38.7674E+03 
              798.802E-03         38.6516E+03 
              799.225E-03         38.5284E+03 
              799.648E-03         38.3969E+03 
              800.07E-03          38.2559E+03 
              800.493E-03         38.1047E+03 
              800.916E-03         37.9422E+03 
              801.34E-03          37.7678E+03 
              801.763E-03         37.5809E+03 
              802.398E-03         37.2713E+03 
              803.033E-03         36.9334E+03 
              803.668E-03         36.5688E+03 
              804.145E-03         36.2816E+03 
              804.264E-03         36.2091E+03 
              804.384E-03         36.1357E+03 
              804.562E-03         36.0238E+03 
              804.831E-03         35.8521E+03 
              805.032E-03         35.7213E+03 
              805.334E-03         35.5211E+03 
              805.636E-03         35.3175E+03 
              805.938E-03         35.1112E+03 
              806.24E-03          34.9028E+03 
              806.542E-03         34.6931E+03 
              806.844E-03         34.4827E+03 
              807.146E-03         34.2724E+03 
              807.448E-03         34.0629E+03 
              807.751E-03         33.8549E+03 
              808.053E-03         33.6491E+03 
              808.355E-03         33.4463E+03 
              808.658E-03         33.247E+03  
              808.96E-03          33.052E+03  
              809.263E-03         32.8617E+03 
              809.376E-03         32.7912E+03 
              809.546E-03         32.687E+03  
              809.802E-03         32.5347E+03 
              810.185E-03         32.316E+03  
              810.759E-03         32.0115E+03 
              811.622E-03         31.6082E+03 
              811.945E-03         31.465E+03  
              812.431E-03         31.2655E+03 
              813.159E-03         30.9961E+03 
              813.887E-03         30.7507E+03 
              814.616E-03         30.5222E+03 
              815.345E-03         30.3029E+03 
              816.075E-03         30.0861E+03 
              816.805E-03         29.8655E+03 
              817.534E-03         29.6362E+03 
              818.265E-03         29.3943E+03 
              818.995E-03         29.1371E+03 
              819.726E-03         28.8629E+03 
              820.457E-03         28.5708E+03 
              820.64E-03          28.4969E+03 
              820.823E-03         28.4219E+03 
              821.097E-03         28.3066E+03 
              821.509E-03         28.1274E+03 
              822.126E-03         27.8454E+03 
              823.053E-03         27.3955E+03 
              823.4E-03           27.2239E+03 
              823.922E-03         26.9587E+03 
              824.117E-03         26.8584E+03 
              824.411E-03         26.7058E+03 
              824.851E-03         26.4727E+03 
              825.291E-03         26.2365E+03 
              825.731E-03         25.9981E+03 
              826.172E-03         25.7584E+03 
              826.833E-03         25.3992E+03 
              827.494E-03         25.0435E+03 
              828.155E-03         24.6934E+03 
              828.817E-03         24.3495E+03 
              829.479E-03         24.0113E+03 
              830.141E-03         23.6765E+03 
              830.803E-03         23.3416E+03 
              831.466E-03         23.0016E+03 
              832.46E-03          22.4602E+03 
              832.708E-03         22.3232E+03 
              832.957E-03         22.1835E+03 
              833.33E-03          21.9669E+03 
              833.89E-03          21.6226E+03 
              834.73E-03          21.0543E+03 
              835.045E-03         20.834E+03  
              835.517E-03         20.4849E+03 
              835.695E-03         20.3515E+03 
              835.761E-03         20.3011E+03 
              835.861E-03         20.2247E+03 
              836.011E-03         20.1081E+03 
              836.235E-03         19.9287E+03 
              836.572E-03         19.6496E+03 
              837.077E-03         19.2088E+03 
              837.835E-03         18.5037E+03 
              838.593E-03         17.7633E+03 
              839.352E-03         16.9983E+03 
              840.49E-03          15.8415E+03 
              841.629E-03         14.7277E+03 
              842.768E-03         13.7065E+03 
              843.909E-03         12.8222E+03 
              843.98E-03          12.7677E+03 
              844.051E-03         12.7138E+03 
              844.158E-03         12.6341E+03 
              844.319E-03         12.5176E+03 
              844.559E-03         12.3497E+03 
              844.92E-03          12.1147E+03 
              845.462E-03         11.8039E+03 
              845.665E-03         11.6936E+03 
              845.97E-03          11.5422E+03 
              846.427E-03         11.3481E+03 
              847.113E-03         11.1336E+03 
              847.8E-03           10.9961E+03 
              848.486E-03         10.9333E+03 
              848.744E-03         10.9205E+03 
              849.13E-03          10.9234E+03 
              849.71E-03          10.9746E+03 
              850.58E-03          11.1411E+03 
              850.906E-03         11.2159E+03 
              851.396E-03         11.3509E+03 
              852.13E-03          11.5933E+03 
              853.232E-03         12.0098E+03 
              853.646E-03         12.1724E+03 
              853.801E-03         12.2342E+03 
              854.034E-03         12.3279E+03 
              854.383E-03         12.4699E+03 
              854.906E-03         12.6834E+03 
              855.692E-03         12.9974E+03 
              856.871E-03         13.4401E+03 
              858.051E-03         13.8486E+03 
              859.232E-03         14.2207E+03 
              859.527E-03         14.3121E+03 
              859.822E-03         14.4011E+03 
              860.265E-03         14.5288E+03 
              860.93E-03          14.7082E+03 
              861.927E-03         14.9498E+03 
              862.925E-03         15.1623E+03 
              863.924E-03         15.3411E+03 
              864.923E-03         15.4806E+03 
              865.922E-03         15.5745E+03 
              866.297E-03         15.6036E+03 
              866.859E-03         15.6303E+03 
              867.703E-03         15.6297E+03 
              868.97E-03          15.5304E+03 
              869.92E-03          15.3999E+03 
              870.871E-03         15.2115E+03 
              871.823E-03         14.9659E+03 
              872.774E-03         14.6649E+03 
              873.727E-03         14.3112E+03 
              875.156E-03         13.679E+03  
              876.586E-03         12.9755E+03 
              876.944E-03         12.7966E+03 
              877.301E-03         12.614E+03  
              877.838E-03         12.3337E+03 
              878.643E-03         11.9084E+03 
              879.852E-03         11.2948E+03 
              881.666E-03         10.5398E+03 
              883.482E-03         10.0264E+03 
              885.299E-03          9.77849E+03
              886.663E-03          9.73687E+03
              888.028E-03          9.81874E+03
              889.393E-03          9.99562E+03
              890.76E-03          10.2343E+03 
              892.127E-03         10.5015E+03 
              893.496E-03         10.7671E+03 
              894.865E-03         11.0064E+03 
              896.235E-03         11.2008E+03 
              897.606E-03         11.3379E+03 
              898.977E-03         11.4109E+03 
              900.35E-03          11.4178E+03 
              901.38E-03          11.3868E+03 
              902.926E-03         11.2632E+03 
              904.473E-03         11.075E+03  
              906.021E-03         10.8348E+03 
              907.57E-03          10.5565E+03 
              907.958E-03         10.4858E+03 
              908.345E-03         10.4129E+03 
              908.926E-03         10.2991E+03 
              909.799E-03         10.122E+03  
              911.108E-03          9.85158E+03
              912.418E-03          9.58465E+03
              913.729E-03          9.3271E+03 
              915.04E-03           9.08395E+03
              917.009E-03          8.76042E+03
              918.98E-03           8.48171E+03
              920.952E-03          8.24055E+03
              922.926E-03          8.02341E+03
              923.419E-03          7.97189E+03
              923.913E-03          7.92078E+03
              924.654E-03          7.84423E+03
              925.766E-03          7.72783E+03
              927.435E-03          7.53846E+03
              929.105E-03          7.3235E+03 
              930.776E-03          7.07271E+03
              932.449E-03          6.77998E+03
              934.122E-03          6.44382E+03
              935.797E-03          6.06749E+03
              937.473E-03          5.65882E+03
              939.151E-03          5.22963E+03
              940.829E-03          4.79461E+03
              942.509E-03          4.36985E+03
              944.19E-03           3.97118E+03
              945.872E-03          3.61272E+03
              947.555E-03          3.30581E+03
              948.818E-03          3.10897E+03
              950.082E-03          2.947E+03  
              951.347E-03          2.82165E+03
              952.612E-03          2.73332E+03
              954.511E-03          2.67911E+03
              956.412E-03          2.69692E+03
              958.314E-03          2.77529E+03
              960.217E-03          2.90187E+03
              962.122E-03          3.06444E+03
              964.029E-03          3.25191E+03
              965.937E-03          3.4551E+03 
              967.846E-03          3.66727E+03
              968.563E-03          3.74917E+03
              969.638E-03          3.87157E+03
              971.251E-03          4.05583E+03
              973.674E-03          4.33712E+03
              976.098E-03          4.62873E+03
              978.525E-03          4.93253E+03
              980.954E-03          5.24712E+03
              983.386E-03          5.56557E+03
              984.602E-03          5.72619E+03
              985.82E-03           5.88378E+03
              987.647E-03          6.10797E+03
              989.475E-03          6.31524E+03
              991.305E-03          6.4983E+03 
              993.135E-03          6.65078E+03
              994.968E-03          6.76734E+03
              996.801E-03          6.84373E+03
              997.718E-03          6.87256E+03
              998.636E-03          6.88982E+03
                1.00001            6.88922E+03
                1.00053            6.88628E+03
                1.0013             6.87288E+03
                1.00247            6.83361E+03
                1.0029             6.81697E+03
                1.00356            6.78568E+03
                1.00454            6.72538E+03
                1.00601            6.60731E+03
                1.00749            6.46454E+03
                1.00896            6.29903E+03
                1.01044            6.11357E+03
                1.01192            5.91154E+03
                1.0134             5.69686E+03
                1.01487            5.47392E+03
                1.01635            5.2474E+03 
                1.01783            5.0221E+03 
                1.01931            4.8026E+03 
                1.0208             4.59296E+03
                1.02228            4.39645E+03
                1.02451            4.13658E+03
                1.02618            3.96472E+03
                1.02785            3.81422E+03
                1.02952            3.68485E+03
                1.03119            3.57571E+03
                1.03287            3.4857E+03 
                1.03454            3.41383E+03
                1.03622            3.35932E+03
                1.0379             3.32173E+03
                1.03958            3.3009E+03 
                1.04126            3.29683E+03
                1.04294            3.30948E+03
                1.04462            3.33856E+03
                1.0463             3.38334E+03
                1.04883            3.4796E+03 
                1.05135            3.60037E+03
                1.05388            3.73678E+03
                1.05642            3.88022E+03
                1.05832            3.98905E+03
                1.06022            4.09411E+03
                1.06212            4.19278E+03
                1.06403            4.28247E+03
                1.06474            4.3159E+03 
                1.06582            4.36094E+03
                1.06742            4.41856E+03
                1.06984            4.48318E+03
                1.07226            4.52769E+03
                1.07286            4.53917E+03
                1.07347            4.54862E+03
                1.07437            4.55869E+03
                1.07574            4.56705E+03
                1.07778            4.56785E+03
                1.07829            4.56875E+03
                1.0788             4.56858E+03
                1.07957            4.56606E+03
                1.08072            4.55895E+03
                1.08245            4.54383E+03
                1.08417            4.52702E+03
                1.0859             4.50973E+03
                1.08763            4.49357E+03
                1.08893            4.48325E+03
                1.09023            4.47442E+03
                1.09153            4.46776E+03
                1.09283            4.46368E+03
                1.09478            4.46278E+03
                1.09673            4.46822E+03
                1.09868            4.47849E+03
                1.10064            4.49208E+03
                1.10211            4.50408E+03
                1.10357            4.51614E+03
                1.10504            4.52791E+03
                1.10651            4.53887E+03
                1.10798            4.54857E+03
                1.10945            4.55667E+03
                1.11092            4.56303E+03
                1.11313            4.56789E+03
                1.11368            4.57033E+03
                1.11423            4.57208E+03
                1.11506            4.57325E+03
                1.1163             4.57345E+03
                1.11817            4.57197E+03
                1.11887            4.57248E+03
                1.11992            4.57162E+03
                1.1215             4.5685E+03 
                1.12386            4.56072E+03
                1.12475            4.55914E+03
                1.12608            4.55367E+03
                1.12808            4.54102E+03
                1.13008            4.52525E+03
                1.13058            4.5222E+03 
                1.13108            4.5185E+03 
                1.13183            4.51154E+03
                1.13295            4.49926E+03
                1.13464            4.47866E+03
                1.13718            4.44598E+03
                1.13781            4.43952E+03
                1.13845            4.43238E+03
                1.1394             4.42058E+03
                1.14083            4.40249E+03
                1.14297            4.37513E+03
                1.14512            4.347E+03  
                1.14726            4.3159E+03 
                1.14941            4.28122E+03
                1.15022            4.26894E+03
                1.15143            4.24785E+03
                1.15324            4.21399E+03
                1.15392            4.2023E+03 
                1.15494            4.18369E+03
                1.15648            4.15587E+03
                1.15878            4.11821E+03
                1.16108            4.08706E+03
                1.16338            4.06217E+03
                1.1636             4.06065E+03
                1.16392            4.05824E+03
                1.16441            4.05423E+03
                1.16459            4.0528E+03 
                1.16486            4.05055E+03
                1.16527            4.04709E+03
                1.16589            4.04206E+03
                1.16681            4.03536E+03
                1.1682             4.02761E+03
                1.17028            4.02184E+03
                1.1734             4.02984E+03
                1.17652            4.05938E+03
                1.17965            4.11162E+03
                1.18278            4.1868E+03 
                1.18591            4.28313E+03
                1.18905            4.39669E+03
                1.19218            4.52187E+03
                1.19532            4.65204E+03
                1.19847            4.78025E+03
                1.20161            4.89988E+03
                1.20476            5.00499E+03
                1.20555            5.03225E+03
                1.20634            5.05735E+03
                1.20752            5.09085E+03
                1.20929            5.13348E+03
                1.20996            5.14943E+03
                1.21096            5.16998E+03
                1.21246            5.19409E+03
                1.2147             5.21504E+03
                1.21695            5.22045E+03
                1.2192             5.20844E+03
                1.22258            5.14732E+03
                1.22596            5.04573E+03
                1.22681            5.01989E+03
                1.22765            4.99029E+03
                1.22892            4.93871E+03
                1.23083            4.84858E+03
                1.23369            4.68878E+03
                1.23655            4.5088E+03 
                1.2387             4.36413E+03
                1.24084            4.20966E+03
                1.24165            4.15155E+03
                1.24286            4.06041E+03
                1.24331            4.02627E+03
                1.24348            4.01347E+03
                1.24374            3.99407E+03
                1.24383            3.98679E+03
                1.24398            3.97581E+03
                1.24419            3.9592E+03 
                1.24452            3.934E+03  
                1.245              3.8957E+03 
                1.24573            3.83742E+03
                1.24682            3.74851E+03
                1.24845            3.61239E+03
                1.25091            3.40375E+03
                1.25337            3.19381E+03
                1.25583            2.9848E+03 
                1.25829            2.78007E+03
                1.26075            2.58287E+03
                1.26167            2.5114E+03 
                1.26306            2.4056E+03 
                1.26514            2.25381E+03
                1.26592            2.19915E+03
                1.26709            2.11853E+03
                1.26885            2.0024E+03 
                1.2695             1.9605E+03 
                1.27049            1.89855E+03
                1.27198            1.80904E+03
                1.27253            1.77671E+03
                1.27337            1.72904E+03
                1.27462            1.66053E+03
                1.2765             1.56751E+03
                1.27838            1.48725E+03
                1.28026            1.42127E+03
                1.28214            1.37091E+03
                1.28402            1.33699E+03
                1.28591            1.31971E+03
                1.28779            1.3187E+03 
                1.28967            1.33322E+03
                1.29156            1.36221E+03
                1.29345            1.40446E+03
                1.29533            1.45866E+03
                1.29722            1.52344E+03
                1.29911            1.59742E+03
                1.301              1.67925E+03
                1.30171            1.71177E+03
                1.30277            1.76163E+03
                1.30437            1.83965E+03
                1.30676            1.96308E+03
                1.30916            2.09165E+03
                1.31156            2.2224E+03 
                1.31396            2.35276E+03
                1.31636            2.48012E+03
                1.31876            2.60178E+03
                1.32116            2.71508E+03
                1.32356            2.81749E+03
                1.32597            2.90682E+03
                1.32837            2.98124E+03
                1.32898            2.99996E+03
                1.32958            3.01724E+03
                1.33048            3.04004E+03
                1.33183            3.06835E+03
                1.33319            3.09146E+03
                1.33454            3.10908E+03
                1.3359             3.12111E+03
                1.33794            3.12599E+03
                1.33997            3.11923E+03
                1.34201            3.10108E+03
                1.34404            3.07233E+03
                1.34608            3.03402E+03
                1.34812            2.98733E+03
                1.35016            2.93352E+03
                1.3522             2.87382E+03
                1.35322            2.8434E+03 
                1.35424            2.81135E+03
                1.35577            2.76037E+03
                1.35635            2.74155E+03
                1.35721            2.71226E+03
                1.3585             2.66687E+03
                1.35899            2.65017E+03
                1.35972            2.62454E+03
                1.36044            2.59866E+03
                1.36117            2.57263E+03
                1.36226            2.53317E+03
                1.36267            2.51868E+03
                1.36329            2.49673E+03
                1.36421            2.46358E+03
                1.36513            2.43067E+03
                1.36605            2.39808E+03
                1.36744            2.34973E+03
                1.36951            2.28041E+03
                1.37159            2.2167E+03 
                1.37367            2.15947E+03
                1.37574            2.10894E+03
                1.37782            2.06436E+03
                1.3799             2.02453E+03
                1.38198            1.98852E+03
                1.38303            1.97213E+03
                1.38407            1.95615E+03
                1.38563            1.93367E+03
                1.38621            1.92613E+03
                1.38709            1.91514E+03
                1.38841            1.90042E+03
                1.39039            1.88438E+03
                1.39336            1.87693E+03
                1.3941             1.87759E+03
                1.39484            1.87878E+03
                1.39596            1.88219E+03
                1.39763            1.89273E+03
                1.40014            1.92133E+03
                1.40265            1.96186E+03
                1.40328            1.97367E+03
                1.4039             1.98569E+03
                1.40484            2.00422E+03
                1.40626            2.0337E+03 
                1.40679            2.0455E+03 
                1.40758            2.06329E+03
                1.40877            2.09007E+03
                1.41056            2.12943E+03
                1.41101            2.13982E+03
                1.41146            2.14999E+03
                1.41213            2.16455E+03
                1.41314            2.18503E+03
                1.41465            2.21273E+03
                1.41692            2.24698E+03
                1.41918            2.27503E+03
                1.42145            2.29778E+03
                1.42372            2.31685E+03
                1.42599            2.33392E+03
                1.42827            2.35025E+03
                1.43054            2.36659E+03
                1.43395            2.38997E+03
                1.43736            2.41124E+03
                1.44078            2.42478E+03
                1.44249            2.43008E+03
                1.4442             2.43096E+03
                1.44676            2.42072E+03
                1.44772            2.41636E+03
                1.44916            2.40462E+03
                1.45133            2.37679E+03
                1.4535             2.34013E+03
                1.45566            2.29547E+03
                1.45891            2.21639E+03
                1.46217            2.13464E+03
                1.46542            2.05651E+03
                1.46868            1.98708E+03
                1.47194            1.9295E+03 
                1.4752             1.88515E+03
                1.47846            1.85398E+03
                1.47928            1.84826E+03
                1.48009            1.84268E+03
                1.48132            1.83515E+03
                1.48315            1.82712E+03
                1.48591            1.8224E+03 
                1.48867            1.82503E+03
                1.49142            1.83422E+03
                1.49418            1.85018E+03
                1.49694            1.8736E+03 
                1.49832            1.88811E+03
                1.49971            1.90412E+03
                1.50178            1.93232E+03
                1.50385            1.96596E+03
                1.50592            2.00472E+03
                1.508              2.04817E+03
                1.51007            2.09568E+03
                1.51215            2.14644E+03
                1.51422            2.19951E+03
                1.5163             2.25389E+03
                1.51838            2.30864E+03
                1.52046            2.36293E+03
                1.52253            2.41606E+03
                1.52565            2.49102E+03
                1.52643            2.51064E+03
                1.52721            2.52949E+03
                1.52838            2.55631E+03
                1.53014            2.59453E+03
                1.53277            2.64812E+03
                1.53541            2.69866E+03
                1.53804            2.74583E+03
                1.542              2.80838E+03
                1.54596            2.86479E+03
                1.54992            2.91468E+03
                1.55388            2.95824E+03
                1.55685            2.98809E+03
                1.56132            3.02346E+03
                1.56578            3.05167E+03
                1.57025            3.07115E+03
                1.57137            3.07703E+03
                1.57248            3.08133E+03
                1.57416            3.08535E+03
                1.57667            3.08768E+03
                1.58045            3.0826E+03 
                1.58423            3.06891E+03
                1.588              3.04538E+03
                1.58895            3.04006E+03
                1.58989            3.03342E+03
                1.59131            3.02119E+03
                1.59344            2.99929E+03
                1.59423            2.99123E+03
                1.59543            2.97756E+03
                1.59723            2.95447E+03
                1.5979             2.94595E+03
                1.59891            2.93212E+03
                1.60043            2.90962E+03
                1.6027             2.87297E+03
                1.60497            2.83433E+03
                1.60668            2.80449E+03
                1.60839            2.7734E+03 
                1.61009            2.74133E+03
                1.6118             2.70845E+03
                1.61436            2.65731E+03
                1.61692            2.60574E+03
                1.61949            2.55427E+03
                1.62333            2.48011E+03
                1.62718            2.4141E+03 
                1.63103            2.35901E+03
                1.63488            2.31704E+03
                1.63873            2.28901E+03
                1.64258            2.27418E+03
                1.64644            2.27041E+03
                1.65029            2.27478E+03
                1.65174            2.27838E+03
                1.65391            2.28389E+03
                1.65717            2.29341E+03
                1.65798            2.29674E+03
                1.6588             2.29976E+03
                1.66002            2.30376E+03
                1.66185            2.30931E+03
                1.6646             2.31644E+03
                1.66563            2.31964E+03
                1.66718            2.32312E+03
                1.6695             2.32646E+03
                1.67037            2.32803E+03
                1.67168            2.32933E+03
                1.67363            2.32977E+03
                1.67437            2.33019E+03
                1.67547            2.33008E+03
                1.67713            2.32897E+03
                1.67775            2.32877E+03
                1.67868            2.32805E+03
                1.68007            2.32648E+03
                1.68217            2.324E+03  
                1.68295            2.32355E+03
                1.68413            2.32259E+03
                1.6859             2.3214E+03 
                1.68855            2.32138E+03
                1.69253            2.32669E+03
                1.69651            2.33898E+03
                1.70049            2.35891E+03
                1.70447            2.38762E+03
                1.70846            2.42599E+03
                1.71244            2.47436E+03
                1.71643            2.53225E+03
                1.71743            2.54818E+03
                1.71842            2.56417E+03
                1.71992            2.58877E+03
                1.72216            2.62794E+03
                1.72553            2.69117E+03
                1.72679            2.71622E+03
                1.72869            2.75402E+03
                1.73153            2.81236E+03
                1.73259            2.83508E+03
                1.73419            2.86904E+03
                1.73659            2.92067E+03
                1.73749            2.94061E+03
                1.73884            2.97032E+03
                1.74087            3.01508E+03
                1.7439             3.08267E+03
                1.74466            3.10017E+03
                1.74542            3.11747E+03
                1.74656            3.14302E+03
                1.74827            3.18105E+03
                1.75084            3.23753E+03
                1.7534             3.29354E+03
                1.75597            3.34872E+03
                1.75725            3.37642E+03
                1.75853            3.40364E+03
                1.76046            3.44358E+03
                1.76118            3.45876E+03
                1.76226            3.48108E+03
                1.76389            3.51395E+03
                1.76632            3.56237E+03
                1.76876            3.61018E+03
                1.77059            3.64573E+03
                1.77242            3.68059E+03
                1.7731             3.69378E+03
                1.77413            3.7131E+03 
                1.77567            3.74133E+03
                1.77799            3.78212E+03
                1.77886            3.79755E+03
                1.78016            3.81978E+03
                1.78211            3.8514E+03 
                1.78285            3.8633E+03 
                1.78394            3.88039E+03
                1.78559            3.90459E+03
                1.78621            3.91368E+03
                1.78714            3.92676E+03
                1.78853            3.94528E+03
                1.78992            3.96298E+03
                1.79131            3.9798E+03 
                1.79271            3.99572E+03
                1.79479            4.01746E+03
                1.79558            4.02561E+03
                1.79675            4.03697E+03
                1.79851            4.05267E+03
                1.80116            4.07517E+03
                1.80215            4.08396E+03
                1.80364            4.09704E+03
                1.80587            4.11825E+03
                1.80921            4.15444E+03
                1.81256            4.1933E+03 
                1.81591            4.23249E+03
                1.81926            4.2711E+03 
                1.82261            4.30917E+03
                1.82596            4.34698E+03
                1.82931            4.38479E+03
                1.83434            4.44254E+03
                1.83936            4.50347E+03
                1.84439            4.56823E+03
                1.84942            4.63819E+03
                1.85446            4.71567E+03
                1.85634            4.74647E+03
                1.85917            4.79505E+03
                1.86342            4.87643E+03
                1.86501            4.90873E+03
                1.8674             4.95962E+03
                1.87099            5.04264E+03
                1.87637            5.18132E+03
                1.87838            5.23581E+03
                1.88141            5.32049E+03
                1.88595            5.45225E+03
                1.89049            5.5845E+03 
                1.89503            5.71215E+03
                1.89957            5.83121E+03
                1.90411            5.9393E+03 
                1.90865            6.03559E+03
                1.90979            6.05923E+03
                1.91092            6.08192E+03
                1.91263            6.1141E+03 
                1.91518            6.15872E+03
                1.91614            6.17509E+03
                1.91758            6.19844E+03
                1.91973            6.23108E+03
                1.92297            6.27537E+03
                1.92418            6.29153E+03
                1.926              6.31425E+03
                1.92873            6.34557E+03
                1.92975            6.35708E+03
                1.93129            6.37348E+03
                1.93359            6.39655E+03
                1.93705            6.42866E+03
                1.94223            6.47332E+03
                1.94742            6.51585E+03
                1.9526             6.55647E+03
                1.95778            6.59487E+03
                1.96297            6.63051E+03
                1.96815            6.66296E+03
                1.97334            6.69244E+03
                1.97852            6.71994E+03
                1.98371            6.74703E+03
                1.9889             6.77502E+03
                1.99408            6.80431E+03
                1.99538            6.8117E+03 
                1.99732            6.82297E+03
                2.00024            6.84005E+03
                2.00462            6.86493E+03
                2.00899            6.88771E+03
                2.01337            6.90719E+03
                2.01774            6.92244E+03
                2.01993            6.92884E+03
                2.02212            6.93409E+03
                2.0254             6.93917E+03
                2.02663            6.94058E+03
                2.02848            6.94191E+03
                2.03124            6.94195E+03
                2.03228            6.9416E+03 
                2.03384            6.94058E+03
                2.03618            6.93782E+03
                2.03705            6.93652E+03
                2.03837            6.9343E+03 
                2.04034            6.93022E+03
                2.04108            6.92851E+03
                2.04218            6.9258E+03 
                2.04385            6.92132E+03
                2.04634            6.91375E+03
                2.04884            6.90547E+03
                2.05133            6.89672E+03
                2.05226            6.89329E+03
                2.05367            6.8882E+03 
                2.05577            6.88058E+03
                2.05893            6.86953E+03
                2.06366            6.85501E+03
                2.06721            6.84547E+03
                2.07076            6.83795E+03
                2.07431            6.83265E+03
                2.07964            6.83068E+03
                2.08496            6.8349E+03 
                2.09028            6.84584E+03
                2.0956             6.86329E+03
                2.10092            6.88627E+03
                2.10624            6.91302E+03
                2.11156            6.94126E+03
                2.11688            6.96855E+03
                2.1222             6.99278E+03
                2.13017            7.01875E+03
                2.13316            7.02566E+03
                2.13765            7.03356E+03
                2.14437            7.03688E+03
                2.14689            7.03587E+03
                2.15068            7.03312E+03
                2.15635            7.02395E+03
                2.15847            7.01887E+03
                2.16166            7.01094E+03
                2.16645            6.99635E+03
                2.16824            6.98969E+03
                2.17093            6.97989E+03
                2.17496            6.96397E+03
                2.17647            6.95714E+03
                2.17874            6.94734E+03
                2.18214            6.93229E+03
                2.18342            6.92601E+03
                2.18533            6.91713E+03
                2.1882             6.90392E+03
                2.19251            6.88435E+03
                2.19358            6.87869E+03
                2.19466            6.87347E+03
                2.19627            6.86618E+03
                2.19869            6.85569E+03
                2.20232            6.84094E+03
                2.20368            6.83489E+03
                2.20572            6.827E+03  
                2.20878            6.81655E+03
                2.20993            6.81224E+03
                2.21165            6.8068E+03 
                2.21423            6.79992E+03
                2.2152             6.79704E+03
                2.21665            6.79354E+03
                2.21883            6.78939E+03
                2.21965            6.7876E+03 
                2.22087            6.78556E+03
                2.22271            6.78339E+03
                2.22546            6.78175E+03
                2.2265             6.78083E+03
                2.22804            6.78054E+03
                2.23037            6.78156E+03
                2.23124            6.7817E+03 
                2.23255            6.78272E+03
                2.23451            6.78537E+03
                2.23745            6.79134E+03
                2.23855            6.79324E+03
                2.2402             6.79737E+03
                2.24268            6.80518E+03
                2.24361            6.80782E+03
                2.245              6.81269E+03
                2.2471             6.82116E+03
                2.24788            6.82409E+03
                2.24906            6.82912E+03
                2.25082            6.83751E+03
                2.25347            6.85137E+03
                2.25611            6.86604E+03
                2.25876            6.88168E+03
                2.2614             6.89824E+03
                2.26404            6.91561E+03
                2.26669            6.9337E+03 
                2.26933            6.95242E+03
                2.27197            6.97171E+03
                2.27461            6.99154E+03
                2.27725            7.01184E+03
                2.27989            7.03253E+03
                2.28253            7.05352E+03
                2.28517            7.07469E+03
                2.28781            7.0959E+03 
                2.2888             7.10333E+03
                2.29028            7.11521E+03
                2.29251            7.13332E+03
                2.29585            7.16038E+03
                2.2971             7.16962E+03
                2.29897            7.18444E+03
                2.30179            7.20703E+03
                2.30284            7.21479E+03
                2.30442            7.22723E+03
                2.3068             7.24632E+03
                2.30769            7.25293E+03
                2.30902            7.26347E+03
                2.31102            7.27973E+03
                2.31403            7.30451E+03
                2.31515            7.31304E+03
                2.31684            7.32684E+03
                2.31937            7.34821E+03
                2.32032            7.35562E+03
                2.32174            7.36751E+03
                2.32388            7.38588E+03
                2.32708            7.4139E+03 
                2.32828            7.42353E+03
                2.33008            7.43913E+03
                2.33278            7.46317E+03
                2.33379            7.47148E+03
                2.33531            7.48481E+03
                2.33759            7.50532E+03
                2.341              7.53627E+03
                2.34228            7.54683E+03
                2.3442             7.56386E+03
                2.34708            7.58968E+03
                2.34816            7.59849E+03
                2.34978            7.61253E+03
                2.35221            7.63366E+03
                2.35312            7.64086E+03
                2.35449            7.65221E+03
                2.35653            7.66921E+03
                2.3596             7.69357E+03
                2.36076            7.70155E+03
                2.36248            7.71412E+03
                2.36507            7.73221E+03
                2.36604            7.73806E+03
                2.3675             7.74721E+03
                2.36968            7.76028E+03
                2.37296            7.77723E+03
                2.37418            7.7821E+03 
                2.37602            7.78968E+03
                2.37879            7.79928E+03
                2.38293            7.80833E+03
                2.38448            7.80943E+03
                2.3868             7.81114E+03
                2.39029            7.81031E+03
                2.3916             7.80821E+03
                2.39356            7.80526E+03
                2.39651            7.79867E+03
                2.40092            7.78322E+03
                2.40257            7.77494E+03
                2.40505            7.76304E+03
                2.40877            7.74273E+03
                2.41017            7.7333E+03 
                2.41226            7.72003E+03
                2.41539            7.69927E+03
                2.41657            7.69018E+03
                2.41833            7.67749E+03
                2.42097            7.6585E+03 
                2.42494            7.62974E+03
                2.42642            7.61736E+03
                2.42865            7.6008E+03 
                2.43199            7.57721E+03
                2.437              7.54402E+03
                2.43888            7.52971E+03
                2.44169            7.5118E+03 
                2.44591            7.48741E+03
                2.45224            7.45406E+03
                2.45856            7.42135E+03
                2.46014            7.41046E+03
                2.46172            7.40172E+03
                2.46409            7.39024E+03
                2.46764            7.37356E+03
                2.47296            7.3489E+03 
                2.47828            7.32344E+03
                2.48359            7.29874E+03
                2.4889             7.27546E+03
                2.49421            7.25433E+03
                2.49951            7.23615E+03
                2.50481            7.2217E+03 
                2.5101             7.21165E+03
                2.51539            7.20648E+03
                2.51671            7.20297E+03
                2.51803            7.20153E+03
                2.52001            7.20154E+03
                2.52298            7.20359E+03
                2.52595            7.20656E+03
                2.52892            7.21105E+03
                2.53189            7.2171E+03 
                2.53634            7.23068E+03
                2.538              7.2339E+03 
                2.5405             7.24258E+03
                2.54425            7.25818E+03
                2.54565            7.26235E+03
                2.54776            7.27135E+03
                2.55092            7.28644E+03
                2.55565            7.31038E+03
                2.55684            7.31381E+03
                2.55802            7.31877E+03




