
                  X          uf-100-45-exp-n=2

                0.                -0.         
               39.94E-09         112.085E-03  
              319.041E-09        535.177E-03  
                1.70601E-06        1.29607    
                7.53894E-06        2.82675    
               29.9775E-06         5.66361    
              111.812E-06         10.7015     
              399.954E-06         20.2195     
                1.38837E-03       41.5762     
                4.70264E-03       98.749      
               15.5512E-03       266.843      
               49.9952E-03       774.47       
              154.626E-03          2.27298E+03
              450.699E-03          6.2294E+03 
              909.771E-03         11.0129E+03 
                1.49255           14.3057E+03 
                1.97271           15.6253E+03 
                2.15499           15.8782E+03 
                2.29083           15.9771E+03 
                2.34141           15.9915E+03 
                2.39173           16.0094E+03 
                2.44177           16.0048E+03 
                2.49147           15.9685E+03 
                2.54081           15.8944E+03 
                2.58974           15.7793E+03 
                2.63824           15.6218E+03 
                2.68627           15.4251E+03 
                2.73378           15.1964E+03 
                2.78076           14.951E+03  
                2.82716           14.7143E+03 
                2.87295           14.5131E+03 
                2.9181            14.3607E+03 
                2.96258           14.2532E+03 
                3.00636           14.1762E+03 
                3.04941           14.1131E+03 
                3.0917            14.0494E+03 
                3.1332            13.9721E+03 
                3.17388           13.8755E+03 
                3.21373           13.7577E+03 
                3.25271           13.6195E+03 
                3.2908            13.4664E+03 
                3.32797           13.3102E+03 
                3.36422           13.1578E+03 
                3.39951           13.0054E+03 
                3.43383           12.8483E+03 
                3.46717           12.684E+03  
                3.51528           12.4327E+03 
                3.56108           12.1396E+03 
                3.60453           11.8393E+03 
                3.6456            11.5331E+03 
                3.70268           11.0665E+03 
                3.7543            10.5396E+03 
                3.80046            9.99753E+03
                3.8412             9.4481E+03 
                3.85509            9.18445E+03
                3.87455            8.92586E+03
                3.88142            8.77899E+03
                3.88394            8.72453E+03
                3.88766            8.67405E+03
                3.88903            8.64558E+03
                3.88954            8.6345E+03 
                3.89031            8.623E+03  
                3.8906             8.61776E+03
                3.89103            8.61128E+03
                3.89167            8.60268E+03
                3.89191            8.59854E+03
                3.89227            8.59312E+03
                3.89281            8.58584E+03
                3.89361            8.57532E+03
                3.89441            8.56389E+03
                3.89521            8.55219E+03
                3.8964             8.53595E+03
                3.89816            8.51237E+03
                3.90078            8.47886E+03
                3.90463            8.41013E+03
                3.91023            8.25219E+03
                3.91563            8.08003E+03
                3.92083            7.93392E+03
                3.92825            7.7628E+03 
                3.93524            7.58777E+03
                3.94178            7.41896E+03
                3.94238            7.37688E+03
                3.94326            7.34919E+03
                3.94359            7.3382E+03 
                3.94408            7.32537E+03
                3.94481            7.30774E+03
                3.94508            7.2992E+03 
                3.94549            7.28852E+03
                3.94609            7.27397E+03
                3.947              7.25321E+03
                3.94789            7.23199E+03
                3.94877            7.21182E+03
                3.95008            7.18626E+03
                3.952              7.14826E+03
                3.9548             7.06708E+03
                3.95749            6.94926E+03
                3.96009            6.82089E+03
                3.96378            6.69598E+03
                3.96726            6.63295E+03
                3.97052            6.5966E+03 
                3.97501            6.51146E+03
                3.9809             6.32122E+03
                3.98794            6.0885E+03 
                3.99497            5.91909E+03
                3.99858            5.89726E+03
                3.99986            5.9924E+03 
                4.                 6.12948E+03

 MINIMUM        0.                -0.         
  AT X =                           0.         
 MAXIMUM        4.                16.0094E+03 
  AT X =                           2.39173    




