
                  X          uf-80-0-90-45-exp

                0.                -0.         
               39.94E-09          93.526E-03  
              319.041E-09        455.723E-03  
                1.70601E-06        1.14056    
                7.53894E-06        2.59956    
               29.9775E-06         5.5162     
              111.812E-06         11.3371     
              399.954E-06         24.7309     
                1.38837E-03       61.7595     
                4.70264E-03      174.467      
               15.5512E-03       527.555      
               49.9952E-03         1.6272E+03 
              154.626E-03          4.94041E+03
              450.699E-03         14.2815E+03 
              605.155E-03         19.205E+03  
              876.892E-03         27.5725E+03 
              989.801E-03         31.0779E+03 
                1.00066           31.4785E+03 
                1.01704           31.9389E+03 
                1.01858           31.9908E+03 
                1.02089           32.0584E+03 
                1.02436           32.1548E+03 
                1.02523           32.1801E+03 
                1.0261            32.205E+03  
                1.02741           32.2413E+03 
                1.02936           32.2953E+03 
                1.0323            32.3762E+03 
                1.03341           32.4076E+03 
                1.03506           32.4537E+03 
                1.03754           32.522E+03  
                1.04128           32.6242E+03 
                1.04501           32.7268E+03 
                1.04595           32.7537E+03 
                1.04735           32.7926E+03 
                1.04945           32.8495E+03 
                1.05024           32.8714E+03 
                1.05143           32.9034E+03 
                1.05321           32.9505E+03 
                1.05588           33.0187E+03 
                1.05989           33.1095E+03 
                1.06591           33.1802E+03 
                1.06742           33.1959E+03 
                1.06893           33.2046E+03 
                1.0712            33.2013E+03 
                1.07205           33.1985E+03 
                1.07332           33.1881E+03 
                1.07524           33.1585E+03 
                1.07811           33.0799E+03 
                1.08242           32.8788E+03 
                1.0835            32.825E+03  
                1.08458           32.765E+03  
                1.0862            32.6617E+03 
                1.08864           32.4772E+03 
                1.08925           32.4299E+03 
                1.08985           32.3807E+03 
                1.09077           32.3021E+03 
                1.09214           32.1741E+03 
                1.0942            31.9585E+03 
                1.09497           31.8748E+03 
                1.09612           31.7411E+03 
                1.09786           31.5211E+03 
                1.10047           31.1439E+03 
                1.10145           30.9964E+03 
                1.10292           30.7579E+03 
                1.10512           30.3587E+03 
                1.10595           30.2036E+03 
                1.10719           29.9564E+03 
                1.10905           29.5507E+03 
                1.10975           29.394E+03  
                1.1108            29.147E+03  
                1.11119           29.0529E+03 
                1.11178           28.9077E+03 
                1.11267           28.6809E+03 
                1.11399           28.3197E+03 
                1.11599           27.7292E+03 
                1.11674           27.5013E+03 
                1.11786           27.1434E+03 
                1.11954           26.5704E+03 
                1.12017           26.351E+03  
                1.12112           26.0103E+03 
                1.12254           25.4751E+03 
                1.12468           24.6245E+03 
                1.12548           24.2998E+03 
                1.12668           23.8E+03    
                1.12848           23.0296E+03 
                1.12916           22.7387E+03 
                1.13017           22.2981E+03 
                1.13169           21.6334E+03 
                1.13226           21.3843E+03 
                1.13312           21.0109E+03 
                1.13441           20.4549E+03 
                1.13634           19.6383E+03 
                1.13706           19.3354E+03 
                1.13815           18.8879E+03 
                1.13978           18.234E+03  
                1.14222           17.2915E+03 
                1.14467           16.3845E+03 
                1.14712           15.5101E+03 
                1.14957           14.6686E+03 
                1.15203           13.8641E+03 
                1.15295           13.5685E+03 
                1.15433           13.1379E+03 
                1.1564            12.5267E+03 
                1.15848           11.9553E+03 
                1.16055           11.4269E+03 
                1.16367           10.7335E+03 
                1.16445           10.5673E+03 
                1.16523           10.4071E+03 
                1.1664            10.18E+03   
                1.16815            9.86865E+03
                1.17079            9.46198E+03
                1.17145            9.36465E+03
                1.1721             9.27073E+03
                1.17309            9.13704E+03
                1.17458            8.95183E+03
                1.1768             8.70518E+03
                1.17764            8.61747E+03
                1.17889            8.49428E+03
                1.18077            8.32716E+03
                1.1836             8.11185E+03
                1.18466            8.03666E+03
                1.18625            7.93276E+03
                1.18863            7.79409E+03
                1.18923            7.76099E+03
                1.18983            7.72878E+03
                1.19072            7.6821E+03 
                1.19206            7.61539E+03
                1.19408            7.52139E+03
                1.19711            7.3952E+03 
                1.19824            7.3511E+03 
                1.19995            7.29105E+03
                1.2025             7.22667E+03
                1.20346            7.20753E+03
                1.2049             7.19046E+03
                1.20706            7.20061E+03
                1.20788            7.21047E+03
                1.20909            7.2388E+03 
                1.21092            7.31632E+03
                1.21366            7.51931E+03
                1.21777            8.01311E+03
                1.22189            8.67214E+03
                1.22601            9.46258E+03
                1.23013           10.3477E+03 
                1.23426           11.2874E+03 
                1.24047           12.6689E+03 
                1.24202           13.0124E+03 
                1.24357           13.3482E+03 
                1.2459            13.8279E+03 
                1.2494            14.4708E+03 
                1.25466           15.2094E+03 
                1.25597           15.3809E+03 
                1.25729           15.5362E+03 
                1.25926           15.7323E+03 
                1.26222           15.9449E+03 
                1.26667           16.0924E+03 
                1.26834           16.1257E+03 
                1.27084           16.1251E+03 
                1.27178           16.1186E+03 
                1.27319           16.0937E+03 
                1.2753            16.0252E+03 
                1.27848           15.8595E+03 
                1.28325           15.485E+03  
                1.28504           15.329E+03  
                1.28772           15.0574E+03 
                1.28873           14.9511E+03 
                1.29024           14.7803E+03 
                1.29251           14.5009E+03 
                1.29591           14.0375E+03 
                1.30102           13.2721E+03 
                1.30294           12.9785E+03 
                1.30366           12.8674E+03 
                1.30474           12.6981E+03 
                1.30636           12.44E+03   
                1.30879           12.048E+03  
                1.31244           11.4627E+03 
                1.31792           10.6384E+03 
                1.31998           10.341E+03  
                1.32306            9.92445E+03
                1.32769            9.39505E+03
                1.33465            8.86548E+03
                1.34511            8.67362E+03
                1.36084            9.36638E+03
                1.38453           11.0066E+03 
                1.40832           12.252E+03  
                1.43223           12.8343E+03 
                1.44122           12.965E+03  
                1.45473           12.9839E+03 
                1.4598            12.9744E+03 
                1.46171           12.9683E+03 
                1.46456           12.9519E+03 
                1.46742           12.9308E+03 
                1.47028           12.9057E+03 
                1.47457           12.8614E+03 
                1.47618           12.8449E+03 
                1.4786            12.8181E+03 
                1.48223           12.7762E+03 
                1.48359           12.7611E+03 
                1.48563           12.7377E+03 
                1.48869           12.7032E+03 
                1.49329           12.6548E+03 
                1.50019           12.5858E+03 
                1.51056           12.4505E+03 
                1.51445           12.3955E+03 
                1.51591           12.3739E+03 
                1.5181            12.3374E+03 
                1.52139           12.2745E+03 
                1.52467           12.2036E+03 
                1.52796           12.1248E+03 
                1.5329            11.9942E+03 
                1.54032           11.8115E+03 
                1.5431            11.7488E+03 
                1.54588           11.6919E+03 
                1.54866           11.644E+03  
                1.55284           11.599E+03  
                1.55911           11.6009E+03 
                1.56147           11.6127E+03 
                1.565             11.6497E+03 
                1.5703            11.7404E+03 
                1.57825           11.9159E+03 
                1.58124           11.9869E+03 
                1.58236           12.014E+03  
                1.58404           12.0546E+03 
                1.58656           12.1156E+03 
                1.58751           12.1389E+03 
                1.58893           12.1735E+03 
                1.59105           12.225E+03  
                1.59425           12.302E+03  
                1.59904           12.4168E+03 
                1.60084           12.4606E+03 
                1.60354           12.5251E+03 
                1.60758           12.6191E+03 
                1.61366           12.7463E+03 
                1.61594           12.7926E+03 
                1.61936           12.8533E+03 
                1.62064           12.8753E+03 
                1.62257           12.9049E+03 
                1.62545           12.941E+03  
                1.62654           12.9537E+03 
                1.62816           12.9696E+03 
                1.6306            12.986E+03  
                1.63426           12.9925E+03 
                1.63563           12.9927E+03 
                1.63769           12.9864E+03 
                1.64078           12.9624E+03 
                1.64194           12.9518E+03 
                1.64367           12.9309E+03 
                1.64628           12.8895E+03 
                1.6502            12.8068E+03 
                1.65166           12.7735E+03 
                1.65387           12.7171E+03 
                1.65717           12.6207E+03 
                1.66213           12.458E+03  
                1.66957           12.211E+03  
                1.67143           12.1508E+03 
                1.67329           12.0911E+03 
                1.67609           12.0056E+03 
                1.68028           11.8942E+03 
                1.68185           11.8556E+03 
                1.68421           11.8041E+03 
                1.68509           11.7859E+03 
                1.68642           11.7608E+03 
                1.68841           11.7283E+03 
                1.68916           11.7171E+03 
                1.69028           11.7017E+03 
                1.69196           11.6823E+03 
                1.69448           11.6604E+03 
                1.69826           11.6403E+03 
                1.70394           11.6302E+03 
                1.70607           11.6295E+03 
                1.70926           11.633E+03  
                1.71405           11.6511E+03 
                1.72125           11.7099E+03 
                1.72395           11.7372E+03 
                1.728             11.7863E+03 
                1.72952           11.8063E+03 
                1.73179           11.8382E+03 
                1.73265           11.8507E+03 
                1.73393           11.8699E+03 
                1.73585           11.9E+03    
                1.73874           11.9478E+03 
                1.74162           11.9984E+03 
                1.74451           12.0514E+03 
                1.7474            12.1067E+03 
                1.75029           12.164E+03  
                1.75462           12.2514E+03 
                1.75624           12.2846E+03 
                1.75868           12.3333E+03 
                1.76234           12.4016E+03 
                1.76783           12.4829E+03 
                1.76989           12.5103E+03 
                1.77298           12.5414E+03 
                1.77761           12.5626E+03 
                1.77935           12.5673E+03 
                1.78              12.5685E+03 
                1.78098           12.5691E+03 
                1.78244           12.567E+03  
                1.78464           12.5577E+03 
                1.78795           12.531E+03  
                1.78918           12.5195E+03 
                1.79104           12.4986E+03 
                1.79383           12.4613E+03 
                1.79487           12.4468E+03 
                1.79644           12.4237E+03 
                1.79879           12.3881E+03 
                1.80232           12.3383E+03 
                1.80762           12.2827E+03 
                1.81556           12.233E+03  
                1.81854           12.2185E+03 
                1.81966           12.2136E+03 
                1.82133           12.2065E+03 
                1.82385           12.1958E+03 
                1.82762           12.1773E+03 
                1.83328           12.1432E+03 
                1.83894           12.1092E+03 
                1.84178           12.0935E+03 
                1.84284           12.0879E+03 
                1.84443           12.08E+03   
                1.84682           12.07E+03   
                1.85041           12.0601E+03 
                1.85578           12.0473E+03 
                1.8578            12.0423E+03 
                1.86083           12.0302E+03 
                1.86537           11.9916E+03 
                1.86707           11.9739E+03 
                1.86963           11.9382E+03 
                1.87058           11.9235E+03 
                1.87202           11.8983E+03 
                1.87418           11.8534E+03 
                1.87741           11.7731E+03 
                1.88064           11.6844E+03 
                1.88388           11.5933E+03 
                1.88509           11.5592E+03 
                1.88691           11.509E+03  
                1.88964           11.4392E+03 
                1.89066           11.4141E+03 
                1.8922            11.3789E+03 
                1.8945            11.3328E+03 
                1.89796           11.2793E+03 
                1.89882           11.267E+03  
                1.89969           11.2556E+03 
                1.90098           11.2405E+03 
                1.90147           11.2351E+03 
                1.9022            11.2277E+03 
                1.90329           11.2176E+03 
                1.90493           11.2049E+03 
                1.90739           11.1892E+03 
                1.91108           11.1665E+03 
                1.91247           11.1578E+03 
                1.91455           11.1427E+03 
                1.91766           11.1105E+03 
                1.92078           11.0635E+03 
                1.92389           10.9958E+03 
                1.92506           10.9674E+03 
                1.92681           10.9165E+03 
                1.92944           10.8197E+03 
                1.93339           10.6278E+03 
                1.93486           10.5494E+03 
                1.93708           10.4186E+03 
                1.94041           10.2014E+03 
                1.94166           10.1175E+03 
                1.94353            9.98841E+03
                1.94634            9.79554E+03
                1.95055            9.53449E+03
                1.95477            9.3218E+03 
                1.95898            9.16809E+03
                1.96056            9.11913E+03
                1.96293            9.06524E+03
                1.96648            9.02382E+03
                1.96782            9.01352E+03
                1.96982            9.00822E+03
                1.97282            9.01654E+03
                1.97394            9.0216E+03 
                1.97563            9.03224E+03
                1.97816            9.05108E+03
                1.98196            9.07705E+03
                1.98291            9.08328E+03
                1.98386            9.08917E+03
                1.98528            9.09704E+03
                1.98742            9.10684E+03
                1.99062            9.12086E+03
                1.99543            9.1586E+03 
                1.99663            9.16934E+03
                1.99783            9.18174E+03
                1.99963            9.20489E+03
                2.00234            9.25175E+03
                2.00335            9.27108E+03
                2.00487            9.30425E+03
                2.00715            9.36302E+03
                2.01057            9.46802E+03
                2.0157             9.6494E+03 
                2.0234             9.94079E+03
                2.03495           10.3487E+03 
                2.03928           10.4941E+03 
                2.04577           10.6894E+03 
                2.04821           10.759E+03  
                2.05186           10.8554E+03 
                2.05734           10.9825E+03 
                2.05939           11.0276E+03 
                2.06247           11.0906E+03 
                2.06709           11.1753E+03 
                2.07402           11.2803E+03 
                2.08095           11.3578E+03 
                2.08269           11.3751E+03 
                2.08529           11.3969E+03 
                2.08918           11.418E+03  
                2.09064           11.424E+03  
                2.09284           11.4289E+03 
                2.09366           11.43E+03   
                2.09489           11.4304E+03 
                2.09674           11.4275E+03 
                2.09951           11.4149E+03 
                2.10367           11.3768E+03 
                2.10523           11.3597E+03 
                2.10757           11.3282E+03 
                2.11108           11.2694E+03 
                2.1124            11.2457E+03 
                2.11437           11.2072E+03 
                2.11511           11.1923E+03 
                2.11622           11.1693E+03 
                2.11789           11.1333E+03 
                2.12039           11.0776E+03 
                2.12413           10.9948E+03 
                2.12975           10.8835E+03 
                2.13186           10.8437E+03 
                2.13502           10.7899E+03 
                2.1362            10.7704E+03 
                2.13798           10.743E+03  
                2.13864           10.7329E+03 
                2.13964           10.7183E+03 
                2.14114           10.6975E+03 
                2.14339           10.6678E+03 
                2.14564           10.6388E+03 
                2.14789           10.6099E+03 
                2.15126           10.5654E+03 
                2.15252           10.5483E+03 
                2.15442           10.5223E+03 
                2.15726           10.4829E+03 
                2.16153           10.4277E+03 
                2.16793           10.366E+03  
                2.17032           10.3458E+03 
                2.17122           10.3387E+03 
                2.17257           10.3295E+03 
                2.17459           10.3183E+03 
                2.17763           10.3068E+03 
                2.18218           10.2971E+03 
                2.189             10.2944E+03 
                2.19156           10.2943E+03 
                2.1954            10.2993E+03 
                2.20115           10.3171E+03 
                2.20331           10.3247E+03 
                2.20412           10.3277E+03 
                2.20533           10.3328E+03 
                2.20715           10.3416E+03 
                2.20783           10.3448E+03 
                2.20885           10.3501E+03 
                2.21039           10.3584E+03 
                2.21269           10.371E+03  
                2.21614           10.3879E+03 
                2.22132           10.4023E+03 
                2.22326           10.4053E+03 
                2.22617           10.4061E+03 
                2.23054           10.3981E+03 
                2.23218           10.3934E+03 
                2.23463           10.3844E+03 
                2.23555           10.3805E+03 
                2.23693           10.3742E+03 
                2.239             10.3636E+03 
                2.24211           10.3454E+03 
                2.24327           10.3379E+03 
                2.24502           10.3263E+03 
                2.24567           10.3217E+03 
                2.24666           10.3147E+03 
                2.24813           10.3038E+03 
                2.25034           10.2859E+03 
                2.25365           10.2542E+03 
                2.2549            10.2412E+03 
                2.25676           10.2203E+03 
                2.25955           10.1842E+03 
                2.26374           10.1206E+03 
                2.26532           10.0951E+03 
                2.26767           10.0555E+03 
                2.26855           10.0402E+03 
                2.26988           10.0172E+03 
                2.27187            9.98327E+03
                2.27485            9.93644E+03
                2.27597            9.91934E+03
                2.27764            9.89624E+03
                2.28016            9.86836E+03
                2.2811             9.85868E+03
                2.28251            9.84671E+03
                2.28463            9.83415E+03
                2.28781            9.82397E+03
                2.289              9.8208E+03 
                2.29079            9.8176E+03 
                2.29258            9.81444E+03
                2.29437            9.80998E+03
                2.29504            9.80794E+03
                2.29604            9.80417E+03
                2.29755            9.79597E+03
                2.29981            9.77527E+03
                2.30066            9.766E+03  
                2.30193            9.74896E+03
                2.30384            9.7153E+03 
                2.30455            9.70134E+03
                2.30563            9.67774E+03
                2.30724            9.63617E+03
                2.30965            9.5605E+03 
                2.31055            9.53007E+03
                2.31191            9.48084E+03
                2.31394            9.40026E+03
                2.317              9.27137E+03
                2.31814            9.22199E+03
                2.31986            9.14823E+03
                2.32243            9.04299E+03
                2.32339            9.00426E+03
                2.32484            8.94945E+03
                2.32701            8.87616E+03
                2.33027            8.78698E+03
                2.33108            8.76562E+03
                2.33189            8.74562E+03
                2.33311            8.71849E+03
                2.33494            8.68291E+03
                2.33769            8.63671E+03
                2.3418             8.57499E+03
                2.34334            8.55202E+03
                2.34566            8.51969E+03
                2.34653            8.50757E+03
                2.34783            8.49021E+03
                2.34978            8.46608E+03
                2.35051            8.45712E+03
                2.35161            8.44453E+03
                2.35325            8.42759E+03
                2.35572            8.40628E+03
                2.35664            8.39855E+03
                2.35803            8.38827E+03
                2.36011            8.37445E+03
                2.36323            8.35281E+03
                2.36635            8.32633E+03
                2.36947            8.29292E+03
                2.37415            8.22533E+03
                2.3759             8.19669E+03
                2.37853            8.14873E+03
                2.37952            8.12966E+03
                2.381              8.09951E+03
                2.38321            8.05016E+03
                2.38404            8.03078E+03
                2.38529            8.00047E+03
                2.38716            7.95179E+03
                2.38996            7.8714E+03 
                2.39417            7.74014E+03
                2.39574            7.68916E+03
                2.39811            7.61302E+03
                2.40165            7.50576E+03
                2.40298            7.46632E+03
                2.40497            7.41193E+03
                2.40796            7.34301E+03
                2.40908            7.31861E+03
                2.41076            7.28684E+03
                2.41328            7.2494E+03 
                2.41706            7.21263E+03
                2.41847            7.20073E+03
                2.4206             7.1883E+03 
                2.42139            7.18407E+03
                2.42259            7.17922E+03
                2.42438            7.17444E+03
                2.42505            7.17276E+03
                2.42606            7.17095E+03
                2.42757            7.16938E+03
                2.42983            7.16847E+03
                2.43323            7.16758E+03
                2.4345             7.16663E+03
                2.43641            7.16515E+03
                2.43927            7.1603E+03 
                2.44035            7.15754E+03
                2.44196            7.15233E+03
                2.44437            7.14016E+03
                2.44679            7.12174E+03
                2.44739            7.11645E+03
                2.44829            7.10775E+03
                2.44965            7.09247E+03
                2.45169            7.06315E+03
                2.45372            7.02616E+03
                2.45575            6.98073E+03
                2.4588             6.89178E+03
                2.45995            6.85487E+03
                2.46166            6.79283E+03
                2.4623             6.7684E+03 
                2.46327            6.72963E+03
                2.46471            6.66645E+03
                2.46526            6.64189E+03
                2.46607            6.60352E+03
                2.46729            6.54247E+03
                2.46912            6.44331E+03
                2.47186            6.28025E+03
                2.47289            6.21683E+03
                2.47443            6.11873E+03
                2.47674            5.96768E+03
                2.48021            5.74544E+03
                2.48151            5.66281E+03
                2.48346            5.54516E+03
                2.48638            5.38969E+03
                2.48748            5.33419E+03
                2.48912            5.25998E+03
                2.49159            5.1709E+03 
                2.49251            5.14031E+03
                2.4939             5.10219E+03
                2.49442            5.08883E+03
                2.4952             5.07132E+03
                2.49636            5.05057E+03
                2.49812            5.03112E+03
                2.50074            5.02419E+03
                2.50173            5.02403E+03
                2.50321            5.02963E+03
                2.50542            5.04616E+03
                2.50874            5.07137E+03
                2.50957            5.07684E+03
                2.5104             5.08195E+03
                2.51165            5.08785E+03
                2.51352            5.08943E+03
                2.51632            5.06919E+03
                2.51737            5.05768E+03
                2.51894            5.03291E+03
                2.5213             4.9797E+03 
                2.52484            4.87629E+03
                2.53014            4.71426E+03
                2.53147            4.67279E+03
                2.53279            4.63278E+03
                2.53478            4.57709E+03
                2.53552            4.55654E+03
                2.53664            4.52745E+03
                2.53832            4.48767E+03
                2.54083            4.43547E+03
                2.5446             4.36653E+03
                2.54601            4.34071E+03
                2.54812            4.30314E+03
                2.5513             4.24277E+03
                2.55249            4.21861E+03
                2.55427            4.18027E+03
                2.55695            4.11526E+03
                2.55795            4.0892E+03 
                2.55946            4.0477E+03 
                2.56171            3.97912E+03
                2.56509            3.86171E+03
                2.57016            3.65693E+03
                2.57206            3.57508E+03
                2.57491            3.44639E+03
                2.57918            3.24165E+03
                2.58078            3.16236E+03
                2.58318            3.04219E+03
                2.58408            2.99648E+03
                2.58543            2.92792E+03
                2.58745            2.8251E+03 
                2.59048            2.67266E+03
                2.59503            2.45622E+03
                2.60184            2.17811E+03
                2.6044             2.07909E+03
                2.60535            2.04287E+03
                2.60679            1.99184E+03
                2.60894            1.92145E+03
                2.61216            1.82751E+03
                2.61337            1.79307E+03
                2.61519            1.74524E+03
                2.61791            1.67943E+03
                2.62198            1.58872E+03
                2.62809            1.46859E+03
                2.63038            1.42414E+03
                2.63381            1.3671E+03 
                2.63509            1.34616E+03
                2.63702            1.3188E+03 
                2.63991            1.287E+03  
                2.64424            1.26299E+03
                2.64587            1.25626E+03
                2.6483             1.25558E+03
                2.64921            1.25605E+03
                2.65058            1.25987E+03
                2.65263            1.27172E+03
                2.65571            1.30165E+03
                2.66032            1.36886E+03
                2.66205            1.39556E+03
                2.66464            1.44236E+03
                2.66852            1.51978E+03
                2.67434            1.63086E+03
                2.68016            1.71811E+03
                2.68161            1.73656E+03
                2.68379            1.76172E+03
                2.6846             1.77018E+03
                2.68583            1.78174E+03
                2.68766            1.79548E+03
                2.69041            1.80659E+03
                2.69454            1.80173E+03
                2.70071            1.75509E+03
                2.70303            1.73057E+03
                2.7065             1.68795E+03
                2.7078             1.6701E+03 
                2.70975            1.64261E+03
                2.71267            1.59977E+03
                2.71377            1.58275E+03
                2.71541            1.55781E+03
                2.71787            1.5216E+03 
                2.72157            1.47136E+03
                2.72295            1.45207E+03
                2.72502            1.42592E+03
                2.72813            1.39058E+03
                2.7293             1.37691E+03
                2.73105            1.35796E+03
                2.7317             1.35067E+03
                2.73269            1.34019E+03
                2.73416            1.32486E+03
                2.73637            1.30116E+03
                2.73803            1.28192E+03
                2.73865            1.27428E+03
                2.73958            1.26267E+03
                2.74098            1.24424E+03
                2.74307            1.21264E+03
                2.74385            1.19967E+03
                2.74503            1.17893E+03
                2.7468             1.14381E+03
                2.74944            1.0793E+03 
                2.75043            1.05261E+03
                2.75192            1.00881E+03
                2.75415          932.722      
                2.75749          792.182      
                2.75875          734.657      
                2.76063          640.757      
                2.76344          482.147      
                2.7645           419.401      
                2.76608          320.802      
                2.76845          163.607      
                2.77201          -85.7233     
                2.77556         -339.868      
                2.77645         -404.467      
                2.77778         -500.112      
                2.77978         -640.226      
                2.78277         -837.717      
                2.78389         -910.568      
                2.78557           -1.01303E+03
                2.78809           -1.14859E+03
                2.79187           -1.30087E+03
                2.79753           -1.40009E+03
                2.79965           -1.42109E+03
                2.80283           -1.41041E+03
                2.80402           -1.40185E+03
                2.8058            -1.37651E+03
                2.80848           -1.31583E+03
                2.81249           -1.19038E+03
                2.8185          -974.267      
                2.8275          -674.946      
                2.84095         -307.378      
                2.8422          -279.424      
                2.84409         -233.124      
                2.84692         -163.038      
                2.84798         -137.853      
                2.84957          -99.8533     
                2.85195          -43.3929     
                2.85552           39.859      
                2.85686           69.598      
                2.85886          115.184      
                2.86187          183.065      
                2.863            207.327      
                2.86468          244.085      
                2.86722          297.528      
                2.86817          316.425      
                2.86959          344.412      
                2.87172          383.677      
                2.87385          418.45       
                2.87598          448.008      
                2.87678          457.804      
                2.87798          471.226      
                2.87978          487.304      
                2.88247          500.834      
                2.88348          503.493      
                2.88499          504.953      
                2.88726          500.971      
                2.89065          483.779      
                2.89574          444.821      
                2.90336          390.373      
                2.91475          374.575      
                2.91582          368.629      
                2.91742          366.078      
                2.91981          369.334      
                2.9234           383.361      
                2.92878          417.693      
                2.93683          479.475      
                2.94885          563.745      
                2.94998          565.756      
                2.95167          574.192      
                2.95419          589.796      
                2.95514          594.837      
                2.95656          603.029      
                2.95869          615.266      
                2.96188          631.921      
                2.96666          650.697      
                2.97382          657.934      
                2.9765           653.569      
                2.98051          643.542      
                2.98201          636.985      
                2.98426          626.409      
                2.98511          621.406      
                2.98637          613.758      
                2.98827          600.723      
                2.99112          576.083      
                2.99538          525.722      
                2.99697          502.846      
                2.99937          466.2        
                3.00295          401.983      
                3.00832          289.414      
                3.01635          119.548      
                3.02834          -61.671      
                3.04623         -144.23       
                3.07281          -30.0469     
                3.07529          -37.0641     
                3.079            -18.9601     
                3.08455           21.1323     
                3.09286           92.2612     
                3.09597          114.885      
                3.10062          158.219      
                3.10758          228.627      
                3.11797          334.255      
                3.12186          366.111      
                3.12331          377.596      
                3.12549          397.905      
                3.12876          428.254      
                3.13365          468.22       
                3.14097          507.949      
                3.15189          515.151      
                3.16817          429.973      
                3.19233          217.677      
                3.22798          -83.2506     
                3.28013         -456.624      
                3.35522         -793.665      
                3.46047         -881.724      
                3.60079         -555.398      
                3.76976           96.1322     
                3.82006          227.548      
                3.83711          297.115      
                3.84324          325.811      
                3.85219          421.906      
                3.85547          435.544      
                3.85669          439.956      
                3.8585           457.23       
                3.8612           483.328      
                3.86519          518.061      
                3.87104          559.398      
                3.87954          603.21       
                3.89164          654.097      
                3.90837          726.194      
                3.93037          816.617      
                3.95673          886.007      
                3.95881          772.739      
                3.96182          794.909      
                3.96291          795.099      
                3.96331          795.222      
                3.96391          802.713      
                3.96414          804.057      
                3.96447          808.517      
                3.96459          809.603      
                3.96478          812.104      
                3.96506          816.732      
                3.96547          824.328      
                3.96563          826.084      
                3.96586          829.9        
                3.96621          836.653      
                3.96672          847.373      
                3.96748          862.803      
                3.96861          873.765      
                3.97025          854.423      
                3.9726           825.597      
                3.97591          843.822      
                3.98037          876.031      
                3.98602          863.283      
                3.99235          799.         
                3.9978           685.89       
                3.99998          554.915      
                4.               517.357      

 MINIMUM        0.                -1.42109E+03
  AT X =                           2.79965    
 MAXIMUM        4.                33.2046E+03 
  AT X =                           1.06893    




