
                             uf-80-0-lin-halfl
                  X                 oad       

                0.                -0.         
               39.94E-09         101.316E-03  
              319.041E-09        587.566E-03  
                1.70601E-06        1.52469    
                7.53894E-06        3.46922    
               29.9775E-06         7.3912     
              111.812E-06         16.5059     
              399.954E-06         42.0284     
                1.38837E-03      120.415      
                4.70264E-03      367.556      
               15.5512E-03         1.14064E+03
               49.9952E-03         3.48096E+03
              154.626E-03         10.1777E+03 
              450.699E-03         27.7175E+03 
              605.155E-03         37.0658E+03 
              668.784E-03         40.9137E+03 
              693.413E-03         42.3567E+03 
              731.121E-03         44.5212E+03 
              745.494E-03         45.3328E+03 
              750.917E-03         45.6372E+03 
              759.083E-03         46.0938E+03 
              762.156E-03         46.265E+03  
              766.775E-03         46.5218E+03 
              768.51E-03          46.6181E+03 
              771.116E-03         46.7626E+03 
              773.074E-03         46.8709E+03 
              776.014E-03         47.0334E+03 
              778.959E-03         47.196E+03  
              779.696E-03         47.2366E+03 
              780.433E-03         47.2772E+03 
              781.539E-03         47.3382E+03 
              783.2E-03           47.4296E+03 
              784.863E-03         47.521E+03  
              786.527E-03         47.6124E+03 
              788.193E-03         47.7038E+03 
              789.86E-03          47.7952E+03 
              791.529E-03         47.8867E+03 
              793.199E-03         47.9781E+03 
              794.871E-03         48.0695E+03 
              797.382E-03         48.2066E+03 
              799.896E-03         48.3437E+03 
              802.414E-03         48.4809E+03 
              804.935E-03         48.618E+03  
              807.459E-03         48.7551E+03 
              811.252E-03         48.9608E+03 
              815.053E-03         49.1665E+03 
              818.861E-03         49.3722E+03 
              819.815E-03         49.4236E+03 
              821.245E-03         49.5007E+03 
              823.394E-03         49.6164E+03 
              825.544E-03         49.7321E+03 
              827.698E-03         49.8478E+03 
              830.932E-03         50.0214E+03 
              835.793E-03         50.2817E+03 
              837.619E-03         50.3793E+03 
              840.361E-03         50.5257E+03 
              844.482E-03         50.7454E+03 
              848.611E-03         50.965E+03  
              852.749E-03         51.1847E+03 
              858.971E-03         51.5141E+03 
              865.212E-03         51.8436E+03 
              871.473E-03         52.1731E+03 
              873.825E-03         52.2966E+03 
              876.892E-03         52.4575E+03 
              877.359E-03         52.4849E+03 
              882.67E-03          52.7967E+03 
              887.995E-03         53.1084E+03 
              893.333E-03         53.4202E+03 
              901.365E-03         53.8878E+03 
              913.467E-03         54.5893E+03 
              931.744E-03         55.6414E+03 
              938.635E-03         56.036E+03  
              941.225E-03         56.184E+03  
              945.114E-03         56.4059E+03 
              946.575E-03         56.4891E+03 
              948.767E-03         56.614E+03  
              952.058E-03         56.8012E+03 
              955.355E-03         56.9885E+03 
              956.18E-03          57.0353E+03 
              957.005E-03         57.0821E+03 
              958.243E-03         57.1524E+03 
              960.101E-03         57.2577E+03 
              961.961E-03         57.363E+03  
              963.822E-03         57.4684E+03 
              964.52E-03          57.5079E+03 
              965.568E-03         57.5671E+03 
              967.141E-03         57.656E+03  
              968.715E-03         57.7449E+03 
              970.289E-03         57.8337E+03 
              972.653E-03         57.9671E+03 
              975.019E-03         58.1004E+03 
              975.611E-03         58.1337E+03 
              976.203E-03         58.167E+03  
              977.091E-03         58.217E+03  
              978.424E-03         58.292E+03  
              980.425E-03         58.4045E+03 
              981.176E-03         58.4467E+03 
              982.302E-03         58.51E+03   
              983.993E-03         58.6049E+03 
              986.531E-03         58.7472E+03 
              989.801E-03         58.9304E+03 
              990.343E-03         58.9612E+03 
              991.297E-03         59.0153E+03 
              992.251E-03         59.0693E+03 
              993.683E-03         59.1505E+03 
              995.833E-03         59.2722E+03 
              999.06E-03          59.4547E+03 
                1.00391           59.7285E+03 
                1.00877           60.0023E+03 
                1.00998           60.0707E+03 
                1.01181           60.1734E+03 
                1.01455           60.3274E+03 
                1.01866           60.5585E+03 
                1.02278           60.7895E+03 
                1.02691           61.0205E+03 
                1.03104           61.2515E+03 
                1.03352           61.3895E+03 
                1.03518           61.4823E+03 
                1.03933           61.7128E+03 
                1.04089           61.7992E+03 
                1.04322           61.9289E+03 
                1.04673           62.1233E+03 
                1.05009           62.3095E+03 
                1.052             62.4113E+03 
                1.05728           62.6925E+03 
                1.06257           62.9738E+03 
                1.06677           63.1965E+03 
                1.06787           63.2568E+03 
                1.07318           63.5466E+03 
                1.07514           63.6536E+03 
                1.07517           63.6552E+03 
                1.07816           63.803E+03  
                1.08266           64.0248E+03 
                1.08354           64.0681E+03 
                1.08564           64.1874E+03 
                1.08716           64.2622E+03 
                1.08774           64.2909E+03 
                1.0909            64.3774E+03 
                1.09167           64.3741E+03 
                1.09328           64.3673E+03 
                1.09565           64.2906E+03 
                1.09618           64.255E+03  
                1.09803           64.1321E+03 
                1.1004            63.8871E+03 
                1.10278           63.6086E+03 
                1.10297           63.5847E+03 
                1.10516           63.3038E+03 
                1.10755           62.9344E+03 
                1.10977           62.5983E+03 
                1.10993           62.5738E+03 
                1.11232           62.1511E+03 
                1.1147            61.8327E+03 
                1.11658           61.4456E+03 
                1.11709           61.3399E+03 
                1.11949           60.8711E+03 
                1.12188           60.3178E+03 
                1.12341           59.9211E+03 
                1.12427           59.6971E+03 
                1.12472           59.579E+03  
                1.12512           59.4748E+03 
                1.12517           59.4606E+03 
                1.12585           59.2522E+03 
                1.12686           58.9175E+03 
                1.12768           58.5157E+03 
                1.12787           58.4254E+03 
                1.12888           57.8294E+03 
                1.12939           57.5482E+03 
                1.12989           57.2743E+03 
                1.1304            56.9887E+03 
                1.13091           56.7464E+03 
                1.13141           56.4858E+03 
                1.13154           56.4255E+03 
                1.13192           56.2377E+03 
                1.13268           55.8445E+03 
                1.13344           55.37E+03   
                1.1342            54.791E+03  
                1.13496           54.1056E+03 
                1.13572           53.3562E+03 
                1.13648           52.4656E+03 
                1.13724           51.6051E+03 
                1.13732           51.5154E+03 
                1.13839           50.3241E+03 
                1.1395            49.1851E+03 
                1.13953           49.1527E+03 
                1.14031           48.5472E+03 
                1.14067           48.27E+03   
                1.14153           47.7815E+03 
                1.14181           47.6237E+03 
                1.14199           47.5609E+03 
                1.14268           47.3203E+03 
                1.14296           47.224E+03  
                1.14371           47.0026E+03 
                1.1441            46.8896E+03 
                1.1441            46.8894E+03 
                1.14468           46.6759E+03 
                1.14525           46.4692E+03 
                1.14556           46.3339E+03 
                1.14588           46.1909E+03 
                1.14637           45.9764E+03 
                1.14639           45.9686E+03 
                1.14711           45.4751E+03 
                1.14754           45.1819E+03 
                1.14821           44.6629E+03 
                1.14839           44.5237E+03 
                1.14925           43.8677E+03 
                1.14932           43.8127E+03 
                1.15011           43.1264E+03 
                1.15042           42.8789E+03 
                1.15097           42.4388E+03 
                1.15183           41.7243E+03 
                1.15208           41.4958E+03 
                1.15269           40.9312E+03 
                1.15291           40.7257E+03 
                1.15312           40.5124E+03 
                1.15345           40.1929E+03 
                1.15393           39.6782E+03 
                1.15457           38.8747E+03 
                1.15466           38.766E+03  
                1.15538           37.7588E+03 
                1.15611           36.6642E+03 
                1.15706           35.0586E+03 
                1.1572            34.8244E+03 
                1.15747           34.356E+03  
                1.15775           33.8695E+03 
                1.15815           33.0971E+03 
                1.15877           31.8432E+03 
                1.15955           30.1514E+03 
                1.15969           29.8626E+03 
                1.16061           27.8267E+03 
                1.16153           25.8674E+03 
                1.16205           24.8553E+03 
                1.16245           24.0688E+03 
                1.16337           22.526E+03  
                1.16429           21.233E+03  
                1.16452           20.936E+03  
                1.16454           20.911E+03  
                1.16476           20.6465E+03 
                1.1651            20.2321E+03 
                1.16517           20.1636E+03 
                1.16562           19.7076E+03 
                1.16611           19.2183E+03 
                1.1664            18.9241E+03 
                1.16718           18.1611E+03 
                1.16737           17.9665E+03 
                1.16751           17.8352E+03 
                1.16757           17.7843E+03 
                1.16786           17.5027E+03 
                1.16804           17.3252E+03 
                1.1683            17.0736E+03 
                1.16883           16.5608E+03 
                1.16895           16.4427E+03 
                1.16961           15.7532E+03 
                1.17002           15.327E+03  
                1.17027           15.0643E+03 
                1.17092           14.4474E+03 
                1.17158           13.9018E+03 
                1.1718            13.7209E+03 
                1.17224           13.3488E+03 
                1.17323           12.7789E+03 
                1.17358           12.6136E+03 
                1.17372           12.5475E+03 
                1.17421           12.4418E+03 
                1.17495           12.4134E+03 
                1.17536           12.4369E+03 
                1.1757            12.456E+03  
                1.17644           12.5201E+03 
                1.17718           12.6151E+03 
                1.17792           12.639E+03  
                1.17804           12.6347E+03 
                1.1781            12.6324E+03 
                1.17829           12.6297E+03 
                1.17857           12.6202E+03 
                1.17898           12.61E+03   
                1.17904           12.5999E+03 
                1.17961           12.502E+03  
                1.18023           12.3748E+03 
                1.18055           12.2996E+03 
                1.18055           12.2993E+03 
                1.18086           12.2156E+03 
                1.18133           12.0616E+03 
                1.18151           11.9842E+03 
                1.18177           11.8818E+03 
                1.18217           11.7332E+03 
                1.18232           11.6898E+03 
                1.18254           11.6268E+03 
                1.18281           11.5523E+03 
                1.18287           11.5352E+03 
                1.18337           11.3931E+03 
                1.18338           11.3928E+03 
                1.18388           11.2866E+03 
                1.18394           11.2759E+03 
                1.18438           11.2046E+03 
                1.18479           11.1732E+03 
                1.18488           11.1664E+03 
                1.18538           11.1287E+03 
                1.18588           11.1171E+03 
                1.18606           11.1147E+03 
                1.18639           11.1105E+03 
                1.18654           11.1153E+03 
                1.18689           11.126E+03  
                1.18726           11.1275E+03 
                1.18739           11.128E+03  
                1.18789           11.0788E+03 
                1.18833           11.0388E+03 
                1.18839           11.0331E+03 
                1.1889            11.0059E+03 
                1.1894            10.9959E+03 
                1.1899            11.0166E+03 
                1.18994           11.0232E+03 
                1.1904            11.0935E+03 
                1.19091           11.1747E+03 
                1.19141           11.2778E+03 
                1.19191           11.3919E+03 
                1.19237           11.4918E+03 
                1.19242           11.5027E+03 
                1.19292           11.6272E+03 
                1.19327           11.674E+03  
                1.19367           11.7264E+03 
                1.19443           11.7767E+03 
                1.19464           11.7827E+03 
                1.19518           11.7982E+03 
                1.19537           11.8083E+03 
                1.19556           11.8114E+03 
                1.19584           11.8275E+03 
                1.19627           11.8477E+03 
                1.19668           11.8936E+03 
                1.1969            11.9183E+03 
                1.19786           12.075E+03  
                1.19882           12.3352E+03 
                1.19975           12.6925E+03 
                1.19977           12.7008E+03 
                1.20052           13.1322E+03 
                1.20073           13.2542E+03 
                1.20129           13.6502E+03 
                1.20169           13.9344E+03 
                1.20244           14.573E+03  
                1.20264           14.7467E+03 
                1.20287           14.9524E+03 
                1.20352           15.5388E+03 
                1.2036            15.6127E+03 
                1.20449           16.3545E+03 
                1.20456           16.4099E+03 
                1.20552           17.0539E+03 
                1.20595           17.3152E+03 
                1.20648           17.6294E+03 
                1.20744           18.1885E+03 
                1.20814           18.5401E+03 
                1.20839           18.664E+03  
                1.20935           19.0919E+03 
                1.20983           19.2857E+03 
                1.21031           19.4621E+03 
                1.21034           19.471E+03  
                1.21103           19.7294E+03 
                1.21211           20.1305E+03 
                1.21253           20.3143E+03 
                1.21319           20.6052E+03 
                1.21427           21.1535E+03 
                1.21472           21.3794E+03 
                1.21535           21.6929E+03 
                1.21643           22.1888E+03 
                1.2167            22.3097E+03 
                1.21692           22.3097E+03 
                1.21912           22.3097E+03 
                1.22132           22.3097E+03 
                1.22187           22.3097E+03 
                1.22242           22.3097E+03 
                1.22324           22.3097E+03 
                1.22448           22.3097E+03 
                1.22634           22.3097E+03 
                1.22819           22.3097E+03 
                1.23005           22.3097E+03 
                1.23191           22.3097E+03 
                1.23331           22.3097E+03 
                1.2354            22.3097E+03 
                1.2375            22.3097E+03 
                1.2396            22.3097E+03 
                1.24274           22.3097E+03 
                1.24432           22.3097E+03 
                1.24589           22.3097E+03 
                1.24648           22.3097E+03 
                1.24737           22.3097E+03 
                1.2487            22.3097E+03 
                1.2492            22.3097E+03 
                1.24995           22.3097E+03 
                1.25107           22.3097E+03 
                1.25276           22.3097E+03 
                1.25528           22.3097E+03 
                1.25782           22.3097E+03 
                1.26035           22.3097E+03 
                1.26288           22.3097E+03 
                1.26542           22.3097E+03 
                1.26922           22.3097E+03 
                1.27303           22.3097E+03 
                1.27684           22.3097E+03 
                1.2778            22.3097E+03 
                1.27875           22.3097E+03 
                1.28018           22.3097E+03 
                1.28233           22.3097E+03 
                1.28555           22.3097E+03 
                1.28878           22.3097E+03 
                1.29201           22.3097E+03 
                1.29524           22.3097E+03 
                1.29847           22.3097E+03 
                1.30171           22.3097E+03 
                1.30495           22.3097E+03 
                1.30819           22.3097E+03 
                1.31143           22.3097E+03 
                1.3163            22.3097E+03 
                1.31995           22.3097E+03 
                1.32361           22.3097E+03 
                1.3291            22.3097E+03 
                1.33185           22.3097E+03 
                1.3346            22.3097E+03 
                1.33873           22.3097E+03 
                1.34286           22.3097E+03 
                1.347             22.3097E+03 
                1.35114           22.3097E+03 
                1.35528           22.3097E+03 
                1.35943           22.3097E+03 
                1.36358           22.3097E+03 
                1.36773           22.3097E+03 
                1.37189           22.3097E+03 
                1.37605           22.3097E+03 
                1.37761           22.3097E+03 
                1.37995           22.3097E+03 
                1.38347           22.3097E+03 
                1.38479           22.3097E+03 
                1.38676           22.3097E+03 
                1.38973           22.3097E+03 
                1.39419           22.3097E+03 
                1.39587           22.3097E+03 
                1.39838           22.3097E+03 
                1.40214           22.3097E+03 
                1.4078            22.3097E+03 
                1.40992           22.3097E+03 
                1.41311           22.3097E+03 
                1.41789           22.3097E+03 
                1.41968           22.3097E+03 
                1.42238           22.3097E+03 
                1.42642           22.3097E+03 
                1.43046           22.3097E+03 
                1.43451           22.3097E+03 
                1.43603           22.3097E+03 
                1.43831           22.3097E+03 
                1.44172           22.3097E+03 
                1.44686           22.3097E+03 
                1.45199           22.3097E+03 
                1.45714           22.3097E+03 
                1.46228           22.3097E+03 
                1.46743           22.3097E+03 
                1.46936           22.3097E+03 
                1.47226           22.3097E+03 
                1.47662           22.3097E+03 
                1.47825           22.3097E+03 
                1.4807            22.3097E+03 
                1.48438           22.3097E+03 
                1.4899            22.3097E+03 
                1.49197           22.3097E+03 
                1.49507           22.3097E+03 
                1.49741           22.3097E+03 
                1.50091           22.3097E+03 
                1.50616           22.3097E+03 
                1.51141           22.3097E+03 
                1.51667           22.3097E+03 
                1.51865           22.3097E+03 
                1.52161           22.3097E+03 
                1.52606           22.3097E+03 
                1.53273           22.3097E+03 
                1.53941           22.3097E+03 
                1.54609           22.3097E+03 
                1.55278           22.3097E+03 
                1.55948           22.3097E+03 
                1.56618           22.3097E+03 
                1.5687            22.3097E+03 
                1.57247           22.3097E+03 
                1.57814           22.3097E+03 
                1.58381           22.3097E+03 
                1.58948           22.3097E+03 
                1.59516           22.3097E+03 
                1.59729           22.3097E+03 
                1.60048           22.3097E+03 
                1.60528           22.3097E+03 
                1.61008           22.3097E+03 
                1.61488           22.3097E+03 
                1.61968           22.3097E+03 
                1.62449           22.3097E+03 
                1.62629           22.3097E+03 
                1.629             22.3097E+03 
                1.63306           22.3097E+03 
                1.63915           22.3097E+03 
                1.64068           22.3097E+03 
                1.6422            22.3097E+03 
                1.64449           22.3097E+03 
                1.64792           22.3097E+03 
                1.65307           22.3097E+03 
                1.65822           22.3097E+03 
                1.66337           22.3097E+03 
                1.67111           22.3097E+03 
                1.68272           22.3097E+03 
                1.70017           22.3097E+03 
                1.71764           22.3097E+03 
                1.73513           22.3097E+03 
                1.73951           22.3097E+03 
                1.74389           22.3097E+03 
                1.75046           22.3097E+03 
                1.76032           22.3097E+03 
                1.77019           22.3097E+03 
                1.78007           22.3097E+03 
                1.78995           22.3097E+03 
                1.79984           22.3097E+03 
                1.81469           22.3097E+03 
                1.8184            22.3097E+03 
                1.82211           22.3097E+03 
                1.82768           22.3097E+03 
                1.83604           22.3097E+03 
                1.84441           22.3097E+03 
                1.85277           22.3097E+03 
                1.85591           22.3097E+03 
                1.86062           22.3097E+03 
                1.86768           22.3097E+03 
                1.87828           22.3097E+03 
                1.89419           22.3097E+03 
                1.89816           22.3097E+03 
                1.90214           22.3097E+03 
                1.90811           22.3097E+03 
                1.91706           22.3097E+03 
                1.9305            22.3097E+03 
                1.94394           22.3097E+03 
                1.95402           22.3097E+03 
                1.9641            22.3097E+03 
                1.97418           22.3097E+03 
                1.98426           22.3097E+03 
                1.99435           22.3097E+03 
                2.00443           22.3097E+03 
                2.01451           22.3097E+03 
                2.0246            22.3097E+03 
                2.03468           22.3097E+03 
                2.04476           22.3097E+03 
                2.04854           22.3097E+03 
                2.05421           22.3097E+03 
                2.06272           22.3097E+03 
                2.07547           22.3097E+03 
                2.08822           22.3097E+03 
                2.09778           22.3097E+03 
                2.10017           22.3097E+03 
                2.10375           22.3097E+03 
                2.10913           22.3097E+03 
                2.1145            22.3097E+03 
                2.11988           22.3097E+03 
                2.12794           22.3097E+03 
                2.14002           22.3097E+03 
                2.14455           22.3097E+03 
                2.15134           22.3097E+03 
                2.15813           22.3097E+03 
                2.16492           22.3097E+03 
                2.17171           22.3097E+03 
                2.17849           22.3097E+03 
                2.18867           22.3097E+03 
                2.19248           22.3097E+03 
                2.1982            22.3097E+03 
                2.20677           22.3097E+03 
                2.21534           22.3097E+03 
                2.22391           22.3097E+03 
                2.22605           22.3097E+03 
                2.22819           22.3097E+03 
                2.2314            22.3097E+03 
                2.23621           22.3097E+03 
                2.24343           22.3097E+03 
                2.25064           22.3097E+03 
                2.25785           22.3097E+03 
                2.26866           22.3097E+03 
                2.27945           22.3097E+03 
                2.29024           22.3097E+03 
                2.29429           22.3097E+03 
                2.30035           22.3097E+03 
                2.30641           22.3097E+03 
                2.31246           22.3097E+03 
                2.31473           22.3097E+03 
                2.31814           22.3097E+03 
                2.32324           22.3097E+03 
                2.33089           22.3097E+03 
                2.33854           22.3097E+03 
                2.34618           22.3097E+03 
                2.35763           22.3097E+03 
                2.36192           22.3097E+03 
                2.36835           22.3097E+03 
                2.37799           22.3097E+03 
                2.38762           22.3097E+03 
                2.39723           22.3097E+03 
                2.39964           22.3097E+03 
                2.40324           22.3097E+03 
                2.40459           22.3097E+03 
                2.40662           22.3097E+03 
                2.40965           22.3097E+03 
                2.41421           22.3097E+03 
                2.41876           22.3097E+03 
                2.42331           22.3097E+03 
                2.42785           22.3097E+03 
                2.43467           22.3097E+03 
                2.43637           22.3097E+03 
                2.43807           22.3097E+03 
                2.44062           22.3097E+03 
                2.44445           22.3097E+03 
                2.45019           22.3097E+03 
                2.45592           22.3097E+03 
                2.45735           22.3097E+03 
                2.45879           22.3097E+03 
                2.46093           22.3097E+03 
                2.46416           22.3097E+03 
                2.46898           22.3097E+03 
                2.47622           22.3097E+03 
                2.48345           22.3097E+03 
                2.49067           22.3097E+03 
                2.49788           22.3097E+03 
                2.50509           22.3097E+03 
                2.51228           22.3097E+03 
                2.51947           22.3097E+03 
                2.52127           22.3097E+03 
                2.52306           22.3097E+03 
                2.52576           22.3097E+03 
                2.52979           22.3097E+03 
                2.53584           22.3097E+03 
                2.5449            22.3097E+03 
                2.55395           22.3097E+03 
                2.56299           22.3097E+03 
                2.57201           22.3097E+03 
                2.58102           22.3097E+03 
                2.59001           22.3097E+03 
                2.59225           22.3097E+03 
                2.5945            22.3097E+03 
                2.59786           22.3097E+03 
                2.60291           22.3097E+03 
                2.60795           22.3097E+03 
                2.61298           22.3097E+03 
                2.61801           22.3097E+03 
                2.62178           22.3097E+03 
                2.62743           22.3097E+03 
                2.63307           22.3097E+03 
                2.6387            22.3097E+03 
                2.64081           22.3097E+03 
                2.64398           22.3097E+03 
                2.64872           22.3097E+03 
                2.6505            22.3097E+03 
                2.65317           22.3097E+03 
                2.65716           22.3097E+03 
                2.66315           22.3097E+03 
                2.66465           22.3097E+03 
                2.66614           22.3097E+03 
                2.66838           22.3097E+03 
                2.67174           22.3097E+03 
                2.67678           22.3097E+03 
                2.68432           22.3097E+03 
                2.69562           22.3097E+03 
                2.70125           22.3097E+03 
                2.70688           22.3097E+03 
                2.71531           22.3097E+03 
                2.71742           22.3097E+03 
                2.71952           22.3097E+03 
                2.72267           22.3097E+03 
                2.7274            22.3097E+03 
                2.73448           22.3097E+03 
                2.74507           22.3097E+03 
                2.74772           22.3097E+03 
                2.75036           22.3097E+03 
                2.75432           22.3097E+03 
                2.75581           22.3097E+03 
                2.75803           22.3097E+03 
                2.76137           22.3097E+03 
                2.76262           22.3097E+03 
                2.76449           22.3097E+03 
                2.7673            22.3097E+03 
                2.77151           22.3097E+03 
                2.77782           22.3097E+03 
                2.78412           22.3097E+03 
                2.79041           22.3097E+03 
                2.79668           22.3097E+03 
                2.79903           22.3097E+03 
                2.80256           22.3097E+03 
                2.80784           22.3097E+03 
                2.81311           22.3097E+03 
                2.81837           22.3097E+03 
                2.82625           22.3097E+03 
                2.8292            22.3097E+03 
                2.83363           22.3097E+03 
                2.84025           22.3097E+03 
                2.84273           22.3097E+03 
                2.84644           22.3097E+03 
                2.85201           22.3097E+03 
                2.86034           22.3097E+03 
                2.8728            22.3097E+03 
                2.88522           22.3097E+03 
                2.88831           22.3097E+03 
                2.8914            22.3097E+03 
                2.89604           22.3097E+03 
                2.90297           22.3097E+03 
                2.90989           22.3097E+03 
                2.9168            22.3097E+03 
                2.92369           22.3097E+03 
                2.93399           22.3097E+03 
                2.94426           22.3097E+03 
                2.95449           22.3097E+03 
                2.96977           22.3097E+03 
                2.98496           22.3097E+03 
                2.98875           22.3097E+03 
                2.99441           22.3097E+03 
                3.00289           22.3097E+03 
                3.01555           22.3097E+03 
                3.02816           22.3097E+03 
                3.04069           22.3097E+03 
                3.04382           22.3097E+03 
                3.04694           22.3097E+03 
                3.05161           22.3097E+03 
                3.0586            22.3097E+03 
                3.06905           22.3097E+03 
                3.07166           22.3097E+03 
                3.07426           22.3097E+03 
                3.07816           22.3097E+03 
                3.08399           22.3097E+03 
                3.09272           22.3097E+03 
                3.09598           22.3097E+03 
                3.10086           22.3097E+03 
                3.10817           22.3097E+03 
                3.11908           22.3097E+03 
                3.12994           22.3097E+03 
                3.13265           22.3097E+03 
                3.1367            22.3097E+03 
                3.14276           22.3097E+03 
                3.14503           22.3097E+03 
                3.14843           22.3097E+03 
                3.15352           22.3097E+03 
                3.16112           22.3097E+03 
                3.1687            22.3097E+03 
                3.17625           22.3097E+03 
                3.17907           22.3097E+03 
                3.1833            22.3097E+03 
                3.18646           22.3097E+03 
                3.18962           22.3097E+03 
                3.19435           22.3097E+03 
                3.20142           22.3097E+03 
                3.20406           22.3097E+03 
                3.20802           22.3097E+03 
                3.21394           22.3097E+03 
                3.21984           22.3097E+03 
                3.22573           22.3097E+03 
                3.23159           22.3097E+03 
                3.23743           22.3097E+03 
                3.24616           22.3097E+03 
                3.25917           22.3097E+03 
                3.26402           22.3097E+03 
                3.27127           22.3097E+03 
                3.28209           22.3097E+03 
                3.29817           22.3097E+03 
                3.30217           22.3097E+03 
                3.30615           22.3097E+03 
                3.31211           22.3097E+03 
                3.321             22.3097E+03 
                3.32764           22.3097E+03 
                3.33424           22.3097E+03 
                3.34081           22.3097E+03 
                3.34327           22.3097E+03 
                3.34695           22.3097E+03 
                3.35244           22.3097E+03 
                3.35792           22.3097E+03 
                3.36337           22.3097E+03 
                3.37151           22.3097E+03 
                3.3796            22.3097E+03 
                3.38765           22.3097E+03 
                3.39563           22.3097E+03 
                3.39862           22.3097E+03 
                3.40308           22.3097E+03 
                3.40974           22.3097E+03 
                3.41223           22.3097E+03 
                3.41595           22.3097E+03 
                3.42152           22.3097E+03 
                3.4236            22.3097E+03 
                3.42671           22.3097E+03 
                3.43137           22.3097E+03 
                3.43831           22.3097E+03 
                3.44522           22.3097E+03 
                3.45208           22.3097E+03 
                3.4589            22.3097E+03 
                3.46568           22.3097E+03 
                3.47577           22.3097E+03 
                3.48576           22.3097E+03 
                3.49565           22.3097E+03 
                3.50545           22.3097E+03 
                3.51997           22.3097E+03 
                3.52535           22.3097E+03 
                3.52737           22.3097E+03 
                3.53038           22.3097E+03 
                3.53487           22.3097E+03 
                3.54158           22.3097E+03 
                3.54823           22.3097E+03 
                3.54989           22.3097E+03 
                3.55154           22.3097E+03 
                3.55401           22.3097E+03 
                3.55771           22.3097E+03 
                3.55909           22.3097E+03 
                3.56116           22.3097E+03 
                3.56425           22.3097E+03 
                3.56733           22.3097E+03 
                3.5704            22.3097E+03 
                3.57499           22.3097E+03 
                3.58182           22.3097E+03 
                3.58859           22.3097E+03 
                3.5953            22.3097E+03 
                3.5978            22.3097E+03 
                3.60154           22.3097E+03 
                3.60711           22.3097E+03 
                3.61265           22.3097E+03 
                3.61814           22.3097E+03 
                3.62629           22.3097E+03 
                3.63034           22.3097E+03 
                3.63436           22.3097E+03 
                3.63835           22.3097E+03 
                3.6443            22.3097E+03 
                3.64652           22.3097E+03 
                3.64983           22.3097E+03 
                3.65107           22.3097E+03 
                3.65292           22.3097E+03 
                3.65569           22.3097E+03 
                3.65982           22.3097E+03 
                3.66393           22.3097E+03 
                3.66801           22.3097E+03 
                3.67407           22.3097E+03 
                3.68305           22.3097E+03 
                3.69627           22.3097E+03 
                3.70115           22.3097E+03 
                3.70297           22.3097E+03 
                3.70568           22.3097E+03 
                3.70973           22.3097E+03 
                3.71375           22.3097E+03 
                3.71773           22.3097E+03 
                3.72366           22.3097E+03 
                3.73241           22.3097E+03 
                3.74524           22.3097E+03 
                3.76383           22.3097E+03 
                3.76835           22.3097E+03 
                3.76947           22.3097E+03 
                3.77115           22.3097E+03 
                3.77366           22.3097E+03 
                3.77615           22.3097E+03 
                3.77862           22.3097E+03 
                3.7823            22.3097E+03 
                3.78367           22.3097E+03 
                3.78572           22.3097E+03 
                3.78877           22.3097E+03 
                3.7933            22.3097E+03 
                3.79778           22.3097E+03 
                3.8022            22.3097E+03 
                3.80872           22.3097E+03 
                3.81033           22.3097E+03 
                3.81193           22.3097E+03 
                3.81432           22.3097E+03 
                3.81788           22.3097E+03 
                3.8192            22.3097E+03 
                3.82117           22.3097E+03 
                3.8241            22.3097E+03 
                3.8252            22.3097E+03 
                3.82683           22.3097E+03 
                3.82744           22.3097E+03 
                3.82835           22.3097E+03 
                3.82972           22.3097E+03 
                3.83175           22.3097E+03 
                3.83477           22.3097E+03 
                3.83925           22.3097E+03 
                3.84365           22.3097E+03 
                3.84474           22.3097E+03 
                3.84583           22.3097E+03 
                3.84745           22.3097E+03 
                3.84986           22.3097E+03 
                3.85076           22.3097E+03 
                3.8521            22.3097E+03 
                3.8541            22.3097E+03 
                3.85484           22.3097E+03 
                3.85596           22.3097E+03 
                3.85762           22.3097E+03 
                3.86009           22.3097E+03 
                3.86375           22.3097E+03 
                3.86735           22.3097E+03 
                3.8709            22.3097E+03 
                3.87439           22.3097E+03 
                3.87782           22.3097E+03 
                3.87867           22.3097E+03 
                3.87951           22.3097E+03 
                3.88077           22.3097E+03 
                3.88265           22.3097E+03 
                3.88335           22.3097E+03 
                3.8844            22.3097E+03 
                3.88595           22.3097E+03 
                3.88826           22.3097E+03 
                3.88912           22.3097E+03 
                3.89041           22.3097E+03 
                3.89231           22.3097E+03 
                3.89513           22.3097E+03 
                3.89928           22.3097E+03 
                3.9003            22.3097E+03 
                3.90132           22.3097E+03 
                3.90283           22.3097E+03 
                3.90507           22.3097E+03 
                3.90673           22.3097E+03 
                3.90918           22.3097E+03 
                3.9116            22.3097E+03 
                3.91398           22.3097E+03 
                3.91632           22.3097E+03 
                3.9169            22.3097E+03 
                3.91776           22.3097E+03 
                3.91904           22.3097E+03 
                3.92095           22.3097E+03 
                3.92165           22.3097E+03 
                3.92271           22.3097E+03 
                3.92427           22.3097E+03 
                3.92658           22.3097E+03 
                3.92715           22.3097E+03 
                3.92772           22.3097E+03 
                3.92856           22.3097E+03 
                3.92982           22.3097E+03 
                3.93168           22.3097E+03 
                3.93351           22.3097E+03 
                3.93532           22.3097E+03 
                3.93598           22.3097E+03 
                3.93698           22.3097E+03 
                3.93845           22.3097E+03 
                3.9399            22.3097E+03 
                3.94133           22.3097E+03 
                3.94186           22.3097E+03 
                3.94265           22.3097E+03 
                3.94382           22.3097E+03 
                3.94498           22.3097E+03 
                3.94612           22.3097E+03 
                3.94781           22.3097E+03 
                3.95028           22.3097E+03 
                3.95385           22.3097E+03 
                3.95471           22.3097E+03 
                3.95557           22.3097E+03 
                3.95589           22.3097E+03 
                3.95636           22.3097E+03 
                3.95707           22.3097E+03 
                3.95733           22.3097E+03 
                3.95772           22.3097E+03 
                3.95831           22.3097E+03 
                3.95917           22.3097E+03 
                3.96045           22.3097E+03 
                3.96233           22.3097E+03 
                3.96414           22.3097E+03 
                3.9659            22.3097E+03 
                3.96761           22.3097E+03 
                3.97006           22.3097E+03 
                3.9724            22.3097E+03 
                3.97296           22.3097E+03 
                3.97352           22.3097E+03 
                3.97435           22.3097E+03 
                3.97555           22.3097E+03 
                3.97729           22.3097E+03 
                3.97974           22.3097E+03 
                3.98033           22.3097E+03 
                3.98091           22.3097E+03 
                3.98175           22.3097E+03 
                3.98297           22.3097E+03 
                3.98414           22.3097E+03 
                3.98525           22.3097E+03 
                3.98566           22.3097E+03 
                3.98625           22.3097E+03 
                3.98683           22.3097E+03 
                3.98739           22.3097E+03 
                3.9882            22.3097E+03 
                3.98898           22.3097E+03 
                3.98973           22.3097E+03 
                3.99              22.3097E+03 
                3.9904            22.3097E+03 
                3.99097           22.3097E+03 
                3.9918            22.3097E+03 
                3.992             22.3097E+03 
                3.99219           22.3097E+03 
                3.99248           22.3097E+03 
                3.99289           22.3097E+03 
                3.99349           22.3097E+03 
                3.99406           22.3097E+03 
                3.99459           22.3097E+03 
                3.99509           22.3097E+03 
                3.99555           22.3097E+03 
                3.99572           22.3097E+03 
                3.99597           22.3097E+03 
                3.99631           22.3097E+03 
                3.9968            22.3097E+03 
                3.99697           22.3097E+03 
                3.99722           22.3097E+03 
                3.99756           22.3097E+03 
                3.99787           22.3097E+03 
                3.99816           22.3097E+03 
                3.99823           22.3097E+03 
                3.99829           22.3097E+03 
                3.99839           22.3097E+03 
                3.99852           22.3097E+03 
                3.99865           22.3097E+03 
                3.99877           22.3097E+03 
                3.9988            22.3097E+03 
                3.99883           22.3097E+03 
                3.99887           22.3097E+03 
                3.99893           22.3097E+03 
                3.99896           22.3097E+03 
                3.99899           22.3097E+03 
                3.99904           22.3097E+03 
                3.99906           22.3097E+03 
                3.99908           22.3097E+03 
                3.99912           22.3097E+03 
                3.99918           22.3097E+03 
                3.99926           22.3097E+03 
                3.99928           22.3097E+03 
                3.99932           22.3097E+03 
                3.99938           22.3097E+03 
                3.9994            22.3097E+03 
                3.99944           22.3097E+03 
                3.99948           22.3097E+03 
                3.99954           22.3097E+03 
                3.9996            22.3097E+03 
                3.99965           22.3097E+03 
                3.9997            22.3097E+03 
                3.99973           22.3097E+03 
                3.99977           22.3097E+03 
                3.99981           22.3097E+03 
                3.99985           22.3097E+03 
                3.99988           22.3097E+03 
                3.9999            22.3097E+03 
                3.99993           22.3097E+03 
                3.99994           22.3097E+03 
                3.99995           22.3097E+03 
                3.99995           22.3097E+03 
                3.99996           22.3097E+03 
                3.99996           22.3097E+03 
                3.99997           22.3097E+03 
                3.99998           22.3097E+03 
                3.99999           22.3097E+03 
                4.                22.3097E+03 
                4.                22.3097E+03 
                4.                22.3097E+03 
                4.                22.3097E+03 
                4.                22.3097E+03 




