
                  X               uf1-exp     

                0.                -0.         
               39.94E-09         144.262E-03  
              319.041E-09        746.553E-03  
                1.70601E-06        1.94853    
                7.53894E-06        4.44846    
               29.9775E-06         9.54913    
              111.812E-06         21.6481     
              399.954E-06         56.0719     
                1.38837E-03      163.189      
                4.70264E-03      506.667      
               15.5512E-03         1.60889E+03
               49.9952E-03         5.07434E+03
              154.626E-03         15.5113E+03 
              332.945E-03         33.0991E+03 
              586.885E-03         57.7107E+03 
              661.566E-03         64.9928E+03 
              740.413E-03         72.3886E+03 
              823.222E-03         80.2499E+03 
              844.518E-03         82.3551E+03 
              876.892E-03         85.3432E+03 
              926.395E-03         89.1207E+03 
              935.799E-03         89.8796E+03 
              945.242E-03         90.5267E+03 
              954.722E-03         91.1608E+03 
              969.013E-03         92.1958E+03 
              983.386E-03         93.3673E+03 
              986.993E-03         93.6865E+03 
              990.604E-03         93.9971E+03 
              996.031E-03         94.4708E+03 
                1.00011           94.8357E+03 
                1.00419           95.2008E+03 
                1.00828           95.5642E+03 
                1.01238           95.9222E+03 
                1.0134            96.0152E+03 
                1.01494           96.1485E+03 
                1.01725           96.3433E+03 
                1.01783           96.3936E+03 
                1.01841           96.443E+03  
                1.01927           96.5155E+03 
                1.0196            96.5429E+03 
                1.02009           96.5835E+03 
                1.02082           96.6435E+03 
                1.02192           96.7324E+03 
                1.02302           96.8207E+03 
                1.02411           96.9082E+03 
                1.02576           97.0358E+03 
                1.02638           97.0844E+03 
                1.02731           97.1551E+03 
                1.0287            97.2565E+03 
                1.0308            97.387E+03  
                1.03158           97.4338E+03 
                1.03276           97.4891E+03 
                1.03452           97.5153E+03 
                1.03629           97.4489E+03 
                1.03806           97.2422E+03 
                1.03983           96.8436E+03 
                1.0416            96.2055E+03 
                1.04205           96.0313E+03 
                1.04271           95.7316E+03 
                1.04371           95.1903E+03 
                1.04521           94.1637E+03 
                1.04745           92.1629E+03 
                1.04829           91.3518E+03 
                1.04956           90.0044E+03 
                1.05003           89.4823E+03 
                1.05075           88.6621E+03 
                1.05181           87.3599E+03 
                1.05342           85.2842E+03 
                1.05402           84.4918E+03 
                1.05492           83.2749E+03 
                1.05627           81.4087E+03 
                1.05678           80.7051E+03 
                1.05754           79.6425E+03 
                1.05869           78.0445E+03 
                1.0604            75.6767E+03 
                1.06105           74.7959E+03 
                1.06201           73.4935E+03 
                1.06346           71.603E+03  
                1.06564           68.9649E+03 
                1.06645           68.0077E+03 
                1.06768           66.6452E+03 
                1.06814           66.1457E+03 
                1.06883           65.4211E+03 
                1.06986           64.3924E+03 
                1.07141           62.9829E+03 
                1.072             62.4742E+03 
                1.07287           61.752E+03  
                1.07418           60.7596E+03 
                1.07615           59.467E+03  
                1.07688           59.0108E+03 
                1.07799           58.3851E+03 
                1.07965           57.5779E+03 
                1.08132           56.9027E+03 
                1.08298           56.3574E+03 
                1.08464           55.9372E+03 
                1.08631           55.6325E+03 
                1.08673           55.5643E+03 
                1.08735           55.4764E+03 
                1.08829           55.3749E+03 
                1.0897            55.2793E+03 
                1.09022           55.2515E+03 
                1.09102           55.2229E+03 
                1.0922            55.1999E+03 
                1.09265           55.1943E+03 
                1.09332           55.1888E+03 
                1.09432           55.182E+03  
                1.09583           55.1597E+03 
                1.09639           55.1498E+03 
                1.09724           55.1265E+03 
                1.09851           55.0681E+03 
                1.09899           55.0434E+03 
                1.0997            54.9975E+03 
                1.10078           54.9072E+03 
                1.10118           54.8708E+03 
                1.10178           54.8088E+03 
                1.10269           54.6983E+03 
                1.10405           54.4911E+03 
                1.10456           54.4082E+03 
                1.10532           54.2693E+03 
                1.10647           54.0278E+03 
                1.1069            53.9331E+03 
                1.10755           53.7803E+03 
                1.10852           53.5272E+03 
                1.10998           53.0949E+03 
                1.11052           52.9262E+03 
                1.11134           52.6555E+03 
                1.11257           52.2064E+03 
                1.11441           51.4099E+03 
                1.1151            51.0935E+03 
                1.11614           50.5692E+03 
                1.1177            49.6538E+03 
                1.12004           47.9695E+03 
                1.12092           47.2956E+03 
                1.12223           46.187E+03  
                1.12421           44.3312E+03 
                1.12495           43.6111E+03 
                1.12606           42.477E+03  
                1.12773           40.6725E+03 
                1.13023           37.7812E+03 
                1.13086           37.0493E+03 
                1.13149           36.3067E+03 
                1.13243           35.1714E+03 
                1.13384           33.4321E+03 
                1.13595           30.7837E+03 
                1.13913           26.8843E+03 
                1.14231           23.2221E+03 
                1.1455            19.9383E+03 
                1.14868           17.1289E+03 
                1.15187           14.8295E+03 
                1.15666           12.4773E+03 
                1.16146           11.1988E+03 




