
                  X               uf2-exp     

                0.                -0.         
               39.94E-09         144.262E-03  
              319.041E-09        746.553E-03  
                1.70601E-06        1.94853    
                7.53894E-06        4.44846    
               29.9775E-06         9.54913    
              111.812E-06         21.6481     
              399.954E-06         56.0726     
                1.38837E-03      163.196      
                4.70264E-03      506.744      
               15.5512E-03         1.60972E+03
               49.9952E-03         5.08272E+03
              154.626E-03         15.5863E+03 
              450.699E-03         45.0047E+03 
              551.162E-03         54.9937E+03 
              557.777E-03         55.8654E+03 
              564.43E-03          56.4248E+03 
              571.121E-03         56.9655E+03 
              577.852E-03         57.5165E+03 
              584.62E-03          58.0949E+03 
              591.427E-03         58.7081E+03 
              598.272E-03         59.3516E+03 
              605.155E-03         60.0148E+03 
              612.075E-03         60.6875E+03 
              619.034E-03         61.3638E+03 
              626.029E-03         62.041E+03  
              631.301E-03         62.5536E+03 
              636.593E-03         63.061E+03  
              641.906E-03         63.5676E+03 
              647.241E-03         64.074E+03  
              652.595E-03         64.5814E+03 
              657.971E-03         65.0908E+03 
              663.367E-03         65.6024E+03 
              668.784E-03         66.1156E+03 
              674.221E-03         66.6294E+03 
              679.679E-03         67.1427E+03 
              685.157E-03         67.6545E+03 
              690.656E-03         68.1644E+03 
              696.175E-03         68.6732E+03 
              701.714E-03         69.1826E+03 
              707.273E-03         69.6953E+03 
              712.852E-03         70.214E+03  
              718.451E-03         70.7406E+03 
              724.069E-03         71.2755E+03 
              729.708E-03         71.817E+03  
              735.367E-03         72.3617E+03 
              741.045E-03         72.9055E+03 
              746.742E-03         73.4449E+03 
              752.46E-03          73.9781E+03 
              758.196E-03         74.5054E+03 
              763.952E-03         75.0298E+03 
              769.728E-03         75.5558E+03 
              775.522E-03         76.0879E+03 
              781.336E-03         76.6285E+03 
              787.168E-03         77.1772E+03 
              793.02E-03          77.731E+03  
              801.833E-03         78.5563E+03 
              815.132E-03         79.7877E+03 
              820.143E-03         80.2702E+03 
              825.168E-03         80.7353E+03 
              830.205E-03         81.1987E+03 
              835.256E-03         81.6622E+03 
              840.32E-03          82.1264E+03 
              844.126E-03         82.4778E+03 
              847.94E-03          82.8275E+03 
              851.761E-03         83.1773E+03 
              855.589E-03         83.5274E+03 
              861.345E-03         84.0504E+03 
              867.117E-03         84.5819E+03 
              872.905E-03         85.122E+03  
              881.617E-03         85.9463E+03 
              888.175E-03         86.5812E+03 
              894.753E-03         87.2143E+03 
              897.224E-03         87.459E+03  
              898.152E-03         87.5511E+03 
              899.544E-03         87.6847E+03 
              901.634E-03         87.8829E+03 
              903.726E-03         88.0814E+03 
              905.82E-03          88.2788E+03 
              907.916E-03         88.474E+03  
              911.063E-03         88.7401E+03 
              914.216E-03         88.9339E+03 
              915.004E-03         88.9799E+03 
              916.188E-03         89.0291E+03 
              916.632E-03         89.0455E+03 
              917.298E-03         89.0628E+03 
              918.297E-03         89.0706E+03 
              918.672E-03         89.0714E+03 
              919.235E-03         89.0657E+03 
              920.079E-03         89.0399E+03 
              920.396E-03         89.0281E+03 
              920.871E-03         89.0042E+03 
              921.583E-03         88.9531E+03 
              922.653E-03         88.8384E+03 
              923.054E-03         88.7906E+03 
              923.656E-03         88.7053E+03 
              924.559E-03         88.5459E+03 
              925.915E-03         88.2363E+03 
              926.423E-03         88.1115E+03 
              927.186E-03         87.9025E+03 
              928.331E-03         87.5482E+03 
              928.76E-03          87.411E+03  
              929.405E-03         87.1948E+03 
              930.372E-03         86.8565E+03 
              931.823E-03         86.3513E+03 
              932.367E-03         86.1652E+03 
              933.184E-03         85.8956E+03 
              934.41E-03          85.5302E+03 
              936.25E-03          85.0856E+03 
              936.71E-03          84.9825E+03 
              937.17E-03          84.8853E+03 
              937.861E-03         84.7517E+03 
              938.897E-03         84.5701E+03 
              940.452E-03         84.2913E+03 
              942.787E-03         83.6797E+03 
              943.371E-03         83.5141E+03 
              943.955E-03         83.3302E+03 
              944.832E-03         83.006E+03  
              946.147E-03         82.3956E+03 
              948.122E-03         81.1906E+03 
              948.863E-03         80.7001E+03 
              949.975E-03         79.8764E+03 
              951.643E-03         78.4766E+03 
              952.269E-03         77.9319E+03 
              953.209E-03         77.0733E+03 
              954.618E-03         75.7207E+03 
              955.147E-03         75.207E+03  
              955.941E-03         74.4238E+03 
              957.132E-03         73.2392E+03 
              958.919E-03         71.4977E+03 
              960.707E-03         69.8406E+03 
              962.497E-03         68.3024E+03 
              964.288E-03         66.9032E+03 
              966.081E-03         65.6484E+03 
              967.875E-03         64.5317E+03 
              968.548E-03         64.133E+03  
              969.557E-03         63.573E+03  
              971.073E-03         62.81E+03   
              972.589E-03         62.1142E+03 
              974.107E-03         61.4754E+03 
              974.676E-03         61.2443E+03 
              975.53E-03          60.912E+03  
              976.812E-03         60.4442E+03 
              978.736E-03         59.8088E+03 
              979.458E-03         59.5814E+03 
              980.541E-03         59.2597E+03 
              980.947E-03         59.1425E+03 
              981.557E-03         58.9727E+03 
              982.471E-03         58.7329E+03 
              983.844E-03         58.4086E+03 
              985.217E-03         58.1207E+03 
              986.591E-03         57.8671E+03 
              987.107E-03         57.7775E+03 
              987.88E-03          57.6518E+03 
              989.041E-03         57.4798E+03 
              990.782E-03         57.2375E+03 
              993.397E-03         56.8153E+03 
              994.051E-03         56.7069E+03 
              994.706E-03         56.5909E+03 
              995.688E-03         56.3958E+03 
              996.056E-03         56.3201E+03 
              996.608E-03         56.1987E+03 
              997.437E-03         55.9972E+03 
              998.681E-03         55.6482E+03 
              999.148E-03         55.5114E+03 
              999.848E-03         55.2902E+03 
                1.0009            54.9233E+03 
                1.00247           54.3032E+03 
                1.00307           54.0627E+03 
                1.00395           53.6832E+03 
                1.00529           53.0882E+03 
                1.00728           52.2102E+03 
                1.00803           51.8888E+03 
                1.00916           51.4326E+03 
                1.01085           50.8411E+03 
                1.01148           50.635E+03  
                1.01243           50.3583E+03 
                1.01386           50.0016E+03 
                1.016             49.4599E+03 
                1.0168            49.2489E+03 
                1.01801           48.8756E+03 
                1.01922           48.4157E+03 
                1.02042           47.8438E+03 
                1.02088           47.6129E+03 
                1.02155           47.2248E+03 
                1.02257           46.5452E+03 
                1.0241            45.3261E+03 
                1.02468           44.8435E+03 
                1.02554           44.0669E+03 
                1.02683           42.8192E+03 
                1.02731           42.3425E+03 
                1.02804           41.6119E+03 




