
                  X               uf3-exp     

                0.                -0.         
               39.94E-09         144.262E-03  
              319.041E-09        746.553E-03  
                1.70601E-06        1.94853    
                7.53894E-06        4.44846    
               29.9775E-06         9.54913    
              111.812E-06         21.6481     
              399.954E-06         56.0726     
                1.38837E-03      163.196      
                4.70264E-03      506.745      
               15.5512E-03         1.60973E+03
               49.9952E-03         5.08308E+03
              154.626E-03         15.5953E+03 
              450.699E-03         45.1089E+03 
              456.678E-03         46.9507E+03 
              462.697E-03         47.3782E+03 
              468.757E-03         47.6592E+03 
              474.857E-03         47.9104E+03 
              480.997E-03         48.2137E+03 
              487.177E-03         48.6205E+03 
              493.397E-03         49.1354E+03 
              499.657E-03         49.7307E+03 
              505.957E-03         50.3713E+03 
              512.297E-03         51.0307E+03 
              518.676E-03         51.6959E+03 
              528.319E-03         52.6835E+03 
              538.05E-03          53.6744E+03 
              547.87E-03          54.6504E+03 
              557.777E-03         55.6081E+03 
              567.771E-03         56.5537E+03 
              577.852E-03         57.4977E+03 
              588.019E-03         58.4489E+03 
              598.272E-03         59.4129E+03 
              606.018E-03         60.1518E+03 
              613.811E-03         60.891E+03  
              621.653E-03         61.6363E+03 
              629.541E-03         62.3868E+03 
              637.477E-03         63.1416E+03 
              649.469E-03         64.2728E+03 
              667.654E-03         65.9913E+03 
              671.09E-03          66.3553E+03 
              674.534E-03         66.6855E+03 
              679.715E-03         67.1715E+03 
              684.915E-03         67.6608E+03 
              690.132E-03         68.1496E+03 
              695.369E-03         68.6389E+03 
              703.257E-03         69.3723E+03 
              715.166E-03         70.4865E+03 
              718.157E-03         70.7894E+03 
              721.154E-03         71.0744E+03 
              725.66E-03          71.4955E+03 
              730.179E-03         71.9194E+03 
              734.711E-03         72.3425E+03 
              739.255E-03         72.7647E+03 
              743.812E-03         73.1869E+03 
              750.671E-03         73.8179E+03 
              757.557E-03         74.4597E+03 
              764.472E-03         75.1085E+03 
              774.897E-03         76.0872E+03 
              785.383E-03         77.0833E+03 
              795.931E-03         78.0841E+03 
              811.868E-03         79.5789E+03 
              823.911E-03         80.7216E+03 
              836.029E-03         81.8593E+03 
              848.222E-03         82.999E+03  
              860.49E-03          84.142E+03  
              872.832E-03         85.2911E+03 
              885.247E-03         86.4487E+03 
              889.922E-03         86.8994E+03 
              896.952E-03         87.5515E+03 
              899.595E-03         87.8055E+03 
              902.24E-03          88.0524E+03 
              904.889E-03         88.2952E+03 
              907.541E-03         88.5258E+03 
              910.196E-03         88.7233E+03 
              910.86E-03          88.7726E+03 
              911.524E-03         88.8177E+03 
              912.521E-03         88.8754E+03 
              912.895E-03         88.8962E+03 
              913.457E-03         88.9237E+03 
              914.299E-03         88.9554E+03 
              915.562E-03         88.9766E+03 
              916.036E-03         88.9815E+03 
              916.747E-03         88.9777E+03 
              917.014E-03         88.9751E+03 
              917.414E-03         88.9672E+03 
              918.015E-03         88.9458E+03 
              918.24E-03          88.9367E+03 
              918.578E-03         88.9197E+03 
              919.084E-03         88.8865E+03 
              919.845E-03         88.8177E+03 
              920.986E-03         88.6671E+03 
              921.414E-03         88.6045E+03 
              922.057E-03         88.4939E+03 
              923.02E-03          88.2898E+03 
              924.467E-03         87.904E+03  
              925.009E-03         87.7498E+03 
              925.824E-03         87.4959E+03 
              927.046E-03         87.0793E+03 
              927.504E-03         86.9197E+03 
              928.192E-03         86.6738E+03 
              929.224E-03         86.3024E+03 
              930.772E-03         85.7775E+03 
              931.354E-03         85.5883E+03 
              932.225E-03         85.3218E+03 
              933.534E-03         84.9664E+03 
              934.025E-03         84.8404E+03 
              934.761E-03         84.6629E+03 
              935.866E-03         84.4114E+03 
              937.525E-03         83.9999E+03 
              938.147E-03         83.8383E+03 
              939.081E-03         83.5605E+03 
              940.483E-03         83.0224E+03 
              941.008E-03         82.8026E+03 
              941.797E-03         82.4229E+03 
              942.981E-03         81.731E+03  
              944.758E-03         80.4285E+03 
              947.425E-03         78.0642E+03 
              948.093E-03         77.4534E+03 
              948.76E-03          76.823E+03  
              949.762E-03         75.8476E+03 
              951.265E-03         74.3644E+03 
              951.829E-03         73.8089E+03 
              952.675E-03         72.9805E+03 
              953.945E-03         71.77E+03   
              954.421E-03         71.3224E+03 
              955.136E-03         70.6656E+03 
              956.209E-03         69.721E+03  
              957.818E-03         68.4122E+03 
              958.422E-03         67.9387E+03 
              959.328E-03         67.2644E+03 
              960.688E-03         66.3383E+03 
              961.198E-03         66.0041E+03 
              961.964E-03         65.5294E+03 
              963.112E-03         64.8771E+03 
              964.836E-03         64.0239E+03 
              965.483E-03         63.7224E+03 
              966.453E-03         63.3045E+03 
              967.91E-03          62.7472E+03 
              968.456E-03         62.5487E+03 
              969.276E-03         62.2692E+03 
              970.506E-03         61.8875E+03 
              970.967E-03         61.7502E+03 
              971.66E-03          61.5544E+03 
              972.699E-03         61.2825E+03 
              974.258E-03         60.922E+03  
              975.818E-03         60.6096E+03 
              977.379E-03         60.3459E+03 
              977.965E-03         60.2549E+03 
              978.844E-03         60.1328E+03 
              980.162E-03         59.9836E+03 
              980.657E-03         59.9334E+03 
              981.399E-03         59.8679E+03 
              982.513E-03         59.7908E+03 
              982.931E-03         59.7654E+03 
              983.558E-03         59.7328E+03 
              984.498E-03         59.6935E+03 
              985.909E-03         59.6421E+03 
              988.028E-03         59.5101E+03 
              988.823E-03         59.4506E+03 
              990.016E-03         59.3183E+03 
              990.463E-03         59.2626E+03 
              991.135E-03         59.1611E+03 
              992.142E-03         58.9614E+03 
              992.52E-03          58.8801E+03 
              993.087E-03         58.741E+03  
              993.937E-03         58.4916E+03 
              995.214E-03         58.0248E+03 
              996.491E-03         57.4713E+03 
              997.768E-03         56.841E+03  
              998.247E-03         56.5952E+03 
              998.967E-03         56.2052E+03 
                1.00005           55.5823E+03 
                1.00166           54.5935E+03 
                1.00227           54.2178E+03 
                1.00318           53.6444E+03 
                1.00455           52.7812E+03 
                1.0066            51.5436E+03 
                1.00712           51.2403E+03 
                1.00763           50.9421E+03 
                1.0084            50.5092E+03 
                1.00956           49.9005E+03 
                1.01129           49.0677E+03 
                1.01195           48.7665E+03 
                1.01292           48.3263E+03 
                1.01439           47.6432E+03 
                1.01494           47.382E+03  
                1.01576           46.9648E+03 
                1.017             46.248E+03  
                1.01747           45.9655E+03 
                1.01816           45.5035E+03 
                1.01921           44.7147E+03 
                1.02078           43.3233E+03 
                1.02137           42.7745E+03 
                1.02225           41.8951E+03 
                1.02358           40.4908E+03 
                1.02391           40.1358E+03 
                1.02424           39.7768E+03 
                1.02474           39.2317E+03 
                1.02548           38.4083E+03 
                1.0266            37.1882E+03 
                1.02702           36.7347E+03 
                1.02765           36.066E+03  
                1.0286            35.0993E+03 
                1.02895           34.743E+03  
                1.02949           34.2221E+03 
                1.03028           33.4744E+03 
                1.03058           33.1992E+03 
                1.03103           32.7973E+03 
                1.03171           32.2186E+03 
                1.03272           31.4011E+03 
                1.03423           30.2621E+03 
                1.03575           29.1789E+03 
                1.03727           28.1191E+03 
                1.03879           27.0573E+03 
                1.04107           25.4287E+03 
                1.04336           23.778E+03  
                1.04564           22.1247E+03 
                1.04793           20.4705E+03 
                1.0485            20.0583E+03 
                1.04907           19.6452E+03 
                1.04993           19.0223E+03 
                1.05122           18.0765E+03 
                1.05315           16.6189E+03 
                1.05388           16.0679E+03 
                1.05497           15.2277E+03 
                1.0566            13.9627E+03 
                1.05721           13.4905E+03 
                1.05813           12.7917E+03 
                1.05951           11.802E+03  
                1.06158           10.5806E+03 
                1.06469            9.57461E+03
                1.0678             9.34822E+03
                1.07092            9.66362E+03
                1.07404           10.2477E+03 
                1.07716           10.8988E+03 
                1.07794           11.0654E+03 
                1.07872           11.2297E+03 
                1.07989           11.4668E+03 
                1.08165           11.7967E+03 
                1.08429           12.2385E+03 
                1.08826           12.8234E+03 
                1.09422           13.5938E+03 
                1.10019           14.1777E+03 
                1.10617           14.3716E+03 
                1.11216           13.9952E+03 
                1.11817           13.0077E+03 
                1.12719           10.6724E+03 
                1.13625            8.24192E+03
                1.14532            6.3236E+03 
                1.15899            5.19019E+03
                1.1727             5.34063E+03
                1.18648            5.95398E+03
                1.2003             6.42877E+03
                1.21418            6.57345E+03
                1.23509            6.52285E+03
                1.25612            6.70509E+03
                1.27725            7.19348E+03
                1.29849            7.83358E+03
                1.33055            8.80182E+03
                1.36283            9.79127E+03
                1.37093           10.0643E+03 
                1.37905           10.3151E+03 
                1.39125           10.6886E+03 
                1.4096            11.2414E+03 
                1.43725           11.9826E+03 
                1.46502           12.603E+03  
                1.49293           13.0878E+03 
                1.52096           13.4392E+03 
                1.52798           13.534E+03  
                1.53501           13.6055E+03 
                1.54557           13.6885E+03 
                1.55615           13.7527E+03 
                1.56674           13.795E+03  
                1.57735           13.8156E+03 
                1.58797           13.8158E+03 
                1.5986            13.7981E+03 
                1.61458           13.7403E+03 
                1.63859           13.625E+03  
                1.67473           13.4452E+03 
                1.72917           13.2466E+03 
                1.78385           13.1901E+03 
                1.83871           13.3126E+03 
                1.89371           13.6222E+03 




