
                  X             uf-0-90-lin   

                0.                -0.         
               39.94E-09           2.47751E-03
              319.041E-09         19.1236E-03 
                1.70601E-06       97.665E-03  
                7.53894E-06      425.139E-03  
               29.9775E-06         1.68088    
              111.812E-06          6.25515    
              399.954E-06         22.3536     
                1.38837E-03       77.5657     
                4.70264E-03      262.683      
               15.5512E-03       868.603      
               49.9952E-03         2.79236E+03
              154.626E-03          8.63614E+03
              212.548E-03         11.8712E+03 
              319.557E-03         17.8397E+03 
              365.934E-03         20.4154E+03 
              441.807E-03         24.6019E+03 
              446.798E-03         24.8758E+03 
              451.817E-03         25.1426E+03 
              451.876E-03         25.1461E+03 
              451.935E-03         25.1493E+03 
              451.957E-03         25.1505E+03 
              451.99E-03          25.1523E+03 
              452.04E-03          25.1549E+03 
              452.115E-03         25.1588E+03 
              452.143E-03         25.1603E+03 
              452.185E-03         25.1625E+03 
              452.248E-03         25.1657E+03 
              452.311E-03         25.1687E+03 
              452.374E-03         25.1715E+03 
              452.437E-03         25.1739E+03 
              452.5E-03           25.1759E+03 
              452.524E-03         25.1766E+03 
              452.559E-03         25.1776E+03 
              452.612E-03         25.1789E+03 
              452.632E-03         25.1794E+03 
              452.662E-03         25.1801E+03 
              452.707E-03         25.1813E+03 
              452.774E-03         25.1837E+03 
              452.875E-03         25.1887E+03 
              453.027E-03         25.1983E+03 
              453.084E-03         25.2022E+03 
              453.105E-03         25.2036E+03 
              453.137E-03         25.2059E+03 
              453.185E-03         25.2093E+03 
              453.257E-03         25.2146E+03 
              453.365E-03         25.2224E+03 
              453.405E-03         25.2253E+03 
              453.466E-03         25.2297E+03 
              453.557E-03         25.236E+03  
              453.591E-03         25.2384E+03 
              453.643E-03         25.2418E+03 
              453.72E-03          25.2468E+03 
              453.835E-03         25.2536E+03 
              453.878E-03         25.2561E+03 
              453.943E-03         25.2595E+03 
              454.04E-03          25.2642E+03 
              454.077E-03         25.2659E+03 
              454.132E-03         25.2683E+03 
              454.214E-03         25.2718E+03 
              454.337E-03         25.2767E+03 
              454.522E-03         25.2847E+03 
              454.591E-03         25.2878E+03 
              454.695E-03         25.2928E+03 
              454.851E-03         25.3011E+03 
              454.91E-03          25.3043E+03 
              454.997E-03         25.3094E+03 
              455.129E-03         25.3173E+03 
              455.179E-03         25.3203E+03 
              455.253E-03         25.3248E+03 
              455.28E-03          25.3265E+03 
              455.322E-03         25.3291E+03 
              455.385E-03         25.3329E+03 
              455.478E-03         25.3385E+03 
              455.549E-03         25.3426E+03 
              455.619E-03         25.3466E+03 
              455.725E-03         25.3522E+03 
              455.83E-03          25.3575E+03 
              455.91E-03          25.3612E+03 
              455.989E-03         25.3649E+03 
              456.107E-03         25.3703E+03 
              456.286E-03         25.3791E+03 
              456.353E-03         25.3826E+03 
              456.453E-03         25.3879E+03 
              456.553E-03         25.3935E+03 
              456.653E-03         25.3993E+03 
              456.804E-03         25.4081E+03 
              456.954E-03         25.4168E+03 
              457.105E-03         25.4254E+03 
              457.255E-03         25.4338E+03 
              457.406E-03         25.4421E+03 
              457.632E-03         25.4543E+03 
              457.971E-03         25.4728E+03 
              458.48E-03          25.5007E+03 
              459.243E-03         25.5426E+03 
              460.39E-03          25.6053E+03 
              462.112E-03         25.6998E+03 
              464.702E-03         25.8411E+03 
              468.601E-03         26.055E+03  
              474.481E-03         26.3776E+03 
              483.371E-03         26.8636E+03 
              496.862E-03         27.6009E+03 
              497.181E-03         27.6192E+03 
              497.3E-03           27.6257E+03 
              497.479E-03         27.6354E+03 
              497.748E-03         27.6497E+03 
              497.849E-03         27.6551E+03 
              497.925E-03         27.6591E+03 
              498.038E-03         27.6652E+03 
              498.209E-03         27.6742E+03 
              498.272E-03         27.6776E+03 
              498.368E-03         27.6826E+03 
              498.404E-03         27.6845E+03 
              498.458E-03         27.6873E+03 
              498.539E-03         27.6916E+03 
              498.66E-03          27.6978E+03 
              498.842E-03         27.7066E+03 
              499.024E-03         27.7152E+03 
              499.206E-03         27.7239E+03 
              499.479E-03         27.7379E+03 
              499.889E-03         27.7609E+03 
              500.503E-03         27.7959E+03 
              501.426E-03         27.847E+03  
              502.812E-03         27.9226E+03 
              504.895E-03         28.0357E+03 
              505.09E-03          28.0465E+03 
              505.164E-03         28.0505E+03 
              505.274E-03         28.0564E+03 
              505.315E-03         28.0586E+03 
              505.377E-03         28.062E+03  
              505.469E-03         28.0669E+03 
              505.609E-03         28.0743E+03 
              505.661E-03         28.0771E+03 
              505.739E-03         28.0811E+03 
              505.857E-03         28.087E+03  
              505.886E-03         28.0885E+03 
              505.915E-03         28.0899E+03 
              505.96E-03          28.0921E+03 
              506.026E-03         28.0952E+03 
              506.125E-03         28.0996E+03 
              506.162E-03         28.1012E+03 
              506.218E-03         28.1036E+03 
              506.302E-03         28.107E+03  
              506.427E-03         28.1118E+03 
              506.474E-03         28.1136E+03 
              506.545E-03         28.1163E+03 
              506.651E-03         28.1208E+03 
              506.69E-03          28.1225E+03 
              506.75E-03          28.1253E+03 
              506.84E-03          28.1299E+03 
              506.974E-03         28.1373E+03 
              507.175E-03         28.1482E+03 
              507.477E-03         28.1644E+03 
              507.93E-03          28.1896E+03 
              508.61E-03          28.2269E+03 
              509.631E-03         28.2823E+03 
              511.164E-03         28.3662E+03 
              513.468E-03         28.4921E+03 
              516.934E-03         28.6815E+03 
              522.155E-03         28.9664E+03 
              530.036E-03         29.3959E+03 
              533.006E-03         29.5576E+03 
              534.122E-03         29.6182E+03 
              535.799E-03         29.7091E+03 
              536.428E-03         29.7433E+03 
              537.372E-03         29.7943E+03 
              537.727E-03         29.8135E+03 
              537.86E-03          29.8207E+03 
              538.059E-03         29.8314E+03 
              538.358E-03         29.8472E+03 
              538.583E-03         29.8587E+03 
              538.807E-03         29.8701E+03 
              539.144E-03         29.8873E+03 
              539.65E-03          29.9145E+03 
              540.155E-03         29.9424E+03 
              540.661E-03         29.9702E+03 
              541.421E-03         30.0114E+03 
              542.561E-03         30.0732E+03 
              544.273E-03         30.1661E+03 
              546.847E-03         30.3056E+03 
              550.718E-03         30.5151E+03 
              556.55E-03          30.8298E+03 
              558.745E-03         30.9479E+03 
              558.951E-03         30.9591E+03 
              559.26E-03          30.9757E+03 
              559.376E-03         30.9819E+03 
              559.55E-03          30.9912E+03 
              559.594E-03         30.9935E+03 
              559.637E-03         30.9958E+03 
              559.702E-03         30.9993E+03 
              559.8E-03           31.0045E+03 
              559.947E-03         31.0123E+03 
              560.167E-03         31.0239E+03 
              560.25E-03          31.0282E+03 
              560.281E-03         31.0298E+03 
              560.327E-03         31.0322E+03 
              560.397E-03         31.0358E+03 
              560.423E-03         31.0372E+03 
              560.462E-03         31.0392E+03 
              560.521E-03         31.0421E+03 
              560.609E-03         31.0465E+03 
              560.742E-03         31.0529E+03 
              560.94E-03          31.0622E+03 
              561.139E-03         31.0714E+03 
              561.337E-03         31.081E+03  
              561.536E-03         31.0911E+03 
              561.735E-03         31.1018E+03 
              561.934E-03         31.113E+03  
              562.132E-03         31.1244E+03 
              562.43E-03          31.1415E+03 
              562.878E-03         31.1663E+03 
              563.549E-03         31.2027E+03 
              564.557E-03         31.2565E+03 
              566.071E-03         31.3372E+03 
              568.345E-03         31.4587E+03 
              571.765E-03         31.6415E+03 
              573.049E-03         31.7102E+03 
              573.532E-03         31.7359E+03 
              574.255E-03         31.7744E+03 
              574.527E-03         31.7888E+03 
              574.629E-03         31.7942E+03 
              574.781E-03         31.8023E+03 
              574.839E-03         31.8054E+03 
              574.925E-03         31.8099E+03 
              575.054E-03         31.8168E+03 
              575.102E-03         31.8193E+03 
              575.174E-03         31.8232E+03 
              575.202E-03         31.8246E+03 
              575.242E-03         31.8268E+03 
              575.304E-03         31.83E+03   
              575.395E-03         31.8348E+03 
              575.533E-03         31.8419E+03 
              575.74E-03          31.8515E+03 
              575.817E-03         31.855E+03  
              575.933E-03         31.8597E+03 
              575.977E-03         31.8614E+03 
              576.042E-03         31.8638E+03 
              576.141E-03         31.8674E+03 
              576.177E-03         31.8687E+03 
              576.233E-03         31.8707E+03 
              576.315E-03         31.8741E+03 
              576.44E-03          31.8802E+03 
              576.626E-03         31.8908E+03 
              576.661E-03         31.8928E+03 
              576.696E-03         31.8949E+03 
              576.748E-03         31.898E+03  
              576.827E-03         31.9027E+03 
              576.945E-03         31.9094E+03 
              576.989E-03         31.9118E+03 
              577.055E-03         31.9154E+03 
              577.08E-03          31.9167E+03 
              577.117E-03         31.9187E+03 
              577.173E-03         31.9216E+03 
              577.257E-03         31.9258E+03 
              577.383E-03         31.9322E+03 
              577.572E-03         31.942E+03  
              577.856E-03         31.9561E+03 
              578.281E-03         31.977E+03  
              578.92E-03          32.01E+03   
              579.878E-03         32.0612E+03 
              580.238E-03         32.0806E+03 
              580.777E-03         32.1096E+03 
              580.98E-03          32.1205E+03 
              581.056E-03         32.1246E+03 
              581.169E-03         32.1307E+03 
              581.34E-03          32.1398E+03 
              581.404E-03         32.1432E+03 
              581.5E-03           32.1483E+03 
              581.645E-03         32.156E+03  
              581.699E-03         32.1589E+03 
              581.78E-03          32.1632E+03 
              581.901E-03         32.1696E+03 
              581.932E-03         32.1712E+03 
              581.962E-03         32.1728E+03 
              582.008E-03         32.1752E+03 
              582.076E-03         32.1787E+03 
              582.179E-03         32.1841E+03 
              582.282E-03         32.1894E+03 
              582.385E-03         32.1947E+03 
              582.487E-03         32.1999E+03 
              582.59E-03          32.205E+03  
              582.693E-03         32.21E+03   
              582.731E-03         32.2119E+03 
              582.789E-03         32.2146E+03 
              582.876E-03         32.2186E+03 
              583.006E-03         32.2244E+03 
              583.201E-03         32.2334E+03 
              583.274E-03         32.2368E+03 
              583.384E-03         32.2421E+03 
              583.548E-03         32.2507E+03 
              583.61E-03          32.254E+03  
              583.703E-03         32.2591E+03 
              583.842E-03         32.2671E+03 
              584.05E-03          32.2792E+03 
              584.129E-03         32.2837E+03 
              584.246E-03         32.2904E+03 
              584.29E-03          32.293E+03  
              584.356E-03         32.2967E+03 
              584.455E-03         32.3023E+03 
              584.603E-03         32.3104E+03 
              584.826E-03         32.3224E+03 
              585.16E-03          32.3403E+03 
              585.286E-03         32.347E+03  
              585.333E-03         32.3495E+03 
              585.403E-03         32.3533E+03 
              585.509E-03         32.359E+03  
              585.668E-03         32.3675E+03 
              585.906E-03         32.3803E+03 
              585.995E-03         32.3851E+03 
              586.129E-03         32.3922E+03 
              586.179E-03         32.3949E+03 
              586.255E-03         32.3989E+03 
              586.368E-03         32.4048E+03 
              586.537E-03         32.4136E+03 
              586.792E-03         32.4267E+03 
              586.887E-03         32.4316E+03 
              587.031E-03         32.4389E+03 
              587.084E-03         32.4416E+03 
              587.165E-03         32.4457E+03 
              587.286E-03         32.4519E+03 
              587.467E-03         32.4613E+03 
              587.739E-03         32.4755E+03 
              588.147E-03         32.4971E+03 
              588.3E-03           32.5053E+03 
              588.357E-03         32.5083E+03 
              588.443E-03         32.5129E+03 
              588.573E-03         32.5198E+03 
              588.766E-03         32.5301E+03 
              589.057E-03         32.5455E+03 
              589.166E-03         32.5513E+03 
              589.33E-03          32.5599E+03 
              589.391E-03         32.5632E+03 
              589.483E-03         32.568E+03  
              589.621E-03         32.5753E+03 
              589.828E-03         32.5861E+03 
              589.906E-03         32.5902E+03 
              590.022E-03         32.5963E+03 
              590.197E-03         32.6055E+03 
              590.263E-03         32.6089E+03 
              590.361E-03         32.6141E+03 
              590.509E-03         32.6218E+03 
              590.73E-03          32.6335E+03 
              590.813E-03         32.6379E+03 
              590.937E-03         32.6444E+03 
              590.984E-03         32.6469E+03 
              591.054E-03         32.6506E+03 
              591.159E-03         32.6562E+03 
              591.317E-03         32.6645E+03 
              591.553E-03         32.677E+03  
              591.642E-03         32.6817E+03 
              591.775E-03         32.6887E+03 
              591.825E-03         32.6914E+03 
              591.9E-03           32.6954E+03 
              592.012E-03         32.7013E+03 
              592.181E-03         32.7102E+03 
              592.433E-03         32.7236E+03 
              592.813E-03         32.7435E+03 
              592.955E-03         32.751E+03  
              593.008E-03         32.7538E+03 
              593.088E-03         32.758E+03  
              593.208E-03         32.7643E+03 
              593.388E-03         32.7737E+03 
              593.658E-03         32.7878E+03 
              594.064E-03         32.809E+03  
              594.672E-03         32.8407E+03 
              595.128E-03         32.8645E+03 
              595.585E-03         32.8882E+03 
              596.27E-03          32.9239E+03 
              597.299E-03         32.9773E+03 
              597.685E-03         32.9974E+03 
              598.07E-03          33.0174E+03 
              598.167E-03         33.0224E+03 
              598.312E-03         33.0299E+03 
              598.529E-03         33.0411E+03 
              598.583E-03         33.044E+03  
              598.638E-03         33.0468E+03 
              598.719E-03         33.051E+03  
              598.841E-03         33.0572E+03 
              598.887E-03         33.0596E+03 
              598.956E-03         33.0631E+03 
              598.982E-03         33.0644E+03 
              599.021E-03         33.0664E+03 
              599.078E-03         33.0693E+03 
              599.166E-03         33.0737E+03 
              599.296E-03         33.0799E+03 
              599.492E-03         33.0883E+03 
              599.565E-03         33.0913E+03 
              599.676E-03         33.0955E+03 
              599.841E-03         33.1024E+03 
              600.006E-03         33.1101E+03 
              600.172E-03         33.1184E+03 
              600.42E-03          33.1305E+03 
              600.792E-03         33.1488E+03 
              601.35E-03          33.1787E+03 
              602.189E-03         33.2233E+03 
              603.447E-03         33.2885E+03 
              605.337E-03         33.3861E+03 
              608.178E-03         33.533E+03  
              612.45E-03          33.7535E+03 
              618.886E-03         34.0845E+03 
              628.6E-03           34.5819E+03 
              643.305E-03         35.3306E+03 
              648.861E-03         35.6121E+03 
              657.237E-03         36.035E+03  
              660.391E-03         36.1945E+03 
              661.576E-03         36.2544E+03 
              663.354E-03         36.3442E+03 
              664.022E-03         36.378E+03  
              664.272E-03         36.3906E+03 
              664.648E-03         36.4096E+03 
              664.789E-03         36.4167E+03 
              665.E-03            36.4273E+03 
              665.08E-03          36.4313E+03 
              665.199E-03         36.4373E+03 
              665.243E-03         36.4396E+03 
              665.31E-03          36.443E+03  
              665.411E-03         36.448E+03  
              665.448E-03         36.4499E+03 
              665.505E-03         36.4528E+03 
              665.589E-03         36.457E+03  
              665.621E-03         36.4586E+03 
              665.669E-03         36.461E+03  
              665.687E-03         36.4619E+03 
              665.713E-03         36.4633E+03 
              665.754E-03         36.4653E+03 
              665.814E-03         36.4683E+03 
              665.904E-03         36.4729E+03 
              666.04E-03          36.4797E+03 
              666.091E-03         36.4822E+03 
              666.167E-03         36.486E+03  
              666.282E-03         36.4917E+03 
              666.454E-03         36.4998E+03 
              666.711E-03         36.5111E+03 
              666.905E-03         36.5192E+03 
              666.953E-03         36.5212E+03 
              667.026E-03         36.5241E+03 
              667.134E-03         36.5286E+03 
              667.243E-03         36.5332E+03 
              667.352E-03         36.538E+03  
              667.515E-03         36.5457E+03 
              667.76E-03          36.5577E+03 
              668.127E-03         36.5757E+03 
              668.495E-03         36.5941E+03 
              668.862E-03         36.6132E+03 
              669.23E-03          36.6329E+03 
              669.781E-03         36.6623E+03 
              669.988E-03         36.6733E+03 
              670.299E-03         36.6894E+03 
              670.765E-03         36.7129E+03 
              671.463E-03         36.7475E+03 
              672.512E-03         36.7995E+03 
              674.087E-03         36.8785E+03 
              676.453E-03         36.998E+03  
              680.008E-03         37.1772E+03 
              685.358E-03         37.4464E+03 
              687.369E-03         37.5476E+03 
              690.391E-03         37.6992E+03 
              691.525E-03         37.7562E+03 
              691.951E-03         37.7776E+03 
              692.111E-03         37.7856E+03 
              692.35E-03          37.7976E+03 
              692.71E-03          37.8154E+03 
              693.069E-03         37.8331E+03 
              693.429E-03         37.8506E+03 
              693.968E-03         37.8772E+03 
              694.778E-03         37.918E+03  
              695.993E-03         37.9793E+03 
              696.107E-03         37.9851E+03 
              696.15E-03          37.9872E+03 
              696.214E-03         37.9905E+03 
              696.31E-03          37.9953E+03 
              696.382E-03         37.999E+03  
              696.4E-03           37.9999E+03 
              696.427E-03         38.0012E+03 
              696.468E-03         38.0033E+03 
              696.529E-03         38.0063E+03 
              696.62E-03          38.0109E+03 
              696.654E-03         38.0126E+03 
              696.706E-03         38.0151E+03 
              696.725E-03         38.016E+03  
              696.754E-03         38.0174E+03 
              696.797E-03         38.0195E+03 
              696.862E-03         38.0225E+03 
              696.96E-03          38.0264E+03 
              696.997E-03         38.0278E+03 
              697.051E-03         38.0296E+03 
              697.134E-03         38.0319E+03 
              697.165E-03         38.0327E+03 
              697.211E-03         38.0338E+03 
              697.228E-03         38.0342E+03 
              697.254E-03         38.0347E+03 
              697.293E-03         38.0355E+03 
              697.352E-03         38.0367E+03 
              697.44E-03          38.039E+03  
              697.528E-03         38.0418E+03 
              697.616E-03         38.045E+03  
              697.649E-03         38.0462E+03 
              697.698E-03         38.0481E+03 
              697.717E-03         38.0488E+03 
              697.745E-03         38.0499E+03 
              697.786E-03         38.0514E+03 
              697.849E-03         38.0535E+03 
              697.943E-03         38.0562E+03 
              697.978E-03         38.0572E+03 
              698.031E-03         38.0587E+03 
              698.051E-03         38.0593E+03 
              698.08E-03          38.0602E+03 
              698.125E-03         38.0617E+03 
              698.192E-03         38.0645E+03 
              698.292E-03         38.0699E+03 
              698.33E-03          38.0721E+03 
              698.386E-03         38.0758E+03 
              698.443E-03         38.0798E+03 
              698.499E-03         38.084E+03  
              698.584E-03         38.0905E+03 
              698.711E-03         38.0997E+03 
              698.758E-03         38.103E+03  
              698.776E-03         38.1043E+03 
              698.803E-03         38.1061E+03 
              698.843E-03         38.1086E+03 
              698.903E-03         38.1123E+03 
              698.994E-03         38.1175E+03 
              699.129E-03         38.1252E+03 
              699.333E-03         38.1356E+03 
              699.409E-03         38.1393E+03 
              699.524E-03         38.1442E+03 
              699.695E-03         38.1503E+03 
              699.953E-03         38.1587E+03 
              700.34E-03          38.1733E+03 
              700.92E-03          38.2009E+03 
              701.79E-03          38.2472E+03 
              703.096E-03         38.315E+03  
              705.058E-03         38.4128E+03 
              708.006E-03         38.56E+03   
              712.438E-03         38.7821E+03 
              714.103E-03         38.8654E+03 
              714.728E-03         38.8967E+03 
              714.962E-03         38.9083E+03 
              715.314E-03         38.9258E+03 
              715.841E-03         38.952E+03  
              716.039E-03         38.9619E+03 
              716.336E-03         38.9766E+03 
              716.448E-03         38.9822E+03 
              716.615E-03         38.9904E+03 
              716.865E-03         39.0028E+03 
              716.959E-03         39.0074E+03 
              716.994E-03         39.0091E+03 
              717.047E-03         39.0117E+03 
              717.127E-03         39.0155E+03 
              717.246E-03         39.0212E+03 
              717.424E-03         39.0293E+03 
              717.491E-03         39.0323E+03 
              717.591E-03         39.0366E+03 
              717.629E-03         39.0382E+03 
              717.686E-03         39.0406E+03 
              717.77E-03          39.044E+03  
              717.897E-03         39.0494E+03 
              717.945E-03         39.0514E+03 
              718.017E-03         39.0546E+03 
              718.124E-03         39.0597E+03 
              718.164E-03         39.0617E+03 
              718.224E-03         39.0648E+03 
              718.315E-03         39.0695E+03 
              718.451E-03         39.0767E+03 
              718.654E-03         39.0868E+03 
              718.96E-03          39.101E+03  
              719.418E-03         39.124E+03  
              719.877E-03         39.1481E+03 
              720.336E-03         39.172E+03  
              721.024E-03         39.2067E+03 
              722.057E-03         39.258E+03  
              723.608E-03         39.335E+03  
              725.937E-03         39.4513E+03 
              729.437E-03         39.6264E+03 
              734.702E-03         39.8895E+03 
              742.63E-03          40.2853E+03 
              754.595E-03         40.882E+03  
              772.701E-03         41.7836E+03 
              800.213E-03         43.1488E+03 
              801.947E-03         43.2353E+03 
              802.38E-03          43.2567E+03 
              802.543E-03         43.2646E+03 
              802.787E-03         43.2766E+03 
              802.878E-03         43.2811E+03 
              803.016E-03         43.2878E+03 
              803.119E-03         43.2928E+03 
              803.144E-03         43.2941E+03 
              803.17E-03          43.2954E+03 
              803.209E-03         43.2973E+03 
              803.223E-03         43.298E+03  
              803.245E-03         43.2991E+03 
              803.277E-03         43.3007E+03 
              803.326E-03         43.3031E+03 
              803.345E-03         43.304E+03  
              803.372E-03         43.3053E+03 
              803.413E-03         43.3073E+03 
              803.475E-03         43.3104E+03 
              803.498E-03         43.3115E+03 
              803.533E-03         43.3133E+03 
              803.585E-03         43.3158E+03 
              803.638E-03         43.3184E+03 
              803.69E-03          43.321E+03  
              803.768E-03         43.3248E+03 
              803.846E-03         43.3287E+03 
              803.866E-03         43.3297E+03 
              803.886E-03         43.3306E+03 
              803.915E-03         43.3321E+03 
              803.959E-03         43.3342E+03 
              804.025E-03         43.3374E+03 
              804.05E-03          43.3386E+03 
              804.087E-03         43.3404E+03 
              804.143E-03         43.3431E+03 
              804.226E-03         43.3468E+03 
              804.31E-03          43.3504E+03 
              804.394E-03         43.3536E+03 
              804.477E-03         43.3565E+03 
              804.561E-03         43.3591E+03 
              804.645E-03         43.3614E+03 
              804.707E-03         43.3631E+03 
              804.77E-03          43.3647E+03 
              804.833E-03         43.3663E+03 
              804.927E-03         43.3687E+03 
              804.962E-03         43.3697E+03 
              805.015E-03         43.3711E+03 
              805.095E-03         43.3736E+03 
              805.124E-03         43.3746E+03 
              805.169E-03         43.3761E+03 
              805.236E-03         43.3786E+03 
              805.337E-03         43.3828E+03 
              805.374E-03         43.3844E+03 
              805.431E-03         43.387E+03  
              805.516E-03         43.3912E+03 
              805.643E-03         43.3981E+03 
              805.691E-03         43.4008E+03 
              805.762E-03         43.4049E+03 
              805.87E-03          43.4115E+03 
              806.031E-03         43.4219E+03 
              806.091E-03         43.4258E+03 
              806.182E-03         43.4318E+03 
              806.318E-03         43.4406E+03 
              806.369E-03         43.4439E+03 
              806.445E-03         43.4487E+03 
              806.56E-03          43.4556E+03 
              806.603E-03         43.4581E+03 
              806.667E-03         43.4619E+03 
              806.764E-03         43.4673E+03 
              806.909E-03         43.475E+03  
              806.964E-03         43.4778E+03 
              807.046E-03         43.482E+03  
              807.168E-03         43.4881E+03 
              807.214E-03         43.4904E+03 
              807.283E-03         43.4939E+03 
              807.386E-03         43.499E+03  
              807.542E-03         43.5068E+03 
              807.6E-03           43.5098E+03 
              807.687E-03         43.5143E+03 
              807.818E-03         43.5212E+03 
              807.867E-03         43.5238E+03 
              807.941E-03         43.5278E+03 
              808.051E-03         43.5338E+03 
              808.217E-03         43.5428E+03 
              808.279E-03         43.5462E+03 
              808.372E-03         43.5512E+03 
              808.512E-03         43.5585E+03 
              808.564E-03         43.5613E+03 
              808.643E-03         43.5652E+03 
              808.761E-03         43.5709E+03 
              808.805E-03         43.5731E+03 
              808.872E-03         43.5761E+03 
              808.971E-03         43.5805E+03 
              809.121E-03         43.5867E+03 
              809.177E-03         43.589E+03  
              809.261E-03         43.5923E+03 
              809.387E-03         43.597E+03  
              809.434E-03         43.5988E+03 
              809.505E-03         43.6014E+03 
              809.611E-03         43.6054E+03 
              809.651E-03         43.6069E+03 
              809.711E-03         43.6091E+03 
              809.801E-03         43.6125E+03 
              809.935E-03         43.6179E+03 
              809.986E-03         43.62E+03   
              810.062E-03         43.6232E+03 
              810.175E-03         43.6282E+03 
              810.218E-03         43.6302E+03 
              810.282E-03         43.6332E+03 
              810.378E-03         43.6379E+03 
              810.522E-03         43.6453E+03 
              810.576E-03         43.6481E+03 
              810.656E-03         43.6525E+03 
              810.778E-03         43.6592E+03 
              810.96E-03          43.6695E+03 
              811.028E-03         43.6734E+03 
              811.054E-03         43.6748E+03 
              811.092E-03         43.677E+03  
              811.15E-03          43.6803E+03 
              811.236E-03         43.6852E+03 
              811.366E-03         43.6923E+03 
              811.414E-03         43.695E+03  
              811.487E-03         43.699E+03  
              811.597E-03         43.7048E+03 
              811.638E-03         43.7069E+03 
              811.699E-03         43.7101E+03 
              811.792E-03         43.7148E+03 
              811.826E-03         43.7166E+03 
              811.878E-03         43.7192E+03 
              811.956E-03         43.723E+03  
              812.073E-03         43.7287E+03 
              812.117E-03         43.7308E+03 
              812.183E-03         43.734E+03  
              812.281E-03         43.7386E+03 
              812.318E-03         43.7404E+03 
              812.374E-03         43.743E+03  
              812.457E-03         43.7468E+03 
              812.582E-03         43.7526E+03 
              812.613E-03         43.7541E+03 
              812.644E-03         43.7555E+03 
              812.691E-03         43.7577E+03 
              812.761E-03         43.7609E+03 
              812.867E-03         43.7656E+03 
              812.906E-03         43.7674E+03 
              812.965E-03         43.7701E+03 
              813.054E-03         43.774E+03  
              813.188E-03         43.7795E+03 
              813.221E-03         43.7809E+03 
              813.254E-03         43.7823E+03 
              813.304E-03         43.7842E+03 
              813.379E-03         43.7871E+03 
              813.492E-03         43.7907E+03 
              813.604E-03         43.7936E+03 
              813.717E-03         43.795E+03  
              813.745E-03         43.7953E+03 
              813.773E-03         43.7954E+03 
              813.815E-03         43.7954E+03 
              813.879E-03         43.7944E+03 
              813.974E-03         43.7899E+03 
              814.009E-03         43.7877E+03 
              814.063E-03         43.7829E+03 
              814.143E-03         43.7702E+03 
              814.263E-03         43.725E+03  
              814.293E-03         43.7118E+03 
              814.323E-03         43.6964E+03 
              814.368E-03         43.6674E+03 
              814.436E-03         43.6057E+03 
              814.537E-03         43.4566E+03 
              814.639E-03         43.24E+03   
              814.74E-03          42.954E+03  
              814.842E-03         42.606E+03  
              814.867E-03         42.5154E+03 
              814.892E-03         42.4212E+03 
              814.93E-03          42.2728E+03 
              814.987E-03         42.0378E+03 
              815.073E-03         41.6699E+03 
              815.105E-03         41.5305E+03 
              815.153E-03         41.3202E+03 
              815.226E-03         41.0086E+03 
              815.334E-03         40.5615E+03 
              815.442E-03         40.1347E+03 
              815.551E-03         39.7173E+03 
              815.659E-03         39.2925E+03 
              815.768E-03         38.8449E+03 
              815.876E-03         38.3675E+03 
              815.984E-03         37.8635E+03 
              816.093E-03         37.3443E+03 
              816.201E-03         36.825E+03  
              816.31E-03          36.3191E+03 
              816.418E-03         35.8364E+03 
              816.527E-03         35.3816E+03 
              816.635E-03         34.9545E+03 
              816.743E-03         34.552E+03  
              816.852E-03         34.1699E+03 
              816.96E-03          33.8061E+03 
              817.069E-03         33.4621E+03 
              817.177E-03         33.1428E+03 
              817.286E-03         32.8532E+03 
              817.394E-03         32.5953E+03 
              817.503E-03         32.3667E+03 
              817.611E-03         32.1608E+03 
              817.638E-03         32.1106E+03 
              817.679E-03         32.0377E+03 
              817.74E-03          31.9323E+03 
              817.832E-03         31.7774E+03 
              817.923E-03         31.6212E+03 
              818.015E-03         31.4599E+03 
              818.107E-03         31.2913E+03 
              818.198E-03         31.1149E+03 
              818.29E-03          30.9335E+03 
              818.313E-03         30.8879E+03 
              818.347E-03         30.8191E+03 
              818.398E-03         30.7161E+03 
              818.424E-03         30.6649E+03 
              818.45E-03          30.614E+03  
              818.489E-03         30.5392E+03 
              818.527E-03         30.4665E+03 
              818.566E-03         30.3964E+03 
              818.605E-03         30.3294E+03 
              818.643E-03         30.2655E+03 
              818.682E-03         30.2048E+03 
              818.72E-03          30.1466E+03 
              818.759E-03         30.0903E+03 
              818.774E-03         30.0694E+03 
              818.795E-03         30.0382E+03 
              818.828E-03         29.9911E+03 
              818.852E-03         29.9551E+03 
              818.889E-03         29.8981E+03 
              818.903E-03         29.8763E+03 
              818.924E-03         29.842E+03  
              818.954E-03         29.7866E+03 
              819.001E-03         29.6922E+03 
              819.047E-03         29.586E+03  
              819.094E-03         29.4692E+03 
              819.111E-03         29.424E+03  
              819.137E-03         29.3537E+03 
              819.177E-03         29.2455E+03 
              819.191E-03         29.2046E+03 
              819.213E-03         29.1435E+03 
              819.246E-03         29.0541E+03 
              819.259E-03         29.0211E+03 
              819.277E-03         28.9731E+03 
              819.305E-03         28.9056E+03 
              819.347E-03         28.8181E+03 
              819.363E-03         28.7874E+03 
              819.386E-03         28.7463E+03 
              819.422E-03         28.6966E+03 
              819.435E-03         28.6797E+03 
              819.455E-03         28.6579E+03 
              819.484E-03         28.633E+03  
              819.529E-03         28.6101E+03 
              819.546E-03         28.6034E+03 
              819.571E-03         28.5967E+03 
              819.609E-03         28.5921E+03 
              819.623E-03         28.591E+03  
              819.644E-03         28.5904E+03 
              819.676E-03         28.5905E+03 
              819.724E-03         28.5892E+03 
              819.771E-03         28.5838E+03 
              819.819E-03         28.5723E+03 
              819.855E-03         28.5598E+03 
              819.891E-03         28.543E+03  
              819.904E-03         28.5362E+03 
              819.924E-03         28.5245E+03 
              819.955E-03         28.5041E+03 
              820.E-03            28.4676E+03 
              820.017E-03         28.4532E+03 
              820.042E-03         28.4299E+03 
              820.081E-03         28.3917E+03 
              820.138E-03         28.3287E+03 
              820.159E-03         28.3044E+03 
              820.192E-03         28.2667E+03 
              820.24E-03          28.2087E+03 
              820.258E-03         28.1868E+03 
              820.285E-03         28.1539E+03 
              820.326E-03         28.1057E+03 
              820.342E-03         28.0877E+03 
              820.365E-03         28.0615E+03 
              820.399E-03         28.0238E+03 
              820.451E-03         27.9715E+03 
              820.502E-03         27.9227E+03 
              820.554E-03         27.8762E+03 
              820.606E-03         27.8308E+03 
              820.657E-03         27.7852E+03 
              820.709E-03         27.7382E+03 
              820.722E-03         27.7264E+03 
              820.741E-03         27.7083E+03 
              820.771E-03         27.6804E+03 
              820.814E-03         27.6362E+03 
              820.88E-03          27.5628E+03 
              820.978E-03         27.4356E+03 
              821.125E-03         27.2139E+03 
              821.272E-03         26.9751E+03 
              821.346E-03         26.8535E+03 
              821.419E-03         26.7325E+03 
              821.53E-03          26.5636E+03 
              821.64E-03          26.418E+03  
              821.751E-03         26.3021E+03 
              821.861E-03         26.2158E+03 
              821.972E-03         26.1534E+03 
              822.082E-03         26.1067E+03 
              822.193E-03         26.0672E+03 
              822.303E-03         26.0278E+03 
              822.414E-03         25.9812E+03 
              822.524E-03         25.9197E+03 
              822.635E-03         25.8348E+03 
              822.745E-03         25.718E+03  
              822.856E-03         25.5607E+03 
              822.966E-03         25.3545E+03 
              823.077E-03         25.093E+03  
              823.243E-03         24.5901E+03 
              823.408E-03         24.0388E+03 
              823.491E-03         23.7618E+03 
              823.574E-03         23.4966E+03 
              823.657E-03         23.257E+03  
              823.74E-03          23.0566E+03 
              823.823E-03         22.9064E+03 
              823.906E-03         22.8135E+03 
              823.989E-03         22.7798E+03 
              824.072E-03         22.8017E+03 
              824.155E-03         22.8703E+03 
              824.238E-03         22.9735E+03 
              824.321E-03         23.0978E+03 
              824.404E-03         23.2313E+03 
              824.487E-03         23.3651E+03 
              824.57E-03          23.494E+03  
              824.653E-03         23.6155E+03 
              824.777E-03         23.7731E+03 
              824.901E-03         23.8915E+03 
              825.026E-03         23.9517E+03 
              825.15E-03          23.9377E+03 
              825.275E-03         23.8445E+03 
              825.399E-03         23.6806E+03 
              825.524E-03         23.4646E+03 
              825.648E-03         23.2186E+03 
              825.773E-03         22.9592E+03 
              825.898E-03         22.6939E+03 
              826.084E-03         22.2772E+03 
              826.131E-03         22.1717E+03 
              826.178E-03         22.0646E+03 
              826.248E-03         21.8999E+03 
              826.318E-03         21.731E+03  
              826.388E-03         21.559E+03  
              826.458E-03         21.3862E+03 
              826.528E-03         21.2164E+03 
              826.633E-03         20.9857E+03 
              826.791E-03         20.7267E+03 
              827.027E-03         20.4689E+03 
              827.264E-03         20.2897E+03 
              827.501E-03         20.2321E+03 
              827.737E-03         20.3571E+03 
              827.974E-03         20.6558E+03 
              828.211E-03         21.043E+03  
              828.566E-03         21.5042E+03 
              829.098E-03         21.6524E+03 
              829.631E-03         21.4708E+03 
              830.164E-03         21.2393E+03 
              830.698E-03         21.1158E+03 
              831.498E-03         21.1613E+03 
              832.298E-03         21.2669E+03 
              833.099E-03         21.3294E+03 
              833.9E-03           21.3413E+03 
              834.701E-03         21.3339E+03 
              835.904E-03         21.3389E+03 
              837.709E-03         21.3804E+03 
              839.517E-03         21.4292E+03 
              841.325E-03         21.4743E+03 
              843.136E-03         21.515E+03  
              844.948E-03         21.554E+03  
              847.669E-03         21.6154E+03 
              851.758E-03         21.7161E+03 
              855.855E-03         21.8218E+03 
              859.96E-03          21.9292E+03 
              864.073E-03         22.0358E+03 
              868.195E-03         22.14E+03   
              872.325E-03         22.2409E+03 
              878.535E-03         22.3853E+03 
              884.764E-03         22.5264E+03 
              891.01E-03          22.667E+03  
              897.275E-03         22.8095E+03 
              903.558E-03         22.9551E+03 
              905.132E-03         22.9919E+03 
              906.706E-03         23.0286E+03 
              908.282E-03         23.0657E+03 
              910.648E-03         23.1218E+03 
              913.016E-03         23.1784E+03 
              915.386E-03         23.2353E+03 
              917.76E-03          23.2926E+03 
              918.353E-03         23.3071E+03 
              918.947E-03         23.3214E+03 
              919.541E-03         23.3358E+03 
              920.432E-03         23.3574E+03 
              921.324E-03         23.3791E+03 
              922.216E-03         23.4008E+03 
              923.108E-03         23.4225E+03 
              924.001E-03         23.4443E+03 
              924.894E-03         23.466E+03  
              926.234E-03         23.4987E+03 
              926.737E-03         23.511E+03  
              927.492E-03         23.5294E+03 
              928.246E-03         23.5478E+03 
              929.001E-03         23.5662E+03 
              929.756E-03         23.5847E+03 
              930.889E-03         23.6123E+03 
              932.023E-03         23.64E+03   
              932.59E-03          23.6538E+03 
              933.157E-03         23.6677E+03 
              933.724E-03         23.6815E+03 
              934.292E-03         23.6953E+03 
              934.859E-03         23.7091E+03 
              935.427E-03         23.723E+03  
              935.995E-03         23.7368E+03 
              936.563E-03         23.7506E+03 
              937.131E-03         23.7645E+03 
              937.7E-03           23.7783E+03 
              938.268E-03         23.7922E+03 
              939.121E-03         23.8128E+03 
              940.401E-03         23.8441E+03 
              940.881E-03         23.8558E+03 
              941.602E-03         23.8733E+03 
              942.322E-03         23.8908E+03 
              943.043E-03         23.9084E+03 
              943.764E-03         23.9259E+03 
              944.485E-03         23.9435E+03 
              945.207E-03         23.9611E+03 
              946.29E-03          23.9876E+03 
              946.696E-03         23.9975E+03 
              947.305E-03         24.0124E+03 
              947.915E-03         24.0273E+03 
              948.524E-03         24.0422E+03 
              949.439E-03         24.0646E+03 
              950.812E-03         24.0983E+03 
              952.872E-03         24.1492E+03 
              955.967E-03         24.2262E+03 
              957.128E-03         24.2553E+03 
              958.871E-03         24.299E+03  
              959.525E-03         24.3154E+03 
              959.771E-03         24.3216E+03 
              960.139E-03         24.3309E+03 
              960.691E-03         24.3448E+03 
              961.519E-03         24.3657E+03 
              961.726E-03         24.371E+03  
              961.933E-03         24.3762E+03 
              962.244E-03         24.3841E+03 
              962.71E-03          24.3959E+03 
              963.177E-03         24.4078E+03 
              963.643E-03         24.4196E+03 
              964.11E-03          24.4315E+03 
              964.809E-03         24.4494E+03 
              965.86E-03          24.4763E+03 
              966.254E-03         24.4865E+03 
              966.845E-03         24.5016E+03 
              967.731E-03         24.5245E+03 
              969.062E-03         24.5589E+03 
              969.562E-03         24.5718E+03 
              970.311E-03         24.5913E+03 
              971.435E-03         24.6205E+03 
              973.122E-03         24.6645E+03 
              975.654E-03         24.7309E+03 
              975.892E-03         24.7372E+03 
              976.248E-03         24.7466E+03 
              976.783E-03         24.7606E+03 
              976.983E-03         24.7658E+03 
              977.284E-03         24.7737E+03 
              977.735E-03         24.7855E+03 
              978.187E-03         24.7974E+03 
              978.638E-03         24.8093E+03 
              979.316E-03         24.8271E+03 
              980.332E-03         24.854E+03  
              980.713E-03         24.864E+03  
              981.285E-03         24.8791E+03 
              982.144E-03         24.9018E+03 
              982.466E-03         24.9103E+03 
              982.948E-03         24.923E+03  
              983.673E-03         24.9422E+03 
              983.945E-03         24.9494E+03 
              984.352E-03         24.9601E+03 
              984.76E-03          24.9709E+03 
              985.168E-03         24.9817E+03 
              985.576E-03         24.9925E+03 
              986.188E-03         25.0086E+03 
              987.106E-03         25.0329E+03 
              987.451E-03         25.0421E+03 
              987.967E-03         25.0557E+03 
              988.743E-03         25.0762E+03 
              989.906E-03         25.1069E+03 
              991.652E-03         25.153E+03  
              991.816E-03         25.1574E+03 
              992.062E-03         25.1639E+03 
              992.43E-03          25.1736E+03 
              992.983E-03         25.1882E+03 
              993.19E-03          25.1937E+03 
              993.501E-03         25.2019E+03 
              993.813E-03         25.2101E+03 
              994.124E-03         25.2183E+03 
              994.435E-03         25.2265E+03 
              994.902E-03         25.2388E+03 
              995.602E-03         25.2573E+03 
              996.653E-03         25.2849E+03 
              998.23E-03          25.3266E+03 
                1.0006            25.389E+03  
                1.00149           25.4125E+03 
                1.00182           25.4213E+03 
                1.00232           25.4344E+03 
                1.00307           25.4542E+03 
                1.0042            25.4838E+03 
                1.00462           25.495E+03  
                1.00478           25.4992E+03 
                1.00501           25.5055E+03 
                1.00537           25.5149E+03 
                1.0055            25.5184E+03 
                1.0057            25.5237E+03 
                1.006             25.5316E+03 
                1.00631           25.5395E+03 
                1.00661           25.5475E+03 
                1.00706           25.5594E+03 
                1.00723           25.5639E+03 
                1.00748           25.5706E+03 
                1.00786           25.5806E+03 
                1.00824           25.5907E+03 
                1.00862           25.6008E+03 
                1.009             25.6109E+03 
                1.00939           25.621E+03  
                1.00977           25.6311E+03 
                1.01015           25.6411E+03 
                1.01053           25.6512E+03 
                1.01091           25.6613E+03 
                1.01148           25.6765E+03 
                1.0117            25.6822E+03 
                1.01202           25.6908E+03 
                1.01234           25.6993E+03 
                1.01266           25.7078E+03 
                1.01278           25.711E+03  
                1.01297           25.7159E+03 
                1.01324           25.7231E+03 
                1.01351           25.7303E+03 
                1.01378           25.7375E+03 
                1.01405           25.7447E+03 
                1.01432           25.752E+03  
                1.0146            25.7592E+03 
                1.01487           25.7664E+03 
                1.01514           25.7737E+03 
                1.01541           25.7809E+03 
                1.01568           25.7882E+03 
                1.01596           25.7954E+03 
                1.01623           25.8027E+03 
                1.0165            25.81E+03   
                1.01677           25.8172E+03 
                1.01704           25.8245E+03 
                1.01732           25.8318E+03 
                1.01759           25.839E+03  
                1.01786           25.8463E+03 
                1.01813           25.8536E+03 
                1.01841           25.8609E+03 
                1.01868           25.8682E+03 
                1.01895           25.8755E+03 
                1.01922           25.8828E+03 
                1.01949           25.8901E+03 
                1.01977           25.8974E+03 
                1.02004           25.9047E+03 
                1.02031           25.912E+03  
                1.02058           25.9193E+03 
                1.02086           25.9266E+03 
                1.02113           25.9339E+03 
                1.0214            25.9413E+03 
                1.02167           25.9486E+03 
                1.02195           25.9559E+03 
                1.02222           25.9633E+03 
                1.02249           25.9706E+03 
                1.02276           25.978E+03  
                1.02304           25.9853E+03 
                1.02331           25.9927E+03 
                1.02358           26.E+03     
                1.02386           26.0074E+03 
                1.02413           26.0148E+03 
                1.0244            26.0221E+03 
                1.02467           26.0295E+03 
                1.02495           26.0369E+03 
                1.02522           26.0443E+03 
                1.02549           26.0517E+03 
                1.02577           26.059E+03  
                1.02604           26.0664E+03 
                1.02631           26.0738E+03 
                1.02659           26.0812E+03 
                1.02686           26.0886E+03 
                1.02713           26.096E+03  
                1.0274            26.1034E+03 
                1.02768           26.1108E+03 
                1.02795           26.1183E+03 
                1.02822           26.1257E+03 
                1.0285            26.1331E+03 
                1.02877           26.1405E+03 
                1.02904           26.148E+03  
                1.02932           26.1554E+03 
                1.02973           26.1665E+03 
                1.02983           26.1693E+03 
                1.02993           26.1721E+03 
                1.03009           26.1763E+03 
                1.03032           26.1826E+03 
                1.03066           26.192E+03  
                1.03079           26.1955E+03 
                1.03099           26.2008E+03 
                1.03128           26.2088E+03 
                1.03139           26.2118E+03 
                1.03155           26.2162E+03 
                1.0318            26.223E+03  
                1.03217           26.233E+03  
                1.03254           26.2431E+03 
                1.03291           26.2532E+03 
                1.03328           26.2633E+03 
                1.03365           26.2734E+03 
                1.03402           26.2835E+03 
                1.03439           26.2936E+03 
                1.03476           26.3037E+03 
                1.03513           26.3138E+03 
                1.0355            26.3239E+03 
                1.03587           26.334E+03  
                1.03624           26.3441E+03 
                1.03661           26.3542E+03 
                1.03698           26.3643E+03 
                1.03735           26.3744E+03 
                1.03772           26.3846E+03 
                1.03809           26.3947E+03 
                1.03846           26.4048E+03 
                1.03874           26.4124E+03 
                1.03902           26.42E+03   
                1.0393            26.4276E+03 
                1.03958           26.4352E+03 
                1.03985           26.4428E+03 
                1.04013           26.4504E+03 
                1.04041           26.458E+03  
                1.04069           26.4656E+03 
                1.04097           26.4731E+03 
                1.04125           26.4807E+03 
                1.04152           26.4883E+03 
                1.0418            26.4959E+03 
                1.04208           26.5035E+03 
                1.04236           26.5111E+03 
                1.04264           26.5187E+03 
                1.04292           26.5263E+03 
                1.04319           26.5339E+03 
                1.04347           26.5415E+03 
                1.04375           26.5491E+03 
                1.04403           26.5566E+03 
                1.04431           26.5642E+03 
                1.04459           26.5718E+03 
                1.04487           26.5794E+03 
                1.04514           26.587E+03  
                1.04542           26.5945E+03 
                1.0457            26.6021E+03 
                1.04598           26.6097E+03 
                1.04626           26.6173E+03 
                1.04654           26.6249E+03 
                1.04664           26.6277E+03 
                1.0468            26.632E+03  
                1.04703           26.6383E+03 
                1.04739           26.6479E+03 
                1.04774           26.6575E+03 
                1.04809           26.6671E+03 
                1.04845           26.6767E+03 
                1.0488            26.6862E+03 
                1.04915           26.6958E+03 




