
                  X             uf-0-90-exp   

                0.                -0.         
               39.94E-09           2.47751E-03
              319.041E-09         19.1236E-03 
                1.70601E-06       97.665E-03  
                7.53894E-06      425.139E-03  
               29.9775E-06         1.68088    
              111.812E-06          6.25515    
              399.954E-06         22.3536     
                1.38837E-03       77.5657     
                4.70264E-03      262.683      
               15.5512E-03       868.603      
               49.9952E-03         2.79236E+03
              154.626E-03          8.63614E+03
              450.699E-03         25.1051E+03 
              551.162E-03         30.6121E+03 
              661.566E-03         36.3092E+03 
              690.656E-03         37.744E+03  
              720.321E-03         39.1824E+03 
              750.552E-03         40.633E+03  
              781.336E-03         42.0974E+03 
              793.02E-03          42.6378E+03 
              804.78E-03          43.1721E+03 
              807.732E-03         43.3069E+03 
              812.168E-03         43.5102E+03 
              813.835E-03         43.5852E+03 
              815.503E-03         43.6149E+03 
              815.607E-03         43.6166E+03 
              815.711E-03         43.6181E+03 
              815.868E-03         43.6193E+03 
              815.926E-03         43.6197E+03 
              816.014E-03         43.6196E+03 
              816.146E-03         43.6168E+03 
              816.196E-03         43.6153E+03 
              816.27E-03          43.6116E+03 
              816.381E-03         43.6004E+03 
              816.549E-03         43.5563E+03 
              816.611E-03         43.535E+03  
              816.705E-03         43.4881E+03 
              816.846E-03         43.3666E+03 
              817.058E-03         43.0285E+03 
              817.137E-03         42.8785E+03 
              817.256E-03         42.6017E+03 
              817.301E-03         42.4908E+03 
              817.368E-03         42.3096E+03 
              817.468E-03         42.011E+03  
              817.619E-03         41.5243E+03 
              817.845E-03         40.7519E+03 
              817.901E-03         40.5568E+03 
              817.958E-03         40.3601E+03 
              818.043E-03         40.0631E+03 
              818.17E-03          39.6202E+03 
              818.361E-03         38.9822E+03 
              818.432E-03         38.7477E+03 
              818.54E-03          38.409E+03  
              818.701E-03         37.9407E+03 
              818.761E-03         37.7712E+03 
              818.852E-03         37.5332E+03 
              818.987E-03         37.2169E+03 
              819.191E-03         36.8229E+03 
              819.268E-03         36.6854E+03 
              819.382E-03         36.4964E+03 
              819.554E-03         36.2337E+03 
              819.812E-03         35.8424E+03 
              820.07E-03          35.4255E+03 
              820.328E-03         34.9707E+03 
              820.393E-03         34.8546E+03 
              820.457E-03         34.7359E+03 
              820.554E-03         34.5524E+03 
              820.699E-03         34.2677E+03 
              820.754E-03         34.1598E+03 
              820.836E-03         33.9961E+03 
              820.958E-03         33.7501E+03 
              821.142E-03         33.4025E+03 
              821.211E-03         33.2765E+03 
              821.314E-03         33.1031E+03 
              821.469E-03         32.8921E+03 
              821.702E-03         32.6865E+03 
              821.789E-03         32.6239E+03 
              821.92E-03          32.5563E+03 
              821.969E-03         32.5343E+03 
              822.043E-03         32.507E+03  
              822.154E-03         32.4744E+03 
              822.319E-03         32.4288E+03 
              822.381E-03         32.4115E+03 
              822.475E-03         32.3828E+03 
              822.615E-03         32.3293E+03 
              822.824E-03         32.2188E+03 
              822.903E-03         32.173E+03  
              823.021E-03         32.0944E+03 
              823.198E-03         31.9564E+03 
              823.464E-03         31.7183E+03 
              823.563E-03         31.6256E+03 
              823.713E-03         31.4835E+03 
              823.937E-03         31.2845E+03 
              824.021E-03         31.2129E+03 
              824.147E-03         31.1153E+03 
              824.336E-03         30.9933E+03 
              824.62E-03          30.8505E+03 
              824.727E-03         30.8016E+03 
              824.886E-03         30.7355E+03 
              825.126E-03         30.6451E+03 
              825.485E-03         30.5137E+03 
              825.62E-03          30.4643E+03 
              825.822E-03         30.3898E+03 
              825.898E-03         30.3619E+03 
              826.012E-03         30.3207E+03 
              826.182E-03         30.2622E+03 
              826.438E-03         30.1701E+03 
              826.502E-03         30.1466E+03 
              826.566E-03         30.1221E+03 
              826.662E-03         30.0819E+03 
              826.806E-03         30.0107E+03 
              826.86E-03          29.9823E+03 
              826.941E-03         29.9365E+03 
              827.063E-03         29.8655E+03 
              827.245E-03         29.7778E+03 
              827.518E-03         29.6927E+03 
              827.621E-03         29.6655E+03 
              827.775E-03         29.6217E+03 
              828.006E-03         29.5188E+03 
              828.352E-03         29.3481E+03 
              828.872E-03         29.2649E+03 
              829.651E-03         29.3652E+03 
              830.821E-03         29.4826E+03 
              832.577E-03         29.548E+03  
              835.214E-03         29.6386E+03 
              839.177E-03         29.7736E+03 
              845.136E-03         29.9715E+03 
              847.375E-03         30.0458E+03 
              848.215E-03         30.0737E+03 
              848.53E-03          30.0841E+03 
              849.003E-03         30.0996E+03 
              849.18E-03          30.1054E+03 
              849.447E-03         30.114E+03  
              849.846E-03         30.1261E+03 
              849.995E-03         30.1305E+03 
              850.22E-03          30.1363E+03 
              850.557E-03         30.1071E+03 
              850.641E-03         30.0967E+03 
              850.725E-03         30.0822E+03 
              850.852E-03         30.046E+03  
              851.041E-03         29.9333E+03 
              851.231E-03         29.7422E+03 
              851.421E-03         29.4721E+03 
              851.705E-03         28.9722E+03 
              851.812E-03         28.777E+03  
              851.972E-03         28.4868E+03 
              852.212E-03         28.1003E+03 
              852.302E-03         27.9638E+03 
              852.437E-03         27.781E+03  
              852.64E-03          27.5549E+03 
              852.716E-03         27.4766E+03 
              852.83E-03          27.3726E+03 
              853.001E-03         27.2397E+03 
              853.065E-03         27.1926E+03 
              853.161E-03         27.127E+03  
              853.305E-03         27.0344E+03 
              853.522E-03         26.8984E+03 
              853.603E-03         26.8473E+03 
              853.725E-03         26.7699E+03 
              853.907E-03         26.6481E+03 
              853.976E-03         26.6014E+03 
              854.078E-03         26.5276E+03 
              854.233E-03         26.4032E+03 
              854.464E-03         26.1838E+03 
              854.551E-03         26.0973E+03 
              854.681E-03         25.9614E+03 
              854.876E-03         25.7612E+03 
              855.169E-03         25.5037E+03 
              855.242E-03         25.4425E+03 
              855.315E-03         25.3847E+03 
              855.425E-03         25.3058E+03 
              855.59E-03          25.2025E+03 
              855.837E-03         25.0622E+03 
              856.084E-03         24.9343E+03 
              856.331E-03         24.8442E+03 
              856.702E-03         24.865E+03  
              857.258E-03         25.0846E+03 
              858.093E-03         25.2966E+03 
              859.346E-03         25.3265E+03 
              861.227E-03         25.3132E+03 
              864.051E-03         25.3645E+03 
              868.295E-03         25.4851E+03 
              874.676E-03         25.6676E+03 
              884.286E-03         25.9346E+03 
              887.9E-03           26.034E+03  
              889.257E-03         26.0705E+03 
              889.766E-03         26.0839E+03 
              890.53E-03          26.1022E+03 
              890.817E-03         26.1088E+03 
              891.247E-03         26.1168E+03 
              891.892E-03         26.0956E+03 
              892.134E-03         26.0805E+03 
              892.497E-03         26.0253E+03 
              892.633E-03         25.9989E+03 
              892.837E-03         25.9428E+03 
              893.143E-03         25.7905E+03 
              893.449E-03         25.5067E+03 
              893.756E-03         25.0579E+03 
              894.216E-03         24.3507E+03 
              894.905E-03         24.076E+03  
              895.94E-03          24.4965E+03 
              897.494E-03         24.8089E+03 
              898.076E-03         24.8501E+03 
              898.295E-03         24.855E+03  
              898.623E-03         24.8454E+03 
              898.746E-03         24.84E+03   
              898.93E-03          24.8294E+03 
              899.207E-03         24.814E+03  
              899.311E-03         24.8087E+03 
              899.467E-03         24.8022E+03 
              899.7E-03           24.7975E+03 
              900.051E-03         24.7858E+03 
              900.401E-03         24.7176E+03 
              900.752E-03         24.5499E+03 
              901.277E-03         24.2367E+03 
              901.409E-03         24.1584E+03 
              901.54E-03          24.0853E+03 
              901.738E-03         24.0054E+03 
              901.812E-03         23.9806E+03 
              901.923E-03         23.9575E+03 
              902.089E-03         23.9567E+03 
              902.339E-03         24.0013E+03 
              902.589E-03         24.0286E+03 
              902.838E-03         23.9715E+03 
              903.088E-03         23.8013E+03 
              903.338E-03         23.5512E+03 
              903.432E-03         23.4492E+03 
              903.572E-03         23.2929E+03 
              903.783E-03         23.0991E+03 
              904.099E-03         22.9273E+03 
              904.574E-03         22.824E+03  
              905.286E-03         22.9182E+03 
              906.354E-03         23.1572E+03 
              907.958E-03         23.2401E+03 
              910.365E-03         23.2243E+03 
              913.982E-03         23.278E+03  
              919.417E-03         23.4117E+03 
              927.594E-03         23.6124E+03 
              939.915E-03         23.9151E+03 
              958.517E-03         24.3762E+03 
              986.689E-03         25.085E+03  
                1.02954           26.1826E+03 
                1.04578           26.6009E+03 
                1.07032           27.2335E+03 
                1.07263           27.2928E+03 
                1.0735            27.3146E+03 
                1.07383           27.3227E+03 
                1.07432           27.3334E+03 
                1.0748            27.3399E+03 
                1.07529           27.3402E+03 
                1.07602           27.3274E+03 
                1.07712           27.3072E+03 
                1.07822           27.3067E+03 
                1.07932           27.3295E+03 
                1.08097           27.3786E+03 
                1.08345           27.4428E+03 
                1.08717           27.5353E+03 
                1.09276           27.6787E+03 
                1.10116           27.8949E+03 
                1.11381           28.2194E+03 
                1.13287           28.7051E+03 
                1.16168           29.4335E+03 
                1.20534           30.5297E+03 
                1.22185           30.9432E+03 
                1.2234            30.9821E+03 
                1.22355           30.9858E+03 
                1.22377           30.9912E+03 
                1.22393           30.9953E+03 
                1.22417           31.0013E+03 
                1.22427           31.0036E+03 
                1.2244            31.007E+03  
                1.22461           31.0118E+03 
                1.22482           31.0154E+03 
                1.22503           31.0147E+03 
                1.22534           30.98E+03   
                1.22545           30.9608E+03 
                1.22563           30.9123E+03 
                1.22569           30.8911E+03 
                1.22579           30.8516E+03 
                1.22594           30.774E+03  
                1.22616           30.6203E+03 
                1.22649           30.3362E+03 
                1.22662           30.2238E+03 
                1.2268            30.0484E+03 
                1.22687           29.982E+03  
                1.22698           29.8824E+03 
                1.22714           29.7382E+03 
                1.22737           29.5498E+03 
                1.22773           29.3473E+03 
                1.22826           29.1958E+03 
                1.22846           29.158E+03  
                1.22866           29.136E+03  
                1.22886           29.1253E+03 
                1.22916           29.1064E+03 
                1.22927           29.0972E+03 
                1.22944           29.0721E+03 
                1.22969           28.9957E+03 
                1.22995           28.8812E+03 
                1.2302            28.7361E+03 
                1.23058           28.4774E+03 
                1.23072           28.3759E+03 
                1.23093           28.2202E+03 
                1.23125           28.0038E+03 
                1.23173           27.737E+03  
                1.23191           27.6444E+03 
                1.23209           27.5569E+03 
                1.23227           27.4716E+03 
                1.23254           27.3429E+03 
                1.23264           27.2943E+03 
                1.2328            27.2206E+03 
                1.23285           27.1929E+03 
                1.23294           27.1511E+03 
                1.23307           27.0885E+03 
                1.23326           26.9941E+03 
                1.23355           26.8485E+03 
                1.23365           26.7933E+03 
                1.23382           26.7088E+03 
                1.23388           26.6769E+03 
                1.23397           26.6287E+03 
                1.23411           26.5558E+03 
                1.23431           26.4457E+03 
                1.23462           26.2665E+03 
                1.23473           26.1964E+03 
                1.23491           26.0797E+03 
                1.23517           25.8616E+03 
                1.23527           25.7729E+03 
                1.23541           25.6221E+03 
                1.23563           25.3536E+03 
                1.23596           24.8702E+03 
                1.23608           24.6789E+03 
                1.23627           24.3777E+03 
                1.23645           24.0738E+03 
                1.23664           23.7804E+03 
                1.23692           23.3951E+03 
                1.23702           23.2596E+03 
                1.23718           23.0783E+03 
                1.23741           22.8544E+03 
                1.23765           22.6746E+03 
                1.23788           22.5316E+03 
                1.23811           22.4111E+03 
                1.2382            22.3681E+03 
                1.23833           22.3047E+03 
                1.23838           22.2808E+03 
                1.23846           22.2439E+03 
                1.23857           22.183E+03  
                1.23874           22.0708E+03 
                1.23899           21.8514E+03 
                1.23936           21.4509E+03 
                1.2395            21.2937E+03 
                1.23956           21.2339E+03 
                1.23963           21.143E+03  
                1.23975           21.0059E+03 
                1.23993           20.808E+03  
                1.2402            20.5592E+03 
                1.2406            20.319E+03  
                1.24075           20.2471E+03 
                1.24081           20.2226E+03 
                1.24089           20.1911E+03 
                1.24102           20.1533E+03 
                1.24121           20.1118E+03 
                1.2415            20.0725E+03 
                1.2416            20.0606E+03 
                1.24176           20.0478E+03 
                1.24188           20.0403E+03 
                1.24206           20.0282E+03 
                1.24234           19.9919E+03 
                1.24274           19.901E+03  
                1.2429            19.8633E+03 
                1.24295           19.8487E+03 
                1.24304           19.8265E+03 
                1.24317           19.7938E+03 
                1.24336           19.7512E+03 
                1.24365           19.7043E+03 
                1.24376           19.689E+03  
                1.24392           19.6699E+03 
                1.24398           19.6632E+03 
                1.24407           19.6539E+03 
                1.24421           19.6408E+03 
                1.24426           19.636E+03  
                1.24434           19.6289E+03 
                1.24446           19.6181E+03 
                1.24463           19.6011E+03 
                1.24489           19.5723E+03 
                1.24499           19.561E+03  
                1.24514           19.5428E+03 
                1.24536           19.5154E+03 
                1.24544           19.5053E+03 
                1.24556           19.4916E+03 
                1.24575           19.4789E+03 
                1.24603           19.4884E+03 
                1.24645           19.5443E+03 
                1.24708           19.5764E+03 
                1.24802           19.4688E+03 
                1.24837           19.4136E+03 
                1.2489            19.3318E+03 
                1.2497            19.2461E+03 
                1.25089           19.1476E+03 
                1.25268           19.0584E+03 
                1.25536           19.1323E+03 
                1.2594            19.3305E+03 
                1.26545           19.4751E+03 
                1.27456           19.6034E+03 
                1.28825           19.8101E+03 
                1.30886           20.1341E+03 
                1.33997           20.6222E+03 
                1.38701           21.3513E+03 
                1.45837           22.4415E+03 
                1.48536           22.8506E+03 
                1.4879            22.8891E+03 
                1.4917            22.9463E+03 
                1.49313           22.9678E+03 
                1.49367           22.9758E+03 
                1.49447           22.9878E+03 
                1.49477           22.9923E+03 
                1.49522           22.999E+03  
                1.4959            23.009E+03  
                1.49616           23.0127E+03 
                1.49654           23.0182E+03 
                1.49711           23.0257E+03 
                1.49797           23.0339E+03 
                1.49926           23.0473E+03 
                1.50119           23.0763E+03 
                1.50409           23.121E+03  
                1.50517           23.1373E+03 
                1.50681           23.1615E+03 
                1.50742           23.1706E+03 
                1.50765           23.174E+03  
                1.50799           23.1792E+03 
                1.50851           23.1868E+03 
                1.5087            23.1897E+03 
                1.50899           23.194E+03  
                1.5091            23.1956E+03 
                1.50926           23.198E+03  
                1.50951           23.2014E+03 
                1.5096            23.2026E+03 
                1.50974           23.2045E+03 
                1.50995           23.2069E+03 
                1.51026           23.2038E+03 
                1.51033           23.2025E+03 
                1.51041           23.2006E+03 
                1.51053           23.1952E+03 
                1.5107            23.175E+03  
                1.51096           23.0521E+03 
                1.51106           22.9887E+03 
                1.51121           22.8362E+03 
                1.51143           22.4262E+03 
                1.51151           22.2446E+03 
                1.51164           21.9064E+03 
                1.51182           21.2707E+03 
                1.51189           21.0159E+03 
                1.512             20.6054E+03 
                1.51216           19.964E+03  
                1.51239           19.0596E+03 
                1.51275           17.9962E+03 
                1.51288           17.6425E+03 
                1.51308           17.2097E+03 
                1.51338           16.7498E+03 
                1.51349           16.6025E+03 
                1.51366           16.4366E+03 
                1.51391           16.3272E+03 
                1.51429           16.4867E+03 
                1.51485           17.009E+03  
                1.515             17.1486E+03 
                1.51514           17.287E+03  
                1.51535           17.458E+03  
                1.51567           17.5566E+03 
                1.51615           17.3507E+03 
                1.51627           17.2781E+03 
                1.51639           17.1864E+03 
                1.51657           17.0155E+03 
                1.51684           16.7248E+03 
                1.51724           16.3205E+03 
                1.51739           16.1783E+03 
                1.51762           15.9966E+03 
                1.51796           15.8069E+03 
                1.51809           15.7476E+03 
                1.51828           15.6842E+03 
                1.51857           15.6402E+03 
                1.519             15.6544E+03 
                1.51965           15.726E+03  
                1.51989           15.7533E+03 
                1.52025           15.7779E+03 
                1.5208            15.7595E+03 
                1.52162           15.6774E+03 
                1.52193           15.6446E+03 
                1.52239           15.6123E+03 
                1.52308           15.6452E+03 
                1.52412           15.8477E+03 
                1.52567           16.2156E+03 
                1.52801           16.5191E+03 
                1.53151           16.5119E+03 
                1.53677           16.3682E+03 
                1.53874           16.3316E+03 
                1.53948           16.3219E+03 
                1.53976           16.3189E+03 
                1.53987           16.3178E+03 
                1.54002           16.3165E+03 
                1.54026           16.315E+03  
                1.54034           16.3145E+03 
                1.54048           16.314E+03  
                1.54067           16.3136E+03 
                1.54097           16.314E+03  
                1.54141           16.3165E+03 
                1.54158           16.3177E+03 
                1.54183           16.32E+03   
                1.54221           16.3237E+03 
                1.54277           16.326E+03  
                1.54361           16.3163E+03 
                1.54488           16.2956E+03 
                1.54536           16.2888E+03 
                1.54553           16.2864E+03 
                1.5458            16.2839E+03 
                1.5459            16.283E+03  
                1.54605           16.2822E+03 
                1.54628           16.2822E+03 
                1.54636           16.2824E+03 
                1.54649           16.283E+03  
                1.54668           16.2852E+03 
                1.54696           16.2895E+03 
                1.54707           16.2912E+03 
                1.54723           16.2933E+03 
                1.54747           16.2923E+03 
                1.54783           16.2671E+03 
                1.54797           16.2535E+03 
                1.54817           16.222E+03  
                1.54825           16.2085E+03 
                1.54836           16.1842E+03 
                1.54854           16.1389E+03 
                1.54879           16.0551E+03 
                1.54889           16.0218E+03 
                1.54903           15.969E+03  
                1.54925           15.8889E+03 
                1.54958           15.7791E+03 
                1.55007           15.6366E+03 
                1.55025           15.5856E+03 
                1.55052           15.51E+03   
                1.55094           15.3857E+03 
                1.55109           15.337E+03  
                1.55132           15.2582E+03 
                1.55141           15.2278E+03 
                1.55154           15.1804E+03 
                1.55174           15.1059E+03 
                1.55203           14.9934E+03 
                1.55247           14.8391E+03 
                1.55263           14.7838E+03 
                1.55288           14.7058E+03 
                1.55325           14.591E+03  
                1.55381           14.4221E+03 
                1.55402           14.3599E+03 
                1.55433           14.275E+03  
                1.55445           14.2447E+03 
                1.55463           14.2041E+03 
                1.55489           14.1583E+03 
                1.55516           14.131E+03  
                1.55542           14.1241E+03 
                1.55569           14.1383E+03 
                1.55595           14.1734E+03 
                1.55635           14.2643E+03 
                1.55694           14.4088E+03 
                1.55717           14.4592E+03 
                1.55725           14.4772E+03 
                1.55737           14.5015E+03 
                1.55756           14.5282E+03 
                1.55785           14.5376E+03 
                1.55795           14.5364E+03 
                1.55811           14.5235E+03 
                1.55835           14.4801E+03 
                1.55871           14.3804E+03 
                1.55924           14.2408E+03 
                1.55945           14.1944E+03 
                1.55975           14.1501E+03 
                1.5602            14.147E+03  
                1.56088           14.1943E+03 
                1.5619            14.1559E+03 
                1.56228           14.1195E+03 
                1.56285           14.0251E+03 
                1.56371           13.8775E+03 
                1.565             13.7532E+03 
                1.56549           13.7216E+03 
                1.56567           13.7118E+03 
                1.56594           13.7015E+03 
                1.56635           13.6935E+03 
                1.56696           13.6946E+03 
                1.56719           13.6968E+03 
                1.56754           13.704E+03  
                1.56767           13.7073E+03 
                1.56786           13.7137E+03 
                1.56815           13.7266E+03 
                1.56859           13.7535E+03 
                1.56875           13.7647E+03 
                1.569             13.7835E+03 
                1.56936           13.8147E+03 
                1.56973           13.8464E+03 
                1.5701            13.8761E+03 
                1.57065           13.9097E+03 
                1.57148           13.9327E+03 
                1.57272           13.9236E+03 
                1.57319           13.915E+03  
                1.57389           13.89E+03   
                1.57415           13.8789E+03 
                1.57455           13.8579E+03 
                1.57513           13.8187E+03 
                1.57536           13.8031E+03 
                1.57569           13.7781E+03 
                1.57581           13.7686E+03 
                1.576             13.7539E+03 
                1.57628           13.7282E+03 
                1.5767            13.641E+03  
                1.57712           13.464E+03  
                1.57754           13.2105E+03 
                1.57817           12.8895E+03 
                1.57912           12.7814E+03 
                1.57947           12.7901E+03 
                1.5796            12.7997E+03 
                1.5798            12.8254E+03 
                1.5801            12.875E+03  
                1.58021           12.8944E+03 
                1.58038           12.9226E+03 
                1.58064           12.9557E+03 
                1.58089           12.9746E+03 
                1.58114           12.9759E+03 
                1.58152           12.9367E+03 
                1.58209           12.8195E+03 
                1.58294           12.6528E+03 
                1.58422           12.541E+03  
                1.58614           12.4699E+03 
                1.58686           12.4453E+03 
                1.58713           12.4358E+03 
                1.58753           12.4203E+03 
                1.58768           12.4142E+03 
                1.58791           12.4047E+03 
                1.58825           12.3899E+03 
                1.58838           12.3844E+03 
                1.58857           12.3761E+03 
                1.58886           12.3644E+03 
                1.58897           12.3602E+03 
                1.58913           12.354E+03  
                1.58919           12.3517E+03 
                1.58928           12.3483E+03 
                1.58942           12.3431E+03 
                1.58963           12.3309E+03 
                1.58993           12.2432E+03 
                1.59024           11.9803E+03 
                1.59055           11.4318E+03 
                1.59086           10.544E+03  
                1.59132            8.74159E+03
                1.59149            8.02426E+03
                1.59175            6.96731E+03
                1.59185            6.57994E+03
                1.59199            6.04033E+03
                1.59221            5.38429E+03
                1.59254            4.86053E+03
                1.59267            4.73314E+03
                1.59285            4.70221E+03
                1.59313            4.97591E+03
                1.59354            5.77337E+03
                1.59417            6.82588E+03
                1.59511            7.15651E+03
                1.59651            6.57045E+03
                1.59862            6.20501E+03
                1.60178            6.40979E+03
                1.60297            6.52469E+03
                1.60475            6.6784E+03 
                1.60542            6.73065E+03
                1.60642            6.79342E+03
                1.60679            6.81456E+03
                1.60717            6.83283E+03
                1.60755            6.84766E+03
                1.60811            6.86172E+03
                1.60895            6.86793E+03
                1.61022            6.86003E+03
                1.61212            6.84057E+03
                1.61498            6.85378E+03
                1.61926            6.9338E+03 
                1.62569            6.96478E+03
                1.63534            6.88714E+03
                1.63897            6.853E+03  
                1.6444             6.82072E+03
                1.64644            6.81243E+03
                1.64663            6.8117E+03 
                1.64692            6.81066E+03
                1.64703            6.81028E+03
                1.64719            6.80974E+03
                1.64743            6.80898E+03
                1.64779            6.80797E+03
                1.64789            6.80773E+03
                1.64798            6.8075E+03 
                1.64811            6.80716E+03
                1.64832            6.8067E+03 
                1.64862            6.80603E+03
                1.64874            6.80578E+03
                1.64891            6.80537E+03
                1.64917            6.8044E+03 
                1.64956            6.79997E+03
                1.65014            6.78407E+03
                1.65101            6.76132E+03
                1.65232            6.76131E+03
                1.65428            6.77134E+03
                1.65723            6.77383E+03
                1.66165            6.80752E+03
                1.66829            6.85941E+03
                1.67825            6.882E+03  
                1.68198            6.88346E+03
                1.68759            6.87569E+03
                1.6897             6.87168E+03
                1.69049            6.87004E+03
                1.69167            6.8673E+03 
                1.69212            6.86625E+03
                1.69228            6.86585E+03
                1.69253            6.86524E+03
                1.69291            6.86429E+03
                1.69305            6.86393E+03
                1.69326            6.86337E+03
                1.69334            6.86316E+03
                1.69345            6.86284E+03
                1.69363            6.86233E+03
                1.6939             6.8614E+03 
                1.6943             6.85893E+03
                1.6949             6.85193E+03
                1.6955             6.84256E+03
                1.6961             6.83235E+03
                1.697              6.8198E+03 
                1.69835            6.81099E+03
                1.70038            6.80333E+03
                1.70342            6.79413E+03
                1.70798            6.7903E+03 
                1.71483            6.78755E+03
                1.7174             6.78634E+03
                1.72125            6.78378E+03
                1.7227             6.78267E+03
                1.72324            6.78221E+03
                1.72405            6.78146E+03
                1.72436            6.78117E+03
                1.72447            6.78106E+03
                1.72464            6.78089E+03
                1.7249             6.78063E+03
                1.725              6.78053E+03
                1.72514            6.78038E+03
                1.72536            6.78008E+03
                1.72568            6.77857E+03
                1.72617            6.76979E+03
                1.72666            6.75479E+03
                1.72715            6.73775E+03
                1.72727            6.73344E+03
                1.72745            6.72713E+03
                1.72773            6.71854E+03
                1.72814            6.70573E+03
                1.72876            6.6786E+03 
                1.72969            6.63685E+03
                1.73108            6.61268E+03
                1.73317            6.60267E+03
                1.7363             6.59595E+03
                1.741              6.59402E+03
                1.74805            6.56819E+03
                1.75864            6.51481E+03
                1.76129            6.5013E+03 
                1.76393            6.48836E+03
                1.76493            6.48368E+03
                1.7653             6.48195E+03
                1.76586            6.47944E+03
                1.76607            6.47851E+03
                1.76638            6.47713E+03
                1.76685            6.47512E+03
                1.76756            6.47299E+03
                1.76862            6.47208E+03
                1.76902            6.47201E+03
                1.76962            6.47201E+03
                1.76984            6.47201E+03
                1.77018            6.47189E+03
                1.77068            6.47124E+03
                1.77144            6.46914E+03
                1.77219            6.46431E+03
                1.77295            6.45406E+03
                1.77408            6.4339E+03 
                1.77578            6.40953E+03
                1.77833            6.38007E+03
                1.77929            6.36986E+03
                1.78072            6.35815E+03
                1.78126            6.35441E+03
                1.78207            6.35061E+03
                1.78328            6.34917E+03
                1.78373            6.34922E+03
                1.7839             6.34932E+03
                1.78416            6.34965E+03
                1.78454            6.3507E+03 
                1.78493            6.35305E+03
                1.78531            6.35752E+03
                1.78569            6.36243E+03
                1.78627            6.35839E+03
                1.78713            6.33094E+03
                1.78842            6.28513E+03
                1.78875            6.27395E+03
                1.78907            6.26326E+03
                1.78955            6.24792E+03
                1.79028            6.22371E+03
                1.79101            6.19689E+03
                1.79174            6.1694E+03 
                1.79283            6.13851E+03
                1.79447            6.12321E+03
                1.7961             6.1293E+03 
                1.79774            6.14618E+03
                1.8002             6.16541E+03
                1.80389            6.15237E+03
                1.80942            6.09797E+03
                1.81495            6.05624E+03
                1.81634            6.04685E+03
                1.81772            6.03832E+03
                1.81979            6.02697E+03
                1.82291            6.01292E+03
                1.82408            6.00801E+03
                1.82583            5.99979E+03
                1.82649            5.99634E+03
                1.82747            5.98915E+03
                1.82895            5.9752E+03 
                1.8295             5.9692E+03 
                1.83034            5.95508E+03
                1.83117            5.94105E+03
                1.832              5.9268E+03 
                1.83325            5.88945E+03
                1.83449            5.83959E+03
                1.83574            5.79232E+03
                1.83761            5.75252E+03
                1.84042            5.7538E+03 
                1.84148            5.76227E+03
                1.84305            5.78764E+03
                1.84542            5.81964E+03
                1.84631            5.82882E+03
                1.84665            5.83175E+03
                1.84715            5.83467E+03
                1.8479             5.83516E+03
                1.84865            5.83237E+03
                1.8494             5.82815E+03
                1.85052            5.82463E+03
                1.85221            5.82754E+03
                1.85474            5.82872E+03
                1.85854            5.81591E+03
                1.86424            5.79484E+03
                1.87279            5.76882E+03
                1.87599            5.75957E+03
                1.88081            5.74626E+03
                1.88126            5.74504E+03
                1.88143            5.74457E+03
                1.88168            5.74388E+03
                1.88177            5.74362E+03
                1.88192            5.74323E+03
                1.88213            5.74265E+03
                1.88245            5.7419E+03 
                1.88277            5.74166E+03
                1.88309            5.74268E+03
                1.88358            5.75034E+03
                1.8843             5.77592E+03
                1.88457            5.78722E+03
                1.88467            5.79167E+03
                1.88482            5.79874E+03
                1.88505            5.8097E+03 
                1.88514            5.81383E+03
                1.88527            5.81996E+03
                1.88546            5.82857E+03
                1.88575            5.83881E+03
                1.88586            5.8422E+03 
                1.88602            5.84607E+03
                1.88626            5.84871E+03
                1.88663            5.84599E+03
                1.88677            5.8441E+03 
                1.88697            5.83976E+03
                1.88705            5.83795E+03
                1.88717            5.83494E+03
                1.88734            5.83028E+03
                1.8876             5.82461E+03
                1.88799            5.82186E+03
                1.88858            5.82291E+03
                1.8888             5.82333E+03
                1.88913            5.82101E+03
                1.88962            5.8057E+03 
                1.89037            5.77309E+03
                1.89065            5.76098E+03
                1.89106            5.74871E+03
                1.89169            5.74971E+03
                1.89263            5.75445E+03
                1.89404            5.67465E+03
                1.89615            5.47557E+03
                1.89695            5.40074E+03
                1.89814            5.31878E+03
                1.89992            5.28908E+03
                1.9026             5.36597E+03
                1.90662            5.49496E+03
                1.91264            5.54899E+03
                1.92168            5.50894E+03
                1.93524            5.44626E+03
                1.95559            5.37645E+03
                1.98613            5.31103E+03
                2.01666            5.2582E+03 
                2.01678            5.25799E+03
                2.01696            5.25768E+03
                2.01723            5.25722E+03
                2.01733            5.25705E+03
                2.01748            5.2568E+03 
                2.01771            5.25645E+03
                2.01805            5.25656E+03
                2.01839            5.25876E+03
                2.01873            5.26524E+03
                2.01924            5.28921E+03
                2.02               5.34644E+03
                2.02115            5.41835E+03
                2.02287            5.4617E+03 
                2.02303            5.46518E+03
                2.02309            5.4664E+03 
                2.02318            5.46806E+03
                2.02332            5.47012E+03
                2.02352            5.47217E+03
                2.02383            5.47042E+03
                2.02429            5.44766E+03
                2.02497            5.39437E+03
                2.02601            5.39346E+03
                2.02639            5.40867E+03
                2.02698            5.46296E+03
                2.02785            5.56204E+03
                2.02915            5.66377E+03
                2.02964            5.69371E+03
                2.02983            5.70377E+03
                2.0301             5.71644E+03
                2.03052            5.73194E+03
                2.03114            5.75333E+03
                2.03207            5.78253E+03
                2.03346            5.79463E+03
                2.03556            5.75111E+03
                2.0387             5.62001E+03
                2.03988            5.56366E+03
                2.04164            5.47446E+03
                2.04231            5.44111E+03
                2.04255            5.42866E+03
                2.04293            5.41024E+03
                2.04349            5.38292E+03
                2.04432            5.34157E+03
                2.04558            5.28257E+03
                2.04605            5.26112E+03
                2.04676            5.23045E+03
                2.04782            5.18632E+03
                2.04941            5.12963E+03
                2.0518             5.05397E+03
                2.0527             5.02543E+03
                2.05404            4.97692E+03
                2.05605            4.89017E+03
                2.05681            4.85598E+03
                2.05794            4.80364E+03
                2.05836            4.78404E+03
                2.059              4.75565E+03
                2.05996            4.71754E+03
                2.06139            4.67064E+03
                2.06354            4.6088E+03 
                2.06435            4.5859E+03 
                2.06556            4.55086E+03
                2.06601            4.53761E+03
                2.06669            4.51804E+03
                2.06695            4.51078E+03
                2.06733            4.50038E+03
                2.0679             4.48874E+03
                2.06812            4.48512E+03
                2.06844            4.48212E+03
                2.06856            4.48138E+03
                2.06874            4.48126E+03
                2.06902            4.48345E+03
                2.06943            4.49001E+03
                2.07004            4.49536E+03
                2.07027            4.4961E+03 
                2.07061            4.4928E+03 
                2.07113            4.48094E+03
                2.07191            4.47086E+03
                2.07307            4.48542E+03
                2.07482            4.53694E+03
                2.07743            4.59901E+03
                2.07842            4.61631E+03
                2.07989            4.61815E+03
                2.08044            4.615E+03  
                2.08127            4.60128E+03
                2.08158            4.59493E+03
                2.08204            4.5835E+03 
                2.08274            4.56445E+03
                2.08379            4.53043E+03
                2.08536            4.45658E+03
                2.08772            4.30344E+03
                2.09126            4.06538E+03
                2.09259            3.97977E+03
                2.09458            3.87324E+03
                2.09532            3.83702E+03
                2.09644            3.79234E+03
                2.09686            3.77696E+03
                2.09749            3.75675E+03
                2.09773            3.74956E+03
                2.09808            3.73962E+03
                2.09861            3.72667E+03
                2.09941            3.71139E+03
                2.1006             3.69643E+03
                2.10239            3.679E+03  
                2.10508            3.62619E+03
                2.10911            3.49387E+03
                2.11516            3.29831E+03
                2.12423            3.15156E+03
                2.13782            3.22023E+03
                2.14292            3.28049E+03
                2.15056            3.4226E+03 
                2.15343            3.48168E+03
                2.1545             3.50458E+03
                2.15491            3.51326E+03
                2.15551            3.52651E+03
                2.15574            3.5315E+03 
                2.15608            3.53905E+03
                2.1562             3.54189E+03
                2.1564             3.54617E+03
                2.15647            3.54778E+03
                2.15658            3.55019E+03
                2.15674            3.55383E+03
                2.1568             3.55519E+03
                2.15689            3.55724E+03
                2.15702            3.56031E+03
                2.15723            3.56472E+03
                2.1573             3.56634E+03
                2.15742            3.56859E+03
                2.15759            3.57076E+03
                2.15785            3.56527E+03
                2.15824            3.52337E+03
                2.15863            3.459E+03  
                2.15901            3.40043E+03
                2.15959            3.38402E+03
                2.16047            3.46209E+03
                2.16177            3.54739E+03
                2.16374            3.57252E+03
                2.16668            3.60737E+03
                2.17109            3.66285E+03
                2.17771            3.72368E+03
                2.18763            3.79875E+03
                2.2025             3.79722E+03
                2.22479            3.63283E+03
                2.25816            3.50202E+03
                2.30805            3.52673E+03
                2.38245            3.56343E+03
                2.49286            3.55721E+03
                2.49543            3.55615E+03
                2.49928            3.55634E+03
                2.49964            3.55628E+03
                2.50018            3.55626E+03
                2.50038            3.55625E+03
                2.50069            3.55623E+03
                2.5008             3.55621E+03
                2.50097            3.5562E+03 
                2.50123            3.55617E+03
                2.50133            3.55615E+03
                2.50147            3.55613E+03
                2.50169            3.55609E+03
                2.50201            3.55586E+03
                2.5025             3.55561E+03
                2.50323            3.55931E+03
                2.50396            3.55468E+03
                2.50469            3.53077E+03
                2.50579            3.48256E+03
                2.50743            3.44412E+03
                2.5099             3.42987E+03
                2.51359            3.44629E+03
                2.51913            3.46383E+03
                2.52743            3.4532E+03 
                2.53986            3.43528E+03
                2.55846            3.42567E+03
                2.58624            3.42547E+03
                2.62765            3.42089E+03
                2.68912            3.40244E+03
                2.77974            3.37366E+03
                2.91164            3.34464E+03
                2.92373            3.341E+03  
                2.94178            3.33746E+03
                2.94852            3.33572E+03
                2.95104            3.33509E+03
                2.95482            3.33443E+03
                2.95624            3.33412E+03
                2.95637            3.33406E+03
                2.95657            3.33403E+03
                2.95687            3.33399E+03
                2.95698            3.33397E+03
                2.95715            3.33395E+03
                2.95721            3.33394E+03
                2.95731            3.33394E+03
                2.95745            3.33392E+03
                2.9575             3.33391E+03
                2.95758            3.3339E+03 
                2.9577             3.33389E+03
                2.95775            3.33388E+03
                2.95781            3.33387E+03
                2.95791            3.33384E+03
                2.95806            3.33373E+03
                2.95829            3.33264E+03




