
                  X               uf-0-exp    

                0.                -0.         
               39.94E-09         144.262E-03  
              319.041E-09        746.553E-03  
                1.70601E-06        1.94853    
                7.53894E-06        4.44846    
               29.9775E-06         9.54913    
              111.812E-06         21.6481     
              399.954E-06         56.0726     
                1.38837E-03      163.196      
                4.70264E-03      506.745      
               15.5512E-03         1.60973E+03
               49.9952E-03         5.08311E+03
              154.626E-03         15.598E+03  
              450.699E-03         45.3097E+03 
              459.682E-03         47.3408E+03 
              463.075E-03         47.6149E+03 
              464.35E-03          47.7014E+03 
              466.266E-03         47.8079E+03 
              468.187E-03         47.9049E+03 
              470.111E-03         47.9913E+03 
              472.04E-03          48.0671E+03 
              472.523E-03         48.0885E+03 
              473.006E-03         48.1077E+03 
              473.731E-03         48.1327E+03 
              474.819E-03         48.1661E+03 
              475.909E-03         48.1979E+03 
              477.E-03            48.2277E+03 
              478.093E-03         48.2558E+03 
              479.186E-03         48.2825E+03 
              480.281E-03         48.3082E+03 
              481.377E-03         48.3329E+03 
              482.475E-03         48.3567E+03 
              483.574E-03         48.379E+03  
              484.674E-03         48.3994E+03 
              485.775E-03         48.4167E+03 
              487.429E-03         48.4294E+03 
              489.086E-03         48.4277E+03 
              490.746E-03         48.4085E+03 
              492.409E-03         48.3741E+03 
              494.075E-03         48.3316E+03 
              495.743E-03         48.2918E+03 
              498.251E-03         48.2728E+03 
              498.879E-03         48.276E+03  
              499.508E-03         48.2808E+03 
              500.451E-03         48.2951E+03 
              501.868E-03         48.3416E+03 
              503.997E-03         48.471E+03  
              504.796E-03         48.5319E+03 
              505.997E-03         48.6364E+03 
              507.8E-03           48.8273E+03 
              510.511E-03         49.1821E+03 
              513.23E-03          49.5974E+03 
              515.955E-03         50.057E+03  
              518.688E-03         50.5426E+03 
              522.801E-03         51.2539E+03 
              529.001E-03         52.1377E+03 
              530.556E-03         52.3599E+03 
              532.114E-03         52.5569E+03 
              532.699E-03         52.63E+03   
              533.576E-03         52.7317E+03 
              534.894E-03         52.8714E+03 
              535.389E-03         52.9241E+03 
              536.132E-03         52.9977E+03 
              537.246E-03         53.0994E+03 
              538.92E-03          53.2367E+03 
              540.597E-03         53.3633E+03 
              542.276E-03         53.481E+03  
              543.958E-03         53.5928E+03 
              545.642E-03         53.7015E+03 
              547.329E-03         53.8097E+03 
              549.018E-03         53.9189E+03 
              551.558E-03         54.0839E+03 
              555.377E-03         54.3391E+03 
              561.13E-03          54.7738E+03 
              569.815E-03         55.5925E+03 
              573.088E-03         55.9414E+03 
              578.016E-03         56.4716E+03 
              579.869E-03         56.6834E+03 
              582.654E-03         56.9909E+03 
              583.7E-03           57.1108E+03 
              585.271E-03         57.2843E+03 
              586.45E-03          57.4149E+03 
              587.631E-03         57.544E+03  
              588.812E-03         57.6718E+03 
              590.587E-03         57.8588E+03 
              592.364E-03         58.0433E+03 
              594.144E-03         58.2241E+03 
              595.927E-03         58.4006E+03 
              598.605E-03         58.6518E+03 
              601.29E-03          58.8924E+03 
              603.98E-03          59.1192E+03 
              606.676E-03         59.3326E+03 
              610.73E-03          59.6334E+03 
              614.798E-03         59.9428E+03 
              618.879E-03         60.2743E+03 
              625.023E-03         60.8234E+03 
              626.564E-03         60.9766E+03 
              628.107E-03         61.1243E+03 
              630.424E-03         61.3465E+03 
              633.907E-03         61.6848E+03 
              637.4E-03           62.0275E+03 
              640.901E-03         62.371E+03  
              644.412E-03         62.7172E+03 
              649.695E-03         63.2431E+03 
              654.998E-03         63.7826E+03 
              660.321E-03         64.3251E+03 
              665.665E-03         64.8641E+03 
              673.718E-03         65.6496E+03 
              676.749E-03         65.9567E+03 
              677.888E-03         66.0721E+03 
              679.597E-03         66.2367E+03 
              682.165E-03         66.4798E+03 
              686.025E-03         66.8413E+03 
              691.833E-03         67.3794E+03 
              700.589E-03         68.1881E+03 
              713.816E-03         69.4302E+03 
              733.868E-03         71.3461E+03 
              738.92E-03          71.8683E+03 
              743.988E-03         72.3581E+03 
              751.619E-03         73.0848E+03 
              763.13E-03          74.1823E+03 
              780.542E-03         75.8559E+03 
              782.183E-03         76.0455E+03 
              784.647E-03         76.2887E+03 
              786.498E-03         76.4692E+03 
              789.278E-03         76.7365E+03 
              793.455E-03         77.1373E+03 
              796.595E-03         77.4416E+03 
              798.167E-03         77.5956E+03 
              800.527E-03         77.8195E+03 
              804.073E-03         78.1477E+03 
              807.625E-03         78.4695E+03 
              808.515E-03         78.5537E+03 
              809.849E-03         78.673E+03  
              811.853E-03         78.8461E+03 
              812.605E-03         78.9126E+03 
              813.734E-03         79.009E+03  
              815.428E-03         79.15E+03   
              817.972E-03         79.3576E+03 
              818.926E-03         79.4381E+03 
              820.36E-03          79.555E+03  
              822.511E-03         79.7296E+03 
              825.743E-03         79.9965E+03 
              828.981E-03         80.2706E+03 
              830.602E-03         80.4117E+03 
              833.036E-03         80.6189E+03 
              835.473E-03         80.8266E+03 
              837.912E-03         81.0337E+03 
              841.578E-03         81.3451E+03 
              845.25E-03          81.6717E+03 
              848.929E-03         82.0199E+03 
              854.46E-03          82.5866E+03 
              856.538E-03         82.8129E+03 
              859.659E-03         83.1514E+03 
              864.35E-03          83.6604E+03 
              869.051E-03         84.1631E+03 
              873.763E-03         84.6496E+03 
              875.533E-03         84.8346E+03 
              878.19E-03          85.0974E+03 
              882.183E-03         85.4746E+03 
              886.182E-03         85.84E+03   
              890.19E-03          86.1939E+03 
              894.204E-03         86.5402E+03 
              895.209E-03         86.6308E+03 
              896.215E-03         86.7182E+03 
              897.724E-03         86.846E+03  
              899.989E-03         87.0371E+03 
              902.256E-03         87.2304E+03 
              904.526E-03         87.4258E+03 
              905.378E-03         87.5014E+03 
              905.697E-03         87.5299E+03 
              906.177E-03         87.572E+03  
              906.357E-03         87.5879E+03 
              906.626E-03         87.6116E+03 
              907.031E-03         87.6469E+03 
              907.638E-03         87.6996E+03 
              908.549E-03         87.779E+03  
              908.891E-03         87.8094E+03 
              909.403E-03         87.8548E+03 
              910.172E-03         87.9228E+03 
              911.327E-03         88.025E+03  
              912.481E-03         88.1285E+03 
              913.637E-03         88.2326E+03 
              915.371E-03         88.3881E+03 
              917.107E-03         88.5417E+03 
              918.844E-03         88.6859E+03 
              920.582E-03         88.8061E+03 
              921.017E-03         88.8356E+03 
              921.452E-03         88.8626E+03 
              922.104E-03         88.8964E+03 
              923.083E-03         88.9278E+03 
              924.552E-03         88.9092E+03 
              925.104E-03         88.8929E+03 
              925.931E-03         88.8385E+03 
              927.172E-03         88.6743E+03 
              927.637E-03         88.6011E+03 
              928.336E-03         88.4601E+03 
              929.384E-03         88.1731E+03 
              930.958E-03         87.5785E+03 
              932.532E-03         86.8525E+03 
              934.108E-03         86.0468E+03 
              935.684E-03         85.2211E+03 
              937.262E-03         84.427E+03  
              938.84E-03          83.6957E+03 
              940.42E-03          83.0336E+03 
              942.001E-03         82.4244E+03 
              944.374E-03         81.5332E+03 
              945.562E-03         81.0841E+03 
              946.75E-03          80.619E+03  
              948.533E-03         79.8788E+03 
              950.318E-03         79.1162E+03 
              952.104E-03         78.3663E+03 
              954.785E-03         77.4022E+03 
              955.456E-03         77.1759E+03 
              956.127E-03         76.9627E+03 
              957.134E-03         76.679E+03  
              958.645E-03         76.3503E+03 
              959.212E-03         76.2425E+03 
              960.062E-03         76.1131E+03 
              961.339E-03         75.9944E+03 
              963.254E-03         75.9836E+03 
              966.131E-03         76.306E+03  
              966.851E-03         76.4099E+03 
              967.571E-03         76.5323E+03 
              968.651E-03         76.7556E+03 
              970.272E-03         77.1695E+03 
              971.894E-03         77.6469E+03 
              973.518E-03         78.1659E+03 
              975.142E-03         78.7013E+03 
              975.752E-03         78.9041E+03 
              976.666E-03         79.2039E+03 
              978.038E-03         79.628E+03  
              980.098E-03         80.1543E+03 
              980.871E-03         80.3353E+03 
              982.031E-03         80.5569E+03 
              983.771E-03         80.7676E+03 
              984.424E-03         80.8305E+03 
              985.404E-03         80.8849E+03 
              986.875E-03         80.8856E+03 
              987.426E-03         80.8762E+03 
              988.254E-03         80.8393E+03 
              989.496E-03         80.7422E+03 
              989.962E-03         80.7013E+03 
              990.661E-03         80.6287E+03 
              991.71E-03          80.4994E+03 
              992.104E-03         80.4488E+03 
              992.694E-03         80.3669E+03 
              993.58E-03          80.2313E+03 
              994.909E-03         79.995E+03  
              996.904E-03         79.5347E+03 
              999.899E-03         78.5422E+03 
                1.00065           78.2773E+03 
                1.0014            77.9912E+03 
                1.00252           77.5168E+03 
                1.00421           76.723E+03  
                1.0059            75.8738E+03 
                1.00759           74.9971E+03 
                1.00928           74.1197E+03 
                1.00992           73.793E+03  
                1.01087           73.3085E+03 
                1.0123            72.6054E+03 
                1.01444           71.6146E+03 
                1.01659           70.6761E+03 
                1.01713           70.4459E+03 
                1.01766           70.2176E+03 
                1.01847           69.8784E+03 
                1.01968           69.372E+03  
                1.02149           68.5995E+03 
                1.02331           67.8022E+03 
                1.02512           66.9782E+03 
                1.02581           66.6668E+03 
                1.02683           66.1921E+03 
                1.02836           65.4778E+03 
                1.02894           65.2115E+03 
                1.0298            64.8154E+03 
                1.0311            64.2407E+03 
                1.03304           63.4599E+03 
                1.03499           62.7919E+03 
                1.03694           62.2577E+03 
                1.03889           61.8667E+03 
                1.04084           61.6135E+03 
                1.04279           61.4776E+03 
                1.04475           61.4262E+03 
                1.0467            61.4196E+03 
                1.04744           61.4224E+03 
                1.04854           61.4268E+03 
                1.05019           61.4137E+03 
                1.05081           61.4061E+03 
                1.05174           61.3821E+03 
                1.05313           61.3119E+03 
                1.05523           61.1298E+03 
                1.05601           61.0528E+03 
                1.05719           60.9157E+03 
                1.05764           60.8622E+03 
                1.0583            60.7765E+03 
                1.05929           60.6401E+03 
                1.06079           60.4328E+03 
                1.06303           60.1458E+03 
                1.06528           59.8884E+03 
                1.06752           59.6434E+03 
                1.06977           59.3857E+03 
                1.07202           59.0941E+03 
                1.07427           58.761E+03  
                1.07652           58.3949E+03 
                1.07878           58.0176E+03 
                1.08103           57.6571E+03 
                1.08188           57.5273E+03 
                1.08315           57.3444E+03 
                1.08363           57.2786E+03 
                1.08434           57.1848E+03 
                1.08541           57.0587E+03 
                1.08702           56.9071E+03 
                1.08763           56.8568E+03 
                1.08853           56.7929E+03 
                1.08989           56.7235E+03 
                1.09193           56.6741E+03 
                1.09244           56.6665E+03 
                1.09295           56.6616E+03 
                1.09372           56.6603E+03 
                1.09487           56.6716E+03 
                1.09602           56.6958E+03 
                1.09717           56.7311E+03 
                1.0976            56.7463E+03 
                1.09825           56.7717E+03 
                1.09922           56.8147E+03 
                1.10067           56.8858E+03 
                1.10104           56.9046E+03 
                1.1014            56.9235E+03 
                1.10195           56.9514E+03 
                1.10277           56.9909E+03 
                1.10308           57.0057E+03 
                1.10354           57.0264E+03 
                1.10423           57.0527E+03 
                1.10527           57.0751E+03 
                1.10683           57.045E+03  
                1.10917           56.7948E+03 
                1.11092           56.4846E+03 
                1.11268           56.0612E+03 
                1.11444           55.5505E+03 
                1.1162            54.9809E+03 
                1.11796           54.3727E+03 
                1.1184            54.2194E+03 
                1.11884           54.0639E+03 
                1.1195            53.8261E+03 
                1.12049           53.4595E+03 
                1.12197           52.8807E+03 
                1.12421           51.9218E+03 
                1.12476           51.6775E+03 
                1.12532           51.4265E+03 
                1.12616           51.0346E+03 
                1.12742           50.4177E+03 
                1.12789           50.1833E+03 
                1.12859           49.8246E+03 
                1.12966           49.2789E+03 
                1.13125           48.4732E+03 
                1.13284           47.7063E+03 
                1.13443           46.9918E+03 
                1.13603           46.3304E+03 
                1.13643           46.1691E+03 
                1.13683           46.0108E+03 
                1.13743           45.7792E+03 
                1.13832           45.443E+03  
                1.13967           44.9507E+03 
                1.14169           44.1863E+03 
                1.14371           43.3434E+03 
                1.14422           43.128E+03  
                1.14473           42.9056E+03 
                1.14548           42.5535E+03 
                1.14577           42.419E+03  
                1.1462            42.2107E+03 
                1.14684           41.8821E+03 
                1.1478            41.3478E+03 
                1.14816           41.1417E+03 
                1.1487            40.8179E+03 
                1.14951           40.2963E+03 
                1.15073           39.4255E+03 
                1.15119           39.0867E+03 
                1.15187           38.5484E+03 
                1.1529            37.6713E+03 
                1.15444           36.201E+03  
                1.15502           35.629E+03  
                1.15589           34.7231E+03 
                1.15621           34.3771E+03 
                1.1567            33.8433E+03 
                1.15744           33.0109E+03 
                1.15854           31.6955E+03 
                1.16019           29.5895E+03 
                1.16266           26.2124E+03 
                1.16514           22.7093E+03 
                1.16762           19.1509E+03 
                1.1701            15.5664E+03 
                1.17259           11.942E+03  
                1.17507            8.2397E+03 
                1.17756            4.42827E+03
                1.18005          513.991      
                1.18379           -5.29779E+03
                1.18753          -10.5832E+03 
                1.19127          -14.8967E+03 
                1.19315          -16.7596E+03 
                1.19502          -18.2964E+03 
                1.19784          -19.8233E+03 
                1.20065          -20.5995E+03 
                1.20347          -20.7055E+03 
                1.20629          -20.2433E+03 
                1.20911          -19.3153E+03 
                1.21194          -18.0109E+03 
                1.21618          -15.4384E+03 
                1.22043          -12.4318E+03 
                1.22468           -9.16197E+03
                1.22574           -8.32779E+03
                1.22734           -7.05802E+03
                1.22973           -5.13525E+03
                1.23333           -2.3092E+03 
                1.23468           -1.26033E+03
                1.2367           261.705      
                1.23974            2.38023E+03
                1.2443             5.04789E+03
                1.24887            7.12147E+03
                1.25344            8.57484E+03
                1.25802            9.43999E+03
                1.25974            9.6873E+03 
                1.26232            9.88766E+03
                1.26619            9.87421E+03
                1.27006            9.616E+03  
                1.27394            9.17716E+03
                1.27782            8.61714E+03
                1.28171            7.98793E+03
                1.28559            7.33389E+03
                1.29143            6.40736E+03
                1.29363            6.07737E+03
                1.29692            5.61991E+03
                1.30186            5.05572E+03
                1.30371            4.86592E+03
                1.30649            4.61944E+03
                1.31067            4.34074E+03
                1.31224            4.25159E+03
                1.31459            4.14062E+03
                1.31812            4.02079E+03
                1.32342            3.90003E+03
                1.32872            3.79295E+03
                1.33404            3.65682E+03
                1.33936            3.45845E+03
                1.34069            3.40771E+03
                1.34202            3.34989E+03
                1.34401            3.2491E+03 
                1.34701            3.06711E+03
                1.35001            2.85462E+03
                1.35301            2.61142E+03
                1.35601            2.3395E+03 
                1.35902            2.04238E+03
                1.36203            1.72503E+03
                1.36654            1.22558E+03
                1.36823            1.03932E+03
                1.37077          757.703      
                1.37459          356.026      
                1.37841           -3.6702     
                1.37936          -88.7963     
                1.38079         -211.448      
                1.38294         -376.821      
                1.38617         -570.787      
                1.3894          -701.818      
                1.39263         -765.643      
                1.39586         -760.041      
                1.40071         -600.541      
                1.40557         -297.862      
                1.41043          131.792      
                1.41529          668.97       
                1.42016            1.28835E+03
                1.42747            2.28835E+03
                1.43022            2.67169E+03
                1.43434            3.22754E+03
                1.44052            3.96257E+03
                1.44671            4.5475E+03 
                1.45291            4.94451E+03
                1.45911            5.13674E+03
                1.46067            5.17495E+03
                1.46222            5.19776E+03
                1.46455            5.20086E+03
                1.46804            5.14091E+03
                1.46936            5.11119E+03
                1.47132            5.04534E+03
                1.47428            4.90536E+03
                1.47871            4.61843E+03
                1.48314            4.27261E+03
                1.48758            3.88511E+03
                1.49202            3.47458E+03
                1.49869            2.86545E+03
                1.50536            2.31713E+03
                1.51204            1.86449E+03
                1.51873            1.52798E+03
                1.52124            1.42162E+03
                1.525              1.29719E+03
                1.52642            1.25755E+03
                1.52854            1.20874E+03
                1.53172            1.16259E+03
                1.53649            1.15178E+03
                1.54127            1.19479E+03
                1.54605            1.28348E+03
                1.55322            1.4893E+03 
                1.55592            1.57867E+03
                1.55996            1.72298E+03
                1.56602            1.95431E+03
                1.57513            2.29256E+03
                1.58881            2.72267E+03
                1.59394            2.87795E+03
                1.60165            3.07643E+03
                1.60455            3.15048E+03
                1.60889            3.25089E+03
                1.6154             3.39228E+03
                1.61785            3.44694E+03
                1.62152            3.52478E+03
                1.62702            3.64255E+03
                1.63253            3.76524E+03
                1.63804            3.89243E+03
                1.64011            3.94234E+03
                1.64322            4.01577E+03
                1.64787            4.12635E+03
                1.64962            4.16938E+03
                1.65224            4.23179E+03
                1.65617            4.32263E+03
                1.66207            4.44602E+03
                1.67093            4.57126E+03
                1.67425            4.61122E+03
                1.67924            4.63969E+03
                1.68111            4.64767E+03
                1.68392            4.64797E+03
                1.68813            4.62488E+03
                1.69234            4.57919E+03
                1.69656            4.51107E+03
                1.70288            4.36272E+03
                1.70525            4.30287E+03
                1.70881            4.19833E+03
                1.71416            4.01757E+03
                1.7195             3.81875E+03
                1.72485            3.60625E+03
                1.7302             3.38542E+03
                1.73555            3.16172E+03
                1.7409             2.94082E+03
                1.74894            2.63578E+03
                1.761              2.28334E+03
                1.77307            2.04012E+03
                1.78515            1.88158E+03
                1.78968            1.83474E+03
                1.79648            1.7782E+03 
                1.79903            1.76045E+03
                1.80286            1.73603E+03
                1.8086             1.70571E+03
                1.81722            1.6714E+03 
                1.82045            1.66157E+03
                1.8253             1.64794E+03
                1.83258            1.63586E+03
                1.83531            1.63381E+03
                1.83941            1.63236E+03
                1.84555            1.63775E+03
                1.84785            1.64178E+03
                1.85131            1.64917E+03
                1.8565             1.66536E+03
                1.86168            1.68669E+03
                1.86687            1.71224E+03
                1.87466            1.7576E+03 
                1.87758            1.7765E+03 
                1.88196            1.80546E+03
                1.88853            1.85223E+03
                1.89099            1.87091E+03
                1.89469            1.89899E+03
                1.90024            1.94305E+03
                1.90856            2.0136E+03 
                1.91168            2.04135E+03
                1.91636            2.08289E+03
                1.92339            2.14492E+03
                1.93393            2.23143E+03
                1.94974            2.34691E+03
                1.95567            2.38937E+03
                1.96456            2.45128E+03
                1.97791            2.55159E+03
                1.99126            2.66271E+03
                2.00461            2.78219E+03
                2.02463            2.95899E+03
                2.05465            3.17603E+03
                2.06591            3.24733E+03
                2.07013            3.27261E+03
                2.07646            3.30938E+03
                2.08279            3.34384E+03
                2.08911            3.37665E+03
                2.09861            3.42479E+03
                2.11284            3.49884E+03
                2.13417            3.62077E+03
                2.14217            3.6647E+03 
                2.15415            3.73906E+03
                2.15865            3.76537E+03
                2.16539            3.80859E+03
                2.17549            3.87417E+03
                2.19064            3.9655E+03 
                2.21334            4.05649E+03
                2.24733            4.05725E+03
                2.26005            4.02847E+03
                2.26482            4.01457E+03
                2.26959            4.00123E+03
                2.27435            3.98583E+03
                2.27912            3.96828E+03
                2.28388            3.94874E+03
                2.29102            3.91626E+03
                2.2928             3.90563E+03
                2.29458            3.89623E+03
                2.29726            3.88253E+03
                2.30127            3.8608E+03 
                2.30277            3.85131E+03
                2.30503            3.838E+03  
                2.30841            3.8174E+03 
                2.31348            3.78419E+03
                2.32109            3.73163E+03
                2.32394            3.7091E+03 
                2.32821            3.67917E+03
                2.33248            3.65E+03   
                2.33675            3.62215E+03
                2.34315            3.58298E+03
                2.35275            3.52112E+03
                2.35754            3.48536E+03
                2.36233            3.45034E+03
                2.36712            3.41446E+03
                2.3719             3.37832E+03
                2.37669            3.34283E+03
                2.38386            3.2951E+03 
                2.39102            3.25149E+03
                2.39818            3.21356E+03
                2.40891            3.16971E+03
                2.42497            3.12304E+03
                2.44901            3.09999E+03
                2.47296            3.11726E+03
                2.49684            3.16884E+03
                2.50279            3.16974E+03
                2.51172            3.19693E+03
                2.52508            3.24543E+03
                2.52842            3.24922E+03
                2.53175            3.25987E+03
                2.53675            3.27885E+03
                2.54424            3.30704E+03
                2.55545            3.34715E+03
                2.57223            3.40638E+03
                2.57851            3.4172E+03 
                2.58087            3.42091E+03
                2.5844             3.43258E+03
                2.58792            3.44393E+03
                2.59145            3.45495E+03
                2.59673            3.47119E+03
                2.60464            3.48975E+03
                2.6076             3.49057E+03
                2.61205            3.49759E+03
                2.6187             3.50862E+03
                2.62867            3.52865E+03
                2.63862            3.54956E+03
                2.64855            3.57348E+03
                2.65846            3.59938E+03
                2.67329            3.64599E+03
                2.67883            3.65181E+03
                2.68714            3.67777E+03
                2.69543            3.70249E+03
                2.70371            3.72867E+03
                2.7161             3.76953E+03
                2.71726            3.76321E+03
                2.719              3.76516E+03
                2.7216             3.77259E+03
                2.72551            3.78325E+03
                2.73136            3.79452E+03
                2.74013            3.79864E+03
                2.74341            3.79091E+03
                2.74832            3.78593E+03
                2.75569            3.7749E+03 
                2.76671            3.75745E+03
                2.78319            3.74201E+03
                2.80776            3.73215E+03
                2.84431            3.69721E+03
                2.84772            3.6486E+03 
                2.85282            3.63704E+03
                2.86047            3.62749E+03
                2.87189            3.61652E+03
                2.87617            3.60068E+03
                2.87777            3.59438E+03
                2.88017            3.59134E+03
                2.88377            3.58851E+03
                2.88647            3.58398E+03
                2.89051            3.58024E+03
                2.89454            3.57451E+03
                2.89857            3.56824E+03
                2.90461            3.56119E+03
                2.91364            3.54889E+03
                2.92713            3.52504E+03
                2.93218            3.49962E+03
                2.93406            3.48951E+03
                2.9369             3.48242E+03
                2.93902            3.47584E+03
                2.9422             3.46866E+03
                2.94538            3.46028E+03
                2.94855            3.45196E+03
                2.9533             3.44316E+03
                2.96042            3.43494E+03
                2.97105            3.43504E+03
                2.98693            3.45254E+03
                2.99286            3.44055E+03
                3.00173            3.454E+03  
                3.00505            3.44881E+03
                3.01002            3.45684E+03
                3.01188            3.45464E+03
                3.01467            3.45898E+03
                3.01885            3.46754E+03
                3.02302            3.47405E+03
                3.02719            3.48045E+03
                3.02875            3.47891E+03
                3.03109            3.48281E+03
                3.03459            3.49041E+03
                3.03983            3.50279E+03
                3.04768            3.52442E+03
                3.0594             3.56064E+03
                3.06378            3.55835E+03
                3.06542            3.55699E+03
                3.06788            3.56334E+03
                3.07157            3.57462E+03
                3.07708            3.59093E+03
                3.08533            3.61343E+03
                3.09764            3.64182E+03
                3.10224            3.63379E+03
                3.10683            3.63841E+03
                3.11141            3.64371E+03
                3.11826            3.65747E+03
                3.1285             3.68369E+03
                3.14376            3.7265E+03 
                3.14945            3.71869E+03
                3.15796            3.74108E+03
                3.16115            3.73713E+03
                3.16591            3.74945E+03
                3.16769            3.74792E+03
                3.17037            3.75459E+03
                3.17437            3.7671E+03 
                3.18035            3.78704E+03
                3.1893             3.81639E+03
                3.20263            3.85475E+03
                3.22246            3.89499E+03
                3.25178            3.92841E+03
                3.29481            3.96746E+03
                3.35716            4.03672E+03
                3.37985            3.97456E+03
                3.38825            3.9578E+03 
                3.40076            4.01741E+03
                3.40192            3.99543E+03
                3.40367            3.99694E+03
                3.40629            4.00966E+03
                3.4089             4.02077E+03
                3.4115             4.03152E+03
                3.4141             4.04206E+03
                3.41669            4.05241E+03
                3.42057            4.07111E+03
                3.42203            4.07061E+03
                3.4242             4.07925E+03
                3.42745            4.09322E+03
                3.42989            4.09828E+03
                3.43353            4.10967E+03
                3.43716            4.11539E+03
                3.44078            4.11857E+03
                3.44168            4.1128E+03 
                3.44304            4.11257E+03
                3.44507            4.11501E+03
                3.44709            4.1155E+03 
                3.44911            4.11552E+03
                3.45112            4.11545E+03
                3.45414            4.11851E+03
                3.45865            4.12382E+03
                3.46314            4.12369E+03
                3.46762            4.12108E+03
                3.47429            4.11448E+03
                3.48092            4.08716E+03
                3.48751            4.0444E+03 
                3.49732            3.9661E+03 
                3.51185            3.84387E+03
                3.53325            3.75108E+03
                3.56441            3.78588E+03
                3.60907            3.91468E+03
                3.61313            3.7684E+03 
                3.61464            3.75355E+03
                3.61691            3.75967E+03
                3.6203             3.778E+03  
                3.62535            3.82205E+03
                3.63286            3.90204E+03
                3.63565            3.90991E+03
                3.63774            3.92463E+03
                3.6393             3.93584E+03
                3.64164            3.95673E+03
                3.64251            3.95851E+03
                3.64382            3.96765E+03
                3.64578            3.98173E+03
                3.64871            3.99938E+03
                3.65308            4.01925E+03
                3.65741            4.02741E+03
                3.66172            4.03047E+03
                3.666              4.02946E+03
                3.67236            4.03146E+03
                3.68178            4.03262E+03
                3.69563            4.04245E+03
                3.71577            4.06924E+03
                3.72313            4.01438E+03
                3.72586            3.99469E+03
                3.72857            3.99899E+03
                3.73128            4.00772E+03
                3.7353             4.03312E+03
                3.74127            4.07417E+03
                3.74349            4.06763E+03
                3.7468             4.08662E+03
                3.75172            4.11351E+03
                3.759              4.14626E+03
                3.7617             4.1297E+03 
                3.76438            4.13402E+03
                3.76704            4.14015E+03
                3.771              4.15913E+03
                3.77688            4.19006E+03
                3.78552            4.22417E+03
                3.79813            4.25504E+03
                3.80274            4.21297E+03
                3.80955            4.24049E+03
                3.81207            4.22374E+03
                3.81581            4.24538E+03
                3.82134            4.28531E+03
                3.82339            4.27606E+03
                3.82643            4.29732E+03
                3.83095            4.3312E+03 
                3.83759            4.37557E+03
                3.84004            4.35989E+03
                3.84367            4.38111E+03
                3.84903            4.41759E+03
                3.85101            4.40562E+03
                3.85395            4.42564E+03
                3.85831            4.46006E+03
                3.86258            4.48436E+03
                3.86364            4.46984E+03
                3.86469            4.47314E+03
                3.86626            4.48527E+03
                3.86859            4.50477E+03
                3.8709             4.52089E+03
                3.87261            4.53057E+03
                3.87431            4.54585E+03
                3.87684            4.57581E+03
                3.88057            4.60957E+03
                3.88605            4.62599E+03
                3.89397            4.62759E+03
                3.89469            4.57625E+03
                3.89578            4.56778E+03
                3.89739            4.56839E+03
                3.89898            4.56908E+03
                3.90057            4.57563E+03
                3.90213            4.58863E+03
                3.90445            4.6192E+03 
                3.90787            4.65286E+03
                3.91286            4.68149E+03
                3.92003            4.714E+03  
                3.92683            4.72617E+03
                3.93326            4.74051E+03
                3.93481            4.69974E+03
                3.93634            4.70314E+03
                3.93691            4.69715E+03
                3.93776            4.70319E+03
                3.93901            4.71704E+03
                3.94025            4.72954E+03
                3.94148            4.74416E+03
                3.94268            4.76022E+03
                3.94388            4.77576E+03
                3.94564            4.79656E+03
                3.94822            4.80579E+03
                3.95194            4.80535E+03
                3.9572             4.81294E+03
                3.9644             4.83011E+03
                3.97369            4.86875E+03
                3.98448            4.9269E+03 
                3.99456            4.95988E+03
                3.99976            4.96059E+03
                4.                 4.95626E+03




