
                  X              uf-45-exp    

                0.                -0.         
               39.94E-09           1.05619E-03
              319.041E-09          7.76202E-03
                1.70601E-06       36.7966E-03 
                7.53894E-06      155.94E-03   
               29.9775E-06       610.084E-03  
              111.812E-06          2.26048    
              399.954E-06          8.0623     
                1.38837E-03       27.9457     
                4.70264E-03       94.5689     
               15.5512E-03       312.534      
               49.9952E-03         1.0044E+03 
              154.626E-03          3.10593E+03
              450.699E-03          9.05246E+03
              605.155E-03         12.1494E+03 
              647.241E-03         12.9555E+03 
              657.971E-03         13.152E+03  
              668.784E-03         13.3427E+03 
              679.679E-03         13.5283E+03 
              690.656E-03         13.7009E+03 
              693.413E-03         13.7408E+03 
              696.175E-03         13.7788E+03 
              700.327E-03         13.8324E+03 
              701.887E-03         13.8511E+03 
              702.472E-03         13.8578E+03 
              703.351E-03         13.8672E+03 
              704.67E-03          13.8799E+03 
              705.99E-03          13.8912E+03 
              707.311E-03         13.9016E+03 
              708.633E-03         13.9113E+03 
              709.129E-03         13.9149E+03 
              709.873E-03         13.9201E+03 
              710.991E-03         13.9281E+03 
              712.668E-03         13.9412E+03 
              713.298E-03         13.9463E+03 
              714.242E-03         13.9537E+03 
              714.597E-03         13.9565E+03 
              715.129E-03         13.9606E+03 
              715.927E-03         13.9668E+03 
              717.125E-03         13.976E+03  
              718.323E-03         13.9834E+03 
              719.523E-03         13.9841E+03 
              720.723E-03         13.9666E+03 
              721.925E-03         13.9255E+03 
              723.127E-03         13.8793E+03 
              724.331E-03         13.8435E+03 
              725.535E-03         13.822E+03  
              726.74E-03          13.8061E+03 
              727.946E-03         13.7801E+03 
              729.153E-03         13.7419E+03 
              730.36E-03          13.7122E+03 
              732.174E-03         13.6969E+03 
              734.898E-03         13.6936E+03 
              738.992E-03         13.7071E+03 
              745.153E-03         13.7099E+03 
              754.436E-03         13.7002E+03 
              755.309E-03         13.6994E+03 
              756.62E-03          13.691E+03  
              757.111E-03         13.6864E+03 
              757.849E-03         13.671E+03  
              758.956E-03         13.5979E+03 
              759.372E-03         13.5608E+03 
              759.995E-03         13.4641E+03 
              760.229E-03         13.4209E+03 
              760.579E-03         13.3341E+03 
              760.711E-03         13.2981E+03 
              760.908E-03         13.2341E+03 
              761.204E-03         13.0962E+03 
              761.315E-03         13.0372E+03 
              761.482E-03         12.9254E+03 
              761.732E-03         12.6666E+03 
              761.982E-03         12.2717E+03 
              762.232E-03         11.7073E+03 
              762.607E-03         10.5383E+03 
              763.169E-03          8.81608E+03
              763.38E-03           8.22025E+03
              763.697E-03          7.56999E+03
              763.816E-03          7.36649E+03
              763.994E-03          7.16596E+03
              764.261E-03          7.10592E+03
              764.662E-03          7.40604E+03
              765.263E-03          8.10757E+03
              766.166E-03          8.80372E+03
              767.521E-03          8.99168E+03
              769.555E-03          8.77677E+03
              771.592E-03          8.5568E+03 
              772.101E-03          8.50473E+03
              772.866E-03          8.43074E+03
              774.014E-03          8.31836E+03
              775.736E-03          8.15738E+03
              777.461E-03          8.02676E+03
              779.187E-03          7.89466E+03
              779.619E-03          7.85902E+03
              780.05E-03           7.8135E+03 
              780.212E-03          7.79456E+03
              780.455E-03          7.75928E+03
              780.82E-03           7.67203E+03
              780.911E-03          7.64774E+03
              781.002E-03          7.62056E+03
              781.139E-03          7.57132E+03
              781.344E-03          7.46034E+03
              781.652E-03          7.09257E+03
              782.114E-03          5.96719E+03
              782.806E-03          3.89485E+03
              783.066E-03          3.1224E+03 
              783.456E-03          2.11742E+03
              784.041E-03          1.12966E+03
              784.626E-03        663.152      
              784.773E-03        578.602      
              784.919E-03        525.147      
              785.139E-03        509.818      
              785.468E-03        602.133      
              785.962E-03        864.967      
              786.703E-03          1.2762E+03 
              787.816E-03          1.73202E+03
              789.487E-03          1.9808E+03 
              791.995E-03          1.67303E+03
              795.764E-03          1.04957E+03
              801.433E-03        755.48       
              809.968E-03        977.311      
              822.845E-03          1.33561E+03
              827.696E-03          1.43299E+03
              829.518E-03          1.4627E+03 
              830.202E-03          1.47281E+03
              831.228E-03          1.48535E+03
              831.613E-03          1.48969E+03
              831.758E-03          1.49127E+03
              831.974E-03          1.49347E+03
              832.299E-03          1.49634E+03
              832.786E-03          1.4979E+03 
              833.518E-03          1.4859E+03 
              834.616E-03          1.45655E+03
              836.263E-03          1.43629E+03
              838.738E-03          1.41344E+03
              842.455E-03          1.35482E+03
              848.043E-03          1.26442E+03
              856.455E-03          1.20784E+03
              869.139E-03          1.23173E+03
              888.31E-03           1.25778E+03
              917.39E-03           1.24027E+03
              961.715E-03          1.21567E+03
                1.02973            1.19713E+03
                1.13497            1.18002E+03
                1.17535            1.17893E+03
                1.17916            1.17929E+03
                1.18489            1.1792E+03 
                1.18704            1.17932E+03
                1.19026            1.17929E+03
                1.19057            1.17936E+03
                1.19102            1.17933E+03
                1.1917             1.17917E+03
                1.19196            1.17911E+03
                1.19234            1.17888E+03
                1.19291            1.1778E+03 
                1.19378            1.17143E+03
                1.19507            1.15446E+03
                1.19701            1.12566E+03
                1.19774            1.09903E+03
                1.19883            1.04437E+03
                1.20047          999.808      
                1.20293          977.325      
                1.20663          944.461      
                1.21218          891.751      
                1.22052          861.778      
                1.23306          883.117      
                1.23777          896.4        
                1.23954          901.887      
                1.2422           910.492      
                1.24319          913.78       
                1.24357          915.013      
                1.24413          916.821      
                1.24497          919.44       
                1.24518          920.103      
                1.24539          920.746      
                1.2457           921.684      
                1.24618          923.01       
                1.24689          924.357      
                1.24715          924.74       
                1.24755          924.509      
                1.24815          921.347      
                1.24905          916.211      
                1.2504           913.451      
                1.25242          912.9        
                1.25546          913.494      
                1.26002          907.806      
                1.26687          893.552      
                1.27717          883.021      
                1.29267          887.335      
                1.31601          897.306      
                1.35126          905.628      
                1.40461          917.815      
                1.42476          922.759      
                1.45511          929.238      
                1.45797          930.023      
                1.46225          930.562      
                1.46265          930.671      
                1.46326          930.734      
                1.46348          930.76       
                1.46382          930.778      
                1.46433          930.711      
                1.46509          928.49       
                1.46586          921.474      
                1.46662          909.604      
                1.46776          893.559      
                1.46948          890.059      
                1.47206          898.311      
                1.47593          903.181      
                1.48173          904.087      
                1.49045          905.361      
                1.50356          907.817      
                1.52326          910.768      
                1.55292          914.717      
                1.56407          915.975      
                1.58083          916.511      
                1.60604          911.033      
                1.64399          910.644      
                1.70119          906.559      
                1.72271          906.613      
                1.75507          906.88       
                1.76723          903.221      
                1.77939          901.221      
                1.79156          899.912      
                1.80984          891.771      
                1.81441          890.668      
                1.81899          889.965      
                1.82585          888.201      
                1.82842          883.211      
                1.82939          879.809      
                1.83083          872.949      
                1.83138          870.466      
                1.83158          869.572      
                1.83189          868.446      
                1.83234          868.211      
                1.83303          874.141      
                1.83406          870.764      
                1.83561          825.159      
                1.83793          794.228      
                1.84141          803.54       
                1.84663          811.843      
                1.85447          811.025      
                1.86623          810.314      
                1.88387          811.597      
                1.91036          812.639      
                1.9203           812.779      
                1.92402          812.795      
                1.92542          812.798      
                1.92752          812.793      
                1.93066          811.113      
                1.93381          808.078      
                1.93696          805.899      
                1.94168          804.997      
                1.94875          804.709      
                1.95937          804.564      
                1.97531          804.83       
                1.99921          805.873      
                2.03506          808.194      
                2.0485           809.084      
                2.06866          810.61       
                2.07622          811.215      
                2.07905          811.437      
                2.08011          811.52       
                2.08171          811.626      
                2.08231          811.667      
                2.08253          811.684      
                2.08287          811.719      
                2.08299          811.733      
                2.08318          811.761      
                2.08346          811.832      
                2.08357          811.863      
                2.08373          811.926      
                2.08397          812.084      
                2.08433          812.807      
                2.08487          816.174      
                2.08541          819.427      
                2.08594          816.814      
                2.08648          804.563      
                2.08702          785.292      
                2.08783          763.745      
                2.08904          766.447      
                2.09086          785.141      
                2.09358          789.13       
                2.09767          782.296      
                2.1038           776.104      
                2.113            774.449      
                2.12678          778.857      
                2.14745          784.067      
                2.17841          787.155      
                2.17914          787.09       
                2.18023          787.183      
                2.18063          787.213      
                2.18125          787.254      
                2.18216          787.243      
                2.18251          787.22       
                2.18302          787.092      
                2.1838           785.927      
                2.18496          781.416      
                2.1867           777.803      
                2.18931          778.529      
                2.19323          778.454      
                2.19911          777.282      
                2.20791          776.817      
                2.22112          777.992      
                2.24091          780.178      
                2.27053          782.293      
                2.31484          784.791      
                2.38096          789.934      
                2.4792           798.906      
                2.62388          811.583      
                2.67715          817.523      
                2.69697          819.773      
                2.70438          820.572      
                2.70715          820.855      
                2.71131          821.295      
                2.7117           821.259      
                2.71228          821.325      
                2.71316          821.432      
                2.71349          821.458      
                2.71398          821.512      
                2.71472          822.716      
                2.71546          819.32       
                2.71565          818.045      
                2.71592          814.478      
                2.71603          812.856      
                2.71618          809.594      
                2.71642          801.988      
                2.71677          783.584      
                2.71729          752.834      
                2.71808          713.163      
                2.71927          658.9        
                2.72104          652.926      
                2.7237           690.795      
                2.72769          703.163      
                2.73366          700.07       
                2.7426           699.685      
                2.75598          702.378      
                2.77596          705.828      
                2.80574          709.49       
                2.84995          714.612      
                2.91518          722.071      
                2.93929          723.796      
                2.94828          724.46       
                2.96171          725.75       
                2.96673          726.115      
                2.96861          726.265      
                2.97143          726.54       
                2.97248          726.575      
                2.97406          726.682      
                2.97644          725.339      
                2.97881          722.013      
                2.98118          718.685      
                2.98473          716.242      
                2.99004          713.905      
                2.99799          712.571      
                3.00988          714.926      
                3.0276           718.627      
                3.02926          718.622      
                3.03174          719.278      
                3.03267          719.439      
                3.03301          719.496      
                3.03354          719.607      
                3.03373          719.636      
                3.03403          719.695      
                3.03414          719.711      
                3.0343           719.744      
                3.03455          719.795      
                3.03464          719.809      
                3.03478          719.837      
                3.03499          719.887      
                3.03507          719.903      
                3.03519          719.935      
                3.03536          720.009      
                3.03563          720.542      
                3.03603          727.136      
                3.03662          757.212      
                3.03751          783.969      
                3.03885          735.725      
                3.04086          672.019      
                3.04386          644.074      
                3.04837          597.319      
                3.0551           547.286      
                3.06517          553.887      
                3.0802           595.081      
                3.10255          609.801      
                3.13565          607.69       
                3.18432          609.056      
                3.20226          609.905      
                3.22884          611.784      
                3.2387           612.224      
                3.25339          605.747      
                3.27519          604.637      
                3.30733          604.508      
                3.35429          604.926      
                3.42179          606.039      
                3.42217          602.808      
                3.42275          603.477      
                3.42297          603.808      
                3.42329          604.411      
                3.42378          605.137      
                3.42396          605.343      
                3.42423          605.433      
                3.42464          602.588      
                3.4248           600.895      
                3.42503          595.554      
                3.42537          572.358      
                3.42589          499.878      
                3.42667          421.271      
                3.42696          403.334      
                3.4274           417.865      
                3.42805          495.447      
                3.42904          550.351      
                3.43051          505.761      
                3.43271          467.752      
                3.43601          470.055      
                3.44094          471.616      
                3.44829          471.973      
                3.45924          474.931      
                3.47545          477.291      
                3.4993           478.9        
                3.53403          480.706      
                3.58372          482.782      
                3.65277          484.619      
                3.65431          482.161      
                3.65661          483.621      
                3.65747          483.713      
                3.65779          483.707      
                3.65827          483.703      
                3.659            483.654      
                3.65972          483.339      
                3.66044          482.213      
                3.66153          479.8        
                3.66315          478.559      
                3.66557          478.09       
                3.66919          476.956      
                3.67457          476.417      
                3.68255          476.836      
                3.69433          477.029      
                3.71154          476.74       
                3.73632          476.464      
                3.77118          476.164      
                3.81827          475.965      
                3.83434          475.572      
                3.85683          475.703      
                3.88701          473.345      
                3.89724          472.235      
                3.90093          471.919      
                3.90631          471.802      
                3.90828          471.537      
                3.90902          471.454      
                3.90929          471.423      
                3.9097           471.407      
                3.90985          471.34       
                3.91008          471.256      
                3.91043          470.982      
                3.91094          470.445      
                3.91171          470.002      
                3.91286          469.754      
                3.91456          469.489      
                3.91707          469.229      
                3.92076          468.98       
                3.9261           468.649      
                3.93368          468.204      
                3.94413          467.661      
                3.95779          467.018      
                3.97402          466.222      
                3.9753           465.347      
                3.97561          465.493      
                3.97592          465.605      
                3.97623          465.61       
                3.97653          465.617      
                3.97683          465.655      
                3.97713          465.689      
                3.97721          465.643      
                3.97724          465.636      
                3.97728          465.65       
                3.97734          465.675      
                3.97743          465.67       
                3.97753          465.443      
                3.97762          464.665      
                3.97776          459.753      
                3.97797          448.999      
                3.97828          445.096      
                3.97874          446.85       
                3.97942          446.067      
                3.98041          445.202      
                3.98184          445.905      
                3.98386          446.686      
                3.98661          446.838      
                3.99014          446.842      
                3.99421          446.814      
                3.99797          446.806      
                3.99991          446.83       
                4.               446.844      




