
              u_100_0_exp         f_100_0_exp

                0.                -0.         
               39.94E-09         143.664E-03  
              319.041E-09        740.37E-03   
                1.70601E-06        1.8837     
                7.53894E-06        4.11807    
               29.9775E-06         8.44133    
              111.812E-06         18.2195     
              399.954E-06         44.8953     
                1.38837E-03      125.754      
                4.70264E-03      381.46       
               15.5512E-03         1.19676E+03
               49.9952E-03         3.75524E+03
              154.626E-03         11.4852E+03 
              212.548E-03         15.8511E+03 
              319.557E-03         23.657E+03  
              330.833E-03         24.8139E+03 
              348.145E-03         25.8556E+03 
              354.76E-03          26.3237E+03 
              357.258E-03         26.5038E+03 
              361.022E-03         26.7515E+03 
              362.44E-03          26.8555E+03 
              364.571E-03         26.9998E+03 
              366.709E-03         27.1476E+03 
              368.853E-03         27.2976E+03 
              371.004E-03         27.4494E+03 
              373.162E-03         27.602E+03  
              374.244E-03         27.6822E+03 
              375.327E-03         27.7593E+03 
              376.412E-03         27.8354E+03 
              377.498E-03         27.9108E+03 
              378.586E-03         27.9853E+03 
              379.676E-03         28.0586E+03 
              381.314E-03         28.1631E+03 
              382.955E-03         28.2653E+03 
              384.601E-03         28.3632E+03 
              386.25E-03          28.4562E+03 
              388.73E-03          28.5785E+03 
              391.219E-03         28.6877E+03 
              393.716E-03         28.7828E+03 
              396.222E-03         28.8694E+03 
              397.478E-03         28.9158E+03 
              398.736E-03         28.959E+03  
              399.996E-03         29.003E+03  
              401.259E-03         29.0499E+03 
              402.523E-03         29.1011E+03 
              404.424E-03         29.1864E+03 
              405.852E-03         29.2587E+03 
              407.283E-03         29.3328E+03 
              408.717E-03         29.4064E+03 
              410.873E-03         29.5049E+03 
              411.682E-03         29.545E+03  
              412.899E-03         29.5958E+03 
              414.727E-03         29.668E+03  
              416.559E-03         29.7502E+03 
              418.396E-03         29.8507E+03 
              421.159E-03         30.054E+03  
              425.32E-03          30.4535E+03 
              429.504E-03         30.9016E+03 
              433.708E-03         31.3549E+03 
              440.055E-03         31.9668E+03 
              446.449E-03         32.4933E+03 
              452.891E-03         32.9323E+03 
              454.509E-03         33.0525E+03 
              456.942E-03         33.1987E+03 
              457.856E-03         33.2564E+03 
              459.228E-03         33.3338E+03 
              459.743E-03         33.3645E+03 
              460.517E-03         33.4071E+03 
              461.678E-03         33.4682E+03 
              463.423E-03         33.5576E+03 
              464.734E-03         33.6265E+03 
              466.047E-03         33.6945E+03 
              467.362E-03         33.7624E+03 
              469.337E-03         33.8641E+03 
              472.309E-03         34.0223E+03 
              476.784E-03         34.2714E+03 
              483.537E-03         34.6839E+03 
              486.082E-03         34.8619E+03 
              489.912E-03         35.126E+03  
              493.757E-03         35.4144E+03 
              494.721E-03         35.4957E+03 
              495.685E-03         35.5726E+03 
              497.134E-03         35.6866E+03 
              497.678E-03         35.732E+03  
              498.494E-03         35.7983E+03 
              499.72E-03          35.8979E+03 
              501.561E-03         36.0492E+03 
              503.406E-03         36.2033E+03 
              505.254E-03         36.357E+03  
              507.106E-03         36.508E+03  
              509.89E-03          36.7172E+03 
              514.08E-03          36.9835E+03 
              515.13E-03          37.0562E+03 
              516.181E-03         37.1198E+03 
              517.76E-03          37.2044E+03 
              520.133E-03         37.3224E+03 
              523.702E-03         37.5115E+03 
              525.044E-03         37.5931E+03 
              527.06E-03          37.7173E+03 
              529.079E-03         37.8551E+03 
              531.103E-03         38.0055E+03 
              533.13E-03          38.1658E+03 
              535.161E-03         38.3323E+03 
              537.196E-03         38.5009E+03 
              540.256E-03         38.7443E+03 
              543.324E-03         38.9768E+03 
              546.401E-03         39.1921E+03 
              549.486E-03         39.3896E+03 
              552.58E-03          39.5718E+03 
              555.683E-03         39.7435E+03 
              558.794E-03         39.9106E+03 
              561.914E-03         40.0791E+03 
              563.086E-03         40.1477E+03 
              564.846E-03         40.245E+03  
              567.491E-03         40.3958E+03 
              570.143E-03         40.5576E+03 
              572.8E-03           40.7292E+03 
              575.464E-03         40.9101E+03 
              578.134E-03         41.0991E+03 
              580.809E-03         41.2937E+03 
              583.491E-03         41.4898E+03 
              586.179E-03         41.6829E+03 
              590.221E-03         41.9504E+03 
              594.277E-03         42.2004E+03 
              598.347E-03         42.4347E+03 
              601.408E-03         42.6087E+03 
              604.476E-03         42.781E+03  
              607.552E-03         42.9597E+03 
              610.636E-03         43.1505E+03 
              613.727E-03         43.3574E+03 
              614.888E-03         43.4419E+03 
              616.631E-03         43.5678E+03 
              619.251E-03         43.7686E+03 
              621.876E-03         43.9849E+03 
              624.506E-03         44.2124E+03 
              627.142E-03         44.4467E+03 
              631.105E-03         44.7916E+03 
              637.072E-03         45.2629E+03 
              639.316E-03         45.4433E+03 
              642.69E-03          45.6797E+03 
              647.766E-03         45.9993E+03 
              649.675E-03         46.1246E+03 
              652.542E-03         46.2939E+03 
              655.416E-03         46.4612E+03 
              658.295E-03         46.6285E+03 
              661.181E-03         46.7978E+03 
              664.072E-03         46.9703E+03 
              665.158E-03         47.0393E+03 
              666.788E-03         47.138E+03  
              669.237E-03         47.2866E+03 
              671.689E-03         47.4398E+03 
              674.147E-03         47.5969E+03 
              676.608E-03         47.7589E+03 
              679.073E-03         47.9276E+03 
              681.543E-03         48.1036E+03 
              684.017E-03         48.2864E+03 
              684.945E-03         48.3588E+03 
              686.339E-03         48.4645E+03 
              688.433E-03         48.6222E+03 
              690.53E-03          48.7796E+03 
              692.629E-03         48.9327E+03 
              694.732E-03         49.0792E+03 
              696.837E-03         49.2182E+03 
              698.946E-03         49.3501E+03 
              701.057E-03         49.4766E+03 
              704.229E-03         49.6592E+03 
              707.408E-03         49.8468E+03 
              710.594E-03         50.042E+03  
              713.786E-03         50.2458E+03 
              716.984E-03         50.4571E+03 
              720.189E-03         50.6728E+03 
              723.401E-03         50.8893E+03 
              726.619E-03         51.1035E+03 
              729.843E-03         51.3128E+03 
              731.458E-03         51.4193E+03 
              733.074E-03         51.5214E+03 
              735.502E-03         51.6671E+03 
              737.933E-03         51.8092E+03 
              740.367E-03         51.9461E+03 
              744.026E-03         52.1361E+03 
              749.529E-03         52.4003E+03 
              757.818E-03         52.7977E+03 
              766.147E-03         53.2454E+03 
              769.281E-03         53.4332E+03 
              772.42E-03          53.6201E+03 
              775.565E-03         53.8163E+03 
              778.716E-03         54.0226E+03 
              781.872E-03         54.2378E+03 
              785.034E-03         54.4591E+03 
              788.202E-03         54.6824E+03 
              791.375E-03         54.9029E+03 
              794.554E-03         55.1155E+03 
              796.942E-03         55.2705E+03 
              799.332E-03         55.417E+03  
              801.726E-03         55.5563E+03 
              805.323E-03         55.7513E+03 
              808.927E-03         55.944E+03  
              810.731E-03         56.0437E+03 
              813.441E-03         56.1886E+03 
              816.155E-03         56.3382E+03 
              818.872E-03         56.4932E+03 
              821.594E-03         56.6551E+03 
              825.684E-03         56.9161E+03 
              831.835E-03         57.3594E+03 
              833.375E-03         57.4828E+03 
              834.917E-03         57.603E+03  
              837.233E-03         57.7853E+03 
              838.101E-03         57.857E+03  
              839.406E-03         57.963E+03  
              841.363E-03         58.1227E+03 
              843.323E-03         58.2838E+03 
              845.285E-03         58.4439E+03 
              847.248E-03         58.6012E+03 
              849.214E-03         58.754E+03  
              851.181E-03         58.9012E+03 
              854.136E-03         59.1048E+03 
              855.245E-03         59.1825E+03 
              856.91E-03          59.2896E+03 
              859.409E-03         59.4373E+03 
              861.912E-03         59.5759E+03 
              864.418E-03         59.7051E+03 
              866.927E-03         59.8261E+03 
              869.439E-03         59.9406E+03 
              871.954E-03         60.0508E+03 
              875.732E-03         60.2126E+03 
              881.412E-03         60.4764E+03 
              887.108E-03         60.7782E+03 
              892.818E-03         61.1149E+03 
              894.963E-03         61.2522E+03 
              895.768E-03         61.3047E+03 
              896.976E-03         61.381E+03  
              898.79E-03          61.4967E+03 
              901.513E-03         61.6744E+03 
              904.239E-03         61.8564E+03 
              906.969E-03         62.0394E+03 
              909.702E-03         62.2208E+03 
              912.438E-03         62.3988E+03 
              915.178E-03         62.5715E+03 
              919.294E-03         62.8135E+03 
              923.417E-03         63.0445E+03 
              927.548E-03         63.2672E+03 
              933.758E-03         63.6026E+03 
              939.984E-03         63.9661E+03 
              941.543E-03         64.0661E+03 
              943.884E-03         64.2103E+03 
              947.4E-03           64.4348E+03 
              948.719E-03         64.5244E+03 
              950.7E-03           64.6572E+03 
              951.444E-03         64.7089E+03 
              952.559E-03         64.7854E+03 
              952.977E-03         64.8148E+03 
              953.605E-03         64.8584E+03 
              954.547E-03         64.9236E+03 
              954.9E-03           64.9486E+03 
              955.43E-03          64.9859E+03 
              956.225E-03         65.0416E+03 
              957.419E-03         65.1252E+03 
              959.21E-03          65.2507E+03 
              961.899E-03         65.4354E+03 
              964.591E-03         65.6091E+03 
              967.287E-03         65.7508E+03 
              969.985E-03         65.8274E+03 
              972.686E-03         65.8003E+03 
              975.39E-03          65.6427E+03 
              978.097E-03         65.3573E+03 
              980.807E-03         64.9816E+03 
              981.484E-03         64.885E+03  
              982.163E-03         64.7833E+03 
              983.18E-03          64.6233E+03 
              984.707E-03         64.3835E+03 
              986.999E-03         64.0654E+03 
              989.294E-03         63.8116E+03 
              991.59E-03          63.6207E+03 
              993.888E-03         63.475E+03  
              996.189E-03         63.3521E+03 
              998.491E-03         63.2357E+03 
              999.067E-03         63.2085E+03 
              999.643E-03         63.1806E+03 
                1.00051           63.1371E+03 
                1.00083           63.1211E+03 
                1.00132           63.0966E+03 
                1.00205           63.0594E+03 
                1.00314           63.0049E+03 
                1.00479           62.9353E+03 
                1.00725           62.8891E+03 
                1.00972           62.9237E+03 
                1.01034           62.9396E+03 
                1.01096           62.96E+03   
                1.01189           63.0019E+03 
                1.01328           63.0925E+03 
                1.0138            63.1313E+03 
                1.01458           63.1972E+03 
                1.01576           63.3119E+03 
                1.0162            63.3579E+03 
                1.01686           63.4306E+03 
                1.01785           63.5468E+03 
                1.01934           63.7287E+03 
                1.02083           63.9087E+03 
                1.02232           64.0756E+03 
                1.02456           64.2654E+03 
                1.0268            64.3772E+03 
                1.02904           64.3984E+03 
                1.03128           64.3175E+03 
                1.03352           64.1185E+03 
                1.03577           63.7843E+03 
                1.03633           63.6936E+03 
                1.03689           63.5932E+03 
                1.03774           63.4205E+03 
                1.039             63.1125E+03 
                1.0409            62.5533E+03 
                1.0428            61.926E+03  
                1.0447            61.271E+03  
                1.04661           60.634E+03  
                1.04851           60.0545E+03 
                1.05042           59.5576E+03 
                1.05089           59.44E+03   
                1.05161           59.2755E+03 
                1.05268           59.0573E+03 
                1.05429           58.786E+03  
                1.05671           58.442E+03  
                1.05913           58.0965E+03 
                1.06155           57.7066E+03 
                1.06397           57.2644E+03 
                1.0664            56.7906E+03 
                1.06882           56.3182E+03 
                1.07125           55.8768E+03 
                1.07186           55.7705E+03 
                1.07247           55.6662E+03 
                1.07338           55.5156E+03 
                1.07475           55.3071E+03 
                1.0768            55.0325E+03 
                1.07886           54.791E+03  
                1.08091           54.5747E+03 
                1.08297           54.378E+03  
                1.08503           54.1982E+03 
                1.08554           54.1556E+03 
                1.08632           54.0926E+03 
                1.08748           54.0019E+03 
                1.08922           53.8753E+03 
                1.08987           53.8303E+03 
                1.09085           53.7642E+03 
                1.09232           53.6668E+03 
                1.09287           53.6314E+03 
                1.0937            53.577E+03  
                1.09494           53.4914E+03 
                1.0954            53.4593E+03 
                1.0961            53.4088E+03 
                1.09715           53.3271E+03 
                1.09872           53.1899E+03 
                1.10108           52.9589E+03 
                1.10344           52.7171E+03 
                1.10581           52.4722E+03 
                1.10817           52.2241E+03 
                1.11054           51.967E+03  
                1.11291           51.6978E+03 
                1.1135            51.6312E+03 
                1.1141            51.5631E+03 
                1.11499           51.4582E+03 
                1.11632           51.2981E+03 
                1.11832           51.0626E+03 
                1.12033           50.8409E+03 
                1.12233           50.6345E+03 
                1.12434           50.4366E+03 
                1.12735           50.0975E+03 
                1.1281            50.0115E+03 
                1.12886           49.9195E+03 
                1.12999           49.7649E+03 
                1.13169           49.4838E+03 
                1.13232           49.372E+03  
                1.13328           49.1841E+03 
                1.13471           48.8535E+03 
                1.13686           48.2518E+03 
                1.13901           47.568E+03  
                1.14117           46.8403E+03 
                1.14171           46.6575E+03 
                1.14225           46.4728E+03 
                1.14305           46.1944E+03 
                1.14427           45.7841E+03 
                1.14609           45.2131E+03 
                1.14791           44.7051E+03 
                1.14973           44.2652E+03 
                1.15155           43.887E+03  
                1.15338           43.5541E+03 
                1.15383           43.4743E+03 
                1.15429           43.3965E+03 
                1.15497           43.2826E+03 
                1.156             43.1148E+03 
                1.15754           42.8543E+03 
                1.15985           42.395E+03  
                1.16217           41.8344E+03 
                1.16448           41.1588E+03 
                1.16506           40.984E+03  
                1.16564           40.8013E+03 
                1.16651           40.5101E+03 
                1.16782           40.0404E+03 
                1.16977           39.2872E+03 
                1.17173           38.5143E+03 
                1.17369           37.748E+03  
                1.17442           37.464E+03  
                1.17553           37.0456E+03 
                1.17718           36.4475E+03 
                1.17967           35.6432E+03 
                1.18029           35.45E+03   
                1.18091           35.2627E+03 
                1.18184           34.9966E+03 
                1.18324           34.6376E+03 
                1.18376           34.5097E+03 
                1.18455           34.3318E+03 
                1.18573           34.1009E+03 
                1.18618           34.0202E+03 
                1.18684           33.9115E+03 
                1.18784           33.7794E+03 
                1.18933           33.6562E+03 
                1.19158           33.6286E+03 
                1.19383           33.7192E+03 
                1.19607           33.8704E+03 
                1.19832           34.0222E+03 
                1.19889           34.0604E+03 
                1.19945           34.0964E+03 
                1.20029           34.1422E+03 
                1.20156           34.1857E+03 
                1.20346           34.1681E+03 
                1.20536           34.042E+03  
                1.20727           33.7783E+03 
                1.20917           33.3494E+03 
                1.21107           32.7346E+03 
                1.21298           31.9281E+03 
                1.21489           30.9432E+03 
                1.21679           29.8138E+03 
                1.21727           29.524E+03  
                1.21775           29.226E+03  
                1.21846           28.7637E+03 
                1.21954           28.0471E+03 
                1.22115           26.96E+03   
                1.22357           25.42E+03   
                1.22448           24.8626E+03 
                1.22584           24.0824E+03 
                1.22788           23.0706E+03 
                1.23095           21.9163E+03 
                1.23171           21.6522E+03 
                1.23248           21.409E+03  
                1.23363           21.089E+03  
                1.23536           20.698E+03  
                1.23795           20.2683E+03 
                1.24055           19.9629E+03 
                1.24314           19.7598E+03 
                1.24379           19.7165E+03 
                1.24444           19.6785E+03 
                1.24541           19.6329E+03 
                1.24688           19.5909E+03 
                1.24907           19.5824E+03 
                1.25236           19.6446E+03 
                1.25319           19.6662E+03 
                1.25401           19.6895E+03 
                1.25525           19.7254E+03 
                1.25571           19.7393E+03 
                1.2564            19.7591E+03 
                1.25745           19.7838E+03 
                1.25784           19.7926E+03 
                1.25843           19.8031E+03 
                1.25931           19.8111E+03 
                1.26063           19.8004E+03 
                1.26261           19.7157E+03 
                1.26559           19.3977E+03 
                1.26857           18.8857E+03 
                1.27155           18.2054E+03 
                1.27453           17.3954E+03 
                1.27752           16.489E+03  
                1.2805            15.511E+03  
                1.28349           14.4851E+03 
                1.28648           13.4436E+03 
                1.29097           11.9932E+03 
                1.2921            11.6432E+03 
                1.29322           11.3035E+03 
                1.29491           10.8275E+03 
                1.29744           10.2137E+03 
                1.29839           10.E+03     
                1.29981            9.71425E+03
                1.30195            9.36891E+03
                1.30516            9.03226E+03
                1.30837            8.86264E+03
                1.31158            8.84089E+03
                1.3148             8.94832E+03
                1.31801            9.16717E+03
                1.31882            9.23027E+03
                1.31962            9.29887E+03
                1.32083            9.41412E+03
                1.32264            9.61434E+03
                1.32536            9.97028E+03
                1.32944           10.6141E+03 
                1.33353           11.3538E+03 
                1.33455           11.5466E+03 
                1.33557           11.7435E+03 
                1.33711           12.0481E+03 
                1.33941           12.5237E+03 
                1.34286           13.2544E+03 
                1.34632           13.9752E+03 
                1.34978           14.6596E+03 
                1.35324           15.2882E+03 
                1.3567            15.8485E+03 
                1.35757           15.9859E+03 
                1.35844           16.1178E+03 
                1.35974           16.3036E+03 
                1.36169           16.5567E+03 
                1.36462           16.8769E+03 
                1.36608           17.0235E+03 
                1.36755           17.1537E+03 
                1.36974           17.3117E+03 
                1.37194           17.433E+03  
                1.37414           17.5169E+03 
                1.37744           17.5589E+03 
                1.38075           17.5236E+03 
                1.38406           17.4166E+03 
                1.38736           17.2446E+03 
                1.39067           17.0152E+03 
                1.39399           16.737E+03  
                1.3973            16.4199E+03 
                1.40228           15.8957E+03 
                1.40726           15.3674E+03 
                1.41224           14.8715E+03 
                1.41723           14.4366E+03 
                1.42223           14.0796E+03 
                1.42348           13.9981E+03 
                1.42473           13.92E+03   
                1.4266            13.8136E+03 
                1.42942           13.6808E+03 
                1.43364           13.5379E+03 
                1.43786           13.4441E+03 
                1.44209           13.3885E+03 
                1.44844           13.3539E+03 
                1.4548            13.3478E+03 
                1.46116           13.3607E+03 
                1.46276           13.3683E+03 
                1.46514           13.3777E+03 
                1.46873           13.3972E+03 
                1.47232           13.4253E+03 
                1.4759            13.4614E+03 
                1.48129           13.5293E+03 
                1.48331           13.5594E+03 
                1.48635           13.6046E+03 
                1.4909            13.6781E+03 
                1.49773           13.804E+03  
                1.508             14.048E+03  
                1.51828           14.3592E+03 
                1.52085           14.4462E+03 
                1.52343           14.533E+03  
                1.52729           14.6699E+03 
                1.52874           14.7241E+03 
                1.53091           14.8058E+03 
                1.53417           14.9325E+03 
                1.53744           15.0639E+03 
                1.53825           15.0981E+03 
                1.53907           15.132E+03  
                1.5403            15.1823E+03 
                1.54075           15.2015E+03 
                1.54144           15.2301E+03 
                1.54248           15.273E+03  
                1.54403           15.3373E+03 
                1.54461           15.3619E+03 
                1.54548           15.3984E+03 
                1.54679           15.4528E+03 
                1.54875           15.5337E+03 
                1.55072           15.6144E+03 
                1.55268           15.6944E+03 
                1.55465           15.7738E+03 
                1.55661           15.8527E+03 
                1.55956           15.969E+03  
                1.56251           16.0788E+03 
                1.56547           16.1672E+03 
                1.56842           16.2055E+03 
                1.57137           16.1488E+03 
                1.57433           15.94E+03   
                1.57729           15.521E+03  
                1.58024           14.8498E+03 
                1.5832            13.9166E+03 
                1.58616           12.7524E+03 
                1.5906            10.7475E+03 
                1.59282            9.72134E+03
                1.59505            8.71E+03   
                1.59838            7.34043E+03
                1.60172            6.18531E+03
                1.60505            5.25716E+03
                1.60839            4.52569E+03
                1.61173            3.93622E+03
                1.61507            3.4302E+03 
                1.61842            2.95997E+03
                1.62176            2.49557E+03
                1.6251             2.02547E+03
                1.62845            1.55371E+03
                1.6318             1.09503E+03
                1.63431          767.303      
                1.63808          341.137      
                1.64185            7.58907    
                1.64562         -214.555      
                1.64939         -315.805      
                1.65505         -208.195      
                1.66072          114.63       
                1.66639          581.184      
                1.67206            1.11158E+03
                1.67347            1.24854E+03
                1.67489            1.38579E+03
                1.67702            1.58981E+03
                1.68021            1.88091E+03
                1.68341            2.14706E+03
                1.6866             2.37963E+03
                1.6898             2.57344E+03
                1.693              2.72655E+03
                1.69779            2.87004E+03
                1.70259            2.94275E+03
                1.70739            2.96101E+03
                1.7146             2.91161E+03
                1.7164             2.89732E+03
                1.7182             2.87814E+03
                1.72091            2.84218E+03
                1.72293            2.81259E+03
                1.72598            2.76186E+03
                1.72902            2.70614E+03
                1.73206            2.64516E+03
                1.73511            2.57853E+03
                1.73968            2.46458E+03
                1.74654            2.27357E+03
                1.7534             2.08441E+03
                1.76026            1.92133E+03
                1.76712            1.80506E+03
                1.77399            1.74507E+03
                1.78087            1.73714E+03
                1.78774            1.766E+03  
                1.79462            1.81064E+03
                1.8015             1.84981E+03
                1.80322            1.86016E+03
                1.80495            1.86859E+03
                1.80753            1.87737E+03
                1.8114             1.88041E+03
                1.81721            1.85728E+03
                1.82302            1.80637E+03
                1.82884            1.73046E+03
                1.83466            1.63556E+03
                1.83684            1.59842E+03
                1.84011            1.53771E+03
                1.84502            1.44367E+03
                1.84993            1.3535E+03 
                1.85485            1.27318E+03
                1.85976            1.20842E+03
                1.86467            1.16394E+03
                1.86959            1.14303E+03
                1.8745             1.14742E+03
                1.87942            1.17744E+03
                1.88434            1.23229E+03
                1.89172            1.3632E+03 
                1.89725            1.48567E+03
                1.90279            1.62744E+03
                1.91109            1.87319E+03
                1.91732            2.07442E+03
                1.922              2.23417E+03
                1.92901            2.49134E+03
                1.93602            2.76021E+03
                1.94303            3.02833E+03
                1.95004            3.28081E+03
                1.95706            3.50394E+03
                1.95881            3.5579E+03 
                1.96144            3.6333E+03 
                1.96539            3.73287E+03
                1.96933            3.81783E+03
                1.97328            3.88735E+03
                1.9792             3.95749E+03
                1.98512            3.99764E+03
                1.99104            4.0131E+03 
                1.99696            4.00835E+03
                1.99918            4.0039E+03 
                2.00251            3.99189E+03
                2.0075             3.96393E+03
                2.0125             3.92891E+03
                2.01749            3.88999E+03
                2.02249            3.84924E+03
                2.02748            3.80707E+03
                2.03497            3.73839E+03
                2.04621            3.62975E+03
                2.04902            3.60173E+03
                2.05183            3.57431E+03
                2.05604            3.53507E+03
                2.06025            3.49902E+03
                2.06446            3.46802E+03
                2.07078            3.4386E+03 
                2.07315            3.42971E+03
                2.0767             3.42381E+03
                2.08203            3.43254E+03
                2.08736            3.45965E+03
                2.09269            3.50524E+03
                2.09802            3.56786E+03
                2.10334            3.64495E+03
                2.10467            3.66455E+03
                2.10667            3.69644E+03
                2.10967            3.74789E+03
                2.11416            3.83052E+03
                2.11865            3.91628E+03
                2.12314            4.00361E+03
                2.12763            4.09105E+03
                2.13212            4.17743E+03
                2.13661            4.26188E+03
                2.14334            4.3829E+03 
                2.14839            4.46892E+03
                2.15344            4.55075E+03
                2.15848            4.62757E+03
                2.16353            4.69869E+03
                2.16857            4.76329E+03
                2.17361            4.82046E+03
                2.17865            4.86936E+03
                2.18369            4.90931E+03
                2.19125            4.94884E+03
                2.1988             4.96635E+03
                2.20635            4.96287E+03
                2.2139             4.93912E+03
                2.22521            4.86358E+03
                2.22945            4.82685E+03
                2.23581            4.76476E+03
                2.24534            4.65519E+03
                2.25487            4.53751E+03
                2.25725            4.50525E+03
                2.25963            4.47495E+03
                2.2632             4.43093E+03
                2.26855            4.36778E+03
                2.2739             4.30834E+03
                2.27925            4.25479E+03
                2.28459            4.20849E+03
                2.28994            4.17048E+03
                2.29528            4.14134E+03
                2.30328            4.11804E+03
                2.30628            4.10928E+03
                2.31078            4.10497E+03
                2.31416            4.10364E+03
                2.31922            4.10798E+03
                2.32427            4.11534E+03
                2.32933            4.12521E+03
                2.3369             4.14344E+03
                2.34825            4.16476E+03
                2.35959            4.17E+03   
                2.36243            4.16589E+03
                2.36526            4.16441E+03
                2.36951            4.16125E+03
                2.37587            4.15068E+03
                2.38223            4.13301E+03
                2.38859            4.11008E+03
                2.39494            4.08308E+03
                2.40129            4.05315E+03
                2.40367            4.03934E+03
                2.40724            4.02164E+03
                2.41258            3.99519E+03
                2.4206             3.95766E+03
                2.4236             3.9404E+03 
                2.42473            3.93383E+03
                2.42642            3.92598E+03
                2.42895            3.91551E+03
                2.43085            3.90737E+03
                2.4337             3.89709E+03
                2.43477            3.89237E+03
                2.43637            3.88683E+03
                2.43877            3.87989E+03
                2.44237            3.87131E+03
                2.44597            3.86326E+03
                2.44956            3.85588E+03
                2.45091            3.85194E+03
                2.45293            3.84802E+03
                2.45596            3.843E+03  
                2.4571             3.83996E+03
                2.45881            3.8369E+03 
                2.46136            3.83347E+03
                2.46519            3.83056E+03
                2.47094            3.83132E+03
                2.47955            3.83863E+03
                2.486              3.84189E+03
                2.49566            3.84895E+03
                2.50531            3.84874E+03
                2.51494            3.84243E+03
                2.52456            3.83025E+03
                2.53417            3.81341E+03
                2.54376            3.79461E+03
                2.54555            3.78534E+03
                2.54735            3.78043E+03
                2.55004            3.77551E+03
                2.55273            3.77024E+03
                2.55542            3.76497E+03
                2.55811            3.75973E+03
                2.56214            3.75267E+03
                2.56819            3.7409E+03 
                2.57724            3.72531E+03
                2.58063            3.71423E+03
                2.58571            3.70848E+03
                2.59332            3.7112E+03 
                2.60472            3.7406E+03 
                2.61609            3.78402E+03
                2.62744            3.83461E+03
                2.63877            3.88408E+03
                2.643              3.89505E+03
                2.64936            3.92171E+03
                2.6557             3.94498E+03
                2.66204            3.96573E+03
                2.66837            3.98335E+03
                2.67468            3.99691E+03
                2.68415            4.00962E+03
                2.68769            4.00532E+03
                2.693              4.0054E+03 
                2.69499            4.00129E+03
                2.69797            3.99907E+03
                2.70095            3.99546E+03
                2.70393            3.99077E+03
                2.7069             3.98516E+03
                2.71137            3.97657E+03
                2.71304            3.9699E+03 
                2.71554            3.96342E+03
                2.7193             3.95359E+03
                2.72493            3.93626E+03
                2.73055            3.9144E+03 
                2.73616            3.89056E+03
                2.74177            3.86548E+03
                2.74736            3.83962E+03
                2.75295            3.81316E+03
                2.75854            3.78614E+03
                2.76411            3.75862E+03
                2.7662             3.74437E+03
                2.76933            3.72914E+03
                2.77168            3.7165E+03 
                2.77519            3.70009E+03
                2.77871            3.68282E+03
                2.78222            3.66591E+03
                2.78572            3.6497E+03 
                2.78704            3.64148E+03
                2.78901            3.63287E+03
                2.79196            3.62183E+03
                2.79639            3.6073E+03 
                2.80081            3.59295E+03
                2.80522            3.58067E+03
                2.80963            3.57083E+03
                2.81404            3.56373E+03
                2.81844            3.55977E+03
                2.82283            3.55935E+03
                2.82722            3.56261E+03
                2.83379            3.57582E+03
                2.84363            3.58994E+03
                2.84731            3.58348E+03
                2.85282            3.58192E+03
                2.85489            3.57563E+03
                2.85798            3.57128E+03
                2.86262            3.56346E+03
                2.86725            3.55241E+03
                2.87187            3.54211E+03
                2.87361            3.53487E+03
                2.8762             3.53086E+03
                2.8788             3.52832E+03
                2.88139            3.52808E+03
                2.88528            3.53633E+03
                2.8911             3.56249E+03
                2.89328            3.56813E+03
                2.89654            3.5872E+03 
                2.90144            3.62044E+03
                2.90876            3.66765E+03
                2.91607            3.70043E+03
                2.91789            3.70041E+03
                2.91972            3.70534E+03
                2.92245            3.71377E+03
                2.92654            3.72088E+03
                2.93063            3.7199E+03 
                2.93471            3.7138E+03 
                2.93879            3.70436E+03
                2.94489            3.68751E+03
                2.94718            3.6737E+03 
                2.9506             3.65928E+03
                2.95573            3.63192E+03
                2.96341            3.58436E+03
                2.96916            3.5455E+03 
                2.97489            3.5181E+03 
                2.97703            3.50395E+03
                2.98025            3.49519E+03
                2.98146            3.48957E+03
                2.98326            3.4862E+03 
                2.98597            3.48482E+03
                2.98868            3.48408E+03
                2.99138            3.4848E+03 
                2.99543            3.49127E+03
                2.99694            3.48979E+03
                2.99922            3.49394E+03
                3.00262            3.50316E+03
                3.0039             3.50325E+03
                3.00581            3.50796E+03
                3.00868            3.51671E+03
                3.01297            3.53038E+03
                3.01726            3.54254E+03
                3.02154            3.55614E+03
                3.02581            3.57174E+03
                3.03008            3.58928E+03
                3.03646            3.6223E+03 
                3.04601            3.67141E+03
                3.04958            3.67664E+03
                3.05492            3.70041E+03
                3.06291            3.73406E+03
                3.06591            3.7355E+03 
                3.07038            3.75139E+03
                3.07206            3.75216E+03
                3.07458            3.76023E+03
                3.07834            3.7738E+03 
                3.07975            3.7744E+03 
                3.08187            3.78089E+03
                3.08503            3.79232E+03
                3.08978            3.80976E+03
                3.09155            3.81026E+03
                3.09421            3.81877E+03
                3.0982             3.83289E+03
                3.09969            3.83319E+03
                3.10193            3.83967E+03
                3.10528            3.85049E+03
                3.1103             3.86493E+03
                3.11531            3.87295E+03
                3.1203             3.87645E+03
                3.12217            3.8715E+03 
                3.12497            3.87153E+03
                3.12917            3.86992E+03
                3.13545            3.86226E+03
                3.14171            3.84785E+03
                3.14795            3.83326E+03
                3.15727            3.82176E+03
                3.16655            3.80802E+03
                3.16886            3.79106E+03
                3.17233            3.7871E+03 
                3.17751            3.78632E+03
                3.17945            3.77879E+03
                3.18236            3.77821E+03
                3.18672            3.78101E+03
                3.19323            3.78834E+03
                3.20295            3.80337E+03
                3.20658            3.79358E+03
                3.20794            3.78944E+03
                3.20998            3.7916E+03 
                3.21304            3.79744E+03
                3.21761            3.80828E+03
                3.22444            3.82894E+03
                3.227              3.82617E+03
                3.23083            3.83797E+03
                3.23655            3.85871E+03
                3.2387             3.8574E+03 
                3.2419             3.8679E+03 
                3.24671            3.88605E+03
                3.25388            3.91358E+03
                3.26459            3.95288E+03
                3.28052            4.01009E+03
                3.30412            4.09495E+03
                3.33883            4.17204E+03
                3.38934            4.17624E+03
                3.46147            4.14794E+03
                3.48737            4.04692E+03
                3.52501            4.11156E+03
                3.53875            4.0511E+03 
                3.54385            4.03088E+03
                3.55145            4.06146E+03
                3.56272            4.0985E+03 
                3.57934            4.11742E+03
                3.60365            4.10699E+03
                3.6272             4.06154E+03
                3.64997            4.01471E+03
                3.67198            3.96178E+03
                3.69322            3.90265E+03
                3.71367            3.84076E+03
                3.7429             3.77546E+03
                3.78347            3.70061E+03
                3.79767            3.58283E+03
                3.80285            3.55153E+03
                3.80478            3.54178E+03
                3.8055             3.5384E+03 
                3.80657            3.54542E+03
                3.80738            3.54954E+03
                3.80858            3.56016E+03
                3.80903            3.56044E+03
                3.8097             3.56562E+03
                3.81071            3.57566E+03
                3.81222            3.5915E+03 
                3.81446            3.61535E+03
                3.8178             3.63898E+03
                3.82275            3.63967E+03
                3.83002            3.63574E+03
                3.84059            3.64735E+03
                3.85571            3.66374E+03
                3.87675            3.70548E+03
                3.88413            3.64517E+03
                3.88481            3.60352E+03
                3.88583            3.60453E+03
                3.88734            3.62107E+03
                3.8879             3.62057E+03
                3.88874            3.63058E+03
                3.89               3.65044E+03
                3.89186            3.68163E+03
                3.89371            3.70353E+03
                3.89554            3.71808E+03
                3.89825            3.73957E+03
                3.90223            3.77129E+03
                3.90803            3.80154E+03
                3.91632            3.82116E+03
                3.92788            3.84599E+03
                3.9433             3.87243E+03
                3.9623             3.88228E+03
                3.98237            3.86911E+03
                3.99702            3.87706E+03
                4.                 3.9432E+03 




