
                             uf-80-0-90-Gm5-S9
                  X                  0        

                0.                -0.         
               39.94E-09         122.008E-03  
              319.041E-09        605.491E-03  
                1.70601E-06        1.54267    
                7.53894E-06        3.53722    
               29.9775E-06         7.49876    
              111.812E-06         15.7147     
              399.954E-06         36.1929     
                1.38837E-03       95.8976     
                4.70264E-03      281.876      
               15.5512E-03       870.868      
               49.9952E-03         2.71434E+03
              154.626E-03          8.28057E+03
              450.699E-03         23.9464E+03 
              551.162E-03         29.3443E+03 
              661.566E-03         34.7931E+03 
              705.417E-03         36.9941E+03 
              773.588E-03         40.2442E+03 
              799.871E-03         41.5566E+03 
              809.826E-03         42.0481E+03 
              813.572E-03         42.2322E+03 
              814.979E-03         42.3012E+03 
              817.092E-03         42.3993E+03 
              817.884E-03         42.4371E+03 
              819.074E-03         42.4924E+03 
              820.86E-03          42.5741E+03 
              821.53E-03          42.6058E+03 
              822.536E-03         42.6524E+03 
              822.913E-03         42.6701E+03 
              823.479E-03         42.6964E+03 
              824.329E-03         42.7354E+03 
              825.178E-03         42.7744E+03 
              826.029E-03         42.8134E+03 
              826.879E-03         42.8524E+03 
              827.73E-03          42.8915E+03 
              828.581E-03         42.9305E+03 
              829.433E-03         42.9695E+03 
              830.285E-03         43.0085E+03 
              831.137E-03         43.0475E+03 
              831.99E-03          43.0865E+03 
              832.843E-03         43.1255E+03 
              833.697E-03         43.1645E+03 
              834.551E-03         43.2034E+03 
              835.832E-03         43.2614E+03 
              837.115E-03         43.3196E+03 
              838.398E-03         43.3778E+03 
              839.682E-03         43.436E+03  
              840.967E-03         43.494E+03  
              842.252E-03         43.5516E+03 
              843.539E-03         43.6085E+03 
              844.826E-03         43.6639E+03 
              846.115E-03         43.7164E+03 
              847.404E-03         43.7639E+03 
              848.693E-03         43.8025E+03 
              849.984E-03         43.8264E+03 
              851.276E-03         43.8275E+03 
              852.568E-03         43.7951E+03 
              853.861E-03         43.7158E+03 
              855.155E-03         43.5748E+03 
              856.45E-03          43.3562E+03 
              857.746E-03         43.0448E+03 
              859.042E-03         42.6278E+03 
              860.339E-03         42.0963E+03 
              861.638E-03         41.447E+03  
              862.936E-03         40.6828E+03 
              864.236E-03         39.8129E+03 
              865.537E-03         38.8522E+03 
              866.838E-03         37.8201E+03 
              868.14E-03          36.7384E+03 
              869.443E-03         35.6301E+03 
              870.747E-03         34.5169E+03 
              872.052E-03         33.4181E+03 
              873.357E-03         32.3498E+03 
              874.664E-03         31.3237E+03 
              875.971E-03         30.3478E+03 
              877.279E-03         29.4264E+03 
              878.587E-03         28.5604E+03 
              879.897E-03         27.7485E+03 
              881.207E-03         26.9877E+03 
              882.519E-03         26.2737E+03 
              883.831E-03         25.6016E+03 
              885.143E-03         24.9665E+03 
              886.457E-03         24.3634E+03 
              887.771E-03         23.7875E+03 
              889.086E-03         23.2345E+03 
              890.402E-03         22.7006E+03 
              891.719E-03         22.1828E+03 
              893.037E-03         21.6787E+03 
              894.355E-03         21.1869E+03 
              895.674E-03         20.7071E+03 
              896.994E-03         20.2398E+03 
              898.315E-03         19.787E+03  
              899.637E-03         19.3512E+03 
              900.959E-03         18.936E+03  
              902.282E-03         18.5452E+03 
              903.606E-03         18.1832E+03 
              904.931E-03         17.8543E+03 
              906.257E-03         17.5625E+03 
              907.583E-03         17.3113E+03 
              908.91E-03          17.1037E+03 
              910.238E-03         16.9416E+03 
              911.567E-03         16.8262E+03 
              912.896E-03         16.7574E+03 
              914.227E-03         16.7342E+03 
              916.223E-03         16.7938E+03 
              916.973E-03         16.83E+03   
              918.097E-03         16.9103E+03 
              919.785E-03         17.082E+03  
              921.474E-03         17.2975E+03 
              923.164E-03         17.5474E+03 
              924.855E-03         17.8227E+03 
              926.548E-03         18.115E+03  
              928.242E-03         18.4159E+03 
              929.937E-03         18.717E+03  
              932.482E-03         19.1429E+03 
              933.437E-03         19.2994E+03 
              934.871E-03         19.5183E+03 
              937.023E-03         19.81E+03   
              940.254E-03         20.2114E+03 
              941.063E-03         20.3125E+03 
              941.871E-03         20.4127E+03 
              943.085E-03         20.566E+03  
              944.907E-03         20.8237E+03 
              947.642E-03         21.3238E+03 
              950.381E-03         21.9579E+03 
              952.437E-03         22.5061E+03 
              954.494E-03         23.1125E+03 
              956.554E-03         23.757E+03  
              958.615E-03         24.4163E+03 
              960.678E-03         25.0671E+03 
              962.743E-03         25.689E+03  
              964.809E-03         26.2661E+03 
              966.877E-03         26.7868E+03 
              968.947E-03         27.244E+03  
              970.501E-03         27.5496E+03 
              972.833E-03         27.9196E+03 
              975.167E-03         28.2037E+03 
              977.504E-03         28.4045E+03 
              979.843E-03         28.5263E+03 
              982.184E-03         28.5752E+03 
              984.527E-03         28.5585E+03 
              986.872E-03         28.4845E+03 
              989.219E-03         28.3623E+03 
              991.569E-03         28.2015E+03 
              993.921E-03         28.0112E+03 
              996.274E-03         27.8E+03    
              998.63E-03          27.575E+03  
                1.00099           27.3415E+03 

 MINIMUM        0.                -0.         
  AT X =                           0.         
 MAXIMUM        1.00099           43.8275E+03 
  AT X =                         851.276E-03  




