
                  X          uf-80-45-lin-n=2

                0.                -0.         
               39.94E-09         112.026E-03  
              319.041E-09        534.836E-03  
                1.70601E-06        1.30133    
                7.53894E-06        2.89055    
               29.9775E-06         5.98404    
              111.812E-06         11.731      
              399.954E-06         23.0505     
                1.38837E-03       49.6602     
                4.70264E-03      123.489      
               15.5512E-03       344.923      
               49.9952E-03         1.02021E+03
              154.626E-03          3.0226E+03 
              450.699E-03          8.32215E+03
              909.771E-03         14.7198E+03 
                1.04606           16.1666E+03 
                1.07242           16.4139E+03 
                1.08568           16.4911E+03 
                1.09901           16.5512E+03 
                1.10904           16.5963E+03 
                1.11911           16.6365E+03 
                1.11974           16.6421E+03 
                1.12037           16.6468E+03 
                1.1206            16.6485E+03 
                1.12096           16.6508E+03 
                1.12149           16.6535E+03 
                1.12169           16.6545E+03 
                1.12199           16.6558E+03 
                1.1221            16.6563E+03 
                1.12227           16.657E+03  
                1.12252           16.658E+03  
                1.1229            16.6594E+03 
                1.12347           16.6614E+03 
                1.12432           16.6644E+03 
                1.12454           16.6652E+03 
                1.12475           16.666E+03  
                1.12507           16.6673E+03 
                1.12555           16.6691E+03 
                1.12627           16.6717E+03 
                1.12654           16.6728E+03 
                1.12694           16.6743E+03 
                1.12755           16.6765E+03 
                1.12846           16.6796E+03 
                1.12983           16.6841E+03 
                1.13189           16.6907E+03 
                1.13394           16.6975E+03 
                1.136             16.7042E+03 
                1.13651           16.7062E+03 
                1.13703           16.7082E+03 
                1.1378            16.7108E+03 
                1.13809           16.7118E+03 
                1.13852           16.7133E+03 
                1.13917           16.7153E+03 
                1.14015           16.7179E+03 
                1.14162           16.7217E+03 
                1.14308           16.7254E+03 
                1.14455           16.7288E+03 
                1.14602           16.732E+03  
                1.14639           16.733E+03  
                1.14675           16.7339E+03 
                1.1473            16.7351E+03 
                1.14813           16.7365E+03 
                1.14937           16.7379E+03 
                1.15061           16.7389E+03 
                1.15092           16.7393E+03 
                1.15123           16.7396E+03 
                1.1517            16.7399E+03 
                1.15187           16.74E+03   
                1.15213           16.7402E+03 
                1.15253           16.7402E+03 
                1.15312           16.74E+03   
                1.15371           16.7395E+03 
                1.1543            16.7387E+03 
                1.15488           16.7377E+03 
                1.15547           16.7364E+03 
                1.15606           16.7347E+03 
                1.15665           16.7326E+03 
                1.15724           16.73E+03   
                1.15783           16.727E+03  
                1.15842           16.7233E+03 
                1.15902           16.7191E+03 
                1.15961           16.7142E+03 
                1.1602            16.7085E+03 
                1.16079           16.702E+03  
                1.16138           16.6946E+03 
                1.16197           16.6862E+03 
                1.16256           16.6768E+03 
                1.16315           16.6663E+03 
                1.16374           16.6546E+03 
                1.16433           16.6416E+03 
                1.16492           16.6274E+03 
                1.16552           16.6117E+03 
                1.16611           16.5947E+03 
                1.1667            16.5762E+03 
                1.16729           16.5562E+03 
                1.16751           16.5485E+03 
                1.16785           16.5365E+03 
                1.16835           16.5173E+03 
                1.16853           16.51E+03   
                1.16881           16.4987E+03 
                1.16924           16.4809E+03 
                1.16987           16.4524E+03 
                1.1705            16.4223E+03 
                1.17113           16.3907E+03 
                1.17177           16.3575E+03 
                1.1724            16.3231E+03 
                1.17287           16.2965E+03 
                1.17335           16.2693E+03 
                1.17353           16.2591E+03 
                1.17379           16.2435E+03 
                1.17419           16.2197E+03 
                1.17479           16.1831E+03 
                1.1754            16.146E+03  
                1.176             16.1084E+03 
                1.1766            16.0706E+03 
                1.1772            16.0327E+03 
                1.1778            15.9948E+03 
                1.1784            15.9571E+03 
                1.17901           15.9197E+03 
                1.17961           15.8828E+03 
                1.18021           15.8465E+03 
                1.18081           15.8108E+03 
                1.18141           15.7759E+03 
                1.18202           15.7419E+03 
                1.18262           15.7089E+03 
                1.18322           15.6768E+03 
                1.18382           15.6457E+03 
                1.18443           15.6157E+03 
                1.18503           15.5867E+03 
                1.18563           15.5588E+03 
                1.18624           15.5319E+03 
                1.18684           15.5059E+03 
                1.18744           15.4809E+03 
                1.18805           15.4568E+03 
                1.18865           15.4335E+03 
                1.18925           15.4109E+03 
                1.18986           15.389E+03  
                1.19001           15.3836E+03 
                1.19016           15.3783E+03 
                1.19038           15.3703E+03 
                1.19072           15.3585E+03 
                1.19123           15.341E+03  
                1.19143           15.3345E+03 
                1.19171           15.3249E+03 
                1.19214           15.3106E+03 
                1.19279           15.2893E+03 
                1.19343           15.2682E+03 
                1.19408           15.2472E+03 
                1.19472           15.2263E+03 
                1.19537           15.2053E+03 
                1.19602           15.1842E+03 
                1.19666           15.1629E+03 
                1.19682           15.1576E+03 
                1.19706           15.1497E+03 
                1.19743           15.1376E+03 
                1.19797           15.1193E+03 
                1.19818           15.1125E+03 
                1.19848           15.1021E+03 
                1.19894           15.0865E+03 
                1.19963           15.0626E+03 
                1.19989           15.0537E+03 
                1.20028           15.0403E+03 
                1.20086           15.0199E+03 
                1.2013            15.0046E+03 
                1.20196           14.9815E+03 
                1.2022            14.9729E+03 
                1.20257           14.96E+03   
                1.20313           14.9405E+03 
                1.20396           14.9113E+03 
                1.20479           14.8825E+03 
                1.20562           14.8541E+03 
                1.20645           14.8264E+03 
                1.20707           14.806E+03  
                1.20769           14.786E+03  
                1.20793           14.7787E+03 
                1.20828           14.7677E+03 
                1.2088            14.7517E+03 
                1.20959           14.7285E+03 
                1.21038           14.7064E+03 
                1.21117           14.6856E+03 
                1.21196           14.666E+03  
                1.21275           14.6479E+03 
                1.21354           14.6313E+03 
                1.21414           14.6197E+03 
                1.21473           14.609E+03  
                1.21495           14.6051E+03 
                1.21528           14.5996E+03 
                1.21578           14.5918E+03 
                1.21653           14.5815E+03 
                1.21672           14.5791E+03 
                1.21691           14.5768E+03 
                1.21698           14.5759E+03 
                1.21709           14.5746E+03 
                1.21724           14.5728E+03 
                1.21748           14.5701E+03 
                1.21784           14.5665E+03 
                1.21837           14.5616E+03 
                1.21918           14.5557E+03 
                1.21978           14.5521E+03 
                1.22038           14.5493E+03 
                1.2206            14.5484E+03 
                1.22094           14.5472E+03 
                1.22145           14.5459E+03 
                1.22221           14.5447E+03 
                1.22297           14.5442E+03 
                1.22374           14.5442E+03 
                1.2245            14.5446E+03 
                1.22526           14.5451E+03 
                1.22602           14.5454E+03 
                1.22679           14.5454E+03 
                1.22755           14.5447E+03 
                1.22784           14.5444E+03 
                1.22827           14.5436E+03 
                1.22891           14.5416E+03 
                1.22915           14.5408E+03 
                1.22951           14.5392E+03 
                1.23006           14.5361E+03 
                1.23087           14.5292E+03 
                1.23169           14.5202E+03 
                1.2325            14.5086E+03 
                1.23332           14.4944E+03 
                1.23414           14.4771E+03 
                1.23495           14.4567E+03 
                1.23577           14.433E+03  
                1.23659           14.4059E+03 
                1.23679           14.399E+03  
                1.23699           14.3918E+03 
                1.2373            14.3806E+03 
                1.23776           14.3626E+03 
                1.23845           14.3331E+03 
                1.23871           14.3218E+03 
                1.2391            14.304E+03  
                1.23968           14.2755E+03 
                1.24055           14.2293E+03 
                1.24142           14.18E+03   
                1.2423            14.1279E+03 
                1.24317           14.0736E+03 
                1.24405           14.0176E+03 
                1.24492           13.9605E+03 
                1.24579           13.9029E+03 
                1.24667           13.8453E+03 
                1.24754           13.7884E+03 
                1.24842           13.7327E+03 
                1.24929           13.6787E+03 
                1.25017           13.6266E+03 
                1.25104           13.577E+03  
                1.25192           13.5299E+03 
                1.25279           13.4856E+03 
                1.25367           13.444E+03  
                1.25455           13.4051E+03 
                1.25542           13.3689E+03 
                1.2563            13.3352E+03 
                1.25718           13.3038E+03 
                1.2575            13.2924E+03 
                1.258             13.276E+03  
                1.25874           13.2526E+03 
                1.25902           13.2441E+03 
                1.25943           13.2318E+03 
                1.26006           13.214E+03  
                1.26099           13.1891E+03 
                1.26193           13.1658E+03 
                1.26263           13.1493E+03 
                1.26334           13.1337E+03 
                1.2636            13.128E+03  
                1.264             13.1196E+03 
                1.26459           13.1076E+03 
                1.26548           13.0907E+03 
                1.26637           13.0749E+03 
                1.26726           13.0604E+03 
                1.26815           13.0469E+03 
                1.26904           13.0345E+03 
                1.26994           13.0229E+03 
                1.27083           13.0121E+03 
                1.27172           13.0017E+03 
                1.27261           12.9915E+03 
                1.2735            12.9812E+03 
                1.27439           12.9705E+03 
                1.27529           12.9589E+03 
                1.27618           12.9461E+03 
                1.27707           12.9317E+03 
                1.27797           12.9153E+03 
                1.27886           12.8967E+03 
                1.27953           12.8814E+03 
                1.2802            12.8646E+03 
                1.28045           12.8581E+03 
                1.28083           12.8479E+03 
                1.28139           12.8314E+03 
                1.28224           12.8041E+03 
                1.28309           12.7744E+03 
                1.28394           12.7425E+03 
                1.28479           12.7088E+03 
                1.28564           12.6736E+03 
                1.28649           12.6373E+03 
                1.28734           12.6006E+03 
                1.28819           12.564E+03  
                1.28904           12.5282E+03 
                1.28989           12.4938E+03 
                1.29074           12.4614E+03 
                1.29159           12.4316E+03 
                1.29244           12.4052E+03 
                1.29329           12.3826E+03 
                1.29414           12.3642E+03 
                1.29499           12.3505E+03 
                1.29584           12.3417E+03 
                1.29669           12.3381E+03 
                1.29755           12.3398E+03 
                1.2984            12.3468E+03 
                1.29925           12.3591E+03 
                1.3001            12.3765E+03 
                1.30095           12.3988E+03 
                1.30181           12.4257E+03 
                1.30266           12.457E+03  
                1.30351           12.4921E+03 
                1.30437           12.5308E+03 
                1.30522           12.5725E+03 
                1.30607           12.6169E+03 
                1.30693           12.6634E+03 
                1.30778           12.7117E+03 
                1.30863           12.7612E+03 
                1.30949           12.8116E+03 
                1.31034           12.8625E+03 
                1.3112            12.9135E+03 
                1.31205           12.9643E+03 
                1.3129            13.0145E+03 
                1.31376           13.0639E+03 
                1.31461           13.1123E+03 
                1.31526           13.148E+03  
                1.3159            13.183E+03  
                1.31614           13.196E+03  
                1.3165            13.2153E+03 
                1.31704           13.2436E+03 
                1.31785           13.2845E+03 
                1.31866           13.3241E+03 
                1.31948           13.3623E+03 
                1.32029           13.399E+03  
                1.3211            13.4344E+03 
                1.32171           13.4602E+03 
                1.32232           13.4853E+03 
                1.32293           13.5097E+03 
                1.32354           13.5334E+03 
                1.32415           13.5564E+03 
                1.32476           13.5789E+03 
                1.32537           13.6009E+03 
                1.32598           13.6224E+03 
                1.32659           13.6434E+03 
                1.3272            13.6641E+03 
                1.32781           13.6845E+03 
                1.32827           13.6996E+03 
                1.32896           13.722E+03  
                1.32964           13.7442E+03 
                1.33033           13.7663E+03 
                1.33059           13.7746E+03 
                1.33097           13.7871E+03 
                1.33155           13.8057E+03 
                1.33242           13.8337E+03 
                1.33329           13.862E+03  
                1.33395           13.8834E+03 
                1.3346            13.9051E+03 
                1.33484           13.9133E+03 
                1.33521           13.9257E+03 
                1.33576           13.9444E+03 
                1.33659           13.9728E+03 
                1.33742           14.0016E+03 
                1.33824           14.0309E+03 
                1.33907           14.0605E+03 
                1.3399            14.0905E+03 
                1.34072           14.1207E+03 
                1.34155           14.151E+03  
                1.34238           14.1814E+03 
                1.34321           14.2116E+03 
                1.34404           14.2418E+03 
                1.34486           14.2716E+03 
                1.34569           14.3012E+03 
                1.34652           14.3304E+03 
                1.34735           14.3592E+03 
                1.34818           14.3875E+03 
                1.34901           14.4155E+03 
                1.34983           14.4431E+03 
                1.35066           14.4703E+03 
                1.35149           14.4973E+03 
                1.35232           14.5239E+03 
                1.35315           14.5504E+03 
                1.35398           14.5768E+03 
                1.35481           14.6031E+03 
                1.35564           14.6293E+03 
                1.35647           14.6556E+03 
                1.3573            14.6818E+03 
                1.35813           14.708E+03  
                1.35896           14.7342E+03 
                1.35927           14.7441E+03 
                1.35974           14.7588E+03 
                1.36044           14.7807E+03 
                1.3607            14.789E+03  
                1.3611            14.8012E+03 
                1.36169           14.8194E+03 
                1.36258           14.8461E+03 
                1.36346           14.8722E+03 
                1.36435           14.8973E+03 
                1.36524           14.9213E+03 
                1.36613           14.9438E+03 
                1.36702           14.9647E+03 
                1.3679            14.9837E+03 
                1.36879           15.0006E+03 
                1.36968           15.0151E+03 
                1.37057           15.0271E+03 
                1.3709            15.0313E+03 
                1.3714            15.0367E+03 
                1.37215           15.0427E+03 
                1.37244           15.0447E+03 
                1.37286           15.047E+03  
                1.37349           15.0489E+03 
                1.37444           15.0482E+03 
                1.37539           15.0441E+03 
                1.37634           15.0364E+03 
                1.3767            15.0332E+03 
                1.37723           15.0271E+03 
                1.37803           15.0155E+03 
                1.37833           15.0109E+03 
                1.37879           15.0032E+03 
                1.37946           14.9899E+03 
                1.37972           14.9847E+03 
                1.3801            14.9764E+03 
                1.38067           14.9628E+03 
                1.38153           14.9399E+03 
                1.38185           14.9311E+03 
                1.38233           14.9171E+03 
                1.38305           14.8945E+03 
                1.38332           14.8859E+03 
                1.38373           14.8725E+03 
                1.38434           14.8514E+03 
                1.38526           14.8178E+03 
                1.38617           14.7826E+03 
                1.38709           14.7459E+03 
                1.38801           14.7082E+03 
                1.38892           14.6694E+03 
                1.38984           14.6301E+03 
                1.39076           14.5903E+03 
                1.39167           14.5504E+03 
                1.39259           14.5106E+03 
                1.39351           14.4711E+03 
                1.39443           14.4321E+03 
                1.39534           14.3939E+03 
                1.39626           14.3567E+03 
                1.39718           14.3205E+03 
                1.3981            14.2856E+03 
                1.39902           14.2521E+03 
                1.39993           14.22E+03   
                1.40085           14.1895E+03 
                1.40108           14.182E+03  
                1.40114           14.1801E+03 
                1.40123           14.1773E+03 
                1.40136           14.1732E+03 
                1.40155           14.167E+03  
                1.40184           14.158E+03  
                1.40228           14.1447E+03 
                1.40293           14.1254E+03 
                1.40318           14.1184E+03 
                1.40354           14.108E+03  
                1.4041            14.093E+03  
                1.40492           14.0717E+03 
                1.40575           14.0516E+03 
                1.40658           14.0327E+03 
                1.40679           14.0281E+03 
                1.407             14.0236E+03 
                1.40731           14.0169E+03 
                1.40777           14.0072E+03 
                1.40847           13.9932E+03 
                1.40873           13.9881E+03 
                1.40913           13.9806E+03 
                1.40972           13.9698E+03 
                1.4106            13.9543E+03 
                1.41149           13.9396E+03 
                1.41237           13.9254E+03 
                1.41326           13.9118E+03 
                1.41415           13.8986E+03 
                1.41503           13.8856E+03 
                1.41592           13.8728E+03 
                1.41681           13.8602E+03 
                1.41769           13.8476E+03 
                1.41858           13.8349E+03 
                1.41947           13.8222E+03 
                1.42035           13.8093E+03 
                1.42124           13.7963E+03 
                1.42213           13.7831E+03 
                1.42302           13.7697E+03 
                1.4239            13.7561E+03 
                1.42479           13.7422E+03 
                1.42568           13.7281E+03 
                1.42657           13.7138E+03 
                1.42746           13.6992E+03 
                1.42834           13.6844E+03 
                1.42923           13.6693E+03 
                1.43012           13.654E+03  
                1.43101           13.6385E+03 
                1.43134           13.6327E+03 
                1.43184           13.6239E+03 
                1.43259           13.6105E+03 
                1.43287           13.6054E+03 
                1.4333            13.5978E+03 
                1.43393           13.5863E+03 
                1.43488           13.5685E+03 
                1.43583           13.5506E+03 
                1.43678           13.5323E+03 
                1.43773           13.5138E+03 
                1.43868           13.4949E+03 
                1.43963           13.4757E+03 
                1.44058           13.4561E+03 
                1.44064           13.4549E+03 
                1.4407            13.4537E+03 
                1.44079           13.4519E+03 
                1.44092           13.4491E+03 
                1.44112           13.445E+03  
                1.44142           13.4388E+03 
                1.44188           13.4293E+03 
                1.44255           13.4148E+03 
                1.44306           13.4039E+03 
                1.44382           13.3873E+03 
                1.44411           13.3811E+03 
                1.44454           13.3718E+03 
                1.44518           13.3576E+03 
                1.44614           13.3362E+03 
                1.44711           13.3148E+03 
                1.44807           13.2937E+03 
                1.44904           13.2729E+03 
                1.45              13.2527E+03 
                1.45097           13.2332E+03 
                1.45193           13.2146E+03 
                1.4529            13.1971E+03 
                1.45387           13.1809E+03 
                1.45483           13.1662E+03 
                1.4558            13.1531E+03 
                1.45676           13.1418E+03 
                1.45773           13.1323E+03 
                1.4587            13.1248E+03 
                1.45966           13.1193E+03 
                1.46063           13.1157E+03 
                1.4616            13.1142E+03 
                1.46257           13.1146E+03 
                1.46353           13.1169E+03 
                1.4645            13.1211E+03 
                1.46547           13.1269E+03 
                1.46644           13.1345E+03 
                1.4674            13.1435E+03 
                1.46837           13.1541E+03 
                1.46886           13.1597E+03 
                1.46934           13.1657E+03 
                1.46952           13.168E+03  
                1.46979           13.1715E+03 
                1.4702            13.177E+03  
                1.47082           13.1857E+03 
                1.47174           13.1996E+03 
                1.47266           13.2143E+03 
                1.47357           13.2299E+03 
                1.47449           13.2461E+03 
                1.47519           13.2587E+03 
                1.47588           13.2716E+03 
                1.47613           13.2765E+03 
                1.47652           13.2839E+03 
                1.4771            13.2952E+03 
                1.47798           13.3123E+03 
                1.47885           13.3297E+03 
                1.47973           13.3473E+03 
                1.4806            13.365E+03  
                1.48147           13.3828E+03 
                1.48235           13.4005E+03 
                1.48322           13.4181E+03 
                1.4841            13.4355E+03 
                1.48497           13.4527E+03 
                1.48585           13.4696E+03 
                1.48672           13.4861E+03 
                1.4876            13.5023E+03 
                1.48847           13.518E+03  
                1.48935           13.5333E+03 
                1.49022           13.5482E+03 
                1.4911            13.5626E+03 
                1.49197           13.5765E+03 
                1.49285           13.5901E+03 
                1.49373           13.6033E+03 
                1.4946            13.6162E+03 
                1.49548           13.6288E+03 
                1.49635           13.6411E+03 
                1.49723           13.6534E+03 
                1.49811           13.6655E+03 
                1.49898           13.6777E+03 
                1.49931           13.6823E+03 
                1.4998            13.6893E+03 
                1.50054           13.6997E+03 
                1.50082           13.7037E+03 
                1.50124           13.7097E+03 
                1.50186           13.7187E+03 
                1.5028            13.7327E+03 
                1.50374           13.7473E+03 
                1.50444           13.7585E+03 
                1.50514           13.7702E+03 
                1.5054            13.7747E+03 
                1.5058            13.7815E+03 
                1.50639           13.7919E+03 
                1.50728           13.8083E+03 
                1.50817           13.8255E+03 
                1.50906           13.8435E+03 
                1.50995           13.8624E+03 
                1.51084           13.8822E+03 
                1.51173           13.9029E+03 
                1.51262           13.9245E+03 
                1.51351           13.947E+03  
                1.5144            13.9704E+03 
                1.5153            13.9947E+03 




