
                  X              uf-100-lin   

                0.                -0.         
               39.94E-09         121.93E-03   
              319.041E-09        604.472E-03  
                1.70601E-06        1.52163    
                7.53894E-06        3.3765     
               29.9775E-06         6.84795    
              111.812E-06         13.7544     
              399.954E-06         30.3763     
                1.38837E-03       77.4537     
                4.70264E-03      221.687      
               15.5512E-03       675.016      
               49.9952E-03         2.0892E+03 
              154.626E-03          6.35316E+03
              450.699E-03         18.3768E+03 
              605.155E-03         24.6873E+03 
              668.784E-03         27.233E+03  
              769.728E-03         31.1834E+03 
              809.21E-03          32.7926E+03 
              812.955E-03         32.9858E+03 
              814.362E-03         33.0467E+03 
              816.473E-03         33.1259E+03 
              817.001E-03         33.1466E+03 
              817.53E-03          33.1669E+03 
              818.323E-03         33.1964E+03 
              818.62E-03          33.2076E+03 
              819.067E-03         33.2242E+03 
              819.736E-03         33.2488E+03 
              820.741E-03         33.2855E+03 
              820.992E-03         33.2949E+03 
              821.243E-03         33.3044E+03 
              821.62E-03          33.3185E+03 
              822.186E-03         33.3393E+03 
              823.035E-03         33.3702E+03 
              823.884E-03         33.4011E+03 
              824.734E-03         33.4322E+03 
              825.584E-03         33.4631E+03 
              826.434E-03         33.4941E+03 
              827.285E-03         33.5249E+03 
              828.136E-03         33.5557E+03 
              828.987E-03         33.5864E+03 
              829.839E-03         33.617E+03  
              830.691E-03         33.6474E+03 
              831.544E-03         33.6778E+03 
              832.397E-03         33.708E+03  
              833.25E-03          33.738E+03  
              834.531E-03         33.7821E+03 
              835.812E-03         33.8262E+03 
              837.095E-03         33.8699E+03 
              838.378E-03         33.9133E+03 
              839.662E-03         33.9561E+03 
              840.947E-03         33.9981E+03 
              842.232E-03         34.039E+03  
              843.519E-03         34.0778E+03 
              844.806E-03         34.1131E+03 
              846.094E-03         34.1423E+03 
              847.383E-03         34.1614E+03 
              848.673E-03         34.1641E+03 
              849.964E-03         34.1421E+03 
              851.256E-03         34.084E+03  
              852.548E-03         33.9756E+03 
              853.841E-03         33.8009E+03 
              855.135E-03         33.5422E+03 
              856.43E-03          33.1826E+03 
              857.725E-03         32.707E+03  
              859.022E-03         32.1045E+03 
              860.319E-03         31.3701E+03 
              861.617E-03         30.5053E+03 
              862.916E-03         29.5193E+03 
              864.216E-03         28.4278E+03 
              865.517E-03         27.2518E+03 
              866.818E-03         26.016E+03  
              868.12E-03          24.746E+03  
              869.423E-03         23.4664E+03 
              870.727E-03         22.1989E+03 
              872.032E-03         20.9609E+03 
              873.337E-03         19.7646E+03 
              874.643E-03         18.6174E+03 
              875.951E-03         17.5219E+03 
              877.258E-03         16.4771E+03 
              878.567E-03         15.4799E+03 
              879.877E-03         14.5255E+03 
              881.187E-03         13.6092E+03 
              882.498E-03         12.727E+03  
              883.81E-03          11.876E+03  
              885.123E-03         11.0551E+03 
              886.436E-03         10.2644E+03 
              887.751E-03          9.50593E+03
              889.066E-03          8.78263E+03
              890.382E-03          8.09869E+03
              891.699E-03          7.45904E+03
              893.016E-03          6.86912E+03
              894.335E-03          6.33461E+03
              895.654E-03          5.86107E+03
              896.974E-03          5.45358E+03
              898.295E-03          5.11634E+03
              899.616E-03          4.85227E+03
              900.939E-03          4.6626E+03 
              902.262E-03          4.5466E+03 
              902.758E-03          4.51387E+03
              903.503E-03          4.48692E+03
              904.621E-03          4.49407E+03
              906.298E-03          4.59901E+03
              907.977E-03          4.78317E+03
              909.657E-03          5.03163E+03
              911.338E-03          5.33477E+03
              913.021E-03          5.6909E+03 
              914.705E-03          6.10708E+03
              916.39E-03           6.59761E+03
              918.076E-03          7.18042E+03
              919.764E-03          7.87249E+03
              921.453E-03          8.68527E+03
              923.143E-03          9.62146E+03
              924.835E-03         10.6737E+03 
              926.527E-03         11.8249E+03 
              928.221E-03         13.0509E+03 
              929.916E-03         14.3227E+03 
              931.613E-03         15.6101E+03 
              933.31E-03          16.8838E+03 
              935.009E-03         18.1178E+03 
              936.709E-03         19.2906E+03 
              938.411E-03         20.3854E+03 
              940.113E-03         21.3909E+03 
              941.817E-03         22.3004E+03 
              944.375E-03         23.448E+03  
              948.218E-03         24.7553E+03 
              951.103E-03         25.5466E+03 
              953.992E-03         26.1877E+03 
              956.885E-03         26.7115E+03 
              959.781E-03         27.1344E+03 
              962.681E-03         27.4535E+03 
              965.584E-03         27.6491E+03 
              968.491E-03         27.6886E+03 
              971.401E-03         27.5337E+03 
              974.314E-03         27.1482E+03 
              977.231E-03         26.5042E+03 
              980.151E-03         25.5875E+03 
              983.074E-03         24.4009E+03 
              984.537E-03         23.743E+03  
              986.001E-03         23.0209E+03 
              988.199E-03         21.8089E+03 
              990.398E-03         20.4904E+03 
              992.599E-03         19.0905E+03 
              994.802E-03         17.6388E+03 
              995.353E-03         17.2741E+03 
              995.904E-03         16.9068E+03 
              996.731E-03         16.3518E+03 
              997.972E-03         15.5173E+03 
              999.835E-03         14.2839E+03 
                1.0017            13.0919E+03 
                1.00263           12.5097E+03 
                1.00356           11.9429E+03 
                1.00496           11.1366E+03 
                1.00549           10.8415E+03 
                1.00628           10.4152E+03 
                1.00746            9.81827E+03
                1.0079             9.60109E+03
                1.00857            9.29013E+03
                1.00957            8.86005E+03
                1.01106            8.30586E+03
                1.01256            7.85074E+03
                1.01406            7.50071E+03
                1.01556            7.26062E+03
                1.01707            7.13404E+03
                1.01819            7.10431E+03
                1.01932            7.13994E+03
                1.02045            7.24115E+03
                1.02087            7.28864E+03
                1.02151            7.38032E+03
                1.02246            7.56366E+03
                1.02389            7.93995E+03
                1.02532            8.41462E+03
                1.02675            8.98293E+03
                1.02818            9.63928E+03
                1.02961           10.3773E+03 
                1.03104           11.1899E+03 
                1.03248           12.0694E+03 
                1.03391           13.0074E+03 
                1.03445           13.3674E+03 
                1.03526           13.9229E+03 
                1.03647           14.786E+03  
                1.03829           16.1297E+03 
                1.03965           17.1578E+03 
                1.04101           18.1972E+03 
                1.04238           19.2396E+03 
                1.04443           20.7824E+03 
                1.04648           22.2792E+03 
                1.04853           23.7049E+03 
                1.05059           25.0365E+03 
                1.05264           26.2535E+03 
                1.0547            27.3377E+03 
                1.05676           28.2742E+03 
                1.05882           29.051E+03  
                1.06088           29.6594E+03 
                1.06294           30.0944E+03 
                1.06501           30.3541E+03 
                1.06707           30.4402E+03 
                1.06914           30.3579E+03 
                1.07121           30.1151E+03 
                1.07328           29.723E+03  
                1.07535           29.1949E+03 
                1.07743           28.5465E+03 
                1.0795            27.7951E+03 
                1.08158           26.9591E+03 
                1.08365           26.0579E+03 
                1.08573           25.111E+03  
                1.08781           24.1377E+03 
                1.0899            23.1567E+03 
                1.09198           22.1856E+03 
                1.09406           21.2407E+03 
                1.09615           20.3364E+03 
                1.09824           19.4855E+03 
                1.0998            18.8824E+03 
                1.10137           18.3176E+03 
                1.10294           17.7948E+03 
                1.10353           17.6053E+03 
                1.10441           17.3347E+03 
                1.10573           16.9612E+03 
                1.10623           16.8262E+03 
                1.10698           16.6342E+03 
                1.1081            16.3704E+03 
                1.10977           16.0305E+03 
                1.1104            15.9116E+03 
                1.11135           15.7504E+03 
                1.11277           15.5476E+03 
                1.1133            15.4775E+03 
                1.11409           15.3843E+03 
                1.11529           15.2712E+03 
                1.11574           15.2329E+03 
                1.11641           15.1835E+03 
                1.11742           15.1277E+03 
                1.11894           15.0832E+03 
                1.11951           15.0725E+03 
                1.12036           15.0681E+03 
                1.12164           15.0868E+03 
                1.12213           15.0977E+03 
                1.12285           15.1215E+03 
                1.12393           15.1736E+03 
                1.12433           15.1957E+03 
                1.12494           15.2337E+03 
                1.12585           15.3014E+03 
                1.12722           15.4255E+03 
                1.12774           15.4757E+03 
                1.12851           15.5574E+03 
                1.12967           15.6941E+03 
                1.1301            15.7476E+03 
                1.13075           15.832E+03  
                1.13173           15.9676E+03 
                1.13319           16.1901E+03 
                1.13374           16.2766E+03 
                1.13457           16.4117E+03 
                1.13581           16.6261E+03 
                1.13627           16.7085E+03 
                1.13697           16.8354E+03 
                1.13801           17.0331E+03 
                1.13958           17.3456E+03 
                1.14017           17.4655E+03 
                1.14105           17.6498E+03 
                1.14238           17.9359E+03 
                1.14287           18.0449E+03 
                1.14362           18.2113E+03 
                1.14474           18.4669E+03 
                1.14641           18.8636E+03 
                1.14893           19.4851E+03 
                1.14988           19.7228E+03 
                1.1513            20.0854E+03 
                1.15342           20.6415E+03 
                1.15422           20.8525E+03 
                1.15542           21.1713E+03 
                1.15722           21.6534E+03 
                1.15789           21.8354E+03 
                1.1589            22.1084E+03 
                1.16042           22.5173E+03 
                1.1627            23.1235E+03 
                1.16356           23.3505E+03 
                1.16484           23.6858E+03 
                1.16676           24.1739E+03 
                1.16749           24.3554E+03 
                1.16857           24.6211E+03 
                1.1702            25.0029E+03 
                1.17081           25.1442E+03 
                1.17172           25.3496E+03 
                1.17309           25.6419E+03 
                1.17361           25.7497E+03 
                1.17438           25.9056E+03 
                1.17554           26.1259E+03 
                1.17728           26.4229E+03 
                1.17793           26.53E+03   
                1.17891           26.6787E+03 
                1.18038           26.8734E+03 
                1.18093           26.9428E+03 
                1.18176           27.0372E+03 
                1.183             27.1563E+03 
                1.18347           27.1981E+03 
                1.18416           27.2534E+03 
                1.18521           27.3193E+03 
                1.18678           27.3787E+03 
                1.18737           27.396E+03  
                1.18826           27.4087E+03 
                1.18958           27.3983E+03 
                1.19158           27.3159E+03 
                1.19232           27.2764E+03 
                1.19344           27.1955E+03 
                1.19513           27.0267E+03 
                1.19576           26.9573E+03 
                1.1967            26.8384E+03 
                1.19813           26.6275E+03 
                1.19866           26.5444E+03 
                1.19946           26.4096E+03 
                1.20066           26.1859E+03 
                1.20246           25.8056E+03 
                1.20313           25.6575E+03 
                1.20415           25.422E+03  
                1.20567           25.0416E+03 
                1.20795           24.421E+03  
                1.2088            24.1827E+03 
                1.21009           23.8119E+03 
                1.21202           23.2342E+03 
                1.21274           23.0156E+03 
                1.21382           22.6827E+03 
                1.21545           22.1776E+03 
                1.21789           21.4241E+03 
                1.21881           21.144E+03  
                1.22019           20.7291E+03 
                1.22225           20.13E+03   
                1.22302           19.9098E+03 
                1.22418           19.5893E+03 
                1.22593           19.1367E+03 
                1.22658           18.9717E+03 
                1.22756           18.7346E+03 
                1.22903           18.4053E+03 
                1.22959           18.2861E+03 
                1.23041           18.1164E+03 
                1.23166           17.884E+03  
                1.23212           17.8004E+03 
                1.23282           17.6824E+03 
                1.23387           17.5228E+03 
                1.23426           17.4658E+03 
                1.23486           17.3859E+03 
                1.23574           17.2794E+03 
                1.23707           17.1514E+03 
                1.23757           17.1082E+03 
                1.23832           17.0536E+03 
                1.23944           16.9952E+03 
                1.23986           16.9768E+03 
                1.24049           16.9568E+03 
                1.24144           16.9439E+03 
                1.24179           16.9417E+03 
                1.24233           16.9438E+03 
                1.24313           16.9592E+03 
                1.24432           17.0103E+03 
                1.24477           17.0336E+03 
                1.24545           17.0773E+03 
                1.24646           17.1624E+03 
                1.24684           17.1972E+03 
                1.24741           17.2555E+03 
                1.24827           17.3564E+03 
                1.24955           17.5378E+03 
                1.25003           17.6102E+03 
                1.25075           17.728E+03  
                1.25184           17.9244E+03 
                1.25224           18.0011E+03 
                1.25285           18.1221E+03 
                1.25377           18.3167E+03 
                1.25514           18.6366E+03 
                1.25565           18.7607E+03 
                1.25642           18.955E+03  
                1.25758           19.2636E+03 
                1.25932           19.7608E+03 
                1.25997           19.9523E+03 
                1.26095           20.2486E+03 
                1.26242           20.7107E+03 
                1.26462           21.4331E+03 
                1.26544           21.7083E+03 
                1.26668           22.1264E+03 
                1.26854           22.7597E+03 
                1.26924           22.9982E+03 
                1.27029           23.3557E+03 
                1.27186           23.8875E+03 
                1.27422           24.6632E+03 
                1.2751            24.9512E+03 
                1.27643           25.3717E+03 
                1.27842           25.9712E+03 
                1.27916           26.1919E+03 
                1.28028           26.5107E+03 
                1.2807            26.6287E+03 
                1.28133           26.8016E+03 
                1.28228           27.0508E+03 
                1.2837            27.4008E+03 
                1.28423           27.5289E+03 
                1.28503           27.7129E+03 
                1.28623           27.9695E+03 
                1.28668           28.0632E+03 
                1.28735           28.1974E+03 
                1.28836           28.3838E+03 
                1.28988           28.6289E+03 
                1.29045           28.7163E+03 
                1.2913            28.836E+03  
                1.29259           28.9896E+03 
                1.29307           29.0439E+03 
                1.29379           29.1168E+03 
                1.29487           29.2072E+03 
                1.29527           29.2387E+03 
                1.29588           29.2798E+03 
                1.2968            29.3278E+03 
                1.29817           29.3696E+03 
                1.29868           29.3814E+03 
                1.29945           29.3894E+03 
                1.30061           29.38E+03   
                1.30104           29.3738E+03 
                1.30169           29.3577E+03 
                1.30267           29.3187E+03 
                1.30413           29.2282E+03 
                1.30468           29.1902E+03 
                1.30551           29.1232E+03 
                1.30674           29.0012E+03 
                1.30721           28.9528E+03 
                1.3079            28.8735E+03 
                1.30895           28.7403E+03 
                1.30934           28.6886E+03 
                1.30993           28.6067E+03 
                1.31081           28.4744E+03 
                1.31213           28.2565E+03 
                1.31263           28.1724E+03 
                1.31337           28.0405E+03 
                1.31449           27.8303E+03 
                1.31616           27.4914E+03 
                1.31679           27.3616E+03 
                1.31773           27.1601E+03 
                1.31915           26.8449E+03 
                1.32127           26.3512E+03 
                1.32207           26.1642E+03 
                1.32326           25.8787E+03 
                1.32505           25.4445E+03 
                1.32572           25.2816E+03 
                1.32673           25.0365E+03 
                1.32825           24.6702E+03 
                1.33052           24.1332E+03 
                1.33137           23.9348E+03 
                1.33265           23.6431E+03 
                1.33313           23.5349E+03 
                1.33385           23.3749E+03 
                1.33492           23.141E+03  
                1.33654           22.8074E+03 
                1.33715           22.6852E+03 
                1.33806           22.508E+03  
                1.33943           22.2573E+03 
                1.33994           22.1658E+03 
                1.34071           22.0337E+03 
                1.34186           21.848E+03  
                1.3423            21.7804E+03 
                1.34295           21.683E+03  
                1.34392           21.5468E+03 
                1.34538           21.3658E+03 
                1.34757           21.1504E+03 
                1.3484            21.0783E+03 
                1.34963           20.9881E+03 
                1.35148           20.8951E+03 
                1.35218           20.8666E+03 
                1.35322           20.8373E+03 
                1.35478           20.8239E+03 
                1.35713           20.8723E+03 
                1.35948           20.9881E+03 
                1.35992           21.0127E+03 
                1.36036           21.0395E+03 
                1.36102           21.0846E+03 
                1.36201           21.1632E+03 
                1.36238           21.1945E+03 
                1.36294           21.2447E+03 
                1.36377           21.3278E+03 
                1.36503           21.4693E+03 
                1.36628           21.6273E+03 
                1.36691           21.7105E+03 
                1.36754           21.7976E+03 
                1.36848           21.9365E+03 
                1.36989           22.1623E+03 
                1.37042           22.2498E+03 
                1.37122           22.386E+03  
                1.37241           22.6011E+03 
                1.37286           22.6834E+03 
                1.37353           22.8101E+03 
                1.37454           23.0067E+03 
                1.37605           23.3149E+03 
                1.37662           23.4326E+03 
                1.37747           23.6126E+03 
                1.37874           23.8897E+03 
                1.38066           24.3177E+03 
                1.38137           24.4802E+03 
                1.38245           24.7264E+03 
                1.38407           25.0993E+03 
                1.38649           25.66E+03   
                1.3874            25.8708E+03 
                1.38877           26.1846E+03 
                1.38928           26.3021E+03 
                1.39005           26.4773E+03 
                1.3912            26.7368E+03 
                1.39293           27.1171E+03 
                1.39357           27.2588E+03 
                1.39455           27.4674E+03 
                1.39601           27.7709E+03 
                1.3982            28.2012E+03 
                1.39902           28.3594E+03 
                1.40025           28.5873E+03 
                1.40071           28.6717E+03 
                1.40141           28.795E+03  
                1.40245           28.9725E+03 
                1.40401           29.2215E+03 
                1.40459           29.3128E+03 
                1.40547           29.4437E+03 
                1.40679           29.6264E+03 
                1.40728           29.6933E+03 
                1.40802           29.789E+03  
                1.40914           29.9222E+03 
                1.40955           29.9709E+03 
                1.41018           30.0406E+03 
                1.41112           30.1375E+03 
                1.41253           30.2656E+03 
                1.41305           30.3115E+03 
                1.41385           30.3746E+03 
                1.41504           30.4567E+03 
                1.41548           30.4859E+03 
                1.41615           30.5256E+03 
                1.41715           30.5759E+03 
                1.41753           30.5937E+03 
                1.4181            30.6174E+03 
                1.41894           30.6464E+03 
                1.42021           30.6754E+03 
                1.42069           30.6845E+03 
                1.42141           30.6935E+03 
                1.42248           30.6967E+03 




