
                             uf-new-d0_01-Min1
                  X                 E-3       

                0.                -0.         
               39.94E-09           5.30431E-03
              319.041E-09         37.0239E-03 
                1.70601E-06      160.815E-03  
                7.53894E-06      656.501E-03  
               29.9775E-06         2.52953    
              111.812E-06          9.31455    
              399.954E-06         33.1405     
                1.38837E-03      114.78       
                4.70264E-03      388.401      
               15.5512E-03         1.28386E+03
               49.9952E-03         4.12671E+03
              154.626E-03         12.7621E+03 
              212.548E-03         17.5433E+03 
              319.557E-03         26.3742E+03 
              322.357E-03         26.6203E+03 
              326.58E-03          26.955E+03  
              328.172E-03         27.0854E+03 
              328.769E-03         27.1348E+03 
              328.832E-03         27.14E+03   
              328.925E-03         27.1477E+03 
              328.987E-03         27.1528E+03 
              329.08E-03          27.1605E+03 
              329.174E-03         27.1681E+03 
              329.267E-03         27.1758E+03 
              329.36E-03          27.1835E+03 
              329.454E-03         27.1912E+03 
              329.594E-03         27.2025E+03 
              329.734E-03         27.2127E+03 
              329.796E-03         27.217E+03  
              329.858E-03         27.2208E+03 
              329.952E-03         27.2248E+03 
              330.045E-03         27.2259E+03 
              330.139E-03         27.2228E+03 
              330.279E-03         27.2046E+03 
              330.419E-03         27.1696E+03 
              330.56E-03          27.1164E+03 
              330.77E-03          26.9987E+03 
              331.086E-03         26.7897E+03 
              331.165E-03         26.7366E+03 
              331.244E-03         26.6835E+03 
              331.362E-03         26.6094E+03 
              331.54E-03          26.5272E+03 
              331.607E-03         26.5015E+03 
              331.707E-03         26.4765E+03 
              331.769E-03         26.4667E+03 
              331.863E-03         26.4663E+03 
              331.957E-03         26.4801E+03 
              332.051E-03         26.5074E+03 
              332.191E-03         26.573E+03  
              332.332E-03         26.6553E+03 
              332.473E-03         26.7466E+03 
              332.613E-03         26.8397E+03 
              332.754E-03         26.9296E+03 
              332.966E-03         27.0466E+03 
              333.177E-03         27.1409E+03 
              333.335E-03         27.1979E+03 
              333.494E-03         27.2406E+03 
              333.613E-03         27.2647E+03 
              333.791E-03         27.2824E+03 
              333.97E-03          27.2819E+03 
              334.148E-03         27.2636E+03 
              334.327E-03         27.2291E+03 
              334.506E-03         27.1814E+03 
              334.685E-03         27.125E+03  
              334.863E-03         27.0656E+03 
              335.042E-03         27.0093E+03 
              335.221E-03         26.962E+03  
              335.4E-03           26.9282E+03 
              335.579E-03         26.9112E+03 
              335.758E-03         26.9123E+03 
              335.937E-03         26.9312E+03 
              336.116E-03         26.9662E+03 
              336.296E-03         27.0144E+03 
              336.475E-03         27.0725E+03 
              336.542E-03         27.0955E+03 
              336.643E-03         27.132E+03  
              336.794E-03         27.1888E+03 
              337.021E-03         27.2714E+03 
              337.106E-03         27.3016E+03 
              337.234E-03         27.3443E+03 
              337.426E-03         27.3992E+03 
              337.498E-03         27.4185E+03 
              337.606E-03         27.4439E+03 
              337.768E-03         27.4738E+03 
              337.831E-03         27.4843E+03 
              337.925E-03         27.4971E+03 
              338.067E-03         27.5104E+03 
              338.28E-03          27.5194E+03 
              338.493E-03         27.5205E+03 
              338.707E-03         27.5169E+03 
              338.92E-03          27.5116E+03 
              339.E-03            27.5096E+03 
              339.12E-03          27.5067E+03 
              339.3E-03           27.5041E+03 
              339.368E-03         27.5034E+03 
              339.469E-03         27.5031E+03 
              339.621E-03         27.5047E+03 
              339.684E-03         27.5057E+03 
              339.779E-03         27.508E+03  
              339.922E-03         27.5131E+03 
              339.985E-03         27.5157E+03 
              340.08E-03          27.5202E+03 
              340.222E-03         27.5281E+03 
              340.286E-03         27.5318E+03 
              340.381E-03         27.5376E+03 
              340.523E-03         27.5468E+03 
              340.737E-03         27.5604E+03 
              340.898E-03         27.5703E+03 
              341.058E-03         27.5795E+03 
              341.122E-03         27.5831E+03 
              341.217E-03         27.5883E+03 
              341.359E-03         27.5956E+03 
              341.574E-03         27.6062E+03 
              341.654E-03         27.6102E+03 
              341.774E-03         27.6163E+03 
              341.955E-03         27.6265E+03 
              342.023E-03         27.6305E+03 
              342.125E-03         27.637E+03  
              342.278E-03         27.6482E+03 
              342.507E-03         27.6691E+03 
              342.592E-03         27.6777E+03 
              342.721E-03         27.6918E+03 
              342.915E-03         27.7163E+03 
              343.205E-03         27.7587E+03 
              343.314E-03         27.7754E+03 
              343.477E-03         27.8015E+03 
              343.541E-03         27.8118E+03 
              343.636E-03         27.8275E+03 
              343.78E-03          27.8511E+03 
              343.995E-03         27.8853E+03 
              344.075E-03         27.898E+03  
              344.196E-03         27.9162E+03 
              344.378E-03         27.9411E+03 
              344.446E-03         27.9501E+03 
              344.548E-03         27.9627E+03 
              344.701E-03         27.9793E+03 
              344.765E-03         27.9858E+03 
              344.861E-03         27.9946E+03 
              345.004E-03         28.0056E+03 
              345.22E-03          28.0174E+03 
              345.3E-03           28.0212E+03 
              345.422E-03         28.0255E+03 
              345.604E-03         28.0294E+03 
              345.672E-03         28.0305E+03 
              345.774E-03         28.0316E+03 
              345.928E-03         28.032E+03  
              345.992E-03         28.0321E+03 
              346.087E-03         28.0318E+03 
              346.231E-03         28.0312E+03 
              346.447E-03         28.0307E+03 
              346.528E-03         28.0306E+03 
              346.649E-03         28.0309E+03 
              346.832E-03         28.0327E+03 
              347.105E-03         28.0397E+03 
              347.208E-03         28.0429E+03 
              347.362E-03         28.0493E+03 
              347.592E-03         28.0623E+03 
              347.679E-03         28.0676E+03 
              347.809E-03         28.0767E+03 
              348.004E-03         28.0926E+03 
              348.077E-03         28.0989E+03 
              348.187E-03         28.1089E+03 
              348.351E-03         28.1251E+03 
              348.415E-03         28.1317E+03 
              348.512E-03         28.1419E+03 
              348.656E-03         28.1578E+03 
              348.873E-03         28.1829E+03 
              348.954E-03         28.1925E+03 
              349.076E-03         28.207E+03  
              349.259E-03         28.2292E+03 
              349.533E-03         28.2624E+03 
              349.636E-03         28.2748E+03 
              349.791E-03         28.2932E+03 
              350.022E-03         28.32E+03   
              350.109E-03         28.33E+03   
              350.24E-03          28.3444E+03 
              350.435E-03         28.3652E+03 
              350.509E-03         28.3729E+03 
              350.619E-03         28.384E+03  
              350.784E-03         28.3998E+03 
              350.848E-03         28.4058E+03 
              350.945E-03         28.4146E+03 
              351.09E-03          28.4269E+03 
              351.307E-03         28.4438E+03 
              351.389E-03         28.4499E+03 
              351.511E-03         28.4586E+03 
              351.695E-03         28.4704E+03 
              351.97E-03          28.4862E+03 
              352.074E-03         28.492E+03  
              352.229E-03         28.5E+03    
              352.461E-03         28.5114E+03 
              352.548E-03         28.5157E+03 
              352.679E-03         28.522E+03  
              352.876E-03         28.5315E+03 
              352.949E-03         28.5352E+03 
              353.06E-03          28.5408E+03 
              353.226E-03         28.5496E+03 
              353.475E-03         28.5642E+03 
              353.568E-03         28.57E+03   
              353.708E-03         28.5793E+03 
              353.918E-03         28.5946E+03 
              353.997E-03         28.6006E+03 
              354.115E-03         28.61E+03   
              354.292E-03         28.6252E+03 
              354.359E-03         28.6312E+03 
              354.459E-03         28.6403E+03 
              354.608E-03         28.6548E+03 
              354.833E-03         28.678E+03  
              354.917E-03         28.6869E+03 
              355.043E-03         28.7005E+03 
              355.233E-03         28.7217E+03 
              355.518E-03         28.7539E+03 
              355.624E-03         28.7661E+03 
              355.785E-03         28.7843E+03 
              356.025E-03         28.8109E+03 
              356.115E-03         28.8208E+03 
              356.25E-03          28.8354E+03 
              356.453E-03         28.8562E+03 
              356.529E-03         28.8639E+03 
              356.643E-03         28.8751E+03 
              356.815E-03         28.8911E+03 
              356.88E-03          28.897E+03  
              356.977E-03         28.9056E+03 
              357.123E-03         28.9178E+03 
              357.343E-03         28.9345E+03 
              357.425E-03         28.9407E+03 
              357.549E-03         28.9493E+03 
              357.734E-03         28.9614E+03 
              357.803E-03         28.9658E+03 
              357.908E-03         28.9721E+03 
              358.064E-03         28.981E+03  
              358.129E-03         28.9846E+03 
              358.227E-03         28.9899E+03 
              358.373E-03         28.9975E+03 
              358.593E-03         29.0085E+03 
              358.676E-03         29.0126E+03 
              358.799E-03         29.0187E+03 
              358.985E-03         29.028E+03  
              359.264E-03         29.0428E+03 
              359.368E-03         29.0486E+03 
              359.525E-03         29.0576E+03 
              359.76E-03          29.0723E+03 
              360.113E-03         29.0976E+03 
              360.245E-03         29.1077E+03 
              360.444E-03         29.1238E+03 
              360.742E-03         29.1502E+03 
              360.854E-03         29.1605E+03 
              361.022E-03         29.1765E+03 
              361.273E-03         29.2018E+03 
              361.368E-03         29.2115E+03 
              361.509E-03         29.2263E+03 
              361.722E-03         29.249E+03  
              362.041E-03         29.2833E+03 
              362.16E-03          29.2963E+03 
              362.34E-03          29.3156E+03 
              362.609E-03         29.3439E+03 
              362.71E-03          29.3545E+03 
              362.862E-03         29.37E+03   
              363.089E-03         29.3924E+03 
              363.43E-03          29.4239E+03 
              363.559E-03         29.4355E+03 
              363.751E-03         29.4521E+03 
              364.039E-03         29.4754E+03 
              364.147E-03         29.484E+03  
              364.309E-03         29.4963E+03 
              364.552E-03         29.514E+03  
              364.644E-03         29.5205E+03 
              364.781E-03         29.5301E+03 
              364.986E-03         29.5441E+03 
              365.294E-03         29.5645E+03 
              365.41E-03          29.5723E+03 
              365.584E-03         29.5837E+03 
              365.649E-03         29.5881E+03 
              365.748E-03         29.5947E+03 
              365.896E-03         29.6046E+03 
              366.119E-03         29.6197E+03 
              366.202E-03         29.6255E+03 
              366.327E-03         29.6342E+03 
              366.515E-03         29.6476E+03 
              366.585E-03         29.6527E+03 
              366.691E-03         29.6605E+03 
              366.849E-03         29.6723E+03 
              366.915E-03         29.6774E+03 
              367.014E-03         29.685E+03  
              367.163E-03         29.6967E+03 
              367.229E-03         29.7019E+03 
              367.328E-03         29.7099E+03 
              367.476E-03         29.7222E+03 
              367.699E-03         29.7411E+03 
              367.783E-03         29.7483E+03 
              367.908E-03         29.7592E+03 
              368.096E-03         29.7758E+03 
              368.378E-03         29.8013E+03 
              368.484E-03         29.811E+03  
              368.643E-03         29.8255E+03 
              368.881E-03         29.8473E+03 
              369.239E-03         29.8799E+03 
              369.373E-03         29.8921E+03 
              369.575E-03         29.9102E+03 
              369.877E-03         29.9368E+03 
              369.99E-03          29.9467E+03 
              370.16E-03          29.9614E+03 
              370.415E-03         29.9829E+03 
              370.511E-03         29.991E+03  
              370.654E-03         30.0028E+03 
              370.87E-03          30.0203E+03 
              370.951E-03         30.0269E+03 
              371.072E-03         30.0366E+03 
              371.254E-03         30.0509E+03 
              371.526E-03         30.072E+03  
              371.629E-03         30.0799E+03 
              371.782E-03         30.0917E+03 
              372.013E-03         30.1091E+03 
              372.358E-03         30.1351E+03 
              372.488E-03         30.1449E+03 
              372.683E-03         30.1596E+03 
              372.975E-03         30.1818E+03 
              373.084E-03         30.1902E+03 
              373.248E-03         30.2028E+03 
              373.495E-03         30.2219E+03 
              373.68E-03          30.2365E+03 
              373.865E-03         30.2511E+03 
              373.934E-03         30.2567E+03 
              374.038E-03         30.265E+03  
              374.195E-03         30.2777E+03 
              374.429E-03         30.2968E+03 
              374.517E-03         30.304E+03  
              374.649E-03         30.3149E+03 
              374.846E-03         30.3313E+03 
              374.921E-03         30.3375E+03 
              375.032E-03         30.3467E+03 
              375.199E-03         30.3606E+03 
              375.45E-03          30.3813E+03 
              375.544E-03         30.3891E+03 
              375.685E-03         30.4007E+03 
              375.896E-03         30.4179E+03 
              376.214E-03         30.4431E+03 
              376.333E-03         30.4526E+03 
              376.511E-03         30.4664E+03 
              376.78E-03          30.4868E+03 
              376.88E-03          30.4944E+03 
              377.031E-03         30.5056E+03 
              377.257E-03         30.5221E+03 
              377.597E-03         30.5464E+03 
              377.724E-03         30.5555E+03 
              377.916E-03         30.569E+03  
              378.202E-03         30.5891E+03 
              378.31E-03          30.5967E+03 
              378.471E-03         30.6081E+03 
              378.714E-03         30.6253E+03 
              379.077E-03         30.6515E+03 
              379.214E-03         30.6616E+03 
              379.418E-03         30.6767E+03 
              379.725E-03         30.6999E+03 
              379.84E-03          30.7087E+03 
              380.013E-03         30.722E+03  
              380.272E-03         30.7423E+03 
              380.369E-03         30.75E+03   
              380.515E-03         30.7616E+03 
              380.734E-03         30.7792E+03 
              381.063E-03         30.8058E+03 
              381.186E-03         30.8159E+03 
              381.371E-03         30.831E+03  
              381.648E-03         30.8538E+03 
              381.752E-03         30.8624E+03 
              381.908E-03         30.8752E+03 
              382.142E-03         30.8944E+03 
              382.23E-03          30.9017E+03 
              382.362E-03         30.9125E+03 
              382.56E-03          30.9286E+03 
              382.856E-03         30.9527E+03 
              382.968E-03         30.9618E+03 
              383.135E-03         30.9753E+03 
              383.385E-03         30.9954E+03 
              383.479E-03         31.003E+03  
              383.62E-03          31.0143E+03 
              383.831E-03         31.0311E+03 
              383.911E-03         31.0374E+03 
              384.03E-03          31.0468E+03 
              384.208E-03         31.0609E+03 
              384.476E-03         31.0819E+03 
              384.878E-03         31.1135E+03 
              385.029E-03         31.1255E+03 
              385.255E-03         31.1433E+03 
              385.595E-03         31.1703E+03 
              385.722E-03         31.1805E+03 
              385.79E-03          31.186E+03  
              385.892E-03         31.1941E+03 
              385.96E-03          31.1996E+03 
              386.061E-03         31.2077E+03 
              386.137E-03         31.2139E+03 
              386.214E-03         31.2201E+03 
              386.328E-03         31.2294E+03 
              386.5E-03           31.2434E+03 
              386.757E-03         31.2632E+03 
              386.854E-03         31.2705E+03 
              386.922E-03         31.2754E+03 
              387.023E-03         31.2821E+03 
              387.125E-03         31.2879E+03 
              387.227E-03         31.2925E+03 
              387.329E-03         31.2955E+03 
              387.482E-03         31.2958E+03 
              387.711E-03         31.2892E+03 
              387.94E-03          31.282E+03  
              388.169E-03         31.2804E+03 
              388.399E-03         31.2873E+03 
              388.628E-03         31.3021E+03 
              388.858E-03         31.3225E+03 
              389.087E-03         31.3465E+03 
              389.317E-03         31.3731E+03 
              389.547E-03         31.4023E+03 
              389.777E-03         31.4339E+03 
              390.007E-03         31.4668E+03 
              390.179E-03         31.4916E+03 
              390.352E-03         31.5157E+03 
              390.42E-03          31.5251E+03 
              390.522E-03         31.5385E+03 
              390.675E-03         31.5568E+03 
              390.744E-03         31.5645E+03 
              390.846E-03         31.5749E+03 
              390.999E-03         31.5878E+03 
              391.23E-03          31.6019E+03 
              391.403E-03         31.61E+03   
              391.575E-03         31.6163E+03 
              391.835E-03         31.6249E+03 
              392.224E-03         31.642E+03  
              392.613E-03         31.6664E+03 
              393.003E-03         31.6983E+03 
              393.392E-03         31.7359E+03 
              393.461E-03         31.7427E+03 
              393.563E-03         31.7532E+03 
              393.666E-03         31.7639E+03 
              393.743E-03         31.7721E+03 
              393.82E-03          31.7804E+03 
              393.936E-03         31.7929E+03 
              394.109E-03         31.8118E+03 
              394.369E-03         31.838E+03  
              394.76E-03          31.8624E+03 
              394.857E-03         31.8675E+03 
              394.955E-03         31.8713E+03 
              395.102E-03         31.8742E+03 
              395.321E-03         31.8737E+03 
              395.651E-03         31.876E+03  
              395.981E-03         31.8915E+03 
              396.311E-03         31.9215E+03 
              396.641E-03         31.9609E+03 
              397.137E-03         32.0218E+03 
              397.881E-03         32.0946E+03 
              398.16E-03          32.1191E+03 
              398.579E-03         32.1495E+03 
              398.737E-03         32.1602E+03 
              398.973E-03         32.1746E+03 
              399.061E-03         32.1799E+03 
              399.194E-03         32.1874E+03 
              399.263E-03         32.1912E+03 
              399.366E-03         32.1968E+03 
              399.47E-03          32.2023E+03 
              399.573E-03         32.2076E+03 
              399.677E-03         32.213E+03  
              399.78E-03          32.2184E+03 
              399.936E-03         32.2266E+03 
              400.169E-03         32.2396E+03 
              400.518E-03         32.2575E+03 
              400.65E-03          32.2639E+03 
              400.846E-03         32.2719E+03 
              401.142E-03         32.2805E+03 
              401.216E-03         32.2825E+03 
              401.289E-03         32.2843E+03 
              401.4E-03           32.2868E+03 
              401.566E-03         32.2912E+03 
              401.816E-03         32.3024E+03 
              402.19E-03          32.3327E+03 
              402.752E-03         32.3928E+03 
              403.595E-03         32.4768E+03 
              404.44E-03          32.5488E+03 
              404.651E-03         32.5663E+03 
              404.862E-03         32.5829E+03 
              405.179E-03         32.607E+03  
              405.655E-03         32.6428E+03 
              406.131E-03         32.6792E+03 
              406.607E-03         32.7164E+03 
              407.322E-03         32.7734E+03 
              408.396E-03         32.8589E+03 
              409.472E-03         32.9448E+03 
              410.549E-03         33.0321E+03 
              412.167E-03         33.1664E+03 
              414.6E-03           33.3694E+03 
              418.264E-03         33.6702E+03 
              423.792E-03         34.1156E+03 
              432.155E-03         34.7856E+03 
              435.313E-03         35.0393E+03 
              440.072E-03         35.4209E+03 
              440.519E-03         35.458E+03  
              441.191E-03         35.5118E+03 
              442.2E-03           35.5921E+03 
              443.21E-03          35.672E+03  
              444.221E-03         35.7517E+03 
              445.233E-03         35.8314E+03 
              446.753E-03         35.9525E+03 
              449.039E-03         36.1367E+03 
              452.479E-03         36.4141E+03 
              457.665E-03         36.83E+03   
              457.99E-03          36.8574E+03 
              458.315E-03         36.8835E+03 
              458.559E-03         36.903E+03  
              458.742E-03         36.9177E+03 
              459.017E-03         36.9395E+03 
              459.291E-03         36.9614E+03 
              459.566E-03         36.9832E+03 
              459.704E-03         36.9941E+03 
              459.841E-03         37.005E+03  
              460.047E-03         37.0213E+03 
              460.254E-03         37.0375E+03 
              460.46E-03          37.0538E+03 
              460.769E-03         37.0777E+03 
              461.234E-03         37.1112E+03 
              461.699E-03         37.1413E+03 
              461.815E-03         37.1487E+03 
              461.989E-03         37.1591E+03 
              462.251E-03         37.1738E+03 
              462.643E-03         37.1953E+03 
              462.791E-03         37.2035E+03 
              463.012E-03         37.216E+03  
              463.095E-03         37.2208E+03 
              463.219E-03         37.2282E+03 
              463.405E-03         37.24E+03   
              463.685E-03         37.2594E+03 
              464.105E-03         37.2923E+03 
              464.735E-03         37.3465E+03 
              465.208E-03         37.3887E+03 
              465.681E-03         37.4316E+03 
              466.155E-03         37.4746E+03 
              466.332E-03         37.4908E+03 
              466.599E-03         37.5149E+03 
              466.799E-03         37.533E+03  
              467.099E-03         37.56E+03   
              467.249E-03         37.5735E+03 
              467.399E-03         37.5868E+03 
              467.624E-03         37.6065E+03 
              467.849E-03         37.6256E+03 
              468.074E-03         37.6434E+03 
              468.299E-03         37.6588E+03 
              468.637E-03         37.6736E+03 
              468.975E-03         37.6809E+03 
              469.06E-03          37.6824E+03 
              469.145E-03         37.6834E+03 
              469.271E-03         37.6843E+03 
              469.462E-03         37.6853E+03 
              469.747E-03         37.689E+03  
              469.854E-03         37.6909E+03 
              470.015E-03         37.6948E+03 
              470.256E-03         37.7034E+03 
              470.618E-03         37.7244E+03 
              470.753E-03         37.7336E+03 
              470.957E-03         37.7505E+03 
              471.262E-03         37.7839E+03 
              471.377E-03         37.7976E+03 
              471.549E-03         37.8206E+03 
              471.807E-03         37.8593E+03 
              472.E-03            37.89E+03   
              472.29E-03          37.9363E+03 
              472.399E-03         37.9536E+03 
              472.563E-03         37.9786E+03 
              472.807E-03         38.0123E+03 
              473.053E-03         38.0409E+03 
              473.298E-03         38.0637E+03 
              473.666E-03         38.0845E+03 
              474.034E-03         38.0942E+03 
              474.402E-03         38.0963E+03 
              474.77E-03          38.0951E+03 
              474.908E-03         38.0944E+03 
              475.115E-03         38.0937E+03 
              475.426E-03         38.0956E+03 
              475.504E-03         38.0963E+03 
              475.582E-03         38.0974E+03 
              475.698E-03         38.0996E+03 
              475.874E-03         38.1049E+03 
              475.949E-03         38.1076E+03 
              476.062E-03         38.1126E+03 
              476.232E-03         38.1226E+03 
              476.308E-03         38.1276E+03 
              476.421E-03         38.1362E+03 
              476.592E-03         38.1517E+03 
              476.667E-03         38.1591E+03 
              476.781E-03         38.1714E+03 
              476.951E-03         38.192E+03  
              477.026E-03         38.2015E+03 
              477.14E-03          38.2167E+03 
              477.31E-03          38.2405E+03 
              477.386E-03         38.2513E+03 
              477.499E-03         38.2676E+03 
              477.67E-03          38.2921E+03 
              477.745E-03         38.3029E+03 
              477.859E-03         38.3188E+03 
              478.029E-03         38.3416E+03 
              478.2E-03           38.3629E+03 
              478.37E-03          38.3828E+03 
              478.446E-03         38.3914E+03 
              478.56E-03          38.4035E+03 
              478.73E-03          38.4202E+03 
              478.986E-03         38.4428E+03 
              479.082E-03         38.451E+03  
              479.226E-03         38.4627E+03 
              479.302E-03         38.4687E+03 
              479.415E-03         38.4776E+03 
              479.586E-03         38.4906E+03 
              479.842E-03         38.5105E+03 
              479.938E-03         38.5181E+03 
              480.082E-03         38.5297E+03 
              480.298E-03         38.5476E+03 
              480.379E-03         38.5545E+03 
              480.501E-03         38.5649E+03 
              480.683E-03         38.5809E+03 
              480.759E-03         38.5876E+03 
              480.873E-03         38.5977E+03 
              481.044E-03         38.6129E+03 
              481.301E-03         38.6351E+03 
              481.557E-03         38.6559E+03 
              481.633E-03         38.662E+03  
              481.747E-03         38.6706E+03 
              481.918E-03         38.6824E+03 
              482.175E-03         38.6966E+03 
              482.271E-03         38.7013E+03 
              482.416E-03         38.7072E+03 
              482.632E-03         38.7134E+03 
              482.714E-03         38.7155E+03 
              482.835E-03         38.718E+03  
              483.018E-03         38.7216E+03 
              483.293E-03         38.7286E+03 
              483.396E-03         38.7316E+03 
              483.55E-03          38.7367E+03 
              483.782E-03         38.7453E+03 
              483.869E-03         38.7487E+03 
              483.999E-03         38.7538E+03 
              484.194E-03         38.7621E+03 
              484.488E-03         38.7783E+03 
              484.598E-03         38.7851E+03 
              484.763E-03         38.7972E+03 
              485.011E-03         38.8202E+03 
              485.104E-03         38.8296E+03 
              485.243E-03         38.8451E+03 
              485.452E-03         38.871E+03  
              485.53E-03          38.8811E+03 
              485.648E-03         38.8968E+03 
              485.825E-03         38.9212E+03 
              486.089E-03         38.9585E+03 
              486.189E-03         38.9726E+03 
              486.338E-03         38.9934E+03 
              486.561E-03         39.0236E+03 
              486.638E-03         39.0338E+03 
              486.714E-03         39.0438E+03 
              486.829E-03         39.0583E+03 
              487.001E-03         39.0786E+03 
              487.077E-03         39.0874E+03 
              487.192E-03         39.0998E+03 
              487.364E-03         39.1166E+03 
              487.44E-03          39.1237E+03 
              487.555E-03         39.1336E+03 
              487.727E-03         39.1465E+03 
              487.986E-03         39.1619E+03 
              488.062E-03         39.1662E+03 
              488.139E-03         39.1701E+03 
              488.253E-03         39.1753E+03 
              488.426E-03         39.1818E+03 
              488.684E-03         39.1895E+03 
              488.781E-03         39.1922E+03 
              488.926E-03         39.1957E+03 
              489.145E-03         39.2005E+03 
              489.226E-03         39.2023E+03 
              489.349E-03         39.205E+03  
              489.533E-03         39.2091E+03 
              489.61E-03          39.2109E+03 
              489.725E-03         39.2137E+03 
              489.897E-03         39.2186E+03 
              490.156E-03         39.2279E+03 
              490.253E-03         39.2318E+03 
              490.399E-03         39.2383E+03 
              490.617E-03         39.2494E+03 
              490.699E-03         39.2538E+03 
              490.822E-03         39.2607E+03 
              491.007E-03         39.2711E+03 
              491.283E-03         39.2867E+03 
              491.36E-03          39.2911E+03 
              491.437E-03         39.2955E+03 
              491.552E-03         39.3022E+03 
              491.725E-03         39.3129E+03 
              491.984E-03         39.3308E+03 
              492.082E-03         39.3379E+03 
              492.228E-03         39.3489E+03 
              492.446E-03         39.3661E+03 
              492.775E-03         39.394E+03  
              492.898E-03         39.4048E+03 
              493.083E-03         39.4224E+03 
              493.16E-03          39.43E+03   
              493.275E-03         39.4421E+03 
              493.448E-03         39.462E+03  
              493.525E-03         39.4713E+03 
              493.641E-03         39.4859E+03 
              493.814E-03         39.5091E+03 
              494.074E-03         39.5459E+03 
              494.171E-03         39.5599E+03 
              494.318E-03         39.5809E+03 
              494.537E-03         39.612E+03  
              494.619E-03         39.6235E+03 
              494.743E-03         39.6404E+03 
              494.928E-03         39.6644E+03 
              495.005E-03         39.6741E+03 
              495.12E-03          39.6879E+03 
              495.294E-03         39.7068E+03 
              495.371E-03         39.7148E+03 
              495.487E-03         39.7258E+03 
              495.66E-03          39.7401E+03 
              495.921E-03         39.7567E+03 
              496.311E-03         39.7728E+03 
              496.458E-03         39.7779E+03 
              496.678E-03         39.7836E+03 
              496.76E-03          39.7856E+03 
              496.884E-03         39.7882E+03 
              497.069E-03         39.7918E+03 
              497.348E-03         39.798E+03  
              497.452E-03         39.8007E+03 
              497.609E-03         39.8052E+03 
              497.844E-03         39.8144E+03 
              497.932E-03         39.8183E+03 
              498.064E-03         39.8249E+03 
              498.263E-03         39.8372E+03 
              498.56E-03          39.8605E+03 
              498.672E-03         39.87E+03   
              498.84E-03          39.8857E+03 
              499.091E-03         39.9118E+03 
              499.468E-03         39.9543E+03 
              499.609E-03         39.9706E+03 
              499.687E-03         39.9795E+03 
              499.803E-03         39.9931E+03 
              499.977E-03         40.0133E+03 
              500.239E-03         40.0428E+03 
              500.337E-03         40.0537E+03 
              500.484E-03         40.0697E+03 
              500.705E-03         40.0925E+03 
              500.788E-03         40.1009E+03 
              500.912E-03         40.1132E+03 
              501.098E-03         40.1307E+03 
              501.378E-03         40.1554E+03 
              501.482E-03         40.1645E+03 
              501.64E-03          40.1776E+03 
              501.876E-03         40.1966E+03 
              502.23E-03          40.2243E+03 
              502.363E-03         40.2346E+03 
              502.44E-03          40.2406E+03 
              502.557E-03         40.2495E+03 
              502.732E-03         40.2628E+03 
              502.994E-03         40.2825E+03 
              503.092E-03         40.2899E+03 
              503.24E-03          40.3009E+03 
              503.461E-03         40.3171E+03 
              503.544E-03         40.3231E+03 
              503.669E-03         40.332E+03  
              503.856E-03         40.3451E+03 
              504.136E-03         40.3638E+03 
              504.241E-03         40.3708E+03 
              504.399E-03         40.3809E+03 
              504.635E-03         40.3955E+03 
              504.724E-03         40.4009E+03 
              504.857E-03         40.4089E+03 
              505.057E-03         40.4207E+03 
              505.357E-03         40.4387E+03 
              505.469E-03         40.4455E+03 
              505.638E-03         40.456E+03  
              505.891E-03         40.4726E+03 
              505.986E-03         40.479E+03  
              506.128E-03         40.4889E+03 
              506.342E-03         40.5048E+03 
              506.662E-03         40.5311E+03 
              506.782E-03         40.5413E+03 
              506.963E-03         40.5573E+03 
              507.233E-03         40.5828E+03 
              507.335E-03         40.5926E+03 
              507.487E-03         40.6075E+03 
              507.715E-03         40.6305E+03 
              508.058E-03         40.6652E+03 
              508.187E-03         40.6782E+03 
              508.38E-03          40.6975E+03 
              508.669E-03         40.7254E+03 
              508.777E-03         40.7358E+03 
              508.94E-03          40.7509E+03 
              509.018E-03         40.758E+03  
              509.136E-03         40.7685E+03 
              509.312E-03         40.7835E+03 
              509.576E-03         40.8047E+03 
              509.674E-03         40.8125E+03 
              509.823E-03         40.8238E+03 
              510.046E-03         40.8399E+03 
              510.129E-03         40.8458E+03 
              510.255E-03         40.8545E+03 
              510.443E-03         40.8671E+03 
              510.521E-03         40.8724E+03 
              510.639E-03         40.8801E+03 
              510.815E-03         40.8915E+03 
              511.079E-03         40.9086E+03 
              511.476E-03         40.9352E+03 
              511.624E-03         40.9453E+03 
              511.703E-03         40.9507E+03 
              511.82E-03          40.9589E+03 
              511.997E-03         40.9714E+03 
              512.075E-03         40.977E+03  
              512.193E-03         40.9856E+03 
              512.369E-03         40.9987E+03 
              512.448E-03         41.0047E+03 
              512.565E-03         41.0137E+03 
              512.742E-03         41.0274E+03 
              512.82E-03          41.0336E+03 
              512.938E-03         41.043E+03  
              513.115E-03         41.0573E+03 
              513.38E-03          41.0791E+03 
              513.479E-03         41.0873E+03 
              513.628E-03         41.0998E+03 
              513.852E-03         41.1186E+03 
              514.187E-03         41.1469E+03 
              514.313E-03         41.1576E+03 
              514.502E-03         41.1736E+03 
              514.58E-03          41.1803E+03 
              514.698E-03         41.1903E+03 
              514.875E-03         41.2053E+03 
              515.141E-03         41.2278E+03 
              515.24E-03          41.2363E+03 
              515.389E-03         41.2489E+03 
              515.613E-03         41.2678E+03 
              515.698E-03         41.2749E+03 
              515.823E-03         41.2855E+03 
              516.013E-03         41.3014E+03 
              516.296E-03         41.3251E+03 
              516.403E-03         41.334E+03  
              516.562E-03         41.3472E+03 
              516.802E-03         41.3669E+03 
              516.892E-03         41.3743E+03 
              517.026E-03         41.3853E+03 
              517.229E-03         41.4017E+03 
              517.307E-03         41.4081E+03 
              517.426E-03         41.4176E+03 
              517.603E-03         41.4318E+03 
              517.869E-03         41.4527E+03 
              517.969E-03         41.4606E+03 
              518.119E-03         41.4723E+03 
              518.343E-03         41.4896E+03 
              518.427E-03         41.4961E+03 
              518.554E-03         41.5058E+03 
              518.743E-03         41.5203E+03 
              518.822E-03         41.5263E+03 
              518.941E-03         41.5353E+03 
              519.118E-03         41.5488E+03 
              519.385E-03         41.5692E+03 
              519.785E-03         41.6E+03    
              519.935E-03         41.6117E+03 
              520.014E-03         41.6179E+03 
              520.132E-03         41.6272E+03 
              520.31E-03          41.6412E+03 
              520.577E-03         41.6624E+03 
              520.677E-03         41.6705E+03 
              520.827E-03         41.6826E+03 
              521.052E-03         41.7009E+03 
              521.137E-03         41.7078E+03 
              521.263E-03         41.7182E+03 
              521.453E-03         41.7339E+03 
              521.739E-03         41.7576E+03 
              521.846E-03         41.7665E+03 
              522.006E-03         41.7799E+03 
              522.247E-03         41.8E+03    
              522.337E-03         41.8076E+03 
              522.472E-03         41.8189E+03 
              522.676E-03         41.8358E+03 
              522.981E-03         41.861E+03  
              523.095E-03         41.8704E+03 
              523.267E-03         41.8845E+03 
              523.524E-03         41.9054E+03 
              523.91E-03          41.9363E+03 
              524.055E-03         41.9479E+03 
              524.273E-03         41.965E+03  
              524.354E-03         41.9715E+03 
              524.476E-03         41.9811E+03 
              524.66E-03          41.9954E+03 
              524.935E-03         42.0167E+03 
              525.038E-03         42.0248E+03 
              525.193E-03         42.0367E+03 
              525.425E-03         42.0546E+03 
              525.513E-03         42.0613E+03 
              525.643E-03         42.0713E+03 
              525.839E-03         42.0864E+03 
              526.134E-03         42.109E+03  
              526.244E-03         42.1175E+03 
              526.41E-03          42.1303E+03 
              526.658E-03         42.1495E+03 
              526.751E-03         42.1568E+03 
              526.891E-03         42.1676E+03 
              527.101E-03         42.184E+03  
              527.415E-03         42.2087E+03 
              527.533E-03         42.218E+03  
              527.71E-03          42.232E+03  
              527.976E-03         42.2531E+03 
              528.375E-03         42.2848E+03 
              528.524E-03         42.2968E+03 
              528.748E-03         42.3147E+03 
              528.832E-03         42.3215E+03 
              528.959E-03         42.3316E+03 
              529.148E-03         42.3467E+03 
              529.228E-03         42.3532E+03 
              529.347E-03         42.3627E+03 
              529.526E-03         42.3771E+03 
              529.606E-03         42.3835E+03 
              529.726E-03         42.3931E+03 
              529.905E-03         42.4074E+03 
              530.04E-03          42.4182E+03 
              530.242E-03         42.4343E+03 
              530.444E-03         42.4503E+03 
              530.646E-03         42.4664E+03 
              530.726E-03         42.4728E+03 
              530.845E-03         42.4823E+03 
              531.025E-03         42.4964E+03 
              531.294E-03         42.5173E+03 
              531.374E-03         42.5235E+03 
              531.454E-03         42.5296E+03 
              531.574E-03         42.5386E+03 
              531.754E-03         42.5514E+03 
              531.834E-03         42.557E+03  
              531.953E-03         42.5649E+03 
              532.133E-03         42.5752E+03 
              532.313E-03         42.5834E+03 
              532.493E-03         42.5894E+03 
              532.673E-03         42.5931E+03 
              532.753E-03         42.5943E+03 
              532.873E-03         42.5954E+03 
              532.953E-03         42.5959E+03 
              533.073E-03         42.5965E+03 
              533.193E-03         42.5975E+03 
              533.313E-03         42.5992E+03 
              533.433E-03         42.6023E+03 
              533.553E-03         42.607E+03  
              533.733E-03         42.6179E+03 
              533.813E-03         42.6235E+03 
              533.933E-03         42.6333E+03 
              534.113E-03         42.6493E+03 
              534.193E-03         42.6565E+03 
              534.313E-03         42.6666E+03 
              534.494E-03         42.6778E+03 
              534.574E-03         42.6817E+03 
              534.694E-03         42.6848E+03 
              534.874E-03         42.6823E+03 
              534.954E-03         42.6799E+03 
              535.075E-03         42.6737E+03 
              535.255E-03         42.6622E+03 
              535.335E-03         42.6571E+03 
              535.455E-03         42.6508E+03 
              535.636E-03         42.6482E+03 
              535.816E-03         42.6547E+03 
              535.997E-03         42.6705E+03 
              536.177E-03         42.6938E+03 
              536.358E-03         42.7224E+03 
              536.538E-03         42.7536E+03 
              536.618E-03         42.7679E+03 
              536.739E-03         42.7892E+03 
              536.92E-03          42.8198E+03 
              537.E-03            42.833E+03  
              537.12E-03          42.8515E+03 
              537.301E-03         42.8757E+03 
              537.381E-03         42.8858E+03 
              537.502E-03         42.899E+03  
              537.682E-03         42.9149E+03 
              537.763E-03         42.9213E+03 
              537.883E-03         42.9293E+03 
              538.064E-03         42.9385E+03 
              538.144E-03         42.9422E+03 
              538.265E-03         42.947E+03  
              538.446E-03         42.9538E+03 
              538.526E-03         42.9568E+03 
              538.607E-03         42.96E+03   
              538.727E-03         42.9653E+03 
              538.848E-03         42.9715E+03 
              538.969E-03         42.9788E+03 
              539.089E-03         42.9872E+03 
              539.21E-03          42.9966E+03 
              539.391E-03         43.012E+03  
              539.663E-03         43.0325E+03 
              539.934E-03         43.0448E+03 
              540.206E-03         43.0462E+03 
              540.478E-03         43.0383E+03 
              540.75E-03          43.0262E+03 
              541.022E-03         43.0165E+03 
              541.226E-03         43.0128E+03 
              541.306E-03         43.012E+03  
              541.427E-03         43.0127E+03 
              541.609E-03         43.0183E+03 
              541.881E-03         43.035E+03  
              542.153E-03         43.0577E+03 
              542.425E-03         43.084E+03  
              542.698E-03         43.111E+03  
              543.106E-03         43.1467E+03 
              543.208E-03         43.1553E+03 
              543.311E-03         43.1634E+03 
              543.464E-03         43.1743E+03 
              543.694E-03         43.1886E+03 
              544.039E-03         43.2108E+03 
              544.125E-03         43.2165E+03 
              544.212E-03         43.2225E+03 
              544.341E-03         43.2323E+03 
              544.535E-03         43.2501E+03 
              544.827E-03         43.2842E+03 
              544.936E-03         43.298E+03  
              545.1E-03           43.3206E+03 
              545.346E-03         43.3561E+03 
              545.715E-03         43.4049E+03 
              545.807E-03         43.4168E+03 
              545.9E-03           43.4281E+03 
              546.038E-03         43.4436E+03 
              546.246E-03         43.4632E+03 
              546.557E-03         43.4852E+03 
              546.674E-03         43.4925E+03 
              546.85E-03          43.5016E+03 
              547.113E-03         43.513E+03  
              547.508E-03         43.5293E+03 
              547.656E-03         43.5356E+03 
              547.878E-03         43.5458E+03 
              548.211E-03         43.5643E+03 
              548.711E-03         43.6014E+03 
              548.899E-03         43.6168E+03 
              549.18E-03          43.6427E+03 
              549.286E-03         43.6528E+03 
              549.444E-03         43.6689E+03 
              549.682E-03         43.6945E+03 
              550.038E-03         43.7347E+03 
              550.573E-03         43.7928E+03 
              550.774E-03         43.8141E+03 
              551.075E-03         43.8437E+03 
              551.188E-03         43.8545E+03 
              551.358E-03         43.8698E+03 
              551.612E-03         43.8907E+03 
              551.993E-03         43.9177E+03 
              552.136E-03         43.9273E+03 
              552.351E-03         43.9406E+03 
              552.673E-03         43.959E+03  
              552.794E-03         43.9658E+03 
              552.975E-03         43.9756E+03 
              553.247E-03         43.9904E+03 
              553.654E-03         44.0137E+03 
              553.807E-03         44.0228E+03 
              554.037E-03         44.0369E+03 
              554.381E-03         44.0595E+03 
              554.898E-03         44.0965E+03 
              555.092E-03         44.1109E+03 
              555.383E-03         44.1329E+03 
              555.492E-03         44.1413E+03 
              555.655E-03         44.154E+03  
              555.901E-03         44.1733E+03 
              555.993E-03         44.1806E+03 
              556.131E-03         44.1916E+03 
              556.338E-03         44.2081E+03 
              556.649E-03         44.2329E+03 
              556.766E-03         44.2422E+03 
              556.941E-03         44.2562E+03 
              557.203E-03         44.2772E+03 
              557.597E-03         44.3087E+03 
              557.745E-03         44.3206E+03 
              557.966E-03         44.3384E+03 
              558.299E-03         44.3651E+03 
              558.798E-03         44.4047E+03 
              558.985E-03         44.4195E+03 
              559.266E-03         44.4414E+03 
              559.687E-03         44.4734E+03 
              559.845E-03         44.4853E+03 
              560.082E-03         44.5028E+03 
              560.438E-03         44.5285E+03 
              560.571E-03         44.538E+03  
              560.771E-03         44.5521E+03 
              561.072E-03         44.5729E+03 
              561.184E-03         44.5808E+03 
              561.353E-03         44.5924E+03 
              561.607E-03         44.6097E+03 
              561.987E-03         44.636E+03  
              562.13E-03          44.646E+03  
              562.344E-03         44.6611E+03 
              562.665E-03         44.6842E+03 
              562.785E-03         44.693E+03  
              562.966E-03         44.7064E+03 
              563.237E-03         44.727E+03  
              563.644E-03         44.759E+03  
              563.796E-03         44.7712E+03 
              564.025E-03         44.7898E+03 
              564.369E-03         44.8183E+03 
              564.884E-03         44.8619E+03 
              565.077E-03         44.8785E+03 
              565.367E-03         44.9033E+03 
              565.476E-03         44.9127E+03 
              565.64E-03          44.9266E+03 
              565.884E-03         44.9476E+03 
              566.252E-03         44.9787E+03 
              566.389E-03         44.9905E+03 
              566.596E-03         45.0079E+03 
              566.906E-03         45.0337E+03 
              567.372E-03         45.0718E+03 
              567.546E-03         45.0862E+03 
              567.808E-03         45.1073E+03 
              568.201E-03         45.1387E+03 
              568.348E-03         45.1505E+03 
              568.569E-03         45.1681E+03 
              568.901E-03         45.1942E+03 
              569.026E-03         45.2041E+03 
              569.212E-03         45.2187E+03 
              569.492E-03         45.2407E+03 
              569.772E-03         45.2628E+03 
              570.053E-03         45.2848E+03 
              570.333E-03         45.3068E+03 
              570.613E-03         45.3284E+03 
              570.894E-03         45.3492E+03 
              571.314E-03         45.3782E+03 
              571.472E-03         45.3887E+03 
              571.709E-03         45.4039E+03 
              571.798E-03         45.4095E+03 
              571.931E-03         45.4178E+03 
              572.131E-03         45.4303E+03 
              572.214E-03         45.4356E+03 
              572.338E-03         45.4437E+03 
              572.524E-03         45.4566E+03 
              572.804E-03         45.4785E+03 
              572.909E-03         45.4872E+03 
              573.066E-03         45.5011E+03 
              573.302E-03         45.524E+03  
              573.391E-03         45.5329E+03 
              573.523E-03         45.5467E+03 
              573.723E-03         45.5683E+03 
              574.022E-03         45.6014E+03 
              574.134E-03         45.6138E+03 
              574.302E-03         45.6323E+03 
              574.555E-03         45.6589E+03 
              574.933E-03         45.6948E+03 
              575.075E-03         45.7076E+03 
              575.288E-03         45.7253E+03 
              575.608E-03         45.7487E+03 
              576.088E-03         45.7791E+03 
              576.268E-03         45.7901E+03 
              576.351E-03         45.7951E+03 
              576.475E-03         45.8024E+03 
              576.662E-03         45.8133E+03 
              576.746E-03         45.8182E+03 
              576.87E-03          45.8255E+03 
              577.057E-03         45.8369E+03 
              577.338E-03         45.8553E+03 
              577.443E-03         45.8625E+03 
              577.602E-03         45.8736E+03 
              577.839E-03         45.8914E+03 
              577.927E-03         45.8983E+03 
              578.061E-03         45.9089E+03 
              578.144E-03         45.9157E+03 
              578.269E-03         45.9262E+03 
              578.456E-03         45.9423E+03 
              578.737E-03         45.9673E+03 
              579.018E-03         45.9918E+03 
              579.102E-03         45.9991E+03 
              579.185E-03         46.0062E+03 
              579.31E-03          46.0163E+03 
              579.498E-03         46.0296E+03 
              579.779E-03         46.0425E+03 
              580.06E-03          46.0476E+03 
              580.144E-03         46.0485E+03 
              580.269E-03         46.0483E+03 
              580.456E-03         46.0455E+03 
              580.738E-03         46.0407E+03 
              580.844E-03         46.0391E+03 
              581.002E-03         46.0382E+03 
              581.24E-03          46.0434E+03 
              581.329E-03         46.0465E+03 
              581.463E-03         46.054E+03  
              581.663E-03         46.0729E+03 
              581.964E-03         46.1174E+03 
              582.077E-03         46.1363E+03 
              582.246E-03         46.1687E+03 
              582.5E-03           46.2229E+03 
              582.882E-03         46.304E+03  
              583.025E-03         46.3339E+03 
              583.239E-03         46.3753E+03 
              583.323E-03         46.3909E+03 
              583.448E-03         46.4125E+03 
              583.636E-03         46.4403E+03 
              583.919E-03         46.4702E+03 
              584.024E-03         46.4796E+03 
              584.183E-03         46.4898E+03 
              584.422E-03         46.4966E+03 
              584.779E-03         46.4919E+03 
              584.913E-03         46.4884E+03 
              585.114E-03         46.4803E+03 
              585.416E-03         46.4665E+03 
              585.529E-03         46.4613E+03 
              585.699E-03         46.4544E+03 
              585.954E-03         46.4486E+03 
              586.05E-03          46.4472E+03 
              586.193E-03         46.4472E+03 
              586.408E-03         46.4528E+03 
              586.731E-03         46.475E+03  
              586.852E-03         46.4852E+03 
              587.033E-03         46.5048E+03 
              587.306E-03         46.5422E+03 
              587.714E-03         46.6087E+03 
              587.868E-03         46.6347E+03 
              588.098E-03         46.6743E+03 
              588.443E-03         46.7308E+03 
              588.572E-03         46.7513E+03 
              588.766E-03         46.78E+03   
              588.85E-03          46.792E+03  
              588.976E-03         46.8088E+03 
              589.165E-03         46.8312E+03 
              589.249E-03         46.8406E+03 
              589.375E-03         46.8533E+03 
              589.565E-03         46.8695E+03 
              589.754E-03         46.883E+03  
              589.943E-03         46.8941E+03 
              590.132E-03         46.903E+03  
              590.216E-03         46.9066E+03 
              590.342E-03         46.9109E+03 
              590.531E-03         46.9154E+03 
              590.616E-03         46.9169E+03 
              590.742E-03         46.918E+03  
              590.931E-03         46.917E+03  
              591.215E-03         46.9121E+03 
              591.357E-03         46.9095E+03 
              591.499E-03         46.9073E+03 
              591.583E-03         46.9064E+03 
              591.71E-03          46.9063E+03 
              591.794E-03         46.9071E+03 
              591.92E-03          46.9104E+03 
              592.109E-03         46.9202E+03 
              592.194E-03         46.9255E+03 
              592.32E-03          46.935E+03  
              592.415E-03         46.9428E+03 
              592.499E-03         46.95E+03   
              592.625E-03         46.9608E+03 
              592.815E-03         46.9741E+03 
              593.1E-03           46.9832E+03 
              593.184E-03         46.9849E+03 
              593.268E-03         46.9855E+03 
              593.395E-03         46.9839E+03 
              593.584E-03         46.9771E+03 
              593.669E-03         46.9733E+03 
              593.795E-03         46.9663E+03 
              593.985E-03         46.9545E+03 
              594.27E-03          46.937E+03  
              594.354E-03         46.932E+03  
              594.438E-03         46.9271E+03 
              594.565E-03         46.9202E+03 
              594.755E-03         46.9107E+03 
              594.945E-03         46.9024E+03 
              595.029E-03         46.899E+03  
              595.156E-03         46.8944E+03 
              595.346E-03         46.8896E+03 
              595.536E-03         46.8879E+03 
              595.678E-03         46.8888E+03 
              595.821E-03         46.8923E+03 
              595.905E-03         46.8954E+03 
              596.032E-03         46.9024E+03 
              596.222E-03         46.9185E+03 
              596.412E-03         46.9401E+03 
              596.603E-03         46.9667E+03 
              596.793E-03         46.9973E+03 
              596.983E-03         47.0311E+03 
              597.068E-03         47.0467E+03 
              597.194E-03         47.0709E+03 
              597.385E-03         47.108E+03  
              597.469E-03         47.1245E+03 
              597.596E-03         47.1493E+03 
              597.786E-03         47.1854E+03 
              597.871E-03         47.2013E+03 
              597.998E-03         47.2244E+03 
              598.188E-03         47.2577E+03 
              598.474E-03         47.305E+03  
              598.581E-03         47.3225E+03 
              598.742E-03         47.348E+03  
              598.983E-03         47.385E+03  
              599.074E-03         47.3987E+03 
              599.209E-03         47.4187E+03 
              599.413E-03         47.4472E+03 
              599.498E-03         47.4588E+03 
              599.625E-03         47.4754E+03 
              599.709E-03         47.4861E+03 
              599.837E-03         47.5011E+03 
              599.932E-03         47.5119E+03 
              600.075E-03         47.5265E+03 
              600.29E-03          47.5449E+03 
              600.374E-03         47.5516E+03 
              600.459E-03         47.5577E+03 
              600.586E-03         47.5656E+03 
              600.777E-03         47.5745E+03 
              600.968E-03         47.5802E+03 
              601.159E-03         47.5822E+03 
              601.35E-03          47.58E+03   
              601.541E-03         47.5727E+03 
              601.732E-03         47.5595E+03 
              602.018E-03         47.5257E+03 
              602.126E-03         47.5112E+03 
              602.287E-03         47.4857E+03 
              602.372E-03         47.4714E+03 
              602.499E-03         47.4486E+03 
              602.69E-03          47.4154E+03 
              602.775E-03         47.4012E+03 
              602.903E-03         47.3825E+03 
              603.094E-03         47.3646E+03 
              603.179E-03         47.359E+03  
              603.306E-03         47.3565E+03 
              603.497E-03         47.3669E+03 
              603.582E-03         47.3742E+03 
              603.71E-03          47.3908E+03 
              603.901E-03         47.4254E+03 
              603.986E-03         47.4425E+03 
              604.114E-03         47.4708E+03 
              604.305E-03         47.5173E+03 
              604.39E-03          47.5385E+03 
              604.518E-03         47.5713E+03 
              604.709E-03         47.6222E+03 
              604.794E-03         47.6451E+03 
              604.922E-03         47.6801E+03 
              605.113E-03         47.734E+03  
              605.199E-03         47.7581E+03 
              605.326E-03         47.7946E+03 
              605.518E-03         47.8482E+03 
              605.603E-03         47.8717E+03 
              605.731E-03         47.9054E+03 
              605.922E-03         47.9503E+03 
              606.007E-03         47.969E+03  
              606.135E-03         47.9934E+03 
              606.327E-03         48.0206E+03 
              606.412E-03         48.0308E+03 
              606.54E-03          48.0415E+03 
              606.732E-03         48.0477E+03 
              607.019E-03         48.0393E+03 
              607.127E-03         48.034E+03  
              607.289E-03         48.0221E+03 
              607.532E-03         47.9997E+03 
              607.623E-03         47.9908E+03 
              607.759E-03         47.9773E+03 
              607.964E-03         47.9587E+03 
              608.05E-03          47.9513E+03 
              608.178E-03         47.9418E+03 
              608.37E-03          47.932E+03  
              608.455E-03         47.9286E+03 
              608.583E-03         47.9262E+03 
              608.775E-03         47.9287E+03 
              609.063E-03         47.9467E+03 
              609.171E-03         47.9555E+03 
              609.333E-03         47.9726E+03 
              609.495E-03         47.9932E+03 
              609.657E-03         48.0167E+03 
              609.743E-03         48.0297E+03 
              609.871E-03         48.0503E+03 
              610.063E-03         48.0821E+03 
              610.255E-03         48.1133E+03 
              610.448E-03         48.1424E+03 
              610.64E-03          48.1683E+03 
              610.726E-03         48.1791E+03 
              610.811E-03         48.1889E+03 
              610.939E-03         48.2015E+03 
              611.025E-03         48.2087E+03 
              611.11E-03          48.2148E+03 
              611.196E-03         48.2196E+03 
              611.324E-03         48.2236E+03 
              611.41E-03          48.2248E+03 
              611.538E-03         48.2232E+03 
              611.73E-03          48.2127E+03 
              611.923E-03         48.1945E+03 
              612.115E-03         48.1697E+03 
              612.201E-03         48.1574E+03 
              612.287E-03         48.144E+03  
              612.415E-03         48.1219E+03 
              612.608E-03         48.0859E+03 
              612.8E-03           48.0489E+03 
              612.993E-03         48.0129E+03 
              613.186E-03         47.9795E+03 




