
                  X          uf-100-45-exp-n=1

                0.                -0.         
               39.94E-09         112.085E-03  
              319.041E-09        535.177E-03  
                1.70601E-06        1.29607    
                7.53894E-06        2.82675    
               29.9775E-06         5.66359    
              111.812E-06         10.7014     
              399.954E-06         20.218      
                1.38837E-03       41.5607     
                4.70264E-03       98.5709     
               15.5512E-03       264.886      
               49.9952E-03       754.657      
              154.626E-03          2.09947E+03
              450.699E-03          5.12296E+03
              909.771E-03          8.30104E+03
                1.49255           10.7821E+03 
                2.13477           12.4465E+03 
                2.76111           13.4569E+03 
                3.17637           13.926E+03  
                3.51663           14.2493E+03 
                3.76555           14.4493E+03 
                3.91875           14.5662E+03 
                3.98709           14.6315E+03 
                3.99999           14.6775E+03 
                4.                14.637E+03  




