
                  X             uf-80-45-S90  

                0.                -0.         
               39.94E-09         112.026E-03  
              319.041E-09        534.836E-03  
                1.70601E-06        1.30133    
                7.53894E-06        2.89055    
               29.9775E-06         5.98404    
              111.812E-06         11.731      
              399.954E-06         23.0505     
                1.38837E-03       49.6602     
                4.70264E-03      123.489      
               15.5512E-03       344.939      
               49.9952E-03         1.02076E+03
              154.626E-03          3.03878E+03
              450.699E-03          8.70822E+03
              605.155E-03         11.7424E+03 
              668.784E-03         12.8599E+03 
              735.367E-03         13.9774E+03 
              781.642E-03         14.7224E+03 
              804.78E-03          15.26E+03   
              810.707E-03         15.3627E+03 
              816.634E-03         15.4394E+03 
              818.856E-03         15.4704E+03 
              822.19E-03          15.5103E+03 
              822.561E-03         15.5148E+03 
              824.703E-03         15.5405E+03 
              827.032E-03         15.5673E+03 
              827.219E-03         15.5694E+03 
              828.165E-03         15.5812E+03 
              829.583E-03         15.5973E+03 
              831.712E-03         15.6199E+03 
              833.758E-03         15.6407E+03 
              834.907E-03         15.6523E+03 
              836.107E-03         15.6662E+03 
              836.286E-03         15.668E+03  
              837.235E-03         15.6778E+03 
              837.909E-03         15.6848E+03 
              838.66E-03          15.692E+03  
              840.614E-03         15.7109E+03 
              840.798E-03         15.7129E+03 
              841.601E-03         15.7217E+03 
              841.63E-03          15.722E+03  
              842.805E-03         15.7337E+03 
              843.154E-03         15.7372E+03 
              844.613E-03         15.7509E+03 
              845.443E-03         15.7587E+03 
              846.302E-03         15.7678E+03 
              847.328E-03         15.7778E+03 
              847.591E-03         15.7804E+03 
              849.527E-03         15.7986E+03 
              850.046E-03         15.8035E+03 
              852.433E-03         15.826E+03  
              852.769E-03         15.8296E+03 
              853.524E-03         15.8378E+03 
              855.162E-03         15.8543E+03 
              855.495E-03         15.8576E+03 
              857.621E-03         15.8786E+03 
              858.224E-03         15.8854E+03 
              858.543E-03         15.8889E+03 
              859.928E-03         15.9035E+03 
              860.958E-03         15.9142E+03 
              861.983E-03         15.9248E+03 
              862.007E-03         15.925E+03  
              863.523E-03         15.9409E+03 
              865.131E-03         15.9577E+03 
              865.835E-03         15.9661E+03 
              866.303E-03         15.9717E+03 
              866.703E-03         15.9762E+03 
              868.005E-03         15.9906E+03 
              868.062E-03         15.9913E+03 
              869.96E-03          16.0117E+03 
              870.705E-03         16.0197E+03 
              871.697E-03         16.0316E+03 
              872.895E-03         16.045E+03  
              873.185E-03         16.0483E+03 
              873.997E-03         16.057E+03  
              875.42E-03          16.0722E+03 
              875.651E-03         16.0749E+03 
              876.259E-03         16.0821E+03 
              877.517E-03         16.096E+03  
              878.134E-03         16.1025E+03 
              879.066E-03         16.1123E+03 
              879.406E-03         16.1158E+03 
              880.465E-03         16.1267E+03 
              882.244E-03         16.1448E+03 
              882.565E-03         16.1485E+03 
              883.308E-03         16.157E+03  
              883.353E-03         16.1574E+03 
              884.535E-03         16.1698E+03 
              884.907E-03         16.1737E+03 
              886.31E-03          16.1876E+03 
              887.307E-03         16.1975E+03 
              888.207E-03         16.2074E+03 
              888.976E-03         16.2152E+03 
              889.559E-03         16.2212E+03 
              889.976E-03         16.2252E+03 
              891.477E-03         16.2397E+03 
              891.588E-03         16.2408E+03 
              892.349E-03         16.2489E+03 
              893.491E-03         16.2603E+03 
              893.731E-03         16.2626E+03 
              894.577E-03         16.2706E+03 
              895.206E-03         16.2766E+03 
              895.847E-03         16.2826E+03 
              897.752E-03         16.3005E+03 
              897.781E-03         16.3008E+03 
              898.467E-03         16.308E+03  
              898.748E-03         16.311E+03  
              899.54E-03          16.3187E+03 
              900.198E-03         16.3252E+03 
              901.15E-03          16.3341E+03 
              902.376E-03         16.3456E+03 
              903.193E-03         16.3541E+03 
              903.568E-03         16.3578E+03 
              904.419E-03         16.3661E+03 
              904.476E-03         16.3667E+03 
              905.837E-03         16.3795E+03 
              906.259E-03         16.3835E+03 
              906.95E-03          16.3906E+03 
              907.881E-03         16.3997E+03 
              907.986E-03         16.4008E+03 
              908.648E-03         16.407E+03  
              909.542E-03         16.4154E+03 
              909.799E-03         16.4178E+03 
              911.527E-03         16.4337E+03 
              911.877E-03         16.4369E+03 
              912.753E-03         16.4459E+03 
              914.068E-03         16.4585E+03 
              914.121E-03         16.459E+03  
              915.095E-03         16.4679E+03 
              916.042E-03         16.4765E+03 
              916.556E-03         16.4816E+03 
              916.783E-03         16.4838E+03 
              917.894E-03         16.4942E+03 
              918.749E-03         16.5018E+03 
              919.562E-03         16.5089E+03 
              919.572E-03         16.509E+03  
              920.807E-03         16.5193E+03 
              922.067E-03         16.5299E+03 
              922.661E-03         16.5354E+03 
              923.007E-03         16.5387E+03 
              923.357E-03         16.5416E+03 
              924.401E-03         16.5505E+03 
              924.418E-03         16.5506E+03 
              925.968E-03         16.5626E+03 
              926.536E-03         16.5669E+03 
              927.33E-03          16.5737E+03 
              928.32E-03          16.5814E+03 
              928.523E-03         16.583E+03  
              929.202E-03         16.5877E+03 
              930.313E-03         16.5954E+03 
              930.527E-03         16.5971E+03 
              930.984E-03         16.6006E+03 
              931.992E-03         16.6075E+03 
              932.515E-03         16.6108E+03 
              933.261E-03         16.6154E+03 
              933.504E-03         16.6169E+03 
              934.381E-03         16.6216E+03 
              935.775E-03         16.629E+03  
              936.061E-03         16.6308E+03 
              936.626E-03         16.6342E+03 
              936.691E-03         16.6346E+03 
              937.637E-03         16.6394E+03 
              937.905E-03         16.6408E+03 
              939.057E-03         16.6454E+03 
              939.824E-03         16.6485E+03 
              940.544E-03         16.6518E+03 
              941.188E-03         16.6542E+03 
              941.625E-03         16.6558E+03 
              941.988E-03         16.6568E+03 
              943.188E-03         16.6599E+03 
              943.246E-03         16.66E+03   
              943.855E-03         16.6619E+03 
              944.768E-03         16.664E+03  
              944.989E-03         16.6642E+03 
              945.665E-03         16.6651E+03 
              946.138E-03         16.6656E+03 
              946.679E-03         16.6656E+03 
              948.194E-03         16.6655E+03 
              948.2E-03           16.6655E+03 
              948.966E-03         16.6658E+03 
              950.124E-03         16.665E+03  
              950.485E-03         16.6642E+03 
              951.862E-03         16.6611E+03 
              952.514E-03         16.6599E+03 
              952.772E-03         16.6592E+03 
              953.493E-03         16.657E+03  
              954.961E-03         16.6506E+03 
              955.061E-03         16.65E+03   
              955.92E-03          16.6445E+03 
              957.165E-03         16.6367E+03 
              957.208E-03         16.6363E+03 
              959.143E-03         16.6207E+03 
              959.371E-03         16.6189E+03 
              959.869E-03         16.6138E+03 
              960.958E-03         16.6027E+03 
              961.58E-03          16.5964E+03 
              962.593E-03         16.5836E+03 
              963.207E-03         16.5759E+03 
              963.79E-03          16.5685E+03 
              964.127E-03         16.5634E+03 
              965.508E-03         16.5423E+03 
              966.002E-03         16.5348E+03 
              967.581E-03         16.5061E+03 
              968.217E-03         16.4945E+03 
              969.656E-03         16.4639E+03 
              970.433E-03         16.4474E+03 
              971.732E-03         16.4155E+03 
              972.651E-03         16.393E+03  
              973.811E-03         16.3606E+03 
              974.872E-03         16.331E+03  
              975.891E-03         16.2989E+03 
              977.094E-03         16.2611E+03 
              979.014E-03         16.1939E+03 
              979.318E-03         16.1832E+03 
              979.796E-03         16.1648E+03 
              980.577E-03         16.1347E+03 
              981.544E-03         16.0974E+03 
              981.75E-03          16.0895E+03 
              982.101E-03         16.076E+03  
              982.658E-03         16.054E+03  
              983.494E-03         16.0194E+03 
              983.511E-03         16.0187E+03 
              984.748E-03         15.9645E+03 
              986.003E-03         15.907E+03  
              986.154E-03         15.8998E+03 
              987.258E-03         15.8471E+03 
              988.514E-03         15.7848E+03 
              988.799E-03         15.77E+03   
              989.77E-03          15.7199E+03 
              991.027E-03         15.6526E+03 
              991.448E-03         15.6292E+03 
              992.285E-03         15.5827E+03 
              993.543E-03         15.5104E+03 
              994.099E-03         15.4774E+03 
              994.803E-03         15.4356E+03 
              995.275E-03         15.4074E+03 
              995.983E-03         15.3642E+03 
              996.753E-03         15.3157E+03 
              997.047E-03         15.2972E+03 
              998.111E-03         15.2285E+03 
              999.174E-03         15.1581E+03 
              999.41E-03          15.142E+03  
                1.00077           15.0484E+03 
                1.00207           14.9564E+03 
                1.00237           14.9351E+03 
                1.00397           14.8182E+03 
                1.00473           14.7606E+03 
                1.00557           14.6975E+03 
                1.00717           14.5729E+03 
                1.0074            14.5546E+03 
                1.00877           14.4441E+03 
                1.01006           14.3365E+03 
                1.01037           14.3107E+03 
                1.01198           14.1718E+03 
                1.01273           14.1031E+03 
                1.01358           14.0262E+03 
                1.01519           13.8724E+03 
                1.01541           13.85E+03   
                1.01679           13.7084E+03 
                1.01808           13.5669E+03 
                1.0184            13.5318E+03 
                1.02001           13.3397E+03 
                1.02076           13.2415E+03 
                1.02162           13.129E+03  
                1.02323           12.8962E+03 
                1.02344           12.8624E+03 
                1.02484           12.6375E+03 
                1.02613           12.4082E+03 
                1.02645           12.3492E+03 
                1.02807           12.0274E+03 
                1.02881           11.8621E+03 
                1.02968           11.6683E+03 
                1.0313            11.2685E+03 
                1.0315            11.213E+03  
                1.03291           10.8249E+03 
                1.03419           10.4381E+03 
                1.03453           10.3352E+03 
                1.03615            9.7979E+03 
                1.03689            9.53192E+03
                1.03777            9.21282E+03
                1.03939            8.58109E+03
                1.03958            8.50033E+03
                1.04026            8.21921E+03
                1.04093            7.938E+03  
                1.04101            7.90541E+03
                1.04194            7.49338E+03
                1.04263            7.19013E+03
                1.04346            6.80624E+03
                1.04425            6.44123E+03
                1.04498            6.09316E+03
                1.04588            5.66608E+03
                1.0465             5.36045E+03
                1.0475             4.87319E+03
                1.04803            4.61512E+03
                1.04913            4.07169E+03
                1.04955            3.86483E+03
                1.05012            3.58365E+03
                1.05076            3.27093E+03
                1.05098            3.16315E+03
                1.05183            2.74645E+03
                1.05238            2.47991E+03
                1.05269            2.33317E+03
                1.05355            1.92594E+03
                1.05401            1.70686E+03
                1.05484            1.32793E+03
                1.05564          958.84       
                1.05612          746.007      
                1.05727          241.492      
                1.05741          182.198      
                1.0587          -357.155      
                1.0589          -441.083      
                1.05999         -871.59       
                1.06053           -1.08631E+03
                1.06128           -1.36802E+03
                1.06176           -1.54838E+03
                1.06257           -1.8404E+03 
                1.06298           -1.98872E+03
                1.06386           -2.28879E+03
                1.06421           -2.4074E+03 
                1.06515           -2.71348E+03
                1.06544           -2.80479E+03
                1.06666           -3.18145E+03
                1.06709           -3.30638E+03
                1.06789           -3.53805E+03
                1.06835           -3.66878E+03
                1.06903           -3.85657E+03
                1.06904           -3.85891E+03
                1.07008           -4.13098E+03
                1.07098           -4.3496E+03 
                1.07163           -4.51015E+03
                1.07292           -4.79906E+03
                1.07319           -4.8603E+03 
                1.07436           -5.10645E+03
                1.07553           -5.33628E+03
                1.07583           -5.39254E+03
                1.07669           -5.54939E+03
                1.07786           -5.74516E+03
                1.07875           -5.88041E+03
                1.07903           -5.92286E+03
                1.0802            -6.08166E+03
                1.08137           -6.22066E+03
                1.08168           -6.25121E+03
                1.08254           -6.33896E+03
                1.08372           -6.43567E+03
                1.0846            -6.49185E+03
                1.08489           -6.51002E+03
                1.08606           -6.56134E+03
                1.08723           -6.58913E+03
                1.08753           -6.59013E+03
                1.0884            -6.59309E+03
                1.08958           -6.57315E+03
                1.09046           -6.54036E+03
                1.09075           -6.52943E+03
                1.09119           -6.50952E+03
                1.09185           -6.47236E+03
                1.09284           -6.40049E+03
                1.09339           -6.34789E+03
                1.09433           -6.25759E+03
                1.09489           -6.1988E+03 
                1.09573           -6.10017E+03
                1.09633           -6.01873E+03
                1.09698           -5.92995E+03
                1.09746           -5.8628E+03 
                1.09816           -5.75548E+03
                1.09922           -5.5805E+03 
                1.09927           -5.57229E+03
                1.10081           -5.2892E+03 
                1.10221           -5.01099E+03
                1.10241           -4.97157E+03
                1.104             -4.63055E+03
                1.10515           -4.37214E+03
                1.1052            -4.36264E+03
                1.10639           -4.08403E+03
                1.10759           -3.79577E+03
                1.10804           -3.68619E+03
                1.1081            -3.67036E+03
                1.10871           -3.51922E+03
                1.10972           -3.26351E+03
                1.11105           -2.91821E+03
                1.11124           -2.86998E+03
                1.11275           -2.46827E+03
                1.114             -2.13246E+03
                1.11427           -2.06076E+03
                1.11579           -1.6498E+03 
                1.11696           -1.33227E+03
                1.11731           -1.23765E+03
                1.11883         -826.482      
                1.11992         -533.825      
                1.12035         -418.335      
                1.12187          -15.0749     
                1.12288          248.149      
                1.12339          381.63       
                1.12491          770.332      
                1.12584            1.00185E+03
                1.12644            1.14981E+03
                1.12796            1.51909E+03
                1.12881            1.71853E+03
                1.12949            1.87742E+03
                1.13006            2.0105E+03 
                1.13092            2.20621E+03
                1.1322             2.49098E+03
                1.13327            2.71491E+03
                1.13414            2.89864E+03
                1.13607            3.28755E+03
                1.13661            3.39108E+03
                1.13801            3.65799E+03
                1.13994            4.01058E+03
                1.13996            4.01385E+03
                1.14188            4.34614E+03
                1.14331            4.58247E+03
                1.14382            4.66552E+03
                1.14576            4.96946E+03
                1.14667            5.10539E+03
                1.1477             5.25852E+03
                1.14964            5.53304E+03
                1.15003            5.58518E+03
                1.15158            5.79313E+03
                1.15339            6.02171E+03
                1.15352            6.03874E+03
                1.15547            6.26972E+03
                1.15675            6.41263E+03
                1.15741            6.48594E+03
                1.15936            6.68741E+03
                1.16012            6.76051E+03
                1.16131            6.8743E+03 
                1.16326            7.04708E+03
                1.1635             7.06644E+03
                1.16521            7.20643E+03
                1.16667            7.31899E+03
                1.16687            7.33331E+03
                1.16814            7.42464E+03
                1.1696             7.52388E+03
                1.17025            7.5639E+03 
                1.1718             7.65949E+03
                1.17363            7.76297E+03
                1.174              7.78371E+03
                1.1762             7.89695E+03
                1.17702            7.93485E+03
                1.1784             7.99908E+03
                1.18041            8.08109E+03
                1.18061            8.0893E+03 
                1.18281            8.16609E+03
                1.1838             8.19345E+03
                1.18502            8.2273E+03 
                1.18719            8.26965E+03
                1.18723            8.2703E+03 
                1.18889            8.28673E+03
                1.18944            8.29209E+03
                1.19027            8.2976E+03 
                1.19059            8.29763E+03
                1.19151            8.2977E+03 
                1.19314            8.2806E+03 
                1.19337            8.27818E+03
                1.1941             8.25787E+03
                1.19554            8.21768E+03
                1.19618            8.19978E+03
                1.19769            8.1286E+03 
                1.19898            8.06813E+03
                1.20093            7.93704E+03
                1.20179            7.87929E+03
                1.20416            7.66892E+03
                1.20459            7.63112E+03
                1.2074             7.32328E+03
                1.20741            7.32286E+03
                1.21021            6.95712E+03
                1.21065            6.89195E+03
                1.21303            6.53566E+03
                1.2139             6.39015E+03
                1.21584            6.06347E+03
                1.21714            5.82487E+03
                1.21866            5.54663E+03
                1.2204             5.20574E+03
                1.22148            4.9925E+03 
                1.22365            4.54442E+03
                1.22431            4.40954E+03
                1.22609            4.02589E+03
                1.22854            3.50148E+03
                1.2296             3.27425E+03
                1.22976            3.2398E+03 
                1.23066            3.04552E+03
                1.23225            2.70102E+03
                1.23343            2.44802E+03
                1.23464            2.18862E+03
                1.23711            1.68067E+03
                1.23823            1.45016E+03
                1.24079          957.967      
                1.24182          760.017      
                1.24447          296.544      
                1.24541          132.465      
                1.24815         -290.054      
                1.249           -420.694      
                1.25184         -791.508      
                1.2526          -890.567      
                1.25553           -1.20055E+03
                1.2562            -1.27114E+03
                1.25923           -1.51289E+03
                1.2598            -1.559E+03  
                1.26292           -1.7268E+03 
                1.26341           -1.75295E+03
                1.26663           -1.84255E+03
                1.26702           -1.85357E+03
                1.27033           -1.86211E+03
                1.27063           -1.86289E+03
                1.27404           -1.78864E+03
                1.27425           -1.784E+03  
                1.27775           -1.62627E+03
                1.27787           -1.6208E+03 
                1.28059           -1.4524E+03 
                1.28146           -1.38419E+03
                1.28331           -1.24081E+03
                1.28518           -1.06646E+03
                1.28603         -987.97       
                1.28875         -696.088      
                1.2889          -677.5        
                1.29147         -367.548      
                1.29263         -213.875      
                1.2942            -4.84208    
                1.29636          306.961      
                1.29693          389.442      
                1.29966          812.632      
                1.30009          885.212      
                1.30375            1.50215E+03
                1.30382            1.51443E+03
                1.30756            2.1847E+03 
                1.30785            2.23759E+03
                1.31093            2.81078E+03
                1.3113             2.88112E+03
                1.31401            3.39994E+03
                1.31504            3.60081E+03
                1.31709            4.00043E+03
                1.31879            4.33403E+03
                1.32018            4.60724E+03
                1.32254            5.07216E+03
                1.32326            5.21504E+03
                1.32629            5.80634E+03
                1.32635            5.8183E+03 
                1.32944            6.4113E+03 
                1.33005            6.524E+03  
                1.33254            6.98824E+03
                1.33381            7.21606E+03
                1.33563            7.5432E+03 
                1.33757            7.87304E+03
                1.33873            8.0703E+03 
                1.34133            8.48525E+03
                1.34183            8.56375E+03
                1.34493            9.01795E+03
                1.3451             9.04097E+03
                1.34803            9.42761E+03
                1.34887            9.5327E+03 
                1.34958            9.62124E+03
                1.35113            9.80215E+03
                1.35265            9.95849E+03
                1.35346           10.0431E+03 
                1.35434           10.1296E+03 
                1.35565           10.249E+03  
                1.35642           10.3101E+03 
                1.35762           10.4044E+03 
                1.35784           10.4211E+03 
                1.35835           10.4597E+03 
                1.35946           10.5347E+03 
                1.35997           10.5633E+03 
                1.36112           10.6292E+03 
                1.36316           10.7116E+03 
                1.36362           10.7302E+03 
                1.36435           10.7478E+03 
                1.36611           10.7899E+03 
                1.36615           10.7903E+03 
                1.36798           10.8114E+03 
                1.36885           10.8103E+03 
                1.36986           10.809E+03  
                1.37173           10.783E+03  
                1.37289           10.7521E+03 
                1.3736            10.7334E+03 
                1.37548           10.6605E+03 
                1.37694           10.5857E+03 
                1.37735           10.5648E+03 
                1.37923           10.4468E+03 
                1.381             10.3149E+03 
                1.3811            10.3069E+03 
                1.38298           10.1459E+03 
                1.38439           10.0138E+03 
                1.38505            9.94633E+03
                1.3858             9.87036E+03
                1.38633            9.81516E+03
                1.38712            9.72877E+03
                1.38831            9.59144E+03
                1.38911            9.49138E+03
                1.39009            9.36916E+03
                1.39188            9.13179E+03
                1.39317            8.94906E+03
                1.39366            8.88012E+03
                1.395              8.6838E+03 
                1.39634            8.48009E+03
                1.39724            8.33906E+03
                1.39768            8.26938E+03
                1.39819            8.18954E+03
                1.39894            8.06759E+03
                1.40007            7.88001E+03
                1.40131            7.66807E+03
                1.40177            7.58927E+03
                1.40241            7.47923E+03
                1.40336            7.31135E+03
                1.40479            7.05378E+03
                1.40533            6.9566E+03 
                1.40538            6.94758E+03
                1.40614            6.80912E+03
                1.40735            6.58442E+03
                1.40916            6.24074E+03
                1.40946            6.185E+03  
                1.40984            6.11127E+03
                1.41087            5.91516E+03
                1.4124             5.61738E+03
                1.41297            5.50544E+03
                1.41353            5.39546E+03
                1.41383            5.33654E+03
                1.41513            5.08131E+03
                1.41561            4.98551E+03
                1.41634            4.8413E+03 
                1.41743            4.62406E+03
                1.41761            4.58786E+03
                1.41907            4.29696E+03
                1.41969            4.17439E+03
                1.42061            3.99024E+03
                1.4217             3.77226E+03
                1.42199            3.71372E+03
                1.42251            3.61018E+03
                1.42329            3.45483E+03
                1.42446            3.22195E+03
                1.42579            2.95758E+03
                1.42621            2.87359E+03
                1.42796            2.52686E+03
                1.42971            2.18199E+03
                1.42988            2.15024E+03
                1.43147            1.8392E+03 
                1.43322            1.49877E+03
                1.43397            1.35483E+03
                1.43498            1.16099E+03
                1.43673          826.203      
                1.43807          574.43       
                1.43849          494.784      
                1.43981          248.416      
                1.44112            4.23688    
                1.44217         -186.999      
                1.44244         -237.533      
                1.44442         -594.224      
                1.44627         -921.088      
                1.4464          -943.837      
                1.44837           -1.28572E+03
                1.44887           -1.37049E+03
                1.44936           -1.45478E+03
                1.45011           -1.58019E+03
                1.45037           -1.62453E+03
                1.45122           -1.76579E+03
                1.45289           -2.03776E+03
                1.45331           -2.10517E+03
                1.45373           -2.17214E+03
                1.45435           -2.27171E+03
                1.45448           -2.29161E+03
                1.45529           -2.41893E+03
                1.4567            -2.63456E+03
                1.45723           -2.71451E+03
                1.45803           -2.83276E+03
                1.45859           -2.91489E+03
                1.45922           -3.0062E+03 
                1.45966           -3.07056E+03
                1.46033           -3.16584E+03
                1.46134           -3.30581E+03
                1.4627            -3.48951E+03
                1.46285           -3.50876E+03
                1.46436           -3.7042E+03 
                1.46586           -3.8919E+03 
                1.46682           -4.00575E+03
                1.46737           -4.0716E+03 
                1.46851           -4.20165E+03
                1.46964           -4.32697E+03
                1.47006           -4.37321E+03
                1.4707            -4.44108E+03
                1.47094           -4.4658E+03 
                1.47165           -4.53942E+03
                1.47309           -4.67861E+03
                1.47452           -4.80889E+03
                1.47506           -4.8543E+03 
                1.47596           -4.92987E+03
                1.47739           -5.04118E+03
                1.47883           -5.14238E+03
                1.47918           -5.16503E+03
                1.48026           -5.23306E+03
                1.4817            -5.31276E+03
                1.48313           -5.38104E+03
                1.48331           -5.38806E+03
                1.48457           -5.43748E+03
                1.48601           -5.48167E+03
                1.48744           -5.51322E+03
                1.48888           -5.53177E+03
                1.48942           -5.53675E+03
                1.48951           -5.53712E+03
                1.49023           -5.54012E+03
                1.49144           -5.53571E+03
                1.4919            -5.5326E+03 
                1.49258           -5.5249E+03 
                1.4936            -5.50641E+03
                1.49514           -5.46277E+03
                1.49571           -5.44421E+03
                1.49572           -5.44399E+03
                1.49658           -5.41078E+03
                1.49788           -5.34964E+03
                1.49982           -5.23245E+03
                1.50055           -5.18467E+03
                1.50165           -5.10519E+03
                1.50192           -5.08284E+03
                1.50329           -4.96869E+03
                1.50391           -4.9149E+03 
                1.50483           -4.82893E+03
                1.50622           -4.68839E+03
                1.50674           -4.63393E+03
                1.50752           -4.54871E+03
                1.50813           -4.47779E+03
                1.50869           -4.41313E+03
                1.51045           -4.19297E+03
                1.5111            -4.10788E+03
                1.51209           -3.97525E+03
                1.51357           -3.76548E+03
                1.51413           -3.68516E+03
                1.51435           -3.65252E+03
                1.51496           -3.56141E+03
                1.51622           -3.36865E+03
                1.51809           -3.06408E+03
                1.5188            -2.9475E+03 
                1.51985           -2.76808E+03
                1.52057           -2.64098E+03
                1.52144           -2.4891E+03 
                1.52203           -2.38294E+03
                1.52292           -2.22078E+03
                1.52426           -1.97121E+03
                1.52627           -1.58364E+03
                1.52681           -1.47854E+03
                1.52702           -1.43624E+03
                1.52815           -1.2115E+03 
                1.52985         -867.042      
                1.53239         -337.341      
                1.53304         -198.869      
                1.53493          201.286      
                1.53748          743.803      
                1.53928            1.1283E+03 
                1.54002            1.28504E+03
                1.54084            1.45816E+03
                1.54241            1.78618E+03
                1.54257            1.81984E+03
                1.54475            2.26841E+03
                1.54511            2.34322E+03
                1.54766            2.85061E+03
                1.54826            2.96614E+03
                1.55021            3.33793E+03
                1.55276            3.80178E+03
                1.55354            3.93615E+03
                1.55531            4.23946E+03
                1.55786            4.64894E+03
                1.55882            4.79217E+03
                1.56041            5.02884E+03
                1.56279            5.35365E+03
                1.56297            5.37831E+03
                1.56552            5.6969E+03 
                1.56675            5.8355E+03 
                1.56807            5.98446E+03
                1.57063            6.24102E+03
                1.57072            6.24878E+03
                1.57319            6.46667E+03
                1.57469            6.58104E+03
                1.57574            6.66154E+03
                1.5783             6.82574E+03
                1.57866            6.84438E+03
                1.58015            6.92218E+03
                1.58086            6.95938E+03
                1.58238            7.02078E+03
                1.58342            7.06258E+03
                1.58574            7.12857E+03
                1.58598            7.13551E+03
                1.58699            7.15251E+03
                1.58854            7.17844E+03
                1.58888            7.18022E+03
                1.5911             7.1918E+03 
                1.59171            7.18809E+03
                1.59367            7.1762E+03 
                1.59596            7.137E+03  
                1.59623            7.13244E+03
                1.59756            7.09577E+03
                1.5988             7.06159E+03
                1.59995            7.01806E+03
                1.60136            6.96488E+03
                1.60354            6.86206E+03
                1.60393            6.84376E+03
                1.60488            6.79E+03   
                1.60649            6.69979E+03
                1.6069             6.67333E+03
                1.60906            6.53466E+03
                1.60994            6.47182E+03
                1.61163            6.35012E+03
                1.61291            6.25344E+03
                1.6142             6.15224E+03
                1.61448            6.12838E+03
                1.61613            5.99095E+03
                1.61619            5.98552E+03
                1.61685            5.92936E+03
                1.61793            5.83417E+03
                1.61875            5.75962E+03
                1.61956            5.68556E+03
                1.62017            5.62918E+03
                1.62109            5.54287E+03
                1.62246            5.40979E+03
                1.62259            5.39656E+03
                1.62403            5.25194E+03
                1.62452            5.20301E+03
                1.62619            5.03004E+03
                1.62658            4.99011E+03
                1.62864            4.77176E+03
                1.62944            4.68561E+03
                1.6307             4.54867E+03
                1.63173            4.4362E+03 
                1.63187            4.42111E+03
                1.63276            4.32266E+03
                1.63431            4.15023E+03
                1.63489            4.08541E+03
                1.63552            4.01459E+03
                1.63576            3.9876E+03 
                1.63707            3.83978E+03
                1.63902            3.61644E+03
                1.63917            3.59946E+03
                1.64049            3.44853E+03
                1.64196            3.28032E+03
                1.64283            3.18145E+03
                1.64343            3.11212E+03
                1.6449             2.94421E+03
                1.64637            2.7769E+03 
                1.64648            2.76447E+03
                1.64784            2.61049E+03
                1.64931            2.4453E+03 
                1.65014            2.3534E+03 
                1.65078            2.28161E+03
                1.65226            2.11975E+03
                1.65373            1.96E+03   
                1.6538             1.95241E+03
                1.6552             1.80269E+03
                1.65667            1.6481E+03 
                1.65746            1.56703E+03
                1.65814            1.49656E+03
                1.65961            1.34835E+03
                1.66112            1.20263E+03
                1.66182            1.13445E+03
                1.66403          930.225      
                1.66478          864.588      
                1.66624          736.624      
                1.66844          555.173      
                1.66845          554.593      
                1.67066          385.047      
                1.67211          282.769      
                1.67287          228.835      
                1.67508           86.7165     
                1.67577           46.9067     
                1.6773           -40.6505     
                1.67944         -149.404      
                1.67951         -152.712      
                1.68172         -249.013      
                1.68311         -299.38       
                1.68393         -329.182      
                1.68449         -345.116      
                1.68615         -392.912      
                1.68655         -401.497      
                1.68836         -439.945      
                1.68965         -457.444      
                1.69058         -470.05       
                1.69081         -471.423      
                1.69255         -481.629      
                1.69279         -483.02       
                1.69501         -478.671      
                1.69517         -477.081      
                1.69722         -456.866      
                1.69909         -423.711      
                1.69944         -417.55       
                1.70056         -388.77       
                1.70165         -360.809      
                1.70277         -323.65       
                1.70387         -286.938      
                1.70554         -222.023      
                1.70608         -196.34       
                1.70732         -138.035      
                1.70803         -104.926      
                1.70919          -42.1376     
                1.71053           30.3414     
                1.71199          118.554      
                1.71302          181.27       
                1.71303          182.027      
                1.71461          285.112      
                1.71552          344.86       
                1.71697          445.17       
                1.71802          517.799      
                1.72051          696.297      
                1.72051          696.686      
                1.72184          792.85       
                1.72301          878.268      
                1.72383          937.621      
                1.72551            1.05967E+03
                1.72682            1.15329E+03
                1.72801            1.23851E+03
                1.73051            1.41303E+03
                1.73131            1.46675E+03
                1.73299            1.58043E+03
                1.73301            1.58196E+03
                1.73551            1.74451E+03
                1.73551            1.74458E+03
                1.73801            1.90013E+03
                1.7393             1.97641E+03
                1.74051            2.04838E+03
                1.74072            2.05994E+03
                1.74285            2.1795E+03 
                1.74302            2.18876E+03
                1.74552            2.32063E+03
                1.74605            2.34656E+03
                1.74725            2.40525E+03
                1.74802            2.44316E+03
                1.74905            2.48907E+03
                1.75053            2.55534E+03
                1.75175            2.55534E+03
                1.7558             2.55534E+03
                1.75731            2.55534E+03
                1.75959            2.55534E+03
                1.76301            2.55534E+03
                1.76429            2.55534E+03
                1.76622            2.55534E+03
                1.7691             2.55534E+03
                1.77018            2.55534E+03
                1.77181            2.55534E+03
                1.77424            2.55534E+03
                1.7779             2.55534E+03
                1.77927            2.55534E+03
                1.78132            2.55534E+03
                1.78441            2.55534E+03
                1.78556            2.55534E+03
                1.7873             2.55534E+03
                1.7899             2.55534E+03
                1.79381            2.55534E+03
                1.79527            2.55534E+03
                1.79747            2.55534E+03
                1.80077            2.55534E+03
                1.80201            2.55534E+03
                1.80386            2.55534E+03
                1.80664            2.55534E+03
                1.81082            2.55534E+03
                1.81238            2.55534E+03
                1.81473            2.55534E+03
                1.81826            2.55534E+03
                1.81958            2.55534E+03
                1.82156            2.55534E+03
                1.82454            2.55534E+03
                1.829              2.55534E+03
                1.83067            2.55534E+03
                1.83318            2.55534E+03
                1.83695            2.55534E+03
                1.83836            2.55534E+03
                1.84048            2.55534E+03
                1.84366            2.55534E+03
                1.84843            2.55534E+03
                1.85022            2.55534E+03
                1.8529             2.55534E+03
                1.85693            2.55534E+03
                1.86297            2.55534E+03
                1.86524            2.55534E+03
                1.86863            2.55534E+03
                1.87373            2.55534E+03
                1.87883            2.55534E+03
                1.88393            2.55534E+03
                1.88903            2.55534E+03
                1.89414            2.55534E+03
                1.89924            2.55534E+03
                1.90434            2.55534E+03
                1.90626            2.55534E+03
                1.90913            2.55534E+03
                1.91344            2.55534E+03
                1.91774            2.55534E+03
                1.92205            2.55534E+03
                1.92636            2.55534E+03
                1.93067            2.55534E+03
                1.93498            2.55534E+03
                1.93929            2.55534E+03
                1.9436             2.55534E+03
                1.94791            2.55534E+03
                1.95222            2.55534E+03
                1.95653            2.55534E+03
                1.96084            2.55534E+03
                1.96515            2.55534E+03
                1.96946            2.55534E+03
                1.97378            2.55534E+03
                1.97809            2.55534E+03
                1.9824             2.55534E+03
                1.98671            2.55534E+03
                1.99102            2.55534E+03
                1.99534            2.55534E+03
                2.0018             2.55534E+03
                2.00827            2.55534E+03
                2.01474            2.55534E+03
                2.02121            2.55534E+03
                2.02768            2.55534E+03
                2.03414            2.55534E+03
                2.04061            2.55534E+03
                2.04708            2.55534E+03
                2.05354            2.55534E+03
                2.06001            2.55534E+03
                2.06324            2.55534E+03
                2.06647            2.55534E+03
                2.07132            2.55534E+03
                2.07314            2.55534E+03
                2.07587            2.55534E+03
                2.07996            2.55534E+03
                2.08149            2.55534E+03
                2.08379            2.55534E+03
                2.08724            2.55534E+03
                2.09241            2.55534E+03
                2.09435            2.55534E+03
                2.09726            2.55534E+03
                2.10163            2.55534E+03
                2.10327            2.55534E+03
                2.10572            2.55534E+03
                2.1094             2.55534E+03
                2.11492            2.55534E+03
                2.12045            2.55534E+03
                2.12597            2.55534E+03
                2.12804            2.55534E+03
                2.13114            2.55534E+03
                2.1358             2.55534E+03
                2.13754            2.55534E+03
                2.14016            2.55534E+03
                2.14409            2.55534E+03
                2.14556            2.55534E+03
                2.14777            2.55534E+03
                2.15108            2.55534E+03
                2.15605            2.55534E+03
                2.15791            2.55534E+03
                2.1607             2.55534E+03
                2.16489            2.55534E+03
                2.17118            2.55534E+03
                2.17432            2.55534E+03
                2.17746            2.55534E+03
                2.18217            2.55534E+03
                2.18923            2.55534E+03
                2.19629            2.55534E+03
                2.19805            2.55534E+03
                2.19982            2.55534E+03
                2.20246            2.55534E+03
                2.20643            2.55534E+03
                2.21238            2.55534E+03
                2.21461            2.55534E+03
                2.21796            2.55534E+03
                2.22298            2.55534E+03
                2.22486            2.55534E+03
                2.22768            2.55534E+03
                2.23191            2.55534E+03
                2.2335             2.55534E+03
                2.23588            2.55534E+03
                2.23944            2.55534E+03
                2.24479            2.55534E+03
                2.2468             2.55534E+03
                2.24981            2.55534E+03
                2.25432            2.55534E+03
                2.25601            2.55534E+03
                2.25855            2.55534E+03
                2.26235            2.55534E+03
                2.26378            2.55534E+03
                2.26592            2.55534E+03
                2.26912            2.55534E+03
                2.27393            2.55534E+03
                2.27874            2.55534E+03
                2.28355            2.55534E+03
                2.28835            2.55534E+03
                2.29316            2.55534E+03
                2.29496            2.55534E+03
                2.29766            2.55534E+03
                2.30171            2.55534E+03
                2.30778            2.55534E+03
                2.31005            2.55534E+03
                2.31346            2.55534E+03
                2.31858            2.55534E+03
                2.3205             2.55534E+03
                2.32338            2.55534E+03
                2.32769            2.55534E+03
                2.332              2.55534E+03
                2.33631            2.55534E+03
                2.33793            2.55534E+03
                2.34035            2.55534E+03
                2.34399            2.55534E+03
                2.34943            2.55534E+03
                2.35488            2.55534E+03
                2.36032            2.55534E+03
                2.36576            2.55534E+03
                2.3712             2.55534E+03
                2.37255            2.55534E+03
                2.37391            2.55534E+03
                2.37595            2.55534E+03
                2.379              2.55534E+03
                2.38358            2.55534E+03
                2.3853             2.55534E+03
                2.38787            2.55534E+03
                2.39174            2.55534E+03
                2.39318            2.55534E+03
                2.39535            2.55534E+03
                2.39861            2.55534E+03
                2.40349            2.55534E+03
                2.40532            2.55534E+03
                2.40806            2.55534E+03
                2.41217            2.55534E+03
                2.41834            2.55534E+03
                2.42065            2.55534E+03
                2.42411            2.55534E+03
                2.42931            2.55534E+03
                2.43125            2.55534E+03
                2.43417            2.55534E+03
                2.43855            2.55534E+03
                2.44019            2.55534E+03
                2.44265            2.55534E+03
                2.44634            2.55534E+03
                2.44772            2.55534E+03
                2.4498             2.55534E+03
                2.45291            2.55534E+03
                2.45757            2.55534E+03
                2.45932            2.55534E+03
                2.46194            2.55534E+03
                2.46587            2.55534E+03
                2.47176            2.55534E+03
                2.47764            2.55534E+03
                2.48352            2.55534E+03
                2.4894             2.55534E+03
                2.49527            2.55534E+03
                2.50113            2.55534E+03
                2.50699            2.55534E+03
                2.51284            2.55534E+03
                2.51869            2.55534E+03
                2.52746            2.55534E+03
                2.53621            2.55534E+03
                2.54276            2.55534E+03
                2.54931            2.55534E+03
                2.55585            2.55534E+03
                2.56238            2.55534E+03
                2.56483            2.55534E+03
                2.5685             2.55534E+03
                2.574              2.55534E+03
                2.58224            2.55534E+03
                2.59047            2.55534E+03
                2.59868            2.55534E+03
                2.60073            2.55534E+03
                2.60279            2.55534E+03
                2.60586            2.55534E+03
                2.61047            2.55534E+03
                2.61738            2.55534E+03
                2.62427            2.55534E+03
                2.63116            2.55534E+03
                2.63804            2.55534E+03
                2.64491            2.55534E+03
                2.65177            2.55534E+03
                2.65519            2.55534E+03
                2.65862            2.55534E+03
                2.66375            2.55534E+03
                2.66567            2.55534E+03
                2.66855            2.55534E+03
                2.67287            2.55534E+03
                2.67934            2.55534E+03
                2.68581            2.55534E+03
                2.69065            2.55534E+03
                2.69548            2.55534E+03
                2.70031            2.55534E+03
                2.70213            2.55534E+03
                2.70484            2.55534E+03
                2.70891            2.55534E+03
                2.71043            2.55534E+03
                2.71272            2.55534E+03
                2.71614            2.55534E+03
                2.72128            2.55534E+03
                2.7232             2.55534E+03
                2.72608            2.55534E+03
                2.73041            2.55534E+03
                2.73202            2.55534E+03
                2.73445            2.55534E+03
                2.73809            2.55534E+03
                2.74355            2.55534E+03
                2.74899            2.55534E+03
                2.75443            2.55534E+03
                2.75647            2.55534E+03
                2.75952            2.55534E+03
                2.7641             2.55534E+03
                2.77095            2.55534E+03
                2.7778             2.55534E+03
                2.77951            2.55534E+03
                2.78121            2.55534E+03
                2.78377            2.55534E+03
                2.78761            2.55534E+03
                2.79336            2.55534E+03
                2.79552            2.55534E+03
                2.79874            2.55534E+03
                2.80358            2.55534E+03
                2.80539            2.55534E+03
                2.80811            2.55534E+03
                2.81218            2.55534E+03
                2.81371            2.55534E+03
                2.81599            2.55534E+03
                2.81942            2.55534E+03
                2.82456            2.55534E+03
                2.82648            2.55534E+03
                2.82936            2.55534E+03
                2.83368            2.55534E+03
                2.8353             2.55534E+03
                2.83773            2.55534E+03
                2.84137            2.55534E+03
                2.84682            2.55534E+03
                2.84886            2.55534E+03
                2.85192            2.55534E+03
                2.8565             2.55534E+03
                2.85822            2.55534E+03
                2.86079            2.55534E+03
                2.86465            2.55534E+03
                2.8661             2.55534E+03
                2.86826            2.55534E+03
                2.87151            2.55534E+03
                2.87638            2.55534E+03
                2.8782             2.55534E+03
                2.88093            2.55534E+03
                2.88503            2.55534E+03
                2.88656            2.55534E+03
                2.88886            2.55534E+03
                2.8923             2.55534E+03
                2.89747            2.55534E+03
                2.90262            2.55534E+03
                2.90776            2.55534E+03
                2.90969            2.55534E+03
                2.91258            2.55534E+03
                2.91691            2.55534E+03
                2.91853            2.55534E+03
                2.92096            2.55534E+03
                2.9246             2.55534E+03
                2.92596            2.55534E+03
                2.92801            2.55534E+03
                2.93107            2.55534E+03
                2.93566            2.55534E+03
                2.93738            2.55534E+03
                2.93996            2.55534E+03
                2.94382            2.55534E+03
                2.94527            2.55534E+03
                2.94744            2.55534E+03
                2.95069            2.55534E+03
                2.95556            2.55534E+03
                2.95739            2.55534E+03
                2.96012            2.55534E+03
                2.96421            2.55534E+03
                2.97035            2.55534E+03
                2.97264            2.55534E+03
                2.97608            2.55534E+03
                2.98124            2.55534E+03
                2.98316            2.55534E+03
                2.98606            2.55534E+03
                2.99039            2.55534E+03
                2.99201            2.55534E+03
                2.99444            2.55534E+03
                2.99809            2.55534E+03
                3.00354            2.55534E+03
                3.0049             2.55534E+03
                3.00627            2.55534E+03
                3.00831            2.55534E+03
                3.01137            2.55534E+03
                3.01595            2.55534E+03

 MINIMUM        0.                -6.59309E+03
  AT X =                           1.0884     
 MAXIMUM        3.01595           16.6658E+03 
  AT X =                         948.966E-03  




