
                  X               uf-60-5     

                0.                -0.         
               39.94E-09         118.008E-03  
              319.041E-09        563.39E-03   
                1.70601E-06        1.37077    
                7.53894E-06        3.04476    
               29.9775E-06         6.30321    
              111.812E-06         12.3566     
              399.954E-06         24.2801     
                1.38837E-03       52.3104     
                4.70264E-03      130.082      
               15.5512E-03       363.36       
               49.9952E-03         1.07528E+03
              154.626E-03          3.20108E+03
              450.699E-03          9.15682E+03
              551.162E-03         11.1421E+03 
              661.566E-03         12.767E+03  
              690.656E-03         13.2693E+03 
              692.493E-03         13.3251E+03 
              694.333E-03         13.3563E+03 
              697.096E-03         13.3895E+03 
              698.134E-03         13.4032E+03 
              699.692E-03         13.4216E+03 
              702.031E-03         13.4477E+03 
              705.548E-03         13.486E+03  
              706.868E-03         13.5028E+03 
              708.851E-03         13.5251E+03 
              711.831E-03         13.5564E+03 
              712.95E-03          13.57E+03   
              714.629E-03         13.5882E+03 
              717.152E-03         13.6136E+03 
              718.099E-03         13.6245E+03 
              719.521E-03         13.6392E+03 
              721.656E-03         13.6597E+03 
              724.863E-03         13.689E+03  
              726.068E-03         13.702E+03  
              727.876E-03         13.7189E+03 
              730.593E-03         13.7423E+03 
              731.613E-03         13.7527E+03 
              733.144E-03         13.7663E+03 
              735.443E-03         13.7856E+03 
              738.898E-03         13.814E+03  
              740.196E-03         13.8271E+03 
              742.144E-03         13.8442E+03 
              745.071E-03         13.8685E+03 
              746.17E-03          13.8795E+03 
              747.819E-03         13.894E+03  
              750.297E-03         13.9145E+03 
              754.02E-03          13.9445E+03 
              755.418E-03         13.9582E+03 
              757.517E-03         13.9757E+03 
              760.672E-03         13.9996E+03 
              761.856E-03         14.0105E+03 
              763.634E-03         14.0244E+03 
              766.304E-03         14.0431E+03 
              767.307E-03         14.0516E+03 
              768.811E-03         14.0626E+03 
              771.071E-03         14.0774E+03 
              774.466E-03         14.0985E+03 
              775.741E-03         14.1086E+03 
              777.655E-03         14.1209E+03 
              780.53E-03          14.1376E+03 
              781.609E-03         14.1454E+03 
              783.229E-03         14.1553E+03 
              785.662E-03         14.1686E+03 
              789.317E-03         14.1874E+03 
              790.69E-03          14.1967E+03 
              792.751E-03         14.2078E+03 
              795.847E-03         14.2222E+03 
              797.01E-03          14.2293E+03 
              798.754E-03         14.2377E+03 
              801.375E-03         14.2485E+03 
              802.359E-03         14.2538E+03 
              803.835E-03         14.2601E+03 
              806.052E-03         14.268E+03  
              809.382E-03         14.2779E+03 
              810.633E-03         14.2835E+03 
              812.51E-03          14.2892E+03 
              815.329E-03         14.2952E+03 
              816.387E-03         14.2988E+03 
              817.976E-03         14.3021E+03 
              820.361E-03         14.3048E+03 
              821.256E-03         14.3068E+03 
              822.6E-03           14.3083E+03 
              824.617E-03         14.3083E+03 
              825.374E-03         14.309E+03  
              826.51E-03          14.3089E+03 
              828.216E-03         14.3068E+03 
              830.777E-03         14.3002E+03 
              833.341E-03         14.2907E+03 
              833.983E-03         14.2891E+03 
              834.624E-03         14.287E+03  
              835.588E-03         14.2824E+03 
              837.033E-03         14.2732E+03 
              839.203E-03         14.2552E+03 
              840.018E-03         14.2489E+03 
              841.24E-03          14.2373E+03 
              843.075E-03         14.2159E+03 
              845.831E-03         14.1756E+03 
              846.52E-03          14.1664E+03 
              847.21E-03          14.1563E+03 
              848.245E-03         14.1391E+03 
              849.799E-03         14.1099E+03 
              852.131E-03         14.059E+03  
              853.007E-03         14.0401E+03 
              854.321E-03         14.0083E+03 
              856.293E-03         13.954E+03  
              859.255E-03         13.8577E+03 
              862.222E-03         13.7466E+03 
              862.964E-03         13.7192E+03 
              863.706E-03         13.6902E+03 
              864.821E-03         13.6434E+03 
              866.493E-03         13.5667E+03 
              869.005E-03         13.4382E+03 
              869.947E-03         13.3894E+03 
              871.362E-03         13.3107E+03 
              873.486E-03         13.1814E+03 
              876.676E-03         12.9631E+03 
              879.87E-03          12.7204E+03 
              883.07E-03          12.451E+03  
              886.274E-03         12.1533E+03 
              889.483E-03         11.8253E+03 
              892.696E-03         11.4653E+03 
              895.915E-03         11.0712E+03 
              899.138E-03         10.641E+03  
              902.366E-03         10.1724E+03 
              905.599E-03          9.66339E+03
              908.837E-03          9.11232E+03
              912.079E-03          8.51827E+03
              915.326E-03          7.88167E+03
              918.577E-03          7.20486E+03
              921.834E-03          6.49235E+03
              925.095E-03          5.75101E+03
              928.36E-03           4.98972E+03
              931.63E-03           4.21908E+03
              934.905E-03          3.45079E+03
              938.185E-03          2.69702E+03
              941.469E-03          1.96979E+03
              944.757E-03          1.28031E+03
              948.05E-03         638.519      
              951.348E-03         52.6921     
              954.65E-03        -470.635      
              957.957E-03       -926.637      
              961.268E-03         -1.31205E+03
              964.584E-03         -1.62506E+03
              967.904E-03         -1.86527E+03
              971.229E-03         -2.03381E+03
              974.558E-03         -2.13348E+03
              977.892E-03         -2.16877E+03
              981.23E-03          -2.14563E+03
              984.573E-03         -2.07111E+03
              987.92E-03          -1.9527E+03 
              991.271E-03         -1.79781E+03
              994.627E-03         -1.61324E+03
              995.466E-03         -1.56406E+03
              996.306E-03         -1.51373E+03
              997.566E-03         -1.43587E+03
              998.512E-03         -1.37566E+03
              999.931E-03         -1.28222E+03
                1.00135           -1.18543E+03
                1.00277           -1.08566E+03
                1.0049          -930.996      
                1.0057          -871.522      
                1.00691         -781.461      
                1.00871         -644.187      
                1.01051         -504.27       
                1.01231         -362.263      
                1.01412         -218.668      
                1.01593          -73.9332     
                1.01774           71.5095     
                1.01954          217.23       
                1.02022          272.377      
                1.02124          354.565      
                1.02277          476.854      
                1.02334          523.025      
                1.0242           591.81       
                1.0255           693.975      
                1.02743          845.075      
                1.02937          994.208      
                1.03131            1.1406E+03 
                1.03325            1.28366E+03
                1.0352             1.42288E+03
                1.03714            1.55782E+03
                1.03909            1.68803E+03
                1.04006            1.75242E+03
                1.04104            1.81529E+03
                1.0425             1.90594E+03
                1.04304            1.93983E+03
                1.04387            1.98939E+03
                1.0451             2.06097E+03
                1.04695            2.16233E+03
                1.04765            2.20009E+03
                1.04869            2.25446E+03
                1.05026            2.33108E+03
                1.05084            2.35957E+03
                1.05172            2.40058E+03
                1.05305            2.45834E+03
                1.05503            2.53684E+03
                1.05701            2.60759E+03
                1.0585             2.65635E+03
                1.05999            2.70012E+03
                1.06149            2.73885E+03
                1.06372            2.78488E+03
                1.06428            2.79628E+03
                1.06484            2.80686E+03
                1.06568            2.82068E+03
                1.06694            2.83714E+03
                1.06884            2.85286E+03
                1.06955            2.85809E+03
                1.07061            2.86277E+03
                1.07221            2.86299E+03
                1.07281            2.86256E+03
                1.07371            2.85964E+03
                1.07506            2.85033E+03
                1.07709            2.82596E+03
                1.07911            2.792E+03  
                1.08114            2.74835E+03
                1.08317            2.69516E+03
                1.0852             2.63272E+03
                1.08724            2.56141E+03
                1.08927            2.48169E+03
                1.09131            2.39406E+03
                1.09334            2.29911E+03
                1.09538            2.19749E+03
                1.09691            2.11814E+03
                1.09921            1.99162E+03
                1.10007            1.944E+03  
                1.10136            1.8702E+03 
                1.1033             1.75578E+03
                1.10403            1.71301E+03
                1.10512            1.64772E+03
                1.10676            1.54821E+03
                1.10922            1.39821E+03
                1.11045            1.32418E+03
                1.11168            1.25029E+03
                1.11353            1.14042E+03
                1.11422            1.09995E+03
                1.11526            1.03962E+03
                1.11682          950.811      
                1.11916          823.612      
                1.12151          704.482      
                1.12385          594.263      
                1.12473          554.862      
                1.12605          498.139      
                1.12804          419.898      
                1.12878          392.165      
                1.12989          352.7        
                1.13157          299.028      
                1.13408          232.728      
                1.13502          210.764      
                1.13644          181.964      
                1.13856          149.34       
                1.13936          139.289      
                1.14055          127.412      
                1.14235          117.487      
                1.14504          121.782      
                1.14605          127.048      
                1.14756          140.423      
                1.14984          173.85       
                1.15325          255.346      
                1.15454          291.627      
                1.15646          354.612      
                1.15935          469.967      
                1.16007          500.988      
                1.16079          533.165      
                1.16187          583.865      
                1.1635           665.944      
                1.16594          803.215      
                1.16686          857.454      
                1.16823          942.613      
                1.17029            1.07929E+03
                1.17339            1.30423E+03
                1.17455            1.39242E+03
                1.17629            1.52959E+03
                1.17891            1.7468E+03 
                1.17989            1.83072E+03
                1.18136            1.95941E+03
                1.18357            2.15888E+03
                1.1844             2.23523E+03
                1.18565            2.35125E+03
                1.18751            2.52864E+03
                1.19032            2.80118E+03
                1.19312            3.07866E+03
                1.19593            3.35823E+03
                1.19874            3.63725E+03
                1.20155            3.9131E+03 
                1.20436            4.18312E+03
                1.20718            4.44471E+03
                1.20999            4.69525E+03
                1.21281            4.93223E+03
                1.21564            5.15325E+03
                1.21846            5.35602E+03
                1.22129            5.53845E+03
                1.22411            5.69864E+03
                1.22694            5.83495E+03
                1.22978            5.94597E+03
                1.23261            6.03062E+03
                1.23545            6.08808E+03
                1.23687            6.11058E+03
                1.23829            6.12577E+03
                1.24042            6.13212E+03
                1.24361            6.10608E+03
                1.24441            6.09824E+03
                1.24521            6.088E+03  
                1.24641            6.06716E+03
                1.24821            6.02445E+03
                1.25092            5.93634E+03
                1.25159            5.91349E+03
                1.25227            5.88906E+03
                1.25328            5.84876E+03
                1.25481            5.78071E+03
                1.25709            5.66301E+03
                1.25938            5.53104E+03
                1.26166            5.38539E+03
                1.26395            5.22683E+03
                1.26624            5.0563E+03 
                1.26853            4.87476E+03
                1.2691             4.82912E+03
                1.26968            4.78275E+03
                1.27054            4.71143E+03
                1.27183            4.60104E+03
                1.27376            4.42899E+03
                1.27449            4.36404E+03
                1.27558            4.26455E+03
                1.27721            4.11129E+03
                1.27782            4.05359E+03
                1.27874            3.9658E+03 
                1.28012            3.83162E+03
                1.2822             3.62592E+03
                1.28323            3.52257E+03
                1.28427            3.41823E+03
                1.28582            3.25955E+03
                1.28738            3.09942E+03
                1.28893            2.93806E+03
                1.29049            2.77566E+03
                1.29205            2.61243E+03
                1.2936             2.44857E+03
                1.29516            2.28429E+03
                1.29672            2.11979E+03
                1.29828            1.95525E+03
                1.29984            1.79087E+03
                1.30101            1.66788E+03
                1.30276            1.48362E+03
                1.30452            1.30029E+03
                1.30628            1.11807E+03
                1.30694            1.05018E+03
                1.30792          948.484      
                1.30941          796.572      
                1.31163          571.144      
                1.31386          349.101      
                1.31609          130.61       
                1.31832          -84.0459     
                1.32055         -294.516      
                1.32278         -500.424      
                1.32502         -701.366      
                1.32725         -896.897      
                1.32948           -1.08652E+03
                1.33172           -1.26967E+03
                1.33396           -1.44571E+03
                1.3362            -1.61395E+03
                1.33844           -1.77367E+03
                1.34068           -1.9241E+03 
                1.34292           -2.06447E+03
                1.34516           -2.19402E+03
                1.3474            -2.312E+03  
                1.34965           -2.41771E+03
                1.35189           -2.51047E+03
                1.35414           -2.58967E+03
                1.35527           -2.62544E+03
                1.35639           -2.65783E+03
                1.35808           -2.69869E+03
                1.35871           -2.71261E+03
                1.35966           -2.73102E+03
                1.36108           -2.75284E+03
                1.36322           -2.77185E+03
                1.36536           -2.77639E+03
                1.36749           -2.76645E+03
                1.36963           -2.74202E+03
                1.37177           -2.70312E+03
                1.37392           -2.6498E+03 
                1.37606           -2.58221E+03
                1.3782            -2.50056E+03
                1.38034           -2.40515E+03
                1.38249           -2.29635E+03
                1.38463           -2.1746E+03 
                1.38678           -2.04042E+03
                1.38893           -1.89439E+03
                1.39108           -1.73718E+03
                1.39323           -1.56952E+03
                1.39538           -1.39218E+03
                1.39618           -1.32403E+03
                1.39739           -1.21935E+03
                1.39921           -1.05693E+03
                1.39989         -994.977      
                1.40091         -900.569      
                1.40245         -755.819      
                1.40475         -532.372      
                1.40561         -447.297      
                1.4069          -318.305      
                1.40884         -122.116      
                1.41176          176.382      
                1.41285          289.434      
                1.41449          459.108      
                1.41696          713.038      
                1.41788          808.62       
                1.41926          951.136      
                1.42134            1.16254E+03
                1.42446            1.47208E+03
                1.42563            1.58766E+03
                1.42739            1.75726E+03
                1.43002            2.00237E+03
                1.43101            2.09347E+03
                1.4325             2.22649E+03
                1.43472            2.41747E+03
                1.43556            2.48828E+03
                1.43681            2.59141E+03
                1.43869            2.73905E+03
                1.44151            2.94405E+03
                1.44433            3.13212E+03
                1.44715            3.30221E+03
                1.44927            3.41963E+03
                1.45139            3.52625E+03
                1.45351            3.62208E+03
                1.4543             3.65679E+03
                1.45549            3.70514E+03
                1.45728            3.76955E+03
                1.45997            3.84875E+03
                1.46265            3.91131E+03
                1.46534            3.95731E+03
                1.46635            3.97268E+03
                1.46786            3.99009E+03
                1.47013            4.00449E+03
                1.47098            4.00868E+03
                1.47226            4.01123E+03
                1.47417            4.00717E+03
                1.47705            3.98486E+03
                1.47992            3.94779E+03
                1.4828             3.89673E+03
                1.48568            3.83274E+03
                1.48856            3.75698E+03
                1.49144            3.67069E+03
                1.49433            3.57516E+03
                1.49721            3.47173E+03
                1.5001             3.36176E+03
                1.50298            3.24665E+03
                1.50443            3.18839E+03
                1.50587            3.12897E+03
                1.50804            3.03788E+03
                1.50885            3.00383E+03
                1.51007            2.95223E+03
                1.5119             2.87417E+03
                1.51464            2.75738E+03
                1.51739            2.64246E+03
                1.52014            2.53031E+03
                1.52082            2.50281E+03
                1.52151            2.47543E+03
                1.52254            2.4346E+03 
                1.52409            2.37439E+03
                1.52641            2.28747E+03
                1.52728            2.25575E+03
                1.52858            2.20925E+03
                1.53054            2.14245E+03
                1.53128            2.1181E+03 
                1.53238            2.08254E+03
                1.53403            2.03166E+03
                1.53651            1.96178E+03
                1.53744            1.9369E+03 
                1.53884            1.90154E+03
                1.54093            1.85346E+03
                1.54172            1.83643E+03
                1.5429             1.81245E+03
                1.54467            1.78027E+03
                1.54732            1.74127E+03
                1.54832            1.72839E+03
                1.54981            1.7118E+03 
                1.55205            1.69357E+03
                1.55289            1.688E+03  
                1.55415            1.68164E+03
                1.55604            1.67685E+03
                1.55888            1.68066E+03
                1.55994            1.68408E+03
                1.56154            1.6923E+03 
                1.56394            1.71183E+03
                1.56483            1.72051E+03
                1.56618            1.73557E+03
                1.56821            1.76285E+03
                1.56896            1.77398E+03
                1.5701             1.79202E+03
                1.57181            1.82207E+03
                1.57437            1.87366E+03
                1.57533            1.89426E+03
                1.57677            1.9268E+03 
                1.57894            1.97922E+03
                1.57975            1.99965E+03
                1.58097            2.03121E+03
                1.58279            2.08056E+03
                1.58348            2.09954E+03
                1.5845             2.12853E+03
                1.58605            2.17308E+03
                1.58662            2.19008E+03
                1.58749            2.21585E+03
                1.58879            2.25505E+03
                1.59074            2.31492E+03
                1.5927             2.37575E+03
                1.59465            2.43705E+03
                1.5966             2.49839E+03
                1.59856            2.55933E+03
                1.60051            2.61946E+03
                1.60124            2.64204E+03
                1.60234            2.67535E+03
                1.60399            2.72397E+03
                1.60461            2.74217E+03
                1.60554            2.76893E+03
                1.60693            2.8078E+03 
                1.60902            2.86296E+03
                1.61111            2.91476E+03
                1.6132             2.96264E+03
                1.61529            3.0061E+03 
                1.61738            3.04472E+03
                1.61947            3.07808E+03
                1.62261            3.11482E+03
                1.62379            3.12712E+03
                1.62555            3.14074E+03
                1.62621            3.14533E+03
                1.62721            3.15063E+03
                1.6287             3.15502E+03
                1.63094            3.15372E+03
                1.63177            3.15237E+03
                1.63303            3.14766E+03
                1.63492            3.13469E+03
                1.63563            3.12918E+03
                1.63669            3.11899E+03
                1.63828            3.09945E+03
                1.64067            3.06092E+03
                1.64157            3.04546E+03
                1.64291            3.01922E+03
                1.64493            2.97331E+03
                1.64569            2.95539E+03
                1.64682            2.9264E+03 
                1.64853            2.87836E+03
                1.65108            2.7966E+03 
                1.65204            2.76489E+03
                1.65348            2.71416E+03
                1.65564            2.63139E+03
                1.65887            2.49338E+03
                1.66009            2.44014E+03
                1.66191            2.35582E+03
                1.66464            2.22037E+03
                1.66567            2.16866E+03
                1.6672             2.08829E+03
                1.66951            1.96206E+03
                1.67038            1.91418E+03
                1.67167            1.8406E+03 
                1.67362            1.72665E+03
                1.67435            1.68361E+03
                1.67545            1.61795E+03
                1.67709            1.51724E+03
                1.67955            1.36201E+03
                1.68048            1.30349E+03
                1.68187            1.21445E+03
                1.68395            1.07858E+03
                1.68473            1.02752E+03
                1.6859           950.271      
                1.68766          833.259      
                1.69029          656.281      
                1.69128          590.02       
                1.69276          490.242      
                1.69499          340.371      
                1.69582          284.369      
                1.69707          200.371      
                1.69895           74.7447     
                1.69966           27.8493     
                1.70071          -42.3322     
                1.7023          -147.056      
                1.70468         -302.226      
                1.70705         -454.803      
                1.70943         -604.416      
                1.71122         -714.679      
                1.713           -822.953      
                1.71479         -928.991      
                1.71546         -968.329      
                1.71646           -1.02664E+03
                1.71797           -1.11235E+03
                1.72023           -1.23624E+03
                1.72107           -1.28183E+03
                1.72234           -1.34866E+03
                1.72425           -1.44501E+03
                1.72711           -1.57941E+03
                1.72819           -1.62806E+03
                1.7298            -1.69768E+03
                1.73221           -1.79369E+03
                1.73312           -1.82827E+03
                1.73448           -1.87738E+03
                1.73652           -1.94434E+03
                1.73958           -2.02846E+03
                1.74072           -2.05739E+03
                1.74244           -2.09558E+03
                1.74503           -2.14053E+03
                1.74599           -2.15542E+03
                1.74745           -2.17383E+03
                1.74963           -2.19234E+03
                1.75044           -2.19783E+03
                1.75167           -2.20318E+03
                1.75351           -2.20456E+03
                1.75627           -2.19121E+03
                1.7573            -2.18381E+03
                1.75886           -2.1679E+03 
                1.76119           -2.13298E+03
                1.76206           -2.11815E+03
                1.76337           -2.09245E+03
                1.76534           -2.046E+03  
                1.76607           -2.02736E+03
                1.76718           -1.99693E+03
                1.76884           -1.94573E+03
                1.77133           -1.85645E+03
                1.77506           -1.69533E+03
                1.77646           -1.63083E+03
                1.77856           -1.52616E+03
                1.78172           -1.35186E+03
                1.7829            -1.28387E+03
                1.78467           -1.17687E+03
                1.78733           -1.00559E+03
                1.78833         -939.703      
                1.78983         -837.761      
                1.79207         -678.243      
                1.79544         -425.701      
                1.7967          -328.979      
                1.7986          -180.444      
                1.80144           49.1869     
                1.80251          136.392      
                1.80411          268.937      
                1.80651          471.06       
                1.80741          547.425      
                1.80876          662.771      
                1.81079          837.195      
                1.81154          902.88       
                1.81268            1.00171E+03
                1.81439            1.15038E+03
                1.81696            1.3736E+03 
                1.81792            1.45743E+03
                1.81936            1.58291E+03
                1.82153            1.77001E+03
                1.82234            1.8401E+03 
                1.82356            1.9447E+03 
                1.82538            2.10014E+03
                1.82607            2.15827E+03
                1.82709            2.24489E+03
                1.82864            2.37335E+03
                1.83095            2.56223E+03
                1.83182            2.6326E+03 
                1.83312            2.73674E+03
                1.83507            2.88938E+03
                1.8358             2.94618E+03
                1.8369             3.03015E+03
                1.83854            3.15316E+03
                1.84101            3.33043E+03
                1.84194            3.39598E+03
                1.84333            3.49181E+03
                1.84541            3.62961E+03
                1.8462             3.68052E+03
                1.84737            3.7549E+03 
                1.84913            3.86186E+03
                1.85177            4.01142E+03
                1.85276            4.06608E+03
                1.85424            4.14444E+03
                1.85647            4.25355E+03
                1.8573             4.29337E+03
                1.85856            4.35035E+03
                1.86044            4.42955E+03
                1.86326            4.53388E+03
                1.86431            4.57109E+03
                1.8659             4.6222E+03 
                1.86828            4.68813E+03
                1.86917            4.71144E+03
                1.87051            4.74297E+03
                1.87252            4.78253E+03
                1.87553            4.82445E+03
                1.87666            4.83786E+03
                1.87836            4.85244E+03
                1.8809             4.86195E+03
                1.88185            4.86388E+03
                1.88328            4.86291E+03
                1.88543            4.85283E+03
                1.88623            4.8479E+03 
                1.88744            4.83783E+03
                1.88925            4.81677E+03
                1.88993            4.80807E+03
                1.89095            4.79316E+03
                1.89247            4.76666E+03
                1.89305            4.75617E+03
                1.89391            4.73917E+03
                1.89519            4.71083E+03
                1.89713            4.66209E+03
                1.89785            4.643E+03  
                1.89894            4.61244E+03
                1.90057            4.5624E+03 
                1.90302            4.47836E+03
                1.90669            4.33373E+03
                1.90807            4.2771E+03 
                1.91013            4.18672E+03
                1.91091            4.15211E+03
                1.91207            4.09858E+03
                1.91381            4.01483E+03
                1.91643            3.88224E+03
                1.91741            3.83163E+03
                1.91888            3.7537E+03 
                1.92109            3.6327E+03 
                1.92191            3.58681E+03
                1.92316            3.51681E+03
                1.92502            3.40942E+03
                1.92572            3.36886E+03
                1.92676            3.30735E+03
                1.92833            3.21371E+03
                1.92892            3.17842E+03
                1.92981            3.12512E+03
                1.93113            3.04438E+03
                1.93312            2.92185E+03
                1.93387            2.87574E+03
                1.93499            2.80621E+03
                1.93666            2.70125E+03
                1.93918            2.54295E+03
                1.94012            2.48353E+03
                1.94154            2.39429E+03
                1.94366            2.26051E+03
                1.94446            2.21039E+03
                1.94566            2.13535E+03
                1.94745            2.02327E+03
                1.94812            1.98133E+03
                1.94913            1.91865E+03
                1.95064            1.82524E+03
                1.95291            1.68693E+03
                1.95376            1.63535E+03
                1.95503            1.55868E+03
                1.95695            1.44545E+03
                1.95767            1.40326E+03
                1.95874            1.34062E+03
                1.96036            1.2482E+03 
                1.96096            1.21377E+03
                1.96187            1.16266E+03
                1.96324            1.08727E+03
                1.96528          977.238      
                1.96605          936.424      
                1.9672           876.251      
                1.96892          788.419      
                1.97151          662.487      
                1.97248          616.101      
                1.97393          548.47       
                1.97612          451.519      
                1.97939          316.742      
                1.98062          267.722      
                1.98246          197.715      
                1.98522          100.825      
                1.98626           65.6371     
                1.98781           15.5207     
                1.99015          -53.6189     
                1.99102          -78.7043     
                1.99233         -114.366      
                1.9943          -163.462      
                1.99504         -181.266      
                1.99614         -206.55       
                1.9978          -241.323      
                2.00029         -286.445      
                2.00278         -324.634      
                2.00527         -356.035      
                2.00652         -370.079      
                2.00776         -382.459      
                2.00963         -397.405      
                2.01033         -402.527      
                2.01138         -409.072      
                2.01296         -416.452      
                2.01532         -422.304      
                2.0162          -423.811      
                2.01753         -424.461      
                2.01953         -422.055      
                2.02028         -420.715      
                2.0214          -417.653      
                2.02308         -410.861      
                2.0256          -396.078      
                2.02655         -389.95       
                2.02797         -379.359      
                2.0301          -360.622      
                2.0309          -353.245      
                2.03209         -341.305      
                2.03389         -321.632      
                2.03456         -314.047      
                2.03557         -302.122      
                2.03709         -283.152      
                2.03936         -252.578      
                2.04022         -240.88       
                2.04149         -222.711      
                2.04341         -194.345      
                2.04413         -183.603      
                2.04521         -167.166      
                2.04683         -141.983      
                2.04744         -132.505      
                2.04835         -118.134      
                2.04971          -96.3671     
                2.05176          -63.5366     
                2.05253          -51.2637     
                2.05368          -32.835      
                2.05541           -5.383      
                2.058             34.8342     
                2.05897           49.6808     
                2.06043           71.5773     
                2.06262          103.212      
                2.0659           147.168      
                2.06713          163.011      
                2.06897          185.598      
                2.07174          216.322      
                2.07277          227.287      
                2.07433          242.735      
                2.07667          263.377      
                2.07754          270.674      
                2.07885          280.842      
                2.08082          294.191      
                2.08378          309.744      
                2.08488          314.828      
                2.08655          321.131      
                2.08904          327.428      
                2.09278          329.82       
                2.09418          329.567      
                2.09628          327.23       
                2.09707          325.988      
                2.09825          323.547      
                2.10002          318.522      
                2.10269          308.023      
                2.10368          303.564      
                2.10518          296.113      
                2.10742          283.21       
                2.11079          260.509      
                2.11416          235.061      
                2.115            228.394      
                2.11626          218.24       
                2.11815          202.585      
                2.12099          178.449      
                2.12206          169.182      
                2.12365          155.357      
                2.12605          134.892      
                2.12695          127.151      
                2.12829          115.805      
                2.13031           99.4263     
                2.13107           93.2881     
                2.13221           84.401      
                2.13391           71.8045     
                2.13647           54.8691     
                2.13743           48.6744     
                2.13887           40.2408     
                2.14102           29.5806     
                2.14183           25.7602     
                2.14304           20.7976     
                2.14486           15.0862     
                2.14759           10.7198     
                2.14862            9.52796    
                2.15015            9.3292     
                2.15245           12.6043     
                2.15332           14.2093     
                2.15461           17.8896     
                2.15655           26.225      
                2.15947           45.2348     
                2.16056           53.0971     
                2.1622            67.204      
                2.16465           93.4495     
                2.16834          144.465      
                2.16972          164.964      
                2.17179          199.785      
                2.1749           260.856      
                2.17801          330.589      
                2.18112          409.091      
                2.18422          496.323      
                2.18733          592.134      
                2.18811          616.423      
                2.18888          641.32       
                2.19005          679.983      
                2.19179          740.709      
                2.19245          763.753      
                2.19343          799.202      
                2.19491          854.225      
                2.19712          940.637      
                2.19933            1.03059E+03
                2.20153            1.12392E+03
                2.20374            1.22043E+03
                2.20595            1.31986E+03
                2.20816            1.42195E+03
                2.21037            1.5264E+03 
                2.21258            1.63291E+03
                2.21479            1.74115E+03
                2.21699            1.85078E+03
                2.2192             1.96145E+03
                2.22141            2.0728E+03 
                2.22361            2.18445E+03
                2.22527            2.26812E+03
                2.22692            2.35168E+03
                2.22754            2.3829E+03 
                2.22848            2.42973E+03
                2.22987            2.49977E+03
                2.23196            2.60384E+03
                2.23275            2.64255E+03
                2.23393            2.70029E+03
                2.23569            2.78585E+03
                2.23834            2.91094E+03
                2.24231            3.08888E+03
                2.2438             3.15369E+03
                2.24604            3.24766E+03
                2.24687            3.28222E+03
                2.24813            3.33295E+03
                2.25001            3.40614E+03
                2.25072            3.43301E+03
                2.25178            3.47239E+03
                2.25337            3.52912E+03
                2.25575            3.60842E+03
                2.25813            3.68136E+03
                2.25932            3.71603E+03
                2.26052            3.74915E+03
                2.2623             3.79518E+03
                2.26297            3.81177E+03
                2.26398            3.83552E+03
                2.26548            3.86837E+03
                2.26774            3.91101E+03
                2.27               3.94658E+03
                2.27226            3.97497E+03
                2.27452            3.99604E+03
                2.27678            4.00965E+03
                2.27763            4.01351E+03
                2.2789             4.01711E+03
                2.2808             4.01723E+03
                2.28152            4.01635E+03
                2.28259            4.01341E+03
                2.2842             4.00519E+03
                2.28661            3.98401E+03
                2.28751            3.97457E+03
                2.28886            3.95778E+03
                2.2909             3.92644E+03
                2.29395            3.86539E+03
                2.29509            3.84016E+03
                2.2968             3.79823E+03
                2.29745            3.78178E+03
                2.29841            3.75586E+03
                2.29986            3.71404E+03
                2.30202            3.64461E+03
                2.30284            3.61741E+03
                2.30406            3.57466E+03
                2.30589            3.50605E+03
                2.30863            3.39315E+03
                2.30966            3.34909E+03
                2.3112             3.28022E+03
                2.31351            3.17054E+03
                2.31698            2.99243E+03
                2.31828            2.9233E+03 
                2.32023            2.81612E+03
                2.32096            2.77523E+03
                2.32206            2.7129E+03 
                2.32371            2.61708E+03
                2.32617            2.46833E+03
                2.32987            2.23553E+03
                2.33126            2.14643E+03
                2.33334            2.0108E+03 
                2.33646            1.80314E+03
                2.33763            1.72429E+03
                2.33939            1.60531E+03
                2.34202            1.42534E+03
                2.34596            1.15378E+03
                2.34744            1.0512E+03 
                2.34966          898.127      
                2.35049          840.56       
                2.35174          754.636      
                2.35361          626.621      
                2.35641          437.013      
                2.35747          365.899      
                2.35904          260.55       
                2.36141          105.533      
                2.3623            47.5337     
                2.36363          -38.2017     
                2.36562         -163.992      
                2.36861         -345.799      
                2.36974         -413.412      
                2.37142         -512.021      
                2.37394         -653.692      
                2.37489         -706.28       
                2.37631         -782.846      
                2.37843         -892.614      
                2.37923         -933.328      
                2.38043         -992.59       
                2.38222           -1.07752E+03
                2.38491           -1.1959E+03 
                2.38592           -1.2394E+03 
                2.38743           -1.30139E+03
                2.3897            -1.38723E+03
                2.39055           -1.41872E+03
                2.39183           -1.46348E+03
                2.39374           -1.52524E+03
                2.39661           -1.60581E+03
                2.39769           -1.63477E+03
                2.3993            -1.67394E+03
                2.40172           -1.72353E+03
                2.40263           -1.7412E+03 
                2.40399           -1.76457E+03
                2.40603           -1.79295E+03
                2.40909           -1.82089E+03
                2.41024           -1.82983E+03
                2.41196           -1.8382E+03 
                2.4126            -1.84085E+03
                2.41357           -1.8432E+03 
                2.41502           -1.84329E+03
                2.4172            -1.83611E+03
                2.41937           -1.82206E+03
                2.42155           -1.80116E+03
                2.42372           -1.77351E+03
                2.4259            -1.73931E+03
                2.42807           -1.69876E+03
                2.42888           -1.68293E+03
                2.43011           -1.65695E+03
                2.43194           -1.61348E+03
                2.43263           -1.59681E+03
                2.43366           -1.57034E+03
                2.4352            -1.52764E+03
                2.43752           -1.45753E+03
                2.43984           -1.3821E+03 
                2.44215           -1.3016E+03 
                2.44447           -1.21638E+03
                2.44678           -1.12686E+03
                2.4491            -1.03344E+03
                2.44997         -998.186      
                2.45127         -943.856      
                2.45322         -859.808      
                2.45395         -828.239      
                2.45505         -780.046      
                2.45669         -706.266      
                2.45916         -593.131      
                2.46286         -419.875      
                2.46425         -355.255      
                2.46633         -256.952      
                2.46711         -220.26       
                2.46828         -164.815      
                2.47003          -81.2853     
                2.47069          -50.175      
                2.47168           -3.36573    
                2.47316           66.8853     
                2.47538          171.698      
                2.47621          210.539      
                2.47745          268.753      
                2.47933          355.457      
                2.48213          483.075      
                2.48318          530.023      
                2.48476          599.931      
                2.48712          702.725      
                2.48801          740.537      
                2.48934          796.745      
                2.49134          879.358      
                2.49433          998.577      
                2.49545            1.042E+03  
                2.49713            1.10606E+03
                2.49965            1.19883E+03
                2.50059            1.23265E+03
                2.50201            1.28256E+03
                2.50414            1.35502E+03
                2.50493            1.38147E+03
                2.50613            1.42053E+03
                2.50792            1.47741E+03
                2.51061            1.55828E+03
                2.51162            1.58745E+03
                2.51313            1.63018E+03
                2.51539            1.69139E+03
                2.51624            1.7135E+03 
                2.51752            1.74596E+03
                2.51943            1.79264E+03
                2.52229            1.85765E+03
                2.52337            1.88072E+03
                2.52498            1.91424E+03
                2.52739            1.96139E+03
                2.5283             1.97815E+03
                2.52966            2.00257E+03
                2.53169            2.03713E+03
                2.53245            2.04943E+03
                2.5336             2.0674E+03 
                2.53532            2.093E+03  
                2.53789            2.12799E+03
                2.53886            2.14011E+03
                2.5403             2.15762E+03
                2.54247            2.1819E+03 
                2.54573            2.21339E+03
                2.54695            2.22376E+03
                2.54878            2.23847E+03
                2.55152            2.25771E+03
                2.55255            2.2639E+03 
                2.55409            2.2727E+03 
                2.5564             2.2841E+03 
                2.55987            2.2966E+03 
                2.56117            2.29979E+03
                2.56312            2.30396E+03
                2.56604            2.30766E+03
                2.56714            2.30799E+03
                2.56878            2.30817E+03
                2.57124            2.30691E+03
                2.57217            2.30569E+03
                2.57355            2.30369E+03
                2.57563            2.29981E+03
                2.57874            2.29156E+03
                2.57991            2.28737E+03
                2.58166            2.28104E+03
                2.58428            2.27055E+03
                2.58527            2.26586E+03
                2.58674            2.25891E+03
                2.58895            2.24805E+03
                2.59227            2.23034E+03
                2.59351            2.22265E+03
                2.59538            2.21151E+03
                2.59817            2.19462E+03
                2.59922            2.18756E+03
                2.60079            2.1774E+03 
                2.60315            2.16233E+03
                2.60403            2.15617E+03
                2.60536            2.14729E+03
                2.60734            2.1343E+03 
                2.61032            2.11501E+03
                2.61144            2.10706E+03
                2.61311            2.09587E+03
                2.61562            2.07985E+03
                2.61938            2.0568E+03 
                2.62079            2.04722E+03
                2.62291            2.03423E+03
                2.6237             2.02906E+03
                2.62489            2.02183E+03
                2.62667            2.0116E+03 
                2.62935            1.99688E+03
                2.63335            1.97536E+03
                2.63486            1.96615E+03
                2.63711            1.95359E+03
                2.63795            1.94848E+03
                2.63922            1.94128E+03
                2.64112            1.93079E+03
                2.64396            1.91471E+03
                2.64823            1.88845E+03
                2.64983            1.87693E+03
                2.65223            1.86012E+03
                2.65582            1.8329E+03 
                2.65717            1.82126E+03
                2.65919            1.80382E+03
                2.66221            1.77561E+03
                2.66335            1.76383E+03
                2.66505            1.74599E+03
                2.6676             1.7174E+03 
                2.67143            1.66859E+03
                2.67286            1.64822E+03
                2.67501            1.61677E+03
                2.67582            1.60428E+03
                2.67702            1.58533E+03
                2.67884            1.55573E+03
                2.68155            1.50775E+03
                2.68257            1.4885E+03 
                2.6841             1.45902E+03
                2.68639            1.4125E+03 
                2.68725            1.39413E+03
                2.68853            1.36615E+03
                2.69046            1.32259E+03
                2.69336            1.25298E+03
                2.69444            1.22545E+03
                2.69607            1.1835E+03 
                2.69851            1.11813E+03
                2.70216            1.01399E+03
                2.70353          972.911      
                2.70559          910.647      
                2.70636          886.674      
                2.70751          850.633      
                2.70924          795.867      
                2.71184          711.616      
                2.71281          679.006      
                2.71427          630.043      
                2.71646          555.847      
                2.71974          442.524      
                2.72097          398.723      
                2.72281          333.508      
                2.7235           308.669      
                2.72454          271.679      
                2.72609          216.405      
                2.72842          133.552      
                2.7293           101.865      
                2.73061           54.8522     
                2.73257          -14.953      
                2.73453          -84.5551     
                2.7365          -153.674      
                2.73846         -222.076      
                2.74042         -289.57       
                2.74238         -355.98       
                2.74433         -421.138      
                2.74629         -484.876      
                2.74825         -547.03       
                2.7502          -607.439      
                2.75216         -665.946      
                2.75289         -688.014      
                2.75399         -720.033      
                2.75564         -766.041      
                2.75811         -831.018      
                2.76058         -892.382      
                2.76304         -949.576      
                2.76551           -1.00228E+03
                2.76797           -1.05026E+03
                2.77043           -1.0933E+03 
                2.77289           -1.13119E+03
                2.77382           -1.14527E+03
                2.7752            -1.16397E+03
                2.77727           -1.18742E+03
                2.78038           -1.21293E+03
                2.78155           -1.22219E+03
                2.78329           -1.23197E+03
                2.78591           -1.2387E+03 
                2.78689           -1.24096E+03
                2.78837           -1.24128E+03
                2.79057           -1.23576E+03
                2.7914            -1.23351E+03
                2.79264           -1.2279E+03 
                2.7945            -1.21504E+03
                2.79729           -1.18656E+03
                2.79833           -1.17553E+03
                2.7999            -1.15531E+03
                2.80225           -1.11789E+03
                2.80313           -1.10361E+03
                2.80445           -1.07955E+03
                2.80643           -1.03833E+03
                2.8094          -966.04       
                2.81051         -938.517      
                2.81218         -893.102      
                2.81468         -817.275      
                2.81842         -688.441      
                2.81983         -639.546      
                2.82193         -560.307      
                2.82272         -530.459      
                2.8239          -483.774      
                2.82568         -410.358      
                2.82834         -294.143      
                2.831           -173.227      
                2.83365          -47.8229     
                2.8363            81.5342     
                2.83896          214.189      
                2.8416           349.445      
                2.84425          486.591      
                2.8469           624.909      
                2.84954          763.686      
                2.85218          902.222      
                2.85482            1.03984E+03
                2.85746            1.1759E+03 
                2.86009            1.30979E+03
                2.86272            1.44095E+03
                2.86371            1.48895E+03
                2.86519            1.56087E+03
                2.86741            1.6669E+03 
                2.86824            1.70562E+03
                2.86949            1.76337E+03
                2.87136            1.84838E+03
                2.87206            1.87944E+03
                2.87311            1.9257E+03 
                2.87468            1.9938E+03 
                2.87704            2.09198E+03
                2.87793            2.1274E+03 
                2.87926            2.17978E+03
                2.88125            2.25562E+03
                2.88423            2.36167E+03
                2.88535            2.39915E+03
                2.88702            2.45379E+03
                2.88953            2.53031E+03
                2.89047            2.55726E+03
                2.89189            2.59644E+03
                2.894              2.65114E+03
                2.8948             2.67033E+03
                2.89599            2.69814E+03
                2.89777            2.73688E+03
                2.90044            2.78704E+03
                2.90144            2.80368E+03
                2.90295            2.82689E+03
                2.9052             2.85633E+03
                2.90604            2.86579E+03
                2.90731            2.87865E+03
                2.9092             2.89413E+03
                2.90992            2.89876E+03
                2.91098            2.90474E+03
                2.91258            2.91099E+03
                2.91498            2.9134E+03 
                2.91588            2.91242E+03
                2.91722            2.90938E+03
                2.91924            2.90034E+03
                2.92227            2.87563E+03
                2.9234             2.86353E+03
                2.9251             2.84303E+03
                2.92765            2.80541E+03
                2.92861            2.78931E+03
                2.93004            2.76365E+03
                2.93219            2.72077E+03
                2.93299            2.70328E+03
                2.9342             2.67609E+03
                2.93601            2.63255E+03
                2.93872            2.56045E+03
                2.93974            2.53137E+03
                2.94126            2.48665E+03
                2.94354            2.41605E+03
                2.94697            2.30199E+03
                2.94825            2.25655E+03
                2.95017            2.18768E+03
                2.95305            2.08099E+03
                2.95413            2.03925E+03
                2.95575            1.97666E+03
                2.95818            1.88156E+03
                2.96181            1.73607E+03
                2.96318            1.67944E+03
                2.96522            1.59581E+03
                2.96828            1.47111E+03
                2.97286            1.28646E+03
                2.97458            1.21525E+03
                2.97715            1.11258E+03
                2.97812            1.07343E+03
                2.97956            1.01636E+03
                2.98173          933.086      
                2.98498          812.421      
                2.9862           766.251      
                2.98802          699.949      
                2.99076          604.961      
                2.99178          568.715      
                2.99332          516.658      
                2.99562          442.257      
                2.99648          413.901      
                2.99778          373.102      
                2.99972          314.828      
                3.00262          232.855      
                3.00371          201.535      
                3.00534          157.508      
                3.00779           96.243      
                3.00871           72.8438     
                3.01008           39.9096     
                3.01215           -5.86969    
                3.01524          -67.824      
                3.01639          -91.6183     
                3.01813         -123.811      
                3.02073         -166.548      
                3.0217          -183.028      
                3.02316         -205.247      
                3.02535         -234.534      
                3.02617         -245.9        
                3.02741         -261.205      
                3.02925         -281.251      
                3.03201         -306.259      
                3.03305         -316.254      
                3.0346          -328.609      
                3.03693         -343.145      
                3.04042         -358.265      
                3.04173         -364.884      
                3.04368         -371.056      
                3.04662         -375.37       
                3.04772         -377.846      
                3.04937         -379.039      
                3.05184         -377.514      
                3.05276         -377.685      
                3.05415         -376.251      
                3.05623         -371.808      
                3.05831         -366.385      
                3.06039         -359.826      
                3.06246         -352.106      
                3.06453         -343.279      
                3.06661         -333.414      
                3.06868         -322.583      
                3.07074         -310.857      
                3.07281         -298.303      
                3.07487         -284.988      
                3.07694         -270.976      
                3.079           -256.329      
                3.08105         -241.103      
                3.08311         -225.355      
                3.08517         -209.136      
                3.08722         -192.5        
                3.08927         -175.501      
                3.09081         -162.98       
                3.09311         -142.717      
                3.09541         -122.588      
                3.09771         -102.391      
                3.10001          -82.0722     
                3.1023           -61.624      
                3.10459          -41.0277     
                3.10688          -20.2338     
                3.10917          837.862E-03  
                3.11145           22.2946     
                3.11373           44.2653     
                3.11601           66.8928     
                3.11829           90.329      
                3.12056          114.727      
                3.12283          140.233      
                3.1251           166.985      
                3.12737          195.108      
                3.12964          224.712      
                3.1319           255.893      
                3.13416          288.729      
                3.13642          323.282      
                3.13867          359.619      
                3.13952          372.563      
                3.14078          393.651      
                3.14268          427.512      
                3.14553          481.431      
                3.14837          537.057      
                3.1512           594.907      
                3.15404          654.881      
                3.15616          700.26       
                3.15828          747.107      
                3.16039          794.943      
                3.16119          812.141      
                3.16238          839.194      
                3.16416          881.136      
                3.16683          945.222      
                3.17083            1.04242E+03
                3.17233            1.07632E+03
                3.17458            1.13029E+03
                3.17542            1.14961E+03
                3.17668            1.17976E+03
                3.17857            1.22585E+03
                3.1814             1.29477E+03
                3.18246            1.31886E+03
                3.18405            1.35634E+03
                3.18643            1.41279E+03
                3.18732            1.43259E+03
                3.18866            1.46312E+03
                3.19067            1.50895E+03
                3.19367            1.57549E+03
                3.19817            1.66799E+03
                3.19985            1.69831E+03
                3.20238            1.74479E+03
                3.20332            1.76065E+03
                3.20474            1.78498E+03
                3.20686            1.82027E+03
                3.21004            1.86786E+03
                3.21123            1.88284E+03
                3.21302            1.90548E+03
                3.21569            1.93607E+03
                3.21669            1.94533E+03
                3.21819            1.95924E+03
                3.22044            1.97761E+03
                3.22381            1.99692E+03
                3.22508            2.00068E+03
                3.22697            2.0059E+03 
                3.2298             2.00849E+03
                3.23086            2.00681E+03
                3.23245            2.00395E+03
                3.23483            1.99601E+03
                3.2384             1.97334E+03
                3.23974            1.96079E+03
                3.24174            1.94122E+03
                3.24474            1.9054E+03 
                3.24587            1.88896E+03
                3.24755            1.86392E+03
                3.25007            1.82221E+03
                3.25385            1.74851E+03
                3.25479            1.72679E+03
                3.25573            1.70541E+03
                3.25715            1.67346E+03
                3.25926            1.6231E+03 
                3.26243            1.54088E+03
                3.26362            1.50691E+03
                3.2654             1.45625E+03
                3.26806            1.3774E+03 
                3.26906            1.34562E+03
                3.27056            1.29849E+03
                3.2728             1.22658E+03
                3.27615            1.11483E+03
                3.27741            1.06995E+03
                3.27929            1.00422E+03
                3.28211          905.215      
                3.28634          755.279      
                3.28792          695.546      
                3.29028          609.857      
                3.29383          484.215      
                3.29516          434.707      
                3.29714          364.167      
                3.30012          262.155      
                3.30124          222.201      
                3.30291          165.443      
                3.30541           84.1486     
                3.30916          -30.4932     
                3.31009          -61.4944     
                3.31103          -90.8791     
                3.31243         -132.049      
                3.31453         -190.123      
                3.31767         -270.288      
                3.31885         -301.746      
                3.32061         -344.149      
                3.32325         -400.95       
                3.32424         -423.276      
                3.32573         -453.14       
                3.32795         -492.552      
                3.32878         -508.123      
                3.33003         -528.804      
                3.3319          -555.633      
                3.3347          -588.168      
                3.33574         -601.379      
                3.33731         -616.703      
                3.33967         -632.76       
                3.34055         -639.526      
                3.34187         -646.326      
                3.34385         -651.178      
                3.34459         -653.576      
                3.3457          -654.744      
                3.34737         -652.455      
                3.34986         -641.689      
                3.35235         -625.076      
                3.35484         -601.866      
                3.35732         -572.003      
                3.35979         -535.659      
                3.36227         -493.083      
                3.36473         -444.587      
                3.3672          -390.536      
                3.36966         -331.346      
                3.37211         -267.491      
                3.37456         -199.479      
                3.377           -127.864      
                3.37944          -53.2313     
                3.38188           23.8162     
                3.38431          102.665      
                3.38674          182.695      
                3.39037          305.129      
                3.39173          347.862      
                3.39376          415.22       
                3.39681          515.81       
                3.39795          550.668      
                3.39966          604.727      
                3.40222          684.448      
                3.40605          796.407      
                3.407            820.494      
                3.40796          845.534      
                3.40939          883.922      
                3.41153          939.478      
                3.41234          958.337      
                3.41354          987.075      
                3.41534            1.02907E+03
                3.41804            1.08737E+03
                3.41905            1.10629E+03
                3.42056            1.1354E+03 
                3.42283            1.17709E+03
                3.42622            1.23292E+03
                3.42749            1.24976E+03
                3.4294             1.27641E+03
                3.43224            1.31344E+03
                3.43331            1.32427E+03
                3.43491            1.34172E+03
                3.4373             1.36617E+03
                3.44088            1.39608E+03
                3.44177            1.39986E+03
                3.44266            1.40459E+03
                3.444              1.41274E+03
                3.446              1.4238E+03 
                3.449              1.43584E+03
                3.45012            1.43695E+03
                3.4518             1.44012E+03
                3.45431            1.44334E+03
                3.45526            1.44202E+03
                3.45667            1.44131E+03
                3.45878            1.43962E+03
                3.46195            1.43325E+03
                3.46313            1.42727E+03
                3.4649             1.42041E+03
                3.46756            1.40918E+03
                3.47153            1.38761E+03
                3.47252            1.37792E+03
                3.4735             1.36984E+03
                3.47499            1.35951E+03
                3.47721            1.34375E+03
                3.48053            1.31779E+03
                3.48177            1.30439E+03
                3.48363            1.28733E+03
                3.48641            1.26204E+03
                3.48745            1.24979E+03
                3.48902            1.23384E+03
                3.49135            1.21053E+03
                3.49485            1.17399E+03
                3.49616            1.15637E+03
                3.49812            1.13347E+03
                3.50105            1.09935E+03
                3.50178            1.08807E+03
                3.50251            1.0777E+03 
                3.5036             1.06367E+03
                3.50524            1.04309E+03
                3.5077             1.01106E+03
                3.50862          996.557      
                3.51             976.691      
                3.51206          947.216      
                3.51514          900.891      
                3.5163           879.972      
                3.51803          851.37       
                3.52061          808.387      
                3.52158          789.577      
                3.52303          763.54       
                3.5252           724.978      
                3.52845          665.572      
                3.52967          639.564      
                3.53149          604.139      
                3.53421          552.131      
                3.53489          536.564      
                3.53557          521.91       
                3.53659          501.578      
                3.53811          472.119      
                3.54039          428.394      
                3.54125          409.841      
                3.54253          384.346      
                3.54444          347.997      
                3.54731          295.458      
                3.54838          272.934      
                3.54999          243.189      
                3.55239          202.063      
                3.55329          184.55       
                3.55464          161.455      
                3.55665          129.974      
                3.55967           87.3061     
                3.5608            68.5366     
                3.56249           45.616      
                3.56502           16.3597     
                3.56597            3.25546    
                3.56738          -12.4711     
                3.56951          -32.0303     
                3.57268          -55.5505     
                3.57387          -67.3127     
                3.57564          -78.977      
                3.57631          -84.4142     
                3.57731          -90.3359     
                3.5788           -96.6871     
                3.58103         -102.915      
                3.58187         -107.15       
                3.58312         -110.221      
                3.585           -111.192      
                3.5857          -112.979      
                3.58675         -113.249      
                3.58833         -110.741      
                3.59069         -102.86       
                3.59304          -92.6013     
                3.59421          -88.5176     
                3.59538          -82.1853     
                3.59713          -68.5595     
                3.59779          -64.7094     
                3.59877          -56.6472     
                3.60025          -41.6484     
                3.60245          -15.0222     
                3.60327           -6.88263    
                3.60451            8.92824    
                3.60636           36.7592     
                3.60705           45.7865     
                3.60809           61.9158     
                3.60964           89.2258     
                3.61022           98.3688     
                3.61109          113.894      
                3.6124           139.522      
                3.61435          181.038      
                3.61727          248.732      
                3.61837          271.202      
                3.62             310.55       
                3.62061          324.246      
                3.62153          346.861      
                3.62291          382.968      
                3.62496          439.392      
                3.62573          458.54       
                3.62688          490.019      
                3.62861          539.676      
                3.63119          616.193      
                3.63215          641.927      
                3.6336           684.321      
                3.63576          749.854      
                3.63899          846.722      
                3.6402           878.328      
                3.642            929.576      
                3.6447             1.00401E+03
                3.64571            1.02781E+03
                3.64723            1.06563E+03
                3.64949            1.11942E+03
                3.65174            1.16656E+03
                3.65399            1.2078E+03 
                3.65623            1.24314E+03
                3.65846            1.27249E+03
                3.66068            1.29587E+03
                3.66289            1.31336E+03
                3.6651             1.32514E+03
                3.6684             1.33329E+03
                3.66963            1.33006E+03
                3.67147            1.32736E+03
                3.67216            1.32409E+03
                3.67319            1.32046E+03
                3.67474            1.31423E+03
                3.67705            1.30046E+03
                3.67791            1.29164E+03
                3.67921            1.2803E+03 
                3.68114            1.262E+03  
                3.68403            1.22899E+03
                3.68512            1.21166E+03
                3.68673            1.18879E+03
                3.68734            1.17848E+03
                3.68824            1.16446E+03
                3.6896             1.14374E+03
                3.69163            1.11076E+03
                3.69239            1.09549E+03
                3.69353            1.07464E+03
                3.69523            1.04353E+03
                3.69777          994.492      
                3.69872          972.126      
                3.70015          941.907      
                3.70227          896.897      
                3.70307          877.039      
                3.70426          849.974      
                3.70604          810.381      
                3.7087           750.756      
                3.7097           724.407      
                3.71118          689.485      
                3.71341          639.65       
                3.71673          568.267      
                3.71797          536.644      
                3.71982          497.212      
                3.72051          480.57       
                3.72155          458.872      
                3.7231           429.206      
                3.72542          388.283      
                3.72629          369.957      
                3.72759          347.387      
                3.72953          317.801      
                3.73025          304.403      
                3.73134          287.969      
                3.73297          266.706      
                3.73539          239.022      
                3.7363           225.412      
                3.73766          210.473      
                3.73817          203.719      
                3.73893          195.646      
                3.74007          185.648      
                3.74177          172.864      
                3.74431          157.54       
                3.74527          148.213      
                3.74669          140.165      
                3.74722          135.84       
                3.74802          131.623      
                3.74921          127.49       
                3.75099          123.599      
                3.75166          119.84       
                3.75266          117.461      
                3.75415          116.833      
                3.75638          119.303      
                3.75721          117.089      
                3.75846          118.72       
                3.76032          124.948      
                3.76102          124.806      
                3.76206          128.206      
                3.76362          136.224      
                3.76421          137.275      
                3.76508          141.447      
                3.76639          150.037      
                3.76834          165.168      
                3.76907          168.024      
                3.77016          176.259      
                3.7718           191.606      
                3.77423          217.792      
                3.77484          220.466      
                3.77545          225.178      
                3.77635          235.134      
                3.77771          252.026      
                3.77974          279.443      
                3.78049          286.615      
                3.78163          301.709      
                3.78332          327.425      
                3.78585          369.073      
                3.78648          375.217      
                3.78711          383.673      
                3.78805          399.404      
                3.78945          424.89       
                3.78998          432.515      
                3.79076          446.205      
                3.79194          468.679      
                3.7937           503.939      
                3.79632          559.094      
                3.79893          613.053      
                3.79957          622.196      
                3.80054          641.505      
                3.80199          673.336      
                3.80416          720.542      
                3.80496          734.032      
                3.80617          758.185      
                3.80797          794.022      
                3.80865          803.996      
                3.80965          821.547      
                3.81116          847.269      
                3.81172          854.149      
                3.81257          866.251      
                3.81383          884.069      
                3.81571          906.928      
                3.81641          911.455      
                3.81746          920.825      
                3.81903          933.894      
                3.81962          935.759      
                3.8205           940.656      
                3.82181          947.949      
                3.82377          955.958      
                3.8245           954.785      
                3.82559          956.472      
                3.82722          959.101      
                3.82783          956.952      
                3.82874          956.51       
                3.83011          956.541      
                3.83214          954.912      
                3.8329           949.94       
                3.83403          946.604      
                3.83573          941.818      
                3.83636          936.612      
                3.83731          931.842      
                3.83872          924.89       
                3.83925          919.58       
                3.84004          913.764      
                3.84122          905.268      
                3.84298          889.627      
                3.84364          879.762      
                3.84462          867.855      
                3.84609          849.196      
                3.84827          815.907      
                3.84909          797.855      
                3.85031          774.912      
                3.85213          739.143      
                3.8528           721.519      
                3.85382          698.64       
                3.85533          664.542      
                3.85589          648.576      
                3.85674          627.583      
                3.858            597.186      
                3.85847          583.398      
                3.85918          565.074      
                3.86023          539.031      
                3.8618           500.714      
                3.86239          483.121      
                3.86327          460.695      
                3.86458          429.646      
                3.86507          415.597      
                3.8658           397.616      
                3.86689          373.092      
                3.86853          338.987      
                3.86913          322.951      
                3.87004          303.829      
                3.8714           278.962      
                3.87191          267.155      
                3.87267          253.209      
                3.8738           235.543      
                3.87549          213.216      
                3.87611          201.501      
                3.87705          189.707      
                3.87846          176.591      
                3.87898          169.034      
                3.87976          161.978      
                3.88093          154.931      
                3.88267          148.7        
                3.88332          142.718      
                3.88429          139.948      
                3.88465          137.542      
                3.88519          136.316      
                3.886            136.656      
                3.88721          139.326      
                3.88766          137.937      
                3.88833          139.191      
                3.88934          143.772      
                3.89084          153.44       
                3.89233          163.488      
                3.8927           163.005      
                3.89307          164.309      
                3.89362          168.842      
                3.89445          177.417      
                3.89568          192.103      
                3.89614          194.976      
                3.89683          202.919      
                3.89785          217.632      
                3.89824          221.142      
                3.89881          229.088      
                3.89967          243.317      
                3.90094          267.028      
                3.90142          273.101      
                3.90213          286.315      
                3.90319          309.232      
                3.90359          315.649      
                3.90418          328.297      
                3.90506          349.722      
                3.90539          356.055      
                3.90589          367.701      
                3.90662          387.045      
                3.90773          417.38       
                3.90814          426.213      
                3.90875          442.497      
                3.90967          468.62       
                3.91001          476.413      
                3.91052          490.181      
                3.91129          512.044      
                3.91242          544.655      
                3.91285          553.917      
                3.91348          570.794      
                3.91372          576.133      
                3.91408          585.304      
                3.91461          600.004      
                3.9154           622.239      
                3.9157           628.795      
                3.91614          640.236      
                3.9168           658.503      
                3.91779          685.904      
                3.91816          693.661      
                3.91871          707.754      
                3.91953          729.901      
                3.91984          736.278      
                3.9203           747.574      
                3.92099          765.343      
                3.92201          791.086      
                3.92239          797.882      
                3.92296          810.542      
                3.92381          829.948      
                3.92413          835.036      
                3.9246           844.436      
                3.92531          858.951      
                3.92557          862.703      
                3.92597          869.544      
                3.92656          880.168      
                3.92744          894.385      
                3.92875          910.056      
                3.92923          911.133      
                3.92996          915.404      
                3.93104          918.528      
                3.93265          911.539      
                3.93304          903.827      
                3.93344          898.256      
                3.93403          891.073      
                3.93491          877.342      
                3.93622          848.522      
                3.93751          809.798      
                3.93878          764.179      
                3.94004          713.172      
                3.94129          658.286      
                3.94251          601.155      
                3.94372          543.47       
                3.94462          499.042      
                3.94551          457.072      
                3.94639          417.051      
                3.94726          379.362      
                3.94759          363.272      
                3.94807          343.382      
                3.94879          317.315      
                3.94986          283.96       
                3.95026          268.492      
                3.95085          251.587      
                3.95173          231.892      
                3.95206          222.144      
                3.95255          212.158      
                3.95328          201.33       
                3.95436          190.743      
                3.95542          182.889      
                3.95647          179.153      
                3.9575           179.279      
                3.95852          182.863      
                3.95952          189.538      
                3.9605           198.973      
                3.96075          198.115      
                3.96099          199.469      
                3.96136          204.15       
                3.9619           212.748      
                3.9627           227.198      
                3.963            229.744      
                3.96344          237.528      
                3.9641           251.492      
                3.96508          274.17       
                3.96604          295.94       
                3.96698          318.48       
                3.96791          341.673      
                3.96882          365.132      
                3.96971          388.426      
                3.97059          411.158      
                3.97145          433.033      
                3.97229          453.903      
                3.97312          473.769      
                3.97393          492.754      
                3.97473          511.058      
                3.97503          514.693      
                3.97547          524.931      
                3.97611          541.57       
                3.97707          566.35       
                3.9773           567.576      
                3.97753          571.761      
                3.97788          580.602      
                3.97839          594.445      
                3.97915          614.697      
                3.97943          618.29       
                3.97984          628.293      
                3.98045          643.715      
                3.98068          646.276      
                3.98101          653.434      
                3.98151          664.293      
                3.98224          677.277      
                3.98242          676.252      
                3.9826           677.283      
                3.98286          680.481      
                3.98326          684.537      
                3.98384          687.194      
                3.98468          682.702      
                3.98489          675.759      
                3.98509          671.639      
                3.9854           666.834      
                3.98584          657.488      
                3.98601          651.124      
                3.98626          643.638      
                3.98662          631.743      
                3.98715          610.184      
                3.98768          583.348      
                3.98818          553.163      
                3.98868          520.195      
                3.98916          484.948      
                3.98962          448.052      
                3.98985          427.097      
                3.99008          407.719      
                3.99041          380.27       
                3.99089          340.416      
                3.99136          301.301      
                3.99181          265.951      
                3.99193          254.392      
                3.99204          245.129      
                3.9922           233.809      
                3.99244          219.13       
                3.99279          201.579      
                3.99313          187.432      
                3.99346          178.184      
                3.99378          174.051      
                3.99409          174.978      
                3.99439          180.769      
                3.99468          191.136      
                3.99496          205.727      
                3.99506          209.826      
                3.99521          220.241      
                3.99543          239.294      
                3.99575          272.421      
                3.99605          307.391      
                3.99634          344.524      
                3.99662          382.825      
                3.99688          421.241      
                3.99694          428.402      
                3.997            437.224      
                3.99709          451.839      
                3.99723          473.727      
                3.99742          505.057      
                3.99749          514.497      
                3.9976           530.613      
                3.99775          553.862      
                3.99796          583.898      
                3.99801          588.504      
                3.99806          594.347      
                3.99813          603.673      
                3.99824          616.034      
                3.99839          629.833      
                3.99854          637.779      
                3.99857          637.786      
                3.99861          638.577      
                3.99866          640.182      
                3.99873          641.429      
                3.99883          640.134      
                3.99893          635.112      
                3.99903          627.303      
                3.99911          617.035      
                3.99913          613.212      
                3.99916          609.896      
                3.99919          605.406      
                3.99923          598.288      
                3.99929          586.245      
                3.99932          580.593      
                3.99935          572.803      
                3.9994           560.769      
                3.99942          555.451      
                3.99944          548.         
                3.99948          536.747      
                3.99953          519.004      
                3.99955          511.337      
                3.99958          500.662      
                3.99961          484.724      
                3.99963          478.055      
                3.99965          468.714      
                3.99968          454.997      
                3.99972          434.503      
                3.99974          423.511      
                3.99975          413.007      
                3.99978          397.958      
                3.99979          391.867      
                3.9998           383.359      
                3.99982          371.124      
                3.99985          353.472      
                3.99987          336.389      
                3.99989          320.463      
                3.99991          305.98       
                3.99992          293.136      
                3.99994          282.076      
                3.99995          272.906      
                3.99996          265.692      
                3.99997          260.467      
                3.99998          257.235      
                3.99998          255.964      
                3.99999          255.574      
                3.99999          255.884      
                3.99999          257.8        
                3.99999          258.58       
                3.99999          260.272      
                4.               263.777      
                4.               270.845      
                4.               273.675      
                4.               278.535      
                4.               287.022      
                4.               302.006      
                4.               316.08       




