
                  X            uf-80-0-90-Gm5 

                0.                -0.         
               39.94E-09         122.008E-03  
              319.041E-09        605.491E-03  
                1.70601E-06        1.54267    
                7.53894E-06        3.53722    
               29.9775E-06         7.49876    
              111.812E-06         15.7147     
              399.954E-06         36.1929     
                1.38837E-03       95.8976     
                4.70264E-03      281.876      
               15.5512E-03       870.868      
               49.9952E-03         2.71434E+03
              154.626E-03          8.28057E+03
              450.699E-03         23.9313E+03 
              551.162E-03         29.2791E+03 
              661.566E-03         34.6241E+03 
              844.518E-03         43.2885E+03 
              845.271E-03         43.489E+03  
              846.024E-03         43.6138E+03 
              847.154E-03         43.7063E+03 
              848.851E-03         43.7901E+03 
              849.276E-03         43.8101E+03 
              849.7E-03           43.8295E+03 
              850.337E-03         43.8581E+03 
              851.293E-03         43.9007E+03 
              851.532E-03         43.9116E+03 
              851.771E-03         43.9225E+03 
              852.129E-03         43.9387E+03 
              852.667E-03         43.9628E+03 
              853.474E-03         43.9987E+03 
              853.777E-03         44.0124E+03 
              854.232E-03         44.0328E+03 
              854.913E-03         44.0632E+03 
              855.936E-03         44.1088E+03 
              856.704E-03         44.1434E+03 
              857.471E-03         44.178E+03  
              858.24E-03          44.2126E+03 
              859.008E-03         44.2472E+03 
              859.776E-03         44.2819E+03 
              860.545E-03         44.3165E+03 
              861.315E-03         44.3512E+03 
              862.084E-03         44.3858E+03 
              863.239E-03         44.4374E+03 
              864.394E-03         44.4891E+03 
              865.551E-03         44.541E+03  
              866.707E-03         44.5927E+03 
              867.865E-03         44.6442E+03 
              869.023E-03         44.6954E+03 
              870.182E-03         44.7458E+03 
              871.341E-03         44.7952E+03 
              872.501E-03         44.8429E+03 
              873.661E-03         44.8876E+03 
              874.823E-03         44.928E+03  
              875.985E-03         44.9616E+03 
              877.147E-03         44.985E+03  
              878.31E-03          44.9936E+03 
              879.474E-03         44.9813E+03 
              880.639E-03         44.9409E+03 
              881.804E-03         44.8638E+03 
              882.97E-03          44.7407E+03 
              884.136E-03         44.5619E+03 
              885.303E-03         44.3183E+03 
              886.471E-03         44.0024E+03 
              887.639E-03         43.6087E+03 
              888.808E-03         43.1345E+03 
              889.978E-03         42.5806E+03 
              891.148E-03         41.9512E+03 
              892.319E-03         41.2535E+03 
              893.49E-03          40.4977E+03 
              894.662E-03         39.6958E+03 
              895.835E-03         38.8609E+03 
              897.008E-03         38.0066E+03 
              898.182E-03         37.1461E+03 
              899.357E-03         36.2914E+03 
              900.532E-03         35.453E+03  
              901.708E-03         34.6397E+03 
              902.885E-03         33.8583E+03 
              904.062E-03         33.1136E+03 
              905.24E-03          32.4085E+03 
              906.418E-03         31.7445E+03 
              907.597E-03         31.1211E+03 
              908.777E-03         30.5373E+03 
              909.957E-03         29.9909E+03 
              911.138E-03         29.4791E+03 
              912.319E-03         28.9991E+03 
              913.502E-03         28.5479E+03 
              914.684E-03         28.1225E+03 
              915.868E-03         27.7202E+03 
              917.052E-03         27.3386E+03 
              918.236E-03         26.9756E+03 
              919.422E-03         26.6292E+03 
              920.607E-03         26.2978E+03 
              921.794E-03         25.98E+03   
              922.981E-03         25.6746E+03 
              924.169E-03         25.3803E+03 
              925.357E-03         25.0964E+03 
              926.546E-03         24.8221E+03 
              927.736E-03         24.5571E+03 
              928.926E-03         24.3011E+03 
              930.117E-03         24.0543E+03 
              931.308E-03         23.817E+03  
              932.5E-03           23.5899E+03 
              933.693E-03         23.374E+03  
              934.886E-03         23.1701E+03 
              936.08E-03          22.9793E+03 
              937.274E-03         22.8028E+03 
              938.469E-03         22.6417E+03 
              939.665E-03         22.4968E+03 
              940.861E-03         22.3691E+03 
              942.058E-03         22.2593E+03 
              943.256E-03         22.1678E+03 
              944.454E-03         22.0951E+03 
              945.653E-03         22.041E+03  
              946.852E-03         22.0052E+03 
              948.052E-03         21.9869E+03 
              949.252E-03         21.9849E+03 
              950.453E-03         21.9975E+03 
              951.655E-03         22.023E+03  
              952.858E-03         22.0589E+03 
              954.662E-03         22.1278E+03 
              955.339E-03         22.1563E+03 
              956.355E-03         22.2007E+03 
              957.88E-03          22.2676E+03 
              960.169E-03         22.355E+03  
              961.028E-03         22.3866E+03 
              962.317E-03         22.4249E+03 
              964.252E-03         22.4571E+03 
              964.978E-03         22.4664E+03 
              966.067E-03         22.4702E+03 
              967.702E-03         22.4517E+03 
              969.338E-03         22.4082E+03 
              970.974E-03         22.3374E+03 
              972.613E-03         22.2373E+03 
              974.252E-03         22.1053E+03 
              976.712E-03         21.8346E+03 
              979.176E-03         21.5083E+03 
              981.641E-03         21.1627E+03 
              984.109E-03         20.8515E+03 
              986.579E-03         20.6337E+03 
              989.052E-03         20.5584E+03 
              991.527E-03         20.6544E+03 
              994.005E-03         20.9254E+03 
              995.865E-03         21.2217E+03 
              997.726E-03         21.5981E+03 
              999.588E-03         22.039E+03  
                1.00145           22.5267E+03 
                1.00332           23.0436E+03 
                1.00402           23.2414E+03 
                1.00507           23.5414E+03 
                1.00664           23.9915E+03 
                1.00901           24.6458E+03 
                1.0099            24.8884E+03 
                1.01123           25.2393E+03 
                1.01323           25.7307E+03 
                1.01398           25.9108E+03 
                1.0151            26.1677E+03 
                1.01679           26.5222E+03 
                1.01742           26.6515E+03 
                1.01838           26.835E+03  
                1.0198            27.0867E+03 
                1.02194           27.4126E+03 
                1.02409           27.6889E+03 
                1.0257            27.8695E+03 
                1.02731           28.0236E+03 
                1.02892           28.1531E+03 
                1.02952           28.1988E+03 
                1.03043           28.2594E+03 
                1.03179           28.3345E+03 
                1.03383           28.4166E+03 
                1.03587           28.473E+03  
                1.03792           28.5073E+03 
                1.03868           28.518E+03  
                1.03984           28.5273E+03 
                1.04156           28.5288E+03 
                1.04416           28.51E+03   
                1.04545           28.4972E+03 
                1.04675           28.4795E+03 
                1.0487            28.4425E+03 
                1.05065           28.3961E+03 
                1.0526            28.3391E+03 
                1.05456           28.27E+03   
                1.05651           28.1867E+03 
                1.05846           28.0866E+03 
                1.06042           27.9674E+03 
                1.06238           27.8264E+03 
                1.06434           27.6614E+03 
                1.0663            27.4705E+03 
                1.06826           27.2524E+03 
                1.07022           27.007E+03  
                1.07219           26.7349E+03 
                1.07415           26.4378E+03 
                1.07612           26.1189E+03 
                1.0776            25.8694E+03 
                1.07907           25.6111E+03 
                1.08055           25.3465E+03 
                1.08111           25.2469E+03 
                1.08194           25.096E+03  
                1.08319           24.8683E+03 
                1.08365           24.7832E+03 
                1.08436           24.6557E+03 
                1.08541           24.4659E+03 
                1.08699           24.1898E+03 
                1.08857           23.9274E+03 
                1.09016           23.683E+03  
                1.09174           23.4611E+03 
                1.09332           23.2658E+03 
                1.09491           23.1011E+03 
                1.0961            22.9967E+03 
                1.09729           22.9124E+03 
                1.09848           22.8495E+03 
                1.09893           22.8292E+03 
                1.0996            22.8058E+03 
                1.1006            22.7867E+03 
                1.10211           22.7967E+03 
                1.10268           22.8064E+03 
                1.10353           22.8332E+03 
                1.1048            22.9015E+03 
                1.10528           22.9315E+03 
                1.10599           22.9852E+03 
                1.10707           23.0856E+03 
                1.10868           23.2804E+03 
                1.10929           23.3602E+03 
                1.1102            23.4931E+03 
                1.11156           23.7214E+03 
                1.11361           24.1248E+03 
                1.11438           24.2852E+03 
                1.11553           24.5429E+03 
                1.11726           24.9646E+03 
                1.1179            25.1283E+03 
                1.11888           25.3834E+03 
                1.12034           25.7862E+03 
                1.12253           26.428E+03  
                1.12582           27.4465E+03 
                1.12705           27.8364E+03 
                1.1289            28.4283E+03 
                1.1296            28.6518E+03 
                1.13064           28.9874E+03 
                1.13221           29.4891E+03 
                1.13279           29.6775E+03 
                1.13367           29.9582E+03 
                1.135             30.3736E+03 
                1.13698           30.9766E+03 
                1.13896           31.5522E+03 
                1.14095           32.0914E+03 
                1.14294           32.5858E+03 
                1.14492           33.027E+03  
                1.14641           33.3249E+03 
                1.14791           33.5859E+03 
                1.14847           33.6789E+03 
                1.14931           33.8054E+03 
                1.15057           33.9648E+03 
                1.15246           34.1318E+03 
                1.15435           34.2236E+03 
                1.15624           34.2376E+03 
                1.15814           34.1725E+03 
                1.16003           34.0289E+03 
                1.16193           33.8085E+03 
                1.16383           33.5147E+03 
                1.16573           33.1524E+03 
                1.16763           32.7276E+03 
                1.16953           32.2476E+03 
                1.17              32.1247E+03 
                1.17048           31.9986E+03 
                1.17119           31.8022E+03 
                1.17226           31.4933E+03 
                1.17387           31.0046E+03 
                1.17447           30.8185E+03 
                1.17537           30.5328E+03 
                1.17673           30.0934E+03 
                1.17876           29.4233E+03 
                1.17953           29.1719E+03 
                1.18067           28.7945E+03 
                1.18239           28.2362E+03 
                1.18304           28.029E+03  
                1.184             27.7226E+03 
                1.18545           27.2776E+03 
                1.18763           26.6574E+03 
                1.18845           26.4331E+03 
                1.18968           26.1145E+03 
                1.19152           25.6846E+03 
                1.19221           25.5312E+03 
                1.19324           25.3176E+03 
                1.1948            25.0383E+03 
                1.19538           24.94E+03   
                1.19625           24.8061E+03 
                1.19757           24.6374E+03 
                1.19954           24.4605E+03 
                1.20027           24.4056E+03 
                1.20138           24.3476E+03 
                1.20305           24.316E+03  
                1.20367           24.3125E+03 
                1.20461           24.3246E+03 
                1.20601           24.3815E+03 
                1.20812           24.5521E+03 
                1.20891           24.6286E+03 
                1.2101            24.7684E+03 
                1.21188           25.0321E+03 
                1.21254           25.139E+03  
                1.21355           25.3149E+03 
                1.21505           25.6118E+03 
                1.21731           26.1219E+03 
                1.21815           26.3226E+03 
                1.21942           26.6401E+03 
                1.22133           27.1474E+03 
                1.22204           27.3423E+03 
                1.22312           27.6419E+03 
                1.22473           28.1037E+03 
                1.22714           28.8098E+03 
                1.23077           29.8489E+03 




