
                  X              uf-80-lin    

                0.                -0.         
               39.94E-09         122.008E-03  
              319.041E-09        605.491E-03  
                1.70601E-06        1.54267    
                7.53894E-06        3.53722    
               29.9775E-06         7.49876    
              111.812E-06         15.7147     
              399.954E-06         36.1929     
                1.38837E-03       95.8976     
                4.70264E-03      281.876      
               15.5512E-03       870.868      
               49.9952E-03         2.71434E+03
              154.626E-03          8.28057E+03
              450.699E-03         23.9852E+03 
              605.155E-03         32.2157E+03 
              668.784E-03         35.5477E+03 
              769.728E-03         40.7108E+03 
              779.517E-03         41.3584E+03 
              783.202E-03         41.5584E+03 
              788.744E-03         41.8311E+03 
              790.826E-03         41.9379E+03 
              791.608E-03         41.9783E+03 
              792.781E-03         42.0363E+03 
              794.542E-03         42.1213E+03 
              795.203E-03         42.1542E+03 
              796.194E-03         42.2024E+03 
              796.566E-03         42.2208E+03 
              797.125E-03         42.248E+03  
              797.962E-03         42.2881E+03 
              798.8E-03           42.3281E+03 
              799.638E-03         42.3681E+03 
              800.477E-03         42.408E+03  
              801.316E-03         42.4478E+03 
              802.156E-03         42.4874E+03 
              802.995E-03         42.5269E+03 
              803.836E-03         42.5663E+03 
              804.676E-03         42.6055E+03 
              805.517E-03         42.6445E+03 
              806.359E-03         42.6834E+03 
              807.2E-03           42.7221E+03 
              808.042E-03         42.7607E+03 
              808.885E-03         42.7991E+03 
              809.728E-03         42.8374E+03 
              810.993E-03         42.8942E+03 
              812.259E-03         42.9509E+03 
              813.526E-03         43.0075E+03 
              814.793E-03         43.0639E+03 
              816.062E-03         43.1199E+03 
              817.331E-03         43.1751E+03 
              818.601E-03         43.229E+03  
              819.872E-03         43.2803E+03 
              821.144E-03         43.3272E+03 
              822.417E-03         43.3663E+03 
              823.69E-03          43.3929E+03 
              824.964E-03         43.4001E+03 
              826.24E-03          43.3784E+03 
              827.516E-03         43.3159E+03 
              828.793E-03         43.1983E+03 
              830.07E-03          43.0099E+03 
              831.349E-03         42.7346E+03 
              832.628E-03         42.3578E+03 
              833.909E-03         41.8677E+03 
              835.19E-03          41.2574E+03 
              836.472E-03         40.526E+03  
              837.755E-03         39.6789E+03 
              839.038E-03         38.7281E+03 
              840.323E-03         37.6908E+03 
              841.608E-03         36.5885E+03 
              842.894E-03         35.4441E+03 
              844.181E-03         34.281E+03  
              845.469E-03         33.1206E+03 
              846.757E-03         31.9813E+03 
              848.047E-03         30.8777E+03 
              849.337E-03         29.8198E+03 
              850.628E-03         28.814E+03  
              851.92E-03          27.8628E+03 
              853.213E-03         26.9658E+03 
              854.506E-03         26.1203E+03 
              855.801E-03         25.3222E+03 
              857.096E-03         24.5663E+03 
              858.392E-03         23.847E+03  
              859.689E-03         23.1585E+03 
              860.987E-03         22.4955E+03 
              862.285E-03         21.8529E+03 
              863.585E-03         21.2266E+03 
              864.885E-03         20.6134E+03 
              866.186E-03         20.0113E+03 
              867.488E-03         19.4194E+03 
              868.79E-03          18.8382E+03 
              870.094E-03         18.2694E+03 
              871.398E-03         17.716E+03  
              872.703E-03         17.1816E+03 
              874.009E-03         16.6711E+03 
              875.316E-03         16.1896E+03 
              876.623E-03         15.7424E+03 
              877.931E-03         15.3351E+03 
              879.241E-03         14.9727E+03 
              880.55E-03          14.6597E+03 
              881.861E-03         14.3999E+03 
              883.173E-03         14.1957E+03 
              883.665E-03         14.1276E+03 
              884.403E-03         14.0431E+03 
              885.511E-03         13.9568E+03 
              887.174E-03         13.9173E+03 
              888.838E-03         13.9635E+03 
              890.504E-03         14.0874E+03 
              892.17E-03          14.2795E+03 
              893.838E-03         14.5292E+03 
              895.508E-03         14.825E+03  
              897.178E-03         15.1549E+03 
              898.85E-03          15.507E+03  
              899.478E-03         15.6422E+03 
              900.419E-03         15.8478E+03 
              901.831E-03         16.1578E+03 
              903.952E-03         16.6198E+03 
              906.075E-03         17.0876E+03 
              908.2E-03           17.5834E+03 
              910.326E-03         18.1387E+03 
              912.455E-03         18.7845E+03 
              914.586E-03         19.5416E+03 
              916.719E-03         20.4137E+03 
              918.854E-03         21.3861E+03 
              920.991E-03         22.4289E+03 
              923.13E-03          23.5031E+03 
              925.271E-03         24.5679E+03 
              927.413E-03         25.5856E+03 
              929.558E-03         26.5259E+03 
              931.705E-03         27.3666E+03 
              933.854E-03         28.0939E+03 
              936.005E-03         28.7009E+03 
              938.158E-03         29.1861E+03 
              940.313E-03         29.5522E+03 
              942.469E-03         29.8046E+03 
              944.628E-03         29.9511E+03 
              946.789E-03         30.001E+03  
              948.952E-03         29.9647E+03 
              951.116E-03         29.8536E+03 
              951.929E-03         29.803E+03  
              953.147E-03         29.7057E+03 
              954.977E-03         29.5202E+03 
              957.724E-03         29.1775E+03 
              959.098E-03         28.9944E+03 
              960.474E-03         28.7997E+03 
              962.538E-03         28.488E+03  
              964.605E-03         28.163E+03  
              966.673E-03         27.8268E+03 
              968.742E-03         27.4791E+03 
              970.814E-03         27.1181E+03 
              972.887E-03         26.74E+03   
              974.962E-03         26.3402E+03 
              977.039E-03         25.9139E+03 
              979.117E-03         25.4567E+03 
              981.197E-03         24.9659E+03 
              982.758E-03         24.5788E+03 
              984.32E-03          24.1721E+03 
              985.884E-03         23.7473E+03 
              987.448E-03         23.3065E+03 
              989.013E-03         22.8529E+03 
              990.579E-03         22.3906E+03 
              992.146E-03         21.9247E+03 
              993.714E-03         21.4607E+03 
              995.283E-03         21.0052E+03 
              996.852E-03         20.5649E+03 
              998.03E-03          20.2465E+03 
              999.209E-03         19.9423E+03 
                1.00039           19.6555E+03 
                1.00083           19.5508E+03 
                1.00149           19.4E+03    
                1.00249           19.1893E+03 
                1.00398           18.9147E+03 
                1.00548           18.6869E+03 
                1.00697           18.5102E+03 
                1.00847           18.3882E+03 
                1.00997           18.3237E+03 
                1.01147           18.3191E+03 
                1.01297           18.3759E+03 
                1.01447           18.4948E+03 
                1.01597           18.676E+03  
                1.01747           18.9189E+03 
                1.01897           19.2221E+03 
                1.02048           19.5838E+03 
                1.02104           19.7281E+03 
                1.02189           19.9619E+03 
                1.02316           20.3503E+03 
                1.02506           21.0122E+03 
                1.02578           21.2721E+03 
                1.02685           21.684E+03  
                1.02846           22.3474E+03 
                1.03088           23.426E+03  
                1.03179           23.8425E+03 
                1.03315           24.4864E+03 
                1.03519           25.4834E+03 
                1.03596           25.862E+03  
                1.03711           26.435E+03  
                1.03883           27.2986E+03 
                1.03948           27.6234E+03 
                1.04045           28.1089E+03 
                1.04191           28.8287E+03 
                1.0441            29.8728E+03 
                1.04629           30.8644E+03 
                1.04848           31.786E+03  
                1.05067           32.6214E+03 
                1.05232           33.1934E+03 
                1.05397           33.704E+03  
                1.05458           33.8871E+03 
                1.05551           34.1402E+03 
                1.0569            34.4688E+03 
                1.05899           34.8396E+03 
                1.06108           35.0824E+03 
                1.06317           35.1924E+03 
                1.06526           35.1671E+03 
                1.06736           35.0067E+03 
                1.06945           34.7141E+03 
                1.07155           34.2945E+03 
                1.07313           33.9117E+03 
                1.0747            33.464E+03  
                1.07628           32.9561E+03 
                1.07687           32.7579E+03 
                1.07775           32.4426E+03 
                1.07909           31.9328E+03 
                1.07958           31.7372E+03 
                1.08033           31.4331E+03 
                1.08146           30.9557E+03 
                1.08314           30.201E+03  
                1.08568           29.0135E+03 
                1.08663           28.5634E+03 
                1.08805           27.8789E+03 
                1.08859           27.6218E+03 
                1.08939           27.2348E+03 
                1.09059           26.6556E+03 
                1.0924            25.8018E+03 
                1.09308           25.4851E+03 
                1.09409           25.0177E+03 
                1.09562           24.3413E+03 
                1.09619           24.092E+03  
                1.09705           23.7276E+03 
                1.09834           23.2062E+03 
                1.09882           23.0149E+03 
                1.09955           22.7368E+03 
                1.10063           22.342E+03  
                1.10104           22.1975E+03 
                1.10165           21.9883E+03 
                1.10257           21.6925E+03 
                1.10395           21.2932E+03 
                1.10447           21.1503E+03 
                1.10524           20.9506E+03 
                1.10641           20.6857E+03 
                1.10685           20.5917E+03 
                1.1075            20.462E+03  
                1.10848           20.2936E+03 
                1.10885           20.2345E+03 
                1.10941           20.1542E+03 
                1.11024           20.053E+03  
                1.11148           19.9457E+03 
                1.11195           19.9122E+03 
                1.11265           19.8759E+03 
                1.1137            19.8534E+03 
                1.11409           19.8497E+03 
                1.11469           19.8543E+03 
                1.11557           19.8836E+03 
                1.11691           19.9781E+03 
                1.1174            20.021E+03  
                1.11815           20.1009E+03 
                1.11928           20.255E+03  
                1.1197            20.3179E+03 
                1.12033           20.4227E+03 
                1.12128           20.6031E+03 
                1.12164           20.6742E+03 
                1.12217           20.788E+03  
                1.12298           20.974E+03  
                1.12418           21.2865E+03 
                1.12463           21.4086E+03 
                1.12531           21.6017E+03 
                1.12632           21.9123E+03 
                1.1267            22.0319E+03 
                1.12727           22.2176E+03 
                1.12813           22.5093E+03 
                1.12942           22.974E+03  
                1.1299            23.1523E+03 
                1.13062           23.4272E+03 
                1.13171           23.8547E+03 
                1.13334           24.5236E+03 
                1.13395           24.7786E+03 
                1.13487           25.1674E+03 
                1.13625           25.7611E+03 
                1.13831           26.6621E+03 
                1.13909           27.0016E+03 
                1.14025           27.5092E+03 
                1.142             28.26E+03   
                1.14265           28.5403E+03 
                1.14363           28.9547E+03 
                1.14511           29.5589E+03 
                1.14732           30.4132E+03 
                1.14815           30.7264E+03 
                1.1494            31.1753E+03 
                1.15126           31.7958E+03 
                1.15197           32.0215E+03 
                1.15302           32.3413E+03 
                1.1546            32.7765E+03 
                1.15519           32.9338E+03 
                1.15608           33.1548E+03 
                1.15741           33.4516E+03 
                1.15791           33.5584E+03 
                1.15866           33.7072E+03 
                1.15979           33.9046E+03 
                1.16148           34.1424E+03 
                1.16211           34.224E+03  
                1.16306           34.3274E+03 
                1.16449           34.4409E+03 
                1.16502           34.478E+03  
                1.16582           34.5205E+03 
                1.16703           34.5553E+03 
                1.16748           34.5646E+03 
                1.16816           34.5695E+03 
                1.16917           34.557E+03  
                1.1707            34.496E+03  
                1.17127           34.4677E+03 
                1.17213           34.4122E+03 
                1.17342           34.3015E+03 
                1.1739            34.2565E+03 
                1.17463           34.1808E+03 
                1.17572           34.0494E+03 
                1.17613           33.9979E+03 
                1.17674           33.9154E+03 
                1.17766           33.7804E+03 
                1.17903           33.555E+03  
                1.17955           33.4678E+03 
                1.18033           33.3304E+03 
                1.18149           33.1107E+03 
                1.18324           32.7565E+03 
                1.18389           32.6211E+03 
                1.18488           32.4113E+03 
                1.18635           32.0848E+03 
                1.1869            31.9613E+03 
                1.18773           31.7732E+03 
                1.18898           31.4862E+03 
                1.19085           31.0516E+03 
                1.19155           30.889E+03  
                1.1926            30.645E+03  
                1.19418           30.2824E+03 
                1.19655           29.7565E+03 
                1.19744           29.5633E+03 
                1.19877           29.2811E+03 
                1.20077           28.8806E+03 
                1.20152           28.7347E+03 
                1.20265           28.5238E+03 
                1.20434           28.2287E+03 
                1.20687           27.8405E+03 
                1.20783           27.704E+03  
                1.20925           27.5169E+03 
                1.20979           27.4497E+03 
                1.21059           27.3547E+03 
                1.2118            27.2258E+03 
                1.21361           27.0648E+03 
                1.21429           27.0096E+03 
                1.21531           26.9368E+03 
                1.21683           26.8507E+03 
                1.21913           26.7741E+03 
                1.21999           26.7536E+03 
                1.22128           26.7385E+03 
                1.22257           26.7394E+03 
                1.22386           26.7563E+03 
                1.22434           26.7651E+03 
                1.22507           26.7829E+03 
                1.22616           26.8202E+03 
                1.2278            26.8995E+03 
                1.22841           26.9329E+03 
                1.22933           26.9899E+03 
                1.23072           27.0904E+03 
                1.23279           27.2731E+03 
                1.23357           27.3468E+03 
                1.23473           27.4662E+03 
                1.23649           27.6645E+03 
                1.23714           27.7421E+03 
                1.23813           27.8638E+03 
                1.23961           28.0578E+03 
                1.24183           28.3723E+03 
                1.24266           28.4941E+03 
                1.24391           28.6826E+03 
                1.24438           28.7544E+03 
                1.24508           28.8636E+03 
                1.24613           29.031E+03  
                1.24772           29.2891E+03 
                1.25009           29.6887E+03 
                1.25098           29.8409E+03 
                1.25232           30.0713E+03 
                1.25433           30.4199E+03 
                1.25508           30.5517E+03 
                1.25621           30.7494E+03 
                1.2579            31.0452E+03 
                1.26044           31.484E+03  
                1.2614            31.6485E+03 
                1.26283           31.8917E+03 
                1.26337           31.9827E+03 
                1.26417           32.1178E+03 
                1.26538           32.3172E+03 
                1.26719           32.608E+03  
                1.26787           32.7163E+03 
                1.26889           32.8755E+03 
                1.27042           33.1064E+03 
                1.27272           33.433E+03  
                1.27358           33.5534E+03 
                1.27488           33.7264E+03 
                1.27682           33.9684E+03 
                1.27973           34.2886E+03 
                1.28082           34.4037E+03 
                1.28246           34.5605E+03 
                1.28492           34.7602E+03 
                1.28585           34.8309E+03 
                1.28723           34.9247E+03 
                1.28775           34.9585E+03 
                1.28853           35.0051E+03 
                1.2897            35.0662E+03 
                1.29146           35.1381E+03 
                1.29409           35.2014E+03 
                1.29508           35.2198E+03 
                1.29656           35.2325E+03 
                1.29878           35.2197E+03 
                1.29962           35.2113E+03 
                1.30087           35.1883E+03 
                1.30275           35.132E+03  
                1.30345           35.1085E+03 
                1.30451           35.0664E+03 
                1.3061            34.9888E+03 
                1.30848           34.8435E+03 
                1.30937           34.7859E+03 
                1.31071           34.6905E+03 
                1.31205           34.5873E+03 
                1.31339           34.477E+03  
                1.31473           34.3602E+03 
                1.31608           34.2377E+03 
                1.31742           34.1101E+03 
                1.31842           34.012E+03  
                1.31943           33.9117E+03 
                1.32044           33.8094E+03 
                1.32195           33.6526E+03 
                1.32252           33.5938E+03 
                1.32337           33.5047E+03 
                1.32464           33.3701E+03 
                1.32656           33.1688E+03 
                1.32728           33.0941E+03 
                1.32835           32.9826E+03 
                1.32997           32.8188E+03 
                1.3324            32.586E+03  
                1.33331           32.5016E+03 
                1.33365           32.4704E+03 
                1.33416           32.4241E+03 
                1.33493           32.3561E+03 
                1.33608           32.2583E+03 
                1.33781           32.1233E+03 
                1.3404            31.9517E+03 
                1.34138           31.8928E+03 
                1.34284           31.8146E+03 
                1.34503           31.7235E+03 
                1.34585           31.6938E+03 
                1.34708           31.6577E+03 
                1.34894           31.624E+03  
                1.35171           31.6221E+03 
                1.35276           31.6292E+03 
                1.35315           31.6329E+03 
                1.35373           31.6405E+03 
                1.35461           31.6565E+03 
                1.35593           31.6913E+03 
                1.35791           31.7684E+03 
                1.35989           31.8701E+03 
                1.36187           31.9955E+03 
                1.36262           32.0462E+03 
                1.36373           32.1289E+03 
                1.36541           32.2679E+03 
                1.36792           32.5076E+03 
                1.36886           32.6025E+03 
                1.37027           32.7531E+03 
                1.37239           32.9964E+03 
                1.37319           33.0905E+03 
                1.37438           33.2362E+03 
                1.37617           33.4637E+03 
                1.37684           33.5507E+03 
                1.37785           33.6833E+03 
                1.37936           33.8865E+03 
                1.38163           34.198E+03  
                1.3839            34.5132E+03 
                1.38617           34.828E+03  
                1.38844           35.1388E+03 
                1.38958           35.2933E+03 
                1.39072           35.4456E+03 
                1.39242           35.6678E+03 
                1.39413           35.8829E+03 
                1.39498           35.9889E+03 
                1.39583           36.0926E+03 
                1.39669           36.1939E+03 
                1.39754           36.2926E+03 
                1.39839           36.3887E+03 
                1.39925           36.482E+03  
                1.40053           36.615E+03  
                1.40245           36.7974E+03 
                1.40437           36.9618E+03 
                1.4063            37.1064E+03 
                1.40822           37.2295E+03 
                1.41015           37.3289E+03 
                1.41207           37.4013E+03 
                1.414             37.442E+03  
                1.41592           37.4441E+03 
                1.41785           37.3985E+03 
                1.41978           37.2951E+03 
                1.42171           37.1233E+03 
                1.42316           36.9523E+03 
                1.4246            36.7359E+03 
                1.42605           36.4725E+03 
                1.4275            36.1628E+03 
                1.42895           35.8094E+03 
                1.4304            35.4171E+03 
                1.43257           34.765E+03  
                1.43474           34.0771E+03 
                1.43692           33.378E+03  
                1.4391            32.6857E+03 
                1.44127           32.0097E+03 
                1.44345           31.3509E+03 
                1.44563           30.7032E+03 
                1.44781           30.0562E+03 
                1.44999           29.3973E+03 
                1.45217           28.7142E+03 
                1.45436           27.9964E+03 
                1.45599           27.4351E+03 
                1.45763           26.8478E+03 
                1.45927           26.2336E+03 
                1.46091           25.5926E+03 
                1.46255           24.9269E+03 
                1.46418           24.2403E+03 
                1.46582           23.5383E+03 
                1.46746           22.828E+03  
                1.46911           22.1176E+03 
                1.47075           21.416E+03  
                1.47239           20.7322E+03 
                1.47403           20.0742E+03 
                1.47567           19.4489E+03 
                1.47732           18.8615E+03 
                1.47896           18.315E+03  
                1.4806            17.8103E+03 
                1.48225           17.3471E+03 
                1.48389           16.9233E+03 
                1.48554           16.5366E+03 
                1.48718           16.1847E+03 
                1.48883           15.8656E+03 
                1.49047           15.5782E+03 
                1.49212           15.3227E+03 
                1.49377           15.0996E+03 
                1.49542           14.91E+03   
                1.49706           14.7552E+03 
                1.49871           14.6356E+03 
                1.50036           14.551E+03  
                1.50201           14.4997E+03 
                1.50366           14.4786E+03 
                1.50531           14.4832E+03 
                1.50696           14.5079E+03 
                1.50861           14.5462E+03 
                1.51026           14.5912E+03 
                1.51191           14.6359E+03 
                1.51357           14.6744E+03 
                1.51522           14.7014E+03 
                1.51687           14.7134E+03 
                1.51853           14.7085E+03 
                1.52018           14.687E+03  
                1.52183           14.6506E+03 
                1.52349           14.6028E+03 
                1.52514           14.5481E+03 
                1.5268            14.4917E+03 
                1.52845           14.439E+03  
                1.53011           14.3948E+03 
                1.53259           14.3596E+03 
                1.53508           14.3624E+03 
                1.53757           14.4027E+03 
                1.54005           14.474E+03  
                1.54254           14.5653E+03 
                1.54503           14.6635E+03 
                1.54752           14.7564E+03 
                1.54939           14.8194E+03 
                1.55126           14.873E+03  
                1.55313           14.9175E+03 
                1.55593           14.9752E+03 
                1.55874           15.0451E+03 
                1.56154           15.1505E+03 
                1.56435           15.311E+03  
                1.56716           15.5378E+03 
                1.56997           15.8297E+03 
                1.57278           16.1739E+03 
                1.57559           16.5478E+03 
                1.5784            16.9236E+03 
                1.58122           17.2742E+03 
                1.58544           17.6849E+03 
                1.58702           17.8215E+03 
                1.5894            17.9821E+03 
                1.59297           18.1413E+03 
                1.59653           18.2493E+03 
                1.6001            18.337E+03  
                1.60367           18.426E+03  
                1.60457           18.4493E+03 
                1.60546           18.4729E+03 
                1.6068            18.5098E+03 
                1.60881           18.5689E+03 
                1.61082           18.6305E+03 
                1.61283           18.6908E+03 
                1.61484           18.7446E+03 
                1.61685           18.786E+03  
                1.61987           18.7978E+03 
                1.62289           18.7397E+03 
                1.62591           18.5966E+03 
                1.63044           18.1773E+03 
                1.63498           17.5766E+03 
                1.63951           16.8445E+03 
                1.64405           16.0497E+03 
                1.64859           15.2676E+03 
                1.65541           14.3144E+03 
                1.66564           13.591E+03  
                1.67588           13.535E+03  
                1.68614           14.0122E+03 
                1.6964            14.8496E+03 
                1.70667           15.8514E+03 
                1.71695           16.8236E+03 
                1.72724           17.6079E+03 
                1.73754           18.1078E+03 
                1.74785           18.2994E+03 
                1.75816           18.2222E+03 
                1.76848           17.959E+03  
                1.77881           17.6104E+03 
                1.78914           17.2722E+03 
                1.79949           17.0181E+03 
                1.80983           16.892E+03  
                1.82019           16.9067E+03 
                1.83055           17.0486E+03 
                1.84091           17.2854E+03 
                1.84869           17.4996E+03 
                1.85647           17.7312E+03 
                1.86425           17.9627E+03 
                1.87203           18.1786E+03 
                1.87982           18.367E+03  
                1.8876            18.5204E+03 
                1.89539           18.6353E+03 
                1.90319           18.7129E+03 
                1.91098           18.7575E+03 
                1.91878           18.7765E+03 
                1.93047           18.7774E+03 
                1.94217           18.781E+03  
                1.95387           18.8101E+03 
                1.96557           18.8782E+03 
                1.97727           18.988E+03  
                1.98898           19.1333E+03 
                2.00068           19.3013E+03 
                2.01239           19.4767E+03 
                2.02409           19.6453E+03 
                2.0358            19.7964E+03 
                2.0475            19.9246E+03 
                2.0592            20.0298E+03 
                2.06797           20.0972E+03 
                2.07455           20.1423E+03 
                2.08113           20.1837E+03 
                2.08771           20.2227E+03 
                2.09757           20.2815E+03 
                2.10743           20.3444E+03 
                2.11729           20.4149E+03 
                2.12222           20.4518E+03 
                2.12714           20.4915E+03 
                2.13207           20.5338E+03 
                2.137             20.5785E+03 
                2.14192           20.6256E+03 
                2.14684           20.6748E+03 
                2.15177           20.7259E+03 
                2.153             20.7383E+03 
                2.15423           20.7511E+03 
                2.15607           20.7708E+03 
                2.15676           20.7781E+03 
                2.1578            20.7893E+03 
                2.15936           20.8062E+03 
                2.16092           20.8232E+03 
                2.16247           20.8403E+03 
                2.16403           20.8575E+03 
                2.16558           20.8748E+03 
                2.16617           20.8812E+03 
                2.16704           20.8909E+03 
                2.16836           20.9056E+03 
                2.17033           20.9278E+03 
                2.17106           20.936E+03  
                2.17217           20.9484E+03 
                2.17383           20.9671E+03 
                2.17446           20.974E+03  
                2.17539           20.9844E+03 
                2.17679           21.0002E+03 
                2.17889           21.0238E+03 
                2.17968           21.0324E+03 
                2.18086           21.0455E+03 
                2.18264           21.0652E+03 
                2.1833            21.0725E+03 
                2.1843            21.0834E+03 
                2.1858            21.0998E+03 
                2.18636           21.1059E+03 
                2.1872            21.115E+03  
                2.18846           21.1287E+03 
                2.19035           21.1491E+03 
                2.19106           21.1566E+03 
                2.19213           21.1679E+03 
                2.19372           21.1847E+03 
                2.19432           21.1909E+03 
                2.19522           21.2003E+03 
                2.19657           21.2143E+03 
                2.19859           21.2351E+03 
                2.19935           21.2427E+03 
                2.20048           21.2541E+03 
                2.20219           21.2712E+03 
                2.20474           21.2964E+03 
                2.2057            21.3056E+03 
                2.20714           21.3194E+03 
                2.2093            21.34E+03   
                2.2101            21.3475E+03 
                2.21132           21.3588E+03 
                2.21314           21.3757E+03 
                2.21586           21.4007E+03 
                2.21996           21.4373E+03 
                2.22405           21.4729E+03 
                2.22813           21.508E+03  
                2.23222           21.5427E+03 
                2.23631           21.5773E+03 
                2.24244           21.6301E+03 
                2.24473           21.6491E+03 
                2.24818           21.679E+03  
                2.24947           21.6899E+03 
                2.25141           21.7069E+03 
                2.25431           21.7331E+03 
                2.25867           21.7735E+03 
                2.2603            21.7881E+03 
                2.26275           21.8112E+03 
                2.26643           21.8471E+03 
                2.26781           21.8601E+03 
                2.26987           21.8805E+03 
                2.27297           21.9122E+03 
                2.27762           21.9612E+03 
                2.27936           21.979E+03  
                2.28197           22.0072E+03 
                2.28589           22.0507E+03 
                2.2898            22.0949E+03 
                2.29372           22.1398E+03 
                2.29519           22.1561E+03 
                2.29739           22.1817E+03 
                2.30069           22.2208E+03 
                2.30193           22.2349E+03 
                2.30378           22.2569E+03 
                2.30657           22.2902E+03 
                2.31074           22.3404E+03 
                2.317             22.4152E+03 
                2.31935           22.4418E+03 
                2.32286           22.483E+03  
                2.32638           22.5236E+03 
                2.3299            22.5636E+03 
                2.33341           22.603E+03  
                2.33692           22.6416E+03 
                2.34044           22.6794E+03 
                2.34395           22.7163E+03 
                2.34526           22.7295E+03 
                2.34724           22.7497E+03 
                2.3502            22.7799E+03 
                2.35131           22.7906E+03 
                2.35297           22.8069E+03 
                2.35547           22.8314E+03 
                2.35921           22.8671E+03 
                2.36483           22.9187E+03 
                2.36693           22.9364E+03 
                2.37008           22.964E+03  
                2.37481           23.0048E+03 
                2.37659           23.0188E+03 
                2.37925           23.0409E+03 
                2.38323           23.074E+03  
                2.38722           23.1063E+03 
                2.3912            23.1383E+03 
                2.3922            23.1455E+03 
                2.39319           23.153E+03  
                2.39469           23.165E+03  
                2.39692           23.1831E+03 
                2.40028           23.2105E+03 
                2.40532           23.2521E+03 
                2.4072            23.2664E+03 
                2.41003           23.2896E+03 
                2.41109           23.2979E+03 
                2.41268           23.3109E+03 
                2.41507           23.3312E+03 
                2.41865           23.3621E+03 
                2.42401           23.4096E+03 
                2.42602           23.426E+03  
                2.42903           23.4529E+03 
                2.43355           23.4945E+03 
                2.44033           23.5584E+03 
                2.4454            23.6055E+03 
                2.44731           23.6222E+03 
                2.45016           23.6494E+03 
                2.45444           23.691E+03  
                2.45604           23.7054E+03 
                2.45845           23.7285E+03 
                2.45935           23.7367E+03 
                2.4607            23.7496E+03 
                2.46273           23.7694E+03 
                2.46577           23.799E+03  
                2.47033           23.8433E+03 
                2.47203           23.8585E+03 
                2.4746            23.8828E+03 
                2.47556           23.8914E+03 
                2.477             23.9049E+03 
                2.47916           23.9254E+03 
                2.4824            23.9562E+03 
                2.48361           23.9668E+03 
                2.48543           23.9836E+03 
                2.48816           24.0091E+03 
                2.49089           24.034E+03  
                2.49362           24.0587E+03 
                2.49635           24.0832E+03 
                2.49703           24.0887E+03 
                2.49771           24.0945E+03 
                2.49873           24.1035E+03 
                2.50027           24.1173E+03 
                2.50084           24.1223E+03 
                2.5017            24.1298E+03 
                2.503             24.1414E+03 
                2.50494           24.1588E+03 
                2.50566           24.1649E+03 
                2.50675           24.1744E+03 
                2.50839           24.1888E+03 
                2.51084           24.2106E+03 
                2.51176           24.2182E+03 
                2.51314           24.2301E+03 
                2.5152            24.2483E+03 
                2.51598           24.2547E+03 
                2.51714           24.2646E+03 
                2.51888           24.28E+03   
                2.51954           24.2854E+03 
                2.52052           24.2938E+03 
                2.52199           24.3067E+03 
                2.52419           24.3262E+03 
                2.52502           24.333E+03  
                2.52626           24.3437E+03 
                2.52812           24.3602E+03 
                2.52881           24.3659E+03 
                2.52986           24.375E+03  
                2.53143           24.3889E+03 
                2.53378           24.4101E+03 
                2.53466           24.4174E+03 
                2.53598           24.4291E+03 
                2.53796           24.447E+03  
                2.53871           24.4533E+03 
                2.53982           24.4632E+03 
                2.54149           24.4785E+03 
                2.54212           24.484E+03  
                2.54306           24.4924E+03 
                2.54447           24.5054E+03 
                2.54658           24.5253E+03 
                2.54737           24.5323E+03 
                2.54856           24.5432E+03 
                2.55034           24.5602E+03 
                2.55101           24.5662E+03 
                2.55201           24.5756E+03 
                2.55351           24.59E+03   
                2.55577           24.6122E+03 
                2.55661           24.62E+03   
                2.55788           24.6322E+03 
                2.55978           24.6511E+03 
                2.56049           24.6578E+03 
                2.56156           24.6683E+03 




