
                  X          uf-80-0-90-45-exp

                0.                -0.         
               39.94E-09         123.164E-03  
              319.041E-09        600.198E-03  
                1.70601E-06        1.50227    
                7.53894E-06        3.42453    
               29.9775E-06         7.26647    
              111.812E-06         14.9307     
              399.954E-06         32.5686     
                1.38837E-03       81.337      
                4.70264E-03      229.777      
               15.5512E-03       694.807      
               49.9952E-03         2.14308E+03
              154.626E-03          6.50673E+03
              450.699E-03         18.8094E+03 
              605.155E-03         25.2938E+03 
              876.892E-03         36.314E+03  
              989.801E-03         40.9307E+03 
                1.00066           41.4584E+03 
                1.01704           42.0646E+03 
                1.01858           42.1331E+03 
                1.02089           42.2221E+03 
                1.02436           42.3491E+03 
                1.02958           42.5384E+03 
                1.03743           42.8218E+03 
                1.04923           43.2467E+03 
                1.05034           43.2939E+03 
                1.05201           43.3575E+03 
                1.05451           43.448E+03  
                1.05544           43.4828E+03 
                1.05685           43.5339E+03 
                1.05896           43.6099E+03 
                1.05976           43.6391E+03 
                1.06095           43.6824E+03 
                1.06273           43.7468E+03 
                1.06541           43.8435E+03 
                1.06642           43.881E+03  
                1.06792           43.9365E+03 
                1.07019           44.0193E+03 
                1.07104           44.0513E+03 
                1.07231           44.0988E+03 
                1.07423           44.1697E+03 
                1.07494           44.1971E+03 
                1.07602           44.2377E+03 
                1.07764           44.2984E+03 
                1.08006           44.3894E+03 
                1.08097           44.4246E+03 
                1.08234           44.4762E+03 
                1.08439           44.5514E+03 
                1.08747           44.6523E+03 
                1.08862           44.6895E+03 
                1.09036           44.7367E+03 
                1.09296           44.7811E+03 
                1.09393           44.7946E+03 
                1.0954            44.8026E+03 
                1.0976            44.7812E+03 
                1.09842           44.7691E+03 
                1.09966           44.738E+03  
                1.10152           44.6599E+03 
                1.10338           44.549E+03  
                1.10524           44.4037E+03 
                1.10593           44.3448E+03 
                1.10698           44.2448E+03 
                1.10855           44.0693E+03 
                1.11091           43.7505E+03 
                1.11179           43.6243E+03 
                1.11312           43.4169E+03 
                1.11511           43.0664E+03 
                1.11586           42.9302E+03 
                1.11698           42.7128E+03 
                1.11867           42.357E+03  
                1.12119           41.7501E+03 
                1.12214           41.5128E+03 
                1.12356           41.1302E+03 
                1.1241            40.9833E+03 
                1.1249            40.7539E+03 
                1.1261            40.3884E+03 
                1.1279            39.7883E+03 
                1.12858           39.5563E+03 
                1.12959           39.1902E+03 
                1.13111           38.5986E+03 
                1.13168           38.3711E+03 
                1.13254           38.0157E+03 
                1.13383           37.45E+03   
                1.13576           36.5291E+03 
                1.13648           36.1744E+03 
                1.13757           35.6198E+03 
                1.1392            34.7413E+03 
                1.14164           33.3406E+03 
                1.14225           32.9865E+03 
                1.14287           32.6277E+03 
                1.14378           32.0806E+03 
                1.14516           31.245E+03  
                1.14723           29.9765E+03 
                1.1493            28.7083E+03 
                1.15137           27.4516E+03 
                1.15214           26.9831E+03 
                1.15331           26.2859E+03 
                1.15506           25.2564E+03 
                1.15768           23.7541E+03 
                1.16031           22.2971E+03 
                1.16097           21.9365E+03 
                1.16162           21.5786E+03 
                1.16261           21.0476E+03 
                1.16409           20.2664E+03 
                1.16631           19.1346E+03 
                1.16853           18.0495E+03 
                1.17075           17.0159E+03 
                1.17159           16.6365E+03 
                1.17284           16.0842E+03 
                1.17472           15.2964E+03 
                1.17753           14.2087E+03 
                1.18036           13.2174E+03 
                1.18106           12.9765E+03 
                1.18212           12.628E+03  
                1.18371           12.1358E+03 
                1.18609           11.473E+03  
                1.18669           11.3128E+03 
                1.18728           11.1574E+03 
                1.18818           10.9352E+03 
                1.18952           10.6282E+03 
                1.19003           10.5171E+03 
                1.19078           10.3592E+03 
                1.19192           10.1422E+03 
                1.19362            9.86263E+03
                1.19425            9.76474E+03
                1.19521            9.63207E+03
                1.19665            9.46379E+03
                1.1988             9.27257E+03
                1.19961            9.20966E+03
                1.20083            9.1309E+03 
                1.20265            9.04072E+03
                1.20538            8.94571E+03
                1.20641            8.91563E+03
                1.20794            8.87663E+03
                1.21025            8.82687E+03
                1.21372            8.76906E+03
                1.21502            8.75126E+03
                1.21697            8.7299E+03 
                1.2199             8.72001E+03
                1.2243             8.80192E+03
                1.22595            8.85101E+03
                1.22843            8.97082E+03
                1.23215            9.30027E+03
                1.23355            9.4487E+03 
                1.23564            9.72903E+03
                1.23879           10.2944E+03 
                1.23996           10.5285E+03 
                1.24173           10.9254E+03 
                1.24439           11.6165E+03 
                1.24838           12.8053E+03 
                1.25237           14.0646E+03 
                1.25637           15.3118E+03 
                1.26237           16.9544E+03 
                1.27139           18.6269E+03 
                1.28496           19.3691E+03 
                1.30539           18.0944E+03 
                1.30667           18.015E+03  
                1.30795           17.9222E+03 
                1.30987           17.7604E+03 
                1.31275           17.4814E+03 
                1.31383           17.3732E+03 
                1.31546           17.2007E+03 
                1.31789           16.9242E+03 
                1.32155           16.4828E+03 
                1.32704           15.801E+03  
                1.33529           14.849E+03  
                1.33735           14.6207E+03 
                1.33942           14.398E+03  
                1.34252           14.084E+03  
                1.34717           13.6734E+03 
                1.34891           13.5302E+03 
                1.35153           13.3354E+03 
                1.35547           13.0947E+03 
                1.36137           12.8548E+03 
                1.36359           12.7842E+03 
                1.36442           12.7604E+03 
                1.36567           12.7291E+03 
                1.36754           12.6934E+03 
                1.37035           12.6664E+03 
                1.37456           12.6832E+03 
                1.37614           12.6988E+03 
                1.37852           12.7379E+03 
                1.38208           12.8328E+03 
                1.38743           13.0498E+03 
                1.39546           13.506E+03  
                1.39747           13.6307E+03 
                1.39948           13.7604E+03 
                1.4025            13.9662E+03 
                1.40363           14.0458E+03 
                1.40533           14.1677E+03 
                1.40788           14.3556E+03 
                1.40884           14.4274E+03 
                1.41027           14.5359E+03 
                1.41242           14.6998E+03 
                1.41565           14.9455E+03 
                1.41889           15.1873E+03 
                1.42212           15.42E+03   
                1.42698           15.7311E+03 
                1.43427           16.0721E+03 
                1.437             16.1831E+03 
                1.44111           16.2981E+03 
                1.44727           16.358E+03  
                1.45654           16.2407E+03 
                1.46001           16.1742E+03 
                1.46523           16.0279E+03 
                1.46719           15.9694E+03 
                1.47013           15.8717E+03 
                1.47454           15.718E+03  
                1.48116           15.5057E+03 
                1.48779           15.335E+03  
                1.49442           15.2173E+03 
                1.49691           15.1828E+03 
                1.50065           15.1469E+03 
                1.50626           15.1348E+03 
                1.51468           15.2073E+03 
                1.52733           15.4718E+03 
                1.54635           15.974E+03  
                1.5535            16.1697E+03 
                1.56423           16.4164E+03 
                1.56826           16.5044E+03 
                1.56977           16.5364E+03 
                1.57204           16.58E+03   
                1.57544           16.6373E+03 
                1.57672           16.6583E+03 
                1.57863           16.6864E+03 
                1.5815            16.7218E+03 
                1.58258           16.7346E+03 
                1.5842            16.7512E+03 
                1.58662           16.7706E+03 
                1.59026           16.7875E+03 
                1.59573           16.7853E+03 
                1.59778           16.7817E+03 
                1.60085           16.7663E+03 
                1.602             16.7597E+03 
                1.60373           16.7465E+03 
                1.60633           16.7204E+03 
                1.61023           16.6677E+03 
                1.6112            16.6544E+03 
                1.61218           16.64E+03   
                1.61364           16.6162E+03 
                1.61583           16.5759E+03 
                1.61912           16.506E+03  
                1.62036           16.4791E+03 
                1.62221           16.4353E+03 
                1.62499           16.3637E+03 
                1.62916           16.2477E+03 
                1.63541           16.0674E+03 
                1.63776           16.0006E+03 
                1.64128           15.8985E+03 
                1.64657           15.7404E+03 
                1.64855           15.6812E+03 
                1.65153           15.5888E+03 
                1.65264           15.554E+03  
                1.65432           15.5005E+03 
                1.65683           15.418E+03  
                1.6606            15.2929E+03 
                1.66626           15.1175E+03 
                1.66838           15.0552E+03 
                1.67156           14.9683E+03 
                1.67634           14.8568E+03 
                1.68351           14.7258E+03 
                1.6862            14.6826E+03 
                1.69024           14.6249E+03 
                1.69629           14.559E+03  
                1.69856           14.5385E+03 
                1.70197           14.5148E+03 
                1.70709           14.5044E+03 
                1.71477           14.5667E+03 
                1.71765           14.6033E+03 
                1.72197           14.6853E+03 
                1.72846           14.8698E+03 
                1.73819           15.2385E+03 
                1.75281           15.8137E+03 
                1.77476           16.4387E+03 
                1.80774           16.8684E+03 
                1.82013           16.9748E+03 
                1.83872           17.0468E+03 
                1.8457            17.0669E+03 
                1.85617           17.0819E+03 
                1.87188           17.0908E+03 

 MINIMUM        0.                -0.         
  AT X =                           0.         
 MAXIMUM        1.87188           44.8026E+03 
  AT X =                           1.0954     




