
                  X                uf-exp     

                0.                -0.         
               39.94E-09         144.262E-03  
              319.041E-09        746.553E-03  
                1.70601E-06        1.94853    
                7.53894E-06        4.44846    
               29.9775E-06         9.54913    
              111.812E-06         21.6481     
              399.954E-06         56.0726     
                1.38837E-03      163.196      
                4.70264E-03      506.745      
               15.5512E-03         1.60973E+03
               49.9952E-03         5.08311E+03
              154.626E-03         15.598E+03  
              212.548E-03         21.5084E+03 
              319.557E-03         32.1593E+03 
              322.357E-03         32.9231E+03 
              326.58E-03          33.3299E+03 
              328.172E-03         33.4787E+03 
              328.769E-03         33.5343E+03 
              329.667E-03         33.6103E+03 
              331.017E-03         33.7185E+03 
              333.047E-03         33.8712E+03 
              335.083E-03         34.0162E+03 
              337.126E-03         34.1514E+03 
              339.176E-03         34.2781E+03 
              339.69E-03          34.3138E+03 
              340.461E-03         34.3606E+03 
              341.619E-03         34.4259E+03 
              342.78E-03          34.4907E+03 
              343.942E-03         34.5547E+03 
              345.107E-03         34.6184E+03 
              346.274E-03         34.6824E+03 
              347.443E-03         34.7474E+03 
              348.614E-03         34.814E+03  
              350.375E-03         34.9139E+03 
              352.14E-03          35.014E+03  
              353.911E-03         35.1078E+03 
              355.686E-03         35.193E+03  
              357.465E-03         35.2725E+03 
              359.25E-03          35.3536E+03 
              360.591E-03         35.4211E+03 
              361.936E-03         35.496E+03  
              363.282E-03         35.5827E+03 
              364.632E-03         35.683E+03  
              365.984E-03         35.7973E+03 
              367.339E-03         35.9247E+03 
              369.376E-03         36.1376E+03 
              372.444E-03         36.4954E+03 
              377.07E-03          37.0731E+03 
              381.727E-03         37.6602E+03 
              386.414E-03         38.2238E+03 
              393.501E-03         38.9763E+03 
              404.26E-03          39.9951E+03 
              415.171E-03         41.0134E+03 
              426.235E-03         42.0627E+03 
              430.422E-03         42.4875E+03 
              431.998E-03         42.6481E+03 
              432.59E-03          42.7085E+03 
              433.479E-03         42.7941E+03 
              434.813E-03         42.9208E+03 
              436.149E-03         43.0492E+03 
              437.488E-03         43.1783E+03 
              438.829E-03         43.3079E+03 
              440.172E-03         43.4377E+03 
              441.517E-03         43.5676E+03 
              442.864E-03         43.6969E+03 
              444.213E-03         43.8248E+03 
              445.565E-03         43.9502E+03 
              447.596E-03         44.1254E+03 
              450.651E-03         44.3564E+03 
              453.718E-03         44.5687E+03 
              456.794E-03         44.7792E+03 
              461.43E-03          45.138E+03  
              463.174E-03         45.2925E+03 
              465.798E-03         45.5316E+03 
              467.77E-03          45.726E+03  
              470.736E-03         46.0326E+03 
              472.967E-03         46.2756E+03 
              475.204E-03         46.522E+03  
              478.568E-03         46.8896E+03 
              481.1E-03           47.1682E+03 
              484.91E-03          47.5635E+03 
              488.735E-03         47.9402E+03 
              492.576E-03         48.2897E+03 
              493.538E-03         48.383E+03  
              494.502E-03         48.4689E+03 
              495.949E-03         48.5893E+03 
              498.123E-03         48.7599E+03 
              499.757E-03         48.8862E+03 
              502.213E-03         49.0641E+03 
              504.675E-03         49.2415E+03 
              507.143E-03         49.4228E+03 
              510.857E-03         49.7173E+03 
              516.453E-03         50.2363E+03 
              518.559E-03         50.4545E+03 
              520.142E-03         50.6193E+03 
              522.52E-03          50.871E+03  
              524.904E-03         51.1323E+03 
              527.293E-03         51.3981E+03 
              530.887E-03         51.7906E+03 
              533.59E-03          52.0845E+03 
              536.3E-03           52.3672E+03 
              539.017E-03         52.6388E+03 
              541.741E-03         52.8987E+03 
              545.84E-03          53.2615E+03 
              552.016E-03         53.7798E+03 
              554.341E-03         53.9855E+03 
              557.837E-03         54.2775E+03 
              559.151E-03         54.3938E+03 
              561.125E-03         54.5619E+03 
              562.607E-03         54.6913E+03 
              564.835E-03         54.8874E+03 
              567.066E-03         55.0916E+03 
              569.302E-03         55.303E+03  
              571.543E-03         55.5211E+03 
              574.911E-03         55.8555E+03 
              576.177E-03         55.9884E+03 
              578.078E-03         56.1811E+03 
              579.506E-03         56.3273E+03 
              581.651E-03         56.5423E+03 
              584.875E-03         56.8591E+03 
              588.109E-03         57.1734E+03 
              591.351E-03         57.4822E+03 
              594.601E-03         57.7849E+03 
              597.86E-03          58.0815E+03 
              601.128E-03         58.3728E+03 
              604.404E-03         58.6604E+03 
              606.045E-03         58.8077E+03 
              607.689E-03         58.951E+03  
              610.158E-03         59.1619E+03 
              613.871E-03         59.4762E+03 
              617.594E-03         59.7922E+03 
              621.329E-03         60.1079E+03 
              626.95E-03          60.5813E+03 
              632.596E-03         61.0711E+03 
              636.846E-03         61.451E+03  
              637.911E-03         61.5527E+03 
              639.509E-03         61.6967E+03 
              641.91E-03          61.9126E+03 
              645.52E-03          62.2431E+03 
              648.234E-03         62.4993E+03 
              650.953E-03         62.7566E+03 
              653.677E-03         63.0153E+03 
              656.407E-03         63.2739E+03 
              659.142E-03         63.5308E+03 
              663.255E-03         63.9058E+03 
              667.379E-03         64.2777E+03 
              671.515E-03         64.6463E+03 
              673.07E-03          64.7901E+03 
              675.404E-03         64.9965E+03 
              678.913E-03         65.3069E+03 
              682.43E-03          65.6249E+03 
              685.955E-03         65.9491E+03 
              687.28E-03          66.0763E+03 
              689.268E-03         66.2616E+03 
              692.256E-03         66.5416E+03 
              693.378E-03         66.6516E+03 
              695.062E-03         66.8123E+03 
              697.593E-03         67.0529E+03 
              700.127E-03         67.296E+03  
              702.666E-03         67.5387E+03 
              706.482E-03         67.8944E+03 
              710.307E-03         68.245E+03  
              714.142E-03         68.5866E+03 
              719.912E-03         69.0765E+03 
              721.358E-03         69.208E+03  
              722.805E-03         69.3317E+03 
              724.978E-03         69.5113E+03 
              725.794E-03         69.5811E+03 
              727.018E-03         69.6824E+03 
              728.856E-03         69.8323E+03 
              730.696E-03         69.9833E+03 
              732.539E-03         70.1348E+03 
              734.383E-03         70.287E+03  
              737.154E-03         70.5151E+03 
              741.318E-03         70.8587E+03 
              742.883E-03         70.994E+03  
              745.232E-03         71.1879E+03 
              746.114E-03         71.263E+03  
              747.438E-03         71.3715E+03 
              749.426E-03         71.5304E+03 
              752.411E-03         71.7637E+03 
              755.402E-03         71.9968E+03 
              758.399E-03         72.2327E+03 
              761.4E-03           72.4763E+03 
              765.913E-03         72.8658E+03 
              772.703E-03         73.4997E+03 
              777.814E-03         73.9978E+03 
              782.939E-03         74.4931E+03 
              788.079E-03         74.9799E+03 
              793.233E-03         75.4559E+03 
              798.402E-03         75.9237E+03 
              803.586E-03         76.3881E+03 
              811.389E-03         77.0837E+03 
              823.155E-03         78.1451E+03 
              826.107E-03         78.4317E+03 
              829.065E-03         78.7035E+03 
              833.509E-03         79.1061E+03 
              837.964E-03         79.511E+03  
              842.428E-03         79.9142E+03 
              844.105E-03         80.0702E+03 
              846.623E-03         80.2949E+03 
              849.144E-03         80.5188E+03 
              851.668E-03         80.7414E+03 
              854.196E-03         80.9626E+03 
              857.993E-03         81.2892E+03 
              859.418E-03         81.4161E+03 
              861.559E-03         81.5996E+03 
              864.773E-03         81.8717E+03 
              867.993E-03         82.1449E+03 
              871.218E-03         82.4177E+03 
              874.448E-03         82.6906E+03 
              879.302E-03         83.0975E+03 
              881.125E-03         83.2566E+03 
              883.863E-03         83.487E+03  
              887.976E-03         83.8294E+03 
              889.52E-03          83.9626E+03 
              891.839E-03         84.1546E+03 
              895.322E-03         84.4373E+03 
              900.556E-03         84.8534E+03 
              905.803E-03         85.2688E+03 
              911.063E-03         85.6817E+03 
              916.334E-03         86.0891E+03 
              921.619E-03         86.4866E+03 
              926.915E-03         86.8747E+03 
              932.224E-03         87.2632E+03 
              937.545E-03         87.6671E+03 
              942.878E-03         88.101E+03  
              948.223E-03         88.5735E+03 
              956.263E-03         89.3569E+03 
              959.285E-03         89.671E+03  
              960.419E-03         89.7906E+03 
              962.121E-03         89.9676E+03 
              962.76E-03          90.0354E+03 
              963.718E-03         90.1364E+03 
              964.078E-03         90.1748E+03 
              964.617E-03         90.2321E+03 
              965.426E-03         90.3179E+03 
              966.64E-03          90.4472E+03 
              967.096E-03         90.4966E+03 
              967.779E-03         90.5703E+03 
              968.805E-03         90.6806E+03 
              970.344E-03         90.8462E+03 
              972.654E-03         91.0903E+03 
              974.966E-03         91.3155E+03 
              977.281E-03         91.4859E+03 
              979.598E-03         91.5463E+03 
              981.916E-03         91.4331E+03 
              984.237E-03         91.0983E+03 
              986.56E-03          90.5341E+03 
              988.886E-03         89.7833E+03 
              991.213E-03         88.9275E+03 
              991.795E-03         88.7102E+03 
              992.378E-03         88.4885E+03 
              993.251E-03         88.1519E+03 
              994.562E-03         87.6587E+03 
              995.054E-03         87.4773E+03 
              995.792E-03         87.2134E+03 
              996.899E-03         86.8445E+03 
              998.561E-03         86.364E+03  
                1.00106           85.7815E+03 
                1.00355           85.2865E+03 
                1.00605           84.834E+03  
                1.00855           84.4059E+03 
                1.00918           84.3022E+03 
                1.00981           84.1988E+03 
                1.01075           84.0458E+03 
                1.01215           83.8265E+03 
                1.01427           83.5382E+03 
                1.01506           83.4384E+03 
                1.01626           83.3043E+03 
                1.0167            83.2571E+03 
                1.01737           83.1918E+03 
                1.01838           83.1081E+03 
                1.01989           83.0178E+03 
                1.02215           82.9634E+03 
                1.02442           82.9835E+03 
                1.02669           83.0605E+03 
                1.02754           83.098E+03  
                1.02882           83.1636E+03 
                1.03074           83.2735E+03 
                1.03266           83.3867E+03 
                1.03458           83.4963E+03 
                1.0365            83.5988E+03 
                1.03842           83.6913E+03 
                1.04035           83.7686E+03 
                1.04179           83.8156E+03 
                1.04396           83.842E+03  
                1.0445            83.8472E+03 
                1.04505           83.8487E+03 
                1.04586           83.8416E+03 
                1.04708           83.8078E+03 
                1.04891           83.6947E+03 
                1.05166           83.3699E+03 
                1.05442           82.9091E+03 
                1.05511           82.7878E+03 
                1.05579           82.6578E+03 
                1.05683           82.4465E+03 
                1.05838           82.1053E+03 
                1.06071           81.5685E+03 
                1.06304           81.0199E+03 
                1.06537           80.4526E+03 
                1.06771           79.8498E+03 
                1.06858           79.6194E+03 
                1.0699            79.2551E+03 
                1.07187           78.6684E+03 
                1.07261           78.4444E+03 
                1.07372           78.0964E+03 
                1.07539           77.562E+03  
                1.07789           76.791E+03  
                1.07851           76.603E+03  
                1.07914           76.418E+03  
                1.08008           76.1508E+03 
                1.08149           75.7821E+03 
                1.08201           75.6496E+03 
                1.08281           75.4619E+03 
                1.084             75.206E+03  
                1.08578           74.8697E+03 
                1.08757           74.563E+03  
                1.08936           74.2613E+03 
                1.09115           73.9384E+03 
                1.09294           73.5703E+03 
                1.09562           72.8764E+03 
                1.0963            72.6957E+03 
                1.09697           72.5049E+03 
                1.09798           72.1969E+03 
                1.09949           71.6981E+03 
                1.10006           71.5075E+03 
                1.10091           71.2139E+03 
                1.10219           70.7698E+03 
                1.10411           70.1425E+03 
                1.10603           69.5925E+03 
                1.10795           69.14E+03   
                1.10987           68.7873E+03 
                1.11275           68.4226E+03 
                1.11347           68.3428E+03 
                1.1142            68.27E+03   
                1.11528           68.1719E+03 
                1.1169            68.0328E+03 
                1.11934           67.7724E+03 
                1.11995           67.7046E+03 
                1.12056           67.6308E+03 
                1.12148           67.5026E+03 
                1.12285           67.2605E+03 
                1.12492           66.7561E+03 
                1.12543           66.6221E+03 
                1.12595           66.4781E+03 
                1.12672           66.2389E+03 
                1.12788           65.83E+03   
                1.12832           65.6703E+03 
                1.12897           65.4156E+03 
                1.12995           65.0039E+03 
                1.13142           64.3432E+03 
                1.13363           63.3473E+03 
                1.13446           62.9797E+03 
                1.1357            62.4517E+03 
                1.13757           61.7504E+03 
                1.13943           61.1557E+03 
                1.1413            60.6612E+03 
                1.14317           60.2461E+03 
                1.14364           60.1479E+03 
                1.1441            60.0536E+03 
                1.1448            59.9191E+03 
                1.14586           59.729E+03  
                1.14743           59.4562E+03 
                1.1498            59.052E+03  
                1.15217           58.6492E+03 
                1.15277           58.5499E+03 
                1.15366           58.3997E+03 
                1.15499           58.1744E+03 
                1.15549           58.0907E+03 
                1.15624           57.9653E+03 
                1.15737           57.7785E+03 
                1.15906           57.5029E+03 
                1.16075           57.2345E+03 
                1.16245           56.9759E+03 
                1.16414           56.7311E+03 
                1.16457           56.6716E+03 
                1.16499           56.6129E+03 
                1.16562           56.5266E+03 
                1.16658           56.4024E+03 
                1.16801           56.2283E+03 
                1.17016           55.9716E+03 
                1.17231           55.679E+03  
                1.17446           55.2997E+03 
                1.17499           55.1997E+03 
                1.17553           55.0923E+03 
                1.17634           54.9116E+03 
                1.17755           54.59E+03   
                1.17937           53.9799E+03 
                1.18118           53.2433E+03 
                1.183             52.3961E+03 
                1.18368           52.0648E+03 
                1.18471           51.5399E+03 
                1.18624           50.714E+03  
                1.18855           49.4695E+03 
                1.19086           48.2804E+03 
                1.19316           47.1791E+03 
                1.19547           46.1721E+03 
                1.19778           45.2463E+03 
                1.2001            44.3773E+03 
                1.20241           43.5361E+03 
                1.20473           42.6946E+03 
                1.20704           41.8316E+03 
                1.20936           40.9395E+03 
                1.21168           40.0288E+03 
                1.214             39.1282E+03 
                1.21487           38.7951E+03 
                1.21618           38.3086E+03 
                1.21814           37.6409E+03 
                1.2201            37.0666E+03 
                1.22207           36.608E+03  
                1.22501           36.1986E+03 
                1.22796           36.0423E+03 
                1.22944           36.0229E+03 
                1.23165           36.0927E+03 
                1.23386           36.2353E+03 
                1.23608           36.4241E+03 
                1.2383            36.6376E+03 
                1.24052           36.8627E+03 
                1.24274           37.0932E+03 
                1.24357           37.1813E+03 
                1.24482           37.3128E+03 
                1.24669           37.5105E+03 
                1.24951           37.8104E+03 
                1.25021           37.8873E+03 
                1.25092           37.9637E+03 
                1.25197           38.0779E+03 
                1.25356           38.2502E+03 
                1.25415           38.3158E+03 
                1.25504           38.4144E+03 
                1.25638           38.564E+03  
                1.25839           38.7957E+03 
                1.25914           38.885E+03  
                1.26027           39.021E+03  
                1.26197           39.2337E+03 
                1.26451           39.5772E+03 
                1.26706           39.943E+03  
                1.26961           40.3183E+03 
                1.27216           40.6824E+03 
                1.27471           41.0099E+03 
                1.27726           41.2779E+03 
                1.27982           41.4731E+03 
                1.28237           41.5958E+03 
                1.28333           41.6332E+03 
                1.28477           41.6676E+03 
                1.28693           41.6855E+03 
                1.28909           41.6829E+03 
                1.29125           41.6672E+03 
                1.2945            41.6108E+03 
                1.29571           41.5866E+03 
                1.29754           41.5319E+03 
                1.30028           41.3948E+03 
                1.30302           41.1907E+03 
                1.30577           40.9127E+03 
                1.30851           40.5624E+03 
                1.30954           40.4224E+03 
                1.31109           40.1897E+03 
                1.31341           39.7993E+03 
                1.31573           39.3766E+03 
                1.31805           38.9286E+03 
                1.31979           38.5817E+03 
                1.32241           38.0433E+03 
                1.32502           37.4978E+03 
                1.32764           36.9528E+03 
                1.33157           36.1622E+03 
                1.3355            35.4262E+03 
                1.33649           35.2482E+03 
                1.33747           35.0729E+03 
                1.33895           34.8189E+03 
                1.34116           34.4642E+03 
                1.34449           34.0012E+03 
                1.34573           33.8396E+03 
                1.34761           33.6189E+03 
                1.34901           33.4676E+03 
                1.35112           33.2716E+03 
                1.35323           33.1092E+03 
                1.35533           32.9802E+03 
                1.3585            32.8558E+03 
                1.36325           32.7947E+03 
                1.36444           32.7897E+03 
                1.36563           32.7897E+03 
                1.36741           32.8008E+03 
                1.37009           32.8398E+03 
                1.37277           32.8985E+03 
                1.37545           32.9735E+03 
                1.37813           33.0626E+03 
                1.38081           33.1632E+03 
                1.3835            33.272E+03  
                1.38618           33.3856E+03 
                1.38887           33.501E+03  
                1.3929            33.6686E+03 
                1.39694           33.8266E+03 
                1.40098           33.9684E+03 
                1.40249           34.0209E+03 
                1.40477           34.0904E+03 
                1.40818           34.1788E+03 
                1.41159           34.2534E+03 
                1.41501           34.3155E+03 
                1.41629           34.3385E+03 
                1.41822           34.3678E+03 
                1.4211            34.4067E+03 
                1.42543           34.4649E+03 
                1.42706           34.4895E+03 
                1.42767           34.499E+03  
                1.42858           34.5125E+03 
                1.42996           34.5328E+03 
                1.43202           34.5653E+03 
                1.43279           34.5786E+03 
                1.43395           34.5987E+03 
                1.43569           34.6301E+03 
                1.43634           34.6427E+03 
                1.43732           34.6617E+03 
                1.43878           34.6906E+03 
                1.43933           34.7021E+03 
                1.44016           34.7191E+03 
                1.4414            34.7444E+03 
                1.44326           34.7808E+03 
                1.44605           34.8106E+03 
                1.44884           34.7656E+03 
                1.45163           34.5604E+03 
                1.45442           34.0896E+03 
                1.45512           33.9546E+03 
                1.45617           33.7039E+03 
                1.45656           33.6032E+03 
                1.45715           33.4351E+03 
                1.45804           33.142E+03  
                1.45837           33.0263E+03 
                1.45887           32.839E+03  
                1.45961           32.5252E+03 
                1.46073           31.978E+03  
                1.46242           30.9871E+03 
                1.46494           29.2008E+03 
                1.46872           26.3448E+03 
                1.47251           23.7652E+03 
                1.4763            21.6798E+03 
                1.48009           20.0565E+03 
                1.48388           18.7254E+03 
                1.48768           17.5179E+03 
                1.49147           16.3502E+03 
                1.49528           15.2329E+03 
                1.49908           14.2357E+03 
                1.50288           13.4431E+03 
                1.50859           12.8817E+03 
                1.51431           12.9632E+03 
                1.52003           13.5845E+03 
                1.52576           14.591E+03  
                1.5279            15.0162E+03 
                1.53113           15.7224E+03 
                1.53597           16.8458E+03 
                1.53718           17.1313E+03 
                1.53839           17.4169E+03 
                1.5402            17.8421E+03 
                1.54293           18.4618E+03 
                1.54702           19.3205E+03 
                1.55315           20.3971E+03 
                1.5593            21.2397E+03 
                1.56083           21.4378E+03 
                1.56314           21.6972E+03 
                1.5666            22.0066E+03 
                1.56789           22.1129E+03 
                1.56984           22.2457E+03 
                1.57057           22.2925E+03 
                1.57167           22.3541E+03 
                1.57331           22.4285E+03 
                1.57577           22.5009E+03 
                1.57947           22.5269E+03 
                1.58225           22.5038E+03 
                1.58642           22.3825E+03 
                1.59058           22.1916E+03 
                1.59475           21.9455E+03 
                1.59893           21.6577E+03 
                1.60519           21.1693E+03 
                1.61146           20.6579E+03 
                1.61302           20.5313E+03 
                1.61459           20.4023E+03 
                1.61694           20.207E+03  
                1.62047           19.9187E+03 
                1.62577           19.515E+03  
                1.62709           19.4181E+03 
                1.62842           19.3226E+03 
                1.63041           19.184E+03  
                1.63115           19.1333E+03 
                1.63227           19.0584E+03 
                1.63395           18.9487E+03 
                1.63458           18.9084E+03 
                1.63552           18.8486E+03 
                1.63694           18.7602E+03 
                1.63906           18.6198E+03 
                1.64225           18.2653E+03 
                1.64305           18.1662E+03 
                1.64384           18.0527E+03 
                1.64414           18.0081E+03 
                1.64459           17.9356E+03 
                1.64526           17.8125E+03 
                1.64627           17.5871E+03 
                1.64779           17.126E+03  
                1.65006           16.0659E+03 
                1.65233           14.5927E+03 
                1.6546            12.7211E+03 
                1.65545           11.9657E+03 
                1.65673           10.7235E+03 
                1.65865            8.68884E+03
                1.66153            5.60134E+03
                1.66585            1.92882E+03
                1.67017         -326.476      
                1.67449           -1.24634E+03
                1.67557           -1.3948E+03 
                1.67665           -1.46836E+03
                1.67827           -1.43143E+03
                1.67888           -1.39775E+03
                1.67979           -1.30791E+03
                1.68116           -1.09884E+03
                1.68167           -1.01049E+03
                1.68244         -858.681      
                1.6836          -594.468      
                1.68533         -133.205      
                1.68793          672.978      
                1.69183            2.08857E+03
                1.69329            2.64733E+03
                1.69549            3.53584E+03
                1.69878            4.93068E+03
                1.70372            6.92058E+03
                1.70558            7.64014E+03
                1.70836            8.60603E+03
                1.7094             8.95051E+03
                1.70979            9.07705E+03
                1.71038            9.26012E+03
                1.71126            9.51835E+03
                1.71159            9.61292E+03
                1.71208            9.74919E+03
                1.71283            9.9403E+03 
                1.71394           10.1948E+03 
                1.71436           10.2858E+03 
                1.71499           10.4114E+03 
                1.71593           10.5741E+03 
                1.71734           10.7576E+03 
                1.71945           10.8889E+03 
                1.72263           10.7518E+03 
                1.72739            9.8558E+03 
                1.72858            9.59115E+03
                1.72977            9.28578E+03
                1.73156            8.74474E+03
                1.73424            7.78334E+03
                1.73827            6.15611E+03
                1.74229            4.50501E+03
                1.74632            2.98133E+03
                1.74783            2.43578E+03
                1.75009            1.69362E+03
                1.75349          796.508      
                1.75859          -28.0254     
                1.76369         -369.609      
                1.76879         -313.202      
                1.77645          297.657      
                1.77836          479.435      
                1.78028          680.883      
                1.78315            1.00799E+03
                1.78746            1.49493E+03
                1.79178            1.935E+03  
                1.79609            2.29988E+03
                1.8004             2.56992E+03
                1.80472            2.74771E+03
                1.80903            2.84653E+03
                1.81551            2.86185E+03
                1.82037            2.82755E+03
                1.82523            2.77001E+03
                1.83009            2.70563E+03
                1.83738            2.60693E+03
                1.83921            2.58342E+03
                1.84103            2.55904E+03
                1.84377            2.52084E+03
                1.84787            2.45476E+03
                1.85198            2.37815E+03
                1.85608            2.28873E+03
                1.86224            2.11382E+03
                1.86456            2.0427E+03 
                1.86802            1.91798E+03
                1.87322            1.6891E+03 
                1.88103            1.282E+03  
                1.88883          868.639      
                1.89078          766.589      
                1.89371          616.79       
                1.8981           411.916      
                1.90469          179.643      
                1.90716          105.221      
                1.91087           24.5649     
                1.91643          -14.8506     
                1.92477          120.322      
                1.9279           198.974      
                1.93259          374.522      
                1.93964          746.231      
                1.94228          899.871      
                1.94624            1.1558E+03 
                1.94772            1.25527E+03
                1.94995            1.41082E+03
                1.95329            1.65507E+03
                1.95831            2.03331E+03
                1.96332            2.41192E+03
                1.96834            2.78169E+03
                1.97335            3.13703E+03
                1.97711            3.39407E+03
                1.98276            3.75494E+03
                1.9884             4.08901E+03
                1.99404            4.39531E+03
                1.99969            4.67273E+03
                2.00533            4.91966E+03
                2.00956            5.0874E+03 
                2.01379            5.2383E+03 
                2.02014            5.43064E+03
                2.02649            5.59335E+03
                2.03283            5.7297E+03 
                2.03601            5.79128E+03
                2.03918            5.84911E+03
                2.04394            5.92775E+03
                2.04573            5.95591E+03
                2.0484             5.99556E+03
                2.05242            6.04725E+03
                2.05844            6.10537E+03
                2.06447            6.1448E+03 
                2.07049            6.16689E+03
                2.07199            6.17094E+03
                2.0735             6.1743E+03 
                2.07576            6.1774E+03 
                2.07914            6.17742E+03
                2.08253            6.17275E+03
                2.08591            6.16363E+03
                2.09099            6.14157E+03
                2.09607            6.11295E+03
                2.10115            6.08062E+03
                2.10622            6.04657E+03
                2.10813            6.03302E+03
                2.11098            6.01366E+03
                2.11527            5.98574E+03
                2.12169            5.94414E+03
                2.12811            5.8977E+03 
                2.13453            5.8413E+03 
                2.14094            5.77121E+03
                2.14736            5.68572E+03
                2.14976            5.6506E+03 
                2.15337            5.59427E+03
                2.15878            5.49941E+03
                2.16419            5.39438E+03
                2.1696             5.28034E+03
                2.17501            5.15749E+03
                2.18311            4.95145E+03
                2.19527            4.58483E+03
                2.19641            4.5474E+03 
                2.19811            4.49291E+03
                2.20068            4.40978E+03
                2.20452            4.27944E+03
                2.20836            4.14318E+03
                2.2122             4.00199E+03
                2.21796            3.78314E+03
                2.22372            3.55971E+03
                2.22947            3.33644E+03
                2.2381             3.01954E+03
                2.25104            2.61916E+03
                2.26396            2.30316E+03
                2.27687            2.06857E+03
                2.2817             1.98817E+03
                2.28654            1.92123E+03
                2.29137            1.86441E+03
                2.29862            1.8006E+03 
                2.30948            1.74617E+03
                2.31355            1.72756E+03
                2.31965            1.71702E+03
                2.3288             1.72654E+03
                2.33794            1.75693E+03
                2.34707            1.80909E+03
                2.35049            1.8288E+03 
                2.35562            1.87003E+03
                2.35755            1.88476E+03
                2.36043            1.91125E+03
                2.36475            1.95548E+03
                2.36908            2.00165E+03
                2.3734             2.04915E+03
                2.37987            2.12346E+03
                2.3823             2.14904E+03
                2.38594            2.19176E+03
                2.3914             2.26043E+03
                2.39958            2.37654E+03
                2.40265            2.41854E+03
                2.40724            2.49132E+03
                2.41413            2.61312E+03
                2.42445            2.81858E+03
                2.42832            2.89355E+03
                2.42977            2.92183E+03
                2.43194            2.96751E+03
                2.43521            3.0381E+03 
                2.44009            3.1452E+03 
                2.44498            3.25069E+03
                2.44986            3.35437E+03
                2.45474            3.45543E+03
                2.46205            3.60076E+03
                2.473              3.79901E+03
                2.4771             3.86464E+03
                2.48325            3.96462E+03
                2.49247            4.09836E+03
                2.49592            4.14089E+03
                2.5011             4.20527E+03
                2.50885            4.28777E+03
                2.52046            4.3786E+03 
                2.53785            4.44406E+03
                2.54435            4.44734E+03
                2.55085            4.44793E+03
                2.55734            4.43763E+03
                2.56382            4.41753E+03
                2.5703             4.39083E+03
                2.57192            4.38018E+03
                2.57434            4.36872E+03
                2.57798            4.35222E+03
                2.58343            4.32585E+03
                2.58888            4.29464E+03
                2.59432            4.25831E+03
                2.60247            4.1924E+03 
                2.61467            4.05991E+03
                2.63292            3.79943E+03
                2.63974            3.68035E+03
                2.6423             3.63432E+03
                2.64613            3.57079E+03
                2.65188            3.47293E+03
                2.66048            3.3219E+03 
                2.67336            3.1134E+03 
                2.6926             2.88401E+03
                2.6944             2.84624E+03
                2.6971             2.81281E+03
                2.70115            2.77202E+03
                2.70267            2.75455E+03
                2.70494            2.7328E+03 
                2.70835            2.70301E+03
                2.71345            2.6628E+03 
                2.71855            2.62717E+03
                2.72364            2.60016E+03
                2.73127            2.58432E+03
                2.74269            2.59766E+03
                2.75976            2.6608E+03 
                2.76614            2.67298E+03
                2.77569            2.72192E+03
                2.78521            2.77573E+03
                2.79472            2.83761E+03
                2.80893            2.95428E+03
                2.83014            3.16126E+03
                2.86171            3.51048E+03
                2.9085             4.0123E+03 
                2.97735            4.57897E+03
                3.00273            4.69746E+03
                3.04034            4.9496E+03 
                3.09568            5.19322E+03
                3.1008             5.11609E+03
                3.10845            5.14257E+03
                3.11132            5.14476E+03
                3.11561            5.16522E+03
                3.11989            5.18704E+03
                3.12416            5.21135E+03
                3.13055            5.25431E+03
                3.14011            5.31183E+03
                3.15435            5.37457E+03
                3.17553            5.4392E+03 
                3.20686            5.51822E+03
                3.25286            5.6427E+03 
                3.29762            5.75965E+03
                3.34111            5.89008E+03
                3.4039             6.08432E+03
                3.49235            6.2157E+03 
                3.61159            6.15383E+03
                3.75894            5.95129E+03
                3.86809            5.79902E+03
                3.9408             5.77767E+03
                3.99203            5.88923E+03
                4.                 5.97835E+03




