
                  X               uf-0-131    

                0.                -0.         
               39.94E-09         144.262E-03  
              319.041E-09        746.553E-03  
                1.70601E-06        1.94853    
                7.53894E-06        4.44846    
               29.9775E-06         9.54913    
              111.812E-06         21.6481     
              399.954E-06         56.0726     
                1.38837E-03      163.196      
                4.70264E-03      506.745      
               15.5512E-03         1.60973E+03
               49.9952E-03         5.08311E+03
              154.626E-03         15.598E+03  
              450.699E-03         45.3097E+03 
              487.177E-03         49.4044E+03 
              544.587E-03         54.757E+03  
              566.935E-03         57.0291E+03 
              575.429E-03         57.8932E+03 
              588.285E-03         59.1362E+03 
              593.141E-03         59.634E+03  
              594.967E-03         59.8218E+03 
              597.712E-03         60.0897E+03 
              600.462E-03         60.3597E+03 
              603.219E-03         60.6308E+03 
              604.599E-03         60.7698E+03 
              605.981E-03         60.9063E+03 
              608.057E-03         61.1079E+03 
              610.137E-03         61.3098E+03 
              612.219E-03         61.5101E+03 
              613.784E-03         61.6603E+03 
              615.35E-03          61.8079E+03 
              616.918E-03         61.9538E+03 
              619.274E-03         62.1681E+03 
              620.158E-03         62.2518E+03 
              621.486E-03         62.3729E+03 
              623.48E-03          62.5536E+03 
              625.478E-03         62.7379E+03 
              627.478E-03         62.9256E+03 
              628.229E-03         62.999E+03  
              629.356E-03         63.1067E+03 
              631.049E-03         63.2695E+03 
              633.592E-03         63.52E+03   
              634.547E-03         63.6189E+03 
              635.98E-03          63.7646E+03 
              638.134E-03         63.9852E+03 
              638.942E-03         64.0716E+03 
              640.156E-03         64.1987E+03 
              641.978E-03         64.3895E+03 
              644.716E-03         64.678E+03  
              645.744E-03         64.7909E+03 
              647.287E-03         64.9552E+03 
              649.606E-03         65.1992E+03 
              650.477E-03         65.294E+03  
              651.783E-03         65.4317E+03 
              653.746E-03         65.6346E+03 
              654.482E-03         65.7131E+03 
              655.588E-03         65.8271E+03 
              657.248E-03         65.9944E+03 
              657.871E-03         66.0589E+03 
              658.807E-03         66.1527E+03 
              660.211E-03         66.2901E+03 
              662.319E-03         66.4916E+03 
              664.431E-03         66.6908E+03 
              666.545E-03         66.8866E+03 
              668.663E-03         67.0795E+03 
              670.784E-03         67.27E+03   
              672.908E-03         67.4581E+03 
              675.035E-03         67.6438E+03 
              677.166E-03         67.8267E+03 
              679.299E-03         68.0067E+03 
              681.436E-03         68.1836E+03 
              683.576E-03         68.3577E+03 
              685.718E-03         68.5289E+03 
              687.864E-03         68.6969E+03 
              690.013E-03         68.8608E+03 
              692.165E-03         69.0192E+03 
              694.32E-03          69.1704E+03 
              696.479E-03         69.3135E+03 
              697.559E-03         69.385E+03  
              698.64E-03          69.4528E+03 
              700.263E-03         69.5484E+03 
              701.888E-03         69.6418E+03 
              703.514E-03         69.7346E+03 
              705.957E-03         69.8795E+03 
              708.404E-03         70.0432E+03 
              710.854E-03         70.2319E+03 
              713.309E-03         70.4488E+03 
              715.767E-03         70.693E+03  
              718.229E-03         70.9602E+03 
              720.695E-03         71.2442E+03 
              723.165E-03         71.539E+03  
              725.639E-03         71.8392E+03 
              729.357E-03         72.2831E+03 
              730.287E-03         72.3993E+03 
              731.219E-03         72.5115E+03 
              732.617E-03         72.6744E+03 
              734.716E-03         72.9094E+03 
              736.818E-03         73.1344E+03 
              738.922E-03         73.3457E+03 
              741.03E-03          73.5416E+03 
              744.195E-03         73.8E+03    
              747.368E-03         74.0351E+03 
              750.546E-03         74.2551E+03 
              753.73E-03          74.4699E+03 
              756.92E-03          74.6883E+03 
              760.116E-03         74.9178E+03 
              763.318E-03         75.1644E+03 
              764.921E-03         75.2959E+03 
              767.329E-03         75.5002E+03 
              769.74E-03          75.7195E+03 
              772.154E-03         75.9533E+03 
              774.572E-03         76.2012E+03 
              776.993E-03         76.4618E+03 
              779.418E-03         76.7331E+03 
              783.06E-03          77.1527E+03 
              786.711E-03         77.581E+03  
              790.368E-03         78.0079E+03 
              794.033E-03         78.4267E+03 
              797.706E-03         78.8335E+03 
              801.386E-03         79.2261E+03 
              804.15E-03          79.5142E+03 
              806.919E-03         79.7923E+03 
              807.959E-03         79.8982E+03 
              809.519E-03         80.0502E+03 
              811.861E-03         80.2709E+03 
              814.207E-03         80.4874E+03 
              816.556E-03         80.6989E+03 
              817.437E-03         80.7799E+03 
              818.76E-03          80.8965E+03 
              820.746E-03         81.0673E+03 
              823.729E-03         81.3205E+03 
              825.97E-03          81.5132E+03 
              828.212E-03         81.706E+03  
              831.582E-03         81.9968E+03 
              834.957E-03         82.2924E+03 
              835.802E-03         82.3702E+03 
              836.013E-03         82.3899E+03 
              836.33E-03          82.4188E+03 
              836.805E-03         82.461E+03  
              836.983E-03         82.4769E+03 
              837.251E-03         82.5006E+03 
              837.652E-03         82.5358E+03 
              838.254E-03         82.5882E+03 
              838.706E-03         82.6278E+03 
              839.158E-03         82.6674E+03 
              839.61E-03          82.707E+03  
              840.062E-03         82.7466E+03 
              840.74E-03          82.8054E+03 
              841.758E-03         82.8929E+03 
              843.286E-03         83.0227E+03 
              845.579E-03         83.2118E+03 
              847.301E-03         83.3495E+03 
              849.025E-03         83.4733E+03 
              850.75E-03          83.5698E+03 
              851.181E-03         83.5933E+03 
              851.613E-03         83.6141E+03 
              852.045E-03         83.6319E+03 
              852.476E-03         83.6466E+03 
              852.908E-03         83.6579E+03 
              853.34E-03          83.6653E+03 
              853.988E-03         83.6661E+03 
              854.961E-03         83.6375E+03 
              855.934E-03         83.5719E+03 
              856.907E-03         83.4608E+03 
              858.368E-03         83.1631E+03 
              859.83E-03          82.7119E+03 
              861.294E-03         82.0896E+03 
              861.659E-03         81.924E+03  
              862.025E-03         81.7471E+03 
              862.575E-03         81.4552E+03 
              863.124E-03         81.137E+03  
              863.673E-03         80.7926E+03 
              864.223E-03         80.4219E+03 
              864.773E-03         80.0252E+03 
              865.597E-03         79.373E+03  
              866.835E-03         78.2785E+03 
              868.074E-03         77.0853E+03 
              869.313E-03         75.814E+03  
              870.554E-03         74.4876E+03 
              871.794E-03         73.1302E+03 
              873.036E-03         71.765E+03  
              874.278E-03         70.413E+03  
              874.589E-03         70.0769E+03 
              874.9E-03           69.7421E+03 
              875.366E-03         69.2436E+03 
              876.066E-03         68.5078E+03 
              876.59E-03          67.9644E+03 
              877.115E-03         67.4303E+03 
              877.64E-03          66.9062E+03 
              878.428E-03         66.1446E+03 
              879.216E-03         65.4095E+03 
              880.005E-03         64.7012E+03 
              880.3E-03           64.4398E+03 
              880.744E-03         64.0557E+03 
              881.41E-03          63.4976E+03 
              881.909E-03         63.0892E+03 
              882.409E-03         62.6905E+03 
              882.908E-03         62.3008E+03 
              883.658E-03         61.7347E+03 
              884.033E-03         61.4565E+03 
              884.408E-03         61.1824E+03 
              884.783E-03         60.9122E+03 
              885.158E-03         60.6456E+03 
              885.533E-03         60.3824E+03 
              886.096E-03         59.9946E+03 
              886.659E-03         59.6133E+03 
              887.081E-03         59.3309E+03 
              887.504E-03         59.0517E+03 
              887.926E-03         58.7756E+03 
              888.349E-03         58.5024E+03 
              888.772E-03         58.2319E+03 
              889.195E-03         57.9643E+03 
              889.617E-03         57.6994E+03 
              890.04E-03          57.4373E+03 
              890.463E-03         57.1782E+03 
              890.887E-03         56.9221E+03 
              891.31E-03          56.6695E+03 
              891.733E-03         56.4205E+03 
              892.368E-03         56.0566E+03 
              893.003E-03         55.7043E+03 
              893.639E-03         55.3654E+03 
              894.275E-03         55.0415E+03 
              894.513E-03         54.9226E+03 
              894.871E-03         54.7492E+03 
              895.407E-03         54.5012E+03 
              895.944E-03         54.2663E+03 
              896.481E-03         54.0447E+03 
              897.018E-03         53.8363E+03 
              897.555E-03         53.641E+03  
              898.361E-03         53.3768E+03 




