
                  X             uf-0-90-131   

                0.                -0.         
               39.94E-09         128.52E-03   
              319.041E-09        637.802E-03  
                1.70601E-06        1.62497    
                7.53894E-06        3.72589    
               29.9775E-06         7.89869    
              111.812E-06         16.5528     
              399.954E-06         38.1232     
                1.38837E-03      101.012      
                4.70264E-03      296.911      
               15.5512E-03       917.319      
               49.9952E-03         2.85912E+03
              154.626E-03          8.72225E+03
              450.699E-03         25.2292E+03 
              605.155E-03         33.7867E+03 
              668.784E-03         37.1332E+03 
              769.728E-03         42.2995E+03 
              772.17E-03          42.5739E+03 
              775.839E-03         42.7857E+03 
              777.218E-03         42.8596E+03 
              779.287E-03         42.9634E+03 
              779.804E-03         42.9905E+03 
              780.322E-03         43.0172E+03 
              781.099E-03         43.0564E+03 
              782.266E-03         43.1144E+03 
              783.432E-03         43.1727E+03 
              783.724E-03         43.1878E+03 
              784.016E-03         43.2028E+03 
              784.454E-03         43.225E+03  
              785.111E-03         43.258E+03  
              785.358E-03         43.2705E+03 
              785.728E-03         43.2891E+03 
              786.282E-03         43.3169E+03 
              787.115E-03         43.3583E+03 
              787.948E-03         43.3999E+03 
              788.781E-03         43.4416E+03 
              789.615E-03         43.4834E+03 
              790.449E-03         43.5251E+03 
              791.284E-03         43.5669E+03 
              792.118E-03         43.6085E+03 
              792.954E-03         43.6501E+03 
              793.789E-03         43.6916E+03 
              794.625E-03         43.733E+03  
              795.88E-03          43.7942E+03 
              797.136E-03         43.8552E+03 
              798.392E-03         43.9157E+03 
              799.649E-03         43.9754E+03 
              800.908E-03         44.034E+03  
              802.167E-03         44.0912E+03 
              803.427E-03         44.1464E+03 
              804.687E-03         44.1988E+03 
              805.949E-03         44.2467E+03 
              807.211E-03         44.2875E+03 
              808.475E-03         44.317E+03  
              809.739E-03         44.3288E+03 
              811.004E-03         44.3139E+03 
              812.27E-03          44.2609E+03 
              813.537E-03         44.1555E+03 
              814.804E-03         43.9819E+03 
              816.073E-03         43.7235E+03 
              817.342E-03         43.3642E+03 
              818.612E-03         42.891E+03  
              819.883E-03         42.295E+03  
              821.155E-03         41.5733E+03 
              822.428E-03         40.7295E+03 
              823.701E-03         39.7739E+03 
              824.976E-03         38.7231E+03 
              826.251E-03         37.5978E+03 
              827.527E-03         36.4219E+03 
              828.804E-03         35.2195E+03 
              830.082E-03         34.0138E+03 
              831.36E-03          32.8252E+03 
              832.64E-03          31.6701E+03 
              833.92E-03          30.5608E+03 
              835.201E-03         29.5052E+03 
              836.483E-03         28.5073E+03 
              837.766E-03         27.5677E+03 
              839.049E-03         26.6844E+03 
              840.334E-03         25.8536E+03 
              841.619E-03         25.0701E+03 
              842.905E-03         24.3282E+03 
              844.192E-03         23.6218E+03 
              845.48E-03          22.9451E+03 
              846.769E-03         22.2925E+03 
              848.058E-03         21.6597E+03 
              849.348E-03         21.043E+03  
              850.64E-03          20.4401E+03 
              851.931E-03         19.8503E+03 
              853.224E-03         19.2739E+03 
              854.518E-03         18.7127E+03 
              855.812E-03         18.1697E+03 
              857.108E-03         17.6489E+03 
              858.404E-03         17.1549E+03 
              859.701E-03         16.6927E+03 
              860.998E-03         16.2676E+03 
              862.297E-03         15.8845E+03 
              863.596E-03         15.5478E+03 
              864.896E-03         15.2614E+03 
              866.197E-03         15.0281E+03 
              868.15E-03          14.8016E+03 
              868.883E-03         14.7354E+03 
              869.983E-03         14.6749E+03 
              871.634E-03         14.6704E+03 
              872.253E-03         14.6818E+03 
              873.182E-03         14.7247E+03 
              874.577E-03         14.8454E+03 
              875.101E-03         14.8992E+03 
              875.886E-03         14.9965E+03 
              877.064E-03         15.1782E+03 
              878.833E-03         15.524E+03  
              880.603E-03         15.9348E+03 
              882.375E-03         16.3986E+03 
              884.148E-03         16.9015E+03 
              885.923E-03         17.4272E+03 
              887.699E-03         17.9592E+03 
              889.477E-03         18.4835E+03 
              891.256E-03         18.9919E+03 
              893.927E-03         19.7302E+03 
              894.93E-03          20.0071E+03 
              896.435E-03         20.4252E+03 
              898.694E-03         21.0973E+03 
              900.955E-03         21.8452E+03 
              903.219E-03         22.6798E+03 
              905.485E-03         23.5923E+03 
              907.754E-03         24.5565E+03 
              910.024E-03         25.5354E+03 
              912.297E-03         26.4894E+03 
              914.573E-03         27.3822E+03 
              916.851E-03         28.1849E+03 
              919.13E-03          28.8774E+03 
              921.413E-03         29.4479E+03 
              923.697E-03         29.892E+03  
              925.984E-03         30.2102E+03 
              928.273E-03         30.4071E+03 
              930.565E-03         30.4901E+03 
              932.858E-03         30.4684E+03 




