
                  X               uf45-131    

                0.                -0.         
               39.94E-09         118.008E-03  
              319.041E-09        563.39E-03   
                1.70601E-06        1.37077    
                7.53894E-06        3.04476    
               29.9775E-06         6.30321    
              111.812E-06         12.3566     
              399.954E-06         24.2801     
                1.38837E-03       52.3104     
                4.70264E-03      130.082      
               15.5512E-03       363.36       
               49.9952E-03         1.07528E+03
              154.626E-03          3.20108E+03
              450.699E-03          9.17332E+03
              781.336E-03         15.8471E+03 
                1.18929           23.04E+03   
                1.19616           23.5005E+03 
                1.20304           23.6328E+03 
                1.21339           23.7659E+03 
                1.21598           23.803E+03  
                1.21857           23.8358E+03 
                1.22246           23.88E+03   
                1.22636           23.9214E+03 
                1.23026           23.9591E+03 
                1.23172           23.9739E+03 
                1.23392           23.993E+03  
                1.23722           24.0179E+03 
                1.24217           24.0492E+03 
                1.24403           24.0621E+03 
                1.24682           24.0781E+03 
                1.251             24.1001E+03 
                1.25257           24.1097E+03 
                1.25493           24.1226E+03 
                1.25847           24.1425E+03 
                1.2598            24.1513E+03 
                1.26179           24.164E+03  
                1.26479           24.184E+03  
                1.26591           24.1926E+03 
                1.26759           24.2052E+03 
                1.27012           24.2249E+03 
                1.27107           24.233E+03  
                1.27249           24.2451E+03 
                1.27462           24.2634E+03 
                1.27783           24.292E+03  
                1.27903           24.3038E+03 
                1.28084           24.321E+03  
                1.28354           24.3464E+03 
                1.28761           24.3849E+03 
                1.28913           24.4006E+03 
                1.29142           24.4229E+03 
                1.29486           24.4554E+03 
                1.29615           24.4686E+03 
                1.29808           24.4873E+03 
                1.30098           24.5146E+03 
                1.30207           24.5256E+03 
                1.30371           24.5413E+03 
                1.30616           24.5644E+03 
                1.30984           24.599E+03  
                1.31122           24.6132E+03 
                1.31329           24.6335E+03 
                1.3164            24.6638E+03 
                1.31757           24.6761E+03 
                1.31932           24.6939E+03 
                1.32195           24.7207E+03 
                1.32294           24.7315E+03 
                1.32442           24.7473E+03 
                1.32664           24.7711E+03 
                1.32997           24.808E+03  
                1.33122           24.823E+03  
                1.33309           24.8451E+03 
                1.33591           24.8785E+03 
                1.33696           24.8918E+03 
                1.33855           24.9115E+03 
                1.34093           24.9408E+03 
                1.34182           24.9524E+03 
                1.34316           24.9694E+03 
                1.34516           24.9947E+03 
                1.34818           25.0324E+03 
                1.34931           25.0473E+03 
                1.351             25.0689E+03 
                1.35355           25.1002E+03 
                1.35451           25.1124E+03 
                1.35594           25.1299E+03 
                1.35809           25.1551E+03 
                1.3589            25.1649E+03 
                1.36011           25.1789E+03 
                1.36192           25.199E+03  
                1.36465           25.2271E+03 
                1.36567           25.2381E+03 
                1.3672            25.2533E+03 
                1.3695            25.274E+03  
                1.37037           25.282E+03  
                1.37166           25.293E+03  
                1.3736            25.3077E+03 
                1.37433           25.3133E+03 
                1.37543           25.3211E+03 
                1.37707           25.3313E+03 
                1.37953           25.3435E+03 
                1.38045           25.3482E+03 
                1.38184           25.3539E+03 
                1.38392           25.3597E+03 
                1.3847            25.3619E+03 
                1.38587           25.3641E+03 
                1.38762           25.3653E+03 
                1.39026           25.3624E+03 
                1.3929            25.3549E+03 
                1.39553           25.3421E+03 
                1.39652           25.3369E+03 
                1.39801           25.3268E+03 
                1.40023           25.3065E+03 
                1.40107           25.2985E+03 
                1.40232           25.2847E+03 
                1.4042            25.2597E+03 
                1.40703           25.2117E+03 
                1.40985           25.1523E+03 
                1.41268           25.0795E+03 
                1.4155            24.9912E+03 
                1.41833           24.8851E+03 
                1.41904           24.8579E+03 
                1.41975           24.8294E+03 
                1.42081           24.7836E+03 
                1.4224            24.7077E+03 
                1.42479           24.5775E+03 
                1.42718           24.4301E+03 
                1.42778           24.3925E+03 
                1.42838           24.3537E+03 
                1.42927           24.2927E+03 
                1.42995           24.2455E+03 
                1.43096           24.1711E+03 
                1.43196           24.0933E+03 
                1.43297           24.0122E+03 
                1.43398           23.9276E+03 
                1.43499           23.8396E+03 
                1.436             23.7483E+03 
                1.43701           23.6536E+03 
                1.43853           23.5041E+03 
                1.4391            23.4472E+03 
                1.43995           23.3595E+03 
                1.44123           23.223E+03  
                1.44315           23.008E+03  
                1.44507           22.7835E+03 
                1.44699           22.5497E+03 
                1.44892           22.3063E+03 
                1.4494            22.2451E+03 
                1.44988           22.1832E+03 
                1.4506            22.0888E+03 
                1.45168           21.9435E+03 
                1.45276           21.7945E+03 
                1.45384           21.6414E+03 
                1.45492           21.4837E+03 
                1.45655           21.2349E+03 
                1.45817           20.9715E+03 
                1.4598            20.6908E+03 
                1.46142           20.3898E+03 
                1.46305           20.0655E+03 
                1.46467           19.7146E+03 
                1.4663            19.3342E+03 
                1.46793           18.9216E+03 
                1.46955           18.4742E+03 
                1.47118           17.99E+03   
                1.47281           17.4678E+03 
                1.47444           16.907E+03  
                1.47607           16.3081E+03 
                1.4777            15.6726E+03 
                1.47933           15.0032E+03 
                1.48096           14.3035E+03 
                1.48259           13.5779E+03 
                1.48299           13.3951E+03 
                1.48361           13.1176E+03 
                1.48452           12.6949E+03 
                1.4859            12.0493E+03 
                1.48728           11.3956E+03 
                1.48865           10.7363E+03 
                1.49003           10.074E+03  
                1.49072            9.74238E+03
                1.49141            9.4105E+03 
                1.49244            8.91264E+03
                1.49348            8.41548E+03
                1.49451            7.91958E+03
                1.49554            7.42538E+03
                1.49632            7.05594E+03
                1.49748            6.50488E+03
                1.49865            5.9578E+03 
                1.49981            5.41559E+03
                1.50098            4.8793E+03 
                1.50272            4.09258E+03
                1.50316            3.89725E+03
                1.5036             3.7032E+03 
                1.50425            3.41519E+03
                1.50523            2.99117E+03
                1.50622            2.57639E+03
                1.50646            2.47334E+03
                1.50671            2.37091E+03
                1.50708            2.21869E+03
                1.50763            1.99376E+03
                1.50784            1.90992E+03
                1.50815            1.78532E+03
                1.50862            1.6011E+03 
                1.50932            1.33127E+03
                1.50958            1.23106E+03
                1.50997            1.08292E+03
                1.51056          865.852      
                1.51079          785.212      
                1.51112          665.951      
                1.51162          490.995      
                1.5118           425.963      
                1.51208          329.704      
                1.51251          188.264      
                1.51314          -17.0413     
                1.51337          -93.0267     
                1.51373         -204.773      
                1.51426         -367.291      
                1.51446         -427.493      
                1.51476         -516.151      
                1.51521         -645.408      
                1.51588         -830.792      
                1.51614         -899.077      
                1.51652         -998.786      
                1.51709           -1.14223E+03
                1.51794           -1.34365E+03
                1.51826           -1.4172E+03 
                1.51874           -1.5232E+03 
                1.51946           -1.67261E+03
                1.51973           -1.72726E+03
                1.52014           -1.80624E+03
                1.52074           -1.91811E+03
                1.52166           -2.07148E+03
                1.522             -2.12692E+03
                1.52251           -2.20567E+03
                1.52328           -2.31422E+03
                1.52357           -2.35355E+03
                1.524             -2.40962E+03
                1.52465           -2.48738E+03
                1.5249            -2.51562E+03
                1.52526           -2.55604E+03
                1.52581           -2.61244E+03
                1.52663           -2.68796E+03
                1.52694           -2.71497E+03
                1.5274            -2.75274E+03
                1.5281            -2.8035E+03 
                1.52836           -2.82168E+03
                1.52875           -2.84715E+03
                1.52934           -2.88146E+03
                1.52955           -2.89377E+03
                1.52988           -2.91102E+03
                1.53038           -2.9343E+03 
                1.53112           -2.96356E+03
                1.5314            -2.97371E+03
                1.53182           -2.98719E+03
                1.53244           -3.00361E+03
                1.53338           -3.01992E+03
                1.53373           -3.02481E+03
                1.53426           -3.02958E+03
                1.53505           -3.031E+03  
                1.53535           -3.03069E+03
                1.5358            -3.02842E+03
                1.53646           -3.02099E+03
                1.53672           -3.0176E+03 
                1.53709           -3.01123E+03
                1.53766           -2.9988E+03 
                1.5385            -2.97354E+03
                1.53882           -2.96309E+03
                1.5393            -2.94529E+03
                1.54001           -2.91381E+03
                1.54108           -2.85559E+03
                1.54148           -2.83212E+03
                1.54209           -2.79341E+03
                1.54299           -2.7274E+03 
                1.54333           -2.70147E+03
                1.54384           -2.66005E+03
                1.5446            -2.59226E+03
                1.54489           -2.566E+03  
                1.54532           -2.52482E+03
                1.54596           -2.45905E+03
                1.5462            -2.4338E+03 
                1.54657           -2.39465E+03
                1.54711           -2.33313E+03
                1.54731           -2.30964E+03
                1.54762           -2.27353E+03
                1.54808           -2.21741E+03
                1.54877           -2.12887E+03




