
                  X          uf-60-45-exp-n=1

                0.                -0.         
               39.94E-09         112.028E-03  
              319.041E-09        534.921E-03  
                1.70601E-06        1.30328    
                7.53894E-06        2.91858    
               29.9775E-06         6.16792    
              111.812E-06         12.4634     
              399.954E-06         25.4111     
                1.38837E-03       57.1185     
                4.70264E-03      147.431      
               15.5512E-03       420.321      
               49.9952E-03         1.23837E+03
              154.626E-03          3.50716E+03
              450.699E-03          8.64491E+03
              909.771E-03         14.0382E+03 
                1.49255           18.1645E+03 
                2.13477           20.8752E+03 
                2.76111           22.5583E+03 
                3.29914           23.5488E+03 
                3.69328           24.098E+03  
                3.878             24.2987E+03 
                3.97234           24.4369E+03 
                3.99917           24.5014E+03 
                4.                24.5212E+03 




