
                  X          uf-100-45-lin-S95

                0.                -0.         
               39.94E-09         112.085E-03  
              319.041E-09        535.177E-03  
                1.70601E-06        1.29607    
                7.53894E-06        2.82675    
               29.9775E-06         5.66361    
              111.812E-06         10.7015     
              399.954E-06         20.2195     
                1.38837E-03       41.5762     
                4.70264E-03       98.7492     
               15.5512E-03       266.856      
               49.9952E-03       774.882      
              154.626E-03          2.2852E+03 
              450.699E-03          6.52032E+03
              605.155E-03          8.804E+03  
              668.784E-03          9.69848E+03
              769.728E-03         10.9457E+03 
              795.953E-03         11.3399E+03 
              822.561E-03         11.6141E+03 
              849.543E-03         11.8818E+03 
              856.346E-03         11.9703E+03 
              863.172E-03         12.0379E+03 
              865.738E-03         12.0665E+03 
              867.664E-03         12.0863E+03 
              870.557E-03         12.1132E+03 
              871.281E-03         12.1211E+03 
              872.005E-03         12.1286E+03 
              873.091E-03         12.1391E+03 
              874.722E-03         12.154E+03  
              877.171E-03         12.1759E+03 
              878.09E-03          12.1853E+03 
              879.469E-03         12.1983E+03 
              881.54E-03          12.2168E+03 
              882.317E-03         12.2245E+03 
              883.483E-03         12.2353E+03 
              885.233E-03         12.2508E+03 
              887.861E-03         12.2733E+03 
              888.848E-03         12.2829E+03 
              890.328E-03         12.2961E+03 
              892.55E-03          12.3147E+03 
              893.384E-03         12.3226E+03 
              894.636E-03         12.3334E+03 
              896.515E-03         12.3488E+03 
              899.336E-03         12.3711E+03 
              900.395E-03         12.3808E+03 
              901.984E-03         12.3939E+03 
              904.37E-03          12.4123E+03 
              905.266E-03         12.4202E+03 
              906.61E-03          12.431E+03  
              908.627E-03         12.4462E+03 
              909.384E-03         12.4526E+03 
              910.52E-03          12.4616E+03 
              912.225E-03         12.4742E+03 
              914.785E-03         12.4927E+03 
              915.745E-03         12.5007E+03 
              917.187E-03         12.5117E+03 
              919.352E-03         12.5272E+03 
              920.164E-03         12.5338E+03 
              921.383E-03         12.543E+03  
              923.212E-03         12.5559E+03 
              923.899E-03         12.5613E+03 
              924.929E-03         12.5689E+03 
              926.475E-03         12.5797E+03 
              928.796E-03         12.5953E+03 
              929.667E-03         12.602E+03  
              930.974E-03         12.6113E+03 
              932.935E-03         12.6242E+03 
              933.672E-03         12.6297E+03 
              934.776E-03         12.6372E+03 
              936.434E-03         12.6477E+03 
              937.056E-03         12.6521E+03 
              937.99E-03          12.6583E+03 
              939.39E-03          12.6668E+03 
              941.493E-03         12.6786E+03 
              942.282E-03         12.6838E+03 
              943.466E-03         12.6907E+03 
              945.243E-03         12.6999E+03 
              945.91E-03          12.7038E+03 
              946.91E-03          12.709E+03  
              948.412E-03         12.7158E+03 
              950.666E-03         12.7244E+03 
              952.922E-03         12.7321E+03 
              955.18E-03          12.7384E+03 
              957.44E-03          12.743E+03  
              958.006E-03         12.7448E+03 
              958.854E-03         12.7466E+03 
              960.127E-03         12.7479E+03 
              962.038E-03         12.748E+03  
              962.755E-03         12.7485E+03 
              963.831E-03         12.7482E+03 
              965.446E-03         12.7461E+03 
              966.052E-03         12.7456E+03 
              966.961E-03         12.7442E+03 
              968.325E-03         12.7407E+03 
              970.372E-03         12.733E+03  
              971.14E-03          12.7305E+03 
              972.293E-03         12.7255E+03 
              974.023E-03         12.7156E+03 
              974.673E-03         12.7121E+03 
              975.647E-03         12.7059E+03 
              977.108E-03         12.6946E+03 
              979.303E-03         12.6735E+03 
              981.499E-03         12.6486E+03 
              983.697E-03         12.6187E+03 
              985.897E-03         12.5829E+03 
              988.099E-03         12.5403E+03 
              990.303E-03         12.4898E+03 
              992.508E-03         12.4301E+03 
              994.716E-03         12.36E+03   
              996.925E-03         12.278E+03  
              999.137E-03         12.1827E+03 
                1.00135           12.0728E+03 
                1.00357           11.9467E+03 
                1.00578           11.8033E+03 
                1.008             11.6412E+03 
                1.01022           11.4591E+03 
                1.01244           11.2555E+03 
                1.01467           11.0289E+03 
                1.0169            10.7771E+03 
                1.01912           10.4976E+03 
                1.02135           10.1875E+03 
                1.02359            9.84348E+03
                1.02582            9.4623E+03 
                1.02805            9.04082E+03
                1.03029            8.57654E+03
                1.03197            8.20386E+03
                1.03365            7.80573E+03
                1.03533            7.38233E+03
                1.03701            6.93426E+03
                1.0387             6.46257E+03
                1.04038            5.96874E+03
                1.04207            5.45466E+03
                1.04375            4.92259E+03
                1.0446             4.65273E+03
                1.04544            4.37884E+03
                1.04629            4.10127E+03
                1.04713            3.82041E+03
                1.04797            3.53664E+03
                1.04882            3.25033E+03
                1.05009            2.81616E+03
                1.05136            2.37885E+03
                1.05262            1.93953E+03
                1.05453            1.27959E+03
                1.05643          623.467      
                1.05834          -24.7307     
                1.0593          -345.861      
                1.06025         -664.126      
                1.0612          -978.903      
                1.06216           -1.28953E+03
                1.06311           -1.59536E+03
                1.06455           -2.04141E+03
                1.06598           -2.47214E+03
                1.06742           -2.88542E+03
                1.06885           -3.2791E+03 
                1.07029           -3.65099E+03
                1.07172           -3.99896E+03
                1.07316           -4.32094E+03
                1.0746            -4.61498E+03
                1.07604           -4.87926E+03
                1.07748           -5.11216E+03
                1.07892           -5.31227E+03
                1.08036           -5.47842E+03
                1.0818            -5.60973E+03
                1.08324           -5.70562E+03
                1.08469           -5.7658E+03 
                1.08523           -5.78306E+03
                1.08604           -5.79788E+03
                1.08726           -5.79516E+03
                1.08848           -5.76733E+03
                1.0897            -5.71475E+03
                1.09092           -5.63789E+03
                1.09214           -5.53725E+03
                1.09336           -5.41339E+03
                1.09458           -5.26685E+03
                1.09581           -5.09818E+03
                1.09703           -4.90795E+03
                1.09825           -4.69671E+03
                1.09947           -4.46507E+03
                1.10131           -4.0744E+03 
                1.10315           -3.64282E+03
                1.10499           -3.17408E+03
                1.10683           -2.6727E+03 
                1.10867           -2.14395E+03
                1.11051           -1.5938E+03 
                1.11235           -1.02872E+03
                1.11304         -814.654      
                1.11408         -491.24       
                1.11564           -4.54857    
                1.11797          717.044      
                1.11973            1.24933E+03
                1.12148            1.7676E+03 
                1.12324            2.26819E+03
                1.12455            2.63261E+03
                1.12653            3.14993E+03
                1.12851            3.63636E+03
                1.13049            4.09029E+03
                1.13247            4.51088E+03
                1.13445            4.89791E+03
                1.13643            5.25168E+03
                1.13842            5.57289E+03
                1.1404             5.86264E+03
                1.14239            6.12235E+03
                1.14438            6.35381E+03
                1.14636            6.55909E+03
                1.14835            6.74051E+03
                1.15035            6.90056E+03
                1.15234            7.04184E+03
                1.15433            7.16689E+03
                1.15633            7.27812E+03
                1.15832            7.37771E+03
                1.16032            7.46751E+03
                1.16232            7.54895E+03
                1.16432            7.62306E+03
                1.16632            7.6904E+03 
                1.16832            7.75112E+03
                1.17032            7.80495E+03
                1.17232            7.85122E+03
                1.17433            7.88896E+03
                1.17634            7.91691E+03
                1.17834            7.93354E+03
                1.18035            7.93714E+03
                1.18236            7.92583E+03
                1.18437            7.89759E+03
                1.18638            7.85034E+03
                1.1884             7.78193E+03
                1.19041            7.69026E+03
                1.19343            7.4932E+03 
                1.19797            7.04944E+03
                1.20138            6.63143E+03
                1.20309            6.40127E+03
                1.20479            6.14871E+03
                1.20736            5.72145E+03
                1.20992            5.24989E+03
                1.21248            4.73814E+03
                1.21505            4.19165E+03
                1.21601            3.98275E+03
                1.21746            3.65958E+03
                1.21962            3.15824E+03
                1.22288            2.3872E+03 
                1.22614            1.61612E+03
                1.22939          862.801      
                1.23266          144.618      
                1.23592         -522.451      
                1.23919           -1.12445E+03
                1.24246           -1.64974E+03
                1.24573           -2.08905E+03
                1.24901           -2.4355E+03 
                1.25147           -2.64049E+03
                1.25516           -2.8231E+03 
                1.25655           -2.87262E+03
                1.25862           -2.9079E+03 
                1.26174           -2.87277E+03
                1.26291           -2.84638E+03
                1.26467           -2.78043E+03
                1.26731           -2.62391E+03
                1.27126           -2.27205E+03
                1.27522           -1.8188E+03 
                1.27622           -1.69842E+03
                1.27721           -1.57272E+03
                1.27869           -1.37302E+03
                1.28093           -1.05052E+03
                1.28427         -525.462      
                1.28763           30.6673     
                1.29098          607.318      
                1.29434            1.19541E+03
                1.2977             1.78721E+03
                1.30106            2.37625E+03
                1.30443            2.9573E+03 
                1.30779            3.52619E+03
                1.31116            4.07969E+03
                1.31454            4.61531E+03
                1.31791            5.13102E+03
                1.31918            5.32186E+03
                1.32108            5.599E+03  
                1.32393            5.99674E+03
                1.325              6.14482E+03
                1.32661            6.36193E+03
                1.32901            6.67537E+03
                1.33263            7.11545E+03
                1.33399            7.27583E+03
                1.33602            7.50198E+03
                1.33908            7.81682E+03
                1.34022            7.9323E+03 
                1.34194            8.09831E+03
                1.34452            8.33149E+03
                1.34549            8.41717E+03
                1.34695            8.53959E+03
                1.34913            8.70885E+03
                1.3524             8.92749E+03
                1.35362            9.00506E+03
                1.35547            9.10825E+03
                1.35823            9.23389E+03
                1.35927            9.27761E+03
                1.36082            9.3337E+03 
                1.36316            9.39723E+03
                1.36403            9.41865E+03
                1.36535            9.44394E+03
                1.36732            9.46631E+03
                1.37028            9.46193E+03
                1.37324            9.41795E+03
                1.37398            9.405E+03  
                1.37472            9.38939E+03
                1.37583            9.35978E+03
                1.3775             9.3021E+03 
                1.38               9.18711E+03
                1.38094            9.1405E+03 
                1.38234            9.06118E+03
                1.38446            8.92204E+03
                1.38763            8.67106E+03
                1.38882            8.57169E+03
                1.3906             8.40878E+03
                1.39328            8.13654E+03
                1.39428            8.0312E+03 
                1.39579            7.86438E+03
                1.39805            7.5963E+03 
                1.40145            7.16023E+03
                1.40272            6.99287E+03
                1.40463            6.73158E+03
                1.4075             6.32188E+03
                1.40857            6.16657E+03
                1.41019            5.9287E+03 
                1.41261            5.56348E+03
                1.41352            5.42603E+03
                1.41488            5.21785E+03
                1.41693            4.90263E+03
                1.41999            4.42909E+03
                1.42115            4.25236E+03
                1.42287            3.98793E+03
                1.42546            3.59656E+03
                1.42644            3.45125E+03
                1.4279             3.23554E+03
                1.43008            2.91924E+03
                1.43337            2.46708E+03
                1.4346             2.30164E+03
                1.43645            2.06138E+03
                1.43923            1.72228E+03
                1.44339            1.26973E+03
                1.44756          879.598      
                1.45173          555.514      
                1.4559           300.033      
                1.46008          114.454      
                1.46426           -1.1372     
                1.46844          -47.7739     
                1.47001          -54.8671     
                1.47236          -45.2804     
                1.4759            14.684      
                1.4812           200.591      
                1.48253          254.118      
                1.48385          312.884      
                1.48584          412.631      
                1.48883          587.74       
                1.48995          657.42       
                1.49163          769.005      
                1.49416          951.76       
                1.49794            1.2557E+03 
                1.50173            1.58453E+03
                1.50552            1.93203E+03
                1.50931            2.29192E+03
                1.51026            2.38316E+03
                1.51121            2.47474E+03
                1.51263            2.6126E+03 
                1.51477            2.82007E+03
                1.51797            3.12941E+03
                1.51917            3.24551E+03
                1.52098            3.41741E+03
                1.52368            3.66859E+03
                1.52774            4.02387E+03
                1.52876            4.11194E+03
                1.52978            4.19824E+03
                1.5313             4.32337E+03
                1.53359            4.50096E+03
                1.53444            4.56641E+03
                1.53573            4.66098E+03
                1.53766            4.79435E+03
                1.54056            4.97414E+03
                1.54345            5.13266E+03
                1.54635            5.26847E+03
                1.54925            5.38054E+03
                1.55034            5.41955E+03
                1.55197            5.46987E+03
                1.55442            5.52725E+03
                1.55534            5.54658E+03
                1.55672            5.56965E+03
                1.55878            5.59126E+03
                1.56189            5.59543E+03
                1.56305            5.59356E+03
                1.5648             5.58164E+03
                1.56741            5.5446E+03 
                1.5684             5.52846E+03
                1.56987            5.49824E+03
                1.57208            5.44036E+03
                1.5754             5.32817E+03
                1.57664            5.28319E+03
                1.57851            5.20797E+03
                1.58131            5.08007E+03
                1.58236            5.03051E+03
                1.58394            4.95169E+03
                1.58631            4.82485E+03
                1.58986            4.61965E+03
                1.59119            4.54136E+03
                1.59319            4.41985E+03
                1.59618            4.23141E+03
                1.59731            4.16045E+03
                1.59899            4.05252E+03
                1.60153            3.88901E+03
                1.60532            3.64502E+03
                1.60675            3.55451E+03
                1.60888            3.4198E+03 
                1.61209            3.22332E+03
                1.61329            3.151E+03  
                1.6151             3.04466E+03
                1.61781            2.89176E+03
                1.62187            2.6818E+03 
                1.62339            2.60661E+03
                1.62568            2.50052E+03
                1.62911            2.35942E+03
                1.6304             2.30961E+03
                1.63233            2.2409E+03 
                1.63523            2.15301E+03
                1.63631            2.12261E+03
                1.63794            2.08193E+03
                1.64039            2.03285E+03
                1.64406            1.98817E+03
                1.64773            1.97404E+03
                1.6514             1.99115E+03
                1.65278            2.00238E+03
                1.65485            2.02881E+03
                1.65795            2.09084E+03
                1.66105            2.17579E+03
                1.66415            2.28328E+03
                1.66726            2.41281E+03
                1.67036            2.56367E+03
                1.67347            2.73495E+03
                1.67657            2.92552E+03
                1.67968            3.13402E+03
                1.68046            3.1875E+03 
                1.68123            3.24199E+03
                1.6824             3.32586E+03
                1.68415            3.45645E+03
                1.68677            3.66242E+03
                1.68776            3.74128E+03
                1.68923            3.8623E+03 
                1.69145            4.04939E+03
                1.69477            4.34044E+03
                1.6956             4.41412E+03
                1.69643            4.48831E+03
                1.69768            4.60053E+03
                1.69955            4.7707E+03 
                1.70235            5.02881E+03
                1.70341            5.12617E+03
                1.70499            5.27236E+03
                1.70735            5.49122E+03
                1.70824            5.57339E+03
                1.70957            5.69609E+03
                1.71157            5.87841E+03
                1.71457            6.14627E+03
                1.71757            6.40661E+03
                1.71832            6.47141E+03
                1.71945            6.56723E+03
                1.72114            6.70747E+03
                1.72367            6.90955E+03
                1.72462            6.98432E+03
                1.72604            7.09348E+03
                1.72818            7.2498E+03 
                1.73139            7.46651E+03
                1.7346             7.6639E+03 
                1.7362             7.75775E+03
                1.73781            7.84629E+03
                1.74021            7.96703E+03
                1.74111            8.01076E+03
                1.74247            8.07228E+03
                1.7445             8.1553E+03 
                1.74526            8.18525E+03
                1.74641            8.22718E+03
                1.74812            8.28301E+03
                1.75069            8.35085E+03
                1.75166            8.37427E+03
                1.7531             8.40419E+03
                1.75528            8.43743E+03
                1.75609            8.4484E+03 
                1.75731            8.46117E+03
                1.75914            8.47194E+03
                1.76189            8.4697E+03 
                1.76292            8.4665E+03 
                1.76447            8.45563E+03
                1.76679            8.42598E+03
                1.76766            8.41314E+03
                1.76897            8.38964E+03
                1.77093            8.34466E+03
                1.77166            8.32658E+03
                1.77276            8.29647E+03
                1.77441            8.24457E+03
                1.77689            8.15121E+03
                1.77782            8.11431E+03
                1.77922            8.05422E+03
                1.78131            7.95319E+03
                1.7821             7.91395E+03
                1.78327            7.85177E+03
                1.78504            7.75117E+03
                1.78769            7.58415E+03
                1.78868            7.51949E+03
                1.79017            7.4177E+03 
                1.79241            7.25454E+03
                1.79577            6.98913E+03
                1.79702            6.88711E+03
                1.79891            6.72786E+03
                1.80174            6.47707E+03
                1.8028             6.38165E+03
                1.8044             6.23519E+03
                1.80679            6.00895E+03
                1.80768            5.92343E+03
                1.80903            5.79348E+03
                1.81105            5.59535E+03
                1.81407            5.29364E+03
                1.81521            5.18018E+03
                1.81691            5.00912E+03
                1.81946            4.75198E+03
                1.82042            4.65572E+03
                1.82186            4.51161E+03
                1.82401            4.29681E+03
                1.82482            4.21661E+03
                1.82603            4.09698E+03
                1.82785            3.91952E+03
                1.83058            3.65947E+03
                1.83161            3.56304E+03
                1.83314            3.42068E+03
                1.83544            3.21321E+03
                1.83631            3.13641E+03
                1.8376             3.02334E+03
                1.83955            2.85905E+03
                1.84246            2.62617E+03
                1.84356            2.54095E+03
                1.8452             2.41776E+03
                1.84766            2.24423E+03
                1.84858            2.18086E+03
                1.84996            2.08954E+03
                1.85204            1.96139E+03
                1.85516            1.79011E+03
                1.85827            1.64062E+03
                1.86139            1.51334E+03
                1.8645             1.40852E+03
                1.86762            1.32623E+03
                1.87074            1.26637E+03
                1.87152            1.25289E+03
                1.8723             1.24079E+03
                1.87347            1.2257E+03 
                1.87522            1.20994E+03
                1.87785            1.2016E+03 
                1.87884            1.20069E+03
                1.88032            1.20402E+03
                1.88254            1.21925E+03
                1.88337            1.22644E+03
                1.88462            1.24037E+03
                1.88649            1.26801E+03
                1.8893             1.32373E+03
                1.89211            1.39253E+03
                1.89492            1.47292E+03
                1.89774            1.56337E+03
                1.90055            1.66227E+03
                1.90336            1.76807E+03
                1.90617            1.8793E+03 
                1.90898            1.9946E+03 
                1.91179            2.1127E+03 
                1.91461            2.2324E+03 
                1.91742            2.35243E+03
                1.92023            2.47139E+03
                1.92305            2.58772E+03
                1.92586            2.69967E+03
                1.92867            2.80538E+03
                1.93149            2.90297E+03
                1.93254            2.93837E+03
                1.93412            2.98834E+03
                1.9365             3.05543E+03
                1.93739            3.07948E+03
                1.93872            3.11287E+03
                1.94073            3.15676E+03
                1.94373            3.20931E+03
                1.94486            3.22723E+03
                1.94655            3.25034E+03
                1.94909            3.27802E+03
                1.95162            3.3007E+03 
                1.95416            3.32046E+03
                1.95669            3.33935E+03
                1.95764            3.34643E+03
                1.95907            3.35736E+03
                1.96121            3.37541E+03
                1.96442            3.40881E+03
                1.96563            3.42235E+03
                1.96743            3.44522E+03
                1.97014            3.48592E+03
                1.97116            3.50212E+03
                1.97268            3.52857E+03
                1.97496            3.5732E+03 
                1.97582            3.59064E+03
                1.97711            3.61841E+03
                1.97904            3.66362E+03
                1.98193            3.73933E+03
                1.98301            3.76882E+03
                1.98464            3.81546E+03
                1.98708            3.89038E+03
                1.988              3.91913E+03
                1.98937            3.96367E+03
                1.99143            4.03298E+03
                1.99452            4.13932E+03
                1.99761            4.2434E+03 
                2.0007             4.33948E+03
                2.00379            4.42103E+03
                2.00687            4.48134E+03
                2.00996            4.51411E+03
                2.01305            4.51398E+03
                2.01614            4.47694E+03
                2.01923            4.40052E+03
                2.02232            4.28387E+03
                2.02541            4.12754E+03
                2.0285             3.93333E+03
                2.03159            3.70399E+03
                2.03468            3.443E+03  
                2.03583            3.34083E+03
                2.03757            3.17878E+03
                2.04018            2.91845E+03
                2.04115            2.81849E+03
                2.04262            2.66394E+03
                2.04482            2.42344E+03
                2.04812            2.04982E+03
                2.04935            1.90818E+03
                2.05121            1.69382E+03
                2.05399            1.37248E+03
                2.05503            1.25218E+03
                2.0566             1.07327E+03
                2.05895          811.258      
                2.05983          713.991      
                2.06115          571.04       
                2.06313          364.943      
                2.0661            80.1602     
                2.06907         -175.257      
                2.07204         -397.03       
                2.07501         -581.907      
                2.07798         -727.731      
                2.08095         -833.452      
                2.08392         -899.108      
                2.0854          -922.072      
                2.08689         -935.172      
                2.08911         -933.418      
                2.09078         -920.554      
                2.09329         -876.81       
                2.09579         -810.729      
                2.0983          -724.466      
                2.1008          -620.294      
                2.10174         -578.917      
                2.10315         -511.766      
                2.10526         -401.15       
                2.10843         -217.617      
                2.10922         -170.838      
                2.11002         -123.05       
                2.1112           -49.3773     
                2.11299           64.7886     
                2.11566          241.793      
                2.11833          422.248      
                2.121            604.196      
                2.12368          785.844      
                2.12635          965.597      
                2.12902            1.14206E+03
                2.13169            1.31402E+03
                2.13436            1.48045E+03
                2.13703            1.64046E+03
                2.13971            1.7933E+03 
                2.14238            1.93833E+03
                2.14505            2.07501E+03
                2.14772            2.20288E+03
                2.15039            2.32155E+03
                2.15306            2.43066E+03
                2.15572            2.5299E+03 
                2.15839            2.61898E+03
                2.16106            2.6976E+03 
                2.16373            2.76545E+03
                2.1664             2.8222E+03 
                2.16906            2.86746E+03
                2.17173            2.90074E+03
                2.1744             2.92147E+03
                2.17706            2.92889E+03
                2.17973            2.92207E+03
                2.18373            2.87618E+03
                2.18773            2.79056E+03
                2.19172            2.66293E+03
                2.19572            2.49342E+03
                2.19871            2.3437E+03 
                2.20171            2.174E+03  
                2.20471            1.9879E+03 
                2.2077             1.79035E+03
                2.21069            1.5874E+03 
                2.21518            1.29441E+03
                2.21967            1.03438E+03
                2.22416          824.526      
                2.22865          674.507      
                2.23201          597.013      
                2.23537          554.118      
                2.24042          556.833      
                2.24546          610.582      
                2.2505           698.51       
                2.25554          803.962      
                2.26057          912.187      
                2.26561            1.01137E+03
                2.27064            1.093E+03  
                2.27567            1.15155E+03
                2.2807             1.184E+03  
                2.28572            1.1892E+03 
                2.29075            1.16752E+03
                2.29577            1.12074E+03
                2.30079            1.05189E+03
                2.30831          914.212      
                2.31583          756.923      
                2.32147          634.107      
                2.3271           512.727      
                2.33273          396.308      
                2.33836          287.021      
                2.3468           140.22       
                2.35522            4.70766    
                2.36364         -124.98       
                2.36996         -222.17       
                2.37626         -320.378      
                2.38256         -421.823      
                2.38493         -461.433      
                2.38847         -520.714      
                2.39378         -612.676      
                2.39908         -708.679      
                2.40439         -807.836      
                2.40969         -909.112      
                2.41498           -1.01095E+03
                2.42028           -1.11118E+03
                2.42557           -1.20697E+03
                2.43085           -1.29493E+03
                2.43614           -1.37129E+03
                2.44141           -1.43215E+03
                2.44537           -1.46791E+03
                2.44933           -1.49147E+03
                2.45328           -1.50176E+03
                2.45723           -1.49771E+03
                2.45871           -1.49473E+03
                2.46093           -1.48463E+03
                2.46426           -1.45765E+03
                2.46759           -1.41929E+03
                2.47092           -1.36917E+03
                2.47424           -1.30715E+03
                2.47756           -1.23327E+03
                2.48089           -1.14767E+03
                2.48338           -1.07727E+03
                2.48711         -956.811      
                2.49084         -823.352      
                2.49457         -677.597      
                2.4983          -520.632      
                2.50203         -353.807      
                2.50575         -178.701      
                2.50947            2.91159    
                2.51319          189.072      
                2.51691          377.688      
                2.52062          566.563      
                2.52201          636.639      
                2.5241           742.07       
                2.52723          898.121      
                2.53193            1.122E+03  
                2.5331             1.17617E+03
                2.53427            1.22999E+03
                2.53603            1.3094E+03 
                2.53867            1.42372E+03
                2.54262            1.58148E+03
                2.5441             1.63766E+03
                2.54632            1.71792E+03
                2.54965            1.82671E+03
                2.55465            1.96032E+03
                2.55652            2.0048E+03 
                2.55932            2.0631E+03 
                2.56353            2.12846E+03
                2.56983            2.17608E+03
                2.57141            2.18304E+03
                2.57298            2.1878E+03 
                2.57534            2.18908E+03
                2.57888            2.17644E+03
                2.58021            2.16878E+03
                2.5822             2.15362E+03
                2.58518            2.12163E+03
                2.58965            2.05329E+03
                2.59133            2.02371E+03
                2.59384            1.97475E+03
                2.59761            1.88955E+03
                2.59902            1.85502E+03
                2.60114            1.80072E+03
                2.60431            1.71244E+03
                2.60907            1.56632E+03
                2.61382            1.40799E+03
                2.61619            1.32521E+03
                2.61857            1.24091E+03
                2.62213            1.11142E+03
                2.62346            1.06152E+03
                2.62546          986.709      
                2.62846          873.365      
                2.63295          702.399      
                2.63744          531.501      
                2.64081          403.977      
                2.64417          278.97       
                2.64753          157.01       
                2.65257          -15.7848     
                2.6576          -177.733      
                2.66263         -326.024      
                2.66765         -458.785      
                2.67517         -617.314      
                2.68267         -735.542      
                2.69017         -811.591      
                2.69765         -846.121      
                2.70512         -841.213      
                2.71258         -800.122      
                2.72003         -727.176      
                2.72746         -627.668      
                2.73302         -541.72       
                2.73858         -445.068      
                2.74413         -341.451      
                2.74967         -233.914      
                2.75521         -125.35       
                2.76073          -18.5095     
                2.76211            6.18952    
                2.76349           31.7611     
                2.76556           70.86       
                2.76866          128.28       
                2.77331          209.406      
                2.77447          227.711      
                2.77563          246.33       
                2.77737          274.426      
                2.77998          314.985      
                2.78389          370.354      
                2.7878           419.188      
                2.7917           461.775      
                2.7956           498.016      
                2.79949          527.868      
                2.80338          551.392      
                2.80727          568.713      
                2.81115          579.98       
                2.81503          585.337      
                2.8189           584.925      
                2.82277          578.907      
                2.82664          567.497      
                2.8305           550.983      
                2.83435          529.742      
                2.8382           504.223      
                2.84205          474.941      
                2.8459           442.442      
                2.84686          432.884      
                2.84782          423.699      
                2.84925          410.472      
                2.85141          390.491      
                2.85465          359.323      
                2.85586          346.267      
                2.85768          327.512      
                2.8604           299.593      
                2.86448          257.21       
                2.86601          239.555      
                2.8683           214.812      
                2.87174          178.703      
                2.87517          142.182      
                2.8786           105.919      
                2.87988           91.2513     
                2.88181           70.9269     
                2.8847            41.7489     
                2.88578           29.8558     
                2.8874            13.1436     
                2.88983          -10.8662     
                2.89348          -45.8156     
                2.8953           -64.5482     
                2.89712          -82.4029     
                2.89984         -107.424      
                2.90257         -131.97       
                2.90529         -155.533      
                2.90801         -177.775      
                2.91073         -198.416      
                2.9148          -223.861      
                2.91886         -244.88       
                2.9209          -255.375      
                2.92292         -263.43       
                2.92597         -270.603      
                2.92711         -273.907      
                2.92882         -276.448      
                2.93138         -276.62       
                2.93522         -270.394      
                2.93665         -268.861      
                2.93881         -262.755      
                2.94204         -248.585      
                2.94325         -244.004      
                2.94506         -234.559      
                2.94778         -217.216      
                2.95186         -186.863      
                2.95796         -136.956      
                2.96025         -121.174      
                2.96367          -93.4956     
                2.96495          -84.4142     
                2.96688          -69.3865     
                2.96976          -46.8499     
                2.97407          -16.086      
                2.97569           -7.18336    
                2.97812            7.19742    
                2.98175           26.8086     
                2.98311           32.0948     
                2.98515           40.8345     
                2.98821           52.7867     
                2.99278           67.4319     
                2.99735           78.521      
                3.00192           88.6457     
                3.00647           99.4912     
                3.01102          112.522      
                3.01556          129.071      
                3.02009          150.302      
                3.02461          177.16       
                3.02912          210.327      
                3.03363          250.171      
                3.03813          296.71       
                3.04262          349.596      
                3.0471           408.113      
                3.05157          471.2        
                3.05604          537.495      
                3.06049          605.378      
                3.06494          673.04       
                3.06827          721.849      
                3.0716           769.719      
                3.07492          815.133      
                3.07616          830.329      
                3.07802          854.008      
                3.08082          887.706      
                3.08187          898.621      
                3.08344          915.221      
                3.08579          938.353      
                3.08931          966.48       
                3.09283          985.917      
                3.09634          996.952      
                3.09985          999.271      
                3.10335          992.536      
                3.10685          976.526      
                3.11034          951.145      
                3.11382          916.433      
                3.1173           872.562      
                3.12077          819.841      
                3.12424          758.72       
                3.1277           689.786      
                3.13116          613.747      
                3.13461          531.404      
                3.13805          443.619      
                3.14149          351.283      
                3.14493          255.295      
                3.14835          156.559      
                3.15177           55.986      
                3.15519          -45.4963     
                3.1586          -146.949      
                3.162           -247.428      
                3.1654          -346.004      
                3.16879         -441.775      
                3.17218         -533.886      
                3.17556         -621.539      
                3.17894         -704.         
                3.1823          -780.596      
                3.18567         -850.72       
                3.18693         -877.786      
                3.18881         -913.786      
                3.19164         -961.214      
                3.19588           -1.01934E+03
                3.2001            -1.06565E+03
                3.20431           -1.09837E+03
                3.20852           -1.1171E+03 
                3.21271           -1.12189E+03
                3.21376           -1.12467E+03
                3.21481           -1.12528E+03
                3.21638           -1.12246E+03
                3.21873           -1.11305E+03
                3.21961           -1.11015E+03
                3.22093           -1.10331E+03
                3.22291           -1.08912E+03
                3.22587           -1.06086E+03
                3.22698           -1.05114E+03
                3.22864           -1.03267E+03
                3.23114         -999.275      
                3.23207         -987.469      
                3.23347         -966.995      
                3.23557         -932.142      
                3.23871         -872.688      
                3.24184         -807.899      
                3.24497         -737.271      
                3.2481          -661.149      
                3.25122         -580.089      
                3.25433         -494.686      
                3.25744         -405.521      
                3.2586          -373.28       
                3.26034         -321.566      
                3.26296         -240.707      
                3.26687         -115.847      
                3.26833          -71.4687     
                3.27052           -1.02106    
                3.27381          106.834      
                3.27504          145.142      
                3.27688          204.992      
                3.27964          295.546      
                3.28068          327.686      
                3.28223          377.337      
                3.28455          451.925      
                3.28803          560.673      
                3.29149          663.493      
                3.29496          760.532      
                3.29668          805.677      
                3.29841          850.488      
                3.30099          915.281      
                3.30196          937.403      
                3.30341          970.803      
                3.30559            1.01855E+03
                3.30884            1.08186E+03
                3.31006            1.10201E+03
                3.31189            1.13179E+03
                3.31463            1.17085E+03
                3.31565            1.1827E+03 
                3.31719            1.20007E+03
                3.31949            1.22206E+03
                3.32035            1.22819E+03
                3.32164            1.23704E+03
                3.32357            1.24756E+03
                3.32647            1.25517E+03
                3.32756            1.25478E+03
                3.32918            1.25365E+03
                3.33162            1.24731E+03
                3.33253            1.24257E+03
                3.3339             1.23518E+03
                3.33595            1.22118E+03
                3.33902            1.19193E+03
                3.34017            1.17753E+03
                3.34189            1.15573E+03
                3.34447            1.11896E+03
                3.34543            1.10272E+03
                3.34688            1.07854E+03
                3.34905            1.04013E+03
                3.35229          976.427      
                3.35553          905.872      
                3.35634          885.782      
                3.35715          866.344      
                3.35836          838.133      
                3.36017          795.501      
                3.36289          729.621      
                3.36391          702.674      
                3.36543          663.719      
                3.36771          605.758      
                3.36857          582.458      
                3.36985          548.818      
                3.37177          499.277      
                3.37465          425.594      
                3.37573          395.852      
                3.37734          353.727      
                3.37976          292.715      
                3.38066          268.327      
                3.38202          233.747      
                3.38405          183.981      
                3.38557          146.219      
                3.38785           92.5034     
                3.38871           71.0873     
                3.38998           41.0356     
                3.3919            -1.66009    
                3.39477          -62.2287     
                3.39763         -120.793      
                3.40049         -176.12       
                3.40334         -227.864      
                3.40619         -275.887      
                3.40902         -320.105      
                3.41185         -360.473      
                3.41468         -396.999      
                3.41574         -412.058      
                3.41732         -430.81       
                3.41969         -454.867      
                3.42058         -465.241      
                3.42191         -478.258      
                3.42391         -494.859      
                3.42689         -515.845      
                3.42801         -525.743      
                3.42968         -536.869      
                3.43219         -549.938      
                3.43313         -556.456      
                3.43454         -563.597      
                3.43664         -571.627      
                3.4398          -580.359      
                3.44098         -585.995      
                3.44274         -590.518      
                3.44539         -593.852      
                3.44638         -596.96       
                3.44787         -598.772      
                3.45009         -598.853      
                3.45342         -595.867      
                3.45466         -597.411      
                3.45653         -595.462      
                3.45932         -589.031      
                3.4621          -581.892      
                3.46488         -573.051      
                3.46592         -571.492      
                3.46748         -565.731      
                3.46981         -554.204      
                3.4733          -533.692      
                3.47678         -512.357      
                3.47938         -496.475      
                3.48197         -478.219      
                3.48456         -458.596      
                3.48843         -424.724      
                3.48987         -415.596      
                3.49204         -396.554      
                3.49528         -364.863      
                3.49851         -333.421      
                3.50173         -300.844      
                3.50294         -291.08       
                3.50474         -272.135      
                3.50744         -240.977      
                3.50845         -231.596      
                3.50997         -214.535      
                3.51223         -186.74       
                3.51308         -178.124      
                3.51436         -163.016      
                3.51626         -138.581      
                3.51911         -100.592      
                3.52195          -63.3243     
                3.52478          -25.6004     
                3.52761           12.6425     
                3.53042           51.2362     
                3.53323           89.9619     
                3.53603          128.575      
                3.53707          140.696      
                3.53864          162.085      
                3.54099          195.394      
                3.5445           244.199      
                3.54581          258.42       
                3.54778          283.641      
                3.55072          321.598      
                3.55182          332.576      
                3.55346          351.869      
                3.55593          380.919      
                3.55685          389.232      
                3.55823          403.723      
                3.5603           425.616      
                3.56339          455.505      
                3.56648          479.874      
                3.56955          500.022      
                3.57261          515.941      
                3.57565          527.467      
                3.57869          534.494      
                3.58171          537.002      
                3.58473          535.068      
                3.58548          531.435      
                3.58623          529.023      
                3.58736          526.918      
                3.58904          523.46       
                3.59156          515.676      
                3.59407          503.722      
                3.59658          489.14       
                3.59751          481.104      
                3.59892          471.54       
                3.60102          457.389      
                3.6018           449.857      
                3.60298          440.304      
                3.60474          426.549      
                3.60738          404.632      
                3.60837          393.262      
                3.60984          379.026      
                3.61205          358.38       
                3.61288          348.258      
                3.61412          335.249      
                3.61597          316.695      
                3.61874          288.256      
                3.61978          274.234      
                3.62133          256.611      
                3.62366          231.43       
                3.62712          193.205      
                3.62842          174.343      
                3.63036          151.232      
                3.63326          118.215      
                3.63435          102.297      
                3.63597           82.4624     
                3.6384            54.4277     
                3.63931           41.1444     
                3.64067           24.2926     
                3.6427           678.478E-03  
                3.64346          -10.3222     
                3.6446           -24.5307     
                3.64631          -44.3046     
                3.64886          -73.2604     
                3.65077          -97.2543     
                3.65267         -120.258      
                3.65338         -130.521      
                3.65445         -143.518      
                3.65605         -161.394      
                3.65843         -187.598      
                3.65933         -200.28       
                3.66066         -216.097      
                3.66266         -238.065      
                3.66341         -248.486      
                3.66453         -261.733      
                3.66621         -279.991      
                3.66872         -306.541      
                3.67122         -334.137      
                3.6737          -361.108      
                3.67618         -387.074      
                3.67711         -399.303      
                3.67849         -413.443      
                3.68057         -432.033      
                3.68134         -441.311      
                3.6825          -452.286      
                3.68424         -466.5        
                3.68684         -485.445      
                3.68781         -495.712      
                3.68926         -506.418      
                3.69144         -518.814      
                3.69225         -525.859      
                3.69347         -532.77       
                3.69529         -539.908      
                3.69801         -546.34       
                3.69902         -551.981      
                3.70055         -554.785      
                3.70282         -554.283      
                3.70367         -556.644      
                3.70494         -555.957      
                3.70685         -551.201      
                3.70874         -545.554      
                3.71063         -538.026      
                3.71252         -528.353      
                3.71322         -526.403      
                3.71428         -520.05       
                3.71585         -507.304      
                3.71645         -504.069      
                3.71733         -496.904      
                3.71865         -483.611      
                3.72063         -460.318      
                3.72137         -453.768      
                3.72248         -440.22       
                3.72414         -416.086      
                3.72662         -374.437      
                3.72754         -361.714      
                3.72893         -336.914      
                3.731           -294.571      
                3.73177         -281.032      
                3.73293         -256.635      
                3.73467         -216.427      
                3.73725         -152.234      
                3.73822         -131.645      
                3.73967          -95.325      
                3.74183          -37.7051     
                3.74398           19.0146     
                3.74612           75.5604     
                3.74825          131.554      
                3.75037          186.407      
                3.75117          204.175      
                3.75235          234.064      
                3.75413          279.059      
                3.75545          309.88       
                3.75743          355.93       
                3.75817          370.008      
                3.75928          393.327      
                3.76094          427.386      
                3.76156          437.574      
                3.76249          454.33       
                3.76388          478.851      
                3.76595          510.96       
                3.76672          519.11       
                3.76788          533.21       
                3.76962          552.139      
                3.77027          556.244      
                3.77124          563.774      
                3.77269          573.702      
                3.77323          575.113      
                3.77404          578.221      
                3.77526          582.157      
                3.77708          583.771      
                3.77776          580.979      
                3.77877          578.28       
                3.78029          572.615      
                3.78086          567.961      
                3.78171          562.165      
                3.78299          552.743      
                3.78489          534.474      
                3.78678          510.322      
                3.78866          482.068      
                3.79054          450.307      
                3.7924           415.424      
                3.79426          377.792      
                3.79495          360.809      
                3.79598          338.172      
                3.79753          304.452      
                3.79985          251.58       
                3.80042          234.273      
                3.801            218.663      
                3.80186          197.396      
                3.80314          166.072      
                3.80506          118.583      
                3.80578           97.4335     
                3.80685           69.2969     
                3.80846           28.8429     
                3.80906           11.1773     
                3.80995          -12.5008     
                3.81129          -46.1691     
                3.8133           -95.2967     
                3.81404         -117.106      
                3.81516         -145.29       
                3.81683         -184.595      
                3.81745         -201.937      
                3.81839         -224.43       
                3.81978         -255.426      
                3.8203          -269.048      
                3.82108         -286.843      
                3.82225         -311.16       
                3.82399         -344.993      
                3.82572         -378.014      
                3.82745         -408.54       
                3.82916         -436.122      
                3.83086         -460.551      
                3.83255         -481.674      
                3.83423         -499.381      
                3.83591         -513.608      
                3.83757         -524.334      
                3.83922         -531.576      
                3.84087         -535.386      
                3.8425          -535.844      
                3.84412         -533.056      
                3.84473         -534.098      
                3.84564         -531.002      
                3.84699         -522.505      
                3.84901         -504.972      
                3.84951         -504.307      
                3.85001         -501.471      
                3.85076         -494.187      
                3.85188         -480.955      
                3.85355         -458.259      
                3.85418         -452.687      
                3.85511         -439.795      
                3.8565          -417.082      
                3.85702         -410.878      
                3.8578          -398.281      
                3.85897         -376.808      
                3.8607          -342.157      
                3.86113         -336.766      
                3.86156         -329.762      
                3.86221         -316.842      
                3.86317         -295.887      
                3.86353         -289.49       
                3.86407         -278.304      
                3.86488         -260.033      
                3.86608         -231.602      
                3.86653         -223.098      
                3.8672          -207.901      
                3.86821         -183.373      
                3.86971         -145.832      
                3.87027         -134.794      
                3.87111         -114.723      
                3.87236          -83.0004     
                3.87283          -73.5078     
                3.87353          -56.7471     
                3.87457          -30.3453     
                3.87613            8.61623    
                3.87671           19.7215     
                3.87758           39.7889     
                3.87887           70.3622     
                3.87936           79.0582     
                3.88008           94.5273     
                3.88116          118.125      
                3.88277          150.944      
                3.88337          159.191      
                3.88427          174.765      
                3.8856           197.361      
                3.8861           202.65       
                3.88685          212.924      
                3.88796          227.9        
                3.88838          231.03       
                3.889            237.415      
                3.88993          246.868      
                3.89131          257.835      
                3.89183          258.318      
                3.8926           261.419      
                3.89376          265.119      
                3.89419          263.74       
                3.89483          263.485      
                3.89579          262.76       
                3.89722          258.054      
                3.89776          252.355      
                3.89855          246.507      
                3.89974          236.829      
                3.90019          230.227      
                3.90085          222.479      
                3.90184          210.757      
                3.90331          190.307      
                3.90386          178.56       
                3.90468          164.383      
                3.9059           143.213      
                3.90636          132.224      
                3.90704          118.575      
                3.90806           98.9331     
                3.90844           89.2597     
                3.90901           76.978      
                3.90985           59.6966     
                3.91111           33.8803     
                3.91158           21.0593     
                3.91229            5.45633    
                3.91334          -16.0079     
                3.91373          -26.4393     
                3.91431          -39.233      
                3.91518          -56.4525     
                3.91551          -64.7202     
                3.916            -74.9826     
                3.91672          -88.6004     
                3.91781         -107.479      
                3.91821         -117.058      
                3.91882         -128.042      
                3.91972         -141.991      
                3.92005         -149.114      
                3.92056         -157.259      
                3.92131         -167.298      
                3.92242         -180.029      
                3.92284         -187.415      
                3.92346         -194.551      
                3.92439         -202.197      
                3.92474         -207.076      
                3.92526         -211.47       
                3.92603         -215.586      
                3.92632         -218.694      
                3.92675         -221.244      
                3.92739         -223.079      
                3.92835         -223.806      
                3.92871         -226.324      
                3.92924         -226.891      
                3.93004         -225.201      
                3.93034         -226.294      
                3.93078         -225.618      
                3.93145         -222.607      
                3.93244         -216.257      
                3.9328          -216.358      
                3.93335         -213.09       
                3.93417         -205.84       
                3.93448         -205.056      
                3.93494         -201.429      
                3.93562         -194.199      
                3.93664         -182.265      
                3.93764         -171.46       
                3.93864         -160.709      
                3.93938         -153.841      
                3.94011         -146.184      
                3.94084         -138.615      
                3.94111         -137.42       
                3.94152         -133.571      
                3.94213         -126.828      
                3.94303         -117.361      
                3.94337         -116.604      
                3.94387         -112.864      
                3.94462         -106.663      
                3.94573          -99.0949     
                3.94628          -99.2558     
                3.94683          -98.1041     
                3.94764          -95.4067     
                3.94844          -95.0297     
                3.94924          -96.0831     
                3.95003          -98.39       
                3.95082         -101.9        
                3.95111         -105.379      
                3.95154         -108.103      
                3.95219         -111.559      
                3.95315         -118.06       
                3.9541          -127.563      
                3.95504         -138.188      
                3.95597         -149.366      
                3.95688         -160.696      
                3.95779         -171.781      
                3.95868         -182.236      
                3.95955         -191.695      
                3.96042         -199.833      
                3.96064         -204.477      
                3.96085         -207.517      
                3.96117         -209.919      
                3.96165         -212.153      
                3.96236         -214.076      
                3.96262         -217.079      
                3.96301         -218.387      
                3.9636          -217.999      
                3.96382         -219.589      
                3.96414         -219.604      
                3.96463         -217.684      
                3.96534         -212.843      
                3.96561         -213.437      
                3.96601         -210.786      
                3.9666          -204.361      
                3.96748         -192.342      
                3.9678          -191.098      
                3.96829         -184.31       
                3.969           -171.526      
                3.96927         -169.359      
                3.96966         -162.512      
                3.97025         -150.287      
                3.97047         -147.792      
                3.9708          -141.431      
                3.97128         -130.329      
                3.97146         -127.8        
                3.97173         -122.116      
                3.97213         -112.297      
                3.97273          -96.9422     
                3.97295          -93.5027     
                3.97328          -85.5732     
                3.97377          -72.2996     
                3.97395          -69.1137     
                3.97422          -62.336      
                3.97463          -51.0748     
                3.97523          -34.1871     
                3.97537          -32.3752     
                3.97552          -29.5593     
                3.97574          -23.8633     
                3.97607          -14.7538     
                3.97656           -1.50314    
                3.97674            1.4079     
                3.97701            7.72478    
                3.97741           17.8334     
                3.978             31.935      
                3.97822           34.3721     
                3.97855           40.7493     
                3.97904           50.5408     
                3.97922           52.0075     
                3.97949           56.2273     
                3.97988           62.9248     
                3.98047           71.3319     
                3.98069           71.4041     
                3.98101           74.31       
                3.98149           78.5715     
                3.9822            82.0041     
                3.98246           79.1426     
                3.98284           78.5798     
                3.98341           76.7994     
                3.98362           72.8946     
                3.98393           69.9107     
                3.98405           67.5943     
                3.98422           65.3371     
                3.98447           62.3546     
                3.98485           56.9566     
                3.98523           49.4098     
                3.9856            40.6609     
                3.98573           35.725      
                3.98594           30.1766     
                3.98624           22.2468     
                3.98668            9.10266    
                3.98685            1.54385    
                3.98709           -7.35615    
                3.98745          -20.5459     
                3.98758          -27.4999     
                3.98778          -36.0839     
                3.98808          -48.5811     
                3.98818          -54.7999     
                3.98835          -62.7516     
                3.98859          -74.1636     
                3.98894          -91.7941     
                3.98929         -111.034      
                3.98963         -130.687      
                3.98996         -150.394      
                3.99029         -169.946      
                3.99061         -189.165      
                3.99092         -207.885      
                3.99123         -225.954      
                3.99134         -234.195      
                3.99151         -243.979      
                3.99176         -257.023      
                3.99212         -274.711      
                3.99226         -283.559      
                3.99245         -293.125      
                3.99274         -304.786      
                3.99285         -310.827      
                3.99301         -317.018      
                3.99324         -323.946      
                3.99358         -330.689      
                3.99391         -335.015      
                3.99423         -335.569      
                3.99454         -332.228      
                3.99461         -333.284      
                3.99469         -332.751      
                3.9948          -329.982      
                3.99496         -324.189      
                3.99502         -322.934      
                3.99511         -319.574      
                3.99524         -313.056      
                3.99543         -301.457      
                3.99551         -298.347      
                3.99561         -291.515      
                3.99577         -279.403      
                3.99599         -258.976      
                3.99608         -252.96       
                3.9962          -241.014      
                3.99638         -221.241      
                3.99644         -215.185      
                3.99654         -204.12       
                3.99668         -186.39       
                3.99689         -159.378      
                3.99696         -151.164      
                3.99707         -136.455      
                3.99723         -113.86       
                3.99729         -106.911      
                3.99738          -94.8495     
                3.9975           -76.4784     
                3.99755          -70.7873     
                3.99762          -61.1275     
                3.99772          -46.4433     
                3.99786          -25.5368     
                3.99792          -19.3792     
                3.99799           -8.76353    
                3.99811            6.75116    
                3.99815           11.2778     
                3.99821           19.0196     
                3.9983            30.3475     
                3.99833           33.6077     
                3.99838           39.1494     
                3.99845           47.3132     
                3.99855           58.0625     
                3.99859           60.7132     
                3.99864           65.5317     
                3.99872           72.2063     
                3.99875           73.6905     
                3.99879           76.5331     
                3.99885           80.5305     
                3.99894           84.9325     
                3.99897           85.2122     
                3.99902           86.4729     
                3.99909           87.8118     

 MINIMUM        0.                -5.79788E+03
  AT X =                           1.08604    
 MAXIMUM        3.99909           12.7485E+03 
  AT X =                         962.755E-03  




