
                  X            uf-60-0-90-lin 

                0.                -0.         
               39.94E-09          97.6065E-03 
              319.041E-09        484.431E-03  
                1.70601E-06        1.24051    
                7.53894E-06        2.90059    
               29.9775E-06         6.36172    
              111.812E-06         13.8134     
              399.954E-06         32.8527     
                1.38837E-03       89.3993     
                4.70264E-03      267.346      
               15.5512E-03       833.506      
               49.9952E-03         2.60911E+03
              154.626E-03          7.97506E+03
              450.699E-03         23.1187E+03 
              605.155E-03         31.0575E+03 
              668.784E-03         34.2821E+03 
              769.728E-03         39.3181E+03 
              809.21E-03          41.3258E+03 
              870.021E-03         44.2441E+03 
              875.817E-03         44.5814E+03 
              877.995E-03         44.6932E+03 
              881.265E-03         44.8491E+03 
              882.493E-03         44.909E+03  
              884.336E-03         44.9966E+03 
              887.104E-03         45.1273E+03 
              891.262E-03         45.3234E+03 
              892.823E-03         45.3995E+03 
              895.167E-03         45.5107E+03 
              898.688E-03         45.6757E+03 
              900.01E-03          45.7396E+03 
              901.994E-03         45.8327E+03 
              903.484E-03         45.9027E+03 
              905.72E-03          46.0059E+03 
              907.958E-03         46.1086E+03 
              910.198E-03         46.2103E+03 
              912.441E-03         46.3104E+03 
              913.282E-03         46.3487E+03 
              914.545E-03         46.4043E+03 
              915.493E-03         46.4458E+03 
              915.848E-03         46.4615E+03 
              916.382E-03         46.4847E+03 
              917.182E-03         46.5189E+03 
              918.383E-03         46.5693E+03 
              919.584E-03         46.6193E+03 
              920.786E-03         46.6685E+03 
              921.989E-03         46.717E+03  
              923.193E-03         46.7646E+03 
              924.096E-03         46.7999E+03 
              924.999E-03         46.8346E+03 
              925.903E-03         46.8685E+03 
              926.807E-03         46.9016E+03 
              928.163E-03         46.9488E+03 
              929.521E-03         46.9934E+03 
              930.879E-03         47.0346E+03 
              932.238E-03         47.071E+03  
              933.598E-03         47.1015E+03 
              933.938E-03         47.1091E+03 
              934.279E-03         47.1162E+03 
              934.789E-03         47.1256E+03 
              935.555E-03         47.1368E+03 
              936.32E-03          47.1452E+03 
              937.087E-03         47.1505E+03 
              937.853E-03         47.1524E+03 
              938.62E-03          47.1507E+03 
              939.387E-03         47.1451E+03 
              940.154E-03         47.1354E+03 
              940.921E-03         47.1215E+03 
              941.689E-03         47.1033E+03 
              942.841E-03         47.0655E+03 
              942.913E-03         47.0632E+03 
              942.985E-03         47.0609E+03 
              943.093E-03         47.0572E+03 
              943.134E-03         47.0559E+03 
              943.195E-03         47.0538E+03 
              943.286E-03         47.0506E+03 
              943.377E-03         47.0473E+03 
              943.422E-03         47.0457E+03 
              943.468E-03         47.044E+03  
              943.536E-03         47.0415E+03 
              943.562E-03         47.0405E+03 
              943.6E-03           47.0391E+03 
              943.658E-03         47.0369E+03 
              943.68E-03          47.036E+03  
              943.712E-03         47.0348E+03 
              943.761E-03         47.0329E+03 
              943.834E-03         47.03E+03   
              943.861E-03         47.0289E+03 
              943.902E-03         47.0273E+03 
              943.964E-03         47.0248E+03 
              944.057E-03         47.0209E+03 
              944.091E-03         47.0195E+03 
              944.143E-03         47.0173E+03 
              944.221E-03         47.014E+03  
              944.299E-03         47.0106E+03 
              944.377E-03         47.0071E+03 
              944.406E-03         47.0058E+03 
              944.45E-03          47.0038E+03 
              944.516E-03         47.0009E+03 
              944.615E-03         46.9963E+03 
              944.652E-03         46.9946E+03 
              944.707E-03         46.992E+03  
              944.791E-03         46.988E+03  
              944.874E-03         46.984E+03  
              944.957E-03         46.9799E+03 
              945.041E-03         46.9757E+03 
              945.124E-03         46.9715E+03 
              945.207E-03         46.9673E+03 
              945.291E-03         46.9629E+03 
              945.374E-03         46.9586E+03 
              945.457E-03         46.9541E+03 
              945.541E-03         46.9496E+03 
              945.624E-03         46.9451E+03 
              945.655E-03         46.9434E+03 
              945.702E-03         46.9408E+03 
              945.773E-03         46.9369E+03 
              945.878E-03         46.9309E+03 
              945.984E-03         46.9248E+03 
              946.089E-03         46.9186E+03 
              946.195E-03         46.9124E+03 
              946.3E-03           46.906E+03  
              946.34E-03          46.9036E+03 
              946.399E-03         46.9E+03    
              946.488E-03         46.8945E+03 
              946.622E-03         46.8861E+03 
              946.672E-03         46.8829E+03 
              946.747E-03         46.8781E+03 
              946.775E-03         46.8763E+03 
              946.817E-03         46.8736E+03 
              946.881E-03         46.8694E+03 
              946.976E-03         46.8631E+03 
              947.011E-03         46.8608E+03 
              947.065E-03         46.8572E+03 
              947.145E-03         46.8518E+03 
              947.265E-03         46.8435E+03 
              947.446E-03         46.8307E+03 
              947.514E-03         46.8259E+03 
              947.564E-03         46.8223E+03 
              947.641E-03         46.8168E+03 
              947.669E-03         46.8147E+03 
              947.712E-03         46.8116E+03 
              947.776E-03         46.8068E+03 
              947.873E-03         46.7996E+03 
              947.909E-03         46.7969E+03 
              947.963E-03         46.7928E+03 
              948.045E-03         46.7866E+03 
              948.075E-03         46.7842E+03 
              948.121E-03         46.7807E+03 
              948.19E-03          46.7754E+03 
              948.293E-03         46.7672E+03 
              948.447E-03         46.7547E+03 
              948.505E-03         46.75E+03   
              948.592E-03         46.7428E+03 
              948.625E-03         46.7401E+03 
              948.673E-03         46.7361E+03 
              948.747E-03         46.7299E+03 
              948.857E-03         46.7205E+03 
              948.884E-03         46.7181E+03 
              948.912E-03         46.7157E+03 
              948.953E-03         46.7122E+03 
              949.015E-03         46.7068E+03 
              949.108E-03         46.6985E+03 
              949.142E-03         46.6954E+03 
              949.195E-03         46.6907E+03 
              949.273E-03         46.6836E+03 
              949.302E-03         46.681E+03  
              949.346E-03         46.6769E+03 
              949.413E-03         46.6708E+03 
              949.512E-03         46.6615E+03 
              949.549E-03         46.658E+03  
              949.605E-03         46.6527E+03 
              949.688E-03         46.6446E+03 
              949.772E-03         46.6365E+03 
              949.856E-03         46.6282E+03 
              949.939E-03         46.6198E+03 
              950.023E-03         46.6114E+03 
              950.107E-03         46.6028E+03 
              950.19E-03          46.5941E+03 
              950.211E-03         46.5919E+03 
              950.232E-03         46.5897E+03 
              950.264E-03         46.5864E+03 
              950.311E-03         46.5814E+03 
              950.381E-03         46.5739E+03 
              950.487E-03         46.5624E+03 
              950.646E-03         46.5447E+03 
              950.706E-03         46.5379E+03 
              950.728E-03         46.5354E+03 
              950.761E-03         46.5316E+03 
              950.812E-03         46.5259E+03 
              950.887E-03         46.5171E+03 
              950.963E-03         46.5083E+03 
              951.038E-03         46.4993E+03 
              951.113E-03         46.4903E+03 
              951.142E-03         46.4869E+03 
              951.184E-03         46.4817E+03 
              951.248E-03         46.4739E+03 
              951.272E-03         46.4709E+03 
              951.307E-03         46.4665E+03 
              951.361E-03         46.4598E+03 
              951.442E-03         46.4496E+03 
              951.472E-03         46.4457E+03 
              951.517E-03         46.4399E+03 
              951.585E-03         46.431E+03  
              951.687E-03         46.4176E+03 
              951.725E-03         46.4125E+03 
              951.783E-03         46.4048E+03 
              951.804E-03         46.4019E+03 
              951.837E-03         46.3975E+03 
              951.885E-03         46.3909E+03 
              951.958E-03         46.3808E+03 
              951.985E-03         46.377E+03  
              952.026E-03         46.3713E+03 
              952.087E-03         46.3626E+03 
              952.11E-03          46.3594E+03 
              952.144E-03         46.3544E+03 
              952.196E-03         46.347E+03  
              952.273E-03         46.3356E+03 
              952.351E-03         46.3241E+03 
              952.429E-03         46.3124E+03 
              952.506E-03         46.3006E+03 
              952.584E-03         46.2886E+03 
              952.661E-03         46.2764E+03 
              952.739E-03         46.2641E+03 
              952.816E-03         46.2516E+03 
              952.894E-03         46.2389E+03 
              952.971E-03         46.226E+03  
              953.049E-03         46.213E+03  
              953.127E-03         46.1997E+03 
              953.156E-03         46.1947E+03 
              953.199E-03         46.1872E+03 
              953.265E-03         46.1757E+03 
              953.363E-03         46.1582E+03 
              953.4E-03           46.1516E+03 
              953.455E-03         46.1416E+03 
              953.538E-03         46.1263E+03 
              953.662E-03         46.1029E+03 
              953.709E-03         46.0941E+03 
              953.779E-03         46.0806E+03 
              953.883E-03         46.06E+03   
              954.041E-03         46.0282E+03 
              954.198E-03         45.9954E+03 
              954.355E-03         45.9616E+03 
              954.591E-03         45.9086E+03 
              954.945E-03         45.8236E+03 
              955.476E-03         45.6827E+03 
              956.273E-03         45.4386E+03 
              957.469E-03         44.9951E+03 
              958.666E-03         44.4768E+03 
              959.863E-03         43.8914E+03 
              961.061E-03         43.2511E+03 
              962.259E-03         42.5709E+03 
              963.458E-03         41.8664E+03 
              963.758E-03         41.6892E+03 
              964.057E-03         41.511E+03  
              964.507E-03         41.2422E+03 
              964.676E-03         41.1412E+03 
              964.929E-03         40.9895E+03 
              965.024E-03         40.9326E+03 
              965.166E-03         40.8472E+03 
              965.38E-03          40.7191E+03 
              965.46E-03          40.6711E+03 
              965.58E-03          40.5991E+03 
              965.76E-03          40.4912E+03 
              965.828E-03         40.4507E+03 
              965.929E-03         40.3901E+03 
              966.081E-03         40.2993E+03 
              966.31E-03          40.1636E+03 
              966.395E-03         40.1127E+03 
              966.523E-03         40.0366E+03 
              966.716E-03         39.9229E+03 
              966.788E-03         39.8803E+03 
              966.897E-03         39.8165E+03 
              967.059E-03         39.7213E+03 
              967.221E-03         39.6264E+03 
              967.384E-03         39.532E+03  
              967.628E-03         39.3914E+03 
              967.719E-03         39.3388E+03 
              967.856E-03         39.2603E+03 
              967.908E-03         39.231E+03  
              967.985E-03         39.187E+03  
              968.101E-03         39.1214E+03 
              968.274E-03         39.0235E+03 
              968.535E-03         38.8784E+03 
              968.632E-03         38.8242E+03 
              968.779E-03         38.7434E+03 
              968.999E-03         38.6236E+03 
              969.081E-03         38.5788E+03 
              969.205E-03         38.5121E+03 
              969.39E-03          38.4129E+03 
              969.46E-03          38.3759E+03 
              969.564E-03         38.3207E+03 
              969.72E-03          38.2386E+03 
              969.779E-03         38.208E+03  
              969.867E-03         38.1622E+03 
              969.999E-03         38.0941E+03 
              970.197E-03         37.9933E+03 
              970.495E-03         37.8452E+03 
              970.94E-03          37.6305E+03 
              971.386E-03         37.4241E+03 
              971.832E-03         37.2266E+03 
              972.502E-03         36.9523E+03 
              973.171E-03         36.7023E+03 
              973.841E-03         36.4785E+03 
              974.51E-03          36.2826E+03 
              975.18E-03          36.1158E+03 
              975.85E-03          35.9789E+03 
              976.521E-03         35.8718E+03 
              977.191E-03         35.7936E+03 
              978.197E-03         35.7341E+03 
              979.203E-03         35.7218E+03 
              980.21E-03          35.7428E+03 
              981.218E-03         35.7819E+03 
              981.973E-03         35.815E+03  
              982.729E-03         35.8454E+03 
              983.485E-03         35.8673E+03 
              984.242E-03         35.8761E+03 
              984.998E-03         35.8679E+03 
              986.133E-03         35.8112E+03 
              987.269E-03         35.7106E+03 
              988.406E-03         35.5711E+03 
              989.542E-03         35.4017E+03 
              990.68E-03          35.2136E+03 
              991.818E-03         35.0189E+03 
              992.102E-03         34.9702E+03 
              992.387E-03         34.9214E+03 
              992.813E-03         34.8488E+03 
              993.134E-03         34.7948E+03 
              993.254E-03         34.7747E+03 
              993.434E-03         34.7447E+03 
              993.502E-03         34.7335E+03 
              993.603E-03         34.7168E+03 
              993.641E-03         34.7106E+03 
              993.698E-03         34.7012E+03 
              993.719E-03         34.6977E+03 
              993.751E-03         34.6925E+03 
              993.799E-03         34.6847E+03 
              993.817E-03         34.6817E+03 
              993.844E-03         34.6773E+03 
              993.885E-03         34.6708E+03 
              993.9E-03           34.6683E+03 
              993.923E-03         34.6646E+03 
              993.957E-03         34.6591E+03 
              994.009E-03         34.6509E+03 
              994.028E-03         34.6478E+03 
              994.057E-03         34.6432E+03 
              994.1E-03           34.6362E+03 
              994.117E-03         34.6337E+03 
              994.141E-03         34.6298E+03 
              994.177E-03         34.624E+03  
              994.232E-03         34.6153E+03 
              994.253E-03         34.6121E+03 
              994.284E-03         34.6073E+03 
              994.33E-03          34.6E+03    
              994.347E-03         34.5973E+03 
              994.373E-03         34.5933E+03 
              994.413E-03         34.5872E+03 
              994.427E-03         34.5849E+03 
              994.449E-03         34.5815E+03 
              994.482E-03         34.5765E+03 
              994.532E-03         34.5689E+03 
              994.581E-03         34.5614E+03 
              994.63E-03          34.5539E+03 
              994.68E-03          34.5464E+03 
              994.729E-03         34.539E+03  
              994.779E-03         34.5316E+03 
              994.828E-03         34.5243E+03 
              994.878E-03         34.517E+03  
              994.927E-03         34.5097E+03 
              994.977E-03         34.5025E+03 
              995.026E-03         34.4954E+03 
              995.075E-03         34.4882E+03 
              995.125E-03         34.4812E+03 
              995.174E-03         34.4742E+03 
              995.224E-03         34.4672E+03 
              995.273E-03         34.4603E+03 
              995.323E-03         34.4534E+03 
              995.372E-03         34.4466E+03 
              995.422E-03         34.4398E+03 
              995.471E-03         34.4331E+03 
              995.521E-03         34.4264E+03 
              995.539E-03         34.4239E+03 
              995.567E-03         34.4202E+03 
              995.609E-03         34.4146E+03 
              995.64E-03          34.4105E+03 
              995.687E-03         34.4043E+03 
              995.734E-03         34.3982E+03 
              995.781E-03         34.3922E+03 
              995.798E-03         34.3899E+03 
              995.825E-03         34.3865E+03 
              995.864E-03         34.3815E+03 
              995.924E-03         34.374E+03  
              995.946E-03         34.3712E+03 
              995.98E-03          34.367E+03  
              996.03E-03          34.3608E+03 
              996.049E-03         34.3585E+03 
              996.077E-03         34.3551E+03 
              996.119E-03         34.35E+03   
              996.182E-03         34.3424E+03 
              996.246E-03         34.3348E+03 
              996.309E-03         34.3274E+03 
              996.373E-03         34.3201E+03 
              996.436E-03         34.3129E+03 
              996.5E-03           34.3058E+03 
              996.563E-03         34.2988E+03 
              996.627E-03         34.2919E+03 
              996.69E-03          34.2851E+03 
              996.754E-03         34.2784E+03 
              996.817E-03         34.2718E+03 
              996.881E-03         34.2653E+03 
              996.944E-03         34.2589E+03 
              997.008E-03         34.2526E+03 
              997.071E-03         34.2464E+03 
              997.135E-03         34.2404E+03 
              997.198E-03         34.2344E+03 
              997.262E-03         34.2285E+03 
              997.285E-03         34.2263E+03 
              997.321E-03         34.2231E+03 
              997.375E-03         34.2183E+03 
              997.455E-03         34.2113E+03 
              997.535E-03         34.2044E+03 
              997.616E-03         34.1977E+03 
              997.736E-03         34.1881E+03 
              997.782E-03         34.1845E+03 
              997.849E-03         34.1793E+03 
              997.951E-03         34.1717E+03 
              998.053E-03         34.1644E+03 
              998.155E-03         34.1574E+03 
              998.256E-03         34.1506E+03 
              998.358E-03         34.1441E+03 
              998.511E-03         34.1349E+03 
              998.74E-03          34.1224E+03 
              998.969E-03         34.1111E+03 
              999.198E-03         34.1009E+03 
              999.541E-03         34.0881E+03 
              999.885E-03         34.0776E+03 
                1.00023           34.0689E+03 
                1.00074           34.0593E+03 
                1.00152           34.0486E+03 
                1.00229           34.0384E+03 
                1.00306           34.0255E+03 
                1.00384           34.0078E+03 
                1.005             33.967E+03  
                1.00616           33.914E+03  
                1.00733           33.8534E+03 
                1.00849           33.7912E+03 
                1.00965           33.7328E+03 
                1.01082           33.6826E+03 
                1.01198           33.6434E+03 
                1.01315           33.6167E+03 
                1.01402           33.6043E+03 
                1.0149            33.5996E+03 
                1.01511           33.599E+03  
                1.01533           33.5989E+03 
                1.01566           33.5998E+03 
                1.01578           33.6003E+03 
                1.01597           33.6014E+03 
                1.01604           33.6018E+03 
                1.01614           33.6026E+03 
                1.01622           33.6033E+03 
                1.01634           33.6044E+03 
                1.01645           33.6057E+03 
                1.01657           33.6071E+03 
                1.01661           33.6076E+03 
                1.01668           33.6085E+03 
                1.01678           33.6099E+03 
                1.01688           33.6114E+03 
                1.0169            33.6118E+03 
                1.01693           33.6122E+03 
                1.01696           33.6128E+03 
                1.01702           33.6137E+03 
                1.0171            33.6152E+03 
                1.01718           33.6167E+03 
                1.01727           33.6183E+03 
                1.01735           33.62E+03   
                1.01737           33.6204E+03 
                1.0174            33.6211E+03 
                1.01745           33.6221E+03 
                1.01752           33.6236E+03 
                1.01759           33.6252E+03 
                1.01766           33.6269E+03 
                1.01773           33.6286E+03 
                1.01775           33.6291E+03 
                1.01777           33.6297E+03 
                1.01781           33.6307E+03 
                1.01787           33.6323E+03 
                1.01793           33.6338E+03 
                1.01799           33.6354E+03 
                1.01805           33.6371E+03 
                1.01811           33.6388E+03 
                1.01817           33.6405E+03 
                1.01823           33.6423E+03 
                1.01829           33.6441E+03 
                1.0183            33.6446E+03 
                1.01832           33.645E+03  
                1.01834           33.6457E+03 
                1.01837           33.6468E+03 
                1.01842           33.6484E+03 
                1.01844           33.649E+03  
                1.01847           33.6499E+03 
                1.01851           33.6513E+03 
                1.01858           33.6535E+03 
                1.01867           33.6568E+03 
                1.01881           33.662E+03  
                1.01903           33.6703E+03 
                1.01935           33.6839E+03 
                1.01983           33.7069E+03 
                1.02055           33.7466E+03 
                1.02082           33.7623E+03 
                1.02092           33.7683E+03 
                1.02107           33.7775E+03 
                1.0213            33.7918E+03 
                1.02164           33.814E+03  
                1.02216           33.8488E+03 
                1.02293           33.9018E+03 
                1.0237            33.9534E+03 
                1.02447           34.0006E+03 
                1.02524           34.0403E+03 
                1.02601           34.07E+03   
                1.02679           34.0869E+03 
                1.02756           34.0893E+03 
                1.02833           34.0755E+03 
                1.0291            34.0447E+03 
                1.03026           33.9609E+03 
                1.03142           33.8442E+03 
                1.03258           33.7026E+03 
                1.03374           33.5471E+03 
                1.0349            33.3906E+03 
                1.03607           33.2466E+03 
                1.03723           33.1276E+03 
                1.03839           33.0433E+03 
                1.03955           32.9999E+03 
                1.04072           32.9995E+03 
                1.04159           33.0232E+03 
                1.04246           33.0692E+03 
                1.04334           33.1353E+03 
                1.04421           33.2185E+03 
                1.04509           33.3155E+03 
                1.04596           33.4229E+03 
                1.04662           33.5081E+03 
                1.0476            33.6408E+03 
                1.04858           33.7744E+03 
                1.04957           33.9047E+03 
                1.05055           34.0276E+03 
                1.05154           34.1393E+03 
                1.05179           34.1666E+03 
                1.05216           34.2056E+03 
                1.05271           34.2589E+03 
                1.05292           34.2781E+03 
                1.053             34.2853E+03 
                1.05311           34.2957E+03 
                1.05329           34.3108E+03 
                1.05336           34.3164E+03 
                1.05345           34.3246E+03 
                1.0536            34.3365E+03 
                1.05371           34.3452E+03 
                1.05388           34.3575E+03 
                1.05413           34.3746E+03 
                1.05422           34.3809E+03 
                1.05437           34.3898E+03 
                1.05458           34.4021E+03 
                1.05466           34.4066E+03 
                1.05477           34.413E+03  
                1.05495           34.4219E+03 
                1.05502           34.4252E+03 
                1.05512           34.4298E+03 
                1.05527           34.4363E+03 
                1.05549           34.4448E+03 
                1.05558           34.4479E+03 
                1.05571           34.452E+03  
                1.0559            34.4575E+03 
                1.05597           34.4594E+03 
                1.05607           34.462E+03  
                1.05623           34.4654E+03 
                1.05648           34.469E+03  
                1.05672           34.4712E+03 
                1.05696           34.4719E+03 
                1.0572            34.4713E+03 
                1.05756           34.4673E+03 
                1.0581            34.4545E+03 
                1.05891           34.4221E+03 
                1.05973           34.3783E+03 
                1.06054           34.3247E+03 
                1.06136           34.2628E+03 
                1.06217           34.1937E+03 
                1.06298           34.1177E+03 
                1.0638            34.035E+03  
                1.06461           33.945E+03  
                1.06584           33.7903E+03 
                1.06675           33.6622E+03 
                1.06767           33.5206E+03 
                1.06905           33.2765E+03 
                1.07043           33.0033E+03 
                1.0718            32.7056E+03 
                1.07318           32.3895E+03 
                1.07456           32.0618E+03 
                1.07594           31.7294E+03 
                1.07732           31.3984E+03 
                1.07871           31.0745E+03 
                1.08009           30.7629E+03 
                1.08147           30.468E+03  
                1.08355           30.0724E+03 
                1.08562           29.7289E+03 
                1.0877            29.4362E+03 
                1.08978           29.1894E+03 
                1.09186           28.9827E+03 
                1.09394           28.8102E+03 
                1.09603           28.6683E+03 
                1.09811           28.5565E+03 
                1.1002            28.4782E+03 
                1.10229           28.4402E+03 
                1.10438           28.4513E+03 
                1.10647           28.5208E+03 
                1.10856           28.6558E+03 
                1.11065           28.8599E+03 
                1.11275           29.1318E+03 
                1.11485           29.4654E+03 
                1.11694           29.8508E+03 
                1.11904           30.2753E+03 
                1.12114           30.7252E+03 
                1.12325           31.1871E+03 
                1.12535           31.6491E+03 
                1.12746           32.1008E+03 
                1.12956           32.5344E+03 
                1.13167           32.9443E+03 
                1.13378           33.3274E+03 
                1.13589           33.6814E+03 
                1.13642           33.7686E+03 
                1.13694           33.8538E+03 
                1.13774           33.9769E+03 
                1.13892           34.1514E+03 
                1.13937           34.2157E+03 
                1.14004           34.3088E+03 
                1.14104           34.4414E+03 
                1.1418            34.537E+03  
                1.14292           34.6715E+03 
                1.14405           34.7974E+03 
                1.14518           34.9147E+03 
                1.14631           35.0235E+03 
                1.14745           35.1238E+03 
                1.14858           35.2157E+03 
                1.14971           35.2991E+03 
                1.15084           35.3743E+03 
                1.15197           35.4413E+03 
                1.15311           35.5002E+03 
                1.15481           35.5708E+03 
                1.15651           35.6249E+03 
                1.15821           35.6632E+03 
                1.16076           35.6887E+03 
                1.16332           35.6878E+03 
                1.16588           35.665E+03  
                1.16684           35.6544E+03 
                1.16828           35.632E+03  
                1.17044           35.5879E+03 
                1.1726            35.5363E+03 
                1.17368           35.5094E+03 
                1.17476           35.4807E+03 
                1.17639           35.4343E+03 
                1.17801           35.3856E+03 
                1.17964           35.335E+03  
                1.18126           35.2826E+03 
                1.18289           35.2287E+03 
                1.18452           35.1736E+03 
                1.18615           35.1173E+03 
                1.18777           35.0605E+03 
                1.1894            35.0033E+03 
                1.18981           34.9893E+03 
                1.19022           34.9752E+03 
                1.19083           34.9539E+03 
                1.19175           34.9218E+03 
                1.19312           34.8741E+03 
                1.19381           34.8507E+03 
                1.1945            34.8275E+03 
                1.19553           34.7933E+03 
                1.19657           34.76E+03   
                1.1976            34.7278E+03 
                1.19864           34.6968E+03 
                1.19967           34.6674E+03 
                1.20071           34.6395E+03 
                1.20174           34.6134E+03 
                1.20278           34.5892E+03 
                1.20381           34.5671E+03 
                1.20485           34.5471E+03 
                1.20588           34.5294E+03 
                1.20692           34.5139E+03 
                1.20731           34.5086E+03 
                1.20789           34.5013E+03 
                1.20877           34.4918E+03 
                1.21008           34.4813E+03 
                1.21139           34.4748E+03 
                1.21271           34.4721E+03 
                1.21468           34.4757E+03 
                1.21517           34.4775E+03 
                1.21566           34.4796E+03 
                1.2164            34.4836E+03 
                1.21751           34.4914E+03 
                1.21918           34.507E+03  
                1.2198            34.5139E+03 
                1.22074           34.5249E+03 
                1.22215           34.5431E+03 




