
                  X              uf-45-exp    

                0.                -0.         
               39.94E-09          92.599E-03  
              319.041E-09        507.583E-03  
                1.70601E-06        1.18584    
                7.53894E-06        2.6152     
               29.9775E-06         5.47971    
              111.812E-06         11.0255     
              399.954E-06         22.3137     
                1.38837E-03       49.5115     
                4.70264E-03      126.128      
               15.5512E-03       356.848      
               49.9952E-03         1.05621E+03
              154.626E-03          3.10627E+03
              450.699E-03          8.66595E+03
              474.857E-03          9.66655E+03
              480.997E-03          9.65047E+03
              487.177E-03          9.68232E+03
              493.397E-03          9.736E+03  
              502.802E-03          9.80136E+03
              505.168E-03          9.85736E+03
              507.539E-03          9.85093E+03
              511.105E-03          9.87055E+03
              516.479E-03          9.90734E+03
              524.592E-03          9.96345E+03
              532.768E-03         10.0269E+03 
              541.007E-03         10.0867E+03 
              553.483E-03         10.1623E+03 
              558.198E-03         10.22E+03   
              565.306E-03         10.2425E+03 
              572.459E-03         10.2823E+03 
              579.656E-03         10.3118E+03 
              586.896E-03         10.3287E+03 
              594.18E-03          10.3253E+03 
              596.007E-03         10.3534E+03 
              596.694E-03         10.3491E+03 
              597.723E-03         10.3266E+03 
              599.27E-03          10.3175E+03 
              601.593E-03         10.3086E+03 
              605.086E-03         10.284E+03  
              610.343E-03         10.2132E+03 
              612.321E-03         10.2016E+03 
              615.292E-03         10.1204E+03 
              619.762E-03          9.95045E+03
              626.497E-03          9.47387E+03
              636.663E-03          8.40004E+03
              646.906E-03          7.15012E+03
              649.479E-03          6.86064E+03
              652.057E-03          6.50927E+03
              655.933E-03          5.99519E+03
              661.766E-03          5.19171E+03
              670.562E-03          3.9477E+03 
              683.857E-03          2.41935E+03
              704.024E-03          1.57815E+03
              724.46E-03           1.93886E+03
              745.16E-03           2.83053E+03
              776.697E-03          3.82587E+03
              788.673E-03          4.13734E+03
              806.786E-03          4.25026E+03
              813.624E-03          4.28582E+03
              823.928E-03          4.20141E+03
              839.488E-03          3.93821E+03
              855.172E-03          3.59661E+03
              870.978E-03          3.23931E+03
              894.912E-03          2.73838E+03
              897.17E-03           2.77634E+03
              900.561E-03          2.6465E+03 
              905.656E-03          2.54201E+03
              913.322E-03          2.39658E+03
              916.204E-03          2.36002E+03
              917.285E-03          2.34267E+03
              918.909E-03          2.29957E+03
              921.346E-03          2.25227E+03
              922.26E-03           2.24738E+03
              923.633E-03          2.21568E+03
              925.693E-03          2.17429E+03
              926.466E-03          2.17039E+03
              927.626E-03          2.14443E+03
              929.367E-03          2.10868E+03
              931.982E-03          2.06145E+03
              935.909E-03          1.99098E+03
              941.812E-03          1.88587E+03
              950.695E-03          1.73319E+03
              964.08E-03           1.50386E+03
              984.296E-03          1.09756E+03
                1.01492          468.467      
                1.04591          -26.7488     
                1.05371         -107.251      
                1.06545         -278.277      
                1.06986         -314.388      
                1.07649         -398.624      
                1.08647         -496.448      
                1.10151         -632.648      
                1.12419         -817.882      
                1.13274         -861.928      
                1.1456          -956.702      
                1.15044         -969.333      
                1.15771           -1.0165E+03 
                1.16864           -1.05529E+03
                1.18511           -1.08966E+03
                1.20994           -1.16273E+03
                1.24751           -1.37476E+03
                1.30453           -1.62698E+03
                1.3261            -1.66628E+03
                1.35866           -1.68663E+03
                1.37092           -1.65789E+03
                1.37553           -1.64849E+03
                1.37726           -1.64478E+03
                1.37985           -1.64805E+03
                1.38082           -1.64089E+03
                1.38228           -1.64141E+03
                1.38448           -1.63884E+03
                1.38667           -1.63225E+03
                1.38886           -1.62619E+03
                1.39215           -1.61831E+03
                1.39709           -1.60229E+03
                1.40451           -1.57199E+03
                1.41566           -1.50549E+03
                1.43242           -1.38138E+03
                1.45766           -1.24129E+03
                1.49572           -1.03731E+03
                1.55322         -578.856      
                1.61116          -48.4089     
                1.62571          104.347      
                1.64758          293.067      
                1.65579          374.83       
                1.66813          479.065      




