
                  X              uf-0-pro2    

                0.                -0.         
               39.94E-09         144.262E-03  
              319.041E-09        746.553E-03  
                1.70601E-06        1.94853    
                7.53894E-06        4.44846    
               29.9775E-06         9.54913    
              111.812E-06         21.6481     
              399.954E-06         56.0726     
                1.38837E-03      163.196      
                4.70264E-03      506.745      
               15.5512E-03         1.60973E+03
               49.9952E-03         5.08311E+03
              154.626E-03         15.598E+03  
              450.699E-03         45.3097E+03 
              459.682E-03         47.3408E+03 
              463.075E-03         47.6149E+03 
              468.187E-03         47.8765E+03 
              469.469E-03         47.9502E+03 
              470.754E-03         48.0114E+03 
              472.684E-03         48.0903E+03 
              475.586E-03         48.1986E+03 
              476.313E-03         48.2314E+03 
              477.041E-03         48.2606E+03 
              478.133E-03         48.301E+03  
              479.774E-03         48.3632E+03 
              480.39E-03          48.39E+03   
              481.315E-03         48.4287E+03 
              482.704E-03         48.4905E+03 
              483.226E-03         48.5167E+03 
              484.008E-03         48.556E+03  
              485.184E-03         48.6193E+03 
              486.949E-03         48.7288E+03 
              487.391E-03         48.76E+03   
              487.833E-03         48.7912E+03 
              488.497E-03         48.8383E+03 
              489.493E-03         48.9131E+03 
              490.989E-03         49.0365E+03 
              491.551E-03         49.0869E+03 
              492.394E-03         49.1634E+03 
              493.66E-03          49.2838E+03 
              494.135E-03         49.3317E+03 
              494.848E-03         49.4039E+03 
              495.919E-03         49.5148E+03 
              497.527E-03         49.688E+03  
              498.131E-03         49.7566E+03 
              499.038E-03         49.8583E+03 
              500.399E-03         50.0123E+03 
              500.91E-03          50.0724E+03 
              501.677E-03         50.1611E+03 
              502.828E-03         50.2934E+03 
              504.558E-03         50.491E+03  
              505.857E-03         50.6405E+03 
              507.158E-03         50.7877E+03 
              507.646E-03         50.8442E+03 
              508.379E-03         50.9261E+03 
              509.479E-03         51.0457E+03 
              511.132E-03         51.2205E+03 
              511.752E-03         51.2882E+03 
              512.683E-03         51.3857E+03 
              514.082E-03         51.5278E+03 
              514.607E-03         51.5828E+03 
              515.395E-03         51.6627E+03 
              516.578E-03         51.7802E+03 
              518.355E-03         51.9555E+03 
              519.022E-03         52.0243E+03 
              520.024E-03         52.1247E+03 
              521.528E-03         52.2751E+03 
              522.093E-03         52.334E+03  
              522.94E-03          52.4208E+03 
              524.213E-03         52.5515E+03 
              526.125E-03         52.7522E+03 
              526.843E-03         52.8315E+03 
              527.92E-03          52.9485E+03 
              529.539E-03         53.1259E+03 
              530.146E-03         53.1954E+03 
              531.058E-03         53.298E+03  
              532.428E-03         53.4525E+03 
              534.485E-03         53.687E+03  
              535.E-03            53.7492E+03 
              535.516E-03         53.8101E+03 
              536.289E-03         53.8997E+03 
              537.45E-03          54.0331E+03 
              539.194E-03         54.2324E+03 
              539.849E-03         54.3098E+03 
              540.831E-03         54.4225E+03 
              542.307E-03         54.588E+03  
              543.415E-03         54.7127E+03 
              545.08E-03          54.894E+03  
              545.704E-03         54.964E+03  
              546.642E-03         55.0649E+03 
              548.05E-03          55.2118E+03 
              550.166E-03         55.4244E+03 
              550.96E-03          55.5067E+03 
              552.153E-03         55.6236E+03 
              553.944E-03         55.7913E+03 
              554.617E-03         55.8562E+03 
              555.626E-03         55.9486E+03 
              557.142E-03         56.0812E+03 
              559.42E-03          56.2703E+03 
              560.276E-03         56.3439E+03 
              561.56E-03          56.4468E+03 
              563.489E-03         56.5938E+03 
              565.421E-03         56.7378E+03 
              567.356E-03         56.8789E+03 
              568.083E-03         56.9342E+03 
              569.174E-03         57.0128E+03 
              570.812E-03         57.1291E+03 
              573.273E-03         57.3072E+03 
              575.74E-03          57.4949E+03 
              578.212E-03         57.6925E+03 
              579.14E-03          57.7717E+03 
              580.534E-03         57.8887E+03 
              582.628E-03         58.0711E+03 
              583.414E-03         58.144E+03  
              584.594E-03         58.2525E+03 
              586.366E-03         58.4201E+03 
              589.029E-03         58.6854E+03 
              590.03E-03          58.7914E+03 
              591.532E-03         58.9492E+03 
              593.788E-03         59.1922E+03 
              597.18E-03          59.57E+03   
              598.455E-03         59.7195E+03 
              600.369E-03         59.9386E+03 
              603.246E-03         60.2673E+03 
              604.326E-03         60.3957E+03 
              605.949E-03         60.5818E+03 
              608.386E-03         60.8567E+03 
              612.052E-03         61.2591E+03 
              613.429E-03         61.4152E+03 
              615.498E-03         61.6369E+03 
              616.274E-03         61.7222E+03 
              617.44E-03          61.8452E+03 
              619.19E-03          62.025E+03  
              621.821E-03         62.288E+03  
              622.809E-03         62.39E+03   
              624.292E-03         62.5362E+03 
              626.519E-03         62.7499E+03 
              627.356E-03         62.8329E+03 
              628.611E-03         62.9526E+03 
              630.497E-03         63.1285E+03 
              631.204E-03         63.1968E+03 
              632.267E-03         63.2959E+03 
              633.862E-03         63.4419E+03 
              636.258E-03         63.6579E+03 
              638.659E-03         63.8727E+03 
              641.063E-03         64.0835E+03 
              643.472E-03         64.2894E+03 
              644.377E-03         64.3689E+03 
              645.735E-03         64.4819E+03 
              647.774E-03         64.6453E+03 
              648.54E-03          64.7089E+03 
              649.689E-03         64.7997E+03 
              651.414E-03         64.9318E+03 
              654.006E-03         65.1253E+03 
              656.603E-03         65.3183E+03 
              659.205E-03         65.511E+03  
              663.117E-03         65.8021E+03 
              666.058E-03         66.0312E+03 
              669.005E-03         66.2671E+03 
              673.437E-03         66.6434E+03 
              677.882E-03         67.0532E+03 
              682.341E-03         67.4913E+03 
              686.813E-03         67.9519E+03 
              690.177E-03         68.3093E+03 
              691.861E-03         68.4926E+03 
              693.547E-03         68.6739E+03 
              696.08E-03          68.9446E+03 
              698.618E-03         69.2171E+03 
              701.159E-03         69.4886E+03 
              703.705E-03         69.7576E+03 
              706.255E-03         70.0222E+03 
              708.809E-03         70.2798E+03 
              711.367E-03         70.5276E+03 
              713.93E-03          70.7628E+03 
              716.497E-03         70.983E+03  
              720.355E-03         71.2762E+03 
              724.222E-03         71.5444E+03 
              728.099E-03         71.7969E+03 
              733.932E-03         72.1843E+03 
              738.32E-03          72.5079E+03 
              742.72E-03          72.8682E+03 
              747.132E-03         73.2734E+03 
              751.555E-03         73.7212E+03 
              758.213E-03         74.4475E+03 
              763.222E-03         75.0141E+03 
              768.247E-03         75.5731E+03 
              775.811E-03         76.3606E+03 
              778.656E-03         76.6606E+03 
              782.932E-03         77.0762E+03 
              789.365E-03         77.6684E+03 
              799.058E-03         78.5432E+03 
              802.707E-03         78.8877E+03 
              808.193E-03         79.3906E+03 
              816.451E-03         80.1662E+03 
              824.746E-03         80.9652E+03 
              830.991E-03         81.5747E+03 
              837.256E-03         82.1811E+03 
              843.541E-03         82.7855E+03 
              849.846E-03         83.3866E+03 
              854.588E-03         83.8389E+03 
              859.341E-03         84.2868E+03 
              864.105E-03         84.7335E+03 
              868.88E-03          85.1797E+03 
              870.673E-03         85.3522E+03 
              873.366E-03         85.6022E+03 
              877.412E-03         85.9752E+03 
              878.931E-03         86.1201E+03 
              881.212E-03         86.3309E+03 
              884.638E-03         86.6454E+03 
              885.924E-03         86.7675E+03 
              887.855E-03         86.9456E+03 
              890.755E-03         87.2116E+03 
              895.111E-03         87.612E+03  
              896.747E-03         87.7679E+03 
              899.203E-03         87.9957E+03 
              902.892E-03         88.338E+03  
              908.438E-03         88.8584E+03 
              909.826E-03         88.9962E+03 
              910.173E-03         89.031E+03  
              910.694E-03         89.0817E+03 
              910.89E-03          89.1008E+03 
              911.183E-03         89.1289E+03 
              911.623E-03         89.1708E+03 
              912.063E-03         89.2126E+03 
              912.503E-03         89.2544E+03 
              912.943E-03         89.2963E+03 
              913.383E-03         89.3382E+03 
              913.823E-03         89.3803E+03 
              914.263E-03         89.4224E+03 
              914.704E-03         89.4645E+03 
              915.364E-03         89.5275E+03 
              916.356E-03         89.6221E+03 
              917.844E-03         89.7643E+03 
              919.333E-03         89.9075E+03 
              920.823E-03         90.0504E+03 
              922.314E-03         90.1902E+03 
              923.806E-03         90.3201E+03 
              925.299E-03         90.4262E+03 
              926.793E-03         90.4844E+03 
              927.166E-03         90.4965E+03 
              927.54E-03          90.5045E+03 
              928.101E-03         90.5051E+03 
              928.662E-03         90.4928E+03 
              929.222E-03         90.4656E+03 
              929.784E-03         90.4207E+03 
              930.625E-03         90.3038E+03 
              930.836E-03         90.2717E+03 
              931.046E-03         90.2361E+03 
              931.362E-03         90.1744E+03 
              931.836E-03         90.0611E+03 
              932.31E-03          89.9254E+03 
              932.784E-03         89.7652E+03 
              933.258E-03         89.5788E+03 
              933.969E-03         89.2336E+03 
              934.236E-03         89.095E+03  
              934.637E-03         88.8647E+03 
              935.037E-03         88.6111E+03 
              935.437E-03         88.3336E+03 
              935.838E-03         88.0314E+03 
              936.238E-03         87.7042E+03 
              936.639E-03         87.3513E+03 
              937.04E-03          86.9725E+03 
              937.641E-03         86.3451E+03 
              938.242E-03         85.6584E+03 
              938.844E-03         84.9121E+03 
              939.445E-03         84.106E+03  
              940.348E-03         82.761E+03  
              941.703E-03         80.4397E+03 
              943.058E-03         77.8327E+03 
              944.414E-03         74.9821E+03 
              945.772E-03         71.956E+03  
              947.129E-03         68.8387E+03 
              948.488E-03         65.7133E+03 
              948.828E-03         64.9336E+03 
              949.337E-03         63.7692E+03 
              949.847E-03         62.614E+03  
              950.357E-03         61.4716E+03 
              950.867E-03         60.3445E+03 
              951.378E-03         59.2349E+03 
              951.888E-03         58.1439E+03 
              952.654E-03         56.5501E+03 
              952.845E-03         56.1546E+03 
              953.036E-03         55.7617E+03 
              953.324E-03         55.1782E+03 
              953.755E-03         54.3154E+03 
              954.186E-03         53.4643E+03 
              954.617E-03         52.624E+03  
              955.263E-03         51.3836E+03 
              955.506E-03         50.9213E+03 
              955.87E-03          50.2331E+03 
              956.143E-03         49.7196E+03 
              956.552E-03         48.9541E+03 
              956.962E-03         48.1928E+03 
              957.371E-03         47.4348E+03 
              957.781E-03         46.6797E+03 
              958.396E-03         45.5514E+03 
              958.626E-03         45.129E+03  
              958.972E-03         44.4966E+03 
              959.491E-03         43.5499E+03 
              960.01E-03          42.6053E+03 
              960.529E-03         41.6628E+03 
              961.048E-03         40.7222E+03 
              961.828E-03         39.3157E+03 
              962.997E-03         37.2156E+03 
              964.166E-03         35.1284E+03 
              964.459E-03         34.608E+03  
              964.751E-03         34.0884E+03 
              965.19E-03          33.311E+03  
              965.519E-03         32.7295E+03 
              966.013E-03         31.8612E+03 
              966.507E-03         30.9987E+03 
              967.001E-03         30.1438E+03 
              967.742E-03         28.8865E+03 
              968.855E-03         27.0972E+03 
              969.967E-03         25.4508E+03 
              970.246E-03         25.0494E+03 
              970.663E-03         24.4712E+03 
              971.289E-03         23.6664E+03 
              971.759E-03         23.1017E+03 
              972.229E-03         22.579E+03  
              972.699E-03         22.1011E+03 
              973.17E-03          21.6706E+03 
              973.64E-03          21.2892E+03 
              974.11E-03          20.9583E+03 
              974.816E-03         20.5763E+03 
              975.522E-03         20.3065E+03 
              976.228E-03         20.1423E+03 
              977.287E-03         20.096E+03  
              977.684E-03         20.1051E+03 
              978.281E-03         20.1678E+03 
              978.728E-03         20.2387E+03 
              979.175E-03         20.3292E+03 
              979.623E-03         20.435E+03  
              980.07E-03          20.5519E+03 
              980.518E-03         20.6761E+03 
              981.189E-03         20.8671E+03 
              982.197E-03         21.1423E+03 
              983.205E-03         21.4021E+03 
              984.213E-03         21.6569E+03 
              985.727E-03         22.0957E+03 
              987.241E-03         22.6473E+03 
              988.756E-03         23.3222E+03 
              990.272E-03         24.0801E+03 
              991.789E-03         24.8429E+03 
              992.927E-03         25.3788E+03 
              994.636E-03         25.982E+03  
              996.345E-03         26.3163E+03 
              998.056E-03         26.3658E+03 
              999.768E-03         26.1567E+03 
                1.00148           25.7366E+03 
                1.00319           25.1567E+03 
                1.00491           24.4651E+03 
                1.00663           23.7075E+03 
                1.00834           22.9304E+03 
                1.01006           22.182E+03  
                1.01264           21.2595E+03 
                1.01522           20.6046E+03 
                1.01781           20.1829E+03 
                1.01846           20.0931E+03 
                1.0191            20.0146E+03 
                1.02007           19.9161E+03 
                1.02153           19.7812E+03 
                1.02372           19.4617E+03 
                1.0259            18.8789E+03 
                1.02809           17.933E+03  
                1.03028           16.6138E+03 
                1.03248           15.0121E+03 
                1.03303           14.5974E+03 
                1.03357           14.1683E+03 
                1.0344            13.5023E+03 
                1.03563           12.4917E+03 
                1.03749           11.0806E+03 
                1.04027            9.47405E+03
                1.04306            8.45156E+03
                1.04584            7.93839E+03
                1.04864            7.79931E+03
                1.05143            7.9027E+03 
                1.05423            8.15083E+03
                1.05703            8.48323E+03
                1.05983            8.86729E+03
                1.06263            9.28636E+03
                1.06544            9.7305E+03 
                1.06825           10.1907E+03 
                1.07106           10.6559E+03 
                1.07388           11.1117E+03 
                1.0767            11.5399E+03 
                1.07952           11.9189E+03 
                1.08376           12.2965E+03 
                1.088             12.4219E+03 
                1.08906           12.4401E+03 
                1.09012           12.4383E+03 
                1.09172           12.3912E+03 
                1.09411           12.2215E+03 
                1.0977            11.7576E+03 
                1.0995            11.4796E+03 
                1.1013            11.1553E+03 
                1.104             10.5898E+03 
                1.1067             9.97601E+03
                1.1094             9.34441E+03
                1.11346            8.45706E+03
                1.1155             8.04437E+03
                1.11753            7.66818E+03
                1.12058            7.21644E+03
                1.12288            6.95255E+03
                1.12632            6.72984E+03
                1.12976            6.67795E+03
                1.13321            6.77408E+03
                1.13666            6.98452E+03
                1.14012            7.26862E+03
                1.14271            7.50613E+03
                1.14531            7.74817E+03
                1.1479             7.9791E+03 
                1.1518             8.25684E+03
                1.15571            8.44293E+03
                1.15962            8.52531E+03
                1.16353            8.50639E+03
                1.16647            8.44109E+03
                1.16941            8.32989E+03
                1.17236            8.18361E+03
                1.1753             8.01415E+03
                1.17825            7.83432E+03
                1.1812             7.65705E+03
                1.18415            7.49447E+03
                1.18711            7.35702E+03
                1.19007            7.25292E+03
                1.19451            7.18392E+03
                1.19896            7.20637E+03
                1.20341            7.30823E+03
                1.20787            7.47101E+03
                1.21233            7.67186E+03
                1.21345            7.72726E+03
                1.21457            7.78219E+03
                1.21624            7.86495E+03
                1.21876            7.98919E+03
                1.2197             8.03729E+03
                1.22112            8.10656E+03
                1.22324            8.20436E+03
                1.22404            8.24143E+03
                1.22524            8.29335E+03
                1.22703            8.36358E+03
                1.22973            8.44907E+03
                1.23074            8.47995E+03
                1.23225            8.51698E+03
                1.23453            8.55335E+03
                1.23538            8.56571E+03
                1.23667            8.57665E+03
                1.23859            8.57786E+03
                1.23931            8.57733E+03
                1.24039            8.57089E+03
                1.24201            8.5501E+03 
                1.24445            8.49604E+03
                1.24689            8.4215E+03 
                1.2475             8.40282E+03
                1.24811            8.38233E+03
                1.24902            8.34781E+03
                1.2504             8.2895E+03 
                1.25246            8.1902E+03 
                1.25323            8.1526E+03 
                1.25439            8.09192E+03
                1.25613            7.99445E+03
                1.25678            7.95804E+03
                1.25776            7.90126E+03
                1.25923            7.81338E+03
                1.26144            7.68036E+03
                1.26226            7.63181E+03
                1.2635             7.55849E+03
                1.26537            7.45168E+03
                1.26607            7.41326E+03
                1.26711            7.35661E+03
                1.26869            7.27648E+03
                1.27105            7.1723E+03 
                1.27341            7.08828E+03
                1.27577            7.02615E+03
                1.27813            6.9873E+03 
                1.2805             6.97238E+03
                1.28287            6.98121E+03
                1.28375            6.98898E+03
                1.28509            7.00637E+03
                1.28708            7.04727E+03
                1.29008            7.14085E+03
                1.29309            7.26513E+03
                1.29609            7.41669E+03
                1.29722            7.47877E+03
                1.29891            7.57747E+03
                1.30145            7.74055E+03
                1.3024             7.80529E+03
                1.30383            7.90535E+03
                1.30597            8.06332E+03
                1.30919            8.31388E+03
                1.31161            8.5084E+03 
                1.31523            8.79978E+03
                1.31886            9.08399E+03
                1.32249            9.35031E+03
                1.32612            9.58882E+03
                1.32976            9.79032E+03
                1.3334             9.94695E+03
                1.33704           10.0529E+03 
                1.34068           10.1052E+03 
                1.34433           10.1036E+03 
                1.3457            10.0973E+03 
                1.34775           10.0685E+03 
                1.35084            9.9902E+03 
                1.35546            9.81048E+03
                1.35662            9.76482E+03
                1.35778            9.71417E+03
                1.35951            9.62999E+03
                1.36212            9.4918E+03 
                1.3631             9.43991E+03
                1.36457            9.35807E+03
                1.36677            9.23105E+03
                1.36759            9.18408E+03
                1.36883            9.11215E+03
                1.37069            9.00404E+03
                1.37139            8.96443E+03
                1.37243            8.90483E+03
                1.374              8.81699E+03
                1.37636            8.69253E+03
                1.3799             8.53094E+03
                1.38343            8.40333E+03
                1.38697            8.31606E+03
                1.39052            8.27538E+03
                1.39406            8.28585E+03
                1.39938            8.41829E+03
                1.40471            8.66291E+03
                1.41004            9.00225E+03
                1.41138            9.09556E+03
                1.41271            9.19222E+03
                1.41471            9.34637E+03
                1.41772            9.59714E+03
                1.42072            9.86387E+03
                1.42373           10.1406E+03 
                1.42674           10.4218E+03 
                1.43126           10.8322E+03 
                1.43804           11.3633E+03 
                1.44143           11.6045E+03 
                1.44483           11.8098E+03 
                1.44993           12.0298E+03 
                1.45184           12.1025E+03 
                1.45471           12.1798E+03 
                1.45902           12.234E+03  
                1.46333           12.2342E+03 
                1.46764           12.1874E+03 
                1.47196           12.1025E+03 
                1.47628           11.9896E+03 
                1.48061           11.8592E+03 
                1.48493           11.722E+03  
                1.48926           11.5883E+03 
                1.49359           11.4673E+03 
                1.49793           11.3667E+03 
                1.50227           11.2921E+03 
                1.50661           11.2466E+03 
                1.50824           11.2354E+03 
                1.51068           11.2257E+03 
                1.5116            11.2242E+03 
                1.51297           11.2239E+03 
                1.51503           11.2296E+03 
                1.51813           11.2513E+03 
                1.51929           11.2626E+03 
                1.52103           11.2817E+03 
                1.52365           11.3167E+03 
                1.52757           11.3785E+03 
                1.5315            11.4441E+03 
                1.53543           11.506E+03  
                1.53936           11.5582E+03 
                1.5423            11.5902E+03 
                1.54673           11.6142E+03 
                1.55116           11.6147E+03 
                1.55559           11.5918E+03 
                1.56002           11.548E+03  
                1.56446           11.4867E+03 
                1.5689            11.411E+03  
                1.57334           11.3236E+03 
                1.57667           11.2531E+03 
                1.58167           11.1366E+03 
                1.58355           11.0938E+03 
                1.58636           11.0257E+03 
                1.58918           10.9574E+03 
                1.592             10.8901E+03 
                1.59623           10.7949E+03 
                1.59781           10.7619E+03 
                1.60019           10.7139E+03 
                1.60376           10.6506E+03 
                1.60912           10.5795E+03 
                1.61314           10.5414E+03 
                1.61918           10.5127E+03 
                1.62522           10.5128E+03 
                1.63126           10.5358E+03 
                1.63277           10.5449E+03 
                1.63428           10.5538E+03 
                1.63655           10.5684E+03 
                1.63995           10.5939E+03 
                1.64506           10.6345E+03 
                1.65017           10.6719E+03 
                1.65528           10.6995E+03 
                1.6604            10.713E+03  
                1.66551           10.7097E+03 
                1.67063           10.6889E+03 
                1.67832           10.6221E+03 
                1.68409           10.5576E+03 
                1.68986           10.4802E+03 
                1.69419           10.4177E+03 
                1.70068           10.3162E+03 
                1.70312           10.2794E+03 
                1.70678           10.2215E+03 
                1.71227           10.1359E+03 
                1.7205            10.0196E+03 
                1.72256            9.99388E+03
                1.72463            9.96743E+03
                1.72772            9.92931E+03
                1.73236            9.87906E+03
                1.737              9.83751E+03
                1.74048            9.81168E+03
                1.74396            9.79042E+03
                1.74918            9.76735E+03
                1.75441            9.75152E+03
                1.75964            9.74083E+03
                1.76487            9.7362E+03 
                1.76683            9.73636E+03
                1.76977            9.73768E+03
                1.77419            9.74532E+03
                1.77585            9.74989E+03
                1.77833            9.75714E+03
                1.78206            9.76939E+03
                1.78346            9.77482E+03
                1.78556            9.78228E+03
                1.7887             9.79346E+03
                1.79185            9.80549E+03
                1.795              9.81779E+03
                1.79815            9.82868E+03
                1.8013             9.83546E+03
                1.80445            9.83533E+03
                1.8076             9.82657E+03
                1.81075            9.80931E+03
                1.81548            9.77094E+03
                1.82257            9.70899E+03
                1.82967            9.65663E+03
                1.83676            9.62414E+03
                1.84386            9.62318E+03
                1.85097            9.66199E+03
                1.85807            9.73996E+03
                1.85896            9.75113E+03
                1.85985            9.76247E+03
                1.86118            9.78027E+03
                1.86318            9.80953E+03
                1.86618            9.85864E+03
                1.87068            9.93916E+03
                1.87237            9.97054E+03
                1.8749            10.0175E+03 
                1.87869           10.0853E+03 
                1.88012           10.1106E+03 
                1.88225           10.1464E+03 
                1.88546           10.1944E+03 
                1.88666           10.2119E+03 
                1.88846           10.2357E+03 
                1.89117           10.2662E+03 
                1.89522           10.2999E+03 
                1.90131           10.3267E+03 
                1.9074            10.3406E+03 
                1.91349           10.3557E+03 
                1.91958           10.3838E+03 
                1.92567           10.428E+03  
                1.92719           10.4404E+03 
                1.92871           10.4536E+03 
                1.93099           10.4749E+03 
                1.93442           10.5084E+03 
                1.93956           10.5512E+03 
                1.9447            10.5781E+03 
                1.94984           10.5865E+03 
                1.95498           10.5794E+03 
                1.96012           10.5626E+03 
                1.96527           10.5425E+03 
                1.97041           10.5246E+03 
                1.97555           10.5139E+03 
                1.98069           10.514E+03  
                1.98584           10.5282E+03 
                1.99098           10.5579E+03 
                1.99612           10.6032E+03 
                2.00126           10.6616E+03 
                2.00641           10.7293E+03 
                2.00769           10.7467E+03 
                2.00898           10.7645E+03 
                2.01091           10.7921E+03 
                2.0138            10.8342E+03 
                2.01597           10.8658E+03 
                2.01922           10.9121E+03 
                2.02411           10.9764E+03 
                2.02899           11.0339E+03 
                2.03387           11.0834E+03 
                2.03875           11.125E+03  
                2.04363           11.1595E+03 
                2.04851           11.1892E+03 
                2.05339           11.2167E+03 
                2.05827           11.2444E+03 
                2.06315           11.274E+03  
                2.06803           11.3062E+03 
                2.06925           11.3141E+03 
                2.07047           11.3223E+03 
                2.07229           11.3352E+03 
                2.07504           11.3553E+03 
                2.07915           11.3861E+03 
                2.0807            11.3973E+03 
                2.08301           11.4144E+03 
                2.08648           11.439E+03  
                2.08779           11.4477E+03 
                2.08974           11.4604E+03 
                2.09267           11.4776E+03 
                2.09377           11.4835E+03 
                2.09541           11.4918E+03 
                2.09788           11.5024E+03 
                2.10159           11.5135E+03 
                2.10529           11.5197E+03 
                2.10807           11.5218E+03 
                2.11085           11.5218E+03 
                2.11189           11.5213E+03 
                2.11346           11.5204E+03 
                2.1158            11.5181E+03 
                2.11668           11.5169E+03 
                2.118             11.5152E+03 
                2.11998           11.5125E+03 
                2.12294           11.509E+03  
                2.12591           11.5067E+03 
                2.12887           11.5067E+03 
                2.13184           11.51E+03   
                2.1348            11.5175E+03 
                2.13777           11.5296E+03 
                2.14073           11.5469E+03 
                2.1437            11.5695E+03 
                2.14666           11.5974E+03 
                2.14777           11.6082E+03 
                2.14944           11.6264E+03 
                2.15194           11.6571E+03 
                2.15569           11.7083E+03 
                2.15943           11.7617E+03 
                2.16318           11.815E+03  
                2.16693           11.8654E+03 
                2.17068           11.9107E+03 
                2.17442           11.9489E+03 
                2.17817           11.9789E+03 
                2.18378           12.0058E+03 
                2.1894            12.0164E+03 
                2.19501           12.0159E+03 
                2.20062           12.0098E+03 
                2.20623           12.0029E+03 
                2.21184           11.9982E+03 
                2.21745           11.9971E+03 
                2.22585           11.9999E+03 
                2.22795           11.9986E+03 
                2.23005           11.9988E+03 
                2.2332            11.9995E+03 
                2.23792           11.9977E+03 
                2.24501           11.9837E+03 
                2.24766           11.9748E+03 
                2.25164           11.9595E+03 
                2.25761           11.9275E+03 
                2.25985           11.9126E+03 
                2.26321           11.8899E+03 
                2.26824           11.8527E+03 
                2.27201           11.8226E+03 
                2.27767           11.7794E+03 
                2.28333           11.7384E+03 
                2.28898           11.7015E+03 
                2.29463           11.669E+03  
                2.29675           11.6559E+03 
                2.29992           11.6399E+03 
                2.30469           11.6182E+03 
                2.31183           11.5871E+03 
                2.31896           11.5542E+03 
                2.3261            11.5187E+03 
                2.32788           11.5074E+03 
                2.32966           11.4976E+03 
                2.33233           11.4835E+03 
                2.33634           11.4612E+03 
                2.33934           11.4427E+03 
                2.34235           11.4237E+03 
                2.34535           11.4041E+03 
                2.34835           11.3836E+03 
                2.35135           11.3626E+03 
                2.35435           11.341E+03  
                2.35885           11.3087E+03 
                2.36334           11.275E+03  
                2.36447           11.2651E+03 
                2.36559           11.2561E+03 
                2.36727           11.2434E+03 
                2.3698            11.2245E+03 
                2.37233           11.2054E+03 
                2.37485           11.1867E+03 
                2.37864           11.1622E+03 
                2.38431           11.1348E+03 
                2.38999           11.1149E+03 
                2.39566           11.1007E+03 
                2.40132           11.0888E+03 
                2.40698           11.0764E+03 
                2.41264           11.0614E+03 
                2.4183            11.0424E+03 
                2.42395           11.0191E+03 
                2.42959           10.9927E+03 
                2.431             10.9837E+03 
                2.43241           10.9762E+03 
                2.43453           10.966E+03  
                2.4377            10.9514E+03 
                2.44246           10.9331E+03 
                2.44958           10.9178E+03 
                2.45137           10.9112E+03 
                2.45315           10.9077E+03 
                2.45582           10.9056E+03 
                2.45982           10.905E+03  
                2.46382           10.9054E+03 
                2.46782           10.9082E+03 
                2.47381           10.9177E+03 
                2.4798            10.9235E+03 
                2.48578           10.9196E+03 
                2.49176           10.9027E+03 
                2.49773           10.874E+03  
                2.50221           10.8465E+03 
                2.50668           10.8182E+03 
                2.51115           10.7913E+03 
                2.51562           10.769E+03  
                2.52231           10.756E+03  
                2.52733           10.7565E+03 
                2.53234           10.7718E+03 
                2.53735           10.8E+03    
                2.54235           10.8389E+03 
                2.54735           10.8852E+03 
                2.55235           10.9351E+03 
                2.55734           10.9852E+03 
                2.56232           11.0329E+03 
                2.5673            11.0766E+03 
                2.57477           11.1357E+03 
                2.58223           11.1881E+03 
                2.58967           11.2411E+03 
                2.59711           11.2999E+03 
                2.59896           11.3104E+03 
                2.60082           11.325E+03  
                2.6036            11.3504E+03 
                2.60777           11.3924E+03 
                2.61403           11.4648E+03 
                2.62027           11.5451E+03 
                2.62495           11.6091E+03 
                2.62963           11.6796E+03 
                2.63429           11.7546E+03 
                2.63896           11.8327E+03 
                2.64071           11.8598E+03 
                2.64333           11.905E+03  
                2.64726           11.9737E+03 
                2.64873           11.997E+03  
                2.65094           12.0344E+03 
                2.65425           12.0895E+03 
                2.65921           12.165E+03  
                2.66045           12.18E+03   
                2.66169           12.1965E+03 
                2.66355           12.2215E+03 
                2.66634           12.2563E+03 
                2.67051           12.3006E+03 
                2.67469           12.3359E+03 
                2.67885           12.3643E+03 
                2.67989           12.3685E+03 
                2.68094           12.3738E+03 
                2.6825            12.3827E+03 
                2.68484           12.3949E+03 
                2.68835           12.4108E+03 
                2.68966           12.4142E+03 
                2.69164           12.4214E+03 
                2.69459           12.4327E+03 
                2.6957            12.435E+03  
                2.69736           12.4406E+03 
                2.69985           12.4499E+03 
                2.70359           12.4649E+03 
                2.70732           12.4794E+03 
                2.70919           12.485E+03  
                2.71105           12.4922E+03 
                2.71384           12.5048E+03 
                2.71489           12.5079E+03 
                2.71646           12.5145E+03 
                2.71882           12.5251E+03 
                2.72235           12.5401E+03 
                2.72367           12.5431E+03 
                2.72565           12.5498E+03 
                2.72863           12.5589E+03 
                2.72974           12.5601E+03 
                2.73141           12.5633E+03 
                2.73392           12.5671E+03 
                2.73767           12.5673E+03 
                2.74143           12.5598E+03 
                2.74517           12.5453E+03 
                2.74892           12.5238E+03 
                2.75266           12.4955E+03 
                2.7564            12.4605E+03 
                2.7578            12.4442E+03 
                2.7599            12.4213E+03 
                2.76305           12.3841E+03 
                2.76423           12.3674E+03 
                2.766             12.3438E+03 
                2.76865           12.3071E+03 
                2.76964           12.2912E+03 
                2.77114           12.2688E+03 
                2.77337           12.2348E+03 
                2.77672           12.1817E+03 
                2.77798           12.1589E+03 
                2.77986           12.1272E+03 
                2.78268           12.0798E+03 
                2.7855            12.0308E+03 
                2.78832           11.9813E+03 
                2.79114           11.9316E+03 
                2.79395           11.8818E+03 
                2.79817           11.809E+03  
                2.80448           11.7032E+03 
                2.81079           11.6001E+03 
                2.81708           11.5023E+03 
                2.82023           11.4505E+03 
                2.82336           11.4028E+03 
                2.8265            11.3556E+03 
                2.82964           11.3075E+03 
                2.83081           11.2872E+03 
                2.83257           11.2594E+03 
                2.83521           11.217E+03  
                2.83785           11.1714E+03 
                2.84049           11.1232E+03 
                2.84444           11.0487E+03 
                2.84838           10.9706E+03 
                2.85233           10.8918E+03 
                2.85626           10.8124E+03 
                2.86216           10.6915E+03 
                2.86804           10.5656E+03 
                2.87392           10.4447E+03 
                2.87978           10.3387E+03 
                2.88564           10.2539E+03 
                2.89148           10.1909E+03 
                2.89731           10.1451E+03 
                2.90313           10.1092E+03 
                2.90459           10.0953E+03 
                2.90604           10.0857E+03 
                2.90822           10.0747E+03 
                2.91148           10.0584E+03 
                2.91637           10.0304E+03 
                2.9182            10.0144E+03 
                2.92095            9.99524E+03
                2.92506            9.96507E+03
                2.93122            9.91843E+03
                2.93276            9.90001E+03
                2.93429            9.88608E+03
                2.9366             9.86876E+03
                2.94005            9.84563E+03
                2.9435             9.82386E+03
                2.94694            9.80558E+03
                2.9521             9.78987E+03
                2.95725            9.78002E+03
                2.9611             9.77466E+03
                2.96495            9.77468E+03
                2.9688             9.7778E+03 
                2.97456            9.79083E+03
                2.9803             9.80579E+03
                2.9846             9.81752E+03
                2.9889             9.83498E+03
                2.99318            9.85693E+03
                2.99479            9.86192E+03
                2.99719            9.87713E+03
                2.9981             9.88118E+03
                2.99945            9.89031E+03
                3.00148            9.90653E+03
                3.00451            9.93416E+03
                3.00755            9.96322E+03
                3.01058            9.99513E+03
                3.01512           10.0516E+03 
                3.01965           10.1101E+03 
                3.02417           10.1711E+03 
                3.02869           10.2332E+03 
                3.03319           10.2955E+03 
                3.03769           10.3577E+03 
                3.03882           10.3685E+03 
                3.03994           10.3826E+03 
                3.04162           10.4065E+03 
                3.04414           10.4433E+03 
                3.04792           10.5002E+03 
                3.0517            10.5575E+03 
                3.05546           10.6184E+03 
                3.05923           10.6839E+03 
                3.06298           10.7546E+03 
                3.06673           10.8302E+03 
                3.07047           10.9101E+03 
                3.07421           10.993E+03  
                3.07561           11.0208E+03 
                3.07771           11.0687E+03 
                3.08085           11.1423E+03 
                3.08203           11.1664E+03 
                3.0838            11.2065E+03 
                3.08644           11.2677E+03 
                3.0904            11.3596E+03 
                3.09189           11.3893E+03 
                3.09411           11.4402E+03 
                3.09744           11.5204E+03 
                3.09869           11.5469E+03 
                3.10056           11.5921E+03 
                3.10337           11.6636E+03 
                3.10757           11.7745E+03 
                3.10914           11.8112E+03 
                3.1115            11.8736E+03 
                3.11503           11.9697E+03 
                3.11635           12.0014E+03 
                3.11833           12.0542E+03 
                3.1213            12.1342E+03 
                3.12427           12.2109E+03 
                3.12723           12.2852E+03 
                3.12834           12.3098E+03 
                3.13              12.3503E+03 
                3.13249           12.4103E+03 
                3.13342           12.4297E+03 
                3.13482           12.4612E+03 
                3.13692           12.5079E+03 
                3.14006           12.5739E+03 
                3.1432            12.6336E+03 
                3.14634           12.6893E+03 
                3.14751           12.7064E+03 
                3.14927           12.736E+03  
                3.1519            12.7802E+03 
                3.15585           12.8439E+03 
                3.15733           12.8622E+03 
                3.15955           12.8959E+03 
                3.16286           12.9478E+03 
                3.16411           12.963E+03  
                3.16597           12.9911E+03 
                3.16876           13.035E+03  
                3.17294           13.1009E+03 
                3.17451           13.1197E+03 
                3.17685           13.155E+03  
                3.18036           13.2078E+03 
                3.18168           13.2227E+03 
                3.18365           13.2498E+03 
                3.1866            13.2895E+03 
                3.19102           13.342E+03  
                3.19543           13.3831E+03 
                3.19983           13.4154E+03 
                3.20422           13.4383E+03 
                3.2086            13.4509E+03 
                3.2097            13.4476E+03 
                3.21133           13.4491E+03 
                3.21379           13.4506E+03 
                3.21747           13.4455E+03 
                3.22113           13.4304E+03 
                3.22479           13.4082E+03 
                3.22845           13.379E+03  
                3.23209           13.342E+03  
                3.23573           13.2965E+03 
                3.23709           13.2737E+03 
                3.23914           13.2437E+03 
                3.24219           13.1954E+03 
                3.24677           13.1182E+03 
                3.25133           13.0388E+03 
                3.25588           12.9638E+03 
                3.25929           12.9079E+03 
                3.26269           12.857E+03  
                3.26396           12.8341E+03 
                3.26587           12.807E+03  
                3.26872           12.7693E+03 
                3.273             12.7148E+03 
                3.27726           12.6587E+03 
                3.28151           12.6043E+03 
                3.28364           12.5728E+03 
                3.28576           12.5459E+03 
                3.28893           12.5103E+03 
                3.2921            12.4737E+03 
                3.29526           12.4376E+03 
                3.29644           12.42E+03   
                3.29821           12.4001E+03 
                3.30087           12.3716E+03 
                3.30352           12.3399E+03 
                3.30617           12.3058E+03 
                3.30881           12.2686E+03 
                3.31145           12.2277E+03 
                3.31408           12.1826E+03 
                3.31802           12.1078E+03 
                3.32195           12.0192E+03 
                3.32293           11.9903E+03 
                3.32391           11.9649E+03 
                3.32538           11.9287E+03 
                3.32758           11.872E+03  
                3.33088           11.7797E+03 
                3.33417           11.6779E+03 
                3.33745           11.5704E+03 
                3.34072           11.4596E+03 
                3.34398           11.3477E+03 
                3.34724           11.2373E+03 
                3.35049           11.1312E+03 
                3.35373           11.0318E+03 
                3.35697           10.941E+03  
                3.3602            10.8604E+03 
                3.36342           10.7907E+03 
                3.36663           10.732E+03  
                3.37143           10.6694E+03 
                3.37622           10.6174E+03 
                3.38098           10.5737E+03 
                3.38573           10.534E+03  
                3.39047           10.4968E+03 
                3.39518           10.4641E+03 
                3.39988           10.4399E+03 
                3.40456           10.4286E+03 
                3.40573           10.4183E+03 
                3.40748           10.4169E+03 
                3.4101            10.424E+03  
                3.41401           10.4486E+03 
                3.41548           10.4523E+03 
                3.41767           10.4717E+03 
                3.42096           10.5118E+03 
                3.42587           10.5848E+03 
                3.43076           10.6576E+03 
                3.43563           10.7269E+03 
                3.43745           10.7436E+03 
                3.44018           10.7795E+03 
                3.44426           10.8263E+03 
                3.45035           10.8738E+03 
                3.4564            10.8948E+03 
                3.46242           10.9005E+03 
                3.46392           10.8886E+03 
                3.46542           10.8861E+03 
                3.46767           10.8865E+03 
                3.47102           10.8862E+03 
                3.47228           10.8792E+03 
                3.47416           10.8772E+03 
                3.47698           10.8771E+03 
                3.48118           10.881E+03  
                3.48223           10.873E+03  
                3.48328           10.8712E+03 
                3.48485           10.8736E+03 
                3.48721           10.8799E+03 
                3.49072           10.8932E+03 
                3.49204           10.8913E+03 
                3.49401           10.899E+03  
                3.49696           10.9151E+03 
                3.49806           10.9154E+03 
                3.49971           10.9239E+03 
                3.50219           10.9402E+03 
                3.50312           10.9416E+03 
                3.5045            10.9499E+03 
                3.50658           10.9651E+03 
                3.50736           10.9671E+03 
                3.50853           10.9747E+03 
                3.51027           10.9884E+03 
                3.51289           11.0103E+03 
                3.51419           11.0163E+03 
                3.51549           11.0253E+03 
                3.51744           11.0421E+03 
                3.51817           11.0448E+03 
                3.51927           11.0532E+03 
                3.52091           11.0676E+03 
                3.52213           11.076E+03  
                3.52397           11.0915E+03 
                3.52466           11.094E+03  
                3.52569           11.1014E+03 
                3.52724           11.1139E+03 
                3.52955           11.1319E+03 
                3.53186           11.1461E+03 
                3.53416           11.1587E+03 
                3.53588           11.1656E+03 
                3.5376            11.1733E+03 
                3.53825           11.1735E+03 
                3.53921           11.1774E+03 
                3.54066           11.1846E+03 
                3.54282           11.1949E+03 
                3.54363           11.1942E+03 
                3.54485           11.198E+03  
                3.54666           11.2052E+03 
                3.54734           11.2044E+03 
                3.54836           11.2069E+03 
                3.54989           11.2124E+03 
                3.55218           11.221E+03  
                3.55303           11.2193E+03 
                3.55432           11.2227E+03 
                3.55624           11.2302E+03 
                3.55696           11.2292E+03 
                3.55803           11.2323E+03 
                3.55965           11.2393E+03 
                3.56206           11.251E+03  
                3.56296           11.2502E+03 
                3.56432           11.2557E+03 
                3.56634           11.2666E+03 
                3.5671            11.2666E+03 
                3.56824           11.2715E+03 
                3.56994           11.2811E+03 
                3.57249           11.2954E+03 
                3.57629           11.3144E+03 
                3.57771           11.3116E+03 
                3.57984           11.3186E+03 
                3.58302           11.328E+03  
                3.58421           11.3233E+03 
                3.58599           11.3248E+03 
                3.58866           11.3262E+03 
                3.59264           11.3217E+03 
                3.59413           11.3088E+03 
                3.59635           11.3011E+03 
                3.59719           11.2934E+03 
                3.59843           11.2875E+03 
                3.6003            11.2796E+03 
                3.6031            11.266E+03  
                3.60414           11.2538E+03 
                3.60571           11.2435E+03 
                3.60805           11.2299E+03 
                3.61154           11.2097E+03 
                3.61285           11.193E+03  
                3.61481           11.1803E+03 
                3.61773           11.165E+03  
                3.61883           11.152E+03  
                3.62046           11.1426E+03 
                3.62291           11.1323E+03 
                3.62657           11.1205E+03 
                3.62794           11.1067E+03 
                3.62998           11.1001E+03 
                3.63304           11.0949E+03 
                3.63418           11.0852E+03 
                3.63589           11.0816E+03 
                3.63845           11.0792E+03 
                3.64227           11.076E+03  
                3.6437            11.064E+03  
                3.64583           11.0597E+03 
                3.64902           11.0538E+03 
                3.65021           11.0425E+03 
                3.65199           11.0359E+03 
                3.65466           11.026E+03  
                3.65864           11.0044E+03 
                3.66012           10.9838E+03 
                3.66234           10.9661E+03 
                3.66566           10.937E+03  
                3.66896           10.8985E+03 
                3.67224           10.8556E+03 
                3.67347           10.831E+03  
                3.6753            10.806E+03  
                3.67804           10.7692E+03 
                3.67907           10.7475E+03 
                3.6806            10.7244E+03 
                3.68289           10.6919E+03 
                3.68375           10.6734E+03 
                3.68503           10.6535E+03 
                3.68695           10.6262E+03 
                3.68767           10.611E+03  
                3.68875           10.5944E+03 
                3.69036           10.5723E+03 
                3.69277           10.541E+03  
                3.69367           10.5226E+03 
                3.69501           10.5043E+03 
                3.69703           10.4807E+03 
                3.69778           10.4665E+03 
                3.69891           10.4526E+03 
                3.7006            10.435E+03  
                3.70123           10.4242E+03 
                3.70218           10.4136E+03 
                3.70359           10.4006E+03 
                3.70571           10.3835E+03 
                3.7065            10.3713E+03 
                3.70769           10.3612E+03 
                3.70946           10.3499E+03 
                3.71211           10.3374E+03 
                3.7131            10.3252E+03 
                3.71458           10.3186E+03 
                3.7168            10.3146E+03 




