
                  X             uf-0-90-pro2  

                0.                -0.         
               39.94E-09         128.52E-03   
              319.041E-09        637.802E-03  
                1.70601E-06        1.62497    
                7.53894E-06        3.72589    
               29.9775E-06         7.89869    
              111.812E-06         16.5528     
              399.954E-06         38.1232     
                1.38837E-03      101.012      
                4.70264E-03      296.911      
               15.5512E-03       917.319      
               49.9952E-03         2.85912E+03
              154.626E-03          8.72225E+03
              450.699E-03         25.2247E+03 
              551.162E-03         30.9122E+03 
              661.566E-03         36.6597E+03 
              705.417E-03         38.9844E+03 
              773.588E-03         42.4243E+03 
              799.871E-03         43.8149E+03 
              809.826E-03         44.3357E+03 
              824.857E-03         45.0704E+03 
              826.272E-03         45.1559E+03 
              828.397E-03         45.2649E+03 
              829.195E-03         45.3058E+03 
              830.391E-03         45.3649E+03 
              832.188E-03         45.4523E+03 
              832.637E-03         45.4751E+03 
              833.087E-03         45.4977E+03 
              833.761E-03         45.531E+03  
              834.773E-03         45.5804E+03 
              835.153E-03         45.5993E+03 
              835.723E-03         45.6273E+03 
              836.577E-03         45.6691E+03 
              837.433E-03         45.7109E+03 
              838.288E-03         45.7529E+03 
              839.144E-03         45.7949E+03 
              840.E-03            45.8369E+03 
              840.857E-03         45.879E+03  
              841.714E-03         45.9212E+03 
              842.571E-03         45.9633E+03 
              843.429E-03         46.0055E+03 
              844.287E-03         46.0477E+03 
              845.146E-03         46.09E+03   
              846.004E-03         46.1323E+03 
              847.293E-03         46.1954E+03 
              848.583E-03         46.2589E+03 
              849.874E-03         46.3226E+03 
              851.165E-03         46.3864E+03 
              852.457E-03         46.4501E+03 
              853.751E-03         46.5135E+03 
              855.044E-03         46.5762E+03 
              856.339E-03         46.6374E+03 
              857.635E-03         46.6955E+03 
              858.931E-03         46.7477E+03 
              860.228E-03         46.7897E+03 
              861.527E-03         46.8143E+03 
              862.825E-03         46.8116E+03 
              864.125E-03         46.7686E+03 
              865.426E-03         46.6694E+03 
              866.727E-03         46.496E+03  
              868.029E-03         46.2297E+03 
              869.332E-03         45.853E+03  
              870.636E-03         45.3518E+03 
              871.94E-03          44.7172E+03 
              873.246E-03         43.9474E+03 
              874.552E-03         43.0483E+03 
              875.859E-03         42.0334E+03 
              877.167E-03         40.9225E+03 
              878.476E-03         39.7399E+03 
              879.785E-03         38.5125E+03 
              881.095E-03         37.2667E+03 
              882.406E-03         36.027E+03  
              883.718E-03         34.8139E+03 
              885.031E-03         33.6432E+03 
              886.345E-03         32.5259E+03 
              887.659E-03         31.4682E+03 
              888.974E-03         30.4723E+03 
              890.29E-03          29.5373E+03 
              891.607E-03         28.6599E+03 
              892.924E-03         27.8356E+03 
              894.242E-03         27.0587E+03 
              895.562E-03         26.3232E+03 
              896.881E-03         25.6233E+03 
              898.202E-03         24.9528E+03 
              899.524E-03         24.3062E+03 
              900.846E-03         23.6783E+03 
              902.169E-03         23.065E+03  
              903.493E-03         22.463E+03  
              904.818E-03         21.8704E+03 
              906.143E-03         21.2868E+03 
              907.469E-03         20.7134E+03 
              908.797E-03         20.1528E+03 
              910.124E-03         19.609E+03  
              911.453E-03         19.0871E+03 
              912.783E-03         18.5929E+03 
              914.113E-03         18.1325E+03 
              915.444E-03         17.7116E+03 
              916.776E-03         17.3358E+03 
              918.108E-03         17.0095E+03 
              919.442E-03         16.7361E+03 
              920.776E-03         16.518E+03  
              922.111E-03         16.3559E+03 
              924.115E-03         16.236E+03  
              924.866E-03         16.2094E+03 
              925.995E-03         16.2061E+03 
              927.688E-03         16.2796E+03 
              928.324E-03         16.319E+03  
              929.277E-03         16.4007E+03 
              930.708E-03         16.5721E+03 
              932.856E-03         16.9283E+03 
              935.006E-03         17.3723E+03 
              937.158E-03         17.8874E+03 
              939.312E-03         18.4531E+03 
              941.468E-03         19.0457E+03 
              943.625E-03         19.6423E+03 
              944.435E-03         19.8666E+03 
              945.65E-03          20.197E+03  
              947.474E-03         20.6759E+03 
              950.212E-03         21.3759E+03 
              951.24E-03          21.6393E+03 
              952.782E-03         22.0385E+03 
              955.098E-03         22.6806E+03 
              957.415E-03         23.3911E+03 
              959.735E-03         24.1774E+03 
              962.057E-03         25.0298E+03 
              964.381E-03         25.9248E+03 
              966.708E-03         26.8305E+03 
              969.036E-03         27.7131E+03 
              971.367E-03         28.5417E+03 
              972.242E-03         28.8445E+03 
              973.554E-03         29.2723E+03 
              975.524E-03         29.8455E+03 
              978.482E-03         30.5328E+03 
              979.592E-03         30.7674E+03 
              981.258E-03         31.0599E+03 
              983.76E-03          31.3693E+03 
              986.263E-03         31.5559E+03 
              988.77E-03          31.6263E+03 
              991.278E-03         31.5896E+03 
              993.79E-03          31.4566E+03 
              996.303E-03         31.2394E+03 
              998.819E-03         30.9511E+03 
                1.00134           30.6054E+03 
                1.00386           30.216E+03  
                1.00638           29.7957E+03 
                1.00891           29.3558E+03 
                1.01144           28.9054E+03 
                1.01333           28.5654E+03 
                1.01523           28.224E+03  
                1.01713           27.8827E+03 
                1.01903           27.5418E+03 
                1.02094           27.2008E+03 
                1.02284           26.8584E+03 
                1.02356           26.7305E+03 
                1.02463           26.5369E+03 
                1.02624           26.2428E+03 
                1.02865           25.7923E+03 
                1.02956           25.6234E+03 
                1.03092           25.3655E+03 
                1.03296           24.9713E+03 
                1.03373           24.8236E+03 
                1.03488           24.5997E+03 
                1.0366            24.262E+03  
                1.03725           24.1361E+03 
                1.03822           23.9472E+03 
                1.03967           23.6668E+03 
                1.04022           23.5628E+03 
                1.04104           23.4082E+03 
                1.04227           23.1821E+03 
                1.04273           23.0987E+03 
                1.04343           22.9758E+03 
                1.04446           22.798E+03  
                1.04602           22.5515E+03 
                1.04661           22.4627E+03 
                1.04749           22.337E+03  
                1.0488            22.1684E+03 
                1.0493            22.1086E+03 
                1.05004           22.0259E+03 
                1.05115           21.9195E+03 
                1.05282           21.8055E+03 
                1.05449           21.7423E+03 
                1.05574           21.7255E+03 
                1.057             21.7401E+03 
                1.05825           21.7875E+03 
                1.05872           21.8103E+03 
                1.05943           21.8549E+03 
                1.06049           21.9459E+03 
                1.06208           22.1383E+03 
                1.06267           22.219E+03  
                1.06357           22.3576E+03 
                1.06491           22.6049E+03 
                1.06541           22.7036E+03 
                1.06617           22.864E+03  
                1.0673            23.1317E+03 
                1.069             23.5923E+03 
                1.06964           23.7739E+03 
                1.0706            24.0636E+03 
                1.07204           24.535E+03  
                1.07419           25.3159E+03 
                1.075             25.6197E+03 
                1.07622           26.0944E+03 
                1.07804           26.8432E+03 
                1.08077           28.0225E+03 
                1.0818            28.4726E+03 
                1.08334           29.1553E+03 
                1.08565           30.1807E+03 
                1.08652           30.5657E+03 
                1.08782           31.1374E+03 
                1.08978           31.9721E+03 
                1.09051           32.2823E+03 
                1.09161           32.7367E+03 
                1.09326           33.3881E+03 
                1.09388           33.6285E+03 
                1.09481           33.9774E+03 
                1.0962            34.4712E+03 
                1.09829           35.1344E+03 
                1.10039           35.7102E+03 
                1.10248           36.1882E+03 
                1.10458           36.5599E+03 
                1.10667           36.8184E+03 
                1.10877           36.9586E+03 
                1.11087           36.9775E+03 
                1.11298           36.874E+03  
                1.11508           36.6494E+03 
                1.11718           36.3069E+03 
                1.11929           35.8522E+03 
                1.1214            35.293E+03  
                1.12351           34.639E+03  
                1.12456           34.2904E+03 
                1.12562           33.9204E+03 
                1.1272            33.323E+03  
                1.12779           33.094E+03  
                1.12869           32.7384E+03 
                1.13002           32.1825E+03 
                1.13203           31.3121E+03 
                1.13504           29.9726E+03 
                1.13617           29.4697E+03 
                1.13787           28.7172E+03 
                1.14042           27.6247E+03 
                1.14137           27.2228E+03 
                1.14281           26.6389E+03 
                1.14334           26.4234E+03 
                1.14415           26.1074E+03 
                1.14536           25.6531E+03 
                1.14718           25.0255E+03 
                1.14786           24.7989E+03 
                1.14888           24.4781E+03 
                1.15042           24.0445E+03 
                1.15195           23.6634E+03 
                1.15272           23.4869E+03 
                1.15349           23.3241E+03 
                1.15464           23.112E+03  
                1.15637           22.8704E+03 
                1.15702           22.7913E+03 
                1.15799           22.6974E+03 
                1.15945           22.6133E+03 
                1.16091           22.5875E+03 
                1.16237           22.6197E+03 
                1.16311           22.6507E+03 
                1.16384           22.696E+03  
                1.16493           22.7955E+03 
                1.16535           22.8376E+03 
                1.16596           22.9105E+03 
                1.16689           23.0417E+03 
                1.16828           23.2865E+03 
                1.1688            23.3854E+03 
                1.16958           23.5482E+03 
                1.17076           23.8238E+03 
                1.1712            23.9318E+03 
                1.17186           24.1032E+03 
                1.17285           24.3806E+03 
                1.17433           24.8391E+03 
                1.17489           25.0174E+03 
                1.17573           25.2967E+03 
                1.17698           25.7407E+03 
                1.17746           25.9109E+03 
                1.17816           26.1732E+03 
                1.17922           26.5809E+03 
                1.18081           27.2193E+03 
                1.18141           27.4627E+03 
                1.1823            27.8341E+03 
                1.18365           28.4025E+03 
                1.18566           29.2683E+03 
                1.18642           29.595E+03  
                1.18755           30.0849E+03 
                1.18926           30.8129E+03 
                1.19181           31.8666E+03 
                1.19277           32.2562E+03 
                1.19421           32.8208E+03 
                1.19637           33.612E+03  
                1.19718           33.9012E+03 
                1.19839           34.3135E+03 
                1.20022           34.8787E+03 
                1.2009            35.0836E+03 
                1.20193           35.3721E+03 
                1.20347           35.7607E+03 
                1.20404           35.9006E+03 
                1.20491           36.0955E+03 
                1.20621           36.3538E+03 
                1.20816           36.6627E+03 
                1.2089            36.7681E+03 
                1.20999           36.9004E+03 
                1.21164           37.0414E+03 
                1.21226           37.0868E+03 
                1.21319           37.1365E+03 
                1.21458           37.1708E+03 
                1.2151            37.1785E+03 
                1.21588           37.1774E+03 
                1.21706           37.1483E+03 
                1.2175            37.1339E+03 
                1.21816           37.1036E+03 
                1.21915           37.0397E+03 
                1.22064           36.9045E+03 
                1.2212            36.8489E+03 
                1.22204           36.7534E+03 
                1.2233            36.5851E+03 
                1.22377           36.5189E+03 
                1.22447           36.412E+03  
                1.22554           36.2358E+03 
                1.22713           35.9401E+03 
                1.22773           35.8255E+03 
                1.22862           35.6445E+03 
                1.22997           35.3554E+03 
                1.23198           34.8909E+03 
                1.23274           34.7136E+03 
                1.23388           34.4399E+03 
                1.23558           34.0175E+03 
                1.23622           33.8584E+03 
                1.23718           33.6171E+03 
                1.23862           33.253E+03  
                1.24078           32.712E+03  
                1.24159           32.5111E+03 
                1.2428            32.2135E+03 
                1.24463           31.7811E+03 
                1.24736           31.1798E+03 
                1.24839           30.9629E+03 
                1.24993           30.6552E+03 
                1.25051           30.543E+03  
                1.25138           30.3807E+03 
                1.25268           30.1528E+03 
                1.25317           30.0699E+03 
                1.2539            29.9506E+03 
                1.255             29.7839E+03 
                1.25665           29.563E+03  
                1.25726           29.4849E+03 
                1.25819           29.3771E+03 
                1.25958           29.2372E+03 
                1.26167           29.0784E+03 
                1.26246           29.0268E+03 
                1.26363           28.9652E+03 
                1.2654            28.9088E+03 
                1.26606           28.8933E+03 
                1.26705           28.8812E+03 
                1.26854           28.8878E+03 
                1.27078           28.9525E+03 
                1.27161           28.9852E+03 
                1.27287           29.0501E+03 
                1.27334           29.077E+03  
                1.27405           29.1221E+03 
                1.27511           29.2006E+03 
                1.27671           29.3417E+03 
                1.27731           29.3983E+03 
                1.2782            29.4899E+03 
                1.27955           29.6419E+03 
                1.28157           29.9001E+03 
                1.28233           30.0016E+03 
                1.28346           30.162E+03  
                1.28517           30.4191E+03 
                1.28581           30.5183E+03 
                1.28677           30.6716E+03 
                1.28821           30.9105E+03 
                1.29037           31.2858E+03 
                1.29118           31.4294E+03 
                1.29239           31.6483E+03 
                1.29422           31.9828E+03 
                1.29696           32.4914E+03 
                1.29799           32.6838E+03 
                1.29837           32.7561E+03 
                1.29895           32.8643E+03 
                1.29982           33.0261E+03 
                1.30112           33.2673E+03 
                1.30307           33.6239E+03 
                1.3038            33.7574E+03 
                1.3049            33.9549E+03 
                1.30655           34.2439E+03 
                1.30902           34.6581E+03 
                1.30995           34.8114E+03 
                1.31135           35.0332E+03 
                1.31344           35.3472E+03 
                1.31422           35.4628E+03 
                1.3154            35.6295E+03 
                1.31716           35.8637E+03 
                1.31981           36.1784E+03 
                1.3208            36.2921E+03 
                1.32118           36.3341E+03 
                1.32174           36.3952E+03 
                1.32257           36.4825E+03 
                1.32383           36.6043E+03 
                1.32572           36.7666E+03 
                1.32856           36.9638E+03 
                1.32962           37.0323E+03 
                1.33121           37.1194E+03 
                1.33361           37.2169E+03 
                1.33451           37.2497E+03 
                1.33585           37.288E+03  
                1.33787           37.3228E+03 
                1.33863           37.3333E+03 
                1.33977           37.3418E+03 
                1.34148           37.3391E+03 
                1.34404           37.3035E+03 
                1.345             37.2867E+03 
                1.34644           37.2514E+03 
                1.34861           37.1783E+03 
                1.34942           37.1488E+03 
                1.35064           37.0984E+03 
                1.35246           37.0104E+03 
                1.35521           36.8554E+03 
                1.35623           36.7952E+03 
                1.35778           36.6979E+03 
                1.36009           36.5403E+03 
                1.36096           36.4805E+03 
                1.36227           36.3874E+03 
                1.36422           36.2426E+03 
                1.36716           36.0207E+03 
                1.36826           35.9382E+03 
                1.36867           35.9073E+03 
                1.36929           35.8607E+03 
                1.37022           35.7905E+03 
                1.37162           35.6859E+03 
                1.37371           35.5331E+03 
                1.37449           35.4771E+03 
                1.37567           35.3945E+03 
                1.37744           35.2758E+03 
                1.38009           35.1142E+03 
                1.38108           35.0569E+03 
                1.38258           34.9766E+03 
                1.38482           34.8719E+03 
                1.38566           34.8356E+03 
                1.38692           34.7865E+03 
                1.38881           34.7262E+03 
                1.39165           34.6703E+03 
                1.39271           34.6553E+03 
                1.39431           34.6435E+03 
                1.39491           34.6411E+03 
                1.39581           34.6409E+03 
                1.39715           34.649E+03  
                1.39918           34.6813E+03 
                1.39994           34.6967E+03 
                1.40108           34.726E+03  
                1.40278           34.7841E+03 
                1.40535           34.9034E+03 
                1.40631           34.9534E+03 
                1.40775           35.0376E+03 
                1.40992           35.1847E+03 
                1.41073           35.2434E+03 
                1.41195           35.3372E+03 
                1.41378           35.491E+03  
                1.41446           35.5509E+03 
                1.41549           35.6444E+03 
                1.41703           35.7925E+03 
                1.41935           36.0301E+03 
                1.42022           36.122E+03  
                1.42152           36.2634E+03 
                1.42348           36.4826E+03 
                1.42421           36.5663E+03 
                1.42531           36.6932E+03 
                1.42696           36.8863E+03 
                1.42944           37.1786E+03 
                1.43037           37.2891E+03 
                1.43177           37.454E+03  
                1.43386           37.6979E+03 
                1.437             38.0496E+03 
                1.43818           38.1801E+03 
                1.43994           38.3684E+03 
                1.44259           38.6315E+03 
                1.44657           38.9733E+03 
                1.44807           39.095E+03  
                1.45031           39.2566E+03 
                1.45367           39.4514E+03 
                1.45493           39.5186E+03 
                1.45683           39.6027E+03 
                1.45967           39.6923E+03 
                1.46251           39.7464E+03 
                1.46322           39.7584E+03 
                1.46393           39.7678E+03 
                1.46499           39.7766E+03 
                1.46659           39.7782E+03 
                1.46819           39.7692E+03 
                1.46979           39.7498E+03 
                1.47139           39.7202E+03 
                1.473             39.6809E+03 
                1.4746            39.6324E+03 
                1.4762            39.5751E+03 
                1.4778            39.5097E+03 
                1.4794            39.4368E+03 
                1.48101           39.357E+03  
                1.48261           39.2709E+03 
                1.48422           39.1792E+03 
                1.48582           39.0821E+03 
                1.48743           38.9799E+03 
                1.48903           38.8719E+03 
                1.49064           38.7569E+03 
                1.49224           38.6324E+03 
                1.49385           38.4944E+03 
                1.49546           38.3375E+03 
                1.49706           38.1548E+03 
                1.49867           37.9384E+03 
                1.50028           37.6805E+03 
                1.50189           37.3742E+03 
                1.5035            37.0149E+03 
                1.50511           36.6012E+03 
                1.50672           36.1353E+03 
                1.50833           35.6228E+03 
                1.50994           35.072E+03  
                1.51155           34.4921E+03 
                1.51316           33.8917E+03 
                1.51477           33.2769E+03 
                1.51638           32.6501E+03 
                1.51799           32.0099E+03 
                1.51961           31.3513E+03 
                1.52122           30.6671E+03 
                1.52283           29.9497E+03 
                1.52445           29.1933E+03 
                1.52606           28.3957E+03 
                1.52768           27.5596E+03 
                1.52929           26.6933E+03 
                1.53091           25.8102E+03 
                1.53252           24.9278E+03 
                1.53414           24.066E+03  
                1.53575           23.2451E+03 
                1.53737           22.4833E+03 
                1.53899           21.7955E+03 
                1.54061           21.1914E+03 
                1.54222           20.6749E+03 
                1.54384           20.2441E+03 
                1.54546           19.8917E+03 
                1.54708           19.6062E+03 
                1.5487            19.3733E+03 
                1.55032           19.1772E+03 
                1.55194           19.0026E+03 
                1.55315           18.878E+03  
                1.55437           18.7543E+03 
                1.55558           18.6274E+03 
                1.5568            18.4943E+03 
                1.55802           18.3536E+03 
                1.55923           18.2049E+03 
                1.56045           18.0493E+03 
                1.56167           17.8889E+03 
                1.56288           17.7266E+03 
                1.5641            17.566E+03  
                1.56532           17.4107E+03 
                1.56653           17.2639E+03 
                1.56775           17.1284E+03 
                1.56958           16.9535E+03 
                1.57095           16.8374E+03 
                1.57232           16.7329E+03 
                1.57369           16.6341E+03 
                1.57506           16.5336E+03 
                1.57643           16.4227E+03 
                1.5778            16.293E+03  
                1.57986           16.0336E+03 
                1.58192           15.7002E+03 
                1.58398           15.2977E+03 
                1.58604           14.8447E+03 
                1.5881            14.3696E+03 
                1.58964           14.0149E+03 
                1.59196           13.5323E+03 
                1.59428           13.1378E+03 
                1.5966            12.856E+03  
                1.59892           12.6957E+03 
                1.60124           12.6515E+03 
                1.60473           12.7807E+03 
                1.60821           13.0255E+03 
                1.6117            13.3148E+03 
                1.61518           13.603E+03  
                1.61867           13.8738E+03 
                1.61954           13.9409E+03 
                1.62042           14.0065E+03 
                1.62172           14.102E+03  
                1.62369           14.2437E+03 
                1.62516           14.3517E+03 
                1.62663           14.4638E+03 
                1.62884           14.651E+03  
                1.6305            14.8069E+03 
                1.63133           14.8893E+03 
                1.63216           14.9764E+03 
                1.6334            15.1192E+03 
                1.63465           15.2757E+03 
                1.63589           15.4471E+03 
                1.63714           15.6342E+03 
                1.6376            15.7066E+03 
                1.6383            15.8204E+03 
                1.63935           16.0026E+03 
                1.64093           16.3017E+03 
                1.6425            16.6258E+03 
                1.64408           16.973E+03  
                1.64566           17.3409E+03 
                1.64723           17.7266E+03 
                1.64782           17.8738E+03 
                1.64871           18.0991E+03 
                1.65004           18.4456E+03 
                1.65204           18.9786E+03 
                1.65404           19.5194E+03 
                1.65603           20.0631E+03 
                1.65803           20.6056E+03 
                1.66003           21.1437E+03 
                1.66203           21.6748E+03 
                1.66402           22.1963E+03 
                1.66602           22.7056E+03 
                1.66802           23.1992E+03 
                1.67002           23.6733E+03 
                1.67202           24.1228E+03 
                1.67402           24.5418E+03 
                1.67603           24.9237E+03 
                1.67803           25.2614E+03 
                1.68103           25.6459E+03 
                1.68403           25.8902E+03 
                1.68704           25.9827E+03 
                1.69004           25.9196E+03 
                1.69305           25.7053E+03 
                1.69606           25.3509E+03 
                1.69906           24.8724E+03 
                1.70207           24.2879E+03 
                1.70508           23.6161E+03 
                1.70809           22.8741E+03 
                1.71261           21.6524E+03 
                1.71374           21.3416E+03 
                1.71487           21.0252E+03 
                1.71656           20.5403E+03 
                1.71783           20.1721E+03 
                1.71974           19.6121E+03 
                1.72165           19.0477E+03 
                1.72355           18.4821E+03 
                1.72546           17.9185E+03 
                1.72737           17.3607E+03 
                1.72928           16.8129E+03 
                1.73119           16.2796E+03 
                1.7331            15.7655E+03 
                1.735             15.2757E+03 
                1.73691           14.8156E+03 
                1.73882           14.3903E+03 
                1.74073           14.005E+03  
                1.74264           13.6644E+03 
                1.74551           13.2669E+03 
                1.74981           12.9452E+03 
                1.75411           12.8934E+03 
                1.75734           12.9984E+03 
                1.76056           13.2367E+03 
                1.76379           13.5992E+03 
                1.76702           14.0796E+03 
                1.77187           15.0467E+03 
                1.77671           16.2241E+03 
                1.78156           17.5441E+03 
                1.78641           18.9143E+03 
                1.79126           20.2337E+03 
                1.79611           21.4119E+03 
                1.79733           21.6968E+03 
                1.79915           22.0964E+03 
                1.80097           22.4651E+03 
                1.80279           22.8E+03    
                1.80461           23.0986E+03 
                1.80643           23.3593E+03 
                1.80825           23.5808E+03 
                1.81007           23.7627E+03 
                1.81189           23.9048E+03 
                1.81371           24.0076E+03 
                1.81553           24.0721E+03 
                1.81827           24.0871E+03 
                1.821             24.0263E+03 
                1.82373           23.8965E+03 
                1.82647           23.7052E+03 
                1.8292            23.4602E+03 
                1.83194           23.1697E+03 
                1.83467           22.8421E+03 
                1.83741           22.4859E+03 
                1.84014           22.1092E+03 
                1.84288           21.7201E+03 
                1.84562           21.326E+03  
                1.84835           20.9338E+03 
                1.85109           20.5498E+03 
                1.85383           20.1794E+03 
                1.85656           19.8274E+03 
                1.86067           19.3528E+03 
                1.86478           18.9407E+03 
                1.86786           18.6697E+03 
                1.87094           18.4385E+03 
                1.87402           18.2486E+03 
                1.87711           18.1005E+03 
                1.88019           17.9943E+03 
                1.88327           17.9295E+03 
                1.88636           17.9047E+03 
                1.88944           17.9182E+03 
                1.89252           17.9673E+03 
                1.89715           18.1104E+03 
                1.89946           18.1981E+03 
                1.90178           18.3001E+03 
                1.90525           18.4797E+03 
                1.90612           18.5263E+03 
                1.90698           18.5744E+03 
                1.90829           18.6495E+03 
                1.91024           18.7682E+03 
                1.91097           18.8136E+03 
                1.91207           18.8833E+03 
                1.91372           18.991E+03  
                1.91619           19.1581E+03 
                1.91866           19.3298E+03 
                1.92113           19.5048E+03 
                1.9236            19.6823E+03 
                1.92608           19.8616E+03 
                1.92855           20.0424E+03 
                1.93102           20.2243E+03 
                1.93349           20.4071E+03 
                1.93442           20.4758E+03 
                1.93581           20.579E+03  
                1.9379            20.7342E+03 
                1.93868           20.7925E+03 
                1.93985           20.88E+03   
                1.94161           21.0113E+03 
                1.94425           21.2082E+03 
                1.9469            21.4042E+03 
                1.94954           21.5986E+03 
                1.95218           21.7901E+03 
                1.95482           21.9775E+03 
                1.95746           22.1592E+03 
                1.9601            22.3334E+03 
                1.96274           22.4983E+03 
                1.96538           22.652E+03  
                1.96803           22.7926E+03 
                1.97067           22.9181E+03 
                1.97166           22.963E+03  
                1.97314           23.025E+03  
                1.97537           23.105E+03  
                1.97621           23.1332E+03 
                1.97746           23.171E+03  
                1.97934           23.2175E+03 
                1.98217           23.2625E+03 
                1.98322           23.2759E+03 
                1.98481           23.288E+03  
                1.98719           23.2875E+03 
                1.98808           23.2846E+03 
                1.98942           23.2745E+03 
                1.99143           23.2461E+03 
                1.99444           23.1743E+03 
                1.99557           23.1434E+03 
                1.99727           23.088E+03  
                1.99981           22.9861E+03 
                2.00362           22.7956E+03 
                2.00505           22.719E+03  
                2.0072            22.594E+03  
                2.008             22.5458E+03 
                2.00921           22.4705E+03 
                2.01102           22.3518E+03 
                2.01373           22.1638E+03 
                2.01781           21.8693E+03 
                2.01933           21.7576E+03 
                2.02162           21.5896E+03 
                2.02506           21.3428E+03 
                2.02635           21.2513E+03 
                2.02828           21.1178E+03 
                2.029             21.0683E+03 
                2.03009           20.9957E+03 
                2.03172           20.8908E+03 
                2.03417           20.7453E+03 
                2.03508           20.6924E+03 
                2.03646           20.6175E+03 
                2.03852           20.5163E+03 
                2.0393            20.4799E+03 
                2.04046           20.4292E+03 
                2.0422            20.3626E+03 
                2.04481           20.2856E+03 
                2.04579           20.2599E+03 
                2.04726           20.2293E+03 
                2.04946           20.2017E+03 
                2.05029           20.1938E+03 
                2.05153           20.1881E+03 
                2.05338           20.1933E+03 
                2.05408           20.1971E+03 
                2.05513           20.2072E+03 
                2.05669           20.2324E+03 
                2.05905           20.2925E+03 
                2.05993           20.318E+03  
                2.06125           20.3634E+03 
                2.06324           20.4466E+03 
                2.06398           20.4799E+03 
                2.0651            20.5346E+03 
                2.06677           20.6269E+03 
                2.06928           20.7869E+03 
                2.07023           20.8497E+03 
                2.07164           20.9502E+03 
                2.07376           21.1141E+03 
                2.07455           21.1772E+03 
                2.07574           21.2756E+03 
                2.07753           21.4308E+03 
                2.08021           21.6773E+03 
                2.08122           21.7714E+03 
                2.08273           21.916E+03  
                2.08499           22.1386E+03 
                2.08584           22.2226E+03 
                2.08711           22.3499E+03 
                2.08902           22.5421E+03 
                2.09188           22.8289E+03 
                2.09295           22.9359E+03 
                2.09456           23.0948E+03 
                2.09698           23.3267E+03 
                2.1006            23.6521E+03 
                2.10196           23.7704E+03 
                2.104             23.9386E+03 
                2.10476           24.0003E+03 
                2.1059            24.0895E+03 
                2.10762           24.2152E+03 
                2.1102            24.3833E+03 
                2.11117           24.4432E+03 
                2.11262           24.5261E+03 
                2.11479           24.6338E+03 
                2.11561           24.6716E+03 
                2.11683           24.7229E+03 
                2.11867           24.7869E+03 
                2.12004           24.8275E+03 
                2.12142           24.8605E+03 
                2.12193           24.8718E+03 
                2.12271           24.8863E+03 
                2.12387           24.9027E+03 
                2.12561           24.915E+03  
                2.12626           24.9178E+03 
                2.12724           24.9182E+03 
                2.12871           24.91E+03   
                2.12926           24.9057E+03 
                2.13009           24.8965E+03 
                2.13133           24.8767E+03 
                2.13319           24.8337E+03 
                2.13388           24.8156E+03 
                2.13493           24.7845E+03 
                2.1365            24.729E+03  
                2.13885           24.6271E+03 
                2.13973           24.5862E+03 
                2.14105           24.5194E+03 
                2.14304           24.4082E+03 
                2.14601           24.2199E+03 
                2.14713           24.1463E+03 
                2.1488            24.0305E+03 
                2.15131           23.8473E+03 
                2.15225           23.7772E+03 
                2.15367           23.6699E+03 
                2.15578           23.5059E+03 
                2.15658           23.4439E+03 
                2.15777           23.3505E+03 
                2.15955           23.2105E+03 
                2.16022           23.1579E+03 
                2.16123           23.0794E+03 
                2.16274           22.963E+03  
                2.165             22.7935E+03 
                2.16726           22.631E+03  
                2.16895           22.5138E+03 
                2.17065           22.4021E+03 
                2.17128           22.361E+03  
                2.17224           22.3014E+03 
                2.17367           22.217E+03  
                2.17581           22.1028E+03 
                2.17795           22.002E+03  
                2.1801            21.9156E+03 
                2.18224           21.8447E+03 
                2.18439           21.7897E+03 
                2.18653           21.7514E+03 
                2.18867           21.7299E+03 
                2.19082           21.7255E+03 
                2.19242           21.7318E+03 
                2.19403           21.7476E+03 
                2.19463           21.7548E+03 
                2.19554           21.7687E+03 
                2.19689           21.7964E+03 
                2.19892           21.8526E+03 
                2.20096           21.9227E+03 
                2.20299           22.0062E+03 
                2.20451           22.076E+03  
                2.20604           22.1528E+03 
                2.20661           22.1824E+03 
                2.20747           22.2291E+03 
                2.20875           22.3036E+03 
                2.21068           22.4245E+03 
                2.2114            22.4709E+03 
                2.21249           22.5432E+03 
                2.21412           22.6571E+03 
                2.21473           22.7004E+03 
                2.21564           22.767E+03  
                2.21701           22.8698E+03 
                2.21907           23.0295E+03 
                2.21984           23.0898E+03 
                2.221             23.1818E+03 
                2.22143           23.2164E+03 
                2.22209           23.2686E+03 
                2.22306           23.3478E+03 
                2.22453           23.4674E+03 
                2.22508           23.5122E+03 
                2.2259            23.5796E+03 
                2.22714           23.6809E+03 
                2.2276            23.7187E+03 
                2.22829           23.7755E+03 
                2.22934           23.8603E+03 
                2.2309            23.9862E+03 
                2.23149           24.0331E+03 
                2.23237           24.1028E+03 
                2.23369           24.2058E+03 
                2.23418           24.2441E+03 
                2.23492           24.3009E+03 
                2.23603           24.3847E+03 
                2.23715           24.4666E+03 
                2.2377            24.507E+03  
                2.23826           24.547E+03  
                2.23909           24.6059E+03 
                2.23993           24.6635E+03 
                2.24076           24.7198E+03 
                2.24108           24.7407E+03 
                2.24154           24.7716E+03 
                2.24225           24.817E+03  
                2.2433            24.8829E+03 
                2.24436           24.9463E+03 
                2.24542           25.007E+03  
                2.24647           25.0651E+03 
                2.24753           25.1205E+03 
                2.24858           25.173E+03  
                2.24964           25.2226E+03 
                2.25069           25.2692E+03 
                2.25175           25.3128E+03 
                2.25214           25.3287E+03 
                2.25274           25.3516E+03 
                2.25363           25.3837E+03 
                2.25496           25.4271E+03 
                2.2563            25.4652E+03 
                2.25763           25.4982E+03 
                2.25897           25.5261E+03 
                2.2603            25.5489E+03 
                2.26163           25.5666E+03 
                2.26364           25.5822E+03 
                2.26564           25.587E+03  
                2.26764           25.5815E+03 
                2.26964           25.5662E+03 
                2.27164           25.5418E+03 
                2.27314           25.5185E+03 
                2.27464           25.4906E+03 
                2.27614           25.4585E+03 
                2.27764           25.4224E+03 
                2.27989           25.3604E+03 
                2.28326           25.2527E+03 
                2.28663           25.133E+03  
                2.29              25.0047E+03 
                2.29337           24.8704E+03 
                2.29421           24.836E+03  
                2.29505           24.8016E+03 
                2.29632           24.7498E+03 
                2.29821           24.6717E+03 
                2.29892           24.6421E+03 
                2.29999           24.5978E+03 
                2.30158           24.5316E+03 
                2.30398           24.4334E+03 
                2.30638           24.3368E+03 
                2.30877           24.2425E+03 
                2.31117           24.1515E+03 
                2.31356           24.0642E+03 
                2.31595           23.9813E+03 
                2.31835           23.9034E+03 
                2.32074           23.8311E+03 
                2.32313           23.7648E+03 
                2.32552           23.7049E+03 
                2.32732           23.6635E+03 
                2.32911           23.6262E+03 
                2.3309            23.593E+03  
                2.3327            23.5638E+03 
                2.33449           23.5388E+03 
                2.33717           23.5108E+03 
                2.33986           23.4917E+03 
                2.34255           23.4811E+03 
                2.34355           23.478E+03  
                2.34507           23.4763E+03 
                2.34733           23.4791E+03 
                2.35073           23.4886E+03 
                2.35412           23.4929E+03 
                2.35752           23.4785E+03 
                2.36091           23.4311E+03 
                2.36346           23.3712E+03 
                2.366             23.2842E+03 
                2.36854           23.1695E+03 
                2.37108           23.0304E+03 
                2.3749            22.7951E+03 
                2.37871           22.5688E+03 
                2.38251           22.3873E+03 
                2.38632           22.276E+03  
                2.39013           22.2456E+03 
                2.39583           22.3538E+03 
                2.39726           22.3882E+03 
                2.39868           22.4314E+03 
                2.40082           22.5111E+03 
                2.40296           22.6007E+03 
                2.40509           22.6955E+03 
                2.4067            22.7677E+03 
                2.4091            22.8734E+03 
                2.4115            22.9709E+03 
                2.4139            23.0565E+03 
                2.4163            23.1275E+03 
                2.4187            23.182E+03  
                2.4223            23.2255E+03 
                2.42769           23.2141E+03 
                2.43308           23.1446E+03 
                2.43847           23.0415E+03 
                2.44385           22.9278E+03 
                2.4452            22.8976E+03 
                2.44654           22.8683E+03 
                2.44856           22.8263E+03 
                2.45159           22.769E+03  
                2.45272           22.7476E+03 
                2.45442           22.7185E+03 
                2.45612           22.692E+03  
                2.45782           22.668E+03  
                2.45952           22.6466E+03 
                2.46122           22.6276E+03 
                2.46376           22.6038E+03 
                2.46631           22.5823E+03 
                2.46695           22.5765E+03 
                2.46758           22.571E+03  
                2.46854           22.5633E+03 
                2.46997           22.5518E+03 
                2.4714            22.5396E+03 
                2.47283           22.5262E+03 
                2.47426           22.5111E+03 
                2.47569           22.4939E+03 
                2.47712           22.4741E+03 
                2.47855           22.4512E+03 
                2.47998           22.4248E+03 
                2.48141           22.3945E+03 
                2.48284           22.36E+03   
                2.48427           22.3211E+03 
                2.4857            22.2777E+03 
                2.48784           22.2028E+03 
                2.48998           22.1181E+03 
                2.49212           22.0245E+03 
                2.49292           21.9879E+03 
                2.49373           21.9503E+03 
                2.49493           21.892E+03  
                2.49613           21.8319E+03 
                2.49733           21.77E+03   
                2.49854           21.7067E+03 
                2.49974           21.6424E+03 
                2.50094           21.5772E+03 
                2.50275           21.4789E+03 
                2.50455           21.3801E+03 
                2.505             21.3552E+03 
                2.50567           21.3179E+03 
                2.50669           21.2625E+03 
                2.5077            21.2073E+03 
                2.50872           21.1524E+03 
                2.50973           21.0977E+03 
                2.51074           21.0432E+03 
                2.51175           20.9889E+03 
                2.51277           20.9347E+03 
                2.51429           20.8534E+03 
                2.51656           20.7293E+03 
                2.51884           20.6004E+03 
                2.52111           20.4654E+03 
                2.52339           20.3229E+03 
                2.52566           20.1728E+03 
                2.52794           20.0157E+03 
                2.53134           19.7723E+03 
                2.53475           19.5305E+03 
                2.53816           19.3013E+03 
                2.54156           19.0939E+03 
                2.54326           18.9956E+03 
                2.54496           18.905E+03  
                2.54751           18.786E+03  
                2.54942           18.7052E+03 
                2.55133           18.6326E+03 
                2.55324           18.5667E+03 
                2.55515           18.5058E+03 
                2.55801           18.4183E+03 
                2.56087           18.3261E+03 
                2.56373           18.2222E+03 
                2.56659           18.1016E+03 
                2.56945           17.9619E+03 
                2.57052           17.9059E+03 
                2.57212           17.8167E+03 
                2.57453           17.6709E+03 
                2.57544           17.614E+03  
                2.57679           17.5259E+03 
                2.57882           17.389E+03  
                2.58085           17.2493E+03 
                2.58288           17.1094E+03 
                2.58592           16.909E+03  
                2.58706           16.8346E+03 
                2.58877           16.7292E+03 
                2.59133           16.5878E+03 
                2.5939            16.465E+03  
                2.59646           16.3632E+03 
                2.59902           16.2836E+03 
                2.60158           16.2262E+03 
                2.60414           16.1903E+03 
                2.60669           16.1747E+03 
                2.60925           16.1777E+03 
                2.6118            16.1971E+03 
                2.61276           16.206E+03  
                2.6142            16.2248E+03 
                2.61635           16.2628E+03 
                2.61716           16.2778E+03 
                2.61837           16.3033E+03 
                2.62018           16.3473E+03 
                2.6229            16.4237E+03 
                2.62426           16.4633E+03 
                2.62562           16.5054E+03 
                2.62766           16.5735E+03 
                2.62843           16.5991E+03 
                2.62957           16.6392E+03 
                2.63129           16.7022E+03 
                2.63387           16.801E+03  
                2.63645           16.9017E+03 
                2.63902           17.0029E+03 
                2.63999           17.0401E+03 
                2.64143           17.0964E+03 
                2.64361           17.1797E+03 
                2.64686           17.2972E+03 
                2.64767           17.3249E+03 
                2.64849           17.3525E+03 
                2.6497            17.3932E+03 
                2.65153           17.4515E+03 
                2.65427           17.5316E+03 
                2.65701           17.6039E+03 
                2.65975           17.6689E+03 
                2.66249           17.7264E+03 
                2.66522           17.7752E+03 
                2.66796           17.8133E+03 
                2.67069           17.8377E+03 
                2.67342           17.8457E+03 
                2.67615           17.8343E+03 
                2.67887           17.8018E+03 
                2.6816            17.7472E+03 
                2.68432           17.671E+03  
                2.68705           17.5743E+03 
                2.68977           17.4587E+03 
                2.69248           17.326E+03  
                2.6952            17.1778E+03 
                2.69792           17.0155E+03 
                2.70063           16.8405E+03 
                2.70334           16.6544E+03 
                2.70605           16.4594E+03 
                2.70876           16.2582E+03 
                2.70944           16.2067E+03 
                2.71011           16.1553E+03 
                2.71113           16.0783E+03 
                2.71265           15.9629E+03 
                2.71417           15.8476E+03 
                2.71569           15.7333E+03 
                2.71721           15.6207E+03 
                2.71949           15.4592E+03 
                2.72177           15.3066E+03 
                2.72405           15.165E+03  
                2.72633           15.0358E+03 
                2.7286            14.9185E+03 
                2.73087           14.8103E+03 
                2.73315           14.7054E+03 
                2.73542           14.5953E+03 
                2.73769           14.4699E+03 
                2.73995           14.3199E+03 
                2.74222           14.1399E+03 
                2.74392           13.9872E+03 
                2.74562           13.8198E+03 
                2.74732           13.6423E+03 
                2.74901           13.4623E+03 
                2.75071           13.2891E+03 
                2.75241           13.1331E+03 
                2.7541            13.0045E+03 
                2.7558            12.9115E+03 
                2.75749           12.8601E+03 
                2.75918           12.8522E+03 
                2.76088           12.8866E+03 
                2.76257           12.9583E+03 
                2.76426           13.0593E+03 
                2.76595           13.1798E+03 
                2.76764           13.3089E+03 
                2.76933           13.4356E+03 
                2.77101           13.5494E+03 
                2.7727            13.6411E+03 
                2.77439           13.7027E+03 
                2.77607           13.728E+03  
                2.77734           13.7242E+03 
                2.7786            13.6964E+03 
                2.77986           13.6434E+03 
                2.78113           13.5647E+03 
                2.78239           13.4602E+03 
                2.78365           13.3306E+03 
                2.78491           13.177E+03  
                2.7868            12.9003E+03 
                2.78869           12.5862E+03 
                2.79058           12.2464E+03 
                2.79247           11.893E+03  
                2.79436           11.5377E+03 
                2.79624           11.1908E+03 
                2.79813           10.8609E+03 
                2.80001           10.555E+03  
                2.8019            10.2789E+03 
                2.80378           10.0379E+03 
                2.80566            9.83691E+03
                2.80754            9.68083E+03
                2.80942            9.57406E+03
                2.8113             9.51986E+03
                2.81318            9.51961E+03
                2.81505            9.57227E+03
                2.81693            9.67428E+03
                2.8188             9.82002E+03
                2.82068           10.0026E+03 
                2.82255           10.2151E+03 
                2.82348           10.3274E+03 
                2.82442           10.4457E+03 
                2.82477           10.4907E+03 
                2.8253            10.56E+03   
                2.82609           10.6674E+03 
                2.82727           10.835E+03  
                2.82845           11.0076E+03 
                2.82964           11.1846E+03 
                2.83082           11.3656E+03 
                2.832             11.55E+03   
                2.83318           11.7371E+03 
                2.83436           11.9259E+03 
                2.83554           12.1152E+03 
                2.83672           12.3035E+03 
                2.8379            12.4888E+03 
                2.83908           12.669E+03  
                2.84026           12.8417E+03 
                2.84144           13.0046E+03 
                2.84262           13.1556E+03 
                2.84306           13.2101E+03 
                2.84372           13.2878E+03 
                2.84471           13.3941E+03 
                2.8462            13.5286E+03 
                2.84769           13.638E+03  
                2.84918           13.7248E+03 
                2.85067           13.7929E+03 
                2.85215           13.8471E+03 
                2.85364           13.8926E+03 
                2.85513           13.9347E+03 
                2.85661           13.9778E+03 
                2.85809           14.0256E+03 
                2.85958           14.0806E+03 
                2.86106           14.1438E+03 
                2.86254           14.2152E+03 
                2.86402           14.2935E+03 
                2.86551           14.3769E+03 
                2.86662           14.4411E+03 
                2.86773           14.5063E+03 
                2.86814           14.5305E+03 
                2.86877           14.5671E+03 
                2.8697            14.6215E+03 
                2.8711            14.6993E+03 
                2.87251           14.7708E+03 
                2.87391           14.8341E+03 
                2.87531           14.8877E+03 
                2.87671           14.9301E+03 
                2.87811           14.9598E+03 
                2.87864           14.9686E+03 
                2.87942           14.9779E+03 
                2.8806            14.9815E+03 
                2.88105           14.981E+03  
                2.88171           14.9769E+03 
                2.88271           14.9625E+03 
                2.88345           14.9466E+03 
                2.88457           14.9116E+03 
                2.88569           14.8648E+03 
                2.88681           14.8061E+03 
                2.88723           14.7821E+03 
                2.88786           14.7427E+03 
                2.8888            14.6756E+03 
                2.89021           14.5577E+03 
                2.89163           14.4235E+03 
                2.89304           14.275E+03  
                2.89445           14.115E+03  
                2.89586           13.9463E+03 
                2.89727           13.7724E+03 
                2.89868           13.5964E+03 
                2.90009           13.4219E+03 
                2.9015            13.2522E+03 
                2.90291           13.0904E+03 
                2.90344           13.0305E+03 
                2.90423           12.9445E+03 
                2.90542           12.8248E+03 
                2.90586           12.7809E+03 
                2.90653           12.7185E+03 
                2.90753           12.6329E+03 
                2.90903           12.5233E+03 
                2.90959           12.4842E+03 
                2.91044           12.432E+03  
                2.9117            12.3678E+03 
                2.9136            12.3004E+03 
                2.91549           12.2587E+03 
                2.91597           12.2491E+03 
                2.91668           12.2388E+03 
                2.91774           12.2311E+03 
                2.91934           12.2341E+03 
                2.91994           12.2364E+03 
                2.92084           12.2441E+03 
                2.92218           12.2635E+03 
                2.92269           12.2712E+03 
                2.92344           12.2851E+03 
                2.92458           12.3098E+03 
                2.92543           12.3297E+03 
                2.9267            12.3627E+03 
                2.92798           12.3972E+03 
                2.92925           12.4322E+03 
                2.93053           12.467E+03  
                2.9318            12.5005E+03 
                2.93308           12.5319E+03 
                2.93435           12.5603E+03 
                2.93483           12.5702E+03 
                2.93554           12.5841E+03 
                2.93661           12.6023E+03 
                2.93822           12.6218E+03 
                2.93862           12.6255E+03 
                2.93903           12.6288E+03 
                2.93963           12.6327E+03 
                2.94053           12.636E+03  
                2.94189           12.6339E+03 
                2.94324           12.6241E+03 
                2.9446            12.6069E+03 
                2.9451            12.599E+03  
                2.94587           12.5854E+03 
                2.94701           12.5608E+03 
                2.94744           12.5506E+03 
                2.94808           12.5341E+03 
                2.94904           12.5071E+03 
                2.95048           12.4619E+03 
                2.95193           12.4129E+03 
                2.95337           12.362E+03  
                2.95481           12.3111E+03 
                2.95625           12.2619E+03 
                2.95769           12.2161E+03 
                2.95913           12.1754E+03 
                2.96056           12.1412E+03 
                2.962             12.1148E+03 
                2.96344           12.0969E+03 
                2.9638            12.0926E+03 
                2.96416           12.0889E+03 
                2.96469           12.085E+03  
                2.9655            12.0825E+03 
                2.96631           12.0832E+03 
                2.96712           12.087E+03  
                2.96792           12.0939E+03 
                2.96822           12.0967E+03 
                2.96868           12.1021E+03 
                2.96936           12.1126E+03 
                2.97038           12.1335E+03 
                2.9714            12.1588E+03 
                2.97216           12.18E+03   
                2.97293           12.2037E+03 
                2.97321           12.2127E+03 
                2.97364           12.2271E+03 
                2.97429           12.2505E+03 
                2.97525           12.2891E+03 
                2.97562           12.3037E+03 
                2.97616           12.3267E+03 
                2.97697           12.3634E+03 
                2.97728           12.3773E+03 
                2.97774           12.3987E+03 
                2.97842           12.4322E+03 
                2.97946           12.485E+03  
                2.98049           12.5395E+03 
                2.98151           12.5956E+03 




