
                  X              uf-45-pro2   

                0.                -0.         
               39.94E-09         118.008E-03  
              319.041E-09        563.39E-03   
                1.70601E-06        1.37077    
                7.53894E-06        3.04476    
               29.9775E-06         6.30321    
              111.812E-06         12.3566     
              399.954E-06         24.2801     
                1.38837E-03       52.3104     
                4.70264E-03      130.082      
               15.5512E-03       363.36       
               49.9952E-03         1.07528E+03
              154.626E-03          3.20108E+03
              450.699E-03          9.17332E+03
              605.155E-03         12.3708E+03 
              876.892E-03         17.1264E+03 
              951.558E-03         18.3971E+03 
                1.02862           19.3805E+03 
                1.04825           19.672E+03  
                1.05317           19.7439E+03 
                1.05502           19.769E+03  
                1.0578            19.8015E+03 
                1.06197           19.8481E+03 
                1.06354           19.8674E+03 
                1.06589           19.8941E+03 
                1.06942           19.9326E+03 
                1.07074           19.9485E+03 
                1.07273           19.9706E+03 
                1.07571           20.0023E+03 
                1.07683           20.0152E+03 
                1.07851           20.0334E+03 
                1.08103           20.0595E+03 
                1.08482           20.0975E+03 
                1.08624           20.1132E+03 
                1.08838           20.1349E+03 
                1.09158           20.1656E+03 
                1.09639           20.2105E+03 
                1.0982            20.2294E+03 
                1.10091           20.255E+03  
                1.10498           20.2918E+03 
                1.10651           20.3073E+03 
                1.1088            20.3284E+03 
                1.11224           20.3589E+03 
                1.11353           20.3716E+03 
                1.11547           20.3893E+03 
                1.11839           20.4146E+03 
                1.12276           20.4518E+03 
                1.1244            20.4675E+03 
                1.12686           20.4887E+03 
                1.13056           20.5187E+03 
                1.13611           20.5614E+03 
                1.1382            20.5796E+03 
                1.14133           20.6033E+03 
                1.14251           20.613E+03  
                1.14427           20.626E+03  
                1.14691           20.6443E+03 
                1.15089           20.6703E+03 
                1.15238           20.6815E+03 
                1.15462           20.6962E+03 
                1.15798           20.7164E+03 
                1.15924           20.725E+03  
                1.16113           20.7365E+03 
                1.16397           20.7521E+03 
                1.16823           20.774E+03  
                1.16983           20.7837E+03 
                1.17224           20.796E+03  
                1.17584           20.8123E+03 
                1.1772            20.8195E+03 
                1.17923           20.8287E+03 
                1.18228           20.8406E+03 
                1.18342           20.8459E+03 
                1.18514           20.8526E+03 
                1.18771           20.8611E+03 
                1.19158           20.8716E+03 
                1.19303           20.8767E+03 
                1.19521           20.882E+03  
                1.19848           20.8872E+03 
                1.19971           20.89E+03   
                1.20155           20.8923E+03 
                1.20431           20.8935E+03 
                1.20535           20.8945E+03 
                1.20691           20.8947E+03 
                1.20924           20.8929E+03 
                1.21012           20.8926E+03 
                1.21143           20.8912E+03 
                1.21341           20.8874E+03 
                1.21637           20.8786E+03 
                1.21748           20.8758E+03 
                1.21914           20.8699E+03 
                1.22165           20.8578E+03 
                1.22259           20.8535E+03 
                1.22399           20.8457E+03 
                1.22611           20.8312E+03 
                1.22928           20.8034E+03 
                1.23047           20.7931E+03 
                1.23226           20.7745E+03 
                1.23494           20.7404E+03 
                1.23594           20.7276E+03 
                1.23745           20.7057E+03 
                1.23972           20.6675E+03 
                1.24057           20.6531E+03 
                1.24184           20.6293E+03 
                1.24375           20.5893E+03 
                1.24663           20.5197E+03 
                1.2477            20.4931E+03 
                1.24932           20.4491E+03 
                1.25175           20.3747E+03 
                1.25266           20.3464E+03 
                1.25402           20.3007E+03 
                1.25607           20.2255E+03 
                1.25915           20.0972E+03 
                1.2603            20.0479E+03 
                1.26203           19.9676E+03 
                1.26463           19.8337E+03 
                1.26561           19.7823E+03 
                1.26707           19.7001E+03 
                1.26926           19.5655E+03 
                1.27256           19.3366E+03 
                1.2738            19.2478E+03 
                1.27565           19.1043E+03 
                1.27844           18.8656E+03 
                1.28122           18.6026E+03 
                1.28401           18.3133E+03 
                1.2868            17.9956E+03 
                1.28959           17.6477E+03 
                1.29238           17.2677E+03 
                1.29343           17.1213E+03 
                1.29501           16.8901E+03 
                1.29736           16.5176E+03 
                1.30091           15.899E+03  
                1.30445           15.2191E+03 
                1.308             14.4768E+03 
                1.31155           13.6729E+03 
                1.3151            12.8099E+03 
                1.31866           11.8915E+03 
                1.32222           10.9223E+03 
                1.32578            9.90721E+03
                1.32935            8.85129E+03
                1.33291            7.76037E+03
                1.33648            6.64162E+03
                1.34006            5.50446E+03
                1.34363            4.36133E+03
                1.34721            3.22802E+03
                1.35079            2.12346E+03
                1.35437            1.069E+03  
                1.35796           87.3141     
                1.36335           -1.14924E+03
                1.36604           -1.69809E+03
                1.36874           -2.17212E+03
                1.37143           -2.56406E+03
                1.37413           -2.86828E+03
                1.37683           -3.08078E+03
                1.37953           -3.19915E+03
                1.38224           -3.22256E+03
                1.38494           -3.15168E+03
                1.38765           -2.98862E+03
                1.39035           -2.73677E+03
                1.39442           -2.17654E+03
                1.39848           -1.45349E+03
                1.40255         -592.021      
                1.40663          381.443      
                1.4107             1.43893E+03
                1.41172            1.70897E+03
                1.41274            1.98302E+03
                1.41427            2.40168E+03
                1.41542            2.71973E+03
                1.41657            3.04107E+03
                1.41772            3.36509E+03
                1.41815            3.48705E+03
                1.41879            3.67056E+03
                1.41976            3.94676E+03
                1.42122            4.36203E+03
                1.42267            4.7772E+03 
                1.42412            5.19094E+03
                1.42558            5.60191E+03
                1.42704            6.00883E+03
                1.42849            6.41047E+03
                1.42995            6.80562E+03
                1.4314             7.1931E+03 
                1.43286            7.5718E+03 
                1.43432            7.94064E+03
                1.43578            8.29857E+03
                1.43723            8.64463E+03
                1.43869            8.9779E+03 
                1.44015            9.29753E+03
                1.44161            9.60275E+03
                1.44307            9.89287E+03
                1.44453           10.1673E+03 
                1.44599           10.4255E+03 
                1.44745           10.667E+03  
                1.44891           10.8917E+03 
                1.45037           11.0993E+03 
                1.45184           11.2897E+03 
                1.4533            11.463E+03  
                1.45476           11.6193E+03 
                1.45622           11.7589E+03 
                1.45769           11.8822E+03 
                1.45915           11.9896E+03 
                1.4597            12.0278E+03 
                1.46052           12.0801E+03 
                1.46176           12.1477E+03 
                1.46361           12.2259E+03 
                1.46547           12.2825E+03 
                1.46732           12.3183E+03 
                1.46918           12.3341E+03 
                1.47103           12.3308E+03 
                1.47173           12.327E+03  
                1.47277           12.3154E+03 
                1.47434           12.2844E+03 
                1.47669           12.209E+03  
                1.47904           12.1054E+03 
                1.4814            11.9741E+03 
                1.48375           11.8158E+03 
                1.48611           11.6319E+03 
                1.48846           11.424E+03  
                1.49082           11.1945E+03 
                1.49317           10.9456E+03 
                1.49553           10.6799E+03 
                1.49789           10.3997E+03 
                1.50025           10.1074E+03 
                1.50261            9.8046E+03 
                1.50497            9.49268E+03
                1.50733            9.17251E+03
                1.50822            9.05163E+03
                1.50955            8.86752E+03
                1.51154            8.58574E+03
                1.51454            8.15106E+03
                1.51753            7.70511E+03
                1.52053            7.24839E+03
                1.52352            6.78233E+03
                1.52652            6.30928E+03
                1.52952            5.83239E+03
                1.53252            5.35552E+03
                1.53552            4.883E+03  
                1.53853            4.41947E+03
                1.54153            3.96964E+03
                1.54454            3.53826E+03
                1.54754            3.12997E+03
                1.55055            2.74938E+03
                1.55356            2.40099E+03
                1.55657            2.08927E+03
                1.55958            1.81859E+03
                1.5626             1.59314E+03
                1.56561            1.41685E+03
                1.56863            1.29327E+03
                1.56976            1.25482E+03
                1.57145            1.21428E+03
                1.574              1.19409E+03
                1.57782            1.25858E+03
                1.58164            1.41873E+03
                1.58547            1.67236E+03
                1.58929            2.01543E+03
                1.59312            2.44207E+03
                1.59695            2.94475E+03
                1.60078            3.51446E+03
                1.60461            4.14048E+03
                1.60845            4.80726E+03
                1.61229            5.49744E+03
                1.61612            6.2002E+03 
                1.61996            6.91006E+03
                1.6238             7.61608E+03
                1.62765            8.30671E+03
                1.63149            8.96783E+03
                1.63534            9.58606E+03
                1.63919           10.15E+03   
                1.64304           10.6516E+03 
                1.64689           11.0862E+03 
                1.65074           11.4501E+03 
                1.65459           11.74E+03   
                1.65845           11.9506E+03 
                1.66231           12.0807E+03 
                1.66617           12.1305E+03 
                1.67003           12.101E+03  
                1.67389           11.9943E+03 
                1.67775           11.8129E+03 
                1.68161           11.5598E+03 
                1.68548           11.2385E+03 
                1.68838           10.961E+03  
                1.69128           10.6484E+03 
                1.69418           10.3027E+03 
                1.69709            9.92602E+03
                1.69999            9.52053E+03
                1.70289            9.08847E+03
                1.7058             8.63217E+03
                1.7087             8.15401E+03
                1.70943            8.03336E+03
                1.71052            7.84938E+03
                1.71215            7.56711E+03
                1.71461            7.13149E+03
                1.71522            7.02203E+03
                1.71583            6.91185E+03
                1.71675            6.74498E+03
                1.71813            6.49138E+03
                1.7202             6.10476E+03
                1.72098            5.95912E+03
                1.72215            5.73888E+03
                1.72389            5.40517E+03
                1.72455            5.2797E+03 
                1.72553            5.09057E+03
                1.72701            4.80514E+03
                1.72756            4.69796E+03
                1.72839            4.53674E+03
                1.72963            4.29406E+03
                1.7315             3.92887E+03
                1.73337            3.56328E+03
                1.73524            3.19783E+03
                1.7371             2.83305E+03
                1.73897            2.46949E+03
                1.74084            2.1077E+03 
                1.74271            1.74824E+03
                1.74411            1.48025E+03
                1.74551            1.21402E+03
                1.74604            1.11449E+03
                1.74683          965.805      
                1.74801          744.263      
                1.74979          415.989      
                1.75156           92.4728     
                1.75334         -225.714      
                1.75467         -461.052      
                1.756           -692.903      
                1.7565          -779.295      
                1.75725         -907.727      
                1.75837           -1.09761E+03
                1.76006           -1.37557E+03
                1.76174           -1.64598E+03
                1.76343           -1.90836E+03
                1.76512           -2.16226E+03
                1.7668            -2.40724E+03
                1.76849           -2.64291E+03
                1.77018           -2.86889E+03
                1.77187           -3.0848E+03 
                1.77355           -3.2903E+03 
                1.77524           -3.48503E+03
                1.77693           -3.6686E+03 
                1.77862           -3.84063E+03
                1.7803            -4.00067E+03
                1.78199           -4.1483E+03 
                1.78284           -4.21888E+03
                1.78368           -4.28625E+03
                1.78495           -4.37997E+03
                1.78621           -4.46605E+03
                1.78748           -4.54432E+03
                1.78875           -4.61461E+03
                1.78922           -4.63981E+03
                1.78994           -4.67505E+03
                1.79101           -4.72214E+03
                1.79261           -4.77958E+03
                1.79301           -4.79306E+03
                1.79341           -4.8057E+03 
                1.79401           -4.82281E+03
                1.79491           -4.84428E+03
                1.79627           -4.86713E+03
                1.79678           -4.87433E+03
                1.79754           -4.88218E+03
                1.79868           -4.88744E+03
                1.79911           -4.88846E+03
                1.79975           -4.88794E+03
                1.80071           -4.88264E+03
                1.80216           -4.86466E+03
                1.8027            -4.85646E+03
                1.80352           -4.84106E+03
                1.80474           -4.8111E+03 
                1.80519           -4.79887E+03
                1.80588           -4.77837E+03
                1.80691           -4.74287E+03
                1.80845           -4.67904E+03
                1.80903           -4.65356E+03
                1.8099            -4.61205E+03
                1.8112            -4.54247E+03
                1.81169           -4.51532E+03
                1.81243           -4.4723E+03 
                1.81353           -4.40274E+03
                1.81518           -4.2874E+03 
                1.81579           -4.24256E+03
                1.81672           -4.17194E+03
                1.81812           -4.05886E+03
                1.81864           -4.01542E+03
                1.81942           -3.94809E+03
                1.8206            -3.84246E+03
                1.82236           -3.67424E+03
                1.82302           -3.60975E+03
                1.82401           -3.51012E+03
                1.8255            -3.35456E+03
                1.82606           -3.29532E+03
                1.82689           -3.20461E+03
                1.82815           -3.06449E+03
                1.83003           -2.84532E+03
                1.83074           -2.76181E+03
                1.8318            -2.63375E+03
                1.83338           -2.43545E+03
                1.83398           -2.36016E+03
                1.83487           -2.24526E+03
                1.83622           -2.06854E+03
                1.83672           -2.00163E+03
                1.83747           -1.89987E+03
                1.8386            -1.74421E+03
                1.8403            -1.50407E+03
                1.84094           -1.41305E+03
                1.84189           -1.27449E+03
                1.84333           -1.06242E+03
                1.84547         -735.749      
                1.84628         -612.016      
                1.84749         -424.096      
                1.8493          -137.842      
                1.84998          -29.8672     
                1.851            133.209      
                1.85253          379.735      
                1.85311          472.461      
                1.85397          611.984      
                1.85526          821.853      
                1.85719            1.13678E+03
                1.85913            1.45068E+03
                1.86058            1.68502E+03
                1.86204            1.91771E+03
                1.86258            2.00473E+03
                1.8634             2.13459E+03
                1.86463            2.3275E+03 
                1.86647            2.61168E+03
                1.8683             2.88971E+03
                1.87014            3.16048E+03
                1.87198            3.42284E+03
                1.87382            3.67561E+03
                1.87566            3.91761E+03
                1.8775             4.14762E+03
                1.87934            4.36444E+03
                1.88118            4.56695E+03
                1.88187            4.64086E+03
                1.88291            4.74687E+03
                1.88446            4.89427E+03
                1.88504            4.94791E+03
                1.88592            5.02458E+03
                1.88723            5.13079E+03
                1.88919            5.26956E+03
                1.88993            5.31875E+03
                1.89104            5.38599E+03
                1.8927             5.47195E+03
                1.89518            5.56829E+03
                1.89612            5.59995E+03
                1.89752            5.63744E+03
                1.89962            5.67223E+03
                1.9004             5.68238E+03
                1.90159            5.69116E+03
                1.90336            5.69062E+03
                1.90602            5.6619E+03 
                1.91               5.56487E+03
                1.9115             5.52147E+03
                1.91374            5.44156E+03
                1.91458            5.40964E+03
                1.91584            5.3575E+03 
                1.91774            5.2702E+03 
                1.91845            5.23626E+03
                1.91951            5.18272E+03
                1.92111            5.09671E+03
                1.92171            5.0637E+03 
                1.92261            5.01252E+03
                1.92395            4.93207E+03
                1.92598            4.80382E+03
                1.92673            4.75472E+03
                1.92787            4.67887E+03
                1.92958            4.56038E+03
                1.93022            4.51533E+03
                1.93118            4.4464E+03 
                1.93262            4.34018E+03
                1.93477            4.1755E+03 
                1.93558            4.11308E+03
                1.9368             4.01808E+03
                1.93862            3.87312E+03
                1.9393             3.81847E+03
                1.94033            3.73595E+03
                1.94187            3.6113E+03 
                1.94244            3.56448E+03
                1.94331            3.49411E+03
                1.9446             3.38852E+03
                1.94509            3.34893E+03
                1.94582            3.28962E+03
                1.94692            3.20095E+03
                1.94856            3.06906E+03
                1.94917            3.01979E+03
                1.9501             2.94638E+03
                1.95148            2.83757E+03
                1.952              2.79696E+03
                1.95278            2.73653E+03
                1.95395            2.64705E+03
                1.9557             2.51577E+03
                1.95636            2.46697E+03
                1.95735            2.39478E+03
                1.95883            2.28884E+03
                1.95938            2.24945E+03
                1.96021            2.19114E+03
                1.96146            2.10544E+03
                1.96334            1.98098E+03
                1.96404            1.93489E+03
                1.96509            1.86711E+03
                1.96667            1.76845E+03
                1.96726            1.73188E+03
                1.96815            1.67803E+03
                1.96949            1.5995E+03 
                1.96999            1.57037E+03
                1.97074            1.52742E+03
                1.97186            1.46469E+03
                1.97355            1.37459E+03
                1.97418            1.34138E+03
                1.97513            1.29289E+03
                1.97655            1.22329E+03
                1.97709            1.19763E+03
                1.97789            1.1602E+03 
                1.97909            1.10648E+03
                1.98089            1.03175E+03
                1.98157            1.00456E+03
                1.98258          965.761      
                1.9841           912.207      
                1.98467          892.782      
                1.98553          865.202      
                1.98681          827.428      
                1.98874          779.265      
                1.98946          762.411      
                1.99054          739.956      
                1.99216          712.768      
                1.99277          703.484      
                1.99369          691.685      
                1.99506          678.803      
                1.99557          674.642      
                1.99634          669.964      
                1.9975           666.449      
                1.99923          669.099      
                1.99988          671.195      
                2.00086          676.875      
                2.00232          691.039      
                2.00287          697.128      
                2.00369          708.053      
                2.00493          728.41       
                2.00678          767.728      
                2.00747          783.681      
                2.00851          810.378      
                2.01008          856.468      
                2.01066          874.579      
                2.01154          903.65       
                2.01286          951.421      
                2.01484            1.03212E+03
                2.01558            1.06362E+03
                2.01669            1.11369E+03
                2.01836            1.1949E+03 
                2.02086            1.32961E+03
                2.0218             1.38187E+03
                2.02321            1.46422E+03
                2.02532            1.59593E+03
                2.02611            1.64642E+03
                2.0273             1.72466E+03
                2.02908            1.84715E+03
                2.02975            1.89376E+03
                2.03075            1.96524E+03
                2.03225            2.07563E+03
                2.03282            2.11744E+03
                2.03366            2.18112E+03
                2.03493            2.27861E+03
                2.03683            2.42858E+03
                2.03755            2.48528E+03
                2.03862            2.5714E+03 
                2.04022            2.70247E+03
                2.04082            2.75184E+03
                2.04173            2.82642E+03
                2.04308            2.93914E+03
                2.04359            2.98149E+03
                2.04435            3.04524E+03
                2.04549            3.14118E+03
                2.04721            3.28518E+03
                2.04785            3.33914E+03
                2.04881            3.42E+03   
                2.05026            3.54071E+03
                2.0508             3.58585E+03
                2.05161            3.65333E+03
                2.05283            3.7538E+03 
                2.05466            3.9021E+03 
                2.05535            3.9573E+03 
                2.05638            4.03922E+03
                2.05792            4.15965E+03
                2.0585             4.20443E+03
                2.05937            4.27075E+03
                2.06067            4.36811E+03
                2.06263            4.50854E+03
                2.06336            4.56033E+03
                2.06446            4.63612E+03
                2.06611            4.74497E+03
                2.06672            4.78505E+03
                2.06765            4.84357E+03
                2.06904            4.92742E+03
                2.06956            4.95827E+03
                2.07035            5.00327E+03
                2.07152            5.0677E+03 
                2.07328            5.15694E+03
                2.07394            5.1893E+03 
                2.07493            5.23543E+03
                2.07641            5.29889E+03
                2.07697            5.32183E+03
                2.07781            5.35441E+03
                2.07906            5.39898E+03
                2.08094            5.4558E+03 
                2.08282            5.50231E+03
                2.0847             5.53828E+03
                2.08658            5.56352E+03
                2.08799            5.57631E+03
                2.08939            5.58295E+03
                2.09045            5.5844E+03 
                2.09204            5.5787E+03 
                2.09362            5.56499E+03
                2.09521            5.54324E+03
                2.09679            5.51345E+03
                2.09838            5.47566E+03
                2.09996            5.42991E+03
                2.10155            5.37628E+03
                2.10214            5.35502E+03
                2.10303            5.32072E+03
                2.10437            5.26382E+03
                2.10637            5.16645E+03
                2.10738            5.11472E+03
                2.10838            5.06007E+03
                2.10988            4.9717E+03 
                2.11214            4.82522E+03
                2.11298            4.76826E+03
                2.11425            4.67867E+03
                2.11616            4.53517E+03
                2.11687            4.48002E+03
                2.11794            4.39457E+03
                2.11955            4.26043E+03
                2.12195            4.04652E+03
                2.12256            3.99215E+03
                2.12316            3.93705E+03
                2.12406            3.85275E+03
                2.12541            3.72269E+03
                2.12745            3.51983E+03
                2.12948            3.30957E+03
                2.13151            3.09237E+03
                2.13354            2.8687E+03 
                2.13557            2.63905E+03
                2.1376             2.40389E+03
                2.13963            2.16376E+03
                2.14166            1.9192E+03 
                2.14369            1.6708E+03 
                2.14572            1.41913E+03
                2.14775            1.16483E+03
                2.14978          908.495      
                2.15054          812.032      
                2.15168          666.99       
                2.1534           448.881      
                2.15404          366.948      
                2.155            244.035      
                2.15644           59.776      
                2.15861         -215.612      
                2.16078         -489.255      
                2.16294         -760.218      
                2.16511           -1.02757E+03
                2.16727           -1.29038E+03
                2.16944           -1.5477E+03 
                2.17161           -1.79858E+03
                2.17377           -2.04207E+03
                2.17594           -2.27723E+03
                2.17675           -2.3643E+03 
                2.17796           -2.49185E+03
                2.17979           -2.676E+03  
                2.18253           -2.93449E+03
                2.18527           -3.17375E+03
                2.18801           -3.39216E+03
                2.19006           -3.5437E+03 
                2.19211           -3.68226E+03
                2.19416           -3.80736E+03
                2.19724           -3.96302E+03
                2.20032           -4.08567E+03
                2.20263           -4.15868E+03
                2.20494           -4.21209E+03
                2.20725           -4.24565E+03
                2.20955           -4.25915E+03
                2.21301           -4.23381E+03
                2.21647           -4.16344E+03
                2.21993           -4.04865E+03
                2.22339           -3.89062E+03
                2.22685           -3.69102E+03
                2.2303            -3.45191E+03
                2.23376           -3.17572E+03
                2.23722           -2.86517E+03
                2.24067           -2.52325E+03
                2.24412           -2.15315E+03
                2.24758           -1.7582E+03 
                2.25103           -1.34184E+03
                2.25189           -1.23676E+03
                2.25275           -1.13033E+03
                2.25405         -967.881      
                2.25599         -718.857      
                2.2589          -335.714      
                2.26181           54.6798     
                2.26472          450.368      
                2.26763          849.312      
                2.27053            1.24947E+03
                2.27344            1.64883E+03
                2.27635            2.04539E+03
                2.27925            2.43721E+03
                2.28216            2.82235E+03
                2.28506            3.19895E+03
                2.28797            3.56515E+03
                2.29087            3.91919E+03
                2.29377            4.25934E+03
                2.29668            4.58395E+03
                2.29958            4.89147E+03
                2.30248            5.18041E+03
                2.30538            5.44941E+03
                2.30828            5.69722E+03
                2.31117            5.92268E+03
                2.31226            6.00375E+03
                2.31389            6.11838E+03
                2.31633            6.27334E+03
                2.31725            6.32876E+03
                2.31863            6.40658E+03
                2.32069            6.51069E+03
                2.32378            6.63759E+03
                2.32455            6.66711E+03
                2.32532            6.69489E+03
                2.32648            6.73259E+03
                2.32822            6.77991E+03
                2.33083            6.82937E+03
                2.3318             6.84459E+03
                2.33327            6.86097E+03
                2.33547            6.87053E+03
                2.33629            6.87177E+03
                2.33753            6.8691E+03 
                2.33938            6.85467E+03
                2.34216            6.80983E+03
                2.3432             6.78945E+03
                2.34477            6.75204E+03
                2.34711            6.68056E+03
                2.34799            6.65133E+03
                2.34931            6.60299E+03
                2.35129            6.52019E+03
                2.35203            6.4875E+03 
                2.35314            6.43548E+03
                2.35481            6.35069E+03
                2.35731            6.209E+03  
                2.35825            6.15358E+03
                2.35965            6.06646E+03
                2.36176            5.92678E+03
                2.36255            5.87293E+03
                2.36374            5.78967E+03
                2.36552            5.65926E+03
                2.36619            5.60941E+03
                2.36719            5.53311E+03
                2.36869            5.41528E+03
                2.36925            5.37049E+03
                2.37009            5.30237E+03
                2.37136            5.19817E+03
                2.37326            5.0375E+03 
                2.37397            4.97645E+03
                2.37504            4.88381E+03
                2.37664            4.74253E+03
                2.37724            4.68908E+03
                2.37814            4.60834E+03
                2.37949            4.48601E+03
                2.38               4.43985E+03
                2.38075            4.37032E+03
                2.38189            4.26544E+03
                2.3836             4.10695E+03
                2.38424            4.04718E+03
                2.3852             3.95736E+03
                2.38664            3.82238E+03
                2.38718            3.77159E+03
                2.38799            3.69545E+03
                2.38921            3.58134E+03
                2.38967            3.53847E+03
                2.39035            3.47427E+03
                2.39137            3.37821E+03
                2.39291            3.23482E+03
                2.39445            3.09219E+03
                2.39599            2.95061E+03
                2.39829            2.74167E+03
                2.40059            2.53655E+03
                2.4029             2.33605E+03
                2.4052             2.14086E+03
                2.40865            1.86238E+03
                2.41211            1.59934E+03
                2.41556            1.35349E+03
                2.41901            1.12623E+03
                2.42245          918.643      
                2.4259           731.582      
                2.42934          565.625      
                2.43279          421.084      
                2.43623          297.999      
                2.43967          196.135      
                2.44053          171.47       
                2.44139          148.325      
                2.44268          116.932      
                2.44461           76.6528     
                2.44654           42.6112     
                2.44848           14.7015     
                2.45041           -7.22814    
                2.45234          -23.3817     
                2.45306          -28.863      
                2.45415          -35.0866     
                2.45578          -40.3626     
                2.45822          -40.1548     
                2.45914          -39.3783     
                2.46051          -35.549      
                2.46257          -24.6593     
                2.46334          -20.1968     
                2.4645           -11.8518     
                2.46624            3.81615    
                2.46884           33.0667     
                2.47145           66.7095     
                2.47405          104.02       
                2.47665          144.186      
                2.47925          186.418      
                2.48185          230.016      
                2.48445          274.387      
                2.48705          319.044      
                2.48964          363.593      
                2.49224          407.705      
                2.49483          451.078      
                2.49743          493.402      
                2.50002          534.325      
                2.50261          573.431      
                2.5052           610.227      
                2.50779          644.16       
                2.51038          674.622      
                2.51297          701.004      
                2.51556          722.725      
                2.51814          739.264      
                2.52202          751.798      
                2.52395          753.895      
                2.52589          753.02       
                2.5288           744.854      
                2.52988          740.192      
                2.53152          731.492      
                2.53396          713.88       
                2.53763          677.835      
                2.5413           632.951      
                2.54497          581.034      
                2.54863          523.452      
                2.55229          461.348      
                2.55595          395.72       
                2.55961          327.495      
                2.56326          257.608      
                2.56691          187.07       
                2.57056          117.035      
                2.57421           48.8256     
                2.57785          -16.0568     
                2.5815           -75.9536     
                2.58514         -129.093      
                2.58877         -173.656      
                2.59241         -207.846      
                2.59604         -229.964      
                2.59967         -238.477      
                2.6033          -232.058      
                2.60693         -209.617      
                2.61055         -170.314      
                2.61417         -113.548      
                2.61779          -38.9528     
                2.6214            53.6197     
                2.62501          164.107      
                2.62862          292.242      
                2.63223          437.562      
                2.63583          599.403      
                2.63944          776.909      
                2.64304          969.03       
                2.64663            1.17453E+03
                2.64933            1.33517E+03
                2.65202            1.50247E+03
                2.65472            1.67549E+03
                2.65741            1.85344E+03
                2.6601             2.03553E+03
                2.66111            2.10379E+03
                2.66262            2.20798E+03
                2.66488            2.36667E+03
                2.66573            2.42592E+03
                2.66701            2.5157E+03 
                2.66892            2.65144E+03
                2.67179            2.85563E+03
                2.67286            2.93145E+03
                2.67447            3.0457E+03 
                2.67689            3.21633E+03
                2.67779            3.27955E+03
                2.67915            3.37431E+03
                2.68118            3.5151E+03 
                2.68423            3.72104E+03
                2.68538            3.79658E+03
                2.68709            3.90858E+03
                2.68967            4.07135E+03
                2.69063            4.1309E+03 
                2.69207            4.21878E+03
                2.69424            4.34593E+03
                2.69505            4.39238E+03
                2.69627            4.46072E+03
                2.6981             4.55943E+03
                2.70084            4.69702E+03
                2.70187            4.74633E+03
                2.70341            4.8174E+03 
                2.70571            4.91586E+03
                2.70658            4.95099E+03
                2.70788            5.00132E+03
                2.70982            5.07055E+03
                2.71055            5.09512E+03
                2.71165            5.13008E+03
                2.71329            5.17773E+03
                2.71575            5.23728E+03
                2.7182             5.2839E+03 
                2.71943            5.30347E+03
                2.72066            5.32005E+03
                2.7225             5.33807E+03
                2.72319            5.34341E+03
                2.72423            5.34935E+03
                2.72578            5.35316E+03
                2.72811            5.34665E+03
                2.7316             5.3087E+03 
                2.73508            5.24194E+03
                2.73857            5.14735E+03
                2.74205            5.02586E+03
                2.74552            4.87859E+03
                2.749              4.70694E+03
                2.75247            4.51261E+03
                2.75594            4.2975E+03 
                2.75724            4.21304E+03
                2.75919            4.08173E+03
                2.76211            3.87341E+03
                2.76648            3.53884E+03
                2.77086            3.18608E+03
                2.77195            3.09545E+03
                2.77304            3.00459E+03
                2.77468            2.86753E+03
                2.77714            2.65943E+03
                2.77898            2.50143E+03
                2.78082            2.34259E+03
                2.78265            2.18325E+03
                2.78541            1.94487E+03
                2.78644            1.85471E+03
                2.78799            1.72067E+03
                2.79032            1.52176E+03
                2.79119            1.44679E+03
                2.79249            1.33561E+03
                2.79445            1.1713E+03 
                2.79518            1.1095E+03 
                2.79628            1.01793E+03
                2.79793          882.84       
                2.80041          685.106      
                2.80133          610.901      
                2.80272          501.91       
                2.80481          343.04       
                2.80559          283.511      
                2.80676          196.068      
                2.80852           68.6824     
                2.81115         -114.285      
                2.81214         -182.592      
                2.81362         -281.604      
                2.81584         -423.133      
                2.81667         -475.901      
                2.81792         -552.376      
                2.81979         -661.588      
                2.82259         -813.27       
                2.82539         -953.065      
                2.82819           -1.08007E+03
                2.83099           -1.19384E+03
                2.83378           -1.29413E+03
                2.83657           -1.38087E+03
                2.83936           -1.45409E+03
                2.84041           -1.48045E+03
                2.84198           -1.51469E+03
                2.84433           -1.55585E+03
                2.84785           -1.59642E+03
                2.85137           -1.61739E+03
                2.85488           -1.61863E+03
                2.85839           -1.60055E+03
                2.86103           -1.57692E+03
                2.86365           -1.5424E+03 
                2.86628           -1.49753E+03
                2.87022           -1.40697E+03
                2.87317           -1.32819E+03
                2.87611           -1.23731E+03
                2.87906           -1.13517E+03
                2.882             -1.02251E+03
                2.88494         -900.112      
                2.88787         -768.882      
                2.89081         -629.829      
                2.893           -522.091      
                2.8952          -410.533      
                2.89739         -295.897      
                2.89959         -178.779      
                2.90178          -59.7054     
                2.90397           60.8247     
                2.90616          182.332      
                2.90698          227.393      
                2.90821          295.873      
                2.91005          399.376      
                2.91282          554.394      
                2.91489          669.116      
                2.91696          783.117      
                2.91903          896.011      
                2.9198           937.597      
                2.92097            1.00018E+03
                2.92271            1.09351E+03
                2.92532            1.23073E+03
                2.92793            1.36384E+03
                2.93054            1.49293E+03
                2.93315            1.61778E+03
                2.93575            1.73813E+03
                2.93835            1.85373E+03
                2.94095            1.96441E+03
                2.9429             2.04412E+03
                2.94582            2.15848E+03
                2.94873            2.26581E+03
                2.95164            2.36646E+03
                2.95455            2.46061E+03
                2.95746            2.5484E+03 
                2.96037            2.62999E+03
                2.96327            2.70556E+03
                2.96616            2.77531E+03
                2.96906            2.83949E+03
                2.97195            2.89835E+03
                2.97484            2.95215E+03
                2.97772            3.00118E+03
                2.98061            3.04571E+03
                2.98349            3.08604E+03
                2.98636            3.12245E+03
                2.98924            3.15521E+03
                2.98995            3.16215E+03
                2.99067            3.16924E+03
                2.99175            3.18018E+03
                2.99336            3.19624E+03
                2.99578            3.21833E+03
                2.99669            3.22532E+03
                2.99804            3.236E+03  
                3.00008            3.25133E+03
                3.00084            3.25617E+03
                3.00199            3.26362E+03
                3.00371            3.27448E+03
                3.00628            3.28904E+03
                3.00692            3.29159E+03
                3.00756            3.29424E+03
                3.00853            3.29853E+03
                3.00997            3.30495E+03
                3.01213            3.31352E+03
                3.01538            3.32346E+03
                3.01862            3.32951E+03
                3.02185            3.33241E+03
                3.02307            3.33173E+03
                3.02488            3.33156E+03
                3.02761            3.33018E+03
                3.03169            3.32302E+03
                3.03576            3.30872E+03
                3.03983            3.28777E+03
                3.04389            3.25974E+03
                3.04794            3.22406E+03
                3.05199            3.18017E+03
                3.05602            3.12751E+03
                3.06006            3.06551E+03
                3.06408            2.99345E+03
                3.06509            2.97287E+03
                3.06609            2.95257E+03
                3.0676             2.92206E+03
                3.06986            2.87357E+03
                3.07211            2.82083E+03
                3.07436            2.76405E+03
                3.07774            2.67072E+03
                3.08111            2.56695E+03
                3.08448            2.45336E+03
                3.08784            2.33031E+03
                3.09119            2.19838E+03
                3.09454            2.05845E+03
                3.0958             2.00334E+03
                3.09768            1.92063E+03
                3.1005             1.79367E+03
                3.10156            1.74414E+03
                3.10314            1.67023E+03
                3.10551            1.5586E+03 
                3.1064             1.51545E+03
                3.10774            1.45138E+03
                3.10973            1.35566E+03
                3.11273            1.21242E+03
                3.11385            1.15715E+03
                3.11553            1.07612E+03
                3.11805          956.753      
                3.12057          838.224      
                3.12308          721.219      
                3.12559          606.047      
                3.1281           492.863      
                3.1306           381.797      
                3.13311          273.013      
                3.1356           166.75       
                3.1381            63.3398     
                3.13903           23.906      
                3.14044          -32.8716     
                3.14254         -114.392      
                3.14568         -229.24       
                3.14686         -273.077      
                3.14863         -334.36       
                3.15128         -418.548      
                3.15392         -496.247      
                3.15656         -566.42       
                3.1592          -628.494      
                3.16183         -682.089      
                3.16446         -726.896      
                3.16709         -762.647      
                3.16971         -789.111      
                3.17233         -806.097      
                3.17495         -813.458      
                3.17756         -811.096      
                3.18017         -798.968      
                3.18278         -777.084      
                3.18538         -745.51       
                3.18798         -704.363      
                3.19057         -653.827      
                3.19155         -634.791      
                3.193           -601.726      
                3.19409         -575.447      
                3.19573         -531.626      
                3.19737         -484.548      
                3.199           -434.163      
                3.20063         -380.491      
                3.20308         -292.034      
                3.204           -259.201      
                3.20537         -206.53       
                3.20743         -122.051      
                3.2082           -90.7448     
                3.20936          -41.5192     
                3.21109           36.0141     
                3.21174           64.7407     
                3.21272          109.323      
                3.21418          178.73       
                3.21636          286.853      
                3.21718          326.734      
                3.21841          388.637      
                3.22025          484.509      
                3.22094          519.909      
                3.22198          574.348      
                3.22353          657.989      
                3.22585          785.955      
                3.22818          914.833      
                3.22933          978.542      
                3.23049            1.04312E+03
                3.23223            1.1416E+03 
                3.23483            1.29018E+03
                3.23581            1.34436E+03
                3.23727            1.4271E+03 
                3.23945            1.55184E+03
                3.24164            1.67526E+03
                3.24382            1.79731E+03
                3.246              1.91788E+03
                3.24818            2.03669E+03
                3.25036            2.1534E+03 
                3.25253            2.26769E+03
                3.25334            2.30916E+03
                3.25456            2.37175E+03
                3.25639            2.46455E+03
                3.25913            2.5986E+03 
                3.26015            2.64629E+03
                3.26169            2.71763E+03
                3.264              2.8211E+03 
                3.26486            2.8579E+03 
                3.26615            2.91275E+03
                3.26809            2.99226E+03
                3.27099            3.10269E+03
                3.27208            3.14082E+03
                3.27371            3.19694E+03
                3.27615            3.2752E+03 
                3.27707            3.30205E+03
                3.27844            3.34145E+03
                3.28049            3.39625E+03
                3.28126            3.41492E+03
                3.28242            3.44223E+03
                3.28414            3.48016E+03
                3.28479            3.49299E+03
                3.28576            3.51169E+03
                3.28722            3.53767E+03
                3.2894             3.57054E+03
                3.29022            3.58066E+03
                3.29144            3.59495E+03
                3.29328            3.61279E+03
                3.29397            3.6179E+03 
                3.295              3.62495E+03
                3.29654            3.63312E+03
                3.29886            3.63865E+03
                3.29973            3.63827E+03
                3.30103            3.63683E+03
                3.30297            3.63081E+03
                3.3037             3.62681E+03
                3.3048             3.62027E+03
                3.30644            3.60801E+03
                3.30889            3.58279E+03
                3.30981            3.57072E+03
                3.31119            3.55196E+03
                3.31326            3.52011E+03
                3.31403            3.50632E+03
                3.31519            3.48529E+03
                3.31693            3.45157E+03
                3.31758            3.43757E+03
                3.31856            3.41634E+03
                3.32002            3.38322E+03
                3.32222            3.32933E+03
                3.32304            3.30712E+03
                3.32427            3.27369E+03
                3.32612            3.22156E+03
                3.32681            3.2006E+03 
                3.32784            3.16916E+03
                3.3294             3.12089E+03
                3.32998            3.10177E+03
                3.33085            3.07313E+03
                3.33216            3.0296E+03 
                3.33412            2.96192E+03
                3.33485            2.93499E+03
                3.33595            2.89479E+03
                3.3376             2.83371E+03
                3.34007            2.73898E+03
                3.34069            2.71356E+03
                3.34131            2.68833E+03
                3.34223            2.65103E+03
                3.34362            2.59497E+03
                3.34569            2.50914E+03
                3.34647            2.47535E+03
                3.34764            2.42524E+03
                3.34938            2.34982E+03
                3.35004            2.32041E+03
                3.35102            2.27676E+03
                3.35249            2.21135E+03
                3.35469            2.11208E+03
                3.35552            2.07317E+03
                3.35675            2.01572E+03
                3.35861            1.92979E+03
                3.3593             1.89639E+03
                3.36034            1.84704E+03
                3.3619             1.77356E+03
                3.36424            1.66323E+03
                3.36511            1.62017E+03
                3.36642            1.5571E+03 
                3.36839            1.46381E+03
                3.36912            1.42765E+03
                3.37022            1.37466E+03
                3.37188            1.29659E+03
                3.3725             1.26648E+03
                3.37342            1.22226E+03
                3.37482            1.15723E+03
                3.3769             1.06143E+03
                3.37768            1.02429E+03
                3.37885          970.337      
                3.3806           891.715      
                3.38126          861.394      
                3.38225          817.249      
                3.38372          752.981      
                3.38427          728.275      
                3.3851           692.197      
                3.38635          639.653      
                3.38821          563.324      
                3.3889           533.801      
                3.38995          491.228      
                3.39152          430.006      
                3.3921           406.435      
                3.39298          372.362      
                3.3943           323.363      
                3.39628          253.423      
                3.39677          234.981      
                3.39726          216.972      
                3.398            191.134      
                3.39911          154.226      
                3.39953          140.083      
                3.40015          119.554      
                3.40108           90.0361     
                3.40248           47.9963     
                3.40301           31.738      
                3.40379            8.497      
                3.40497          -24.2857     
                3.40673          -69.784      
                3.40739          -87.5191     
                3.40839         -112.136      
                3.40987         -145.737      
                3.41135         -177.297      
                3.41283         -206.619      
                3.41431         -233.606      
                3.41579         -258.243      
                3.41727         -280.534      
                3.41874         -300.473      
                3.42021         -318.039      
                3.42168         -333.188      
                3.42315         -345.867      
                3.42462         -356.011      
                3.42609         -363.548      
                3.42755         -368.409      
                3.42901         -370.525      
                3.43047         -369.83       
                3.43193         -366.267      
                3.43338         -359.784      
                3.43484         -350.334      
                3.43629         -337.88       
                3.43774         -322.394      
                3.43828         -316.902      
                3.4391          -306.895      
                3.44032         -288.825      
                3.44215         -256.336      
                3.44283         -244.746      
                3.44386         -224.708      
                3.4454          -190.128      
                3.44578         -182.054      
                3.44617         -173.631      
                3.44674         -160.036      
                3.44761         -137.91       
                3.4489          -101.783      
                3.44939          -88.6095     
                3.45011          -67.568      
                3.4512           -33.5734     
                3.45229            2.03104    
                3.45338           39.3258     
                3.45446           78.3822     
                3.45555          119.233      
                3.45663          161.883      
                3.45772          206.32       
                3.45934          277.642      
                3.45974          294.807      
                3.46015          312.368      
                3.46076          339.784      
                3.46167          382.731      
                3.46303          449.854      
                3.46439          518.259      
                3.46575          587.666      
                3.46711          657.412      
                3.46847          726.557      
                3.46983          794.023      
                3.47118          858.725      
                3.47253          919.689      
                3.47388          976.163      
                3.47523            1.02771E+03
                3.47658            1.07424E+03
                3.47792            1.11601E+03
                3.47927            1.1536E+03 
                3.48128            1.2044E+03 
                3.48203            1.22113E+03
                3.48316            1.24658E+03
                3.48485            1.28525E+03
                3.48549            1.29857E+03
                3.48644            1.31991E+03
                3.48786            1.35445E+03
                3.48999            1.41236E+03
                3.49212            1.47633E+03
                3.49265            1.49132E+03
                3.49318            1.50727E+03
                3.49397            1.53344E+03
                3.49517            1.57633E+03
                3.49561            1.59215E+03
                3.49628            1.61722E+03
                3.49729            1.65739E+03
                3.49766            1.67225E+03
                3.49822            1.6955E+03 
                3.49907            1.73221E+03
                3.50034            1.79057E+03
                3.5016             1.85114E+03
                3.50286            1.91401E+03
                3.50413            1.97912E+03
                3.50538            2.04628E+03
                3.50664            2.11525E+03
                3.5079             2.18581E+03
                3.50837            2.21181E+03
                3.50908            2.25192E+03
                3.51013            2.31373E+03
                3.51172            2.4081E+03 
                3.51231            2.44246E+03
                3.5132             2.49511E+03
                3.51453            2.57493E+03
                3.51503            2.60399E+03
                3.51578            2.64806E+03
                3.5169             2.71411E+03
                3.51858            2.81018E+03
                3.51921            2.84433E+03
                3.52015            2.89509E+03
                3.52157            2.96772E+03
                3.5221             2.99332E+03
                3.52289            3.03077E+03
                3.52408            3.08328E+03
                3.52586            3.15063E+03
                3.5263             3.16544E+03
                3.52675            3.17972E+03
                3.52741            3.20007E+03
                3.52841            3.2271E+03 
                3.52991            3.25796E+03
                3.53047            3.26699E+03
                3.53131            3.27818E+03
                3.53256            3.28872E+03
                3.53445            3.28989E+03
                3.53515            3.28667E+03
                3.53621            3.27894E+03
                3.53779            3.25986E+03
                3.53839            3.25038E+03
                3.53927            3.23482E+03
                3.54061            3.20789E+03
                3.5411             3.19631E+03
                3.54185            3.17846E+03
                3.54297            3.15021E+03
                3.54465            3.10457E+03
                3.54528            3.08563E+03
                3.54622            3.05762E+03
                3.54763            3.01563E+03
                3.54816            2.99878E+03
                3.54895            2.9742E+03 
                3.55014            2.9382E+03 
                3.55058            2.92398E+03
                3.55125            2.90332E+03
                3.55225            2.87333E+03
                3.55374            2.82982E+03
                3.55523            2.78686E+03
                3.55673            2.74512E+03
                3.55821            2.70482E+03
                3.5597             2.66594E+03
                3.56118            2.62834E+03
                3.56266            2.59178E+03
                3.56322            2.57721E+03
                3.56405            2.55674E+03
                3.56529            2.5274E+03 
                3.56576            2.51561E+03
                3.56646            2.49861E+03
                3.56751            2.47374E+03
                3.56907            2.43579E+03
                3.57064            2.39516E+03
                3.5722             2.35164E+03
                3.57376            2.3046E+03 
                3.57532            2.25331E+03
                3.57687            2.19707E+03
                3.57842            2.13528E+03
                3.57997            2.06745E+03




