
                  X          uf-80-45-lin-n=3

                0.                -0.         
               39.94E-09         112.026E-03  
              319.041E-09        534.836E-03  
                1.70601E-06        1.30133    
                7.53894E-06        2.89055    
               29.9775E-06         5.98404    
              111.812E-06         11.731      
              399.954E-06         23.0505     
                1.38837E-03       49.6602     
                4.70264E-03      123.489      
               15.5512E-03       344.939      
               49.9952E-03         1.02074E+03
              154.626E-03          3.03732E+03
              450.699E-03          8.60377E+03
              909.771E-03         15.8691E+03 
              943.14E-03          16.6879E+03 
              951.558E-03         16.7653E+03 
              953.667E-03         16.782E+03  
              955.778E-03         16.7928E+03 
              958.948E-03         16.8045E+03 
              963.71E-03          16.8186E+03 
              964.902E-03         16.8244E+03 
              966.095E-03         16.8289E+03 
              967.885E-03         16.8337E+03 
              970.572E-03         16.8392E+03 
              971.581E-03         16.8422E+03 
              973.095E-03         16.8455E+03 
              975.367E-03         16.849E+03  
              977.641E-03         16.8524E+03 
              979.917E-03         16.8555E+03 
              982.196E-03         16.8584E+03 
              982.766E-03         16.8597E+03 
              983.336E-03         16.8609E+03 
              984.191E-03         16.8621E+03 
              985.474E-03         16.8634E+03 
              987.401E-03         16.8651E+03 
              989.329E-03         16.8673E+03 
              991.258E-03         16.87E+03   
              993.189E-03         16.8731E+03 
              995.121E-03         16.8767E+03 
              997.055E-03         16.8809E+03 
              998.99E-03          16.8857E+03 
              999.474E-03         16.8874E+03 
              999.958E-03         16.889E+03  
                1.00068           16.8913E+03 
                1.00177           16.8943E+03 
                1.00341           16.899E+03  
                1.00505           16.9043E+03 
                1.00546           16.906E+03  
                1.00587           16.9076E+03 
                1.00648           16.9099E+03 
                1.00671           16.9109E+03 
                1.0068            16.9112E+03 
                1.00693           16.9117E+03 
                1.00712           16.9125E+03 
                1.00741           16.9136E+03 
                1.00785           16.9151E+03 
                1.00851           16.9173E+03 
                1.00949           16.9203E+03 
                1.00986           16.9217E+03 
                1.01041           16.9235E+03 
                1.01125           16.9261E+03 
                1.01249           16.9293E+03 
                1.01437           16.9321E+03 
                1.01624           16.9326E+03 
                1.01812           16.9291E+03 
                1.01859           16.9284E+03 
                1.01905           16.9273E+03 
                1.01976           16.9247E+03 
                1.02082           16.9184E+03 
                1.0224            16.9031E+03 
                1.02319           16.8945E+03 
                1.02399           16.8841E+03 
                1.02518           16.8641E+03 
                1.02637           16.8394E+03 
                1.02756           16.8095E+03 
                1.02875           16.7738E+03 
                1.02994           16.7319E+03 
                1.03039           16.7154E+03 
                1.03106           16.6885E+03 
                1.03207           16.6427E+03 
                1.03358           16.5616E+03 
                1.03396           16.5408E+03 
                1.03433           16.5193E+03 
                1.0349            16.485E+03  
                1.03511           16.472E+03  
                1.03543           16.4518E+03 
                1.03591           16.4201E+03 
                1.03663           16.3695E+03 
                1.0369            16.3502E+03 
                1.0373            16.3203E+03 
                1.03791           16.2732E+03 
                1.03882           16.1979E+03 
                1.04018           16.0754E+03 
                1.04155           15.9445E+03 
                1.04291           15.8064E+03 
                1.04428           15.6625E+03 
                1.04565           15.5143E+03 
                1.04701           15.3636E+03 
                1.04838           15.2119E+03 
                1.04975           15.0605E+03 
                1.05112           14.9105E+03 
                1.05249           14.7625E+03 
                1.05386           14.6168E+03 
                1.05592           14.4018E+03 
                1.05798           14.1882E+03 
                1.06004           13.9717E+03 
                1.0621            13.7481E+03 
                1.06417           13.5133E+03 
                1.06623           13.2641E+03 
                1.0683            12.9983E+03 
                1.06882           12.9313E+03 
                1.06933           12.8631E+03 
                1.07011           12.7579E+03 
                1.07127           12.594E+03  
                1.07244           12.4244E+03 
                1.0736            12.2492E+03 
                1.07477           12.0686E+03 
                1.07652           11.7859E+03 
                1.07783           11.568E+03  
                1.07914           11.3444E+03 
                1.08046           11.1151E+03 
                1.08177           10.8807E+03 
                1.08308           10.6413E+03 
                1.0844            10.3972E+03 
                1.08572           10.1487E+03 
                1.08703            9.8961E+03 
                1.08835            9.63974E+03
                1.08967            9.38008E+03
                1.09098            9.1177E+03 
                1.09197            8.91982E+03
                1.09346            8.62103E+03
                1.09494            8.3223E+03 
                1.09643            8.02539E+03
                1.09791            7.73231E+03
                1.0994             7.44529E+03
                1.10089            7.16672E+03
                1.10238            6.89896E+03
                1.10387            6.64434E+03
                1.10535            6.40496E+03
                1.10685            6.18265E+03
                1.10834            5.97889E+03
                1.10983            5.79475E+03
                1.11132            5.63086E+03
                1.11281            5.48747E+03
                1.11431            5.36445E+03
                1.1158             5.26132E+03
                1.1173             5.17738E+03
                1.11879            5.11173E+03
                1.12029            5.06335E+03
                1.12179            5.0312E+03 
                1.12329            5.01427E+03
                1.12479            5.01162E+03
                1.12629            5.02249E+03
                1.12779            5.04628E+03
                1.12929            5.0826E+03 
                1.13079            5.13128E+03
                1.13229            5.19234E+03
                1.13379            5.26595E+03
                1.1353             5.35241E+03
                1.1368             5.45205E+03
                1.13831            5.56521E+03
                1.13981            5.69211E+03
                1.14132            5.83285E+03
                1.1417             5.86913E+03
                1.14207            5.90626E+03
                1.14264            5.96374E+03
                1.14285            5.9856E+03 
                1.14317            6.01896E+03
                1.14329            6.03157E+03
                1.14347            6.05065E+03
                1.14374            6.07969E+03
                1.14384            6.09064E+03
                1.14387            6.09476E+03
                1.14393            6.10095E+03
                1.14402            6.11029E+03
                1.14414            6.12437E+03
                1.14433            6.14571E+03
                1.14462            6.17818E+03
                1.14505            6.22792E+03
                1.1457             6.30489E+03
                1.14666            6.42555E+03
                1.14812            6.61756E+03
                1.14866            6.69137E+03
                1.14948            6.80516E+03
                1.15071            6.98219E+03
                1.15255            7.26005E+03
                1.15324            7.36631E+03
                1.15427            7.52869E+03
                1.15583            7.77781E+03
                1.15641            7.8723E+03 
                1.15729            8.0153E+03 
                1.1586             8.23211E+03
                1.15909            8.31396E+03
                1.15983            8.43723E+03
                1.16094            8.62294E+03
                1.1626             8.90263E+03
                1.16427            9.18302E+03
                1.16593            9.46321E+03
                1.1676             9.74244E+03
                1.16926           10.02E+03   
                1.17093           10.2952E+03 
                1.1726            10.5672E+03 
                1.17427           10.8352E+03 
                1.17594           11.0982E+03 
                1.17761           11.3552E+03 
                1.17928           11.6052E+03 
                1.18095           11.8471E+03 
                1.18263           12.0799E+03 
                1.1843            12.3027E+03 
                1.18597           12.5149E+03 
                1.18765           12.7159E+03 
                1.18933           12.9055E+03 
                1.191             13.0834E+03 
                1.19268           13.2499E+03 
                1.19436           13.4051E+03 
                1.19604           13.5496E+03 
                1.19772           13.6839E+03 
                1.1994            13.8085E+03 
                1.20108           13.9241E+03 
                1.20276           14.0313E+03 
                1.20445           14.1305E+03 
                1.20613           14.2221E+03 
                1.20781           14.3065E+03 
                1.2095            14.3837E+03 
                1.21119           14.4538E+03 
                1.21287           14.5165E+03 
                1.21456           14.5714E+03 
                1.21625           14.6181E+03 
                1.21794           14.6557E+03 
                1.21963           14.6837E+03 
                1.22132           14.7011E+03 
                1.22301           14.7072E+03 
                1.2247            14.7011E+03 
                1.2264            14.6822E+03 
                1.22809           14.6498E+03 
                1.22978           14.6036E+03 
                1.23148           14.5432E+03 
                1.23317           14.4686E+03 
                1.23487           14.3797E+03 
                1.23657           14.277E+03  
                1.23721           14.2367E+03 
                1.23816           14.1719E+03 
                1.23959           14.0647E+03 
                1.24175           13.884E+03  
                1.24255           13.814E+03  
                1.24376           13.7028E+03 
                1.24558           13.5234E+03 
                1.24626           13.4548E+03 
                1.24728           13.3482E+03 
                1.24882           13.1806E+03 
                1.24939           13.117E+03  
                1.25026           13.0194E+03 
                1.25155           12.8683E+03 
                1.2535            12.6332E+03 
                1.25544           12.3914E+03 
                1.25739           12.1441E+03 
                1.25933           11.8927E+03 
                1.26128           11.6384E+03 
                1.26323           11.3827E+03 
                1.26518           11.127E+03  
                1.26713           10.8727E+03 
                1.26908           10.6212E+03 
                1.27103           10.374E+03  
                1.27299           10.1326E+03 
                1.27494            9.89842E+03
                1.2769             9.673E+03  
                1.27885            9.45779E+03
                1.28081            9.25422E+03
                1.28277            9.0637E+03 
                1.28472            8.88752E+03
                1.28668            8.72692E+03
                1.28865            8.58301E+03
                1.29061            8.45676E+03
                1.29257            8.349E+03  
                1.29453            8.26037E+03
                1.2965             8.19135E+03
                1.29846            8.14222E+03
                1.30043            8.11304E+03
                1.30239            8.10368E+03
                1.30436            8.11382E+03
                1.30633            8.14292E+03
                1.3083             8.19027E+03
                1.31027            8.25498E+03
                1.31224            8.33602E+03
                1.31421            8.43221E+03
                1.31618            8.54228E+03
                1.31816            8.66486E+03
                1.32013            8.79852E+03
                1.32211            8.94182E+03
                1.32408            9.09311E+03
                1.32606            9.25101E+03
                1.32804            9.41421E+03
                1.33002            9.58142E+03
                1.332              9.75143E+03
                1.33398            9.92266E+03
                1.33596           10.0944E+03 
                1.33794           10.2662E+03 
                1.33992           10.4373E+03 
                1.34191           10.6069E+03 
                1.34389           10.7746E+03 
                1.34588           10.94E+03   
                1.34786           11.1029E+03 
                1.34985           11.2633E+03 
                1.35184           11.4212E+03 
                1.35383           11.5768E+03 
                1.35457           11.6351E+03 
                1.35569           11.7215E+03 
                1.35737           11.8492E+03 
                1.358             11.8971E+03 
                1.35895           11.9684E+03 
                1.36036           12.0744E+03 
                1.36249           12.2323E+03 
                1.36462           12.39E+03   
                1.36622           12.5085E+03 
                1.36782           12.6271E+03 
                1.36841           12.6717E+03 
                1.36931           12.7386E+03 
                1.37066           12.8389E+03 
                1.37269           12.9899E+03 
                1.37471           13.1419E+03 
                1.37673           13.2948E+03 
                1.37825           13.41E+03   
                1.37977           13.5252E+03 
                1.38034           13.5686E+03 
                1.3812            13.6336E+03 
                1.38248           13.7309E+03 
                1.38441           13.8767E+03 
                1.38633           14.0224E+03 
                1.38826           14.1674E+03 
                1.39019           14.3113E+03 
                1.39212           14.4537E+03 
                1.39404           14.5941E+03 
                1.39597           14.732E+03  
                1.3979            14.8669E+03 
                1.39984           14.9981E+03 
                1.40177           15.125E+03  
                1.40322           15.2176E+03 
                1.40467           15.3071E+03 
                1.40521           15.3404E+03 
                1.40603           15.3891E+03 
                1.40725           15.4594E+03 
                1.40909           15.5586E+03 
                1.41092           15.6511E+03 
                1.41276           15.7362E+03 
                1.4146            15.8134E+03 
                1.41598           15.8667E+03 
                1.41736           15.915E+03  
                1.41787           15.9325E+03 
                1.41865           15.957E+03  
                1.41981           15.9898E+03 
                1.42156           16.0297E+03 
                1.42331           16.0603E+03 
                1.42506           16.0812E+03 
                1.42637           16.0914E+03 
                1.42768           16.0956E+03 
                1.42817           16.0965E+03 
                1.42891           16.0958E+03 
                1.43002           16.0903E+03 
                1.43168           16.072E+03  
                1.43334           16.0437E+03 
                1.435             16.0052E+03 
                1.43666           15.9564E+03 
                1.43833           15.897E+03  
                1.43999           15.8272E+03 
                1.44165           15.7467E+03 
                1.44332           15.6557E+03 
                1.44498           15.5542E+03 
                1.44623           15.4723E+03 
                1.44748           15.3845E+03 
                1.44795           15.3508E+03 
                1.44865           15.2984E+03 
                1.44971           15.2155E+03 
                1.45129           15.0821E+03 
                1.45287           14.9399E+03 
                1.45406           14.8285E+03 
                1.45525           14.7122E+03 
                1.45569           14.6681E+03 
                1.45636           14.6002E+03 
                1.45736           14.4951E+03 
                1.45887           14.33E+03   
                1.46037           14.1582E+03 
                1.46188           13.9799E+03 
                1.463             13.8426E+03 
                1.46413           13.7019E+03 
                1.46526           13.5578E+03 
                1.46639           13.4104E+03 
                1.46752           13.2601E+03 
                1.46865           13.1068E+03 
                1.46978           12.9508E+03 
                1.47091           12.7922E+03 
                1.47204           12.6312E+03 
                1.47317           12.4679E+03 
                1.4743            12.3025E+03 
                1.47543           12.1353E+03 
                1.47656           11.9664E+03 
                1.4777            11.7959E+03 
                1.47883           11.6242E+03 
                1.47996           11.4513E+03 
                1.48109           11.2775E+03 
                1.48222           11.1031E+03 
                1.48336           10.9282E+03 
                1.48378           10.8626E+03 
                1.48442           10.7641E+03 
                1.48537           10.6162E+03 
                1.48573           10.5608E+03 
                1.48627           10.4776E+03 
                1.48708           10.3529E+03 
                1.48829           10.1664E+03 
                1.4895             9.98071E+03
                1.49071            9.79615E+03
                1.49192            9.61292E+03
                1.49313            9.43128E+03
                1.49434            9.25148E+03
                1.49464            9.20671E+03
                1.49495            9.16208E+03
                1.4954             9.09537E+03
                1.49557            9.07041E+03
                1.49583            9.03305E+03
                1.49592            9.01905E+03
                1.49607            8.99809E+03
                1.49628            8.9667E+03 
                1.49661            8.91977E+03
                1.49709            8.84972E+03
                1.49727            8.82351E+03
                1.49755            8.78433E+03
                1.49795            8.72583E+03
                1.49857            8.63876E+03
                1.49949            8.50981E+03
                1.49984            8.46176E+03
                1.50036            8.39025E+03
                1.50113            8.2843E+03 
                1.5023             8.12862E+03
                1.50347            7.97654E+03
                1.50463            7.82831E+03
                1.5058             7.68417E+03
                1.50697            7.54434E+03
                1.50814            7.40909E+03
                1.50901            7.31038E+03
                1.50989            7.21444E+03
                1.51022            7.1789E+03 
                1.51071            7.12647E+03
                1.51145            7.04986E+03
                1.51256            6.93979E+03
                1.51263            6.93294E+03
                1.5127             6.92612E+03
                1.5128             6.91594E+03
                1.51296            6.90076E+03
                1.51319            6.8782E+03 
                1.51354            6.84486E+03
                1.51407            6.79599E+03
                1.51486            6.72532E+03
                1.51545            6.67389E+03
                1.51634            6.60027E+03
                1.51723            6.53032E+03
                1.51812            6.4641E+03 
                1.51901            6.40168E+03
                1.5199             6.34311E+03
                1.52079            6.28843E+03
                1.52168            6.23768E+03
                1.52257            6.19091E+03
                1.52346            6.14813E+03
                1.52435            6.10937E+03
                1.52524            6.07463E+03
                1.52613            6.04392E+03
                1.52702            6.01724E+03
                1.52791            5.99457E+03
                1.5288             5.97589E+03
                1.52969            5.96119E+03
                1.53058            5.95042E+03
                1.53147            5.94356E+03
                1.53236            5.94057E+03
                1.53325            5.94141E+03
                1.53415            5.94605E+03
                1.53504            5.95444E+03
                1.53593            5.96656E+03
                1.53682            5.98236E+03
                1.53771            6.00182E+03
                1.5386             6.02492E+03
                1.53894            6.03413E+03
                1.53944            6.04907E+03
                1.54019            6.07397E+03
                1.54132            6.11695E+03
                1.54245            6.16568E+03
                1.54358            6.22013E+03
                1.54471            6.28028E+03
                1.54584            6.34612E+03
                1.54697            6.41766E+03
                1.5481             6.4949E+03 
                1.54923            6.57786E+03
                1.55036            6.66654E+03
                1.55149            6.76094E+03
                1.55262            6.86108E+03
                1.55375            6.96691E+03
                1.55488            7.07842E+03
                1.55602            7.19553E+03
                1.55715            7.31817E+03
                1.55757            7.36499E+03
                1.55821            7.43689E+03
                1.55916            7.54844E+03
                1.55952            7.59084E+03
                1.56006            7.65558E+03
                1.56086            7.75519E+03
                1.56207            7.91007E+03
                1.56253            7.96899E+03
                1.56321            8.05899E+03
                1.56423            8.19747E+03
                1.56461            8.24994E+03
                1.56518            8.32967E+03
                1.56605            8.45147E+03
                1.56734            8.63874E+03
                1.56863            8.83021E+03
                1.56992            9.02537E+03
                1.57122            9.22369E+03
                1.57251            9.42466E+03
                1.57283            9.47511E+03
                1.57315            9.52571E+03
                1.57364            9.60189E+03
                1.57369            9.60903E+03
                1.57375            9.61976E+03
                1.57378            9.62378E+03
                1.57382            9.62982E+03
                1.57388            9.63888E+03
                1.57396            9.65248E+03
                1.57409            9.67289E+03
                1.57429            9.70355E+03
                1.57458            9.74961E+03
                1.57501            9.81886E+03
                1.57567            9.92306E+03
                1.57665           10.0799E+03 
                1.57702           10.1389E+03 
                1.57757           10.2274E+03 
                1.5784            10.3604E+03 
                1.57965           10.56E+03   
                1.58089           10.7593E+03 
                1.58121           10.8091E+03 
                1.58128           10.8216E+03 
                1.5814            10.8403E+03 
                1.58158           10.8683E+03 
                1.58184           10.9103E+03 
                1.58223           10.9733E+03 
                1.58282           11.0675E+03 
                1.58371           11.2082E+03 
                1.58504           11.4177E+03 
                1.58637           11.6256E+03 
                1.5877            11.8315E+03 
                1.58903           12.0351E+03 
                1.59037           12.2361E+03 
                1.5917            12.4343E+03 
                1.59303           12.6293E+03 
                1.59436           12.8211E+03 
                1.59569           13.0093E+03 
                1.59703           13.1936E+03 
                1.59836           13.3739E+03 
                1.59969           13.5497E+03 
                1.60102           13.7209E+03 
                1.60236           13.8866E+03 
                1.60369           14.0455E+03 
                1.60503           14.1972E+03 
                1.60636           14.343E+03  
                1.60769           14.4829E+03 
                1.60903           14.6169E+03 
                1.61036           14.7449E+03 
                1.6117            14.8665E+03 
                1.61303           14.9814E+03 
                1.61437           15.0894E+03 
                1.6157            15.1904E+03 
                1.61704           15.2842E+03 
                1.61837           15.3709E+03 
                1.61971           15.4505E+03 
                1.62105           15.523E+03  
                1.62238           15.5882E+03 
                1.62372           15.646E+03  
                1.62506           15.6967E+03 
                1.62639           15.7408E+03 
                1.62773           15.7785E+03 
                1.62907           15.8101E+03 
                1.63041           15.8355E+03 
                1.63174           15.8547E+03 
                1.63308           15.868E+03  
                1.63442           15.8761E+03 
                1.63576           15.8793E+03 
                1.6371            15.8779E+03 
                1.63843           15.8717E+03 
                1.63977           15.861E+03  
                1.64111           15.8454E+03 
                1.64245           15.8256E+03 
                1.64379           15.8019E+03 
                1.64513           15.7745E+03 
                1.64647           15.7435E+03 
                1.64781           15.7089E+03 
                1.64915           15.6709E+03 
                1.65049           15.6292E+03 
                1.65183           15.5843E+03 
                1.65234           15.5671E+03 
                1.65309           15.5403E+03 
                1.65422           15.4981E+03 
                1.65465           15.482E+03  
                1.65528           15.4573E+03 
                1.65624           15.4189E+03 
                1.65659           15.4044E+03 
                1.65713           15.3823E+03 
                1.65794           15.3483E+03 
                1.65915           15.2953E+03 
                1.66036           15.2405E+03 
                1.66156           15.1841E+03 
                1.66277           15.1264E+03 
                1.66398           15.0676E+03 
                1.66519           15.0074E+03 
                1.6664            14.9467E+03 
                1.66761           14.8856E+03 
                1.66882           14.8243E+03 
                1.67003           14.7631E+03 
                1.67124           14.702E+03  
                1.67245           14.6413E+03 
                1.67366           14.5806E+03 
                1.67487           14.5196E+03 
                1.67608           14.4582E+03 
                1.6773            14.3966E+03 
                1.67851           14.335E+03  
                1.67972           14.2735E+03 
                1.68093           14.2123E+03 
                1.68214           14.1516E+03 
                1.68335           14.0913E+03 
                1.68456           14.0316E+03 
                1.68578           13.9725E+03 
                1.68699           13.9139E+03 
                1.6882            13.856E+03  
                1.68941           13.7986E+03 
                1.69063           13.7419E+03 
                1.69184           13.6857E+03 
                1.69305           13.63E+03   
                1.69426           13.5749E+03 
                1.69548           13.5204E+03 
                1.69669           13.4664E+03 
                1.6979            13.4129E+03 
                1.69912           13.36E+03   
                1.70033           13.3077E+03 
                1.70154           13.256E+03  
                1.70276           13.2049E+03 
                1.70397           13.1544E+03 
                1.70518           13.1046E+03 
                1.7064            13.0556E+03 
                1.70761           13.0073E+03 
                1.70883           12.9598E+03 
                1.71004           12.9131E+03 
                1.71126           12.8674E+03 
                1.71247           12.8225E+03 
                1.71369           12.7785E+03 
                1.7149            12.7356E+03 
                1.71612           12.6936E+03 
                1.71657           12.678E+03  
                1.71726           12.655E+03  
                1.71828           12.621E+03  
                1.71982           12.5717E+03 
                1.7204            12.5535E+03 
                1.72126           12.5266E+03 
                1.72256           12.4873E+03 
                1.72305           12.4728E+03 
                1.72378           12.4513E+03 
                1.72487           12.4198E+03 
                1.72528           12.4081E+03 
                1.7259            12.3908E+03 
                1.72683           12.3652E+03 
                1.72717           12.3557E+03 
                1.72769           12.3416E+03 
                1.72847           12.3208E+03 
                1.72964           12.2902E+03 
                1.73008           12.2789E+03 
                1.73074           12.262E+03  
                1.73173           12.2372E+03 
                1.7321            12.228E+03  
                1.73265           12.2143E+03 
                1.73349           12.194E+03  
                1.73474           12.1641E+03 
                1.73599           12.1348E+03 
                1.73724           12.106E+03  
                1.73849           12.0778E+03 
                1.73974           12.0499E+03 
                1.74099           12.0225E+03 
                1.74224           11.9955E+03 
                1.74349           11.9689E+03 
                1.74474           11.9427E+03 
                1.746             11.9169E+03 
                1.74725           11.8916E+03 
                1.7485            11.8666E+03 
                1.74975           11.8421E+03 
                1.751             11.818E+03  
                1.75226           11.7945E+03 
                1.75351           11.7715E+03 
                1.75476           11.7491E+03 
                1.75601           11.7273E+03 
                1.75726           11.7061E+03 
                1.75852           11.6856E+03 
                1.75977           11.6658E+03 
                1.76102           11.6466E+03 
                1.76228           11.6281E+03 
                1.76353           11.6102E+03 
                1.76478           11.5927E+03 
                1.76603           11.5756E+03 
                1.76697           11.563E+03  
                1.76791           11.5504E+03 
                1.76827           11.5457E+03 
                1.7688            11.5387E+03 
                1.76959           11.5281E+03 
                1.76989           11.5241E+03 
                1.77033           11.5181E+03 
                1.7705            11.5158E+03 
                1.77075           11.5124E+03 
                1.77113           11.5073E+03 
                1.77169           11.4995E+03 
                1.77254           11.4876E+03 
                1.77381           11.469E+03  
                1.77476           11.4548E+03 
                1.77572           11.4402E+03 
                1.77607           11.4347E+03 
                1.77661           11.4263E+03 
                1.77742           11.4136E+03 
                1.77862           11.3942E+03 
                1.77983           11.3749E+03 
                1.78104           11.3559E+03 
                1.78224           11.3375E+03 
                1.78345           11.3196E+03 
                1.78466           11.3024E+03 
                1.78586           11.2858E+03 
                1.78707           11.2696E+03 
                1.78737           11.2656E+03 
                1.78768           11.2617E+03 
                1.78813           11.2557E+03 
                1.7883            11.2535E+03 
                1.78855           11.2502E+03 
                1.78894           11.2452E+03 
                1.78951           11.2378E+03 
                1.79008           11.2303E+03 
                1.79066           11.2229E+03 
                1.79123           11.2154E+03 
                1.7918            11.2078E+03 
                1.79237           11.2002E+03 
                1.79259           11.1974E+03 
                1.79291           11.1931E+03 
                1.79303           11.1915E+03 
                1.79321           11.1891E+03 
                1.79349           11.1855E+03 
                1.79389           11.18E+03   
                1.79451           11.1718E+03 
                1.79512           11.1636E+03 
                1.79573           11.1555E+03 
                1.79634           11.1474E+03 
                1.79696           11.1394E+03 
                1.79757           11.1315E+03 
                1.79818           11.1238E+03 
                1.79879           11.1163E+03 
                1.79941           11.109E+03  
                1.80002           11.1019E+03 
                1.80063           11.0949E+03 
                1.80124           11.0882E+03 
                1.80186           11.0816E+03 
                1.80247           11.0751E+03 
                1.8027            11.0727E+03 
                1.80304           11.0692E+03 
                1.80356           11.0639E+03 
                1.80433           11.056E+03  
                1.80511           11.0481E+03 
                1.80569           11.0422E+03 
                1.80627           11.0361E+03 
                1.80649           11.0338E+03 
                1.80682           11.0304E+03 
                1.80715           11.0269E+03 
                1.80747           11.0234E+03 
                1.8078            11.0198E+03 
                1.80813           11.0162E+03 
                1.80845           11.0126E+03 
                1.80858           11.0112E+03 
                1.80876           11.0091E+03 
                1.80904           11.006E+03  
                1.80945           11.0012E+03 
                1.80986           10.9963E+03 
                1.81028           10.9913E+03 
                1.81069           10.9864E+03 
                1.81111           10.9813E+03 
                1.81152           10.9762E+03 
                1.81194           10.9711E+03 
                1.81235           10.966E+03  
                1.81276           10.9608E+03 
                1.81318           10.9557E+03 
                1.81359           10.9505E+03 
                1.81401           10.9452E+03 
                1.81442           10.94E+03   
                1.81483           10.9346E+03 
                1.81525           10.9292E+03 
                1.81566           10.9237E+03 
                1.81608           10.9181E+03 
                1.81649           10.9122E+03 
                1.81691           10.9062E+03 
                1.81732           10.8999E+03 
                1.81773           10.8933E+03 
                1.81815           10.8864E+03 
                1.81856           10.8791E+03 
                1.81898           10.8713E+03 
                1.81913           10.8683E+03 
                1.81937           10.8637E+03 
                1.81972           10.8564E+03 
                1.81985           10.8536E+03 
                1.82004           10.8493E+03 
                1.82034           10.8425E+03 
                1.82078           10.8317E+03 
                1.82122           10.8202E+03 
                1.82167           10.8079E+03 
                1.82211           10.795E+03  
                1.82255           10.7813E+03 
                1.82299           10.7671E+03 
                1.82344           10.7522E+03 
                1.82388           10.7369E+03 
                1.82432           10.7211E+03 
                1.82476           10.7049E+03 
                1.82521           10.6885E+03 
                1.82565           10.672E+03  
                1.82609           10.6555E+03 
                1.82653           10.6391E+03 
                1.82698           10.623E+03  
                1.82742           10.6072E+03 
                1.82786           10.592E+03  
                1.8283            10.5773E+03 
                1.82875           10.5634E+03 
                1.82919           10.5502E+03 
                1.82963           10.5379E+03 
                1.83007           10.5265E+03 
                1.83052           10.5159E+03 
                1.83068           10.5121E+03 
                1.83093           10.5066E+03 
                1.83131           10.4991E+03 
                1.83145           10.4963E+03 
                1.83166           10.4923E+03 
                1.83197           10.4868E+03 
                1.83244           10.4792E+03 
                1.83292           10.4722E+03 
                1.83339           10.4657E+03 
                1.83386           10.4593E+03 
                1.83433           10.453E+03  
                1.83481           10.4465E+03 
                1.83528           10.4396E+03 
                1.83575           10.4322E+03 
                1.83623           10.424E+03  
                1.8367            10.4149E+03 
                1.83717           10.4048E+03 
                1.83764           10.3935E+03 
                1.83812           10.3812E+03 




