
              u_80_45_exp        f_80_45_exp

                0.                -0.         
               39.94E-09         112.026E-03  
              319.041E-09        534.836E-03  
                1.70601E-06        1.30133    
                7.53894E-06        2.89055    
               29.9775E-06         5.98404    
              111.812E-06         11.731      
              399.954E-06         23.0505     
                1.38837E-03       49.6602     
                4.70264E-03      123.489      
               15.5512E-03       344.939      
               49.9952E-03         1.02076E+03
              154.626E-03          3.03878E+03
              450.699E-03          8.70822E+03
                1.18929           20.6808E+03 
                1.2446            21.6997E+03 
                1.30068           21.7205E+03 
                1.31482           21.7333E+03 
                1.329             21.7055E+03 
                1.35035           21.5958E+03 
                1.38256           21.1972E+03 
                1.41497           20.5644E+03 
                1.44758           19.7176E+03 
                1.48037           18.7157E+03 
                1.51333           17.6901E+03 
                1.56306           16.5374E+03 
                1.5818            16.192E+03  
                1.60999           15.8543E+03 
                1.65244           15.6904E+03 
                1.6551            15.6907E+03 
                1.65776           15.6856E+03 
                1.66042           15.6796E+03 
                1.66441           15.6723E+03 
                1.67041           15.6664E+03 
                1.67265           15.6658E+03 
                1.67603           15.6652E+03 
                1.67729           15.6655E+03 
                1.67919           15.6659E+03 
                1.68204           15.667E+03  
                1.68631           15.6699E+03 
                1.69059           15.6741E+03 
                1.69486           15.6788E+03 
                1.70128           15.6825E+03 
                1.71091           15.6572E+03 
                1.72537           15.5098E+03 
                1.7471            15.1397E+03 
                1.77975           14.5693E+03 
                1.82886           13.8571E+03 
                1.90272           12.8894E+03 
                2.01377           11.6208E+03 
                2.01551           11.6011E+03 
                2.01724           11.5817E+03 
                2.01985           11.552E+03  
                2.02375           11.5074E+03 
                2.02961           11.4414E+03 
                2.0384            11.3478E+03 
                2.05157           11.2163E+03 
                2.07134           10.9954E+03 
                2.07874           10.9063E+03 
                2.08152           10.872E+03  
                2.08569           10.8189E+03 
                2.08725           10.7986E+03 
                2.08959           10.7676E+03 
                2.09311           10.72E+03   
                2.09838           10.6468E+03 
                2.10629           10.538E+03  
                2.11814           10.3888E+03 
                2.13592           10.1931E+03 
                2.16255            9.90276E+03
                2.17253            9.78872E+03
                2.1875             9.61402E+03
                2.1931             9.54588E+03
                2.19521            9.52009E+03
                2.19836            9.48202E+03
                2.19954            9.46751E+03
                2.20131            9.44595E+03
                2.20397            9.41367E+03
                2.20497            9.40137E+03
                2.20647            9.38307E+03
                2.20871            9.35575E+03
                2.21207            9.31494E+03
                2.21712            9.25445E+03
                2.22469            9.16762E+03
                2.23603            9.05419E+03
                2.25302            8.90349E+03
                2.25939            8.84501E+03
                2.26893            8.75213E+03
                2.27251            8.71417E+03
                2.27385            8.69956E+03
                2.27587            8.67757E+03
                2.27888            8.64299E+03
                2.28001            8.62943E+03
                2.28171            8.60869E+03
                2.28426            8.57611E+03
                2.28521            8.56342E+03
                2.28664            8.54403E+03
                2.28879            8.51389E+03
                2.29201            8.46605E+03
                2.29683            8.38961E+03
                2.30407            8.27123E+03
                2.30678            8.22555E+03
                2.31085            8.15944E+03
                2.31237            8.13437E+03
                2.31466            8.09804E+03
                2.31551            8.08433E+03
                2.3168             8.06424E+03
                2.31873            8.03493E+03
                2.32162            7.99234E+03
                2.32271            7.97619E+03
                2.32433            7.95259E+03
                2.32677            7.91767E+03
                2.33043            7.86317E+03
                2.33591            7.76538E+03
                2.34413            7.56708E+03
                2.35645            7.21638E+03
                2.3749             6.78642E+03
                2.3818             6.64248E+03
                2.39216            6.48515E+03
                2.39604            6.43124E+03
                2.39749            6.41188E+03
                2.39967            6.38607E+03
                2.40294            6.35226E+03
                2.40784            6.30953E+03
                2.41274            6.2723E+03 
                2.41764            6.23934E+03
                2.42498            6.1938E+03 
                2.43597            6.10524E+03
                2.45244            5.90788E+03
                2.47707            5.58798E+03
                2.51384            5.17084E+03
                2.5686             4.52653E+03
                2.64975            3.5277E+03 
                2.67984            3.13067E+03
                2.69108            2.98318E+03
                2.69528            2.92816E+03
                2.70158            2.85392E+03
                2.70394            2.82419E+03
                2.70483            2.8129E+03 
                2.70615            2.79695E+03
                2.70814            2.7739E+03 
                2.70889            2.76489E+03
                2.71001            2.75175E+03
                2.71169            2.7325E+03 
                2.7142             2.70403E+03
                2.71797            2.6618E+03 
                2.72362            2.59922E+03
                2.73207            2.50399E+03
                2.74473            2.34885E+03
                2.76363            2.12531E+03
                2.79182            1.85973E+03
                2.8337             1.50477E+03
                2.84928            1.35064E+03
                2.8551             1.29246E+03
                2.85728            1.27061E+03
                2.86055            1.24227E+03
                2.86178            1.23069E+03
                2.86361            1.21466E+03
                2.86637            1.19147E+03
                2.8674             1.18187E+03
                2.86894            1.16837E+03
                2.87126            1.14885E+03
                2.87213            1.14086E+03
                2.87344            1.12951E+03
                2.87539            1.11314E+03
                2.87832            1.08906E+03
                2.88271            1.05371E+03
                2.88928            1.00313E+03
                2.89174          981.299      
                2.89543          953.594      
                2.90095          916.295      
                2.90922          867.838      
                2.92157          790.973      
                2.94001          629.909      
                2.96745          411.783      
                3.0081           259.921      
                3.02318          197.001      
                3.04564          165.629      
                3.054            139.658      
                3.05713          129.606      
                3.06182          123.289      
                3.06883          114.981      
                3.07146          107.273      
                3.07539          101.108      
                3.07686           96.8969     
                3.07907           92.9259     
                3.08237           87.7367     
                3.08732           77.7538     
                3.09473           50.7434     
                3.10579          -10.632      
                3.12228          -78.4728     
                3.14677          -67.9256     
                3.18295           48.0522     
                3.23595          265.265      
                3.31247          726.737      
                3.42018            1.62132E+03
                3.56485            2.82444E+03
                3.61364            3.12563E+03
                3.68106            3.63063E+03
                3.68703            3.53905E+03
                3.69586            3.60867E+03
                3.69914            3.62313E+03
                3.70401            3.66757E+03
                3.70583            3.67706E+03
                3.70855            3.70204E+03
                3.70956            3.70806E+03
                3.71108            3.72175E+03
                3.71165            3.72551E+03
                3.7125             3.73293E+03
                3.71377            3.74531E+03
                3.71425            3.74871E+03
                3.71496            3.7549E+03 
                3.71603            3.76514E+03
                3.71763            3.78064E+03
                3.71923            3.79462E+03
                3.72082            3.8079E+03 
                3.7232             3.82848E+03
                3.72674            3.85727E+03
                3.73201            3.89619E+03
                3.73981            3.94367E+03
                3.75126            3.98305E+03
                3.7679             3.99924E+03
                3.79165            3.99161E+03
                3.82454            3.89276E+03
                3.86785            3.55441E+03
                3.91966            2.84889E+03
                3.97024            1.98196E+03
                3.99841            1.67069E+03
                4.                 1.76502E+03




