
                  X              uf-45-exp    

                0.                -0.         
               39.94E-09           1.05619E-03
              319.041E-09          7.76202E-03
                1.70601E-06       36.7966E-03 
                7.53894E-06      155.94E-03   
               29.9775E-06       610.084E-03  
              111.812E-06          2.26048    
              399.954E-06          8.0623     
                1.38837E-03       27.9457     
                4.70264E-03       94.5689     
               15.5512E-03       312.534      
               49.9952E-03         1.0044E+03 
              154.626E-03          3.10593E+03
              450.699E-03          9.01815E+03
              456.678E-03          9.12866E+03
              462.697E-03          9.22742E+03
              468.757E-03          9.32148E+03
              470.278E-03          9.34311E+03
              471.802E-03          9.36112E+03
              473.328E-03          9.37806E+03
              473.71E-03           9.38233E+03
              474.283E-03          9.38868E+03
              475.144E-03          9.39861E+03
              475.466E-03          9.40242E+03
              475.951E-03          9.40813E+03
              476.678E-03          9.41635E+03
              477.77E-03           9.42756E+03
              479.411E-03          9.44422E+03
              480.027E-03          9.4507E+03 
              480.951E-03          9.461E+03  
              482.34E-03           9.47614E+03
              484.426E-03          9.4972E+03 
              487.565E-03          9.52226E+03
              492.292E-03          9.56228E+03
              497.042E-03          9.60753E+03
              501.815E-03          9.65159E+03
              509.018E-03          9.71975E+03
              519.919E-03          9.76654E+03
              522.663E-03          9.75622E+03
              523.35E-03           9.75072E+03
              524.381E-03          9.73233E+03
              524.768E-03          9.72395E+03
              525.349E-03          9.70725E+03
              525.566E-03          9.70038E+03
              525.893E-03          9.68681E+03
              526.384E-03          9.62677E+03
              526.568E-03          9.59634E+03
              526.844E-03          9.51889E+03
              527.12E-03           9.38415E+03
              527.396E-03          9.15215E+03
              527.672E-03          8.77899E+03
              527.949E-03          8.24284E+03
              528.363E-03          7.22935E+03
              528.519E-03          6.83308E+03
              528.752E-03          6.26329E+03
              529.102E-03          5.63731E+03
              529.628E-03          5.3481E+03 
              530.416E-03          5.74313E+03
              531.6E-03            6.37723E+03
              533.379E-03          6.54047E+03
              534.046E-03          6.51449E+03
              535.049E-03          6.41186E+03
              536.554E-03          6.21547E+03
              536.836E-03          6.17677E+03
              537.119E-03          6.13381E+03
              537.543E-03          6.04554E+03
              537.702E-03          6.00822E+03
              537.94E-03           5.93768E+03
              538.03E-03           5.90886E+03
              538.164E-03          5.85856E+03
              538.365E-03          5.74631E+03
              538.668E-03          5.35783E+03
              539.121E-03          4.26435E+03
              539.291E-03          3.7951E+03 
              539.546E-03          3.04767E+03
              539.929E-03          2.06736E+03
              540.312E-03          1.32804E+03
              540.695E-03        850.867      
              541.078E-03        618.985      
              541.461E-03        591.015      
              541.845E-03        710.505      
              542.42E-03           1.01391E+03
              542.636E-03          1.13429E+03
              542.96E-03           1.29601E+03
              543.284E-03          1.41175E+03
              543.608E-03          1.46475E+03
              544.095E-03          1.41572E+03
              544.824E-03          1.22653E+03
              545.92E-03         940.178      
              547.566E-03        551.167      
              550.039E-03        163.208      
              553.759E-03         70.6219     
              559.362E-03        430.237      
              567.818E-03        958.196      
              580.618E-03          1.12349E+03
              600.079E-03          1.04292E+03
              629.847E-03          1.01403E+03
              675.777E-03          1.00318E+03
              747.465E-03        973.23       
              754.353E-03        971.826      
              764.738E-03        951.669      
              775.186E-03        943.216      
              785.696E-03        939.668      
              801.578E-03        936.781      
              825.658E-03        932.044      
              834.766E-03        927.312      
              838.193E-03        925.403      
              843.345E-03        921.619      
              845.28E-03         919.958      
              846.006E-03        919.257      
              847.096E-03        917.883      
              847.505E-03        917.357      
              848.118E-03        916.371      
              848.348E-03        915.991      
              848.693E-03        915.313      
              849.211E-03        913.87       
              849.405E-03        913.267      
              849.697E-03        912.068      
              850.134E-03        908.188      
              850.79E-03         885.801      
              851.774E-03        841.678      
              852.759E-03        803.813      
              853.744E-03        763.505      
              855.222E-03        729.964      
              857.443E-03        738.325      
              860.777E-03        740.026      
              865.789E-03        719.091      
              873.33E-03         708.781      
              884.693E-03        719.889      
              901.85E-03         729.482      
              927.837E-03        721.929      
              967.373E-03        705.671      
                1.02788          698.699      
                1.02824          700.433      
                1.02877          700.211      
                1.02958          699.082      
                1.03079          690.321      
                1.03261          663.591      
                1.03534          640.36       
                1.03636          635.596      
                1.0379           635.008      
                1.04021          636.354      
                1.04367          633.829      
                1.04888          628.867      
                1.0567           628.539      
                1.06848          633.873      
                1.08623          638.065      
                1.09292          638.919      
                1.10297          638.643      
                1.10675          638.491      
                1.10817          638.403      
                1.1103           638.134      
                1.1111           638.066      
                1.1123           637.865      
                1.11409          637.162      
                1.11679          634.51       
                1.12085          627.237      
                1.12694          620.252      
                1.13609          615.42       
                1.14988          613.644      
                1.17066          614.047      
                1.20206          613.544      
                1.24967          613.261      
                1.32215          613.269      
                1.329            613.418      
                1.33158          613.08       
                1.33544          612.45       
                1.33689          612.218      
                1.33743          612.12       
                1.33825          611.898      
                1.33855          611.817      
                1.33901          611.641      
                1.3397           611.044      
                1.34074          608.422      
                1.34229          593.229      
                1.34384          586.016      
                1.34539          591.784      
                1.34771          593.504      
                1.35121          583.787      
                1.35645          576.262      
                1.36433          572.798      
                1.36728          572.23       
                1.37172          572.852      
                1.37214          572.995      
                1.37229          573.032      
                1.37253          573.078      
                1.37288          573.152      
                1.37341          573.255      
                1.3736           573.297      
                1.3739           573.336      
                1.37435          573.258      
                1.37501          571.943      
                1.37601          563.168      
                1.37752          546.476      
                1.37977          532.396      
                1.38315          530.799      
                1.38823          534.16       
                1.39586          532.728      
                1.40732          532.453      
                1.42455          535.848      
                1.4505           538.195      
                1.47657          536.637      
                1.50275          536.969      
                1.5422           538.221      
                1.60179          538.353      
                1.69194          539.981      
                1.70043          540.244      
                1.70362          540.065      
                1.70482          539.918      
                1.70526          539.844      
                1.70594          539.635      
                1.70694          538.003      
                1.70846          470.199      
                1.70997          397.055      
                1.71035          379.952      
                1.71092          363.379      
                1.71177          366.846      
                1.71262          380.261      
                1.71347          377.078      
                1.71475          347.913      
                1.71666          341.827      
                1.71954          355.322      
                1.72026          357.885      
                1.72098          357.089      
                1.72206          345.834      
                1.72367          319.899      
                1.7261           294.727      
                1.72974          290.112      
                1.73521          298.867      
                1.74341          307.383      
                1.75572          316.782      
                1.7742           321.685      
                1.80197          322.004      
                1.8437           324.319      
                1.90644          328.5        
                1.93             329.898      
                1.93884          320.518      
                1.94768          320.486      
                1.95652          321.167      
                1.96978          321.709      
                1.98967          322.636      
                2.01952          324.29       
                2.06427          327.022      
                2.13133          331.117      
                2.23157          337.883      
                2.38059          346.993      
                2.59921          363.649      
                2.67912          368.986      
                2.70874          370.808      
                2.7198           371.522      
                2.73633          372.759      
                2.761            374.012      
                2.78552          375.087      
                2.78704          374.795      
                2.78762          374.875      
                2.78847          375.041      
                2.7888           375.087      
                2.78928          375.167      
                2.79             375.27       
                2.79109          375.229      
                2.79217          374.599      
                2.79326          373.271      
                2.79489          371.688      
                2.79733          371.947      
                2.80098          372.986      
                2.80646          373.337      
                2.81466          373.671      
                2.82693          374.382      
                2.84525          375.438      
                2.87254          376.895      
                2.91305          379.025      
                2.9281           379.7        
                2.93372          379.982      
                2.94214          380.565      
                2.94293          380.417      
                2.94411          380.547      
                2.94455          380.573      
                2.94522          380.641      
                2.94621          380.662      
                2.94659          380.632      
                2.94673          380.618      
                2.94694          380.6        
                2.94725          380.533      
                2.94737          380.495      
                2.94755          380.421      
                2.94781          380.164      
                2.94821          377.597      
                2.94881          357.814      
                2.94971          315.563      
                2.95105          313.581      
                2.95307          344.852      
                2.95382          352.656      
                2.95495          352.473      
                2.95538          350.917      
                2.95601          340.221      
                2.95665          308.234      
                2.95729          256.957      
                2.95824          211.313      
                2.9592           223.568      
                2.96015          257.502      
                2.96051          270.643      
                2.96064          275.486      
                2.96084          282.127      
                2.96114          290.14       
                2.9616           300.914      
                2.96205          312.901      
                2.9625           320.979      
                2.96318          290.351      
                2.9642           190.062      
                2.96572          138.451      
                2.96801          178.357      
                2.97143          210.645      
                2.97656          220.131      
                2.98423          225.961      
                2.99571          225.21       
                3.01282          219.594      
                3.03827          218.616      
                3.07596          220.482      
                3.13135          222.642      
                3.2117           223.339      
                3.32575          226.845      
                3.3664           227.878      
                3.42511          229.626      




