
              u_100_45_exp       f_100_45_exp 

                0.                -0.         
               39.94E-09         112.085E-03  
              319.041E-09        535.177E-03  
                1.70601E-06        1.29607    
                7.53894E-06        2.82675    
               29.9775E-06         5.66361    
              111.812E-06         10.7015     
              399.954E-06         20.2195     
                1.38837E-03       41.5762     
                4.70264E-03       98.7492     
               15.5512E-03       266.856      
               49.9952E-03       774.882      
              154.626E-03          2.2852E+03 
              450.699E-03          6.52032E+03
                1.18929           15.2593E+03 
                1.2446            16.0871E+03 
                1.30068           16.0944E+03 
                1.35749           16.0611E+03 
                1.3718            16.0672E+03 
                1.38615           16.0314E+03 
                1.40775           15.8744E+03 
                1.44032           15.2736E+03 
                1.47307           14.2947E+03 
                1.50599           13.0876E+03 
                1.51838           12.6226E+03 
                1.52303           12.4459E+03 
                1.53001           12.1736E+03 
                1.53263           12.0727E+03 
                1.53361           12.035E+03  
                1.53509           11.9777E+03 
                1.5373            11.8914E+03 
                1.54062           11.7624E+03 
                1.54394           11.6347E+03 
                1.54727           11.5084E+03 
                1.55225           11.3231E+03 
                1.55974           11.0606E+03 
                1.57098           10.7141E+03 
                1.58788           10.3068E+03 
                1.61329            9.92547E+03
                1.61966            9.85022E+03
                1.62603            9.7835E+03 
                1.62842            9.76108E+03
                1.632              9.73022E+03
                1.63335            9.71963E+03
                1.63537            9.70457E+03
                1.63839            9.68461E+03
                1.63953            9.67789E+03
                1.64123            9.66845E+03
                1.64379            9.65613E+03
                1.64762            9.64237E+03
                1.65338            9.63257E+03
                1.66202            9.64089E+03
                1.67499            9.68771E+03
                1.69449            9.75529E+03
                1.72378            9.80219E+03
                1.76786            9.89331E+03
                1.83421            9.96583E+03
                1.9341             9.70981E+03
                1.97163            9.57255E+03
                1.9857             9.51405E+03
                2.00682            9.41953E+03
                2.01473            9.38333E+03
                2.02661            9.32945E+03
                2.03106            9.30906E+03
                2.03273            9.3014E+03 
                2.03524            9.2901E+03 
                2.03618            9.28583E+03
                2.03759            9.27949E+03
                2.0397             9.27006E+03
                2.04287            9.25605E+03
                2.04762            9.2354E+03 
                2.05475            9.20543E+03
                2.06545            9.16258E+03
                2.08149            9.08953E+03
                2.10554            8.92645E+03
                2.14157            8.69984E+03
                2.15507            8.62459E+03
                2.17531            8.57238E+03
                2.18289            8.55947E+03
                2.18479            8.55643E+03
                2.18668            8.55452E+03
                2.18953            8.55343E+03
                2.19059            8.55302E+03
                2.19219            8.55304E+03
                2.19459            8.55415E+03
                2.19549            8.55455E+03
                2.19684            8.55558E+03
                2.19886            8.5579E+03 
                2.20189            8.56285E+03
                2.20644            8.57325E+03
                2.21326            8.59424E+03
                2.22349            8.62934E+03
                2.23882            8.65813E+03
                2.26177            8.64156E+03
                2.29614            8.59651E+03
                2.34749            8.5514E+03 
                2.424              8.39013E+03
                2.45251            8.28104E+03
                2.49506            8.04998E+03
                2.51095            7.93617E+03
                2.53471            7.7557E+03 
                2.53694            7.73064E+03
                2.54027            7.7019E+03 
                2.54152            7.69096E+03
                2.54339            7.67547E+03
                2.5462             7.65245E+03
                2.54725            7.64322E+03
                2.54883            7.62977E+03
                2.5512             7.60974E+03
                2.55209            7.60178E+03
                2.55342            7.59013E+03
                2.55542            7.57282E+03
                2.55841            7.54664E+03
                2.5629             7.50665E+03
                2.56962            7.44543E+03
                2.5797             7.34767E+03
                2.59477            7.15671E+03
                2.6173             6.76733E+03
                2.62572            6.60119E+03
                2.62888            6.53722E+03
                2.63361            6.44402E+03
                2.64069            6.30606E+03
                2.64246            6.26931E+03
                2.64423            6.2341E+03 
                2.64689            6.18341E+03
                2.65086            6.11058E+03
                2.65682            6.00917E+03
                2.65905            5.97026E+03
                2.65989            5.95567E+03
                2.66114            5.93493E+03
                2.66303            5.90532E+03
                2.66585            5.86275E+03
                2.67008            5.80122E+03
                2.67641            5.71192E+03
                2.68274            5.62685E+03
                2.68906            5.55176E+03
                2.69852            5.46162E+03
                2.71267            5.32081E+03
                2.73381            5.11012E+03
                2.76532            4.94515E+03
                2.76827            4.91433E+03
                2.77267            4.89318E+03
                2.77432            4.88527E+03
                2.7768             4.87689E+03
                2.77773            4.87338E+03
                2.77912            4.86921E+03
                2.78121            4.86442E+03
                2.78434            4.85934E+03
                2.78902            4.85547E+03
                2.79604            4.85495E+03
                2.80654            4.85065E+03
                2.82224            4.8009E+03 
                2.84566            4.68912E+03
                2.88048            4.67132E+03
                2.93201            4.75981E+03
                3.00761            4.48254E+03
                3.11691            3.66434E+03
                3.15654            3.27551E+03
                3.21454            2.84378E+03
                3.2981             2.25371E+03
                3.32833            1.9778E+03 
                3.37252            1.6773E+03 
                3.43609            1.19343E+03
                3.52519          551.666      
                3.64414          -78.8713     
                3.7884          -273.372      
                3.92874          411.569      
                3.99845            1.41686E+03
                4.                 1.67777E+03




