
                  X                uf-80      

                0.                -0.         
               39.94E-09         144.258E-03  
              319.041E-09        746.54E-03   
                1.70601E-06        1.9485     
                7.53894E-06        4.44843    
               29.9775E-06         9.54911    
              111.812E-06         21.6481     
              399.954E-06         56.0724     
                1.38837E-03      163.196      
                4.70264E-03      506.743      
               15.5512E-03         1.60972E+03
               49.9952E-03         5.08309E+03
              154.626E-03         15.5979E+03 
              212.548E-03         21.5083E+03 
              319.557E-03         32.1591E+03 
              322.357E-03         32.923E+03  
              326.58E-03          33.3298E+03 
              328.172E-03         33.4786E+03 
              328.769E-03         33.5342E+03 
              329.667E-03         33.6101E+03 
              331.017E-03         33.7184E+03 
              333.047E-03         33.871E+03  
              335.083E-03         34.016E+03  
              337.126E-03         34.1512E+03 
              339.176E-03         34.2778E+03 
              339.69E-03          34.3135E+03 
              340.461E-03         34.3603E+03 
              341.619E-03         34.4255E+03 
              342.78E-03          34.4902E+03 
              343.942E-03         34.5541E+03 
              345.107E-03         34.6177E+03 
              346.274E-03         34.6816E+03 
              347.443E-03         34.7466E+03 
              348.614E-03         34.8131E+03 
              350.375E-03         34.9128E+03 
              352.14E-03          35.0127E+03 
              353.911E-03         35.1062E+03 
              355.686E-03         35.1911E+03 
              357.465E-03         35.2705E+03 
              359.25E-03          35.3518E+03 
              360.591E-03         35.4194E+03 
              361.936E-03         35.4947E+03 
              363.282E-03         35.5817E+03 
              364.632E-03         35.6825E+03 
              365.984E-03         35.7972E+03 
              367.339E-03         35.925E+03  
              369.376E-03         36.1383E+03 
              372.444E-03         36.4963E+03 
              377.07E-03          37.0739E+03 
              381.727E-03         37.6607E+03 
              386.414E-03         38.2238E+03 
              393.501E-03         38.9759E+03 
              404.26E-03          39.9946E+03 
              415.171E-03         41.013E+03  
              426.235E-03         42.0625E+03 
              430.422E-03         42.4873E+03 
              431.998E-03         42.6479E+03 
              432.59E-03          42.7083E+03 
              433.479E-03         42.7939E+03 
              434.813E-03         42.9206E+03 
              436.149E-03         43.049E+03  
              437.488E-03         43.1781E+03 
              438.829E-03         43.3077E+03 
              440.172E-03         43.4375E+03 
              441.517E-03         43.5673E+03 
              442.864E-03         43.6966E+03 
              444.213E-03         43.8244E+03 
              445.565E-03         43.9497E+03 
              446.918E-03         44.0707E+03 
              448.952E-03         44.2362E+03 
              452.013E-03         44.4533E+03 
              453.163E-03         44.5378E+03 
              454.892E-03         44.6505E+03 
              457.49E-03          44.8215E+03 
              461.403E-03         45.1215E+03 
              467.304E-03         45.6744E+03 
              476.227E-03         46.6015E+03 
              480.721E-03         47.0926E+03 
              485.237E-03         47.5608E+03 
              488.638E-03         47.9037E+03 
              492.05E-03          48.2262E+03 
              495.475E-03         48.5277E+03 
              497.192E-03         48.6783E+03 
              499.773E-03         48.8833E+03 
              502.36E-03          49.0819E+03 
              504.955E-03         49.2779E+03 
              507.556E-03         49.4773E+03 
              511.47E-03          49.7983E+03 
              517.37E-03          50.3521E+03 
              518.85E-03          50.5091E+03 
              520.332E-03         50.6606E+03 
              522.559E-03         50.8908E+03 
              524.792E-03         51.1289E+03 
              527.029E-03         51.3711E+03 
              530.393E-03         51.731E+03  
              531.657E-03         51.8722E+03 
              533.556E-03         52.073E+03  
              536.412E-03         52.3633E+03 
              539.275E-03         52.6458E+03 
              542.145E-03         52.9176E+03 
              545.023E-03         53.1791E+03 
              549.354E-03         53.5504E+03 
              555.882E-03         54.1017E+03 
              558.34E-03          54.3237E+03 
              559.263E-03         54.4077E+03 
              560.649E-03         54.5276E+03 
              562.731E-03         54.7082E+03 
              564.295E-03         54.8486E+03 
              566.645E-03         55.0619E+03 
              569.E-03            55.284E+03  
              571.36E-03          55.5132E+03 
              573.724E-03         55.7482E+03 
              574.612E-03         55.8404E+03 
              575.945E-03         55.9751E+03 
              577.948E-03         56.1764E+03 
              580.958E-03         56.4765E+03 
              583.22E-03          56.7035E+03 
              585.487E-03         56.9262E+03 
              588.895E-03         57.2505E+03 
              592.313E-03         57.5714E+03 
              595.74E-03          57.8863E+03 
              599.177E-03         58.1949E+03 
              602.624E-03         58.4986E+03 
              603.487E-03         58.5798E+03 
              604.35E-03          58.657E+03  
              605.647E-03         58.769E+03  
              607.594E-03         58.9351E+03 
              610.521E-03         59.1833E+03 
              613.455E-03         59.4331E+03 
              616.395E-03         59.6823E+03 
              619.342E-03         59.9306E+03 
              623.775E-03         60.3004E+03 
              627.109E-03         60.5861E+03 
              632.127E-03         61.0169E+03 
              637.164E-03         61.4655E+03 
              642.22E-03          61.9279E+03 
              646.024E-03         62.2847E+03 
              646.977E-03         62.3797E+03 
              647.334E-03         62.4152E+03 
              647.87E-03          62.4664E+03 
              648.675E-03         62.5415E+03 
              648.977E-03         62.5703E+03 
              649.43E-03          62.613E+03  
              650.11E-03          62.6766E+03 
              651.13E-03          62.7719E+03 
              652.662E-03         62.915E+03  
              653.237E-03         62.9707E+03 
              654.1E-03           63.0523E+03 
              655.395E-03         63.1733E+03 
              657.341E-03         63.3531E+03 
              659.288E-03         63.5302E+03 
              661.239E-03         63.6964E+03 
              663.192E-03         63.8383E+03 
              665.148E-03         63.9349E+03 
              667.107E-03         63.9599E+03 
              669.068E-03         63.8885E+03 
              671.032E-03         63.706E+03  
              671.524E-03         63.6554E+03 
              672.015E-03         63.5966E+03 
              672.753E-03         63.4903E+03 
              673.86E-03          63.2952E+03 
              675.523E-03         62.9432E+03 
              677.187E-03         62.5618E+03 
              678.853E-03         62.1822E+03 
              680.521E-03         61.834E+03  
              683.027E-03         61.4342E+03 
              685.537E-03         61.158E+03  
              688.051E-03         60.9596E+03 
              690.57E-03          60.7826E+03 
              693.093E-03         60.5893E+03 
              693.724E-03         60.5426E+03 
              694.356E-03         60.4924E+03 
              695.304E-03         60.4102E+03 
              696.727E-03         60.2792E+03 
              697.26E-03          60.231E+03  
              698.062E-03         60.1574E+03 
              699.265E-03         60.0531E+03 
              701.07E-03          59.9427E+03 
              703.783E-03         59.9583E+03 
              704.462E-03         59.9784E+03 
              705.141E-03         60.01E+03   
              706.161E-03         60.0866E+03 
              707.691E-03         60.2691E+03 
              708.266E-03         60.3487E+03 
              709.128E-03         60.4857E+03 
              710.421E-03         60.7236E+03 
              712.364E-03         61.1083E+03 
              715.282E-03         61.5981E+03 
              716.013E-03         61.717E+03  
              716.743E-03         61.8241E+03 
              717.84E-03          61.955E+03  
              719.487E-03         62.0819E+03 
              721.135E-03         62.146E+03  
              722.785E-03         62.1607E+03 
              725.263E-03         62.1325E+03 
              727.125E-03         62.1095E+03 
              729.921E-03         62.086E+03  
              732.721E-03         62.0543E+03 
              735.527E-03         61.9674E+03 
              738.337E-03         61.79E+03   
              741.152E-03         61.5162E+03 
              741.857E-03         61.4452E+03 
              742.562E-03         61.3664E+03 
              743.62E-03          61.2341E+03 
              745.208E-03         61.016E+03  
              747.592E-03         60.6786E+03 
              749.981E-03         60.3618E+03 
              752.372E-03         60.0803E+03 
              754.768E-03         59.8352E+03 
              757.166E-03         59.6144E+03 
              757.766E-03         59.5631E+03 
              758.367E-03         59.5115E+03 
              759.267E-03         59.4333E+03 
              760.62E-03          59.314E+03  
              762.65E-03          59.1234E+03 
              763.158E-03         59.0771E+03 
              763.666E-03         59.0292E+03 
              764.429E-03         58.9535E+03 
              765.573E-03         58.8341E+03 
              767.291E-03         58.6493E+03 
              769.871E-03         58.386E+03  
              772.455E-03         58.1553E+03 
              775.043E-03         57.9533E+03 
              777.635E-03         57.7607E+03 
              778.283E-03         57.7157E+03 
              778.932E-03         57.669E+03  
              779.905E-03         57.595E+03  
              781.367E-03         57.4743E+03 
              783.561E-03         57.2663E+03 
              784.384E-03         57.187E+03  
              785.62E-03          57.0574E+03 
              787.476E-03         56.8526E+03 
              788.172E-03         56.7771E+03 
              789.217E-03         56.6624E+03 
              790.786E-03         56.4983E+03 
              793.142E-03         56.2848E+03 
              794.026E-03         56.2125E+03 
              795.353E-03         56.1109E+03 
              797.345E-03         55.966E+03  
              799.34E-03          55.8133E+03 
              801.336E-03         55.636E+03  
              803.335E-03         55.4252E+03 
              806.337E-03         55.045E+03  
              809.344E-03         54.6414E+03 
              812.356E-03         54.2496E+03 
              815.373E-03         53.894E+03  
              816.128E-03         53.811E+03  
              816.883E-03         53.7289E+03 
              818.017E-03         53.6105E+03 
              819.718E-03         53.448E+03  
              821.421E-03         53.3013E+03 
              823.126E-03         53.1666E+03 
              825.685E-03         52.9662E+03 
              828.248E-03         52.739E+03  
              830.814E-03         52.4531E+03 
              833.384E-03         52.0902E+03 
              834.027E-03         51.9971E+03 
              834.67E-03          51.8974E+03 
              835.635E-03         51.7341E+03 
              837.084E-03         51.4636E+03 
              839.259E-03         51.0165E+03 
              841.436E-03         50.5457E+03 
              843.616E-03         50.0622E+03 
              844.707E-03         49.82E+03   
              845.798E-03         49.5752E+03 
              847.436E-03         49.2018E+03 
              849.896E-03         48.6226E+03 
              852.359E-03         48.0188E+03 
              854.824E-03         47.3855E+03 
              857.293E-03         46.7197E+03 
              857.911E-03         46.5535E+03 
              858.529E-03         46.384E+03  
              859.456E-03         46.1229E+03 
              860.847E-03         45.7173E+03 
              862.936E-03         45.0702E+03 
              865.027E-03         44.3763E+03 
              867.12E-03          43.6258E+03 
              869.216E-03         42.8105E+03 
              871.313E-03         41.9212E+03 
              873.413E-03         40.9458E+03 
              875.514E-03         39.871E+03  
              877.618E-03         38.6852E+03 
              879.724E-03         37.3825E+03 
              881.832E-03         35.9649E+03 
              883.942E-03         34.4433E+03 
              886.054E-03         32.8356E+03 
              886.582E-03         32.4304E+03 
              887.111E-03         32.0196E+03 
              887.904E-03         31.3927E+03 
              889.094E-03         30.4345E+03 
              890.88E-03          28.974E+03  
              892.221E-03         27.8728E+03 
              892.724E-03         27.46E+03   
              893.478E-03         26.8388E+03 
              894.611E-03         25.9069E+03 
              896.31E-03          24.5148E+03 
              898.012E-03         23.1307E+03 
              899.714E-03         21.7522E+03 
              901.418E-03         20.3763E+03 
              902.057E-03         19.8619E+03 
              903.016E-03         19.0885E+03 
              904.456E-03         17.9263E+03 
              904.996E-03         17.4914E+03 
              905.807E-03         16.8377E+03 
              907.023E-03         15.8555E+03 
              908.848E-03         14.3814E+03 
              909.533E-03         13.8303E+03 
              910.561E-03         13.0024E+03 
              912.104E-03         11.7638E+03 
              914.419E-03          9.95331E+03
              916.738E-03          8.25797E+03
              919.058E-03          6.75736E+03
              921.381E-03          5.52832E+03
              923.707E-03          4.63146E+03
              926.035E-03          4.1068E+03 
              928.365E-03          3.97384E+03
              930.697E-03          4.23119E+03
              934.2E-03            5.38024E+03
              937.709E-03          7.09831E+03
              938.587E-03          7.56338E+03
              939.465E-03          8.05476E+03
              940.783E-03          8.8402E+03 
              942.761E-03         10.0862E+03 
              945.732E-03         11.9761E+03 
              948.706E-03         13.7848E+03 
              951.685E-03         15.4358E+03 
              954.666E-03         16.8751E+03 
              959.146E-03         18.4266E+03 
              963.634E-03         19.2821E+03 
              964.757E-03         19.4557E+03 
              965.881E-03         19.5799E+03 
              967.568E-03         19.656E+03  
              970.1E-03           19.5216E+03 
              972.635E-03         19.1407E+03 
              975.172E-03         18.5201E+03 
              977.712E-03         17.676E+03  
              980.254E-03         16.6331E+03 
              984.073E-03         14.7401E+03 
              987.897E-03         12.6667E+03 
              989.811E-03         11.6064E+03 
              991.727E-03         10.5365E+03 
              994.603E-03          8.97672E+03
              997.483E-03          7.52284E+03
                1.00037            6.22228E+03
                1.00325            5.11291E+03
                1.00614            4.22193E+03
                1.00903            3.56633E+03
                1.01193            3.15386E+03
                1.01483            2.98421E+03
                1.01918            3.23665E+03
                1.02027            3.3354E+03 
                1.02136            3.46181E+03
                1.023              3.71351E+03
                1.02545            4.22016E+03
                1.02914            5.20402E+03
                1.03283            6.33373E+03
                1.03653            7.52098E+03
                1.04023            8.67839E+03
                1.04394            9.72431E+03
                1.04765           10.5885E+03 
                1.04904           10.8866E+03 
                1.05113           11.2539E+03 
                1.05427           11.6101E+03 
                1.05742           11.7608E+03 
                1.06056           11.7016E+03 
                1.06371           11.4398E+03 
                1.06845           10.6593E+03 
                1.06963           10.4461E+03 
                1.07081           10.2088E+03 
                1.07259            9.8077E+03 
                1.07526            9.1309E+03 
                1.07927            8.02614E+03
                1.08529            6.42171E+03
                1.09132            5.08381E+03
                1.09283            4.77459E+03
                1.09434            4.48358E+03
                1.09661            4.10285E+03
                1.10002            3.68301E+03
                1.10129            3.55079E+03
                1.10321            3.4009E+03 
                1.10609            3.29436E+03
                1.11041            3.39099E+03
                1.11474            3.71439E+03
                1.11908            4.21482E+03
                1.12342            4.83412E+03
                1.12505            5.08315E+03
                1.12749            5.47068E+03
                1.13117            6.0565E+03 
                1.13484            6.61505E+03
                1.13852            7.11422E+03
                1.14036            7.34765E+03
                1.14221            7.55774E+03

 MINIMUM        0.                -0.         
  AT X =                           0.         
 MAXIMUM        1.14221           63.9599E+03 
  AT X =                         667.107E-03  




