
               u_60_0_exp        f_60_0_exp 

                0.                -0.         
               39.94E-09         144.483E-03  
              319.041E-09        748.974E-03  
                1.70601E-06        1.98309    
                7.53894E-06        4.6788     
               29.9775E-06        10.4608     
              111.812E-06         24.6447     
              399.954E-06         65.9691     
                1.38837E-03      196.426      
                4.70264E-03      617.8        
               15.5512E-03         1.97492E+03
               49.9952E-03         6.25428E+03
              154.626E-03         19.2163E+03 
              212.548E-03         26.4853E+03 
              237.025E-03         29.5248E+03 
              246.594E-03         30.7099E+03 
              261.349E-03         32.4529E+03 
              284.381E-03         35.2695E+03 
              290.308E-03         36.0789E+03 
              296.303E-03         36.8104E+03 
              297.434E-03         36.9672E+03 
              299.136E-03         37.174E+03  
              299.775E-03         37.2548E+03 
              300.736E-03         37.3704E+03 
              302.18E-03          37.5417E+03 
              303.628E-03         37.715E+03  
              305.08E-03          37.8885E+03 
              306.536E-03         38.0622E+03 
              307.995E-03         38.2359E+03 
              309.458E-03         38.4095E+03 
              310.925E-03         38.5825E+03 
              312.396E-03         38.7543E+03 
              313.87E-03          38.9236E+03 
              315.349E-03         39.0891E+03 
              316.831E-03         39.249E+03  
              318.317E-03         39.4023E+03 
              319.806E-03         39.548E+03  
              321.3E-03           39.6863E+03 
              322.797E-03         39.8181E+03 
              324.298E-03         39.9451E+03 
              325.803E-03         40.0695E+03 
              327.312E-03         40.1939E+03 
              328.824E-03         40.3209E+03 
              330.34E-03          40.4529E+03 
              331.86E-03          40.5914E+03 
              334.147E-03         40.8124E+03 
              334.721E-03         40.8746E+03 
              335.294E-03         40.9347E+03 
              336.156E-03         41.0237E+03 
              337.45E-03          41.1612E+03 
              338.747E-03         41.3052E+03 
              340.047E-03         41.455E+03  
              341.349E-03         41.6109E+03 
              342.655E-03         41.7733E+03 
              344.617E-03         42.0295E+03 
              346.094E-03         42.2327E+03 
              348.314E-03         42.5417E+03 
              350.542E-03         42.8546E+03 
              352.778E-03         43.1642E+03 
              354.46E-03          43.3958E+03 
              356.991E-03         43.7315E+03 
              359.531E-03         44.0651E+03 
              362.081E-03         44.3918E+03 
              364.641E-03         44.7077E+03 
              367.21E-03          45.011E+03  
              369.789E-03         45.3026E+03 
              373.676E-03         45.7192E+03 
              377.584E-03         46.1324E+03 
              381.514E-03         46.543E+03  
              382.994E-03         46.7057E+03 
              385.218E-03         46.9368E+03 
              388.568E-03         47.2957E+03 
              389.408E-03         47.3953E+03 
              390.249E-03         47.4908E+03 
              391.512E-03         47.6334E+03 
              393.41E-03          47.8565E+03 
              396.267E-03         48.2129E+03 
              400.573E-03         48.7705E+03 
              404.903E-03         49.3295E+03 
              409.258E-03         49.8718E+03 
              415.836E-03         50.651E+03  
              418.317E-03         50.9588E+03 
              422.053E-03         51.3962E+03 
              425.806E-03         51.8409E+03 
              429.576E-03         52.2916E+03 
              433.364E-03         52.7474E+03 
              437.169E-03         53.2067E+03 
              440.991E-03         53.6682E+03 
              444.831E-03         54.1305E+03 
              450.622E-03         54.8181E+03 
              456.452E-03         55.5149E+03 
              462.321E-03         56.2168E+03 
              471.195E-03         57.2724E+03 
              480.157E-03         58.3518E+03 
              482.41E-03          58.6442E+03 
              485.801E-03         59.051E+03  
              490.909E-03         59.6603E+03 
              496.045E-03         60.278E+03  
              501.207E-03         60.8979E+03 
              505.097E-03         61.3676E+03 
              509.002E-03         61.8335E+03 
              512.921E-03         62.299E+03  
              513.904E-03         62.4229E+03 
              514.887E-03         62.5414E+03 
              516.364E-03         62.7148E+03 
              518.582E-03         62.9737E+03 
              519.416E-03         63.0748E+03 
              520.667E-03         63.2217E+03 
              522.547E-03         63.4399E+03 
              523.959E-03         63.606E+03  
              526.08E-03          63.8514E+03 
              528.206E-03         64.0982E+03 
              530.336E-03         64.3448E+03 
              532.47E-03          64.591E+03  
              533.005E-03         64.6557E+03 
              533.539E-03         64.7187E+03 
              534.341E-03         64.8108E+03 
              535.546E-03         64.9474E+03 
              537.355E-03         65.1512E+03 
              539.168E-03         65.3553E+03 
              540.983E-03         65.5577E+03 
              542.346E-03         65.7093E+03 
              544.395E-03         65.9294E+03 
              546.447E-03         66.1463E+03 
              548.503E-03         66.3575E+03 
              550.048E-03         66.5136E+03 
              552.369E-03         66.7344E+03 
              554.694E-03         66.9491E+03 
              557.025E-03         67.1609E+03 
              559.36E-03          67.3769E+03 
              561.7E-03           67.6049E+03 
              565.219E-03         67.9848E+03 
              568.749E-03         68.4074E+03 
              572.289E-03         68.8578E+03 
              575.841E-03         69.3225E+03 
              578.511E-03         69.6766E+03 
              581.188E-03         70.0275E+03 
              583.199E-03         70.2901E+03 
              586.222E-03         70.6692E+03 
              589.253E-03         71.0373E+03 
              592.292E-03         71.3907E+03 
              595.338E-03         71.7306E+03 
              599.921E-03         72.2195E+03 
              601.644E-03         72.4101E+03 
              604.233E-03         72.6843E+03 
              606.827E-03         72.9619E+03 
              609.427E-03         73.2445E+03 
              612.032E-03         73.5332E+03 
              614.642E-03         73.8285E+03 
              617.258E-03         74.1301E+03 
              619.879E-03         74.4369E+03 
              622.505E-03         74.7473E+03 
              625.136E-03         75.0591E+03 
              627.773E-03         75.3698E+03 
              630.415E-03         75.6764E+03 
              634.388E-03         76.1161E+03 
              635.881E-03         76.2853E+03 
              638.124E-03         76.5236E+03 
              638.965E-03         76.615E+03  
              640.229E-03         76.7462E+03 
              642.127E-03         76.9374E+03 
              644.028E-03         77.1272E+03 
              645.931E-03         77.3161E+03 
              647.837E-03         77.5054E+03 
              650.701E-03         77.7929E+03 
              655.008E-03         78.2481E+03 
              656.086E-03         78.3711E+03 
              657.166E-03         78.4912E+03 
              658.787E-03         78.6715E+03 
              661.222E-03         78.9494E+03 
              664.882E-03         79.3801E+03 
              665.799E-03         79.4947E+03 
              666.716E-03         79.6065E+03 
              668.093E-03         79.7722E+03 
              670.161E-03         80.022E+03  
              672.231E-03         80.2749E+03 
              674.305E-03         80.5291E+03 
              676.382E-03         80.7839E+03 
              679.502E-03         81.163E+03  
              684.195E-03         81.7201E+03 
              685.959E-03         81.9348E+03 
              688.609E-03         82.2396E+03 
              692.592E-03         82.6768E+03 
              694.089E-03         82.8447E+03 
              696.336E-03         83.083E+03  
              697.18E-03          83.1743E+03 
              698.446E-03         83.3063E+03 
              700.348E-03         83.5005E+03 
              703.205E-03         83.7905E+03 
              706.067E-03         84.0852E+03 
              708.934E-03         84.3848E+03 
              711.807E-03         84.6897E+03 
              714.685E-03         84.9988E+03 
              717.568E-03         85.3093E+03 
              720.457E-03         85.6176E+03 
              723.351E-03         85.9201E+03 
              727.701E-03         86.3515E+03 
              729.336E-03         86.5173E+03 
              731.79E-03          86.7514E+03 
              735.48E-03          87.095E+03  
              741.029E-03         87.6277E+03 
              746.598E-03         88.2033E+03 
              752.185E-03         88.8238E+03 
              753.584E-03         88.99E+03   
              754.985E-03         89.1526E+03 
              757.088E-03         89.3982E+03 
              760.248E-03         89.776E+03  
              763.414E-03         90.1627E+03 
              766.586E-03         90.5524E+03 
              768.174E-03         90.7506E+03 
              770.558E-03         91.0411E+03 
              772.349E-03         91.2596E+03 
              775.038E-03         91.5798E+03 
              777.732E-03         91.8961E+03 
              780.43E-03          92.2063E+03 
              783.132E-03         92.5096E+03 
              785.161E-03         92.7344E+03 
              788.208E-03         93.0574E+03 
              791.261E-03         93.3711E+03 
              794.32E-03          93.6731E+03 
              797.383E-03         93.9629E+03 
              800.451E-03         94.2411E+03 
              805.064E-03         94.6363E+03 
              806.796E-03         94.7889E+03 
              809.398E-03         95.0066E+03 
              813.308E-03         95.3325E+03 
              814.776E-03         95.4606E+03 
              816.98E-03          95.6488E+03 
              820.292E-03         95.939E+03  
              825.27E-03          96.406E+03  
              829.012E-03         96.7827E+03 
              832.761E-03         97.1807E+03 
              833.699E-03         97.286E+03  
              835.108E-03         97.4417E+03 
              837.222E-03         97.6804E+03 
              840.398E-03         98.0545E+03 
              843.58E-03          98.4451E+03 
              846.766E-03         98.8471E+03 
              849.958E-03         99.2561E+03 
              854.754E-03         99.8676E+03 
              859.562E-03        100.471E+03  
              864.382E-03        101.057E+03  
              866.192E-03        101.279E+03  
              868.91E-03         101.597E+03  
              869.93E-03         101.718E+03  
              871.462E-03        101.894E+03  
              873.761E-03        102.151E+03  
              877.214E-03        102.528E+03  
              882.405E-03        103.082E+03  
              884.355E-03        103.295E+03  
              887.283E-03        103.605E+03  
              888.382E-03        103.724E+03  
              890.031E-03        103.899E+03  
              892.508E-03        104.16E+03   
              896.228E-03        104.554E+03  
              899.955E-03        104.952E+03  
              900.888E-03        105.056E+03  
              901.821E-03        105.158E+03  
              903.221E-03        105.307E+03  
              903.572E-03        105.345E+03  
              903.922E-03        105.383E+03  
              904.447E-03        105.44E+03   
              905.236E-03        105.524E+03  
              905.532E-03        105.556E+03  
              905.976E-03        105.604E+03  
              906.641E-03        105.675E+03  
              907.64E-03         105.781E+03  
              908.015E-03        105.821E+03  
              908.577E-03        105.881E+03  
              909.421E-03        105.97E+03   
              909.737E-03        106.004E+03  
              910.212E-03        106.055E+03  
              910.924E-03        106.13E+03   
              911.993E-03        106.242E+03  
              912.394E-03        106.284E+03  
              912.996E-03        106.347E+03  
              913.899E-03        106.441E+03  
              914.576E-03        106.512E+03  
              915.253E-03        106.582E+03  
              915.507E-03        106.608E+03  
              915.889E-03        106.648E+03  
              916.46E-03         106.706E+03  
              917.319E-03        106.794E+03  
              918.606E-03        106.924E+03  
              920.54E-03         107.117E+03  
              923.442E-03        107.407E+03  
              926.349E-03        107.7E+03    
              929.259E-03        107.994E+03  
              932.173E-03        108.291E+03  
              934.361E-03        108.517E+03  
              937.646E-03        108.857E+03  
              938.879E-03        108.988E+03  
              940.73E-03         109.183E+03  
              941.425E-03        109.257E+03  
              942.467E-03        109.368E+03  
              944.031E-03        109.535E+03  
              946.379E-03        109.787E+03  
              948.73E-03         110.045E+03  
              951.083E-03        110.305E+03  
              954.616E-03        110.675E+03  
              955.943E-03        110.814E+03  
              957.934E-03        110.998E+03  
              960.923E-03        111.186E+03  
              965.414E-03        111.209E+03  
              966.539E-03        111.202E+03  
              967.663E-03        111.176E+03  
              969.351E-03        111.1E+03    
              971.885E-03        110.94E+03   
              975.691E-03        110.751E+03  
              979.502E-03        110.721E+03  
              980.456E-03        110.729E+03  
              981.887E-03        110.765E+03  
              982.424E-03        110.783E+03  
              983.23E-03         110.819E+03  
              984.439E-03        110.895E+03  
              986.254E-03        111.053E+03  
              988.978E-03        111.362E+03  
              989.659E-03        111.445E+03  
              990.341E-03        111.531E+03  
              991.364E-03        111.664E+03  
              992.899E-03        111.867E+03  
              995.204E-03        112.149E+03  
              997.51E-03         112.373E+03  
              999.818E-03        112.5E+03    
                1.00213          112.51E+03   
                1.003            112.498E+03  
                1.0043           112.438E+03  
                1.00625          112.28E+03   
                1.00698          112.214E+03  
                1.00808          112.102E+03  
                1.00973          111.934E+03  
                1.01221          111.776E+03  
                1.01314          111.736E+03  
                1.01453          111.726E+03  
                1.01663          111.833E+03  
                1.01977          112.184E+03  
                1.02292          112.582E+03  
                1.02607          112.898E+03  
                1.02685          112.972E+03  
                1.02764          113.037E+03  
                1.02883          113.108E+03  
                1.0306           113.16E+03   
                1.03327          113.157E+03  
                1.03594          113.137E+03  
                1.03861          113.149E+03  
                1.04128          113.209E+03  
                1.04195          113.229E+03  
                1.04262          113.251E+03  
                1.04362          113.288E+03  
                1.04513          113.348E+03  
                1.04739          113.417E+03  
                1.04823          113.441E+03  
                1.04951          113.459E+03  
                1.05142          113.445E+03  
                1.05429          113.352E+03  
                1.05716          113.215E+03  
                1.06003          113.051E+03  
                1.06291          112.871E+03  
                1.06579          112.685E+03  
                1.06651          112.64E+03   
                1.06723          112.594E+03  
                1.06831          112.525E+03  
                1.06993          112.426E+03  
                1.07236          112.306E+03  
                1.07297          112.28E+03   
                1.07358          112.255E+03  
                1.0745           112.223E+03  
                1.07587          112.186E+03  
                1.07793          112.157E+03  
                1.07844          112.152E+03  
                1.07896          112.149E+03  
                1.07973          112.145E+03  
                1.08089          112.142E+03  
                1.08263          112.134E+03  
                1.08437          112.112E+03  
                1.08611          112.065E+03  
                1.08872          111.891E+03  
                1.08938          111.842E+03  
                1.09003          111.785E+03  
                1.09101          111.678E+03  
                1.09249          111.464E+03  
                1.0947           111.013E+03  
                1.09691          110.446E+03  
                1.09746          110.299E+03  
                1.09802          110.144E+03  
                1.09885          109.898E+03  
                1.10009          109.507E+03  
                1.10196          108.899E+03  
                1.10383          108.293E+03  
                1.1057           107.692E+03  
                1.10758          107.084E+03  
                1.10805          106.932E+03  
                1.10875          106.7E+03    
                1.1098           106.34E+03   
                1.11139          105.748E+03  
                1.11198          105.519E+03  
                1.11287          105.152E+03  
                1.11421          104.541E+03  
                1.11621          103.482E+03  
                1.11696          103.067E+03  
                1.11809          102.405E+03  
                1.11979          101.358E+03  
                1.12042          100.961E+03  
                1.12138          100.361E+03  
                1.12281           99.4864E+03 
                1.12495           98.3369E+03 
                1.12549           98.0627E+03 
                1.12603           97.8015E+03 
                1.12683           97.4434E+03 
                1.12804           96.9959E+03 
                1.12986           96.5447E+03 
                1.13258           96.3112E+03 
                1.13326           96.2812E+03 
                1.13395           96.2753E+03 
                1.13497           96.314E+03  
                1.1365            96.4521E+03 
                1.13881           96.7374E+03 
                1.14111           97.0108E+03 
                1.14342           97.2058E+03 
                1.14572           97.2889E+03 
                1.14803           97.2588E+03 
                1.15035           97.1383E+03 
                1.15266           96.9627E+03 
                1.15353           96.8925E+03 
                1.15483           96.7794E+03 
                1.15532           96.7371E+03 
                1.15605           96.6731E+03 
                1.15715           96.5808E+03 
                1.1588            96.4623E+03 
                1.16127           96.3557E+03 
                1.16189           96.3355E+03 
                1.16251           96.3199E+03 
                1.16344           96.308E+03  
                1.16484           96.3202E+03 
                1.16693           96.4121E+03 
                1.17007           96.7119E+03 
                1.17085           96.7991E+03 
                1.17164           96.895E+03  
                1.17282           97.058E+03  
                1.17459           97.339E+03  
                1.17725           97.7934E+03 
                1.17791           97.9099E+03 
                1.17857           98.0261E+03 
                1.17957           98.1963E+03 
                1.18107           98.4335E+03 
                1.18331           98.7253E+03 
                1.18415           98.8264E+03 
                1.18447           98.863E+03  
                1.18494           98.9141E+03 
                1.18565           98.9825E+03 
                1.18672           99.0676E+03 
                1.18779           99.1371E+03 
                1.18886           99.1921E+03 
                1.18992           99.2334E+03 
                1.19152           99.261E+03  
                1.19393           99.1798E+03 
                1.19453           99.1524E+03 
                1.19513           99.1151E+03 
                1.19603           99.0328E+03 
                1.19739           98.8378E+03 
                1.19874           98.5601E+03 
                1.2001            98.1916E+03 
                1.20213           97.4407E+03 
                1.20264           97.2419E+03 
                1.20315           97.0312E+03 
                1.20391           96.6902E+03 
                1.20506           96.1347E+03 
                1.20677           95.2513E+03 
                1.20849           94.3666E+03 
                1.21021           93.5185E+03 
                1.21279           92.3771E+03 
                1.21344           92.1019E+03 
                1.21408           91.8349E+03 
                1.21505           91.4516E+03 
                1.21542           91.3105E+03 
                1.21596           91.1036E+03 
                1.21678           90.8012E+03 
                1.21801           90.3533E+03 
                1.21847           90.186E+03  
                1.21916           89.9319E+03 
                1.22019           89.5336E+03 
                1.22175           88.863E+03  
                1.22233           88.6003E+03 
                1.2232            88.1736E+03 
                1.22353           88.0091E+03 
                1.22402           87.7507E+03 
                1.22476           87.3362E+03 
                1.22587           86.6563E+03 
                1.22753           85.5431E+03 
                1.22815           85.1159E+03 
                1.22909           84.4606E+03 
                1.23049           83.4801E+03 
                1.23102           83.1152E+03 
                1.23181           82.5772E+03 
                1.23299           81.8008E+03 
                1.23477           80.6961E+03 
                1.23655           79.6162E+03 
                1.237             79.3479E+03 
                1.23766           78.9443E+03 
                1.23866           78.3292E+03 
                1.24017           77.371E+03  
                1.24242           75.8798E+03 
                1.24299           75.5055E+03 
                1.24355           75.1292E+03 
                1.2444            74.5648E+03 
                1.24567           73.7377E+03 
                1.24614           73.4319E+03 
                1.24686           72.9847E+03 
                1.24793           72.3492E+03 
                1.24954           71.4894E+03 
                1.25014           71.1813E+03 
                1.25104           70.7481E+03 
                1.2524            70.1537E+03 
                1.25444           69.34E+03   
                1.2552            69.0445E+03 
                1.25635           68.6119E+03 
                1.25807           67.9756E+03 
                1.26066           67.054E+03  
                1.2613            66.8272E+03 
                1.26195           66.6026E+03 
                1.26292           66.2717E+03 
                1.26437           65.7944E+03 
                1.26655           65.1193E+03 
                1.26737           64.8726E+03 
                1.2686            64.5095E+03 
                1.27044           63.9644E+03 
                1.27114           63.76E+03   
                1.27217           63.4468E+03 
                1.27373           62.9551E+03 
                1.27431           62.7681E+03 
                1.27519           62.4789E+03 
                1.2765            62.0276E+03 
                1.27848           61.3312E+03 
                1.28144           60.2916E+03 
                1.2844            59.2457E+03 
                1.28514           58.985E+03  
                1.28588           58.7217E+03 
                1.28699           58.3181E+03 
                1.28741           58.1657E+03 
                1.28803           57.933E+03  
                1.28897           57.5716E+03 
                1.29038           56.9913E+03 
                1.29091           56.7684E+03 
                1.2917            56.4187E+03 
                1.29289           55.857E+03  
                1.29467           54.9349E+03 
                1.29534           54.5793E+03 
                1.29635           54.0241E+03 
                1.29785           53.1593E+03 
                1.29842           52.8322E+03 
                1.29926           52.3369E+03 
                1.30054           51.5968E+03 
                1.30101           51.3209E+03 
                1.30173           50.9117E+03 
                1.3028            50.3152E+03 
                1.30441           49.4758E+03 
                1.30602           48.6951E+03 
                1.30764           47.9602E+03 
                1.30925           47.2447E+03 
                1.31086           46.5121E+03 
                1.31328           45.2042E+03 
                1.3157            43.5211E+03 
                1.31813           41.3701E+03 
                1.32055           38.7574E+03 
                1.32298           35.8077E+03 
                1.32541           32.7137E+03 
                1.32783           29.6771E+03 
                1.33026           26.8569E+03 
                1.33391           23.3337E+03 
                1.33756           20.4902E+03 
                1.33939           19.2263E+03 
                1.34121           18.0994E+03 
                1.34396           16.6691E+03 
                1.3467            15.4697E+03 
                1.34944           14.485E+03  
                1.35219           13.7079E+03 
                1.35322           13.4466E+03 
                1.35477           13.1172E+03 
                1.35709           12.7612E+03 
                1.35796           12.648E+03  
                1.35926           12.5186E+03 
                1.36122           12.4092E+03 
                1.36416           12.4044E+03 
                1.3671            12.5254E+03 
                1.37004           12.7406E+03 
                1.37299           13.0252E+03 
                1.37594           13.3609E+03 
                1.37888           13.7336E+03 
                1.38331           14.313E+03  
                1.38774           14.8302E+03 
                1.38885           14.9564E+03 
                1.38996           15.0743E+03 
                1.39162           15.2291E+03 
                1.39411           15.398E+03  
                1.39786           15.4679E+03 
                1.40161           15.3362E+03 
                1.40536           15.0052E+03 
                1.40911           14.4961E+03 
                1.41287           13.8435E+03 
                1.41662           13.0896E+03 
                1.42038           12.2794E+03 
                1.42415           11.4571E+03 
                1.42791           10.6626E+03 
                1.43168            9.92945E+03
                1.43545            9.28269E+03
                1.43923            8.73868E+03
                1.443              8.30538E+03
                1.44678            7.98376E+03
                1.45056            7.76941E+03
                1.45434            7.65327E+03
                1.45813            7.6221E+03 
                1.46381            7.70751E+03
                1.46523            7.73933E+03
                1.46665            7.77572E+03
                1.46879            7.83996E+03
                1.47199            7.94963E+03
                1.47679            8.10518E+03
                1.4816             8.22102E+03
                1.48642            8.27264E+03
                1.49123            8.24445E+03
                1.49605            8.12476E+03
                1.50329            7.74135E+03
                1.5051             7.63697E+03
                1.50691            7.51822E+03
                1.50963            7.3147E+03 
                1.51371            6.96917E+03
                1.51677            6.69552E+03
                1.52136            6.27294E+03
                1.52595            5.86833E+03
                1.53055            5.50691E+03
                1.53515            5.21095E+03
                1.53976            4.99686E+03
                1.54437            4.87442E+03
                1.54898            4.84643E+03
                1.55359            4.90816E+03
                1.55821            5.04751E+03
                1.56283            5.24499E+03
                1.56745            5.47457E+03
                1.57207            5.70567E+03
                1.57381            5.79241E+03
                1.57641            5.91101E+03
                1.58032            6.05018E+03
                1.58423            6.13826E+03
                1.58814            6.16545E+03
                1.59205            6.12709E+03
                1.59596            6.02255E+03
                1.59988            5.85429E+03
                1.6038             5.62752E+03
                1.60771            5.3505E+03 
                1.61164            5.03487E+03
                1.61262            4.95492E+03
                1.6136             4.87228E+03
                1.61507            4.74377E+03
                1.61728            4.54534E+03
                1.62059            4.24745E+03
                1.62556            3.84029E+03
                1.63302            3.41657E+03
                1.64048            3.22968E+03
                1.64235            3.20078E+03
                1.64422            3.18548E+03
                1.64702            3.19595E+03
                1.65123            3.28493E+03
                1.65543            3.4403E+03 
                1.65964            3.65059E+03
                1.66596            4.04415E+03
                1.66754            4.14889E+03
                1.66912            4.25591E+03
                1.67149            4.42154E+03
                1.67505            4.67686E+03
                1.67861            4.93325E+03
                1.68216            5.1843E+03 
                1.68573            5.42479E+03
                1.68929            5.65041E+03
                1.69463            5.94282E+03
                1.69998            6.18246E+03
                1.70132            6.24028E+03
                1.70332            6.31712E+03
                1.70633            6.4131E+03 
                1.71085            6.5174E+03 
                1.71536            6.58811E+03
                1.71988            6.63195E+03
                1.72667            6.66493E+03
                1.72836            6.67348E+03
                1.73006            6.67975E+03
                1.7326             6.68706E+03
                1.73642            6.69866E+03
                1.74215            6.73413E+03
                1.74358            6.74584E+03
                1.74502            6.7585E+03 
                1.74717            6.78167E+03
                1.75039            6.82872E+03
                1.75523            6.93163E+03
                1.76007            7.07138E+03
                1.76491            7.24908E+03
                1.76976            7.46299E+03
                1.7746             7.70758E+03
                1.77945            7.9739E+03 
                1.7843             8.251E+03  
                1.78915            8.52808E+03
                1.794              8.796E+03  
                1.79885            9.04738E+03
                1.80067            9.13969E+03
                1.8034             9.26989E+03
                1.8075             9.44539E+03
                1.81365            9.65934E+03
                1.8198             9.82856E+03
                1.82133            9.86909E+03
                1.82364            9.92302E+03
                1.8271             9.99402E+03
                1.83229           10.0909E+03 
                1.83359           10.1155E+03 
                1.83489           10.1394E+03 
                1.83684           10.1748E+03 
                1.83976           10.2293E+03 
                1.84414           10.3181E+03 
                1.84578           10.3531E+03 
                1.84825           10.4081E+03 
                1.85195           10.4991E+03 
                1.85565           10.6006E+03 
                1.85935           10.7124E+03 
                1.8649            10.8961E+03 
                1.86698           10.9675E+03 
                1.87011           11.0769E+03 
                1.87245           11.1605E+03 
                1.87596           11.2872E+03 
                1.88124           11.4734E+03 
                1.88322           11.5427E+03 
                1.88618           11.6422E+03 
                1.89063           11.7789E+03 
                1.89731           11.9496E+03 
                1.90399           12.0841E+03 
                1.90733           12.1429E+03 
                1.91067           12.1932E+03 
                1.91401           12.2359E+03 
                1.91735           12.2714E+03 
                1.91985           12.2939E+03 
                1.92361           12.3186E+03 
                1.92737           12.3352E+03 
                1.93113           12.3445E+03 
                1.93489           12.3476E+03 
                1.94053           12.339E+03  
                1.94264           12.3343E+03 
                1.94582           12.3243E+03 
                1.95058           12.3068E+03 
                1.95772           12.2715E+03 
                1.9595            12.2623E+03 
                1.96129           12.2522E+03 
                1.96396           12.2348E+03 
                1.96798           12.2036E+03 
                1.972             12.1683E+03 
                1.97601           12.1297E+03 
                1.98003           12.0869E+03 
                1.98154           12.0702E+03 
                1.9838            12.0429E+03 
                1.98719           11.9955E+03 
                1.99227           11.9086E+03 
                1.99418           11.8737E+03 
                1.99704           11.8169E+03 
                2.00133           11.7208E+03 
                2.00776           11.5521E+03 
                2.01259           11.4138E+03 
                2.0144            11.3604E+03 
                2.01711           11.2776E+03 
                2.02118           11.1485E+03 
                2.02525           11.0145E+03 
                2.02933           10.8756E+03 
                2.03543           10.6566E+03 
                2.04154           10.4271E+03 
                2.04307           10.3688E+03 
                2.04536           10.2803E+03 
                2.04879           10.1446E+03 
                2.05394            9.93529E+03
                2.05909            9.72285E+03
                2.06424            9.50873E+03
                2.07197            9.18339E+03
                2.0739             9.10111E+03
                2.07583            9.01898E+03
                2.07873            8.89547E+03
                2.08307            8.70998E+03
                2.08959            8.43496E+03
                2.09936            8.04262E+03
                2.10119            7.96871E+03
                2.10302            7.89651E+03
                2.10577            7.79127E+03
                2.10989            7.64045E+03
                2.11607            7.43168E+03
                2.11839            7.35517E+03
                2.12186            7.24749E+03
                2.12708            7.10205E+03
                2.13229            6.97265E+03
                2.1375             6.86168E+03
                2.1401             6.81072E+03
                2.14271            6.76561E+03
                2.14661            6.71077E+03
                2.15052            6.66783E+03
                2.15442            6.63661E+03
                2.16028            6.61649E+03
                2.16906            6.64974E+03
                2.17784            6.74797E+03
                2.18003            6.77502E+03
                2.18332            6.82679E+03
                2.18661            6.88677E+03
                2.1899             6.95417E+03
                2.19483            7.06939E+03
                2.19977            7.19774E+03
                2.2047             7.33962E+03
                2.20962            7.4923E+03 
                2.21455            7.65184E+03
                2.21948            7.81515E+03
                2.2244             7.9806E+03 
                2.22932            8.14742E+03
                2.23424            8.31469E+03
                2.23609            8.37647E+03
                2.23885            8.4703E+03 
                2.24162            8.56324E+03
                2.24439            8.65469E+03
                2.24715            8.74399E+03
                2.2513             8.87208E+03
                2.25752            9.04937E+03
                2.26373            9.2124E+03 
                2.26994            9.36268E+03
                2.27615            9.49743E+03
                2.28236            9.61218E+03
                2.28856            9.70407E+03
                2.29786            9.79025E+03
                2.30715            9.82854E+03
                2.30947            9.83239E+03
                2.31179            9.83586E+03
                2.31527            9.83614E+03
                2.31875            9.8299E+03 
                2.32223            9.81774E+03
                2.32571            9.79996E+03
                2.33092            9.76257E+03
                2.33287            9.74527E+03
                2.3358             9.71821E+03
                2.3402             9.67186E+03
                2.34459            9.61949E+03
                2.34898            9.56256E+03
                2.35337            9.50196E+03
                2.35776            9.43858E+03
                2.36214            9.37352E+03
                2.36653            9.30822E+03
                2.37091            9.24346E+03
                2.37747            9.15869E+03
                2.38404            9.09723E+03
                2.38568            9.08116E+03
                2.38813            9.0647E+03 
                2.39182            9.05055E+03
                2.39735            9.05053E+03
                2.40564            9.09422E+03
                2.40874            9.11279E+03
                2.4134             9.15701E+03
                2.41514            9.17339E+03
                2.41776            9.20335E+03
                2.42168            9.25436E+03
                2.42756            9.33887E+03
                2.42977            9.36887E+03
                2.43307            9.41859E+03
                2.43803            9.49547E+03
                2.44298            9.57167E+03
                2.44793            9.64704E+03
                2.45288            9.72104E+03
                2.45782            9.79464E+03
                2.46523            9.91819E+03
                2.47633           10.1597E+03 
                2.48048           10.2531E+03 
                2.48671           10.4206E+03 
                2.48827           10.4606E+03 
                2.48983           10.5037E+03 
                2.49216           10.5723E+03 
                2.49566           10.6798E+03 
                2.49916           10.79E+03   
                2.50265           10.9027E+03 
                2.50789           11.077E+03  
                2.50986           11.1401E+03 
                2.5128            11.239E+03  
                2.51722           11.3891E+03 
                2.52163           11.5374E+03 
                2.52604           11.6828E+03 
                2.53044           11.8234E+03 
                2.53484           11.9583E+03 
                2.53924           12.0877E+03 
                2.54583           12.2772E+03 
                2.54748           12.3204E+03 
                2.54913           12.3659E+03 
                2.5516            12.4358E+03 
                2.5553            12.5413E+03 
                2.559             12.6457E+03 
                2.56269           12.7488E+03 
                2.56823           12.9E+03    
                2.57377           13.0445E+03 
                2.5793            13.1867E+03 
                2.58482           13.3298E+03 
                2.59034           13.476E+03  
                2.59585           13.6268E+03 
                2.60136           13.7829E+03 
                2.60686           13.9434E+03 
                2.61236           14.1062E+03 
                2.61785           14.27E+03   
                2.62333           14.4342E+03 
                2.63155           14.6827E+03 
                2.64384           15.0372E+03 
                2.64691           15.1146E+03 
                2.64998           15.1975E+03 
                2.65458           15.3203E+03 
                2.65917           15.4364E+03 
                2.66376           15.5473E+03 
                2.66835           15.6532E+03 
                2.67293           15.7544E+03 
                2.6775            15.8509E+03 
                2.67921           15.8837E+03 
                2.68179           15.9355E+03 
                2.68564           16.0103E+03 
                2.68949           16.0802E+03 
                2.69333           16.1471E+03 
                2.69478           16.1697E+03 
                2.69694           16.2064E+03 
                2.70018           16.2624E+03 
                2.70503           16.348E+03  
                2.70988           16.4337E+03 
                2.71473           16.5204E+03 
                2.72199           16.6516E+03 
                2.7238            16.6782E+03 
                2.72561           16.7087E+03 
                2.72833           16.756E+03  
                2.72934           16.7719E+03 
                2.73087           16.7974E+03 
                2.73316           16.8351E+03 
                2.73659           16.8876E+03 
                2.74002           16.9326E+03 
                2.74344           16.97E+03   
                2.74858           17.0087E+03 
                2.75626           17.0267E+03 
                2.75818           17.022E+03  
                2.7601            17.0196E+03 
                2.76297           17.0142E+03 
                2.76728           16.9982E+03 
                2.7689            16.9877E+03 
                2.77132           16.9741E+03 
                2.77495           16.9517E+03 
                2.77767           16.9314E+03 
                2.78174           16.9024E+03 
                2.78581           16.8715E+03 
                2.78988           16.8404E+03 
                2.79394           16.8086E+03 
                2.80002           16.7586E+03 
                2.8061            16.6969E+03 
                2.81216           16.623E+03  
                2.81822           16.5358E+03 
                2.82426           16.436E+03  
                2.82728           16.3792E+03 
                2.83029           16.3229E+03 
                2.83481           16.2359E+03 
                2.83932           16.1428E+03 
                2.84158           16.0924E+03 
                2.84495           16.0203E+03 
                2.84833           15.9464E+03 
                2.8517            15.8718E+03 
                2.85675           15.763E+03  
                2.85864           15.7178E+03 
                2.86148           15.6566E+03 
                2.86573           15.5684E+03 
                2.86997           15.4806E+03 
                2.87421           15.3949E+03 
                2.88056           15.2742E+03 
                2.89005           15.099E+03  
                2.89242           15.0448E+03 
                2.89479           14.9986E+03 
                2.89834           14.9332E+03 
                2.90365           14.8354E+03 
                2.90896           14.735E+03  
                2.91029           14.7049E+03 
                2.91227           14.6666E+03 
                2.91525           14.6118E+03 
                2.91971           14.5308E+03 
                2.92639           14.4118E+03 
                2.93305           14.2921E+03 
                2.9397            14.1759E+03 
                2.94964           14.0135E+03 
                2.9546            13.9228E+03 
                2.95955           13.8395E+03 
                2.96449           13.757E+03  
                2.96942           13.675E+03  
                2.97435           13.5923E+03 
                2.98171           13.475E+03  
                2.99273           13.3126E+03 
                3.00916           13.1182E+03 
                3.0255            12.9815E+03 
                3.02956           12.9309E+03 
                3.03362           12.9038E+03 
                3.0397            12.8806E+03 
                3.04879           12.8746E+03 
                3.05558           12.8776E+03 
                3.06235           12.9002E+03 
                3.0691            12.9394E+03 
                3.0792            13.0289E+03 
                3.08297           13.0509E+03 
                3.08674           13.0853E+03 
                3.0905            13.1238E+03 
                3.09426           13.1655E+03 
                3.09988           13.2373E+03 
                3.10548           13.3102E+03 
                3.11107           13.3875E+03 
                3.11665           13.469E+03  
                3.12221           13.5537E+03 
                3.13053           13.6894E+03 
                3.13881           13.8206E+03 
                3.14088           13.8419E+03 
                3.14294           13.8727E+03 
                3.14603           13.9239E+03 
                3.15066           14.0023E+03 
                3.15528           14.0783E+03 
                3.15758           14.1119E+03 
                3.15989           14.1495E+03 
                3.16333           14.209E+03  
                3.16678           14.2659E+03 
                3.17021           14.3216E+03 
                3.17535           14.4065E+03 
                3.18048           14.4859E+03 
                3.1856            14.5638E+03 
                3.19325           14.6842E+03 
                3.20466           14.8551E+03 
                3.22164           15.0727E+03 
                3.24681           15.3097E+03 
                3.27162           15.456E+03  
                3.29605           15.5428E+03 
                3.33197           15.5776E+03 
                3.3842            15.493E+03  
                3.40327           15.3611E+03 
                3.42204           15.34E+03   
                3.44053           15.3237E+03 
                3.45872           15.3094E+03 
                3.47661           15.3051E+03 
                3.4942            15.3198E+03 
                3.51149           15.3576E+03 
                3.51789           15.3386E+03 
                3.52742           15.386E+03  
                3.52831           15.3665E+03 
                3.52964           15.3663E+03 
                3.53163           15.3767E+03 
                3.53461           15.3951E+03 
                3.53758           15.4111E+03 
                3.54054           15.4277E+03 
                3.5435            15.4456E+03 
                3.5479            15.4822E+03 
                3.55448           15.5411E+03 
                3.56424           15.6184E+03 
                3.57389           15.675E+03  
                3.58343           15.7329E+03 
                3.59753           15.8504E+03 
                3.61137           15.9592E+03 
                3.62496           16.0748E+03 
                3.64485           16.2788E+03 
                3.67361           16.5869E+03 
                3.71428           17.0867E+03 
                3.72876           17.1711E+03 
                3.74971           17.5263E+03 
                3.77936           17.9641E+03 
                3.8199            18.4004E+03 
                3.87196           18.6104E+03 
                3.91385           18.5271E+03 
                3.94615           18.3841E+03 
                3.97839           18.2658E+03 
                3.99814           18.3088E+03 
                4.                18.4445E+03  




