
                  X            uf-100-45-S90  

                0.                -0.         
               39.94E-09         112.085E-03  
              319.041E-09        535.177E-03  
                1.70601E-06        1.29607    
                7.53894E-06        2.82675    
               29.9775E-06         5.66361    
              111.812E-06         10.7015     
              399.954E-06         20.2195     
                1.38837E-03       41.5762     
                4.70264E-03       98.7492     
               15.5512E-03       266.856      
               49.9952E-03       774.882      
              154.626E-03          2.2852E+03 
              450.699E-03          6.52032E+03
              605.155E-03          8.80385E+03
              668.784E-03          9.68401E+03
              735.367E-03         10.4824E+03 
              804.78E-03          11.2769E+03 
              822.561E-03         11.5271E+03 
              827.032E-03         11.5886E+03 
              833.758E-03         11.6531E+03 
              836.286E-03         11.6811E+03 
              837.235E-03         11.6918E+03 
              838.66E-03          11.7057E+03 
              840.798E-03         11.7247E+03 
              841.601E-03         11.7327E+03 
              842.805E-03         11.7438E+03 
              844.613E-03         11.7595E+03 
              847.328E-03         11.7821E+03 
              850.046E-03         11.805E+03  
              852.769E-03         11.8276E+03 
              855.495E-03         11.8498E+03 
              858.224E-03         11.8716E+03 
              860.958E-03         11.893E+03  
              861.983E-03         11.9021E+03 
              863.523E-03         11.9143E+03 
              865.835E-03         11.9313E+03 
              866.703E-03         11.9386E+03 
              868.005E-03         11.9487E+03 
              869.96E-03          11.963E+03  
              872.895E-03         11.984E+03  
              873.997E-03         11.9934E+03 
              875.651E-03         12.0061E+03 
              878.134E-03         12.024E+03  
              879.066E-03         12.0319E+03 
              880.465E-03         12.0426E+03 
              882.565E-03         12.0578E+03 
              883.353E-03         12.0644E+03 
              884.535E-03         12.0735E+03 
              886.31E-03          12.0864E+03 
              888.976E-03         12.1054E+03 
              889.976E-03         12.1138E+03 
              891.477E-03         12.1253E+03 
              893.731E-03         12.1414E+03 
              894.577E-03         12.1484E+03 
              895.847E-03         12.1581E+03 
              897.752E-03         12.1717E+03 
              898.467E-03         12.1775E+03 
              899.54E-03          12.1857E+03 
              901.15E-03          12.1972E+03 
              903.568E-03         12.2141E+03 
              904.476E-03         12.2215E+03 
              905.837E-03         12.2316E+03 
              907.881E-03         12.2459E+03 
              908.648E-03         12.252E+03  
              909.799E-03         12.2605E+03 
              911.527E-03         12.2725E+03 
              914.121E-03         12.2897E+03 
              915.095E-03         12.2973E+03 
              916.556E-03         12.3074E+03 
              918.749E-03         12.3214E+03 
              919.572E-03         12.3274E+03 
              920.807E-03         12.3356E+03 
              922.661E-03         12.3466E+03 
              923.357E-03         12.3513E+03 
              924.401E-03         12.3578E+03 
              925.968E-03         12.3664E+03 
              928.32E-03          12.3782E+03 
              929.202E-03         12.3834E+03 
              930.527E-03         12.3901E+03 
              932.515E-03         12.3985E+03 
              933.261E-03         12.4023E+03 
              934.381E-03         12.407E+03  
              936.061E-03         12.4128E+03 
              936.691E-03         12.4154E+03 
              937.637E-03         12.4187E+03 
              939.057E-03         12.4225E+03 
              941.188E-03         12.4267E+03 
              941.988E-03         12.4289E+03 
              943.188E-03         12.4311E+03 
              944.989E-03         12.4328E+03 
              945.665E-03         12.4338E+03 
              946.679E-03         12.4346E+03 
              948.2E-03           12.4344E+03 
              950.485E-03         12.4319E+03 
              952.772E-03         12.4278E+03 
              955.061E-03         12.4213E+03 
              955.92E-03          12.4193E+03 
              957.208E-03         12.4146E+03 
              959.143E-03         12.4045E+03 
              959.869E-03         12.401E+03  
              960.958E-03         12.3945E+03 
              962.593E-03         12.3822E+03 
              963.207E-03         12.3778E+03 
              964.127E-03         12.3703E+03 
              965.508E-03         12.3568E+03 
              967.581E-03         12.3324E+03 
              969.656E-03         12.3041E+03 
              971.732E-03         12.2708E+03 
              973.811E-03         12.2319E+03 
              975.891E-03         12.1866E+03 
              979.014E-03         12.1006E+03 
              979.796E-03         12.0792E+03 
              980.577E-03         12.0563E+03 
              981.75E-03          12.0183E+03 
              983.511E-03         11.9536E+03 
              986.154E-03         11.8386E+03 
              988.799E-03         11.7038E+03 
              991.448E-03         11.5456E+03 
              994.099E-03         11.3598E+03 
              996.753E-03         11.141E+03  
              999.41E-03          10.8827E+03 
                1.00207           10.577E+03  
                1.00473           10.2151E+03 
                1.0074             9.78881E+03
                1.01006            9.29118E+03
                1.01273            8.71839E+03
                1.01541            8.07069E+03
                1.01808            7.35309E+03
                1.02076            6.57527E+03
                1.02344            5.75071E+03
                1.02613            4.89533E+03
                1.02881            4.0259E+03 
                1.0315             3.15872E+03
                1.03419            2.30867E+03
                1.03689            1.48895E+03
                1.03958          711.194      
                1.04026          520.355      
                1.04093          332.245      
                1.04194           56.6781     
                1.04346         -339.236      
                1.04498         -715.271      
                1.0465            -1.06982E+03
                1.04803           -1.40135E+03
                1.04955           -1.70832E+03
                1.05012           -1.81957E+03
                1.05098           -1.97854E+03
                1.05183           -2.12914E+03
                1.05269           -2.27106E+03
                1.05355           -2.40403E+03
                1.05484           -2.58282E+03
                1.05612           -2.73989E+03
                1.05741           -2.87478E+03
                1.0587            -2.9871E+03 
                1.05999           -3.07659E+03
                1.06128           -3.14313E+03
                1.06257           -3.18673E+03
                1.06386           -3.20755E+03
                1.06515           -3.20593E+03
                1.06709           -3.15519E+03
                1.06903           -3.05786E+03
                1.07098           -2.91705E+03
                1.07292           -2.73614E+03
                1.07583           -2.38766E+03
                1.07875           -1.97415E+03
                1.08168           -1.51025E+03
                1.0846            -1.01135E+03
                1.08753         -493.534      
                1.09046           26.9172     
                1.09339          534.528      
                1.09633            1.01583E+03
                1.09927            1.46046E+03
                1.10221            1.8618E+03 
                1.10515            2.21715E+03
                1.1081             2.52724E+03
                1.11105            2.79542E+03
                1.114              3.02653E+03
                1.11696            3.22585E+03
                1.11992            3.39831E+03
                1.12288            3.54787E+03
                1.12584            3.67739E+03
                1.12881            3.78867E+03
                1.13327            3.91627E+03
                1.13661            3.99234E+03
                1.13996            4.04718E+03
                1.14331            4.08123E+03
                1.14667            4.0945E+03 
                1.15003            4.08665E+03
                1.15339            4.05693E+03
                1.15675            4.00417E+03
                1.16012            3.92684E+03
                1.1635             3.82316E+03
                1.16687            3.69131E+03
                1.17025            3.52964E+03
                1.17363            3.337E+03  
                1.17702            3.11304E+03
                1.18041            2.85846E+03
                1.1838             2.57523E+03
                1.18719            2.26671E+03
                1.18889            2.10751E+03
                1.19059            1.94252E+03
                1.19314            1.68474E+03
                1.1941             1.58756E+03
                1.19554            1.43895E+03
                1.19769            1.21218E+03
                1.20093          870.452      
                1.20416          533.795      
                1.20741          207.079      
                1.21065         -105.         
                1.2139          -398.191      
                1.21714         -668.659      
                1.2204          -912.848      
                1.22365           -1.12738E+03
                1.22609           -1.26977E+03
                1.22976           -1.43971E+03
                1.23343           -1.56083E+03
                1.23711           -1.63124E+03
                1.24079           -1.65017E+03
                1.24447           -1.61802E+03
                1.24815           -1.5361E+03 
                1.25184           -1.40609E+03
                1.25553           -1.22961E+03
                1.25923           -1.00794E+03
                1.26292         -742.028      
                1.26663         -432.672      
                1.27033          -80.8683     
                1.27404          311.851      
                1.27775          743.121      
                1.28146            1.20957E+03
                1.28518            1.70672E+03
                1.2889             2.22902E+03
                1.29263            2.76989E+03
                1.29636            3.32184E+03
                1.30009            3.8766E+03 
                1.30382            4.42532E+03
                1.30756            4.95876E+03
                1.3113             5.46759E+03
                1.31504            5.94266E+03
                1.31879            6.3753E+03 
                1.32254            6.75769E+03
                1.32629            7.08302E+03
                1.33005            7.34578E+03
                1.33381            7.54188E+03
                1.33757            7.66876E+03
                1.34133            7.72548E+03
                1.3451             7.7127E+03 
                1.34887            7.63265E+03
                1.35265            7.48897E+03
                1.35642            7.28656E+03
                1.35784            7.20351E+03
                1.35997            7.0609E+03 
                1.36316            6.81215E+03
                1.36435            6.71503E+03
                1.36615            6.55904E+03
                1.36885            6.30553E+03
                1.37289            5.89113E+03
                1.37694            5.45175E+03
                1.381              4.99475E+03
                1.38505            4.52725E+03
                1.38911            4.05583E+03
                1.39317            3.58641E+03
                1.39724            3.1243E+03 
                1.40131            2.67419E+03
                1.40538            2.24023E+03
                1.40946            1.826E+03  
                1.41353            1.43458E+03
                1.41761            1.06857E+03
                1.4217           730.102      
                1.42579          420.919      
                1.42988          142.381      
                1.43397         -104.485      
                1.43807         -318.976      
                1.44217         -500.709      
                1.44627         -649.642      
                1.45037         -766.099      
                1.45448         -850.801      
                1.45859         -904.89       
                1.4627          -929.953      
                1.46682         -928.038      
                1.47094         -901.671      
                1.47506         -853.864      
                1.47918         -788.115      
                1.48331         -708.364      
                1.48951         -572.637      
                1.49571         -433.692      
                1.50192         -304.79       
                1.50813         -195.523      
                1.51435         -111.711      
                1.52057          -55.5772     
                1.52681          -26.3833     
                1.53304          -21.3307     
                1.53928          -36.542      
                1.54084          -40.3721     
                1.54241          -46.0141     
                1.54475          -57.6495     
                1.54826          -79.9295     
                1.55354         -121.301      
                1.55882         -168.216      
                1.56279         -205.757      
                1.56675         -245.907      
                1.57072         -287.863      
                1.57469         -330.994      
                1.57866         -374.625      
                1.58015         -390.468      
                1.58238         -414.912      
                1.58574         -451.298      
                1.58699         -464.323      
                1.58888         -483.901      
                1.59171         -512.193      
                1.59596         -549.539      
                1.59756         -562.008      
                1.59995         -579.143      
                1.60354         -598.638      
                1.60488         -604.423      
                1.6069          -611.045      
                1.60994         -614.584      
                1.61448         -601.393      
                1.61619         -592.929      
                1.61875         -574.152      
                1.62259         -529.248      
                1.62403         -509.369      
                1.62619         -474.206      
                1.62944         -407.847      
                1.63187         -349.638      
                1.63552         -244.089      
                1.63917         -119.608      
                1.64283           23.283      
                1.64648          183.773      
                1.65014          360.706      
                1.6538           552.579      
                1.65746          757.576      
                1.66112          973.606      
                1.66478            1.19836E+03
                1.66844            1.42936E+03
                1.67211            1.664E+03  
                1.67577            1.89962E+03
                1.67944            2.13354E+03
                1.68311            2.36309E+03
                1.68449            2.44878E+03
                1.68655            2.57469E+03
                1.68965            2.75686E+03
                1.69081            2.8245E+03 
                1.69255            2.92324E+03
                1.69517            3.06474E+03
                1.69909            3.26005E+03
                1.70056            3.33123E+03
                1.70277            3.43151E+03
                1.70608            3.56673E+03
                1.70732            3.61561E+03
                1.70919            3.68355E+03
                1.71199            3.77321E+03
                1.71303            3.80535E+03
                1.71461            3.8494E+03 
                1.71697            3.90608E+03
                1.72051            3.96959E+03
                1.72184            3.99071E+03
                1.72383            4.01511E+03
                1.72682            4.03557E+03
                1.73131            4.03015E+03
                1.73299            4.02353E+03
                1.73551            4.0017E+03 
                1.7393             3.94339E+03
                1.74072            3.91834E+03
                1.74285            3.87256E+03
                1.74605            3.78642E+03
                1.74725            3.75199E+03
                1.74905            3.6948E+03 
                1.75175            3.5973E+03 
                1.7558             3.42666E+03
                1.75731            3.35972E+03
                1.75959            3.25176E+03
                1.76301            3.07465E+03
                1.76429            3.00646E+03
                1.76622            2.89959E+03
                1.7691             2.73014E+03
                1.77018            2.66558E+03
                1.77181            2.566E+03  
                1.77424            2.41123E+03
                1.7779             2.16917E+03
                1.77927            2.0774E+03 
                1.78132            1.93697E+03
                1.78441            1.72168E+03
                1.78556            1.64058E+03
                1.7873             1.51772E+03
                1.7899             1.33168E+03
                1.79381            1.0515E+03 
                1.79527          946.697      
                1.79747          789.612      
                1.80077          556.064      
                1.80201          469.083      
                1.80386          339.551      
                1.80664          148.392      
                1.81082         -128.544      
                1.81238         -230.596      
                1.81473         -380.184      
                1.81826         -595.073      
                1.81958         -674.028      
                1.82156         -789.267      
                1.82454         -954.088      
                1.829             -1.18129E+03
                1.83067           -1.2633E+03 
                1.83318           -1.37985E+03
                1.83695           -1.539E+03  
                1.83836           -1.59622E+03
                1.84048           -1.67708E+03
                1.84366           -1.78668E+03
                1.84843           -1.92414E+03
                1.85022           -1.97161E+03
                1.8529            -2.03458E+03
                1.85693           -2.11035E+03
                1.86297           -2.1837E+03 
                1.86524           -2.20532E+03
                1.86863           -2.22616E+03
                1.87373           -2.2323E+03 
                1.87883           -2.21479E+03
                1.88393           -2.17575E+03
                1.88903           -2.11753E+03
                1.89414           -2.04292E+03
                1.89924           -1.95517E+03
                1.90434           -1.85784E+03
                1.90626           -1.82004E+03
                1.90913           -1.76162E+03
                1.91344           -1.67205E+03
                1.91774           -1.58253E+03
                1.92205           -1.49515E+03
                1.92636           -1.41174E+03
                1.93067           -1.33386E+03
                1.93498           -1.26275E+03
                1.93929           -1.19938E+03
                1.9436            -1.14439E+03
                1.94791           -1.09811E+03
                1.95222           -1.06061E+03
                1.95653           -1.03169E+03
                1.96084           -1.01092E+03
                1.96515         -997.677      
                1.96946         -991.198      
                1.97378         -990.584      
                1.97809         -994.853      
                1.9824            -1.00296E+03
                1.98671           -1.01382E+03
                1.99102           -1.0263E+03 
                1.99534           -1.03927E+03
                2.0018            -1.05581E+03
                2.00827           -1.06547E+03
                2.01474           -1.06432E+03
                2.02121           -1.04868E+03
                2.02768           -1.01535E+03
                2.03414         -961.836      
                2.04061         -886.566      
                2.04708         -789.031      
                2.05354         -669.887      
                2.06001         -530.972      
                2.06324         -457.051      
                2.06647         -378.734      
                2.07132         -253.122      
                2.07314         -205.171      
                2.07587         -131.033      
                2.07996          -16.5407     
                2.08149           26.61       
                2.08379           92.1296     
                2.08724          190.984      
                2.09241          337.281      
                2.09435          391.436      
                2.09726          471.387      
                2.10163          585.966      
                2.10327          627.847      
                2.10572          688.629      
                2.1094           773.687      
                2.11492          883.947      
                2.12045          973.71       
                2.12597            1.04063E+03
                2.12804            1.06208E+03
                2.13114            1.08687E+03
                2.1358             1.10559E+03
                2.13754            1.10965E+03
                2.14016            1.10997E+03
                2.14409            1.0966E+03 
                2.14556            1.08936E+03
                2.14777            1.0743E+03 
                2.15108            1.04179E+03
                2.15605          970.87       
                2.15791          940.799      
                2.1607           889.311      
                2.16489          797.59       
                2.17118          630.125      
                2.17432          538.807      
                2.17746          441.213      
                2.18217          282.229      
                2.18923           21.7235     
                2.19629         -253.816      
                2.19805         -324.171      
                2.19982         -394.786      
                2.20246         -501.429      
                2.20643         -662.412      
                2.21238         -902.057      
                2.21461         -992.088      
                2.21796           -1.12455E+03
                2.22298           -1.31658E+03
                2.22486           -1.38811E+03
                2.22768           -1.49216E+03
                2.23191           -1.64095E+03
                2.2335            -1.69614E+03
                2.23588           -1.77593E+03
                2.23944           -1.88921E+03
                2.24479           -2.04381E+03
                2.2468            -2.10021E+03
                2.24981           -2.17889E+03
                2.25432           -2.28439E+03
                2.25601           -2.32273E+03
                2.25855           -2.37567E+03
                2.26235           -2.44574E+03
                2.26378           -2.47115E+03
                2.26592           -2.50595E+03
                2.26912           -2.55153E+03
                2.27393           -2.6061E+03 
                2.27874           -2.64809E+03
                2.28355           -2.67815E+03
                2.28835           -2.69718E+03
                2.29316           -2.70622E+03
                2.29496           -2.70881E+03
                2.29766           -2.70905E+03
                2.30171           -2.70329E+03
                2.30778           -2.68386E+03
                2.31005           -2.67613E+03
                2.31346           -2.66066E+03
                2.31858           -2.63199E+03
                2.3205            -2.62136E+03
                2.32338           -2.60322E+03
                2.32769           -2.57323E+03
                2.332             -2.54161E+03
                2.33631           -2.5085E+03 
                2.33793           -2.49643E+03
                2.34035           -2.47718E+03
                2.34399           -2.44727E+03
                2.34943           -2.40143E+03
                2.35488           -2.35573E+03
                2.36032           -2.3101E+03 
                2.36576           -2.26472E+03
                2.3712            -2.21966E+03
                2.37255           -2.20926E+03
                2.37391           -2.19842E+03
                2.37595           -2.18161E+03
                2.379             -2.15619E+03
                2.38358           -2.118E+03  
                2.3853            -2.10447E+03
                2.38787           -2.08323E+03
                2.39174           -2.05059E+03
                2.39318           -2.03892E+03
                2.39535           -2.02056E+03
                2.39861           -1.99207E+03
                2.40349           -1.94733E+03
                2.40532           -1.93118E+03
                2.40806           -1.90512E+03
                2.41217           -1.86333E+03
                2.41834           -1.79414E+03
                2.42065           -1.76853E+03
                2.42411           -1.72614E+03
                2.42931           -1.65588E+03
                2.43125           -1.6297E+03 
                2.43417           -1.5871E+03 
                2.43855           -1.51776E+03
                2.44019           -1.49191E+03
                2.44265           -1.45059E+03
                2.44634           -1.38455E+03
                2.44772           -1.35995E+03
                2.4498            -1.32124E+03
                2.45291           -1.26032E+03
                2.45757           -1.16388E+03
                2.45932           -1.12803E+03
                2.46194           -1.0718E+03 
                2.46587         -984.333      
                2.47176         -849.287      
                2.47764         -713.681      
                2.48352         -579.524      
                2.4894          -449.528      
                2.49527         -326.519      
                2.50113         -213.274      
                2.50699         -112.43       
                2.51284          -26.4064     
                2.51869           42.6605     
                2.52746          103.98       
                2.53621          117.21       
                2.54276           98.9933     
                2.54931           54.5374     
                2.55585          -16.2032     
                2.56238         -111.909      
                2.56483         -152.821      
                2.5685          -219.064      
                2.574           -332.641      
                2.58224         -530.404      
                2.59047         -749.895      
                2.59868         -982.288      
                2.60073           -1.04352E+03
                2.60279           -1.10363E+03
                2.60586           -1.19318E+03
                2.61047           -1.32757E+03
                2.61738           -1.5256E+03 
                2.62427           -1.71691E+03
                2.63116           -1.89642E+03
                2.63804           -2.06053E+03
                2.64491           -2.2063E+03 
                2.65177           -2.33154E+03
                2.65519           -2.39049E+03
                2.65862           -2.44252E+03
                2.66375           -2.50634E+03
                2.66567           -2.53007E+03
                2.66855           -2.55961E+03
                2.67287           -2.59384E+03
                2.67934           -2.62471E+03
                2.68581           -2.63726E+03
                2.69065           -2.63708E+03
                2.69548           -2.62601E+03
                2.70031           -2.6052E+03 
                2.70213           -2.59745E+03
                2.70484           -2.58091E+03
                2.70891           -2.54904E+03
                2.71043           -2.53753E+03
                2.71272           -2.51698E+03
                2.71614           -2.4814E+03 
                2.72128           -2.41958E+03
                2.7232            -2.39712E+03
                2.72608           -2.3589E+03 
                2.73041           -2.29577E+03
                2.73202           -2.27289E+03
                2.73445           -2.23554E+03
                2.73809           -2.17588E+03
                2.74355           -2.08105E+03
                2.74899           -1.98334E+03
                2.75443           -1.8829E+03 
                2.75647           -1.84665E+03
                2.75952           -1.78904E+03
                2.7641            -1.70083E+03
                2.77095           -1.56802E+03
                2.7778            -1.43736E+03
                2.77951           -1.40737E+03
                2.78121           -1.37579E+03
                2.78377           -1.32697E+03
                2.78761           -1.25366E+03
                2.79336           -1.14496E+03
                2.79552           -1.1068E+03 
                2.79874           -1.04714E+03
                2.80358         -957.718      
                2.80539         -926.255      
                2.80811         -877.215      
                2.81218         -803.581      
                2.81371         -777.62       
                2.81599         -737.304      
                2.81942         -676.701      
                2.82456         -587.62       
                2.82648         -556.689      
                2.82936         -508.52       
                2.83368         -437.183      
                2.8353          -412.432      
                2.83773         -374.077      
                2.84137         -317.36       
                2.84682         -236.738      
                2.84886         -209.622      
                2.85192         -167.756      
                2.8565          -108.067      
                2.85822          -88.2199     
                2.86079          -57.6959     
                2.86465          -14.4194     
                2.8661          -222.846E-03  
                2.86826           21.5486     
                2.87151           52.3136     
                2.87638           91.9012     
                2.8782           103.588      
                2.88093          121.354      
                2.88503          143.746      
                2.88656          149.67       
                2.88886          158.715      
                2.8923           169.221      
                2.89747          175.81       
                2.90262          171.542      
                2.90776          157.543      
                2.90969          148.89       
                2.91258          135.994      
                2.91691          111.22       
                2.91853           99.069      
                2.92096           81.0098     
                2.9246            50.5665     
                2.92596           37.008      
                2.92801           16.9835     
                2.93107          -14.964      
                2.93566          -68.5122     
                2.93738          -91.5862     
                2.93996         -125.362      
                2.94382         -178.214      
                2.94527         -200.192      
                2.94744         -232.18       
                2.95069         -280.91       
                2.95556         -356.744      
                2.95739         -387.996      
                2.96012         -432.672      
                2.96421         -499.284      
                2.97035         -598.539      
                2.97264         -638.946      
                2.97608         -694.609      
                2.98124         -773.714      
                2.98316         -805.586      
                2.98606         -848.836      
                2.99039         -908.823      
                2.99201         -932.934      
                2.99444         -965.289      
                2.99809           -1.00931E+03
                3.00354           -1.06656E+03
                3.0049            -1.08327E+03
                3.00627           -1.09796E+03
                3.00831           -1.11693E+03
                3.01137           -1.14156E+03
                3.01595           -1.17102E+03

 MINIMUM        0.                -3.20755E+03
  AT X =                           1.06386    
 MAXIMUM        3.01595           12.4346E+03 
  AT X =                         946.679E-03  




