
                  X            uf-80-0-Xc485  

                0.                -0.         
               39.94E-09         144.258E-03  
              319.041E-09        746.54E-03   
                1.70601E-06        1.9485     
                7.53894E-06        4.44843    
               29.9775E-06         9.54911    
              111.812E-06         21.6481     
              399.954E-06         56.0724     
                1.38837E-03      163.196      
                4.70264E-03      506.743      
               15.5512E-03         1.60972E+03
               49.9952E-03         5.08309E+03
              154.626E-03         15.5979E+03 
              212.548E-03         21.5083E+03 
              319.557E-03         32.1591E+03 
              322.357E-03         32.923E+03  
              326.58E-03          33.3298E+03 
              328.172E-03         33.4786E+03 
              328.769E-03         33.5342E+03 
              328.994E-03         33.555E+03  
              329.331E-03         33.5844E+03 
              329.836E-03         33.6266E+03 
              330.595E-03         33.6882E+03 
              331.355E-03         33.7495E+03 
              332.115E-03         33.8098E+03 
              332.877E-03         33.8688E+03 
              333.64E-03          33.9263E+03 
              334.786E-03         34.0073E+03 
              335.072E-03         34.0293E+03 
              335.359E-03         34.0505E+03 
              335.79E-03          34.0803E+03 
              336.436E-03         34.1223E+03 
              337.084E-03         34.1632E+03 
              337.731E-03         34.2024E+03 
              338.38E-03          34.2394E+03 
              339.354E-03         34.2867E+03 
              340.33E-03          34.3258E+03 
              341.307E-03         34.3535E+03 
              342.285E-03         34.3678E+03 
              343.756E-03         34.3538E+03 
              345.968E-03         34.2635E+03 
              348.188E-03         34.1403E+03 
              350.416E-03         34.0356E+03 
              352.651E-03         34.0045E+03 
              354.894E-03         34.0829E+03 
              358.273E-03         34.4347E+03 
              363.373E-03         35.2419E+03 
              364.655E-03         35.4722E+03 
              365.938E-03         35.7E+03    
              367.868E-03         36.0421E+03 
              370.773E-03         36.5367E+03 
              375.153E-03         37.1738E+03 
              379.561E-03         37.6903E+03 
              383.996E-03         38.1004E+03 
              385.109E-03         38.2081E+03 
              386.223E-03         38.3013E+03 
              386.642E-03         38.3365E+03 
              387.27E-03          38.3853E+03 
              387.741E-03         38.4212E+03 
              388.449E-03         38.4723E+03 
              389.157E-03         38.5224E+03 
              389.867E-03         38.5716E+03 
              390.576E-03         38.62E+03   
              391.287E-03         38.6678E+03 
              392.354E-03         38.7382E+03 
              393.957E-03         38.8454E+03 
              396.369E-03         39.0108E+03 
              396.595E-03         39.03E+03   
              396.935E-03         39.0567E+03 
              397.445E-03         39.0939E+03 
              398.211E-03         39.1473E+03 
              398.977E-03         39.2007E+03 
              399.745E-03         39.2536E+03 
              400.897E-03         39.3284E+03 
              402.629E-03         39.4322E+03 
              405.234E-03         39.5966E+03 
              409.159E-03         39.9411E+03 
              415.082E-03         40.6111E+03 
              424.051E-03         41.608E+03  
              437.692E-03         42.9563E+03 
              441.137E-03         43.3267E+03 
              444.597E-03         43.6581E+03 
              449.812E-03         44.1434E+03 
              457.693E-03         44.8869E+03 
              460.667E-03         45.1891E+03 
              461.784E-03         45.3035E+03 
              463.463E-03         45.4657E+03 
              464.725E-03         45.5894E+03 
              466.62E-03          45.7728E+03 
              468.519E-03         45.9593E+03 
              470.423E-03         46.1472E+03 
              472.33E-03          46.3361E+03 
              474.241E-03         46.5253E+03 
              476.156E-03         46.714E+03  
              478.075E-03         46.9007E+03 
              479.998E-03         47.0836E+03 
              481.925E-03         47.2611E+03 
              483.855E-03         47.4324E+03 
              486.759E-03         47.6745E+03 
              487.85E-03          47.7699E+03 
              489.489E-03         47.9033E+03 
              491.953E-03         48.0988E+03 
              494.422E-03         48.2957E+03 
              496.899E-03         48.4928E+03 
              499.381E-03         48.6909E+03 
              501.87E-03          48.8914E+03 
              503.116E-03         48.9961E+03 
              504.365E-03         49.0992E+03 
              506.24E-03          49.2547E+03 
              508.118E-03         49.4172E+03 
              510.001E-03         49.5866E+03 
              510.472E-03         49.6322E+03 
              511.179E-03         49.6985E+03 
              512.24E-03          49.7982E+03 
              512.639E-03         49.8372E+03 
              513.237E-03         49.8953E+03 
              514.134E-03         49.983E+03  
              514.471E-03         50.0171E+03 
              514.976E-03         50.0679E+03 
              515.734E-03         50.1442E+03 
              516.873E-03         50.2598E+03 
              518.013E-03         50.3772E+03 
              519.154E-03         50.4953E+03 
              520.297E-03         50.6136E+03 
              522.013E-03         50.7899E+03 
              522.657E-03         50.8589E+03 
              523.624E-03         50.9596E+03 
              525.076E-03         51.1092E+03 
              525.621E-03         51.1675E+03 
              526.44E-03          51.2528E+03 
              527.668E-03         51.3789E+03 
              529.513E-03         51.5655E+03 
              531.362E-03         51.7517E+03 
              533.214E-03         51.9364E+03 
              535.069E-03         52.1197E+03 
              536.927E-03         52.3012E+03 
              538.789E-03         52.4797E+03 
              540.653E-03         52.6532E+03 
              543.456E-03         52.8959E+03 
              546.266E-03         53.1286E+03 
              549.083E-03         53.3559E+03 
              551.908E-03         53.5851E+03 
              554.739E-03         53.8213E+03 
              557.578E-03         54.0664E+03 
              560.424E-03         54.3211E+03 
              564.706E-03         54.7224E+03 
              569.004E-03         55.1504E+03 
              573.318E-03         55.5971E+03 
              579.818E-03         56.2777E+03 
              586.354E-03         56.96E+03   
              592.926E-03         57.6259E+03 
              599.533E-03         58.2746E+03 
              601.19E-03          58.4484E+03 
              601.812E-03         58.5126E+03 
              602.746E-03         58.6036E+03 
              604.148E-03         58.737E+03  
              604.674E-03         58.7887E+03 
              605.463E-03         58.8643E+03 
              606.649E-03         58.976E+03  
              608.429E-03         59.1428E+03 
              609.765E-03         59.2697E+03 
              611.103E-03         59.3959E+03 
              612.442E-03         59.5218E+03 
              613.783E-03         59.6473E+03 
              615.125E-03         59.772E+03  
              616.469E-03         59.8952E+03 
              617.814E-03         60.0156E+03 
              618.15E-03          60.0469E+03 
              618.487E-03         60.0774E+03 
              618.992E-03         60.1217E+03 
              619.75E-03          60.1856E+03 
              620.888E-03         60.276E+03  
              622.596E-03         60.3959E+03 
              623.023E-03         60.427E+03  
              623.451E-03         60.4562E+03 
              624.092E-03         60.4959E+03 
              625.055E-03         60.5476E+03 
              625.417E-03         60.5669E+03 
              625.959E-03         60.5927E+03 
              626.772E-03         60.6252E+03 
              627.078E-03         60.6373E+03 
              627.536E-03         60.6532E+03 
              628.223E-03         60.6726E+03 
              629.255E-03         60.6934E+03 
              629.513E-03         60.6991E+03 
              629.771E-03         60.7042E+03 
              630.158E-03         60.7103E+03 
              630.303E-03         60.7126E+03 
              630.521E-03         60.7156E+03 
              630.848E-03         60.7192E+03 
              631.338E-03         60.7232E+03 
              631.522E-03         60.7249E+03 
              631.798E-03         60.7269E+03 
              632.213E-03         60.7292E+03 
              632.368E-03         60.7301E+03 
              632.601E-03         60.7314E+03 
              632.951E-03         60.7328E+03 
              633.082E-03         60.7335E+03 
              633.278E-03         60.7343E+03 
              633.573E-03         60.7354E+03 
              633.684E-03         60.7359E+03 
              633.85E-03          60.7366E+03 
              634.099E-03         60.7376E+03 
              634.473E-03         60.7391E+03 
              634.847E-03         60.7409E+03 
              635.221E-03         60.7431E+03 
              635.595E-03         60.7457E+03 
              635.735E-03         60.7469E+03 
              635.946E-03         60.7488E+03 
              636.262E-03         60.7517E+03 
              636.38E-03          60.7529E+03 
              636.558E-03         60.7549E+03 
              636.824E-03         60.7579E+03 
              637.224E-03         60.7628E+03 
              637.624E-03         60.7684E+03 
              638.025E-03         60.7745E+03 
              638.425E-03         60.7813E+03 
              638.825E-03         60.7885E+03 
              639.226E-03         60.7961E+03 
              639.627E-03         60.804E+03  
              640.027E-03         60.8121E+03 
              640.178E-03         60.8153E+03 
              640.403E-03         60.82E+03   
              640.488E-03         60.8219E+03 
              640.615E-03         60.8246E+03 
              640.805E-03         60.8286E+03 
              641.091E-03         60.8344E+03 
              641.519E-03         60.8428E+03 
              641.68E-03          60.8461E+03 
              641.921E-03         60.8509E+03 
              642.283E-03         60.8577E+03 
              642.825E-03         60.8671E+03 
              643.368E-03         60.876E+03  
              643.911E-03         60.8841E+03 
              644.455E-03         60.8914E+03 
              645.27E-03          60.8998E+03 
              646.495E-03         60.9105E+03 
              646.801E-03         60.9143E+03 
              647.107E-03         60.9178E+03 
              647.567E-03         60.9228E+03 
              648.256E-03         60.9312E+03 
              648.946E-03         60.9429E+03 
              649.637E-03         60.9593E+03 
              650.673E-03         60.9972E+03 
              651.061E-03         61.0145E+03 
              651.645E-03         61.0448E+03 
              652.52E-03          61.1004E+03 
              653.834E-03         61.2006E+03 
              654.163E-03         61.2279E+03 
              654.492E-03         61.2557E+03 
              654.985E-03         61.2975E+03 
              655.726E-03         61.3587E+03 
              656.467E-03         61.4162E+03 
              657.208E-03         61.4664E+03 
              657.486E-03         61.4845E+03 
              657.903E-03         61.5078E+03 
              658.529E-03         61.532E+03  
              658.764E-03         61.5399E+03 
              659.116E-03         61.5477E+03 
              659.645E-03         61.549E+03  
              660.438E-03         61.5246E+03 
              661.629E-03         61.4252E+03 
              662.82E-03          61.2699E+03 
              663.119E-03         61.2287E+03 
              663.566E-03         61.1592E+03 
              663.734E-03         61.1323E+03 
              663.985E-03         61.0897E+03 
              664.363E-03         61.0218E+03 
              664.93E-03          60.9137E+03 
              665.78E-03          60.7493E+03 
              667.056E-03         60.5334E+03 
              667.375E-03         60.4831E+03 
              667.695E-03         60.4355E+03 
              668.174E-03         60.3716E+03 
              668.653E-03         60.3169E+03 
              669.133E-03         60.2728E+03 
              669.852E-03         60.2315E+03 
              670.932E-03         60.2245E+03 
              672.013E-03         60.2643E+03 
              672.283E-03         60.2777E+03 
              672.554E-03         60.2936E+03 
              672.959E-03         60.3217E+03 
              673.568E-03         60.3714E+03 
              673.796E-03         60.3913E+03 
              674.139E-03         60.4226E+03 
              674.653E-03         60.471E+03  
              675.424E-03         60.5402E+03 
              675.714E-03         60.5659E+03 
              676.148E-03         60.6012E+03 
              676.582E-03         60.6321E+03 
              677.016E-03         60.6578E+03 
              677.451E-03         60.6769E+03 
              678.103E-03         60.6875E+03 
              678.755E-03         60.6777E+03 
              679.408E-03         60.6453E+03 
              680.061E-03         60.5887E+03 
              680.714E-03         60.5077E+03 
              681.367E-03         60.4026E+03 
              682.021E-03         60.2752E+03 
              682.675E-03         60.1281E+03 
              683.33E-03          59.965E+03  
              683.984E-03         59.7902E+03 
              684.639E-03         59.6087E+03 
              684.885E-03         59.5403E+03 
              685.253E-03         59.4368E+03 
              685.806E-03         59.283E+03  
              686.014E-03         59.2261E+03 
              686.325E-03         59.1421E+03 
              686.792E-03         59.0213E+03 
              687.493E-03         58.8579E+03 
              688.544E-03         58.6682E+03 
              688.939E-03         58.6065E+03 
              689.531E-03         58.534E+03  
              689.753E-03         58.5101E+03 
              690.086E-03         58.4808E+03 
              690.211E-03         58.4709E+03 
              690.399E-03         58.4582E+03 
              690.68E-03          58.4439E+03 
              691.102E-03         58.4335E+03 
              691.735E-03         58.4422E+03 
              692.685E-03         58.5042E+03 
              692.923E-03         58.5233E+03 
              693.161E-03         58.5453E+03 
              693.517E-03         58.5838E+03 
              694.052E-03         58.653E+03  
              694.855E-03         58.7772E+03 
              695.659E-03         58.9165E+03 
              696.463E-03         59.0646E+03 
              697.267E-03         59.2153E+03 
              698.071E-03         59.3628E+03 
              698.675E-03         59.4697E+03 
              699.279E-03         59.5702E+03 
              699.883E-03         59.6626E+03 
              700.488E-03         59.7449E+03 
              701.093E-03         59.8158E+03 
              701.698E-03         59.8739E+03 
              702.303E-03         59.9181E+03 
              702.908E-03         59.9481E+03 
              703.135E-03         59.9576E+03 
              703.476E-03         59.967E+03  
              703.987E-03         59.9704E+03 
              704.499E-03         59.9641E+03 
              705.01E-03          59.9486E+03 
              705.522E-03         59.9248E+03 
              706.29E-03          59.8733E+03 
              707.058E-03         59.8098E+03 
              707.827E-03         59.737E+03  
              708.596E-03         59.6573E+03 
              709.365E-03         59.5723E+03 
              709.558E-03         59.5511E+03 
              709.847E-03         59.5186E+03 
              710.28E-03          59.4683E+03 
              710.93E-03          59.3905E+03 
              711.173E-03         59.3615E+03 
              711.539E-03         59.3175E+03 
              712.088E-03         59.2507E+03 
              712.294E-03         59.2259E+03 
              712.602E-03         59.1885E+03 
              713.066E-03         59.1325E+03 
              713.761E-03         59.0499E+03 
              714.457E-03         58.9709E+03 
              715.153E-03         58.8966E+03 
              715.849E-03         58.8285E+03 
              716.545E-03         58.7678E+03 
              717.242E-03         58.7153E+03 
              717.416E-03         58.7031E+03 
              717.591E-03         58.6914E+03 
              717.852E-03         58.6749E+03 
              718.244E-03         58.6526E+03 
              718.833E-03         58.6253E+03 
              719.716E-03         58.5977E+03 
              719.937E-03         58.5922E+03 
              720.158E-03         58.5875E+03 
              720.489E-03         58.5818E+03 
              720.986E-03         58.5764E+03 
              721.173E-03         58.5751E+03 
              721.453E-03         58.5739E+03 
              721.872E-03         58.574E+03  
              722.502E-03         58.5776E+03 
              723.448E-03         58.5881E+03 
              723.684E-03         58.5916E+03 
              723.921E-03         58.5953E+03 
              724.275E-03         58.6009E+03 
              724.808E-03         58.609E+03  
              725.607E-03         58.6196E+03 
              725.906E-03         58.624E+03  
              726.356E-03         58.6295E+03 
              726.805E-03         58.6341E+03 
              727.255E-03         58.6378E+03 
              727.705E-03         58.6406E+03 
              728.38E-03          58.6431E+03 
              729.056E-03         58.645E+03  
              729.731E-03         58.6473E+03 
              730.407E-03         58.6505E+03 
              731.084E-03         58.6554E+03 
              732.099E-03         58.6673E+03 
              733.114E-03         58.6846E+03 
              734.13E-03          58.7063E+03 
              734.512E-03         58.7157E+03 
              735.084E-03         58.7299E+03 
              735.942E-03         58.7511E+03 
              736.371E-03         58.7624E+03 
              736.801E-03         58.7733E+03 
              737.445E-03         58.7885E+03 
              738.09E-03          58.8023E+03 
              738.735E-03         58.8145E+03 
              739.38E-03          58.8245E+03 
              740.026E-03         58.8319E+03 
              740.671E-03         58.8365E+03 
              741.317E-03         58.8382E+03 
              741.964E-03         58.8368E+03 
              742.125E-03         58.8366E+03 
              742.287E-03         58.8361E+03 
              742.529E-03         58.8349E+03 
              742.893E-03         58.8318E+03 
              743.439E-03         58.825E+03  
              743.643E-03         58.8225E+03 
              743.951E-03         58.818E+03  
              744.411E-03         58.81E+03   
              745.103E-03         58.7962E+03 
              745.794E-03         58.7816E+03 
              746.14E-03          58.7746E+03 
              746.486E-03         58.7673E+03 
              747.005E-03         58.7558E+03 
              747.2E-03           58.7517E+03 
              747.492E-03         58.7454E+03 
              747.931E-03         58.7356E+03 
              748.588E-03         58.7202E+03 
              749.575E-03         58.6947E+03 
              749.76E-03          58.6904E+03 
              750.038E-03         58.6835E+03 
              750.455E-03         58.672E+03  
              751.08E-03          58.6524E+03 
              752.018E-03         58.6176E+03 
              752.37E-03          58.6045E+03 
              752.502E-03         58.5996E+03 
              752.7E-03           58.592E+03  
              752.997E-03         58.5798E+03 
              753.443E-03         58.5601E+03 
              754.112E-03         58.5287E+03 
              755.115E-03         58.4806E+03 
              755.366E-03         58.4692E+03 
              755.617E-03         58.4578E+03 
              755.994E-03         58.4406E+03 
              756.559E-03         58.415E+03  
              757.125E-03         58.3907E+03 
              757.69E-03          58.3679E+03 
              757.902E-03         58.3598E+03 
              758.22E-03          58.3479E+03 
              758.698E-03         58.331E+03  
              759.414E-03         58.307E+03  
              760.489E-03         58.2718E+03 
              761.296E-03         58.2451E+03 
              762.104E-03         58.2156E+03 
              762.911E-03         58.182E+03  
              763.719E-03         58.1435E+03 
              764.528E-03         58.0993E+03 
              764.73E-03          58.0883E+03 
              764.932E-03         58.0769E+03 
              765.008E-03         58.0726E+03 
              765.121E-03         58.066E+03  
              765.292E-03         58.0557E+03 
              765.548E-03         58.0395E+03 
              765.932E-03         58.0135E+03 
              766.508E-03         57.9714E+03 
              767.373E-03         57.9016E+03 
              767.454E-03         57.8953E+03 
              767.576E-03         57.8856E+03 
              767.758E-03         57.8707E+03 
              768.032E-03         57.8476E+03 
              768.442E-03         57.8112E+03 
              769.059E-03         57.7529E+03 
              769.675E-03         57.6913E+03 
              770.292E-03         57.6258E+03 
              770.908E-03         57.5563E+03 
              771.525E-03         57.4824E+03 
              772.143E-03         57.4041E+03 
              772.76E-03          57.3214E+03 
              773.378E-03         57.2346E+03 
              773.996E-03         57.1443E+03 
              774.054E-03         57.1359E+03 
              774.141E-03         57.1233E+03 
              774.271E-03         57.1041E+03 
              774.467E-03         57.075E+03  
              774.76E-03          57.0306E+03 
              775.2E-03           56.9625E+03 
              775.861E-03         56.8592E+03 
              776.109E-03         56.8208E+03 
              776.48E-03          56.763E+03  
              777.038E-03         56.677E+03  
              777.247E-03         56.6452E+03 
              777.561E-03         56.598E+03  
              778.032E-03         56.5291E+03 
              778.739E-03         56.4325E+03 
              779.799E-03         56.3089E+03 
              780.86E-03          56.2103E+03 
              781.922E-03         56.1361E+03 
              782.984E-03         56.0836E+03 
              784.047E-03         56.0483E+03 
              784.313E-03         56.0412E+03 
              784.578E-03         56.0348E+03 
              784.977E-03         56.0266E+03 
              785.576E-03         56.0167E+03 
              785.8E-03           56.0136E+03 
              786.137E-03         56.0095E+03 
              786.642E-03         56.004E+03  
              786.832E-03         56.0022E+03 
              787.116E-03         55.9995E+03 
              787.223E-03         55.9986E+03 
              787.383E-03         55.9972E+03 
              787.622E-03         55.995E+03  
              787.982E-03         55.9912E+03 
              788.523E-03         55.9843E+03 
              789.333E-03         55.9695E+03 
              789.536E-03         55.966E+03  
              789.738E-03         55.9621E+03 
              790.042E-03         55.9552E+03 
              790.499E-03         55.9424E+03 
              791.183E-03         55.9171E+03 
              791.868E-03         55.8859E+03 
              792.553E-03         55.8481E+03 
              792.724E-03         55.8386E+03 
              792.896E-03         55.8286E+03 
              793.153E-03         55.8125E+03 
              793.538E-03         55.7859E+03 
              794.117E-03         55.7413E+03 
              794.985E-03         55.666E+03  
              795.419E-03         55.6272E+03 
              795.854E-03         55.5869E+03 
              796.505E-03         55.5238E+03 
              797.157E-03         55.4596E+03 
              797.32E-03          55.4438E+03 
              797.483E-03         55.4279E+03 
              797.728E-03         55.4038E+03 
              798.095E-03         55.3675E+03 
              798.645E-03         55.3132E+03 
              798.852E-03         55.2931E+03 
              799.162E-03         55.2631E+03 
              799.278E-03         55.2519E+03 
              799.452E-03         55.2352E+03 
              799.714E-03         55.2102E+03 
              800.106E-03         55.1729E+03 
              800.694E-03         55.1174E+03 
              801.283E-03         55.0623E+03 
              801.43E-03          55.0488E+03 
              801.578E-03         55.0353E+03 
              801.799E-03         55.0149E+03 
              802.13E-03          54.984E+03  
              802.627E-03         54.9364E+03 
              803.373E-03         54.8614E+03 
              804.119E-03         54.7822E+03 
              804.866E-03         54.6981E+03 
              805.986E-03         54.5625E+03 
              807.107E-03         54.4234E+03 
              807.387E-03         54.3891E+03 
              807.668E-03         54.3546E+03 
              808.089E-03         54.3026E+03 
              808.72E-03          54.2253E+03 
              808.956E-03         54.1968E+03 
              809.312E-03         54.1546E+03 
              809.845E-03         54.0932E+03 
              810.644E-03         54.0062E+03 
              811.444E-03         53.9251E+03 
              812.245E-03         53.8494E+03 
              813.045E-03         53.7784E+03 
              813.346E-03         53.7529E+03 
              813.796E-03         53.7155E+03 
              814.472E-03         53.6615E+03 
              815.487E-03         53.5845E+03 
              816.248E-03         53.5287E+03 
              816.629E-03         53.5014E+03 
              817.01E-03          53.4739E+03 
              817.581E-03         53.4314E+03 
              818.153E-03         53.3874E+03 
              818.725E-03         53.341E+03  
              818.939E-03         53.3234E+03 
              819.261E-03         53.2959E+03 
              819.744E-03         53.2515E+03 
              820.468E-03         53.1761E+03 
              821.192E-03         53.0907E+03 
              821.917E-03         52.9935E+03 
              822.642E-03         52.8837E+03 
              823.368E-03         52.7609E+03 
              824.093E-03         52.626E+03  
              824.819E-03         52.4803E+03 
              825.545E-03         52.326E+03  
              826.272E-03         52.1656E+03 
              827.362E-03         51.9211E+03 
              828.453E-03         51.6829E+03 
              829.544E-03         51.4574E+03 
              830.637E-03         51.2487E+03 
              831.729E-03         51.0585E+03 
              832.823E-03         50.8878E+03 
              833.916E-03         50.7369E+03 
              835.011E-03         50.6068E+03 
              835.832E-03         50.522E+03  
              836.654E-03         50.4498E+03 
              836.859E-03         50.4329E+03 
              837.065E-03         50.4169E+03 
              837.373E-03         50.3944E+03 
              837.836E-03         50.3647E+03 
              838.529E-03         50.3302E+03 
              838.79E-03          50.3191E+03 
              839.18E-03          50.3056E+03 
              839.766E-03         50.2927E+03 
              839.986E-03         50.2892E+03 
              840.316E-03         50.2862E+03 
              840.81E-03          50.2866E+03 
              841.552E-03         50.298E+03  
              841.831E-03         50.3042E+03 
              842.248E-03         50.3163E+03 
              842.875E-03         50.3401E+03 
              843.11E-03          50.35E+03   
              843.463E-03         50.3662E+03 
              843.992E-03         50.3928E+03 
              844.786E-03         50.4346E+03 
              845.083E-03         50.4508E+03 
              845.53E-03          50.4746E+03 
              846.2E-03           50.5069E+03 
              846.452E-03         50.5188E+03 
              846.829E-03         50.5349E+03 
              846.97E-03          50.5408E+03 
              847.182E-03         50.5489E+03 
              847.501E-03         50.5594E+03 
              847.979E-03         50.5707E+03 
              848.456E-03         50.5772E+03 
              848.934E-03         50.5781E+03 
              849.054E-03         50.5781E+03 
              849.173E-03         50.5778E+03 
              849.352E-03         50.5763E+03 
              849.621E-03         50.572E+03  
              850.025E-03         50.5603E+03 
              850.63E-03          50.5302E+03 
              851.235E-03         50.487E+03  
              851.387E-03         50.4756E+03 
              851.425E-03         50.4727E+03 
              851.481E-03         50.4682E+03 
              851.503E-03         50.4665E+03 
              851.535E-03         50.464E+03  
              851.583E-03         50.46E+03   
              851.654E-03         50.4539E+03 
              851.762E-03         50.4442E+03 
              851.924E-03         50.4286E+03 
              852.167E-03         50.4028E+03 
              852.53E-03          50.3584E+03 
              853.076E-03         50.2791E+03 
              853.281E-03         50.2478E+03 
              853.588E-03         50.1968E+03 
              854.049E-03         50.1108E+03 
              854.741E-03         49.961E+03  
              855.433E-03         49.7914E+03 
              856.125E-03         49.6035E+03 
              856.817E-03         49.3996E+03 
              857.51E-03          49.1833E+03 
              858.203E-03         48.9592E+03 
              858.896E-03         48.733E+03  
              859.589E-03         48.5112E+03 
              860.629E-03         48.2103E+03 
              861.019E-03         48.1039E+03 
              861.605E-03         47.9606E+03 
              861.825E-03         47.9096E+03 
              862.154E-03         47.8392E+03 
              862.648E-03         47.7493E+03 
              863.39E-03          47.6538E+03 
              864.132E-03         47.5992E+03 
              864.874E-03         47.5839E+03 
              865.617E-03         47.6045E+03 
              866.359E-03         47.656E+03  
              866.638E-03         47.6798E+03 
              867.056E-03         47.7232E+03 
              867.683E-03         47.8027E+03 
              868.624E-03         47.9432E+03 
              869.566E-03         48.0957E+03 
              870.508E-03         48.2522E+03 
              870.743E-03         48.2919E+03 
              871.096E-03         48.3511E+03 
              871.627E-03         48.4381E+03 
              872.422E-03         48.5625E+03 
              873.218E-03         48.6792E+03 
              874.014E-03         48.7868E+03 
              874.312E-03         48.8262E+03 
              874.424E-03         48.8408E+03 
              874.592E-03         48.8622E+03 
              874.844E-03         48.8932E+03 
              875.222E-03         48.9369E+03 
              875.79E-03          48.9965E+03 
              876.641E-03         49.0722E+03 
              876.96E-03          49.0991E+03 
              877.439E-03         49.1346E+03 
              878.158E-03         49.1763E+03 
              878.877E-03         49.2064E+03 
              879.596E-03         49.224E+03  
              880.315E-03         49.2286E+03 
              881.035E-03         49.2197E+03 
              881.755E-03         49.197E+03  
              882.025E-03         49.1868E+03 
              882.43E-03          49.167E+03  
              883.038E-03         49.1272E+03 
              883.95E-03          49.0474E+03 
              885.319E-03         48.8928E+03 
              886.688E-03         48.7139E+03 
              887.031E-03         48.6686E+03 
              887.374E-03         48.6219E+03 
              887.888E-03         48.5486E+03 
              888.659E-03         48.4337E+03 
              888.948E-03         48.3904E+03 
              889.382E-03         48.3241E+03 
              889.491E-03         48.3075E+03 
              889.599E-03         48.2909E+03 
              889.762E-03         48.2658E+03 
              890.006E-03         48.2276E+03 
              890.372E-03         48.1696E+03 
              890.922E-03         48.0807E+03 
              891.747E-03         47.9425E+03 
              892.985E-03         47.7196E+03 
              894.223E-03         47.4768E+03 
              894.533E-03         47.4155E+03 
              894.998E-03         47.3197E+03 
              895.695E-03         47.1673E+03 
              896.392E-03         47.0064E+03 
              897.09E-03          46.8371E+03 
              897.788E-03         46.6597E+03 
              898.486E-03         46.4749E+03 
              899.184E-03         46.2838E+03 
              899.883E-03         46.0877E+03 
              900.581E-03         45.8879E+03 
              901.28E-03          45.6856E+03 
              901.455E-03         45.6352E+03 
              901.63E-03          45.5846E+03 
              901.892E-03         45.5084E+03 
              902.285E-03         45.3935E+03 
              902.876E-03         45.2211E+03 
              903.761E-03         44.9652E+03 
              903.983E-03         44.9019E+03 
              904.204E-03         44.8388E+03 
              904.536E-03         44.7448E+03 
              905.035E-03         44.6052E+03 
              905.783E-03         44.4008E+03 
              906.531E-03         44.2026E+03 
              907.279E-03         44.0116E+03 
              908.028E-03         43.8286E+03 
              908.777E-03         43.6542E+03 
              909.526E-03         43.4886E+03 
              909.713E-03         43.448E+03  
              909.901E-03         43.408E+03  
              910.182E-03         43.3489E+03 
              910.603E-03         43.2623E+03 
              911.236E-03         43.1361E+03 
              912.185E-03         42.9482E+03 
              912.423E-03         42.9017E+03 
              912.66E-03          42.855E+03  
              913.016E-03         42.7839E+03 
              913.551E-03         42.6731E+03 
              914.352E-03         42.4906E+03 
              915.154E-03         42.2854E+03 
              915.355E-03         42.2329E+03 
              915.556E-03         42.1787E+03 
              915.856E-03         42.0933E+03 
              916.308E-03         41.9547E+03 
              916.985E-03         41.7224E+03 
              917.663E-03         41.4658E+03 
              918.34E-03          41.1863E+03 
              918.594E-03         41.0786E+03 
              918.976E-03         40.9101E+03 
              919.548E-03         40.6441E+03 
              919.977E-03         40.4382E+03 
              920.621E-03         40.1181E+03 
              921.265E-03         39.7906E+03 
              921.426E-03         39.7085E+03 
              921.587E-03         39.6261E+03 
              921.829E-03         39.5018E+03 
              922.191E-03         39.3143E+03 
              922.735E-03         39.0331E+03 
              922.871E-03         38.963E+03  
              923.007E-03         38.893E+03  
              923.211E-03         38.7881E+03 
              923.517E-03         38.6314E+03 
              923.976E-03         38.3984E+03 
              924.665E-03         38.0542E+03 
              924.837E-03         37.9687E+03 
              925.01E-03          37.8835E+03 
              925.268E-03         37.7564E+03 
              925.656E-03         37.5667E+03 
              926.237E-03         37.2832E+03 
              927.11E-03          36.8548E+03 
              927.328E-03         36.7478E+03 
              927.547E-03         36.6405E+03 
              927.874E-03         36.4781E+03 
              927.997E-03         36.4171E+03 
              928.181E-03         36.325E+03  
              928.457E-03         36.1857E+03 
              928.872E-03         35.9734E+03 
              929.027E-03         35.8934E+03 
              929.26E-03          35.7723E+03 
              929.61E-03          35.5879E+03 
              930.135E-03         35.3055E+03 
              930.332E-03         35.1989E+03 
              930.628E-03         35.0372E+03 
              931.071E-03         34.7908E+03 
              931.237E-03         34.698E+03  
              931.299E-03         34.6631E+03 
              931.393E-03         34.6107E+03 
              931.533E-03         34.5316E+03 
              931.743E-03         34.4123E+03 
              932.059E-03         34.2317E+03 
              932.532E-03         33.9578E+03 
              933.006E-03         33.6815E+03 
              933.48E-03          33.4034E+03 
              933.953E-03         33.124E+03  
              934.427E-03         32.8435E+03 
              934.546E-03         32.7734E+03 
              934.664E-03         32.7033E+03 
              934.842E-03         32.5979E+03 
              935.109E-03         32.4395E+03 
              935.509E-03         32.2008E+03 
              935.659E-03         32.1112E+03 
              935.884E-03         31.9763E+03 
              936.221E-03         31.7724E+03 
              936.728E-03         31.4607E+03 
              937.488E-03         30.9723E+03 
              937.678E-03         30.8491E+03 
              937.868E-03         30.7243E+03 
              938.153E-03         30.533E+03  
              938.581E-03         30.2354E+03 
              939.222E-03         29.7597E+03 
              939.383E-03         29.6391E+03 
              939.543E-03         29.5165E+03 
              939.784E-03         29.3278E+03 
              940.145E-03         29.0333E+03 
              940.281E-03         28.9213E+03 
              940.484E-03         28.7494E+03 
              940.789E-03         28.4829E+03 
              941.246E-03         28.0635E+03 
              941.932E-03         27.3951E+03 
              942.618E-03         26.6947E+03 
              942.79E-03          26.5179E+03 
              942.961E-03         26.3393E+03 
              943.219E-03         26.0679E+03 
              943.605E-03         25.6542E+03 
              944.185E-03         25.0248E+03 
              944.764E-03         24.3926E+03 
              944.909E-03         24.2346E+03 
              945.054E-03         24.0766E+03 
              945.271E-03         23.8399E+03 
              945.598E-03         23.4862E+03 
              945.72E-03          23.3539E+03 
              945.903E-03         23.1562E+03 
              946.179E-03         22.8618E+03 
              946.592E-03         22.4267E+03 
              947.211E-03         21.7935E+03 
              947.443E-03         21.5593E+03 
              947.792E-03         21.2154E+03 
              948.315E-03         20.7183E+03 
              948.511E-03         20.5348E+03 
              948.805E-03         20.266E+03  
              949.247E-03         19.8786E+03 
              949.412E-03         19.7357E+03 
              949.661E-03         19.5266E+03 
              950.034E-03         19.225E+03  
              950.592E-03         18.8003E+03 
              950.802E-03         18.6451E+03 
              951.117E-03         18.421E+03  
              951.589E-03         18.1032E+03 
              951.766E-03         17.9867E+03 
              952.031E-03         17.8174E+03 
              952.429E-03         17.5749E+03 
              953.027E-03         17.2324E+03 
              953.625E-03         16.9069E+03 
              954.222E-03         16.5928E+03 
              954.372E-03         16.515E+03  
              954.428E-03         16.4859E+03 
              954.512E-03         16.4425E+03 
              954.638E-03         16.3777E+03 
              954.828E-03         16.2809E+03 
              955.111E-03         16.1361E+03 
              955.537E-03         15.9176E+03 
              956.176E-03         15.5792E+03 
              956.815E-03         15.224E+03  
              957.455E-03         14.8474E+03 
              957.614E-03         14.7521E+03 
              957.854E-03         14.6057E+03 
              958.214E-03         14.3783E+03 
              958.754E-03         14.0202E+03 
              959.293E-03         13.6474E+03 
              959.833E-03         13.2628E+03 
              960.644E-03         12.6729E+03 
              961.454E-03         12.0868E+03 
              962.265E-03         11.5198E+03 
              962.467E-03         11.3798E+03 
              962.67E-03          11.2414E+03 
              962.974E-03         11.0382E+03 
              963.43E-03          10.7451E+03 
              964.115E-03         10.3375E+03 
              964.8E-03            9.96517E+03
              965.485E-03          9.62932E+03
              966.17E-03           9.32966E+03
              966.855E-03          9.06375E+03
              967.541E-03          8.82916E+03
              968.226E-03          8.62325E+03
              968.912E-03          8.44308E+03
              969.084E-03          8.3998E+03 
              969.255E-03          8.35802E+03
              969.512E-03          8.2984E+03 
              969.898E-03          8.21529E+03
              970.477E-03          8.10288E+03
              970.695E-03          8.06255E+03
              971.02E-03           8.00526E+03
              971.509E-03          7.92535E+03
              971.693E-03          7.89634E+03
              971.968E-03          7.85443E+03
              972.38E-03           7.79483E+03
              972.999E-03          7.71238E+03
              973.057E-03          7.70479E+03
              973.144E-03          7.69355E+03
              973.275E-03          7.67698E+03
              973.471E-03          7.65278E+03
              973.765E-03          7.61797E+03
              974.206E-03          7.56924E+03
              974.867E-03          7.50447E+03
              975.529E-03          7.4486E+03 
              976.191E-03          7.40156E+03
              976.853E-03          7.36313E+03
              977.846E-03          7.32285E+03
              978.84E-03           7.29675E+03
              979.834E-03          7.27866E+03
              980.083E-03          7.27495E+03
              980.331E-03          7.27149E+03
              980.704E-03          7.2664E+03 
              981.264E-03          7.25769E+03
              982.104E-03          7.23701E+03
              982.943E-03          7.20417E+03
              983.784E-03          7.15528E+03
              983.994E-03          7.1423E+03 
              984.204E-03          7.12818E+03
              984.519E-03          7.1042E+03 
              984.992E-03          7.06171E+03
              985.701E-03          6.98318E+03
              986.411E-03          6.89026E+03
              987.121E-03          6.78324E+03
              987.831E-03          6.66271E+03
              988.541E-03          6.52955E+03
              989.252E-03          6.38482E+03
              989.785E-03          6.27042E+03
              990.318E-03          6.15038E+03
              990.851E-03          6.02516E+03
              991.384E-03          5.89514E+03
              991.917E-03          5.76067E+03
              992.451E-03          5.62195E+03

 MINIMUM        0.                -0.         
  AT X =                           0.         
 MAXIMUM      992.451E-03         61.549E+03  
  AT X =                         659.645E-03  




