
                  X              uf-80-exp    

                0.                -0.         
               39.94E-09         122.008E-03  
              319.041E-09        605.491E-03  
                1.70601E-06        1.54267    
                7.53894E-06        3.53722    
               29.9775E-06         7.49876    
              111.812E-06         15.7147     
              399.954E-06         36.1929     
                1.38837E-03       95.8976     
                4.70264E-03      281.876      
               15.5512E-03       870.868      
               49.9952E-03         2.71434E+03
              154.626E-03          8.28057E+03
              450.699E-03         23.985E+03  
              605.155E-03         32.2147E+03 
              876.892E-03         45.9324E+03 
              895.325E-03         47.1488E+03 
              899.958E-03         47.369E+03  
              904.601E-03         47.5556E+03 
              906.344E-03         47.6267E+03 
              906.998E-03         47.6534E+03 
              907.98E-03          47.6915E+03 
              908.348E-03         47.7059E+03 
              908.901E-03         47.727E+03  
              909.729E-03         47.7579E+03 
              910.04E-03          47.7697E+03 
              910.507E-03         47.787E+03  
              911.207E-03         47.8126E+03 
              912.257E-03         47.85E+03   
              912.651E-03         47.8643E+03 
              913.242E-03         47.8853E+03 
              914.129E-03         47.9161E+03 
              915.46E-03          47.9608E+03 
              915.959E-03         47.978E+03  
              916.708E-03         48.003E+03  
              917.833E-03         48.0391E+03 
              919.52E-03          48.0907E+03 
              922.054E-03         48.1607E+03 
              922.688E-03         48.1791E+03 
              923.322E-03         48.1966E+03 
              924.273E-03         48.2206E+03 
              925.701E-03         48.2518E+03 
              927.844E-03         48.2839E+03 
              929.989E-03         48.2915E+03 
              932.137E-03         48.2547E+03 
              932.942E-03         48.2345E+03 
              934.152E-03         48.1809E+03 
              935.966E-03         48.0261E+03 
              936.647E-03         47.9571E+03 
              937.669E-03         47.8209E+03 
              939.203E-03         47.5226E+03 
              939.778E-03         47.397E+03  
              940.641E-03         47.1718E+03 
              941.937E-03         46.7372E+03 
              943.881E-03         45.8298E+03 
              944.611E-03         45.4527E+03 
              945.706E-03         44.7972E+03 
              947.349E-03         43.6106E+03 
              949.816E-03         41.4396E+03 
              950.433E-03         40.875E+03  
              951.05E-03          40.2884E+03 
              951.977E-03         39.3655E+03 
              953.367E-03         37.912E+03  
              953.888E-03         37.3593E+03 
              954.671E-03         36.5167E+03 
              955.845E-03         35.2406E+03 
              957.607E-03         33.3541E+03 
              958.268E-03         32.6542E+03 
              959.26E-03          31.6268E+03 
              960.749E-03         30.1567E+03 
              961.308E-03         29.617E+03  
              962.146E-03         28.834E+03  
              963.403E-03         27.724E+03  
              965.291E-03         26.2037E+03 
              966.E-03            25.6546E+03 
              967.062E-03         24.8731E+03 
              968.657E-03         23.786E+03  
              971.052E-03         22.3075E+03 
              971.651E-03         21.948E+03  
              972.25E-03          21.5964E+03 
              973.149E-03         21.0848E+03 
              974.498E-03         20.3475E+03 
              976.523E-03         19.2962E+03 
              977.283E-03         18.9101E+03 
              978.423E-03         18.3444E+03 
              978.85E-03          18.1346E+03 
              979.492E-03         17.8237E+03 
              980.455E-03         17.3666E+03 
              981.9E-03           16.7038E+03 
              984.069E-03         15.7765E+03 
              984.882E-03         15.4402E+03 
              986.104E-03         14.9619E+03 
              986.562E-03         14.7869E+03 
              987.249E-03         14.5339E+03 
              988.28E-03          14.179E+03  
              989.828E-03         13.7129E+03 
              992.151E-03         13.1914E+03 
              995.64E-03          12.8384E+03 
              996.95E-03          12.7688E+03 
              998.915E-03         12.7913E+03 
                1.00187           13.0709E+03 
                1.0063            13.9058E+03 
                1.01074           15.077E+03  
                1.01519           16.5465E+03 
                1.01964           18.2794E+03 
                1.02132           18.9666E+03 
                1.02383           20.0611E+03 
                1.0276            21.7929E+03 
                1.03326           24.3278E+03 
                1.03539           25.2588E+03 
                1.03859           26.5488E+03 
                1.03979           27.0174E+03 
                1.04158           27.6728E+03 
                1.04429           28.5311E+03 
                1.04834           29.4945E+03 
                1.05444           30.184E+03  
                1.06361           29.8338E+03 
                1.07741           27.7093E+03 
                1.08261           26.778E+03  
                1.08456           26.4127E+03 
                1.08749           25.8358E+03 
                1.09188           24.9558E+03 
                1.09353           24.6287E+03 
                1.09601           24.1415E+03 
                1.09973           23.4446E+03 
                1.10532           22.5411E+03 
                1.10742           22.2291E+03 
                1.11057           21.8196E+03 
                1.1153            21.3783E+03 
                1.11707           21.2417E+03 
                1.11974           21.0967E+03 
                1.12374           21.0309E+03 
                1.12976           21.2773E+03 
                1.13201           21.4214E+03 
                1.1354            21.7355E+03 
                1.14049           22.4018E+03 
                1.14559           23.2167E+03 
                1.1507            24.1161E+03 
                1.15262           24.4642E+03 
                1.15549           24.988E+03  
                1.15657           25.1856E+03 
                1.15819           25.4783E+03 
                1.16063           25.9025E+03 
                1.16428           26.4781E+03 
                1.16565           26.6858E+03 
                1.1677            26.9675E+03 
                1.17079           27.3106E+03 
                1.17195           27.4289E+03 
                1.17369           27.5755E+03 
                1.1763            27.7213E+03 
                1.17727           27.7663E+03 
                1.17874           27.8076E+03 
                1.18095           27.809E+03  
                1.18426           27.6693E+03 
                1.18922           27.1318E+03 
                1.19047           26.9795E+03 
                1.19171           26.8052E+03 
                1.19358           26.4959E+03 
                1.19638           25.9291E+03 
                1.20058           24.8711E+03 
                1.2069            22.9941E+03 
                1.21323           21.0699E+03 
                1.21957           19.3322E+03 
                1.22195           18.7215E+03 
                1.22552           17.9191E+03 
                1.22686           17.6378E+03 
                1.22888           17.2593E+03 
                1.2319            16.8025E+03 
                1.23303           16.6486E+03 
                1.23473           16.4537E+03 
                1.23728           16.2457E+03 
                1.23824           16.1807E+03 
                1.23968           16.1092E+03 
                1.24183           16.0614E+03 
                1.24507           16.1224E+03 
                1.24628           16.1653E+03 
                1.2481            16.2695E+03 
                1.25084           16.5163E+03 
                1.25186           16.6227E+03 
                1.2534            16.8094E+03 
                1.25571           17.1494E+03 
                1.25918           17.7742E+03 
                1.26048           18.0248E+03 
                1.26243           18.4259E+03 
                1.26536           19.057E+03  
                1.26646           19.2973E+03 
                1.26811           19.6556E+03 
                1.27059           20.1662E+03 
                1.2743            20.8026E+03 
                1.27988           21.3781E+03 
                1.28198           21.5419E+03 
                1.28512           21.6721E+03 
                1.28984           21.6844E+03 
                1.29161           21.6696E+03 
                1.29427           21.6084E+03 
                1.29826           21.4561E+03 
                1.29976           21.3931E+03 
                1.30201           21.2802E+03 
                1.30538           21.07E+03   
                1.30664           20.9866E+03 
                1.30854           20.8464E+03 
                1.31139           20.6048E+03 
                1.31246           20.511E+03  
                1.31407           20.3607E+03 
                1.31647           20.1197E+03 
                1.31738           20.0283E+03 
                1.31873           19.8876E+03 
                1.32077           19.6734E+03 
                1.32382           19.359E+03  
                1.32496           19.2438E+03 
                1.32668           19.075E+03  
                1.32926           18.8349E+03 
                1.33184           18.6078E+03 
                1.33442           18.3891E+03 
                1.337             18.1722E+03 
                1.33958           17.949E+03  
                1.34217           17.711E+03  
                1.34476           17.4502E+03 
                1.34573           17.3495E+03 
                1.34718           17.1883E+03 
                1.34937           16.9215E+03 
                1.35019           16.8186E+03 
                1.35141           16.6553E+03 
                1.35326           16.391E+03  
                1.35603           15.9549E+03 
                1.35707           15.787E+03  
                1.35862           15.5237E+03 
                1.36096           15.1099E+03 
                1.36184           14.9531E+03 
                1.36316           14.7137E+03 
                1.36513           14.3499E+03 
                1.36587           14.2137E+03 
                1.36698           14.0089E+03 
                1.36865           13.7041E+03 
                1.37115           13.2614E+03 
                1.37491           12.6555E+03 
                1.38055           11.9197E+03 
                1.38266           11.6716E+03 
                1.38584           11.3519E+03 
                1.38703           11.2403E+03 
                1.38882           11.0873E+03 
                1.3915            10.8847E+03 
                1.39251           10.8129E+03 
                1.39402           10.7108E+03 
                1.39628           10.5674E+03 
                1.39968           10.3762E+03 
                1.40479           10.2243E+03 
                1.41245           10.5351E+03 
                1.42397           11.8524E+03 
                1.44129           13.8689E+03 
                1.46738           15.3498E+03 
                1.50671           15.4725E+03 
                1.54627           15.2478E+03 
                1.58605           15.3499E+03 
                1.60102           15.4571E+03 
                1.62352           15.6906E+03 
                1.63197           15.7944E+03 
                1.64466           15.9502E+03 
                1.64943           16.0125E+03 
                1.65122           16.036E+03  
                1.6539            16.0696E+03 
                1.6549            16.0826E+03 
                1.65641           16.1015E+03 
                1.65868           16.1294E+03 
                1.65953           16.1402E+03 
                1.6608            16.1559E+03 
                1.66271           16.1792E+03 
                1.66558           16.2134E+03 
                1.66845           16.2473E+03 
                1.67131           16.2804E+03 
                1.67239           16.293E+03  
                1.674             16.3112E+03 
                1.67643           16.337E+03  
                1.68006           16.3703E+03 
                1.68097           16.3788E+03 
                1.68188           16.3867E+03 
                1.68324           16.3969E+03 
                1.68528           16.4077E+03 
                1.68835           16.4087E+03 
                1.69296           16.3598E+03 
                1.69411           16.3449E+03 
                1.69526           16.3261E+03 
                1.69699           16.2889E+03 
                1.69958           16.2141E+03 
                1.70055           16.1838E+03 
                1.70201           16.1326E+03 
                1.70419           16.0449E+03 
                1.70748           15.8943E+03 
                1.70871           15.8357E+03 
                1.71055           15.742E+03  
                1.71332           15.5863E+03 
                1.71748           15.3086E+03 
                1.72372           14.8145E+03 
                1.73308           14.1253E+03 
                1.74714           13.5261E+03 
                1.76825           13.547E+03  
                1.79998           14.5381E+03 
                1.84767           15.6476E+03 
                1.86558           15.939E+03  
                1.89247           16.1108E+03 
                1.93284           16.2557E+03 
                1.99346           16.6693E+03 
                2.08438           17.4348E+03 
                2.22031           18.5683E+03 
                2.42181           20.2315E+03 
                2.49621           20.8131E+03 
                2.60622           21.7421E+03 
                2.64692           22.0426E+03 
                2.66209           22.1546E+03 
                2.66777           22.1966E+03 
                2.67627           22.2733E+03 
                2.689             22.3915E+03 
                2.69376           22.429E+03  
                2.70089           22.4948E+03 
                2.71157           22.5932E+03 
                2.71557           22.6239E+03 
                2.72156           22.677E+03  
                2.73053           22.7552E+03 
                2.73389           22.779E+03  
                2.73515           22.7876E+03 
                2.73704           22.8027E+03 
                2.73774           22.8079E+03 
                2.73881           22.8163E+03 
                2.7404            22.8294E+03 
                2.74278           22.8489E+03 
                2.74636           22.8773E+03 
                2.75171           22.9174E+03 
                2.75372           22.9293E+03 
                2.75673           22.9494E+03 
                2.76124           22.9775E+03 
                2.76293           22.9853E+03 
                2.76546           22.9984E+03 
                2.76926           23.0153E+03 
                2.77305           23.0265E+03 
                2.77684           23.0319E+03 
                2.77779           23.0313E+03 
                2.77873           23.031E+03  
                2.78015           23.031E+03  
                2.78228           23.0292E+03 
                2.78547           23.0214E+03 
                2.78667           23.0163E+03 
                2.78846           23.0084E+03 
                2.79115           22.994E+03  
                2.79215           22.987E+03  
                2.79366           22.9766E+03 
                2.79593           22.9599E+03 
                2.79677           22.9525E+03 
                2.79805           22.9418E+03 
                2.79996           22.9255E+03 
                2.80282           22.8997E+03 
                2.8071            22.8573E+03 
                2.80871           22.8385E+03 
                2.81112           22.811E+03  
                2.81202           22.7996E+03 
                2.81337           22.7827E+03 
                2.8154            22.7558E+03 
                2.81844           22.7089E+03 
                2.82148           22.6531E+03 
                2.82452           22.5885E+03 
                2.82907           22.4742E+03 
                2.83588           22.2647E+03 
                2.83843           22.1766E+03 
                2.83938           22.1426E+03 
                2.84082           22.0918E+03 
                2.84297           22.0132E+03 
                2.84619           21.8872E+03 
                2.84941           21.7524E+03 
                2.85262           21.6101E+03 
                2.85383           21.5544E+03 
                2.85564           21.4709E+03 
                2.85835           21.3436E+03 
                2.86105           21.2142E+03 
                2.86173           21.1807E+03 
                2.86274           21.1314E+03 
                2.86426           21.0587E+03 
                2.86483           21.0309E+03 
                2.86569           20.99E+03   
                2.86697           20.9294E+03 
                2.86889           20.8405E+03 
                2.86961           20.8067E+03 
                2.87069           20.7572E+03 
                2.87231           20.6851E+03 
                2.87474           20.5809E+03 
                2.87838           20.4311E+03 
                2.88383           20.2136E+03 
                2.89199           19.9033E+03 
                2.89504           19.7838E+03 
                2.89961           19.6191E+03 
                2.90133           19.5558E+03 
                2.9039            19.4666E+03 
                2.90454           19.4434E+03 
                2.90518           19.4207E+03 
                2.90614           19.3878E+03 
                2.90759           19.3394E+03 
                2.90975           19.2676E+03 
                2.91015           19.2534E+03 
                2.91076           19.2325E+03 
                2.91167           19.2018E+03 
                2.91304           19.1559E+03 
                2.91509           19.0857E+03 
                2.91714           19.0123E+03 
                2.91919           18.9352E+03 
                2.92225           18.8102E+03 
                2.9234            18.7601E+03 
                2.92513           18.6829E+03 
                2.92577           18.6528E+03 
                2.92674           18.6071E+03 
                2.9282            18.5362E+03 
                2.93037           18.4233E+03 
                2.93255           18.3024E+03 
                2.93472           18.1736E+03 
                2.93798           17.9584E+03 
                2.9392            17.8723E+03 
                2.93966           17.8394E+03 
                2.94035           17.7892E+03 
                2.94138           17.7118E+03 
                2.94292           17.5881E+03 
                2.9435            17.5399E+03 
                2.94437           17.4653E+03 
                2.94567           17.3467E+03 
                2.94616           17.3008E+03 
                2.94689           17.2298E+03 
                2.94798           17.118E+03  
                2.94963           16.9367E+03 
                2.95209           16.6346E+03 
                2.95302           16.5159E+03 
                2.9544            16.3303E+03 
                2.95492           16.2592E+03 
                2.9557            16.1504E+03 
                2.95687           15.9829E+03 
                2.95862           15.7233E+03 
                2.95927           15.6241E+03 
                2.96026           15.474E+03  
                2.96173           15.2465E+03 
                2.96395           14.9028E+03 
                2.96477           14.7726E+03 
                2.96602           14.5783E+03 
                2.96788           14.2889E+03 
                2.96858           14.1797E+03 
                2.96963           14.0173E+03 
                2.9712            13.7762E+03 
                2.97276           13.5371E+03 
                2.97433           13.3006E+03 
                2.9759            13.0673E+03 
                2.97649           12.9797E+03 
                2.97737           12.8501E+03 
                2.97869           12.6591E+03 
                2.98067           12.3799E+03 
                2.98116           12.3097E+03 
                2.98166           12.2401E+03 
                2.9824            12.1372E+03 
                2.98351           11.9857E+03 
                2.98518           11.764E+03  
                2.98768           11.4441E+03 
                2.98862           11.3247E+03 
                2.99002           11.1515E+03 
                2.99213           10.9051E+03 
                2.99292           10.8135E+03 
                2.9941            10.6817E+03 
                2.99588           10.4958E+03 
                2.99632           10.4493E+03 
                2.99676           10.4037E+03 
                2.99743           10.3373E+03 
                2.99842           10.2419E+03 
                2.99992           10.1068E+03 
                3.00216            9.91844E+03
                3.003              9.84844E+03
                3.00426            9.74805E+03
                3.00614            9.60437E+03
                3.00685            9.55035E+03
                3.00791            9.4716E+03 
                3.00831            9.44199E+03
                3.0089             9.39831E+03
                3.0098             9.33403E+03
                3.01114            9.2398E+03 
                3.01164            9.2042E+03 
                3.0124             9.15177E+03
                3.01353            9.07502E+03
                3.01522            8.96385E+03
                3.01776            8.80625E+03
                3.01871            8.74696E+03
                3.02014            8.66254E+03
                3.02067            8.63085E+03
                3.02147            8.58487E+03
                3.02268            8.51873E+03
                3.02388            8.45466E+03
                3.02508            8.39271E+03
                3.02688            8.30508E+03
                3.02756            8.27201E+03
                3.02857            8.2246E+03 
                3.03008            8.15722E+03
                3.03065            8.13175E+03
                3.03151            8.09498E+03
                3.03279            8.04253E+03
                3.0347             7.9698E+03 
                3.03542            7.94238E+03
                3.0365             7.90429E+03
                3.03811            7.85383E+03
                3.03872            7.83507E+03
                3.03963            7.80966E+03
                3.04099            7.77696E+03
                3.0415             7.76483E+03
                3.04226            7.74846E+03
                3.04341            7.72675E+03
                3.04513            7.69471E+03
                3.04577            7.68156E+03
                3.04674            7.66055E+03
                3.04819            7.62014E+03
                3.04873            7.60275E+03
                3.04955            7.57245E+03
                3.05077            7.51364E+03
                3.0526             7.38476E+03
                3.05534            7.08193E+03
                3.05637            6.9506E+03 
                3.05791            6.7192E+03 
                3.06022            6.29927E+03
                3.06109            6.13061E+03
                3.06239            5.85934E+03
                3.06433            5.42043E+03
                3.06506            5.2508E+03 
                3.06616            4.99054E+03
                3.06779            4.59324E+03
                3.07025            3.9994E+03 
                3.07117            3.77626E+03
                3.07255            3.44724E+03
                3.07462            2.96336E+03
                3.07539            2.78179E+03
                3.07656            2.5116E+03 
                3.0783             2.10296E+03
                3.08091            1.45781E+03
                3.08189            1.20848E+03
                3.08335          820.748      
                3.08555          206.586      
                3.08638          -29.468      
                3.08761         -390.18       
                3.08808         -526.819      
                3.08877         -732.905      
                3.08981           -1.04256E+03
                3.09137           -1.49854E+03
                3.09371           -2.12626E+03
                3.09459           -2.35328E+03
                3.0959            -2.66417E+03
                3.09787           -3.05189E+03
                3.10082           -3.45028E+03
                3.10377           -3.69272E+03
                3.10451           -3.74582E+03
                3.10524           -3.78949E+03
                3.10634           -3.83682E+03
                3.108             -3.87914E+03
                3.11048           -3.91215E+03
                3.11141           -3.92355E+03
                3.1128            -3.93766E+03
                3.11489           -3.96396E+03
                3.11801           -4.01637E+03
                3.11879           -4.03234E+03
                3.11957           -4.04793E+03
                3.12074           -4.06958E+03
                3.1225            -4.0943E+03 
                3.12425           -4.106E+03  
                3.126             -4.09831E+03
                3.12863           -4.0298E+03 
                3.12961           -3.99761E+03
                3.13109           -3.92833E+03
                3.1333            -3.78321E+03
                3.13412           -3.72478E+03
                3.13536           -3.62464E+03
                3.13723           -3.45249E+03
                3.13792           -3.38627E+03
                3.13897           -3.28057E+03
                3.14054           -3.11139E+03
                3.14288           -2.84316E+03
                3.14376           -2.74262E+03
                3.14508           -2.58822E+03
                3.14706           -2.35687E+03
                3.15002           -2.03415E+03
                3.15446           -1.6501E+03 
                3.15888           -1.36826E+03
                3.15999           -1.30736E+03
                3.16164           -1.22394E+03
                3.16413           -1.1173E+03 
                3.16784         -995.866      
                3.16923         -959.068      
                3.17132         -916.42       
                3.17444         -915.932      
                3.17912           -1.17274E+03
                3.18612           -2.26209E+03
                3.18873           -2.77689E+03
                3.19265           -3.73111E+03
                3.19412           -4.11672E+03
                3.19632           -4.73616E+03
                3.19714           -4.97553E+03
                3.19837           -5.34375E+03
                3.20022           -5.9114E+03 
                3.20092           -6.12731E+03
                3.20196           -6.45283E+03
                3.20352           -6.94123E+03
                3.20585           -7.65935E+03
                3.20935           -8.65756E+03
                3.21458           -9.87263E+03
                3.21654          -10.2894E+03 
                3.21948          -10.7988E+03 
                3.22058          -10.9762E+03 
                3.22222          -11.2028E+03 
                3.22284          -11.2835E+03 
                3.22377          -11.3916E+03 
                3.22515          -11.5261E+03 
                3.22723          -11.6671E+03 
                3.22931          -11.7492E+03 
                3.23138          -11.7725E+03 
                3.23216          -11.7743E+03 
                3.23333          -11.7572E+03 
                3.23507          -11.6909E+03 
                3.23573          -11.6616E+03 
                3.23671          -11.6048E+03 
                3.23818          -11.4933E+03 
                3.24038          -11.2763E+03 
                3.24121          -11.1902E+03 
                3.24244          -11.0465E+03 
                3.2443           -10.8079E+03 
                3.24708          -10.4257E+03 
                3.24812          -10.2826E+03 
                3.24968          -10.0647E+03 
                3.25202           -9.7428E+03 
                3.25289           -9.6251E+03 
                3.2542            -9.44958E+03
                3.25617           -9.18815E+03
                3.25814           -8.92333E+03
                3.2601            -8.64527E+03
                3.26083           -8.53983E+03
                3.26194           -8.37297E+03
                3.26359           -8.10076E+03
                3.26606           -7.64245E+03
                3.26853           -7.14636E+03
                3.26915           -7.02187E+03
                3.26977           -6.89473E+03
                3.27069           -6.69944E+03
                3.27208           -6.40251E+03
                3.27416           -5.9629E+03 
                3.27493           -5.80115E+03
                3.2761            -5.56182E+03
                3.27785           -5.21405E+03
                3.28047           -4.71135E+03
                3.28308           -4.21774E+03
                3.28569           -3.72782E+03
                3.2896            -3.04118E+03
                3.29545           -2.33712E+03
                3.30417           -2.13383E+03
                3.30743           -2.18049E+03
                3.30865           -2.21354E+03
                3.31048           -2.28808E+03
                3.31322           -2.44997E+03
                3.31424           -2.51964E+03
                3.31578           -2.63262E+03
                3.31808           -2.81612E+03
                3.32153           -3.10049E+03
                3.32668           -3.49371E+03
                3.33438           -3.86432E+03
                3.34585           -3.66436E+03
                3.36288           -2.30507E+03
                3.38803         -790.301      
                3.42484         -488.02       
                3.47796         -399.508      
                3.52851          -43.0172     
                3.53158         -124.315      
                3.53617          -95.1122     
                3.54301          -22.3927     
                3.55317          106.931      
                3.5682           281.907      
                3.59023          397.686      
                3.62215          336.607      
                3.63377          228.571      
                3.65083          157.447      
                3.65712           93.9371     
                3.66643           54.8402     
                3.68014           -1.26286    
                3.70012          -88.1521     
                3.705           -162.39       
                3.70984         -191.232      
                3.71702         -210.338      
                3.7188          -232.008      
                3.72057         -239.223      
                3.72322         -240.633      
                3.7242          -245.88       
                3.72568         -246.045      
                3.7279          -241.5        
                3.73119         -228.68       
                3.7361          -197.235      
                3.74337         -129.84       
                3.75405          -10.3226     
                3.75799            7.892      
                3.75946           14.2751     
                3.76165           39.293      
                3.76247           44.636      
                3.7637            58.5373     
                3.76553           81.9231     
                3.76622           87.093      
                3.76724           99.2982     
                3.76878          120.033      
                3.77107          152.759      
                3.77448          203.121      
                3.77954          278.566      
                3.78701          409.505      
                3.79795          665.946      
                3.81373            1.07352E+03
                3.83602            1.54666E+03
                3.8664             1.79642E+03
                3.90524            1.24347E+03
                3.94914         -107.533      
                3.98671         -819.364      
                3.99999         -334.306      
                4.              -337.257      




