
                  X             uf-80-45-exp  

                0.                -0.         
               39.94E-09         116.287E-03  
              319.041E-09        551.021E-03  
                1.70601E-06        1.32509    
                7.53894E-06        2.9044     
               29.9775E-06         5.91241    
              111.812E-06         11.2705     
              399.954E-06         21.0001     
                1.38837E-03       41.3662     
                4.70264E-03       92.5526     
               15.5512E-03       238.054      
               49.9952E-03       671.04       
              154.626E-03          1.94926E+03
              450.699E-03          5.52312E+03
                1.18929           14.3947E+03 
                2.61016           28.1355E+03 
                2.69569           28.5659E+03 
                2.77961           28.8913E+03 
                2.80031           28.913E+03  
                2.82089           28.9474E+03 
                2.84136           28.9382E+03 
                2.87183           28.7834E+03 
                2.917             28.2049E+03 
                2.96149           27.2714E+03 
                3.00529           26.0456E+03 
                3.04836           24.7492E+03 
                3.11152           23.4067E+03 
                3.20287           22.7458E+03 
                3.20339           22.6991E+03 
                3.20417           22.6535E+03 
                3.20535           22.6222E+03 
                3.20711           22.6049E+03 
                3.20975           22.5897E+03 
                3.2137            22.5703E+03 
                3.21961           22.5469E+03 
                3.22843           22.523E+03  
                3.24159           22.4769E+03 
                3.26114           22.3067E+03 
                3.29003           22.0327E+03 
                3.33237           21.8935E+03 
                3.3936            21.8162E+03 
                3.4801            21.4768E+03 
                3.51083           21.2305E+03 
                3.55516           20.8925E+03 
                3.61756           19.8704E+03 
                3.63968           19.3544E+03 
                3.6478            19.1573E+03 
                3.65978           18.912E+03  
                3.66089           18.8698E+03 
                3.66131           18.8559E+03 
                3.66193           18.8397E+03 
                3.66217           18.8338E+03 
                3.66252           18.8258E+03 
                3.66304           18.8147E+03 
                3.66383           18.7985E+03 
                3.66501           18.7742E+03 
                3.66678           18.7378E+03 
                3.66942           18.6831E+03 
                3.67335           18.6008E+03 
                3.67921           18.4743E+03 
                3.68789           18.2484E+03 
                3.70066           17.7812E+03 
                3.71927           17.057E+03  
                3.74596           16.3605E+03 
                3.7832            15.5827E+03 
                3.78652           15.4187E+03 
                3.79144           15.3123E+03 
                3.7919            15.2949E+03 
                3.79259           15.2763E+03 
                3.79285           15.2695E+03 
                3.79323           15.2608E+03 
                3.79381           15.249E+03  
                3.79467           15.232E+03  
                3.79596           15.2068E+03 
                3.79789           15.1694E+03 
                3.80077           15.1173E+03 
                3.80504           15.0429E+03 
                3.81134           14.8639E+03 
                3.82057           14.4586E+03 
                3.83392           13.8605E+03 
                3.85282           13.0773E+03 
                3.8787            11.9594E+03 
                3.91206           10.3785E+03 
                3.92294            9.73533E+03
                3.93765            8.97197E+03
                3.94268            8.6438E+03 
                3.9445             8.52295E+03
                3.94517            8.47803E+03
                3.94542            8.46125E+03
                3.9458             8.4393E+03 
                3.94594            8.43066E+03
                3.94615            8.41842E+03
                3.94646            8.40084E+03
                3.94693            8.37495E+03
                3.94763            8.33645E+03
                3.94867            8.27995E+03
                3.94906            8.25564E+03
                3.9492             8.24627E+03
                3.94942            8.23357E+03
                3.9495             8.22868E+03
                3.94962            8.22171E+03
                3.9498             8.21176E+03
                3.95007            8.19739E+03
                3.95048            8.17642E+03
                3.95108            8.14549E+03
                3.95198            8.09597E+03
                3.95286            8.03719E+03
                3.95374            7.96765E+03
                3.95382            7.95954E+03
                3.95394            7.94781E+03
                3.95413            7.93113E+03
                3.95419            7.92476E+03
                3.9543             7.91536E+03
                3.95445            7.90135E+03
                3.95468            7.87982E+03
                3.95477            7.8713E+03 
                3.9549             7.8584E+03 
                3.95509            7.83875E+03
                3.95538            7.80821E+03
                3.95581            7.75952E+03
                3.95645            7.67984E+03
                3.9574             7.55075E+03
                3.9588             7.37243E+03
                3.96085            7.17516E+03
                3.9638             6.87591E+03
                3.96796            6.40925E+03
                3.97361            5.96524E+03
                3.98083            5.52093E+03
                3.98908            4.98239E+03
                3.9965             4.58038E+03
                3.99992            4.83982E+03
                4.                 5.03684E+03

 MINIMUM        0.                -0.         
  AT X =                           0.         
 MAXIMUM        4.                28.9474E+03 
  AT X =                           2.82089    




