
              u_60_45_exp         f_60_45_exp    

                0.                -0.         
               39.94E-09          92.599E-03  
              319.041E-09        507.583E-03  
                1.70601E-06        1.18584    
                7.53894E-06        2.6152     
               29.9775E-06         5.47971    
              111.812E-06         11.0255     
              399.954E-06         22.3137     
                1.38837E-03       49.5115     
                4.70264E-03      126.128      
               15.5512E-03       356.848      
               49.9952E-03         1.05621E+03
              154.626E-03          3.10627E+03
              450.699E-03          8.6781E+03 
              605.155E-03         11.6799E+03 
              668.784E-03         12.8503E+03 
              769.728E-03         14.5344E+03 
              795.953E-03         15.0684E+03 
              822.561E-03         15.4692E+03 
              863.172E-03         16.1E+03    
              925.613E-03         17.0774E+03 
                1.02252           18.5378E+03 
                1.17453           20.5342E+03 
                1.23338           21.2314E+03 
                1.32333           21.9076E+03 
                1.34611           22.0953E+03 
                1.369             22.1718E+03 
                1.40353           22.1223E+03 
                1.43828           21.8531E+03 
                1.47325           21.3294E+03 
                1.50841           20.5714E+03 
                1.5615            19.2792E+03 
                1.5815            18.8165E+03 
                1.61161           18.1978E+03 
                1.62292           17.9983E+03 
                1.62717           17.9244E+03 
                1.62876           17.897E+03  
                1.63115           17.8515E+03 
                1.63205           17.8392E+03 
                1.6334            17.8152E+03 
                1.63541           17.781E+03  
                1.63844           17.7335E+03 
                1.64298           17.6666E+03 
                1.6498            17.5768E+03 
                1.65236           17.5499E+03 
                1.6562            17.5011E+03 
                1.65764           17.4886E+03 
                1.65908           17.471E+03  
                1.66052           17.4547E+03 
                1.66268           17.4321E+03 
                1.66592           17.4017E+03 
                1.67079           17.361E+03  
                1.67809           17.3067E+03 
                1.68905           17.2283E+03 
                1.70552           17.1147E+03 
                1.73026           16.9871E+03 
                1.76745           16.8559E+03 
                1.77095           16.8641E+03 
                1.77619           16.832E+03  
                1.77815           16.8277E+03 
                1.7811            16.8161E+03 
                1.78221           16.8146E+03 
                1.78386           16.8078E+03 
                1.78635           16.799E+03  
                1.78884           16.7914E+03 
                1.79133           16.7833E+03 
                1.79507           16.7701E+03 
                1.80067           16.7497E+03 
                1.80908           16.7144E+03 
                1.8217            16.6416E+03 
                1.82644           16.614E+03  
                1.82821           16.6023E+03 
                1.83088           16.5807E+03 
                1.83188           16.5746E+03 
                1.83337           16.5621E+03 
                1.83562           16.5429E+03 
                1.83787           16.5235E+03 
                1.84012           16.5026E+03 
                1.84237           16.4801E+03 
                1.84574           16.4424E+03 
                1.85081           16.3779E+03 
                1.8584            16.2628E+03 
                1.8698            16.0592E+03 
                1.8869            15.7126E+03 
                1.91258           15.1636E+03 
                1.92221           14.9589E+03 
                1.93666           14.6575E+03 
                1.94208           14.5481E+03 
                1.94412           14.507E+03  
                1.94717           14.4454E+03 
                1.95174           14.3563E+03 
                1.95346           14.324E+03  
                1.95603           14.2747E+03 
                1.95989           14.2035E+03 
                1.96375           14.1347E+03 
                1.96761           14.068E+03  
                1.9734            13.9732E+03 
                1.98209           13.8438E+03 
                1.99512           13.6766E+03 
                2.                13.6173E+03 
                2.00733           13.5337E+03 
                2.01008           13.5029E+03 
                2.01421           13.4575E+03 
                2.02039           13.3875E+03 
                2.02271           13.3605E+03 
                2.02619           13.3192E+03 
                2.02749           13.303E+03  
                2.02945           13.2788E+03 
                2.03238           13.2404E+03 
                2.03349           13.2254E+03 
                2.03514           13.2029E+03 
                2.03761           13.1676E+03 
                2.04133           13.1111E+03 
                2.04272           13.0889E+03 
                2.04481           13.0557E+03 
                2.04638           13.03E+03   
                2.04873           12.9904E+03 
                2.04961           12.975E+03  
                2.05093           12.9523E+03 
                2.05291           12.9176E+03 
                2.05589           12.8643E+03 
                2.06035           12.785E+03  
                2.06704           12.675E+03  
                2.07707           12.5187E+03 
                2.09212           12.2583E+03 
                2.11468           11.8595E+03 
                2.12313           11.7108E+03 
                2.1263            11.656E+03  
                2.13106           11.5791E+03 
                2.13284           11.5483E+03 
                2.13552           11.5071E+03 
                2.13953           11.4461E+03 
                2.14554           11.3599E+03 
                2.15155           11.2788E+03 
                2.15757           11.2032E+03 
                2.15982           11.1736E+03 
                2.1632            11.1356E+03 
                2.16447           11.1192E+03 
                2.16637           11.0989E+03 
                2.16922           11.0679E+03 
                2.17029           11.0543E+03 
                2.17189           11.038E+03  
                2.1743            11.0128E+03 
                2.1752            11.0014E+03 
                2.17655           10.9875E+03 
                2.17858           10.966E+03  
                2.18162           10.9304E+03 
                2.18619           10.8684E+03 
                2.19303           10.7508E+03 
                2.20329           10.5348E+03 
                2.21867           10.191E+03  
                2.22011           10.145E+03  
                2.22227           10.1056E+03 
                2.22308           10.0882E+03 
                2.2243            10.0621E+03 
                2.22612           10.0215E+03 
                2.22885            9.96068E+03
                2.23295            9.87185E+03
                2.2391             9.74458E+03
                2.24525            9.62341E+03
                2.25139            9.50939E+03
                2.25753            9.39916E+03
                2.26367            9.28743E+03
                2.27287            9.10394E+03
                2.27632            9.02738E+03
                2.28149            8.91621E+03
                2.28343            8.86867E+03
                2.28416            8.85108E+03
                2.28525            8.82868E+03
                2.28688            8.79223E+03
                2.28749            8.776E+03  
                2.28841            8.75438E+03
                2.28979            8.7227E+03 
                2.29186            8.67363E+03
                2.29393            8.62344E+03
                2.296              8.57401E+03
                2.2991             8.5023E+03 
                2.30375            8.39853E+03
                2.31072            8.2528E+03 
                2.32117            8.0478E+03 
                2.33683            7.74766E+03
                2.36026            7.26374E+03
                2.39531            6.56095E+03
                2.44761            5.65219E+03
                2.52535            4.38334E+03
                2.53259            4.20773E+03
                2.53531            4.18408E+03
                2.53938            4.12622E+03
                2.5409             4.09409E+03
                2.54319            4.0611E+03 
                2.54662            4.00628E+03
                2.55004            3.94869E+03
                2.5509             3.92652E+03
                2.55175            3.91465E+03
                2.55304            3.89929E+03
                2.55496            3.86899E+03
                2.55785            3.82119E+03
                2.55893            3.79713E+03
                2.56055            3.77434E+03
                2.56299            3.73648E+03
                2.56664            3.67658E+03
                2.5721             3.58701E+03
                2.58029            3.45336E+03
                2.59256            3.25515E+03
                2.6109             2.97019E+03
                2.6383             2.57999E+03
                2.64853            2.42172E+03
                2.65237            2.36563E+03
                2.6538             2.34476E+03
                2.65596            2.32336E+03
                2.65919            2.2812E+03 
                2.6604             2.25705E+03
                2.66221            2.23805E+03
                2.66493            2.20442E+03
                2.66765            2.16722E+03
                2.67037            2.13161E+03
                2.67444            2.08123E+03
                2.68054            2.00509E+03
                2.68968            1.89776E+03
                2.69311            1.84699E+03
                2.69824            1.80022E+03
                2.70016            1.77074E+03
                2.70304            1.74912E+03
                2.70376            1.7332E+03 
                2.70448            1.72701E+03
                2.70556            1.72293E+03
                2.70718            1.71021E+03
                2.7096             1.688E+03  
                2.71324            1.65691E+03
                2.71461            1.63651E+03
                2.71665            1.6256E+03 
                2.71972            1.60059E+03
                2.72086            1.58185E+03
                2.72259            1.57087E+03
                2.72517            1.5463E+03 
                2.72904            1.49779E+03
                2.73484            1.40462E+03
                2.73701            1.35592E+03
                2.74027            1.30138E+03
                2.74515            1.20057E+03
                2.75002            1.095E+03  
                2.75489          995.609      
                2.76218          869.969      
                2.7731           718.694      
                2.78941          544.574      
                2.7955           468.804      
                2.80463          403.391      
                2.81828          319.214      
                2.83866          230.671      
                2.84627          181.66       
                2.85765          153.466      
                2.87465          105.667      
                2.89998           53.7433     
                2.9376            30.2714     
                2.93993          -79.4828     
                2.94226           -7.76329    
                2.94576            3.53178    
                2.951            799.721E-03  
                2.95883            4.32319    
                2.97055           16.9346     
                2.97492            4.23122    
                2.97656            3.31131    
                2.97902           18.5715     
                2.98271           24.9171     
                2.98409           14.0912     
                2.98616           26.1664     
                2.98926           33.3708     
                2.99003           18.9125     
                2.99081           23.0331     
                2.99197           34.641      
                2.99371           39.9086     
                2.99632           43.8729     
                3.00023           52.0967     
                3.00608           67.2831     
                3.01483           96.9233     
                3.0279           155.919      
                3.02912           98.6294     
                3.03096          150.55       
                3.0337           176.492      
                3.03576          180.461      
                3.03781          191.452      
                3.03987          202.436      
                3.04294          221.543      
                3.04755          247.148      
                3.05445          282.501      
                3.06475          327.471      
                3.06861          324.11       
                3.07437          359.19       
                3.07653          351.93       
                3.07977          376.033      
                3.08098          368.807      
                3.0828           384.772      
                3.08552          398.285      
                3.08654          390.022      
                3.08807          404.18       
                3.09036          417.505      
                3.09379          433.022      
                3.09893          457.845      
                3.10662          498.885      
                3.1181           573.12       
                3.13521          702.447      
                3.1606           954.526      
                3.19808            1.4527E+03 
                3.2529             2.23561E+03
                3.33184            3.27696E+03
                3.44247            4.34882E+03
                3.5898             4.64373E+03
                3.76654            3.57313E+03
                3.81886            2.92975E+03
                3.88331            2.35083E+03
                3.90327            2.03011E+03
                3.91018            1.93068E+03
                3.91269            1.89558E+03
                3.91638            1.89008E+03
                3.91774            1.85589E+03
                3.91824            1.84866E+03
                3.91843            1.8464E+03 
                3.91872            1.85828E+03
                3.91914            1.86072E+03
                3.91977            1.85582E+03
                3.92001            1.84009E+03
                3.92037            1.8463E+03 
                3.92089            1.84832E+03
                3.92169            1.844E+03  
                3.92286            1.83801E+03
                3.92461            1.82977E+03
                3.92718            1.81771E+03
                3.93093            1.79805E+03
                3.93634            1.76271E+03
                3.94395            1.70577E+03
                3.95426            1.64635E+03
                3.96737            1.65363E+03
                3.98214            1.83952E+03
                3.99492            2.25841E+03
                3.99997            2.70576E+03
                4.                 2.77128E+03




