
                  X          uf-80-0-90-45-lin

                0.                -0.         
               39.94E-09         123.164E-03  
              319.041E-09        600.198E-03  
                1.70601E-06        1.50227    
                7.53894E-06        3.42453    
               29.9775E-06         7.26647    
              111.812E-06         14.9307     
              399.954E-06         32.5686     
                1.38837E-03       81.337      
                4.70264E-03      229.777      
               15.5512E-03       694.807      
               49.9952E-03         2.14308E+03
              154.626E-03          6.50673E+03
              450.699E-03         18.8095E+03 
              605.155E-03         25.2944E+03 
              876.892E-03         36.3193E+03 
              989.801E-03         40.9397E+03 
                1.00066           41.4678E+03 
                1.01704           42.0745E+03 
                1.01858           42.1431E+03 
                1.02089           42.2321E+03 
                1.02176           42.2654E+03 
                1.02306           42.3136E+03 
                1.02355           42.3319E+03 
                1.02428           42.3591E+03 
                1.02538           42.3993E+03 
                1.02579           42.4146E+03 
                1.02641           42.4374E+03 
                1.02734           42.4714E+03 
                1.02874           42.522E+03  
                1.03013           42.5729E+03 
                1.03152           42.624E+03  
                1.03292           42.675E+03  
                1.03432           42.7261E+03 
                1.03571           42.7772E+03 
                1.03711           42.8283E+03 
                1.03851           42.8793E+03 
                1.03991           42.9304E+03 
                1.04131           42.9816E+03 
                1.04271           43.0327E+03 
                1.04411           43.0838E+03 
                1.04551           43.1349E+03 
                1.04691           43.186E+03  
                1.04832           43.237E+03  
                1.04972           43.2879E+03 
                1.05112           43.3386E+03 
                1.05253           43.3891E+03 
                1.05394           43.4391E+03 
                1.05534           43.4887E+03 
                1.05675           43.5374E+03 
                1.05816           43.5851E+03 
                1.05957           43.6311E+03 
                1.06097           43.6746E+03 
                1.06239           43.7147E+03 
                1.0638            43.7498E+03 
                1.06521           43.778E+03  
                1.06662           43.7969E+03 
                1.06803           43.8036E+03 
                1.06945           43.7946E+03 
                1.07086           43.7666E+03 
                1.07227           43.716E+03  
                1.07369           43.6393E+03 
                1.07511           43.534E+03  
                1.07652           43.398E+03  
                1.07794           43.2298E+03 
                1.07936           43.0288E+03 
                1.08078           42.7947E+03 
                1.0822            42.5271E+03 
                1.08362           42.2255E+03 
                1.08504           41.8887E+03 
                1.08646           41.5151E+03 
                1.08788           41.1018E+03 
                1.08931           40.6459E+03 
                1.09073           40.144E+03  
                1.09215           39.5929E+03 
                1.09358           38.9897E+03 
                1.095             38.3325E+03 
                1.09643           37.6203E+03 
                1.09786           36.853E+03  
                1.09929           36.0314E+03 
                1.10071           35.157E+03  
                1.10214           34.2321E+03 
                1.10357           33.2593E+03 
                1.105             32.2417E+03 
                1.10643           31.1833E+03 
                1.10786           30.0886E+03 
                1.1093            28.9629E+03 
                1.11073           27.8126E+03 
                1.11216           26.6446E+03 
                1.1136            25.4664E+03 
                1.11503           24.2858E+03 
                1.11647           23.1099E+03 
                1.1179            21.9453E+03 
                1.11934           20.7973E+03 
                1.12078           19.6698E+03 
                1.12222           18.5654E+03 
                1.12365           17.4852E+03 
                1.12509           16.4293E+03 
                1.12653           15.3974E+03 
                1.12797           14.3889E+03 
                1.12942           13.4032E+03 
                1.13086           12.4405E+03 
                1.1323            11.5015E+03 
                1.13374           10.5877E+03 
                1.13519            9.70117E+03
                1.13663            8.84415E+03
                1.13808            8.01901E+03
                1.13952            7.22792E+03
                1.14097            6.47259E+03
                1.14242            5.7542E+03 
                1.14386            5.07341E+03
                1.14531            4.43046E+03
                1.14676            3.82531E+03
                1.14821            3.25786E+03
                1.14966            2.72806E+03
                1.15111            2.23604E+03
                1.15256            1.78211E+03
                1.15402            1.36672E+03
                1.15547          990.348      
                1.15692          653.426      
                1.15838          356.188      
                1.15983           98.5882     
                1.16128         -119.769      
                1.16274         -299.669      
                1.1642          -442.287      
                1.16565         -549.139      
                1.16711         -621.967      
                1.16857         -662.567      
                1.17003         -672.525      
                1.17149         -652.908      
                1.17295         -603.931      
                1.17441         -524.648      
                1.17587         -412.744      
                1.17733         -264.469      
                1.17879          -74.777      
                1.18026          162.326      
                1.18172          453.239      
                1.18319          804.086      
                1.18465            1.21999E+03
                1.18685            1.99762E+03
                1.18905            2.92639E+03
                1.19125            3.99187E+03
                1.19345            5.17193E+03
                1.19566            6.44043E+03
                1.19786            7.77069E+03
                1.19841            8.10725E+03
                1.19897            8.44672E+03
                1.19902            8.47859E+03
                1.19909            8.52644E+03
                1.19921            8.59834E+03
                1.19939            8.70644E+03
                1.19965            8.8691E+03 
                1.20004            9.11411E+03
                1.20063            9.48353E+03
                1.20151           10.0407E+03 
                1.20284           10.8793E+03 
                1.20417           11.7171E+03 
                1.20549           12.5505E+03 
                1.20749           13.7798E+03 
                1.20948           14.9796E+03 
                1.21098           15.8591E+03 
                1.21247           16.7141E+03 
                1.21397           17.541E+03  
                1.21547           18.3361E+03 
                1.21696           19.0961E+03 
                1.21846           19.8178E+03 
                1.21996           20.4984E+03 
                1.22221           21.418E+03  
                1.22446           22.2311E+03 
                1.22559           22.6109E+03 
                1.22672           22.9625E+03 
                1.22841           23.425E+03  
                1.2301            23.8224E+03 
                1.23179           24.1537E+03 
                1.23348           24.4181E+03 
                1.23518           24.6151E+03 
                1.23687           24.7441E+03 
                1.23856           24.8045E+03 
                1.24026           24.7959E+03 
                1.24196           24.7182E+03 
                1.24259           24.6798E+03 
                1.24355           24.5998E+03 
                1.24498           24.4307E+03 
                1.24713           24.0698E+03 
                1.24928           23.6078E+03 
                1.25143           23.0517E+03 
                1.25251           22.7516E+03 
                1.25358           22.43E+03   
                1.2552            21.9035E+03 
                1.25682           21.3385E+03 
                1.25843           20.7399E+03 
                1.26005           20.1126E+03 
                1.26126           19.6281E+03 
                1.26308           18.8755E+03 
                1.26491           18.1035E+03 
                1.26673           17.3173E+03 
                1.26855           16.5217E+03 
                1.27038           15.7213E+03 
                1.2722            14.9206E+03 
                1.27403           14.1239E+03 
                1.27585           13.3357E+03 
                1.27768           12.5604E+03 
                1.27951           11.8028E+03 
                1.28134           11.0672E+03 
                1.28317           10.3582E+03 
                1.285              9.6801E+03 
                1.28683            9.03703E+03
                1.28866            8.43271E+03
                1.29049            7.87048E+03
                1.29233            7.35321E+03
                1.29416            6.88325E+03
                1.296              6.46243E+03
                1.29875            5.94491E+03
                1.30151            5.54375E+03
                1.30289            5.37296E+03
                1.30426            5.23089E+03
                1.30633            5.08221E+03
                1.3084             4.99831E+03
                1.31048            4.97827E+03
                1.31255            5.02098E+03
                1.31307            5.03596E+03
                1.31358            5.05474E+03
                1.31436            5.09127E+03
                1.31553            5.16489E+03
                1.31728            5.31699E+03
                1.31903            5.50966E+03
                1.32078            5.74074E+03
                1.32253            6.00782E+03
                1.32429            6.30822E+03
                1.32604            6.63908E+03
                1.3278             6.99741E+03
                1.32955            7.38017E+03
                1.33131            7.7844E+03 
                1.33306            8.20722E+03
                1.33372            8.36858E+03
                1.33471            8.61535E+03
                1.33619            8.99495E+03
                1.33842            9.58156E+03
                1.34064           10.1816E+03 
                1.34287           10.7907E+03 
                1.3451            11.4049E+03 
                1.34733           12.0204E+03 
                1.34956           12.6336E+03 
                1.3504            12.8635E+03 
                1.35165           13.2059E+03 
                1.35354           13.7129E+03 
                1.35424           13.9024E+03 
                1.3553            14.1836E+03 
                1.35689           14.598E+03  
                1.35928           15.1986E+03 
                1.36018           15.4213E+03 
                1.36152           15.747E+03  
                1.36354           16.2148E+03 
                1.36555           16.6599E+03 
                1.36757           17.0797E+03 
                1.3706            17.6438E+03 
                1.37135           17.7814E+03 
                1.37211           17.9144E+03 
                1.37325           18.1034E+03 
                1.37495           18.3629E+03 
                1.37751           18.6962E+03 
                1.38007           18.9724E+03 
                1.38263           19.1899E+03 
                1.38519           19.3483E+03 
                1.38775           19.4478E+03 
                1.39032           19.4887E+03 
                1.39288           19.4719E+03 
                1.39545           19.3982E+03 
                1.39802           19.2689E+03 
                1.39898           19.2132E+03 
                1.40043           19.1119E+03 
                1.4026            18.9221E+03 
                1.40341           18.8462E+03 
                1.40463           18.7207E+03 
                1.40646           18.5076E+03 
                1.40921           18.1381E+03 
                1.41196           17.7255E+03 
                1.41471           17.2763E+03 
                1.41746           16.7983E+03 
                1.42022           16.2998E+03 
                1.42228           15.9182E+03 
                1.42435           15.532E+03  
                1.42513           15.3871E+03 
                1.42629           15.1691E+03 
                1.42804           14.8431E+03 
                1.43065           14.3644E+03 
                1.43327           13.903E+03  
                1.43393           13.7894E+03 
                1.43459           13.6768E+03 
                1.43557           13.5109E+03 
                1.43704           13.2697E+03 
                1.43926           12.9293E+03 
                1.44009           12.8054E+03 
                1.44133           12.6268E+03 
                1.4432            12.3775E+03 
                1.4439            12.2871E+03 
                1.44495           12.1577E+03 
                1.44653           11.9784E+03 
                1.4489            11.7455E+03 
                1.45127           11.5507E+03 
                1.45364           11.3951E+03 
                1.45601           11.2791E+03 
                1.45838           11.203E+03  
                1.46075           11.1665E+03 
                1.46164           11.1587E+03 
                1.46297           11.1591E+03 
                1.46498           11.1863E+03 
                1.46798           11.2856E+03 
                1.47099           11.4401E+03 
                1.47174           11.4827E+03 
                1.47249           11.5283E+03 
                1.47362           11.6036E+03 
                1.47531           11.7315E+03 
                1.47701           11.8739E+03 
                1.4787            12.0298E+03 
                1.48039           12.1982E+03 
                1.48209           12.378E+03  
                1.48378           12.568E+03  
                1.48548           12.7672E+03 
                1.48802           13.0822E+03 
                1.49057           13.4096E+03 
                1.49311           13.7451E+03 
                1.49566           14.0841E+03 
                1.49821           14.422E+03  
                1.50076           14.7544E+03 
                1.50331           15.0771E+03 
                1.50522           15.3122E+03 
                1.50714           15.5384E+03 
                1.50905           15.7543E+03 
                1.51096           15.9587E+03 
                1.51288           16.1507E+03 
                1.51432           16.2875E+03 
                1.51575           16.4165E+03 
                1.51719           16.5376E+03 
                1.51863           16.6506E+03 
                1.52007           16.7556E+03 
                1.52151           16.8524E+03 
                1.52366           16.9792E+03 
                1.52582           17.0881E+03 
                1.52798           17.1791E+03 
                1.53014           17.252E+03  
                1.5323            17.306E+03  
                1.53392           17.3359E+03 
                1.53555           17.3542E+03 
                1.53717           17.3605E+03 
                1.53879           17.3544E+03 
                1.54122           17.3156E+03 
                1.54366           17.2479E+03 
                1.54609           17.1532E+03 
                1.54731           17.0998E+03 
                1.54853           17.0403E+03 
                1.55036           16.9393E+03 
                1.55219           16.8295E+03 
                1.55402           16.7131E+03 
                1.55584           16.5922E+03 
                1.55767           16.4684E+03 
                1.5595            16.3427E+03 
                1.56133           16.2156E+03 
                1.56317           16.087E+03  
                1.565             15.9564E+03 
                1.56683           15.823E+03  
                1.56866           15.6858E+03 
                1.57049           15.5438E+03 
                1.57233           15.3962E+03 
                1.57416           15.2423E+03 
                1.57599           15.0815E+03 
                1.57783           14.9137E+03 
                1.57966           14.7386E+03 
                1.5815            14.5567E+03 
                1.58333           14.3685E+03 
                1.58517           14.1747E+03 
                1.58701           13.9765E+03 
                1.58884           13.7752E+03 
                1.59068           13.5722E+03 
                1.59252           13.3689E+03 
                1.59436           13.1666E+03 
                1.5962            12.9664E+03 
                1.59803           12.7691E+03 
                1.59987           12.5751E+03 
                1.60171           12.3845E+03 
                1.60355           12.1972E+03 
                1.60539           12.0127E+03 
                1.60724           11.8308E+03 
                1.60908           11.6511E+03 
                1.61092           11.4734E+03 
                1.61276           11.2981E+03 
                1.6146            11.1258E+03 
                1.61645           10.9575E+03 
                1.61829           10.7943E+03 
                1.62013           10.6378E+03 
                1.62198           10.4895E+03 
                1.62382           10.3507E+03 
                1.62567           10.2226E+03 
                1.62751           10.1062E+03 
                1.62936           10.0021E+03 
                1.6312             9.91104E+03
                1.63305            9.83331E+03
                1.6349             9.76939E+03
                1.63674            9.71976E+03
                1.63859            9.68495E+03
                1.64044            9.66552E+03
                1.64229            9.66194E+03
                1.64414            9.67458E+03
                1.64598            9.70354E+03
                1.64783            9.74864E+03
                1.64968            9.80945E+03
                1.65153            9.88524E+03
                1.65338            9.97515E+03
                1.65523           10.0783E+03 
                1.65708           10.1937E+03 
                1.65894           10.3206E+03 
                1.66079           10.4583E+03 
                1.66264           10.6061E+03 
                1.66449           10.7632E+03 
                1.66634           10.9287E+03 
                1.6682            11.1017E+03 
                1.67005           11.2806E+03 
                1.6719            11.464E+03  
                1.6733            11.6032E+03 
                1.67469           11.7433E+03 
                1.67608           11.8834E+03 
                1.67747           12.0226E+03 
                1.67886           12.1602E+03 
                1.68025           12.2954E+03 
                1.68164           12.4275E+03 
                1.68303           12.556E+03  
                1.68512           12.7395E+03 
                1.68721           12.9131E+03 
                1.6893            13.0766E+03 
                1.69139           13.2295E+03 
                1.69348           13.3713E+03 
                1.69557           13.5011E+03 
                1.69766           13.6173E+03 
                1.69923           13.6962E+03 
                1.70079           13.7658E+03 
                1.70236           13.8252E+03 
                1.70393           13.8737E+03 
                1.7055            13.9104E+03 
                1.70707           13.935E+03  
                1.70864           13.9472E+03 
                1.71021           13.947E+03  
                1.71178           13.9348E+03 
                1.71335           13.911E+03  
                1.71492           13.8763E+03 
                1.71649           13.8314E+03 
                1.71806           13.7769E+03 
                1.71963           13.7134E+03 
                1.7212            13.6412E+03 
                1.72277           13.5604E+03 
                1.72434           13.4711E+03 
                1.72591           13.3732E+03 
                1.72749           13.2668E+03 
                1.72906           13.1519E+03 
                1.73063           13.0289E+03 
                1.7322            12.8983E+03 
                1.73377           12.761E+03  
                1.73535           12.6179E+03 
                1.73692           12.4702E+03 
                1.73849           12.3191E+03 
                1.74007           12.1659E+03 
                1.74164           12.0116E+03 
                1.744             11.7797E+03 
                1.74636           11.5487E+03 
                1.74754           11.4337E+03 
                1.74872           11.3188E+03 
                1.7499            11.204E+03  
                1.75108           11.0893E+03 
                1.75226           10.9744E+03 
                1.75404           10.8012E+03 
                1.75581           10.627E+03  
                1.75758           10.4515E+03 
                1.75935           10.2749E+03 
                1.76113           10.0975E+03 
                1.7629             9.91997E+03
                1.76467            9.74342E+03
                1.76644            9.56902E+03
                1.76822            9.39815E+03
                1.76999            9.23233E+03
                1.77176            9.07308E+03
                1.77354            8.92194E+03
                1.77531            8.78035E+03
                1.77664            8.68016E+03
                1.77798            8.58643E+03
                1.77931            8.49963E+03
                1.78064            8.42021E+03
                1.78197            8.34851E+03
                1.7833             8.28481E+03
                1.78463            8.22935E+03
                1.78596            8.18225E+03
                1.78729            8.1436E+03 
                1.78929            8.10438E+03
                1.79129            8.08354E+03
                1.79329            8.08008E+03
                1.79529            8.09271E+03
                1.79729            8.1199E+03 
                1.79929            8.16011E+03
                1.80128            8.21193E+03
                1.80328            8.27435E+03
                1.80528            8.34682E+03
                1.80728            8.42936E+03
                1.80928            8.52237E+03
                1.81128            8.62647E+03
                1.81328            8.7422E+03 
                1.81529            8.86969E+03
                1.81679            8.97185E+03
                1.81829            9.0801E+03 
                1.81979            9.19379E+03
                1.82129            9.31199E+03
                1.82279            9.43349E+03
                1.82429            9.55684E+03
                1.82579            9.6804E+03 
                1.82729            9.80247E+03
                1.8288             9.92131E+03
                1.8303            10.0353E+03 
                1.8318            10.1431E+03 
                1.8333            10.2436E+03 
                1.8348            10.3361E+03 
                1.83631           10.4204E+03 
                1.83781           10.4966E+03 
                1.83931           10.5654E+03 
                1.84081           10.6277E+03 
                1.84232           10.6846E+03 
                1.84382           10.7375E+03 
                1.84532           10.7876E+03 
                1.84682           10.8358E+03 
                1.84833           10.8828E+03 
                1.84983           10.929E+03  
                1.85133           10.9741E+03 
                1.85284           11.0174E+03 
                1.85434           11.0578E+03 
                1.85584           11.094E+03  
                1.85735           11.1244E+03 
                1.85885           11.1472E+03 
                1.86035           11.1608E+03 
                1.86186           11.1638E+03 
                1.86336           11.1553E+03 
                1.86487           11.1343E+03 
                1.86637           11.1008E+03 
                1.86787           11.0549E+03 
                1.86938           10.9973E+03 
                1.87088           10.9291E+03 
                1.87239           10.8516E+03 
                1.87389           10.7665E+03 
                1.8754            10.6756E+03 
                1.8769            10.5809E+03 
                1.87841           10.4842E+03 
                1.87991           10.3871E+03 
                1.88142           10.2912E+03 
                1.88292           10.1974E+03 
                1.88443           10.1064E+03 
                1.88593           10.0186E+03 
                1.88744            9.93355E+03
                1.88894            9.85076E+03
                1.89045            9.76919E+03
                1.89195            9.68754E+03
                1.89346            9.60425E+03
                1.89496            9.51764E+03
                1.89647            9.42592E+03
                1.89797            9.32731E+03
                1.89948            9.22012E+03
                1.90099            9.10283E+03
                1.90249            8.97419E+03
                1.904              8.83334E+03
                1.9055             8.67986E+03
                1.90701            8.51386E+03
                1.90852            8.33603E+03
                1.91002            8.14764E+03
                1.91153            7.95049E+03
                1.91303            7.74687E+03
                1.91454            7.53944E+03
                1.91605            7.33112E+03
                1.91755            7.12493E+03
                1.91906            6.92383E+03
                1.92057            6.73067E+03
                1.92207            6.54798E+03
                1.92358            6.37796E+03
                1.92509            6.22237E+03
                1.92659            6.08251E+03
                1.9281             5.95916E+03
                1.92961            5.8526E+03 
                1.93111            5.7626E+03 
                1.93262            5.68843E+03
                1.93413            5.62884E+03
                1.93564            5.58217E+03
                1.93714            5.54634E+03
                1.93865            5.51896E+03
                1.94016            5.49746E+03
                1.94166            5.47917E+03
                1.94317            5.46152E+03
                1.94468            5.4422E+03 
                1.94619            5.41928E+03
                1.94769            5.39136E+03
                1.9492             5.35766E+03
                1.95071            5.3181E+03 
                1.95222            5.27326E+03
                1.95372            5.22436E+03
                1.95523            5.17315E+03
                1.95674            5.12183E+03
                1.95825            5.07288E+03
                1.95975            5.0289E+03 
                1.96126            4.99252E+03
                1.96277            4.96615E+03
                1.96428            4.95196E+03
                1.96578            4.95165E+03
                1.96729            4.96641E+03
                1.9688             4.99679E+03
                1.97031            5.04269E+03
                1.97182            5.10333E+03
                1.97332            5.1773E+03 
                1.97483            5.26263E+03
                1.97634            5.35692E+03
                1.97785            5.45755E+03
                1.97936            5.56179E+03
                1.98086            5.66705E+03
                1.98237            5.771E+03  
                1.98388            5.87174E+03
                1.98539            5.96786E+03
                1.98689            6.0585E+03 
                1.9884             6.14331E+03
                1.98991            6.22244E+03
                1.99142            6.29639E+03
                1.99255            6.34925E+03
                1.99425            6.424E+03  
                1.99552            6.47808E+03
                1.99679            6.53076E+03
                1.99806            6.58253E+03
                1.99997            6.65942E+03
                2.00188            6.7363E+03 
                2.00379            6.81347E+03
                2.0057             6.89087E+03
                2.00761            6.96825E+03
                2.00951            7.04519E+03
                2.01142            7.12124E+03
                2.01333            7.19585E+03
                2.01524            7.26837E+03
                2.01715            7.33792E+03
                2.01906            7.40339E+03
                2.02097            7.46337E+03
                2.02287            7.51618E+03
                2.02478            7.55989E+03
                2.02669            7.59252E+03
                2.0286             7.61212E+03
                2.03051            7.61703E+03
                2.03242            7.60602E+03
                2.03432            7.57846E+03
                2.03623            7.53435E+03
                2.03814            7.47429E+03
                2.04005            7.39925E+03
                2.04196            7.31037E+03
                2.04386            7.20855E+03
                2.04577            7.09425E+03
                2.04768            6.96722E+03
                2.04959            6.82647E+03
                2.05245            6.57891E+03
                2.05531            6.28932E+03
                2.05817            5.95514E+03
                2.06103            5.57871E+03
                2.0639             5.16799E+03
                2.06676            4.7359E+03 
                2.06962            4.29837E+03
                2.07248            3.87169E+03
                2.07534            3.46998E+03
                2.0782             3.10321E+03
                2.08106            2.77631E+03
                2.08392            2.48929E+03
                2.08678            2.2384E+03 
                2.08964            2.01772E+03
                2.0925             1.82102E+03
                2.09393            1.72781E+03
                2.09536            1.63926E+03
                2.0975             1.51544E+03
                2.09965            1.40007E+03
                2.10179            1.29386E+03
                2.10393            1.19856E+03
                2.10608            1.11686E+03
                2.10822            1.05209E+03
                2.11036            1.00788E+03
                2.11251          987.776      
                2.11465          994.836      
                2.11679            1.03132E+03
                2.11894            1.09845E+03
                2.12108            1.19625E+03
                2.12322            1.32352E+03
                2.12644            1.57118E+03
                2.13125            2.01819E+03
                2.13487            2.3703E+03 
                2.13848            2.71414E+03
                2.1421             3.02693E+03
                2.14571            3.29131E+03
                2.14932            3.49647E+03
                2.15293            3.63773E+03
                2.15654            3.71498E+03
                2.16015            3.73051E+03
                2.16286            3.70851E+03
                2.16557            3.6542E+03 
                2.16827            3.56831E+03
                2.17098            3.45133E+03
                2.17504            3.20812E+03
                2.1791             2.90081E+03
                2.18315            2.53684E+03
                2.18721            2.12698E+03
                2.18873            1.96712E+03
                2.19101            1.7172E+03 
                2.19187            1.62197E+03
                2.19315            1.47676E+03
                2.19507            1.25507E+03
                2.197              1.03117E+03
                2.19892          807.018      
                2.20085          584.605      
                2.20277          365.915      
                2.20565           52.7354     
                2.20854         -240.477      
                2.21142         -509.6        
                2.2143          -752.405      
                2.21719         -968.701      
                2.22007           -1.16024E+03
                2.22295           -1.33035E+03
                2.22583           -1.4834E+03 
                2.22871           -1.6241E+03 
                2.23159           -1.75681E+03
                2.23447           -1.88487E+03
                2.23735           -2.01012E+03
                2.24023           -2.13259E+03
                2.24311           -2.25044E+03
                2.24598           -2.36024E+03
                2.24886           -2.45743E+03
                2.25317           -2.55876E+03
                2.25749           -2.60498E+03
                2.2618            -2.59197E+03
                2.26611           -2.52337E+03
                2.26718           -2.50337E+03
                2.26826           -2.47983E+03
                2.26988           -2.43729E+03
                2.2723            -2.36006E+03
                2.27472           -2.27223E+03
                2.27714           -2.17617E+03
                2.27956           -2.07416E+03
                2.28198           -1.96818E+03
                2.2844            -1.85988E+03
                2.28682           -1.75051E+03
                2.29045           -1.58694E+03
                2.29408           -1.42759E+03
                2.29771           -1.27616E+03
                2.30133           -1.13737E+03
                2.30224           -1.10401E+03
                2.30315           -1.07139E+03
                2.30451           -1.02453E+03
                2.30654         -960.396      
                2.30731         -937.519      
                2.30845         -905.304      
                2.31017         -862.411      
                2.31189         -825.553      
                2.31361         -794.898      
                2.31619         -762.51       
                2.31877         -743.373      
                2.32134         -736.248      
                2.32392         -739.938      
                2.32649         -753.541      
                2.32907         -776.624      
                2.33164         -809.269      
                2.33421         -851.997      
                2.33679         -905.599      
                2.33936         -970.947      
                2.34193           -1.04882E+03
                2.34578           -1.19483E+03
                2.34771           -1.276E+03  
                2.34964           -1.36435E+03
                2.35157           -1.45999E+03
                2.35349           -1.5628E+03 
                2.35542           -1.67255E+03
                2.35734           -1.78884E+03
                2.36023           -1.97596E+03
                2.36312           -2.17399E+03
                2.366             -2.38004E+03
                2.36889           -2.59099E+03
                2.37177           -2.80357E+03
                2.37393           -2.96275E+03
                2.37609           -3.11995E+03
                2.37933           -3.34697E+03
                2.38419           -3.65683E+03
                2.38662           -3.80386E+03
                2.38905           -3.94028E+03
                2.39148           -4.06544E+03
                2.39391           -4.17861E+03
                2.39633           -4.27913E+03
                2.39876           -4.36651E+03
                2.40118           -4.44049E+03
                2.40482           -4.52133E+03
                2.40845           -4.5746E+03 
                2.41209           -4.60266E+03
                2.41572           -4.60836E+03
                2.41935           -4.59407E+03
                2.42297           -4.56091E+03
                2.4266            -4.50847E+03
                2.43022           -4.43513E+03
                2.43385           -4.33888E+03
                2.43747           -4.21847E+03
                2.44109           -4.07431E+03
                2.44471           -3.90884E+03
                2.44832           -3.72637E+03
                2.45194           -3.53238E+03
                2.45555           -3.33271E+03
                2.45916           -3.13289E+03
                2.46277           -2.93772E+03
                2.46637           -2.75112E+03
                2.46998           -2.57622E+03
                2.47358           -2.4155E+03 
                2.47719           -2.27093E+03
                2.48078           -2.14396E+03
                2.48438           -2.03564E+03
                2.48798           -1.94659E+03
                2.49157           -1.87716E+03
                2.49516           -1.82746E+03
                2.49875           -1.79747E+03
                2.50234           -1.78699E+03
                2.50593           -1.7955E+03 
                2.50862           -1.81258E+03
                2.5113            -1.83908E+03
                2.51399           -1.87436E+03
                2.51802           -1.94203E+03
                2.52204           -2.01969E+03
                2.5228            -2.03543E+03
                2.52355           -2.0511E+03 
                2.52468           -2.07441E+03
                2.52638           -2.10923E+03
                2.52892           -2.16021E+03
                2.53273           -2.22815E+03
                2.53654           -2.28312E+03
                2.54035           -2.32104E+03
                2.54416           -2.33977E+03
                2.54796           -2.33844E+03
                2.55366           -2.28932E+03
                2.55509           -2.276E+03  
                2.55651           -2.25884E+03
                2.55865           -2.2254E+03 
                2.56185           -2.15954E+03
                2.56505           -2.07832E+03
                2.56825           -1.98077E+03
                2.57304           -1.79545E+03
                2.57424           -1.74822E+03
                2.57544           -1.6979E+03 
                2.57723           -1.61609E+03
                2.57903           -1.52889E+03
                2.58082           -1.4364E+03 
                2.58262           -1.33872E+03
                2.58531           -1.18046E+03
                2.58934         -919.595      
                2.59337         -638.638      
                2.5974          -339.897      
                2.60142          -26.656      
                2.60544          297.231      
                2.61146          793.544      
                2.61297          915.736      
                2.61447            1.03921E+03
                2.61673            1.22511E+03
                2.61899            1.40954E+03
                2.62124            1.59171E+03
                2.62293            1.72649E+03
                2.62462            1.85957E+03
                2.62631            1.99055E+03
                2.62884            2.18166E+03
                2.63264            2.4528E+03 
                2.63643            2.7054E+03 
                2.64022            2.93849E+03
                2.64401            3.15109E+03
                2.64779            3.34255E+03
                2.65157            3.51259E+03
                2.65724            3.72157E+03
                2.65866            3.76866E+03
                2.66007            3.81396E+03
                2.66219            3.87679E+03
                2.66537            3.95759E+03
                2.67014            4.04989E+03
                2.67193            4.07867E+03
                2.67461            4.11564E+03
                2.67728            4.14485E+03
                2.67996            4.16681E+03
                2.68263            4.18216E+03
                2.68664            4.19344E+03
                2.69064            4.19365E+03
                2.69465            4.18578E+03
                2.69864            4.17229E+03
                2.70264            4.15552E+03
                2.70663            4.13768E+03
                2.71061            4.12086E+03
                2.71459            4.1069E+03 
                2.71857            4.09739E+03
                2.72006            4.09318E+03
                2.7223             4.09061E+03
                2.72565            4.09236E+03
                2.73067            4.10687E+03
                2.73569            4.13206E+03
                2.7407             4.16834E+03
                2.7457             4.21452E+03
                2.7507             4.26872E+03
                2.75569            4.32868E+03
                2.75943            4.37494E+03
                2.76316            4.42303E+03
                2.7669             4.4712E+03 
                2.77249            4.54091E+03
                2.77807            4.60154E+03
                2.77946            4.6137E+03 
                2.78086            4.62671E+03
                2.78295            4.64628E+03
                2.78608            4.67215E+03
                2.79078            4.70003E+03
                2.79254            4.70658E+03
                2.79517            4.71503E+03
                2.79912            4.71903E+03
                2.8006             4.71735E+03
                2.80282            4.71354E+03
                2.80615            4.70115E+03
                2.81114            4.66502E+03
                2.813              4.64645E+03
                2.8158             4.61583E+03
                2.82               4.55819E+03
                2.82157            4.53278E+03
                2.82393            4.49289E+03
                2.82746            4.42518E+03
                2.82879            4.39697E+03
                2.83077            4.35362E+03
                2.83374            4.28371E+03
                2.83672            4.20779E+03
                2.83969            4.12695E+03
                2.84043            4.10541E+03
                2.84117            4.084E+03  
                2.84228            4.05207E+03
                2.84395            4.00364E+03
                2.84562            3.95394E+03
                2.84728            3.90327E+03
                2.84895            3.85185E+03
                2.85061            3.79989E+03
                2.85228            3.74755E+03
                2.85477            3.66929E+03
                2.85727            3.59058E+03
                2.85976            3.51204E+03
                2.86224            3.43384E+03
                2.86473            3.35578E+03
                2.86722            3.27722E+03
                2.8697             3.19711E+03
                2.87218            3.11402E+03
                2.87466            3.02641E+03
                2.87714            2.93298E+03
                2.87961            2.83317E+03
                2.88147            2.75435E+03
                2.88332            2.67286E+03
                2.88518            2.58944E+03
                2.88703            2.50541E+03
                2.88888            2.42245E+03
                2.89073            2.34243E+03
                2.89258            2.26717E+03
                2.89442            2.19821E+03
                2.89627            2.13656E+03
                2.89696            2.11395E+03
                2.898              2.08314E+03
                2.89956            2.04296E+03
                2.90189            1.99252E+03
                2.90422            1.94675E+03
                2.90539            1.92375E+03
                2.90655            1.9012E+03 
                2.9083             1.86613E+03
                2.91004            1.82695E+03
                2.91179            1.78254E+03
                2.91353            1.73256E+03
                2.91527            1.67752E+03
                2.91701            1.61878E+03
                2.91875            1.55832E+03
                2.9194             1.535E+03  
                2.92038            1.50072E+03
                2.92185            1.4517E+03 
                2.92405            1.38625E+03
                2.92624            1.32977E+03
                2.92789            1.29225E+03
                2.92954            1.25967E+03
                2.93118            1.23059E+03
                2.93282            1.20326E+03
                2.93344            1.19268E+03
                2.93436            1.17732E+03
                2.93575            1.15376E+03
                2.93783            1.11333E+03
                2.93886            1.09059E+03
                2.9399             1.06621E+03
                2.94146            1.02581E+03
                2.94204            1.00953E+03
                2.94292          984.086      
                2.94423          943.424      
                2.94619          877.521      
                2.94816          807.695      
                2.95012          736.031      
                2.95208          664.09       
                2.95404          592.876      
                2.956            522.848      
                2.95796          453.973      
                2.95991          385.822      
                2.96187          317.704      
                2.96382          248.812      
                2.96577          178.35       
                2.96651          150.985      
                2.9676           110.004      
                2.96925           47.3481     
                2.96986           23.0048     
                2.97079          -13.7261     
                2.97218          -69.8869     
                2.97425         -157.307      
                2.97633         -248.402      
                2.97789         -318.78       
                2.97944         -390.155      
                2.981           -462.355      
                2.98255         -535.128      
                2.9841          -608.172      
                2.98565         -681.178      
                2.98721         -753.856      
                2.98953         -860.588      
                2.99301           -1.01493E+03
                2.99649           -1.16393E+03
                2.99997           -1.30669E+03
                3.00344           -1.44414E+03
                3.00863           -1.64103E+03
                3.01382           -1.83235E+03
                3.01899           -2.01048E+03
                3.02673           -2.21651E+03
                3.03445           -2.3572E+03 
                3.04215           -2.44346E+03
                3.04981           -2.5001E+03 
                3.05746           -2.54911E+03
                3.06508           -2.60189E+03
                3.07267           -2.65972E+03
                3.08025           -2.71834E+03
                3.08308           -2.7453E+03 
                3.08591           -2.76758E+03
                3.08873           -2.78814E+03
                3.09155           -2.80744E+03
                3.09437           -2.82531E+03
                3.09859           -2.84675E+03
                3.10491           -2.87139E+03
                3.11121           -2.89321E+03
                3.11748           -2.90826E+03
                3.12375           -2.90965E+03
                3.12999           -2.88805E+03
                3.13621           -2.83581E+03
                3.14242           -2.74989E+03
                3.1486            -2.63196E+03
                3.15477           -2.48644E+03
                3.16398           -2.21791E+03
                3.17316           -1.92031E+03
                3.18228           -1.60038E+03
                3.19137           -1.26697E+03
                3.20041         -928.133      
                3.20941         -590.528      
                3.21836         -258.976      
                3.22727           63.6771     
                3.23613          376.32       
                3.23834          445.348      
                3.24164          559.707      
                3.24659          731.291      
                3.25153          897.698      
                3.25645            1.06112E+03
                3.26135            1.22201E+03
                3.26624            1.38055E+03
                3.27112            1.53679E+03
                3.27598            1.69066E+03
                3.28083            1.84199E+03
                3.28566            1.99056E+03
                3.29048            2.13609E+03
                3.29528            2.27826E+03
                3.30007            2.41674E+03
                3.30484            2.55116E+03
                3.3096             2.68113E+03
                3.31138            2.72521E+03
                3.31405            2.79601E+03
                3.31804            2.90045E+03
                3.324              3.04824E+03
                3.32623            3.09585E+03
                3.32957            3.17246E+03
                3.33457            3.28202E+03
                3.33955            3.38115E+03
                3.34451            3.47182E+03
                3.34945            3.55392E+03
                3.35437            3.6271E+03 
                3.35928            3.69099E+03
                3.36417            3.74524E+03
                3.36904            3.78951E+03
                3.3739             3.82343E+03
                3.37873            3.84666E+03
                3.38355            3.85884E+03
                3.38835            3.85967E+03
                3.39314            3.84885E+03
                3.3979             3.82616E+03
                3.40265            3.79147E+03
                3.40738            3.74473E+03
                3.41209            3.686E+03  
                3.41678            3.61548E+03
                3.41795            3.5922E+03 
                3.41912            3.57135E+03
                3.42087            3.54155E+03
                3.42349            3.49427E+03
                3.42741            3.41566E+03
                3.43132            3.32721E+03
                3.43522            3.23145E+03
                3.4391             3.12913E+03
                3.44297            3.02076E+03
                3.44587            2.93455E+03
                3.44875            2.84686E+03
                3.45163            2.75667E+03
                3.45271            2.7199E+03 
                3.45432            2.66765E+03
                3.45674            2.58935E+03
                3.46036            2.46897E+03
                3.46396            2.34354E+03
                3.46756            2.21558E+03
                3.47114            2.08581E+03
                3.4747             1.9547E+03 
                3.47826            1.8226E+03 
                3.48181            1.68982E+03
                3.48534            1.55665E+03
                3.48886            1.42334E+03
                3.49237            1.29012E+03
                3.49586            1.15722E+03
                3.49717            1.10383E+03
                3.49913            1.02934E+03
                3.50206          920.093      
                3.50644          757.853      
                3.5108           594.125      
                3.51514          431.821      
                3.51946          271.346      
                3.52376          112.832      
                3.52804          -43.5938     
                3.5323          -197.762      
                3.53655         -349.449      
                3.54077         -498.374      
                3.54497         -644.208      
                3.54915         -786.583      
                3.55332         -925.092      
                3.55746           -1.05928E+03
                3.56158           -1.18863E+03
                3.56568           -1.31259E+03
                3.56977           -1.43053E+03
                3.57383           -1.5418E+03 
                3.57787           -1.64572E+03
                3.58189           -1.74158E+03
                3.5859            -1.82871E+03
                3.58988           -1.90643E+03
                3.59384           -1.97409E+03
                3.59778           -2.03112E+03
                3.6017            -2.07698E+03
                3.60561           -2.11123E+03
                3.61142           -2.13059E+03
                3.61287           -2.14378E+03
                3.61431           -2.14861E+03
                3.61647           -2.14733E+03
                3.6197            -2.13564E+03
                3.62451           -2.09828E+03
                3.62631           -2.08963E+03
                3.629             -2.05995E+03
                3.63301           -1.99939E+03
                3.63451           -1.98137E+03
                3.63675           -1.94182E+03
                3.64009           -1.87116E+03
                3.64508           -1.7461E+03 
                3.65004           -1.60829E+03
                3.65495           -1.45546E+03
                3.65983           -1.28921E+03
                3.66467           -1.11143E+03
                3.66948         -923.93       
                3.67424         -728.402      
                3.67897         -526.417      
                3.68366         -319.421      
                3.68831         -108.72       
                3.69293          104.525      
                3.69751          319.291      
                3.70205          534.662      
                3.70655          749.794      
                3.71101          963.882      
                3.71764            1.28662E+03
                3.72418            1.5946E+03 
                3.73063            1.89094E+03
                3.73701            2.17291E+03
                3.74329            2.43757E+03
                3.75256            2.79551E+03
                3.76164            3.08431E+03
                3.77053            3.30624E+03
                3.77922            3.45665E+03
                3.78773            3.5331E+03 
                3.79398            3.54121E+03
                3.80013            3.51601E+03
                3.80617            3.45199E+03
                3.81211            3.35094E+03
                3.81504            3.28055E+03
                3.81794            3.21165E+03
                3.82224            3.09752E+03
                3.82648            2.96211E+03
                3.83067            2.81206E+03
                3.83377            2.68808E+03
                3.83683            2.56136E+03
                3.83986            2.42925E+03
                3.84286            2.29246E+03
                3.84583            2.15197E+03
                3.84876            2.00873E+03
                3.85166            1.86368E+03
                3.85453            1.71774E+03
                3.85736            1.57184E+03
                3.86016            1.42693E+03
                3.86293            1.28393E+03
                3.86362            1.24105E+03
                3.8643             1.20352E+03
                3.86533            1.15167E+03
                3.86686            1.07589E+03
                3.86743            1.04378E+03
                3.86828            1.0004E+03 
                3.86955          938.107      
                3.87003          911.894      
                3.87074          876.21       
                3.8718           825.169      
                3.8722           803.819      
                3.87279          774.498      
                3.87368          732.675      
                3.87401          715.301      
                3.87451          691.21       
                3.87525          656.902      
                3.87636          607.072      
                3.87664          592.314      
                3.87691          578.417      
                3.87733          559.316      
                3.87795          532.133      
                3.87887          492.585      
                3.87922          475.848      
                3.87973          452.993      
                3.88051          420.772      
                3.8808           407.288      
                3.88123          388.686      
                3.88188          362.459      
                3.88212          351.571      
                3.88249          336.376      
                3.88303          314.928      
                3.88384          284.029      
                3.88415          270.838      
                3.8846           252.895      
                3.88528          227.859      
                3.88554          217.31       
                3.88592          202.813      
                3.88649          182.594      
                3.88734          153.787      
                3.88766          141.242      
                3.88814          124.569      
                3.88885          101.69       
                3.88912           91.8343     
                3.88952           78.5952     
                3.89011           60.4524     
                3.89034           52.6926     
                3.89067           42.131      
                3.89117           27.6438     
                3.89192            7.30218    
                3.8922            -1.79574    
                3.89262          -13.7087     
                3.89325          -29.7074     
                3.89348          -36.7705     
                3.89383          -46.1287     
                3.89436          -58.684      
                3.89515          -76.01       
                3.89544          -84.1241     
                3.89588          -94.3193     
                3.89654         -107.582      
                3.89678         -113.736      
                3.89715         -121.555      
                3.8977          -131.662      
                3.89791         -136.336      
                3.89822         -142.364      
                3.89868         -150.133      
                3.89937         -160.463      
                3.9004          -173.868      
                3.90078         -181.355      
                3.90136         -189.042      
                3.90222         -197.532      
                3.90254         -202.581      
                3.90302         -207.563      
                3.90374         -212.589      
                3.90481         -217.403      
                3.90521         -221.855      
                3.90581         -224.549      
                3.9067          -225.266      
                3.90703         -227.566      
                3.90753         -228.091      
                3.90828         -226.206      
                3.90939         -220.291      
                3.9098          -220.921      
                3.91042         -217.404      
                3.91135         -208.477      
                3.91169         -207.334      
                3.91221         -202.324      
                3.91298         -191.883      
                3.91413         -172.714      
                3.91455         -168.583      
                3.91519         -157.408      
                3.91615         -136.669      
                3.9165          -131.281      
                3.91704         -119.519      
                3.91783          -98.7385     
                3.91902          -63.7821     
                3.91946          -53.9759     
                3.92012          -33.8075     
                3.9211           590.921E-03  
                3.92147           10.8829     
                3.92201           30.3562     
                3.92283           62.8054     
                3.92314           72.9131     
                3.92359           91.0095     
                3.92428          120.712      
                3.92453          130.247      
                3.92491          146.651      
                3.92548          173.285      
                3.92633          215.279      
                3.92665          228.704      
                3.92712          252.053      
                3.92783          289.702      
                3.92809          302.048      
                3.92849          322.89       
                3.92908          356.246      
                3.92996          408.31       
                3.93028          425.289      
                3.93077          454.275      
                3.9315           500.413      
                3.93178          515.757      
                3.93219          541.326      
                3.9328           581.791      
                3.9337           644.371      
                3.93404          665.041      
                3.93455          699.835      
                3.9353           754.586      
                3.93559          772.948      
                3.93601          803.252      
                3.93663          850.757      
                3.93757          923.637      
                3.93792          947.892      
                3.93844          988.335      
                3.93921            1.05143E+03
                3.9395             1.07269E+03
                3.93994            1.10757E+03
                3.94058            1.16183E+03
                3.94154            1.24448E+03
                3.9419             1.27208E+03
                3.94243            1.3178E+03 
                3.94323            1.38852E+03
                3.94352            1.41239E+03
                3.94396            1.45136E+03
                3.94462            1.51156E+03
                3.94561            1.60253E+03
                3.94597            1.63292E+03
                3.94651            1.68301E+03
                3.94672            1.70044E+03
                3.94702            1.72836E+03
                3.94748            1.77149E+03
                3.94815            1.8365E+03 
                3.94841            1.85853E+03
                3.94878            1.89402E+03
                3.94935            1.94855E+03
                3.95018            2.03033E+03
                3.95049            2.05773E+03
                3.95096            2.10236E+03
                3.95165            2.17052E+03
                3.95191            2.19353E+03
                3.95229            2.23066E+03
                3.95287            2.28743E+03
                3.95308            2.30674E+03
                3.9534             2.33758E+03
                3.95388            2.3848E+03 
                3.95459            2.45511E+03
                3.95486            2.47862E+03
                3.95525            2.5166E+03 
                3.95584            2.57429E+03
                3.95606            2.59372E+03
                3.95639            2.62485E+03
                3.95688            2.67223E+03
                3.95706            2.68831E+03
                3.95734            2.71382E+03
                3.95775            2.75276E+03
                3.95835            2.81035E+03
                3.95858            2.82945E+03
                3.95892            2.86019E+03
                3.95942            2.90673E+03
                3.95961            2.9223E+03 
                3.95989            2.94715E+03
                3.96031            2.98491E+03
                3.96093            3.04016E+03
                3.96116            3.05812E+03
                3.96151            3.08723E+03
                3.96203            3.13094E+03
                3.96222            3.14523E+03
                3.96251            3.16824E+03
                3.96294            3.20298E+03
                3.96357            3.253E+03  
                3.96381            3.26871E+03
                3.96417            3.29451E+03
                3.96469            3.3328E+03 
                3.96489            3.34484E+03
                3.96518            3.36453E+03
                3.96562            3.39397E+03
                3.96578            3.40323E+03
                3.96603            3.4183E+03 
                3.96639            3.44102E+03
                3.96693            3.47311E+03
                3.96713            3.48254E+03
                3.96743            3.49839E+03
                3.96788            3.52181E+03
                3.96854            3.55338E+03
                3.96879            3.56156E+03
                3.96916            3.57624E+03
                3.9697             3.59696E+03
                3.96991            3.60193E+03
                3.97021            3.61122E+03
                3.97066            3.62451E+03
                3.97133            3.64025E+03
                3.97158            3.64219E+03
                3.97195            3.64764E+03
                3.9725             3.65413E+03
                3.9727             3.65354E+03
                3.97301            3.65462E+03
                3.97346            3.65539E+03
                3.97363            3.65336E+03
                3.97388            3.65182E+03
                3.97426            3.64918E+03
                3.97481            3.6421E+03 
                3.97502            3.63617E+03
                3.97533            3.62943E+03
                3.97578            3.61837E+03
                3.97595            3.61174E+03
                3.97621            3.60346E+03
                3.97658            3.59068E+03
                3.97672            3.58399E+03
                3.97693            3.5752E+03 
                3.97725            3.562E+03  
                3.97736            3.55563E+03
                3.97754            3.54696E+03
                3.9778             3.53413E+03
                3.97818            3.51347E+03
                3.97832            3.50362E+03
                3.97854            3.49025E+03
                3.97886            3.47012E+03
                3.97898            3.46102E+03
                3.97915            3.4484E+03 
                3.97942            3.42963E+03
                3.97951            3.42143E+03
                3.97966            3.40985E+03
                3.97988            3.39276E+03
                3.98021            3.3662E+03 
                3.98033            3.35451E+03
                3.98051            3.33814E+03
                3.98078            3.31375E+03
                3.98088            3.30335E+03
                3.98103            3.28858E+03
                3.98125            3.26673E+03
                3.98134            3.25759E+03
                3.98146            3.24448E+03
                3.98165            3.22514E+03
                3.98193            3.19553E+03
                3.98203            3.18301E+03
                3.98218            3.16517E+03
                3.98241            3.13871E+03
                3.9825             3.12776E+03
                3.98263            3.11201E+03
                3.98282            3.08874E+03
                3.9831             3.05321E+03
                3.98321            3.03836E+03
                3.98337            3.01716E+03
                3.9836             2.98571E+03
                3.98369            2.9728E+03 
                3.98382            2.95422E+03
                3.98401            2.92675E+03
                3.9843             2.88495E+03
                3.98441            2.86763E+03
                3.98457            2.8429E+03 
                3.98481            2.80621E+03
                3.98516            2.75018E+03
                3.9853             2.72691E+03
                3.98549            2.69393E+03
                3.98556            2.68082E+03
                3.98567            2.66192E+03
                3.98584            2.63409E+03
                3.98608            2.59211E+03
                3.98617            2.57503E+03
                3.9863             2.55047E+03
                3.9865             2.51418E+03
                3.9868             2.45933E+03
                3.98691            2.43692E+03
                3.98707            2.40498E+03
                3.98731            2.35772E+03
                3.9874             2.33863E+03
                3.98754            2.31125E+03
                3.98774            2.27086E+03
                3.98781            2.25469E+03
                3.98793            2.23133E+03
                3.98809            2.19696E+03
                3.98815            2.18331E+03
                3.98825            2.16347E+03
                3.98838            2.1343E+03 
                3.98859            2.09073E+03
                3.98866            2.07325E+03
                3.98878            2.04807E+03
                3.98895            2.01109E+03
                3.98901            1.9964E+03 
                3.9891             1.97512E+03
                3.98924            1.94388E+03
                3.9893             1.93157E+03
                3.98937            1.91361E+03
                3.98949            1.88725E+03
                3.98966            1.84805E+03
                3.98973            1.83243E+03
                3.98982            1.80985E+03
                3.98997            1.77677E+03
                3.99002            1.76371E+03
                3.9901             1.74473E+03
                3.99022            1.71693E+03
                3.99026            1.70603E+03
                3.99033            1.6901E+03 
                3.99043            1.66674E+03
                3.99057            1.63213E+03
                3.99063            1.61842E+03
                3.99071            1.59853E+03
                3.99083            1.56946E+03
                3.99101            1.52646E+03
                3.99108            1.50928E+03
                3.99118            1.48468E+03
                3.99133            1.44882E+03
                3.99138            1.43462E+03
                3.99147            1.41415E+03
                3.99159            1.38431E+03
                3.99177            1.34031E+03
                3.99204            1.27561E+03
                3.9923             1.21115E+03
                3.99256            1.14803E+03
                3.99281            1.08654E+03
                3.99306            1.02682E+03
                3.9933           969.109      
                3.99353          913.691      
                3.99376          860.96       
                3.99385          839.981      
                3.99397          811.881      
                3.99416          773.281      
                3.99434          736.897      
                3.99452          703.863      
                3.99469          674.836      
                3.99486          650.298      
                3.99511          624.756      
                3.99535          605.543      
                3.99559          589.594      
                3.9957           580.208      
                3.99581          571.875      
                3.99598          558.469      
                3.99604          551.523      
                3.99613          541.813      
                3.99626          525.332      
                3.99639          505.478      
                3.99651          482.978      
                3.99664          458.354      
                3.99676          432.231      
                3.99688          405.419      
                3.99699          378.901      
                3.9971           353.775      
                3.99721          331.178      
                3.99732          312.19       
                3.99742          297.764      
                3.99752          288.679      
                3.99762          285.534      
                3.99772          288.752      
                3.99781          298.595      
                3.9979           315.13       
                3.99799          338.149      
                3.99808          367.06       
                3.99816          400.803      
                3.99824          437.859      
                3.99832          476.399      
                3.99843          532.667      
                3.99854          582.237      
                3.99864          625.166      
                3.99874          663.279      
                3.99884          699.573      
                3.99893          737.146      
                3.99901          778.422      
                3.99904          793.39       
                3.99908          819.287      
                3.99915          862.871      
                3.99924          937.138      
                3.99932            1.01829E+03
                3.9994             1.10611E+03
                3.99947            1.19992E+03
                3.9995             1.23466E+03
                3.99954            1.2905E+03 
                3.99959            1.37842E+03
                3.9996             1.41078E+03
                3.99963            1.46178E+03
                3.99967            1.54098E+03
                3.99972            1.66396E+03
                3.99977            1.78917E+03
                3.99981            1.91589E+03
                3.99983            2.01078E+03
                3.99986            2.10576E+03
                3.99988            2.19994E+03
                3.99991            2.33846E+03
                3.99991            2.37186E+03
                3.99992            2.40564E+03
                3.99993            2.45628E+03
                3.99994            2.53087E+03
                3.99996            2.63907E+03
                3.99997            2.74305E+03
                3.99998            2.84297E+03
                3.99999            2.93871E+03
                3.99999            3.03009E+03
                3.99999            3.11696E+03
                4.                 3.19915E+03
                4.                 3.27652E+03
                4.                 3.3489E+03 
                4.                 3.41613E+03
                4.                 3.4646E+03 

 MINIMUM        0.                -4.60836E+03
  AT X =                           2.41572    
 MAXIMUM        4.                43.8036E+03 
  AT X =                           1.06803    




