
                  X               uf-0-lin    

                0.                -0.         
               39.94E-09         144.262E-03  
              319.041E-09        746.553E-03  
                1.70601E-06        1.94853    
                7.53894E-06        4.44846    
               29.9775E-06         9.54913    
              111.812E-06         21.6481     
              399.954E-06         56.0726     
                1.38837E-03      163.196      
                4.70264E-03      506.745      
               15.5512E-03         1.60973E+03
               49.9952E-03         5.08311E+03
              154.626E-03         15.598E+03  
              450.699E-03         45.3097E+03 
              487.177E-03         49.4044E+03 
              488.049E-03         49.5734E+03 
              489.359E-03         49.7011E+03 
              491.328E-03         49.8475E+03 
              491.82E-03          49.8866E+03 
              492.313E-03         49.9241E+03 
              493.053E-03         49.9782E+03 
              493.122E-03         49.9835E+03 
              493.227E-03         49.9915E+03 
              493.266E-03         49.9945E+03 
              493.324E-03         49.999E+03  
              493.412E-03         50.0057E+03 
              493.445E-03         50.0082E+03 
              493.494E-03         50.0119E+03 
              493.569E-03         50.0175E+03 
              493.68E-03          50.0258E+03 
              493.847E-03         50.0381E+03 
              494.097E-03         50.0562E+03 
              494.347E-03         50.0743E+03 
              494.598E-03         50.0924E+03 
              494.974E-03         50.1194E+03 
              495.537E-03         50.1598E+03 
              495.749E-03         50.1754E+03 
              496.066E-03         50.1986E+03 
              496.186E-03         50.2074E+03 
              496.23E-03          50.2107E+03 
              496.297E-03         50.2157E+03 
              496.398E-03         50.2231E+03 
              496.435E-03         50.2259E+03 
              496.492E-03         50.2301E+03 
              496.577E-03         50.2363E+03 
              496.608E-03         50.2386E+03 
              496.656E-03         50.2421E+03 
              496.728E-03         50.2474E+03 
              496.835E-03         50.2552E+03 
              496.996E-03         50.2668E+03 
              497.238E-03         50.284E+03  
              497.6E-03           50.3098E+03 
              498.144E-03         50.3482E+03 
              498.349E-03         50.3631E+03 
              498.655E-03         50.3852E+03 
              499.114E-03         50.4179E+03 
              499.804E-03         50.4664E+03 
              500.839E-03         50.5381E+03 
              501.228E-03         50.5662E+03 
              501.811E-03         50.6067E+03 
              501.957E-03         50.6172E+03 
              502.103E-03         50.6275E+03 
              502.322E-03         50.6427E+03 
              502.65E-03          50.6649E+03 
              502.978E-03         50.6866E+03 
              503.307E-03         50.708E+03  
              503.8E-03           50.7387E+03 
              504.54E-03          50.7806E+03 
              504.818E-03         50.7965E+03 
              505.234E-03         50.818E+03  
              505.859E-03         50.8443E+03 
              506.485E-03         50.8638E+03 
              507.111E-03         50.875E+03  
              508.051E-03         50.8674E+03 
              509.462E-03         50.7961E+03 
              510.875E-03         50.6732E+03 
              512.29E-03          50.5142E+03 
              512.645E-03         50.4743E+03 
              512.999E-03         50.432E+03  
              513.53E-03          50.3647E+03 
              514.328E-03         50.2615E+03 
              514.927E-03         50.1859E+03 
              515.826E-03         50.0795E+03 
              516.726E-03         49.9854E+03 
              517.626E-03         49.9062E+03 
              518.527E-03         49.8429E+03 
              519.429E-03         49.7957E+03 
              520.332E-03         49.764E+03  
              521.236E-03         49.7464E+03 
              522.14E-03          49.7413E+03 
              523.045E-03         49.7469E+03 
              523.951E-03         49.7616E+03 
              524.291E-03         49.7692E+03 
              524.801E-03         49.782E+03  
              525.567E-03         49.8047E+03 
              525.854E-03         49.8146E+03 
              526.285E-03         49.83E+03   
              526.932E-03         49.8552E+03 
              527.903E-03         49.899E+03  
              528.875E-03         49.9517E+03 
              529.847E-03         50.0151E+03 
              530.578E-03         50.0704E+03 
              531.308E-03         50.1338E+03 
              531.582E-03         50.1594E+03 
              531.994E-03         50.2003E+03 
              532.611E-03         50.2684E+03 
              533.538E-03         50.3896E+03 
              533.885E-03         50.439E+03  
              534.407E-03         50.5188E+03 
              535.19E-03          50.653E+03  
              536.366E-03         50.8876E+03 
              536.66E-03          50.9496E+03 
              536.954E-03         51.0135E+03 
              537.396E-03         51.1129E+03 
              538.058E-03         51.2703E+03 
              539.053E-03         51.5231E+03 
              540.048E-03         51.7891E+03 
              541.044E-03         52.063E+03  
              542.042E-03         52.3394E+03 
              543.04E-03          52.6137E+03 
              544.039E-03         52.882E+03  
              544.414E-03         52.9826E+03 
              544.976E-03         53.1293E+03 
              545.821E-03         53.3401E+03 
              546.138E-03         53.4187E+03 
              546.613E-03         53.533E+03  
              547.326E-03         53.6963E+03 
              548.397E-03         53.9235E+03 
              548.799E-03         54.0075E+03 
              549.402E-03         54.1268E+03 
              550.308E-03         54.2919E+03 
              550.648E-03         54.353E+03  
              551.157E-03         54.44E+03   
              551.922E-03         54.5611E+03 
              553.071E-03         54.7249E+03 
              554.22E-03          54.8741E+03 
              555.371E-03         55.0099E+03 
              556.523E-03         55.1337E+03 
              557.677E-03         55.2471E+03 
              558.831E-03         55.3512E+03 
              559.986E-03         55.4471E+03 
              561.143E-03         55.5356E+03 
              562.301E-03         55.6174E+03 
              563.46E-03          55.6929E+03 
              564.62E-03          55.7624E+03 
              565.056E-03         55.7889E+03 
              565.709E-03         55.8253E+03 
              566.69E-03          55.8745E+03 
              567.058E-03         55.8934E+03 
              567.61E-03          55.9196E+03 
              568.439E-03         55.9552E+03 
              569.683E-03         56.0022E+03 
              570.15E-03          56.0206E+03 
              570.851E-03         56.0451E+03 
              571.903E-03         56.0774E+03 
              572.298E-03         56.0903E+03 
              572.89E-03          56.1079E+03 
              573.779E-03         56.1324E+03 
              575.114E-03         56.1701E+03 
              575.615E-03         56.1864E+03 
              576.367E-03         56.2108E+03 
              577.496E-03         56.2519E+03 
              578.626E-03         56.3018E+03 
              579.757E-03         56.3618E+03 
              580.181E-03         56.3869E+03 
              580.818E-03         56.4268E+03 
              581.774E-03         56.4942E+03 
              582.132E-03         56.5216E+03 
              582.671E-03         56.5649E+03 
              583.478E-03         56.6353E+03 
              584.691E-03         56.7547E+03 
              585.905E-03         56.8879E+03 
              587.12E-03          57.0324E+03 
              587.576E-03         57.0893E+03 
              588.26E-03          57.1759E+03 
              589.287E-03         57.3092E+03 
              589.672E-03         57.3608E+03 
              590.251E-03         57.4381E+03 
              591.119E-03         57.5542E+03 
              592.422E-03         57.7266E+03 
              592.911E-03         57.7926E+03 
              593.645E-03         57.8886E+03 
              594.746E-03         58.0268E+03 
              595.16E-03          58.0791E+03 
              595.78E-03          58.1546E+03 
              596.711E-03         58.262E+03  
              597.06E-03          58.3025E+03 
              597.585E-03         58.3609E+03 
              598.371E-03         58.4437E+03 
              599.552E-03         58.5589E+03 
              599.995E-03         58.6023E+03 
              600.66E-03          58.6636E+03 
              601.659E-03         58.7487E+03 
              602.033E-03         58.7809E+03 
              602.595E-03         58.8267E+03 
              603.439E-03         58.8912E+03 
              604.705E-03         58.9816E+03 
              605.18E-03          59.0163E+03 
              605.893E-03         59.0654E+03 
              606.964E-03         59.1354E+03 
              607.365E-03         59.1625E+03 
              607.968E-03         59.2015E+03 
              608.873E-03         59.2579E+03 
              610.231E-03         59.3406E+03 
              610.74E-03          59.3732E+03 
              611.505E-03         59.4202E+03 
              612.654E-03         59.489E+03  
              613.084E-03         59.516E+03  
              613.731E-03         59.5554E+03 
              614.701E-03         59.6135E+03 
              615.065E-03         59.6362E+03 
              615.612E-03         59.6697E+03 
              616.432E-03         59.7194E+03 
              617.663E-03         59.7952E+03 
              618.124E-03         59.8254E+03 
              618.818E-03         59.8702E+03 
              619.858E-03         59.9387E+03 
              620.248E-03         59.9659E+03 
              620.834E-03         60.0067E+03 
              621.713E-03         60.0696E+03 
              623.033E-03         60.171E+03  
              623.528E-03         60.2117E+03 
              624.271E-03         60.2741E+03 
              625.387E-03         60.3733E+03 
              625.806E-03         60.4127E+03 
              626.434E-03         60.473E+03  
              627.377E-03         60.568E+03  
              627.731E-03         60.6053E+03 
              628.261E-03         60.6622E+03 
              629.058E-03         60.751E+03  
              630.254E-03         60.8929E+03 
              630.702E-03         60.9488E+03 
              631.376E-03         61.0344E+03 
              632.386E-03         61.1679E+03 
              632.766E-03         61.2198E+03 
              633.334E-03         61.2988E+03 
              634.188E-03         61.4204E+03 
              635.47E-03          61.6107E+03 
              635.951E-03         61.6847E+03 
              636.673E-03         61.7967E+03 
              637.757E-03         61.968E+03  
              639.384E-03         62.2322E+03 
              639.994E-03         62.3343E+03 
              640.911E-03         62.487E+03  
              642.286E-03         62.7163E+03 
              642.803E-03         62.804E+03  
              643.577E-03         62.9341E+03 
              644.74E-03          63.1269E+03 
              645.177E-03         63.2002E+03 
              645.832E-03         63.3083E+03 
              646.814E-03         63.4673E+03 
              648.29E-03          63.698E+03  
              648.844E-03         63.7852E+03 
              649.675E-03         63.9112E+03 
              650.922E-03         64.0908E+03 
              651.39E-03          64.1583E+03 
              652.093E-03         64.2553E+03 
              653.147E-03         64.3924E+03 
              653.543E-03         64.4437E+03 
              654.136E-03         64.5174E+03 
              655.027E-03         64.621E+03  
              656.364E-03         64.7618E+03 
              656.866E-03         64.8141E+03 
              657.619E-03         64.8867E+03 
              658.75E-03          64.9841E+03 
              659.174E-03         65.0203E+03 
              659.81E-03          65.0704E+03 
              660.765E-03         65.1378E+03 
              661.124E-03         65.163E+03  
              661.662E-03         65.198E+03  
              662.469E-03         65.2453E+03 
              663.68E-03          65.3072E+03 
              664.134E-03         65.3305E+03 
              664.816E-03         65.362E+03  
              665.84E-03          65.4035E+03 
              666.224E-03         65.4193E+03 
              666.8E-03           65.4411E+03 
              667.665E-03         65.4705E+03 
              668.963E-03         65.5106E+03 
              669.451E-03         65.5266E+03 
              670.182E-03         65.5489E+03 
              671.279E-03         65.5808E+03 
              671.69E-03          65.5939E+03 
              672.308E-03         65.6128E+03 
              673.235E-03         65.6414E+03 
              674.627E-03         65.6883E+03 
              675.149E-03         65.7082E+03 
              675.933E-03         65.7385E+03 
              677.109E-03         65.7876E+03 
              677.551E-03         65.808E+03  
              678.213E-03         65.8392E+03 
              679.207E-03         65.8892E+03 
              680.7E-03           65.9737E+03 
              681.26E-03          66.0086E+03 
              682.1E-03           66.0626E+03 
              683.362E-03         66.15E+03   
              683.835E-03         66.1851E+03 
              684.545E-03         66.2391E+03 
              685.612E-03         66.3246E+03 
              686.012E-03         66.3584E+03 
              686.612E-03         66.41E+03   
              687.513E-03         66.4906E+03 
              688.865E-03         66.6196E+03 
              689.372E-03         66.6707E+03 
              690.133E-03         66.7486E+03 
              691.276E-03         66.8696E+03 
              692.992E-03         67.061E+03  
              693.851E-03         67.1611E+03 
              694.71E-03          67.2624E+03 
              696.E-03            67.4163E+03 
              696.484E-03         67.4757E+03 
              697.21E-03          67.5644E+03 
              698.299E-03         67.6977E+03 
              698.708E-03         67.7487E+03 
              699.322E-03         67.8248E+03 
              700.243E-03         67.9381E+03 
              700.588E-03         67.9813E+03 
              701.107E-03         68.0455E+03 
              701.884E-03         68.1408E+03 
              703.052E-03         68.2822E+03 
              704.22E-03          68.4227E+03 
              705.389E-03         68.5611E+03 
              706.559E-03         68.6971E+03 
              707.73E-03          68.8301E+03 
              708.902E-03         68.9598E+03 
              709.342E-03         69.009E+03  
              710.002E-03         69.0805E+03 
              710.992E-03         69.1842E+03 
              712.478E-03         69.3336E+03 
              713.966E-03         69.4788E+03 
              714.338E-03         69.5161E+03 
              714.71E-03          69.5527E+03 
              715.269E-03         69.6059E+03 
              716.107E-03         69.6833E+03 
              717.365E-03         69.7967E+03 
              717.837E-03         69.8401E+03 
              718.546E-03         69.9036E+03 
              719.609E-03         69.9971E+03 
              721.205E-03         70.1361E+03 
              722.802E-03         70.2768E+03 
              724.402E-03         70.4189E+03 
              726.003E-03         70.5628E+03 
              727.605E-03         70.7083E+03 
              729.209E-03         70.855E+03  
              730.815E-03         71.0023E+03 
              731.216E-03         71.0406E+03 
              731.618E-03         71.0784E+03 
              732.221E-03         71.1339E+03 
              733.125E-03         71.2161E+03 
              734.483E-03         71.338E+03  
              735.843E-03         71.4593E+03 
              736.863E-03         71.5502E+03 
              737.883E-03         71.6398E+03 
              738.266E-03         71.6739E+03 
              738.841E-03         71.724E+03  
              739.703E-03         71.7976E+03 
              740.997E-03         71.907E+03  
              742.292E-03         72.0176E+03 
              743.588E-03         72.1302E+03 
              743.912E-03         72.1595E+03 
              744.237E-03         72.1886E+03 
              744.723E-03         72.2321E+03 
              745.453E-03         72.2978E+03 
              746.549E-03         72.3997E+03 
              748.194E-03         72.5629E+03 
              749.84E-03          72.7372E+03 
              751.488E-03         72.9194E+03 
              753.138E-03         73.1055E+03 
              754.789E-03         73.2909E+03 
              756.442E-03         73.471E+03  
              758.097E-03         73.642E+03  
              759.753E-03         73.801E+03  
              761.41E-03          73.9469E+03 
              763.07E-03          74.0802E+03 
              764.731E-03         74.2027E+03 
              765.146E-03         74.2341E+03 
              765.562E-03         74.2644E+03 
              766.185E-03         74.3075E+03 
              767.121E-03         74.3693E+03 
              768.526E-03         74.4597E+03 
              769.931E-03         74.5521E+03 
              771.338E-03         74.6484E+03 
              772.746E-03         74.7507E+03 
              774.155E-03         74.8608E+03 
              775.566E-03         74.9794E+03 
              776.977E-03         75.1063E+03 
              778.389E-03         75.2404E+03 
              779.803E-03         75.3802E+03 
              781.218E-03         75.5235E+03 
              782.634E-03         75.6683E+03 
              784.051E-03         75.8128E+03 
              785.469E-03         75.9558E+03 
              786.888E-03         76.0967E+03 
              788.309E-03         76.2354E+03 
              788.842E-03         76.2883E+03 
              789.641E-03         76.3656E+03 
              790.841E-03         76.4797E+03 
              792.643E-03         76.6513E+03 
              793.319E-03         76.7179E+03 
              794.334E-03         76.8167E+03 
              795.857E-03         76.967E+03  
              796.429E-03         77.0254E+03 
              797.286E-03         77.1129E+03 
              798.573E-03         77.2463E+03 
              799.056E-03         77.2979E+03 
              799.781E-03         77.3754E+03 
              800.868E-03         77.4929E+03 
              802.501E-03         77.6729E+03 
              803.113E-03         77.7425E+03 
              804.032E-03         77.8463E+03 
              805.412E-03         78.0019E+03 
              807.483E-03         78.2341E+03 
              808.26E-03          78.3233E+03 
              809.427E-03         78.4536E+03 
              811.178E-03         78.6443E+03 
              811.835E-03         78.7171E+03 
              812.821E-03         78.8232E+03 
              814.301E-03         78.9781E+03 
              814.671E-03         79.0179E+03 
              815.042E-03         79.0572E+03 
              815.597E-03         79.1149E+03 
              816.431E-03         79.1999E+03 
              816.744E-03         79.2321E+03 
              817.213E-03         79.2799E+03 
              817.917E-03         79.3505E+03 
              818.973E-03         79.455E+03  
              820.559E-03         79.6101E+03 
              821.154E-03         79.6695E+03 
              821.377E-03         79.692E+03  
              821.712E-03         79.7253E+03 
              822.214E-03         79.7744E+03 
              822.968E-03         79.8474E+03 
              824.099E-03         79.9563E+03 
              824.524E-03         79.9981E+03 
              825.16E-03          80.06E+03   
              825.399E-03         80.0835E+03 
              825.757E-03         80.1184E+03 
              826.295E-03         80.1704E+03 
              827.102E-03         80.248E+03  
              827.908E-03         80.3261E+03 
              828.716E-03         80.4043E+03 
              829.927E-03         80.5212E+03 
              830.836E-03         80.6098E+03 
              832.201E-03         80.7416E+03 
              832.542E-03         80.7755E+03 
              832.884E-03         80.8092E+03 
              833.396E-03         80.8591E+03 
              833.908E-03         80.9088E+03 
              834.42E-03          80.9584E+03 
              834.933E-03         81.0079E+03 
              835.702E-03         81.0816E+03 
              836.856E-03         81.1914E+03 
              838.011E-03         81.3012E+03 
              838.3E-03           81.3292E+03 
              838.589E-03         81.3572E+03 
              839.022E-03         81.3984E+03 
              839.672E-03         81.4593E+03 
              840.648E-03         81.5493E+03 
              842.112E-03         81.6813E+03 
              843.578E-03         81.8105E+03 
              845.045E-03         81.9354E+03 
              846.512E-03         82.055E+03  
              847.981E-03         82.1686E+03 
              849.451E-03         82.2754E+03 
              850.003E-03         82.3155E+03 
              850.83E-03          82.372E+03  
              852.072E-03         82.4496E+03 
              853.315E-03         82.5213E+03 
              854.558E-03         82.5865E+03 
              855.025E-03         82.6109E+03 
              855.724E-03         82.6443E+03 
              856.775E-03         82.689E+03  
              858.351E-03         82.7479E+03 
              859.929E-03         82.8038E+03 
              861.508E-03         82.8614E+03 
              861.903E-03         82.8771E+03 
              862.298E-03         82.8927E+03 
              862.446E-03         82.8987E+03 
              862.668E-03         82.9075E+03 
              863.002E-03         82.9208E+03 
              863.502E-03         82.9411E+03 
              864.252E-03         82.9739E+03 
              865.379E-03         83.0308E+03 
              865.801E-03         83.0542E+03 
              866.435E-03         83.0916E+03 
              867.387E-03         83.1544E+03 
              867.743E-03         83.1795E+03 
              868.279E-03         83.2193E+03 
              869.082E-03         83.2841E+03 
              870.288E-03         83.3935E+03 
              870.74E-03          83.4372E+03 
              871.419E-03         83.5058E+03 
              872.437E-03         83.6158E+03 
              873.965E-03         83.7949E+03 
              875.495E-03         83.9861E+03 
              877.026E-03         84.1856E+03 
              877.6E-03           84.2624E+03 
              878.461E-03         84.378E+03  
              879.755E-03         84.552E+03  
              880.24E-03          84.6184E+03 
              880.968E-03         84.7173E+03 
              882.06E-03          84.864E+03  
              883.7E-03           85.0801E+03 
              885.341E-03         85.2924E+03 
              886.983E-03         85.5006E+03 
              887.599E-03         85.5793E+03 
              888.523E-03         85.695E+03  
              889.911E-03         85.867E+03  
              890.432E-03         85.9326E+03 
              891.213E-03         86.0304E+03 
              892.385E-03         86.1782E+03 
              892.824E-03         86.2348E+03 
              893.484E-03         86.3198E+03 
              894.474E-03         86.4489E+03 
              895.96E-03          86.6469E+03 
              896.517E-03         86.723E+03  
              897.354E-03         86.8372E+03 
              898.609E-03         87.0083E+03 
              899.08E-03          87.0735E+03 
              899.786E-03         87.1701E+03 
              900.847E-03         87.3125E+03 
              902.438E-03         87.5176E+03 
              904.031E-03         87.7123E+03 
              905.226E-03         87.852E+03  
              906.421E-03         87.9835E+03 
              906.87E-03          88.0324E+03 
              907.543E-03         88.1023E+03 
              908.553E-03         88.201E+03  
              910.069E-03         88.3374E+03 
              911.585E-03         88.4652E+03 
              913.103E-03         88.5861E+03 
              914.622E-03         88.7019E+03 
              916.142E-03         88.8147E+03 
              917.663E-03         88.9262E+03 
              919.185E-03         89.038E+03  
              920.708E-03         89.1511E+03 
              922.232E-03         89.2661E+03 
              922.613E-03         89.296E+03  
              922.994E-03         89.3257E+03 
              923.566E-03         89.3699E+03 
              924.424E-03         89.4361E+03 
              925.068E-03         89.4866E+03 
              926.034E-03         89.5625E+03 
              927.E-03            89.6393E+03 
              927.967E-03         89.7164E+03 
              928.209E-03         89.7361E+03 
              928.572E-03         89.7654E+03 
              929.116E-03         89.8087E+03 
              929.933E-03         89.8725E+03 
              930.239E-03         89.8967E+03 
              930.698E-03         89.9324E+03 
              931.388E-03         89.9843E+03 
              931.646E-03         90.0039E+03 
              931.743E-03         90.0112E+03 
              931.889E-03         90.0222E+03 
              932.107E-03         90.0383E+03 
              932.271E-03         90.0503E+03 
              932.434E-03         90.0622E+03 
              932.598E-03         90.0739E+03 
              932.844E-03         90.0911E+03 
              933.212E-03         90.1161E+03 
              933.765E-03         90.1513E+03 
              934.594E-03         90.1977E+03 
              935.839E-03         90.2449E+03 
              937.084E-03         90.26E+03   
              938.33E-03          90.2311E+03 
              938.953E-03         90.2049E+03 
              939.576E-03         90.1645E+03 
              940.512E-03         90.068E+03  
              941.916E-03         89.8418E+03 
              943.32E-03          89.5453E+03 
              944.726E-03         89.2006E+03 
              946.132E-03         88.8363E+03 
              947.539E-03         88.4813E+03 
              948.947E-03         88.1579E+03 
              950.355E-03         87.8779E+03 
              951.765E-03         87.6424E+03 
              953.175E-03         87.4442E+03 
              953.528E-03         87.3976E+03 
              953.881E-03         87.3528E+03 
              954.41E-03          87.2888E+03 
              955.204E-03         87.1984E+03 
              955.502E-03         87.1656E+03 
              955.949E-03         87.1173E+03 
              956.619E-03         87.0459E+03 
              957.625E-03         86.9382E+03 
              958.632E-03         86.8289E+03 
              959.639E-03         86.7181E+03 
              960.646E-03         86.6073E+03 
              961.654E-03         86.4996E+03 
              961.906E-03         86.4734E+03 
              962.158E-03         86.4474E+03 
              962.536E-03         86.4089E+03 
              963.103E-03         86.3536E+03 
              963.67E-03          86.3018E+03 
              964.238E-03         86.2544E+03 
              964.805E-03         86.212E+03  
              965.657E-03         86.1619E+03 
              966.296E-03         86.133E+03  
              966.935E-03         86.113E+03  
              967.175E-03         86.107E+03  
              967.534E-03         86.1006E+03 
              967.669E-03         86.0987E+03 
              967.872E-03         86.0967E+03 
              967.947E-03         86.0961E+03 
              968.061E-03         86.0955E+03 
              968.232E-03         86.0952E+03 
              968.488E-03         86.096E+03  
              968.872E-03         86.1003E+03 
              969.449E-03         86.1132E+03 
              970.314E-03         86.1433E+03 
              970.638E-03         86.1564E+03 
              971.125E-03         86.1779E+03 
              971.855E-03         86.2104E+03 
              972.585E-03         86.2392E+03 
              973.133E-03         86.2567E+03 
              973.682E-03         86.2677E+03 
              974.23E-03          86.2697E+03 
              974.778E-03         86.2606E+03 
              975.601E-03         86.2146E+03 
              975.807E-03         86.2013E+03 
              976.012E-03         86.1857E+03 
              976.321E-03         86.157E+03  
              976.784E-03         86.1009E+03 
              977.479E-03         85.9862E+03 
              978.521E-03         85.7477E+03 
              979.564E-03         85.4525E+03 
              980.607E-03         85.1142E+03 
              981.651E-03         84.7494E+03 
              983.217E-03         84.1917E+03 
              983.609E-03         84.0534E+03 
              984.001E-03         83.9157E+03 
              984.589E-03         83.7126E+03 
              985.471E-03         83.4214E+03 
              986.353E-03         83.1486E+03 
              986.574E-03         83.0819E+03 
              986.905E-03         82.9845E+03 
              987.401E-03         82.8451E+03 
              988.146E-03         82.6526E+03 
              989.264E-03         82.4073E+03 
              989.544E-03         82.3493E+03 
              989.823E-03         82.2942E+03 
              990.243E-03         82.2181E+03 
              990.872E-03         82.1198E+03 
              991.502E-03         82.0386E+03 
              992.131E-03         81.975E+03  
              992.761E-03         81.9292E+03 
              993.391E-03         81.9007E+03 
              994.021E-03         81.8886E+03 
              994.257E-03         81.8865E+03 
              994.612E-03         81.888E+03  
              995.144E-03         81.8995E+03 
              995.942E-03         81.9326E+03 
              997.139E-03         81.9981E+03 
              997.588E-03         82.0245E+03 
              998.262E-03         82.0627E+03 
              999.273E-03         82.1067E+03 
                1.00028           82.1304E+03 
                1.0013            82.1282E+03 
                1.00231           82.0964E+03 
                1.00256           82.087E+03  
                1.00282           82.0756E+03 
                1.00291           82.071E+03  
                1.00305           82.0636E+03 
                1.00327           82.0508E+03 
                1.00359           82.0283E+03 
                1.00407           81.9868E+03 
                1.00479           81.9072E+03 
                1.00551           81.8103E+03 
                1.00623           81.6958E+03 
                1.00695           81.5634E+03 
                1.00768           81.4128E+03 
                1.00876           81.1469E+03 
                1.00903           81.0785E+03 
                1.0093            81.0076E+03 
                1.00971           80.8956E+03 
                1.01032           80.7159E+03 
                1.01123           80.4236E+03 
                1.01215           80.113E+03  
                1.01307           79.7888E+03 
                1.01398           79.4564E+03 
                1.0149            79.1223E+03 
                1.01582           78.7936E+03 
                1.01719           78.3403E+03 
                1.01857           77.9543E+03 
                1.01995           77.6555E+03 
                1.02132           77.4506E+03 
                1.0227            77.3302E+03 
                1.02408           77.2684E+03 
                1.02443           77.2568E+03 
                1.02477           77.2477E+03 
                1.0249            77.2446E+03 
                1.0251            77.2406E+03 
                1.02539           77.2356E+03 
                1.02582           77.2289E+03 
                1.02648           77.2158E+03 
                1.02746           77.1722E+03 
                1.02894           77.004E+03  
                1.03041           76.7054E+03 
                1.03189           76.2718E+03 
                1.03226           76.1557E+03 
                1.03281           75.9626E+03 
                1.03365           75.6348E+03 
                1.03448           75.2753E+03 
                1.03531           74.8906E+03 
                1.03656           74.28E+03   
                1.03703           74.0482E+03 
                1.0375            73.814E+03  
                1.03796           73.5784E+03 
                1.03867           73.2249E+03 
                1.03972           72.7034E+03 
                1.04078           72.1967E+03 
                1.04183           71.7081E+03 
                1.04342           71.0211E+03 
                1.04381           70.8533E+03 
                1.04421           70.6884E+03 
                1.0448            70.4473E+03 
                1.04569           70.1011E+03 
                1.04703           69.6166E+03 
                1.04737           69.4983E+03 
                1.0477            69.3821E+03 
                1.0482            69.2122E+03 
                1.04896           68.9669E+03 
                1.04971           68.7315E+03 
                1.05047           68.5056E+03 
                1.0516            68.1878E+03 
                1.05245           67.9627E+03 
                1.05329           67.7521E+03 
                1.05414           67.5586E+03 
                1.05478           67.4248E+03 
                1.05542           67.3036E+03 
                1.05605           67.197E+03  
                1.05669           67.1071E+03 
                1.05733           67.0359E+03 
                1.05797           66.9854E+03 
                1.05892           66.9605E+03 
                1.05988           66.9893E+03 
                1.06084           67.0712E+03 
                1.0618            67.2024E+03 
                1.06275           67.3768E+03 
                1.06371           67.5864E+03 
                1.06467           67.8224E+03 
                1.06563           68.076E+03  
                1.06707           68.4718E+03 
                1.06851           68.8681E+03 
                1.06923           69.0657E+03 
                1.06995           69.2604E+03 
                1.07103           69.5445E+03 
                1.07211           69.8208E+03 
                1.07319           70.0882E+03 
                1.07428           70.3451E+03 
                1.07482           70.4711E+03 
                1.07536           70.5938E+03 
                1.07617           70.7687E+03 
                1.07739           71.0054E+03 
                1.07769           71.0634E+03 
                1.078             71.1196E+03 
                1.07846           71.1992E+03 
                1.07914           71.3069E+03 
                1.0794            71.3459E+03 
                1.07978           71.4003E+03 
                1.08036           71.4722E+03 
                1.08123           71.5562E+03 
                1.08188           71.6054E+03 
                1.08254           71.6399E+03 
                1.08319           71.659E+03  
                1.08384           71.6625E+03 
                1.08449           71.65E+03   
                1.08514           71.6214E+03 
                1.0858            71.5767E+03 
                1.08645           71.5157E+03 
                1.0871            71.4385E+03 
                1.08776           71.345E+03  
                1.08841           71.235E+03  
                1.08906           71.1082E+03 
                1.08972           70.9642E+03 
                1.09037           70.8021E+03 
                1.09102           70.6211E+03 
                1.09168           70.4201E+03 
                1.09233           70.1977E+03 
                1.09258           70.1114E+03 
                1.09294           69.9746E+03 
                1.0935            69.7521E+03 
                1.0937            69.6664E+03 
                1.09401           69.532E+03  
                1.09448           69.3169E+03 
                1.09483           69.148E+03  
                1.09535           68.8767E+03 
                1.09588           68.5874E+03 
                1.0964            68.28E+03   
                1.09693           67.9547E+03 
                1.09745           67.6122E+03 
                1.09798           67.2535E+03 
                1.0985            66.8802E+03 
                1.09903           66.494E+03  
                1.09955           66.0972E+03 
                1.10008           65.6924E+03 
                1.1006            65.2823E+03 
                1.10113           64.8698E+03 
                1.10165           64.4577E+03 
                1.10218           64.0488E+03 
                1.1027            63.6454E+03 
                1.10323           63.2497E+03 
                1.10375           62.8634E+03 
                1.10428           62.4874E+03 
                1.10441           62.3942E+03 
                1.10454           62.3016E+03 
                1.10474           62.1643E+03 
                1.10504           61.9619E+03 
                1.10548           61.6661E+03 
                1.10614           61.2393E+03 
                1.10681           60.8282E+03 
                1.10748           60.431E+03  
                1.10814           60.0463E+03 
                1.10831           59.9511E+03 
                1.10848           59.8565E+03 
                1.10854           59.8212E+03 
                1.10863           59.7684E+03 
                1.10877           59.6897E+03 
                1.10898           59.5728E+03 
                1.1093            59.3997E+03 
                1.10977           59.1458E+03 
                1.11049           58.7802E+03 
                1.1112            58.4335E+03 
                1.11191           58.1095E+03 
                1.11262           57.8127E+03 
                1.1128            57.7405E+03 
                1.11298           57.67E+03   
                1.11325           57.5686E+03 
                1.11365           57.4268E+03 
                1.11425           57.2398E+03 
                1.11515           57.0211E+03 
                1.11606           56.8652E+03 
                1.11628           56.8304E+03 
                1.11651           56.7995E+03 
                1.11685           56.7615E+03 
                1.11735           56.7225E+03 
                1.11786           56.7004E+03 
                1.11837           56.6935E+03 
                1.11888           56.7E+03    
                1.11939           56.7174E+03 
                1.11989           56.7435E+03 
                1.1204            56.7756E+03 
                1.12091           56.8112E+03 
                1.12142           56.8477E+03 
                1.12155           56.857E+03  
                1.12158           56.8593E+03 
                1.12163           56.8628E+03 
                1.1217            56.868E+03  
                1.12173           56.8699E+03 
                1.12177           56.8728E+03 
                1.12183           56.8772E+03 
                1.12192           56.8836E+03 
                1.12205           56.8932E+03 
                1.12226           56.907E+03  
                1.12256           56.926E+03  
                1.12268           56.9329E+03 
                1.12285           56.9426E+03 
                1.12311           56.9555E+03 
                1.12336           56.9666E+03 
                1.12362           56.9756E+03 
                1.12372           56.9787E+03 
                1.12386           56.9827E+03 
                1.12408           56.9869E+03 
                1.12441           56.9893E+03 
                1.12474           56.9875E+03 
                1.12506           56.9816E+03 
                1.12539           56.9715E+03 
                1.12572           56.9571E+03 
                1.12621           56.9264E+03 
                1.12694           56.8611E+03 
                1.12804           56.7235E+03 
                1.12915           56.5475E+03 
                1.12942           56.5014E+03 
                1.1297            56.4529E+03 
                1.13011           56.3742E+03 
                1.13074           56.243E+03  
                1.13167           56.016E+03  
                1.13202           55.9271E+03 
                1.13254           55.7843E+03 
                1.13333           55.5511E+03 
                1.13451           55.1724E+03 
                1.1348            55.0766E+03 
                1.1351            54.9795E+03 
                1.13554           54.8315E+03 
                1.13621           54.6078E+03 
                1.1372            54.2773E+03 
                1.1382            53.9573E+03 
                1.1392            53.6477E+03 
                1.1402            53.3442E+03 
                1.14119           53.0403E+03 
                1.14144           52.9645E+03 
                1.14169           52.8883E+03 
                1.14179           52.8598E+03 
                1.14193           52.8168E+03 
                1.14214           52.7518E+03 
                1.14245           52.6533E+03 
                1.14293           52.502E+03  
                1.14364           52.2659E+03 
                1.14435           52.0194E+03 
                1.14506           51.762E+03  
                1.14577           51.4939E+03 
                1.14649           51.2158E+03 
                1.1472            50.929E+03  
                1.14791           50.6346E+03 
                1.14862           50.3339E+03 
                1.14898           50.1822E+03 
                1.14933           50.029E+03  
                1.14987           49.796E+03  
                1.1504            49.5599E+03 
                1.15094           49.3205E+03 
                1.15147           49.0773E+03 
                1.15201           48.8298E+03 
                1.15254           48.5771E+03 
                1.15308           48.3187E+03 
                1.15361           48.0535E+03 
                1.15415           47.7808E+03 
                1.15468           47.4997E+03 
                1.15522           47.209E+03  
                1.15535           47.1358E+03 
                1.15548           47.062E+03  
                1.15569           46.9498E+03 
                1.15599           46.7779E+03 
                1.15644           46.5114E+03 
                1.15712           46.0891E+03 
                1.15737           45.9277E+03 
                1.15775           45.6776E+03 
                1.15832           45.2824E+03 
                1.15918           44.6394E+03 
                1.1594            44.4757E+03 
                1.15961           44.3087E+03 
                1.15993           44.0504E+03 
                1.16042           43.6452E+03 
                1.1606            43.4908E+03 
                1.16087           43.2535E+03 
                1.16097           43.1638E+03 
                1.16112           43.0273E+03 
                1.16135           42.8185E+03 
                1.1617            42.4964E+03 
                1.16221           41.9944E+03 
                1.16299           41.2078E+03 
                1.16415           39.9996E+03 
                1.16531           38.8222E+03 
                1.16647           37.7346E+03 
                1.16676           37.4696E+03 
                1.16706           37.2119E+03 
                1.16749           36.8447E+03 
                1.16815           36.3457E+03 
                1.16839           36.1664E+03 
                1.16876           35.916E+03  
                1.16931           35.5847E+03 
                1.17014           35.1912E+03 
                1.17097           34.8995E+03 
                1.1718            34.7025E+03 
                1.17242           34.6043E+03 
                1.17304           34.5508E+03 
                1.17327           34.5369E+03 
                1.17362           34.5287E+03 
                1.17415           34.5418E+03 
                1.17454           34.565E+03  
                1.17513           34.6257E+03 
                1.17535           34.6521E+03 
                1.17569           34.699E+03  
                1.17619           34.7839E+03 
                1.17693           34.9403E+03 
                1.17806           35.2342E+03 
                1.17918           35.5849E+03 
                1.1803            35.9911E+03 
                1.18142           36.4515E+03 
                1.18255           36.9644E+03 
                1.18367           37.5266E+03 
                1.1848            38.1342E+03 
                1.18592           38.7829E+03 
                1.18705           39.468E+03  
                1.18817           40.1849E+03 
                1.1893            40.9288E+03 
                1.19042           41.6957E+03 
                1.19155           42.4814E+03 
                1.19268           43.2826E+03 
                1.1938            44.0962E+03 
                1.19493           44.9192E+03 
                1.19606           45.7487E+03 
                1.19719           46.5815E+03 
                1.19726           46.6337E+03 
                1.19733           46.6859E+03 
                1.19743           46.7642E+03 
                1.19747           46.7936E+03 
                1.19753           46.8376E+03 
                1.19762           46.9037E+03 
                1.19776           47.0028E+03 
                1.19796           47.1514E+03 
                1.19826           47.3742E+03 
                1.19871           47.7079E+03 
                1.19939           48.2066E+03 
                1.20041           48.9479E+03 
                1.20193           50.0331E+03 
                1.20346           51.0811E+03 
                1.20499           52.0805E+03 
                1.20652           53.0211E+03 
                1.2069            53.253E+03  
                1.20728           53.4808E+03 
                1.20742           53.5657E+03 
                1.20748           53.5975E+03 
                1.20756           53.6449E+03 
                1.20768           53.7156E+03 
                1.20786           53.8207E+03 
                1.20793           53.8599E+03 
                1.20803           53.9185E+03 
                1.20818           54.0056E+03 
                1.20841           54.1347E+03 
                1.2085            54.1829E+03 
                1.20863           54.2546E+03 
                1.20882           54.361E+03  
                1.2089            54.4008E+03 
                1.209             54.46E+03   
                1.20917           54.548E+03  
                1.20941           54.678E+03  
                1.20978           54.8685E+03 
                1.20992           54.9394E+03 
                1.21013           55.0442E+03 
                1.21044           55.198E+03  
                1.2109            55.4211E+03 
                1.2116            55.7375E+03 
                1.2123            56.0354E+03 
                1.213             56.3139E+03 
                1.2137            56.5721E+03 
                1.21388           56.6355E+03 
                1.21405           56.6976E+03 
                1.21431           56.7878E+03 
                1.21471           56.916E+03  
                1.2153            57.0923E+03 
                1.21618           57.3187E+03 
                1.21707           57.5052E+03 
                1.21795           57.6493E+03 
                1.21884           57.7485E+03 
                1.21973           57.8006E+03 
                1.22061           57.8031E+03 
                1.2215            57.7541E+03 
                1.22239           57.6521E+03 
                1.22328           57.4956E+03 
                1.22416           57.284E+03  
                1.22505           57.0171E+03 
                1.22594           56.6956E+03 
                1.22683           56.3207E+03 
                1.22772           55.8944E+03 
                1.22905           55.1489E+03 
                1.23038           54.3109E+03 
                1.23172           53.3951E+03 
                1.23305           52.418E+03  
                1.23439           51.3965E+03 
                1.23572           50.3474E+03 
                1.23706           49.2869E+03 
                1.2384            48.2296E+03 
                1.23973           47.1883E+03 
                1.24107           46.1743E+03 
                1.24241           45.1967E+03 
                1.24274           44.9552E+03 
                1.24308           44.7161E+03 
                1.24358           44.3633E+03 
                1.24433           43.8488E+03 
                1.24546           43.114E+03  
                1.24659           42.4196E+03 
                1.24772           41.7673E+03 
                1.24885           41.1583E+03 
                1.24998           40.5934E+03 
                1.25111           40.0725E+03 
                1.25224           39.595E+03  
                1.25338           39.1599E+03 
                1.25451           38.7656E+03 
                1.25564           38.4103E+03 
                1.25677           38.0917E+03 
                1.25791           37.8079E+03 
                1.25961           37.4552E+03 
                1.26088           37.2314E+03 
                1.2628            36.9837E+03 
                1.26471           36.8261E+03 
                1.26663           36.7612E+03 
                1.26855           36.7929E+03 
                1.27046           36.9262E+03 
                1.27238           37.1654E+03 
                1.27274           37.2147E+03 
                1.2731            37.2677E+03 
                1.27364           37.3552E+03 
                1.27445           37.5056E+03 
                1.27506           37.6298E+03 
                1.27597           37.8413E+03 
                1.27688           38.079E+03  
                1.27779           38.3429E+03 
                1.27871           38.6327E+03 
                1.27962           38.9481E+03 
                1.28053           39.2881E+03 
                1.28144           39.6516E+03 
                1.28236           40.037E+03  
                1.28327           40.4426E+03 
                1.28418           40.8665E+03 
                1.2851            41.3068E+03 
                1.28647           41.9959E+03 
                1.28784           42.7066E+03 
                1.28921           43.4303E+03 
                1.29058           44.1583E+03 
                1.29195           44.8823E+03 
                1.29333           45.5944E+03 
                1.2947            46.2872E+03 




