
                  X             uf-0-90-exp   

                0.                -0.         
               39.94E-09           2.47751E-03
              319.041E-09         19.1236E-03 
                1.70601E-06       97.665E-03  
                7.53894E-06      425.139E-03  
               29.9775E-06         1.68088    
              111.812E-06          6.25515    
              399.954E-06         22.3536     
                1.38837E-03       77.5657     
                4.70264E-03      262.683      
               15.5512E-03       868.603      
               49.9952E-03         2.79236E+03
              154.626E-03          8.63614E+03
              450.699E-03         25.1051E+03 
              551.162E-03         30.6121E+03 
              661.566E-03         36.3092E+03 
              690.656E-03         37.744E+03  
              720.321E-03         39.1824E+03 
              750.552E-03         40.633E+03  
              781.336E-03         42.0974E+03 
              793.02E-03          42.6378E+03 
              804.78E-03          43.1721E+03 
              816.615E-03         43.7086E+03 
              816.893E-03         43.7217E+03 
              817.311E-03         43.7402E+03 
              817.937E-03         43.7666E+03 
              818.877E-03         43.7987E+03 
              820.288E-03         43.814E+03  
              820.818E-03         43.8132E+03 
              820.867E-03         43.8131E+03 
              820.942E-03         43.8127E+03 
              821.053E-03         43.8119E+03 
              821.221E-03         43.8097E+03 
              821.472E-03         43.8039E+03 
              821.849E-03         43.7622E+03 
              822.226E-03         43.6295E+03 
              822.604E-03         43.3803E+03 
              823.17E-03          42.9934E+03 
              824.019E-03         42.8634E+03 
              825.293E-03         43.0224E+03 
              825.772E-03         43.0861E+03 
              826.489E-03         43.1393E+03 
              826.758E-03         43.153E+03  
              826.859E-03         43.1574E+03 
              827.011E-03         43.1623E+03 
              827.238E-03         43.1681E+03 
              827.323E-03         43.1701E+03 
              827.451E-03         43.1732E+03 
              827.643E-03         43.1785E+03 
              827.93E-03          43.1836E+03 
              828.362E-03         43.1439E+03 
              829.009E-03         43.02E+03   
              829.98E-03          42.9718E+03 
              831.438E-03         43.0596E+03 
              833.627E-03         43.1735E+03 
              836.916E-03         43.3158E+03 
              841.858E-03         43.5289E+03 
              849.296E-03         43.8485E+03 
              860.503E-03         44.3327E+03 
              877.43E-03          45.0657E+03 
              883.813E-03         45.3441E+03 
              886.211E-03         45.4491E+03 
              887.111E-03         45.4884E+03 
              888.462E-03         45.5474E+03 
              888.969E-03         45.5695E+03 
              889.729E-03         45.6024E+03 
              890.015E-03         45.6148E+03 
              890.443E-03         45.633E+03  
              891.085E-03         45.6563E+03 
              891.326E-03         45.6642E+03 
              891.687E-03         45.6679E+03 
              891.822E-03         45.6676E+03 
              892.026E-03         45.6605E+03 
              892.33E-03          45.6129E+03 
              892.445E-03         45.5886E+03 
              892.616E-03         45.5314E+03 
              892.874E-03         45.3761E+03 
              892.97E-03          45.3068E+03 
              893.115E-03         45.1741E+03 
              893.332E-03         44.9007E+03 
              893.658E-03         44.337E+03  
              893.78E-03          44.1057E+03 
              893.963E-03         43.7242E+03 
              894.032E-03         43.5769E+03 
              894.135E-03         43.3482E+03 
              894.29E-03          42.9922E+03 
              894.522E-03         42.4359E+03 
              894.609E-03         42.2243E+03 
              894.74E-03          41.9023E+03 
              894.935E-03         41.4214E+03 
              895.229E-03         40.7529E+03 
              895.339E-03         40.5119E+03 
              895.505E-03         40.1782E+03 
              895.753E-03         39.7397E+03 
              896.125E-03         39.1745E+03 
              896.264E-03         38.9726E+03 
              896.473E-03         38.6786E+03 
              896.787E-03         38.2067E+03 
              896.866E-03         38.086E+03  
              896.944E-03         37.9618E+03 
              897.062E-03         37.766E+03  
              897.239E-03         37.4523E+03 
              897.504E-03         36.9659E+03 
              897.603E-03         36.7833E+03 
              897.752E-03         36.5156E+03 
              897.976E-03         36.1391E+03 
              898.06E-03          36.0016E+03 
              898.185E-03         35.8024E+03 
              898.374E-03         35.5107E+03 
              898.657E-03         35.1054E+03 
              898.763E-03         34.96E+03   
              898.923E-03         34.7694E+03 
              899.161E-03         34.5863E+03 
              899.251E-03         34.534E+03  
              899.385E-03         34.4953E+03 
              899.587E-03         34.5195E+03 
              899.89E-03          34.6539E+03 
              900.003E-03         34.7125E+03 
              900.173E-03         34.7966E+03 
              900.429E-03         34.8435E+03 
              900.524E-03         34.8465E+03 
              900.668E-03         34.8095E+03 
              900.883E-03         34.6555E+03 
              901.207E-03         34.2805E+03 
              901.691E-03         33.7043E+03 
              902.177E-03         33.2426E+03 
              902.662E-03         32.8926E+03 
              902.783E-03         32.8117E+03 
              902.904E-03         32.7365E+03 
              903.086E-03         32.6319E+03 
              903.359E-03         32.4755E+03 
              903.462E-03         32.416E+03  
              903.615E-03         32.3234E+03 
              903.846E-03         32.1784E+03 
              904.191E-03         31.9584E+03 
              904.537E-03         31.7393E+03 
              904.883E-03         31.5266E+03 
              905.401E-03         31.2528E+03 
              905.92E-03          31.0444E+03 
              906.05E-03          30.9967E+03 
              906.244E-03         30.9358E+03 
              906.536E-03         30.8705E+03 
              906.974E-03         30.7819E+03 
              907.138E-03         30.7459E+03 
              907.385E-03         30.6684E+03 
              907.477E-03         30.6352E+03 
              907.616E-03         30.5737E+03 
              907.824E-03         30.4567E+03 
              908.136E-03         30.2581E+03 
              908.604E-03         29.9886E+03 
              908.779E-03         29.8947E+03 
              909.043E-03         29.7812E+03 
              909.141E-03         29.7431E+03 
              909.29E-03          29.6991E+03 
              909.512E-03         29.6738E+03 
              909.845E-03         29.7374E+03 
              910.345E-03         29.9448E+03 
              911.096E-03         30.1646E+03 
              912.222E-03         30.2082E+03 
              913.912E-03         30.1618E+03 
              916.45E-03          30.1869E+03 
              920.262E-03         30.3093E+03 
              925.993E-03         30.4962E+03 
              934.615E-03         30.7673E+03 
              947.608E-03         31.1733E+03 
              967.232E-03         31.7732E+03 
              974.631E-03         31.9978E+03 
              977.412E-03         32.0819E+03 
              978.455E-03         32.1135E+03 
              978.846E-03         32.1253E+03 
              979.434E-03         32.1427E+03 
              979.654E-03         32.1493E+03 
              979.984E-03         32.1587E+03 
              980.48E-03          32.1682E+03 
              981.224E-03         32.1684E+03 
              982.34E-03          32.1818E+03 
              984.015E-03         32.2368E+03 
              986.529E-03         32.3177E+03 
              987.473E-03         32.3463E+03 
              988.889E-03         32.3876E+03 
              989.42E-03          32.403E+03  
              990.217E-03         32.4262E+03 
              991.413E-03         32.4603E+03 
              991.862E-03         32.4719E+03 
              992.03E-03          32.476E+03  
              992.282E-03         32.4808E+03 
              992.661E-03         32.4676E+03 
              992.756E-03         32.4627E+03 
              992.85E-03          32.4557E+03 
              992.992E-03         32.4381E+03 
              993.206E-03         32.3777E+03 
              993.285E-03         32.3491E+03 
              993.405E-03         32.2878E+03 
              993.585E-03         32.1368E+03 
              993.652E-03         32.071E+03  
              993.754E-03         31.9493E+03 
              993.905E-03         31.7148E+03 
              994.133E-03         31.297E+03  
              994.218E-03         31.1347E+03 
              994.346E-03         30.895E+03  
              994.538E-03         30.5987E+03 
              994.826E-03         30.3702E+03 
              995.259E-03         30.3573E+03 
              995.421E-03         30.3853E+03 
              995.664E-03         30.4487E+03 
              996.029E-03         30.473E+03  
              996.12E-03          30.4731E+03 
              996.211E-03         30.466E+03  
              996.348E-03         30.4376E+03 
              996.553E-03         30.3561E+03 
              996.861E-03         30.1585E+03 
              996.977E-03         30.0744E+03 
              997.15E-03          29.9256E+03 
              997.215E-03         29.8667E+03 
              997.312E-03         29.7704E+03 
              997.458E-03         29.6031E+03 
              997.678E-03         29.2807E+03 
              998.007E-03         28.6847E+03 
              998.13E-03          28.4509E+03 
              998.315E-03         28.1053E+03 
              998.385E-03         27.978E+03  
              998.489E-03         27.7977E+03 
              998.645E-03         27.562E+03  
              998.879E-03         27.2874E+03 
              998.967E-03         27.195E+03  
              999.099E-03         27.0766E+03 
              999.297E-03         26.9355E+03 
              999.371E-03         26.8873E+03 
              999.482E-03         26.8243E+03 
              999.649E-03         26.7475E+03 
              999.899E-03         26.6516E+03 
                1.00027           26.4073E+03 
                1.00084           25.9003E+03 
                1.00168           25.7008E+03 
                1.00253           25.9136E+03 
                1.00337           26.1287E+03 
                1.00464           26.1962E+03 
                1.00655           26.1623E+03 
                1.00941           26.1767E+03 
                1.0137            26.2812E+03 
                1.02016           26.4477E+03 
                1.02258           26.5083E+03 
                1.02623           26.5974E+03 
                1.02759           26.6302E+03 
                1.0281            26.6424E+03 
                1.02887           26.6597E+03 
                1.03003           26.6781E+03 
                1.03046           26.6815E+03 
                1.03111           26.6293E+03 
                1.03135           26.5966E+03 
                1.03172           26.4718E+03 
                1.03227           26.101E+03  
                1.03309           25.7316E+03 
                1.03433           25.8136E+03 
                1.03618           26.0244E+03 
                1.03896           26.0991E+03 
                1.04314           26.179E+03  
                1.04942           26.33E+03   
                1.05886           26.5601E+03 
                1.07308           26.9074E+03 
                1.09455           27.4348E+03 
                1.12703           28.2406E+03 
                1.17637           29.4742E+03 
                1.25167           31.3565E+03 
                1.28029           32.0716E+03 
                1.32358           33.1508E+03 
                1.33993           33.5581E+03 
                1.34607           33.7111E+03 
                1.3553            33.9409E+03 
                1.35876           34.0272E+03 
                1.35909           34.0353E+03 
                1.35958           34.0474E+03 
                1.36031           34.0655E+03 
                1.36058           34.0723E+03 
                1.36099           34.0824E+03 
                1.36115           34.0862E+03 
                1.36138           34.0919E+03 
                1.36147           34.094E+03  
                1.3616            34.0972E+03 
                1.36179           34.1018E+03 
                1.36209           34.1074E+03 
                1.36238           34.1076E+03 
                1.36267           34.0932E+03 
                1.36278           34.0852E+03 
                1.36295           34.0647E+03 
                1.36319           34.0066E+03 
                1.36329           33.9805E+03 
                1.36343           33.9309E+03 
                1.36363           33.8356E+03 
                1.36371           33.7971E+03 
                1.36383           33.735E+03  
                1.36401           33.64E+03   
                1.36427           33.5231E+03 
                1.36467           33.4473E+03 
                1.36526           33.4792E+03 
                1.36571           33.531E+03  
                1.36587           33.5515E+03 
                1.36612           33.5766E+03 
                1.3665            33.5877E+03 
                1.36664           33.5877E+03 
                1.36685           33.5778E+03 
                1.36717           33.5438E+03 
                1.36749           33.4965E+03 
                1.36781           33.4425E+03 
                1.36812           33.3846E+03 
                1.36844           33.3145E+03 
                1.36892           33.124E+03  
                1.36939           32.8234E+03 
                1.36987           32.4294E+03 
                1.37035           31.9655E+03 
                1.37047           31.8455E+03 
                1.37059           31.7218E+03 
                1.37076           31.5284E+03 
                1.37103           31.2214E+03 
                1.37144           30.7328E+03 
                1.37159           30.5464E+03 
                1.37181           30.2631E+03 
                1.3719            30.1566E+03 
                1.37202           29.9968E+03 
                1.37222           29.7591E+03 
                1.3725            29.409E+03  
                1.37293           28.9027E+03 
                1.37358           28.2273E+03 
                1.37454           27.4282E+03 
                1.37491           27.157E+03  
                1.37504           27.0592E+03 
                1.37525           26.9204E+03 
                1.37555           26.7272E+03 
                1.37567           26.6567E+03 
                1.37584           26.5546E+03 
                1.3761            26.4061E+03 
                1.37648           26.1723E+03 
                1.37687           25.9125E+03 
                1.37726           25.6331E+03 
                1.37765           25.3623E+03 
                1.37779           25.2639E+03 
                1.37801           25.1311E+03 
                1.37834           24.991E+03  
                1.37883           24.955E+03  
                1.37901           24.9669E+03 
                1.37929           25.0376E+03 
                1.37939           25.0711E+03 
                1.37955           25.1352E+03 
                1.37978           25.2525E+03 
                1.38013           25.4399E+03 
                1.38065           25.6789E+03 
                1.38144           25.9574E+03 
                1.38222           26.243E+03  
                1.38301           26.596E+03  
                1.38419           27.2604E+03 
                1.38596           28.1812E+03 
                1.38862           28.7979E+03 
                1.3926            28.5154E+03 
                1.39859           27.908E+03  
                1.40758           27.9158E+03 
                1.42109           28.279E+03  
                1.42617           28.4035E+03 
                1.4338            28.5557E+03 
                1.43666           28.61E+03   
                1.43773           28.6301E+03 
                1.43813           28.6376E+03 
                1.43874           28.6486E+03 
                1.43964           28.6627E+03 
                1.43998           28.6666E+03 
                1.44011           28.6678E+03 
                1.4403            28.6683E+03 
                1.44059           28.6575E+03 
                1.4407            28.6512E+03 
                1.44086           28.6332E+03 
                1.4411            28.566E+03  
                1.44146           28.3068E+03 
                1.4416            28.1845E+03 
                1.4418            27.9424E+03 
                1.44188           27.8434E+03 
                1.44199           27.6777E+03 
                1.44217           27.3971E+03 
                1.44242           26.9362E+03 
                1.44281           26.2828E+03 
                1.44296           26.05E+03   
                1.44318           25.7476E+03 
                1.4435            25.4175E+03 
                1.44362           25.3111E+03 
                1.44381           25.1862E+03 
                1.44409           25.0546E+03 
                1.44436           24.9559E+03 
                1.44443           24.9329E+03 
                1.44453           24.9012E+03 
                1.44469           24.8564E+03 
                1.44492           24.7821E+03 
                1.44501           24.7526E+03 
                1.44514           24.7018E+03 
                1.44534           24.6034E+03 
                1.44563           24.3908E+03 
                1.44607           23.9305E+03 
                1.44618           23.8068E+03 
                1.4463            23.675E+03  
                1.44646           23.4602E+03 
                1.44671           23.0976E+03 
                1.4468            22.9557E+03 
                1.44694           22.7287E+03 
                1.44715           22.3596E+03 
                1.44723           22.2174E+03 
                1.44735           21.9977E+03 
                1.44753           21.6625E+03 
                1.44779           21.1707E+03 
                1.44789           20.9888E+03 
                1.44804           20.7239E+03 
                1.44827           20.3439E+03 
                1.44835           20.2037E+03 
                1.44848           19.9972E+03 
                1.44867           19.6914E+03 
                1.44895           19.2446E+03 
                1.44938           18.7045E+03 
                1.44948           18.5795E+03 
                1.44959           18.4666E+03 
                1.44975           18.3307E+03 
                1.44999           18.2096E+03 
                1.45035           18.1906E+03 
                1.45048           18.2045E+03 
                1.45068           18.2644E+03 
                1.45099           18.4081E+03 
                1.4511            18.4675E+03 
                1.45127           18.5612E+03 
                1.45153           18.6836E+03 
                1.45191           18.7679E+03 
                1.45206           18.7835E+03 
                1.45227           18.7704E+03 
                1.4526            18.6868E+03 
                1.45308           18.4906E+03 
                1.45326           18.4108E+03 
                1.45354           18.29E+03   
                1.45395           18.1493E+03 




