
                  X               uf-0-exp    

                0.                -0.         
               39.94E-09         144.262E-03  
              319.041E-09        746.553E-03  
                1.70601E-06        1.94853    
                7.53894E-06        4.44846    
               29.9775E-06         9.54913    
              111.812E-06         21.6481     
              399.954E-06         56.0726     
                1.38837E-03      163.196      
                4.70264E-03      506.745      
               15.5512E-03         1.60973E+03
               49.9952E-03         5.08311E+03
              154.626E-03         15.598E+03  
              450.699E-03         45.3097E+03 
              459.682E-03         47.3408E+03 
              463.075E-03         47.6149E+03 
              464.35E-03          47.7014E+03 
              466.266E-03         47.8079E+03 
              468.187E-03         47.9049E+03 
              470.111E-03         47.9913E+03 
              472.04E-03          48.0671E+03 
              472.523E-03         48.0885E+03 
              473.006E-03         48.1077E+03 
              473.731E-03         48.1327E+03 
              474.819E-03         48.1661E+03 
              475.909E-03         48.1979E+03 
              477.E-03            48.2277E+03 
              478.093E-03         48.2558E+03 
              479.186E-03         48.2825E+03 
              480.281E-03         48.3082E+03 
              481.377E-03         48.3329E+03 
              482.475E-03         48.3567E+03 
              483.574E-03         48.379E+03  
              484.674E-03         48.3994E+03 
              485.775E-03         48.4167E+03 
              487.429E-03         48.4294E+03 
              489.086E-03         48.4277E+03 
              490.746E-03         48.4085E+03 
              492.409E-03         48.3741E+03 
              494.075E-03         48.3316E+03 
              495.743E-03         48.2918E+03 
              498.251E-03         48.2728E+03 
              498.879E-03         48.276E+03  
              499.508E-03         48.2808E+03 
              500.451E-03         48.2951E+03 
              501.868E-03         48.3416E+03 
              503.997E-03         48.471E+03  
              504.796E-03         48.5319E+03 
              505.997E-03         48.6364E+03 
              507.8E-03           48.8273E+03 
              510.511E-03         49.1821E+03 
              513.23E-03          49.5974E+03 
              515.955E-03         50.057E+03  
              518.688E-03         50.5426E+03 
              522.801E-03         51.2539E+03 
              529.001E-03         52.1377E+03 
              530.556E-03         52.3599E+03 
              532.114E-03         52.5569E+03 
              532.699E-03         52.63E+03   
              533.576E-03         52.7317E+03 
              534.894E-03         52.8714E+03 
              535.389E-03         52.9241E+03 
              536.132E-03         52.9977E+03 
              537.246E-03         53.0994E+03 
              538.92E-03          53.2367E+03 
              540.597E-03         53.3633E+03 
              542.276E-03         53.481E+03  
              543.958E-03         53.5928E+03 
              545.642E-03         53.7015E+03 
              547.329E-03         53.8097E+03 
              549.018E-03         53.9189E+03 
              551.558E-03         54.0839E+03 
              555.377E-03         54.3391E+03 
              561.13E-03          54.7738E+03 
              569.815E-03         55.5925E+03 
              573.088E-03         55.9414E+03 
              578.016E-03         56.4716E+03 
              579.869E-03         56.6834E+03 
              582.654E-03         56.9909E+03 
              583.7E-03           57.1108E+03 
              585.271E-03         57.2843E+03 
              586.45E-03          57.4149E+03 
              587.631E-03         57.544E+03  
              588.812E-03         57.6718E+03 
              590.587E-03         57.8588E+03 
              592.364E-03         58.0433E+03 
              594.144E-03         58.2241E+03 
              595.927E-03         58.4006E+03 
              598.605E-03         58.6518E+03 
              601.29E-03          58.8924E+03 
              603.98E-03          59.1192E+03 
              606.676E-03         59.3326E+03 
              610.73E-03          59.6334E+03 
              614.798E-03         59.9428E+03 
              618.879E-03         60.2743E+03 
              625.023E-03         60.8234E+03 
              626.564E-03         60.9766E+03 
              628.107E-03         61.1243E+03 
              630.424E-03         61.3465E+03 
              633.907E-03         61.6848E+03 
              637.4E-03           62.0275E+03 
              640.901E-03         62.371E+03  
              644.412E-03         62.7172E+03 
              649.695E-03         63.2431E+03 
              654.998E-03         63.7826E+03 
              660.321E-03         64.3251E+03 
              665.665E-03         64.8641E+03 
              673.718E-03         65.6496E+03 
              676.749E-03         65.9567E+03 
              677.888E-03         66.0721E+03 
              679.597E-03         66.2367E+03 
              682.165E-03         66.4798E+03 
              686.025E-03         66.8413E+03 
              691.833E-03         67.3794E+03 
              700.589E-03         68.1881E+03 
              713.816E-03         69.4302E+03 
              733.868E-03         71.3461E+03 
              738.92E-03          71.8683E+03 
              743.988E-03         72.3581E+03 
              751.619E-03         73.0848E+03 
              763.13E-03          74.1823E+03 
              780.542E-03         75.8559E+03 
              782.183E-03         76.0455E+03 
              784.647E-03         76.2887E+03 
              786.498E-03         76.4692E+03 
              789.278E-03         76.7365E+03 
              793.455E-03         77.1373E+03 
              796.595E-03         77.4416E+03 
              798.167E-03         77.5956E+03 
              800.527E-03         77.8195E+03 
              804.073E-03         78.1477E+03 
              807.625E-03         78.4695E+03 
              808.515E-03         78.5537E+03 
              809.849E-03         78.673E+03  
              811.853E-03         78.8461E+03 
              812.605E-03         78.9126E+03 
              813.734E-03         79.009E+03  
              815.428E-03         79.15E+03   
              817.972E-03         79.3576E+03 
              818.926E-03         79.4381E+03 
              820.36E-03          79.555E+03  
              822.511E-03         79.7296E+03 
              825.743E-03         79.9965E+03 
              828.981E-03         80.2706E+03 
              830.602E-03         80.4117E+03 
              833.036E-03         80.6189E+03 
              835.473E-03         80.8266E+03 
              837.912E-03         81.0337E+03 
              841.578E-03         81.3451E+03 
              845.25E-03          81.6717E+03 
              848.929E-03         82.0199E+03 
              854.46E-03          82.5866E+03 
              856.538E-03         82.8129E+03 
              859.659E-03         83.1514E+03 
              864.35E-03          83.6604E+03 
              869.051E-03         84.1631E+03 
              873.763E-03         84.6496E+03 
              875.533E-03         84.8346E+03 
              878.19E-03          85.0974E+03 
              882.183E-03         85.4746E+03 
              886.182E-03         85.84E+03   
              890.19E-03          86.1939E+03 
              894.204E-03         86.5402E+03 
              895.209E-03         86.6308E+03 
              896.215E-03         86.7182E+03 
              897.724E-03         86.846E+03  
              899.989E-03         87.0371E+03 
              900.555E-03         87.087E+03  
              901.122E-03         87.1362E+03 
              901.973E-03         87.2087E+03 
              903.249E-03         87.317E+03  
              905.165E-03         87.4809E+03 
              905.884E-03         87.5444E+03 
              906.963E-03         87.6385E+03 
              908.582E-03         87.7799E+03 
              910.202E-03         87.9234E+03 
              911.824E-03         88.0683E+03 
              913.446E-03         88.2136E+03 
              914.055E-03         88.2692E+03 
              914.969E-03         88.351E+03  
              916.34E-03          88.4704E+03 
              917.711E-03         88.5854E+03 
              919.084E-03         88.6909E+03 
              921.145E-03         88.7976E+03 
              923.207E-03         88.8134E+03 
              925.271E-03         88.6923E+03 
              927.337E-03         88.399E+03  
              928.371E-03         88.2075E+03 
              929.405E-03         87.967E+03  
              930.957E-03         87.5024E+03 
              932.511E-03         86.953E+03  
              934.065E-03         86.3452E+03 
              936.398E-03         85.4031E+03 
              936.982E-03         85.1694E+03 
              937.566E-03         84.9364E+03 
              938.442E-03         84.5934E+03 
              939.757E-03         84.1083E+03 
              941.73E-03          83.4595E+03 
              943.705E-03         82.876E+03  
              945.682E-03         82.3264E+03 
              947.66E-03          81.7793E+03 
              948.155E-03         81.6436E+03 
              948.65E-03          81.5066E+03 
              949.393E-03         81.2968E+03 
              950.507E-03         80.9723E+03 
              952.179E-03         80.4701E+03 
              954.69E-03          79.7582E+03 
              957.204E-03         79.1846E+03 
              959.72E-03          78.8228E+03 
              960.349E-03         78.7487E+03 
              960.979E-03         78.6888E+03 
              961.924E-03         78.6334E+03 
              963.342E-03         78.6307E+03 
              965.47E-03          78.7808E+03 
              967.6E-03           79.0389E+03 
              969.732E-03         79.3524E+03 
              971.865E-03         79.6771E+03 
              972.666E-03         79.7999E+03 
              973.867E-03         79.9754E+03 
              975.671E-03         80.2128E+03 
              976.347E-03         80.2995E+03 
              977.362E-03         80.419E+03  
              978.886E-03         80.5771E+03 
              981.173E-03         80.7658E+03 
              983.462E-03         80.8967E+03 
              985.753E-03         80.9525E+03 
              988.046E-03         80.9186E+03 
              990.341E-03         80.7888E+03 
              992.639E-03         80.5656E+03 
              994.938E-03         80.2568E+03 
              997.239E-03         79.8707E+03 
              999.543E-03         79.4137E+03 
                1.00185           78.8903E+03 
                1.00416           78.3053E+03 
                1.00647           77.6661E+03 
                1.00878           76.9834E+03 
                1.01109           76.2709E+03 
                1.01341           75.5431E+03 
                1.01572           74.8143E+03 
                1.01804           74.0975E+03 
                1.02036           73.4044E+03 
                1.02095           73.2345E+03 
                1.02182           72.9822E+03 
                1.02312           72.6141E+03 
                1.02509           72.0958E+03 
                1.02558           71.9698E+03 
                1.02607           71.8459E+03 
                1.02681           71.6649E+03 
                1.02791           71.4074E+03 
                1.02957           71.0604E+03 
                1.03019           70.9374E+03 
                1.03113           70.7661E+03 
                1.03253           70.5439E+03 
                1.03463           70.2961E+03 
                1.03673           70.1312E+03 
                1.03884           70.034E+03  
                1.04095           69.981E+03  
                1.04306           69.9421E+03 
                1.04385           69.9292E+03 
                1.04504           69.9024E+03 
                1.04682           69.8271E+03 
                1.04949           69.5696E+03 
                1.05217           69.1208E+03 
                1.05485           68.469E+03  
                1.05753           67.6516E+03 
                1.05854           67.3268E+03 
                1.06005           66.806E+03  
                1.06232           66.019E+03  
                1.06289           65.8246E+03 
                1.06345           65.6315E+03 
                1.06431           65.3485E+03 
                1.06558           64.9521E+03 
                1.0675            64.4481E+03 
                1.06942           64.0464E+03 
                1.07134           63.7413E+03 
                1.07326           63.516E+03  
                1.07518           63.347E+03  
                1.0771            63.2104E+03 
                1.07999           63.0216E+03 
                1.08288           62.8345E+03 
                1.0836            62.7898E+03 
                1.08433           62.744E+03  
                1.08541           62.6746E+03 
                1.08704           62.5776E+03 
                1.08948           62.4755E+03 
                1.09009           62.4548E+03 
                1.09071           62.4371E+03 
                1.09162           62.4184E+03 
                1.093             62.4134E+03 
                1.09507           62.4621E+03 
                1.09713           62.5648E+03 
                1.0992            62.7129E+03 
                1.10127           62.8937E+03 
                1.10179           62.9419E+03 
                1.10231           62.9913E+03 
                1.10308           63.0671E+03 
                1.10425           63.1826E+03 
                1.106             63.3456E+03 
                1.10775           63.4812E+03 
                1.1095            63.5703E+03 
                1.11213           63.5493E+03 
                1.11476           63.3425E+03 
                1.11608           63.1905E+03 
                1.1174            62.984E+03  
                1.11937           62.538E+03  
                1.12135           61.9373E+03 
                1.12333           61.1576E+03 
                1.12531           60.1795E+03 
                1.12729           58.9974E+03 
                1.12927           57.6276E+03 
                1.13126           56.1088E+03 
                1.13324           54.4973E+03 
                1.13523           52.8558E+03 
                1.13721           51.2418E+03 
                1.1392            49.6984E+03 
                1.1402            48.9496E+03 
                1.14119           48.2254E+03 
                1.14269           47.1984E+03 
                1.14418           46.2309E+03 
                1.14567           45.3164E+03 
                1.14792           44.024E+03  
                1.15016           42.7653E+03 
                1.15241           41.494E+03  
                1.15465           40.1759E+03 
                1.1569            38.7962E+03 
                1.15915           37.3594E+03 
                1.16              36.8146E+03 
                1.16127           35.9825E+03 
                1.16317           34.721E+03  
                1.16507           33.4641E+03 
                1.16697           32.2253E+03 
                1.16983           30.4369E+03 
                1.1709            29.7797E+03 
                1.17251           28.8218E+03 
                1.17492           27.4782E+03 
                1.17734           26.2731E+03 
                1.17976           25.2637E+03 
                1.18066           24.9174E+03 
                1.18202           24.4771E+03 
                1.18407           24.0326E+03 
                1.18713           23.9053E+03 
                1.1902            24.2901E+03 
                1.19327           25.096E+03  
                1.19634           26.2036E+03 
                1.1975            26.6567E+03 
                1.19923           27.3921E+03 
                1.20183           28.5631E+03 
                1.20247           28.8609E+03 
                1.20312           29.1606E+03 
                1.2041            29.6121E+03 
                1.20556           30.2889E+03 
                1.20776           31.2892E+03 
                1.21105           32.7323E+03 
                1.21435           34.1025E+03 
                1.21765           35.3789E+03 
                1.22096           36.5341E+03 
                1.22592           37.8884E+03 
                1.22716           38.2058E+03 
                1.2284            38.4941E+03 
                1.23026           38.8592E+03 
                1.23306           39.2471E+03 
                1.23411           39.3715E+03 
                1.23568           39.503E+03  
                1.23805           39.5788E+03 
                1.24159           39.4303E+03 
                1.24514           39.0411E+03 
                1.24603           38.9312E+03 
                1.24692           38.8058E+03 
                1.24825           38.5851E+03 
                1.24875           38.4986E+03 
                1.2495            38.359E+03  
                1.25063           38.1291E+03 
                1.25231           37.7427E+03 
                1.25485           37.08E+03   
                1.25548           36.9108E+03 
                1.25612           36.7362E+03 
                1.25707           36.4627E+03 
                1.25849           36.0292E+03 
                1.25903           35.8641E+03 
                1.25983           35.609E+03  
                1.26104           35.21E+03   
                1.26284           34.5741E+03 
                1.26465           33.8978E+03 
                1.26646           33.1757E+03 
                1.26714           32.899E+03  
                1.26816           32.4667E+03 
                1.26969           31.7786E+03 
                1.27198           30.6588E+03 
                1.27284           30.2282E+03 
                1.27413           29.5566E+03 
                1.27607           28.5111E+03 
                1.27679           28.116E+03  
                1.27788           27.5177E+03 
                1.27829           27.2932E+03 
                1.2789            26.9562E+03 
                1.27982           26.4538E+03 
                1.2812            25.7194E+03 
                1.28328           24.6882E+03 
                1.28405           24.3136E+03 
                1.28522           23.7768E+03 
                1.28697           23.0197E+03 
                1.28959           21.9022E+03 
                1.29222           20.6961E+03 
                1.29485           19.3208E+03 
                1.29551           18.9666E+03 
                1.29616           18.5993E+03 
                1.29715           18.0171E+03 
                1.29863           17.0757E+03 
                1.30085           15.5384E+03 
                1.30418           13.0807E+03 
                1.30752           10.5725E+03 
                1.31086            8.0634E+03 
                1.3142             5.57763E+03
                1.31754            3.15676E+03
                1.32089          890.34       
                1.32424           -1.08996E+03
                1.32759           -2.65074E+03
                1.33094           -3.70705E+03
                1.3343            -4.2537E+03 
                1.33765           -4.36409E+03
                1.34102           -4.16202E+03
                1.34438           -3.78282E+03
                1.34774           -3.34003E+03
                1.35111           -2.90705E+03
                1.35364           -2.60394E+03
                1.35743           -2.20268E+03
                1.36313           -1.61454E+03
                1.36883         -952.599      
                1.37454         -191.942      
                1.38025          644.191      
                1.38168          860.7        
                1.38311            1.07834E+03
                1.38526            1.40802E+03
                1.38848            1.9034E+03 
                1.38969            2.09054E+03
                1.3915             2.3668E+03 
                1.39422            2.7697E+03 
                1.39694            3.15823E+03
                1.39967            3.52787E+03
                1.40239            3.87498E+03
                1.40648            4.3344E+03 
                1.41262            4.8667E+03 
                1.41416            4.99346E+03
                1.4157             5.10745E+03
                1.418              5.25237E+03
                1.42146            5.41114E+03
                1.42492            5.50852E+03
                1.42839            5.53942E+03
                1.43186            5.50035E+03
                1.43533            5.39001E+03
                1.4388             5.21021E+03
                1.44227            4.96658E+03
                1.44575            4.6687E+03 
                1.44922            4.32966E+03
                1.4527             3.96516E+03
                1.45793            3.41655E+03
                1.45989            3.21653E+03
                1.46283            2.92925E+03
                1.46724            2.56252E+03
                1.47166            2.28439E+03
                1.47497            2.13328E+03
                1.47829            2.04317E+03
                1.48161            2.01766E+03
                1.48659            2.12379E+03
                1.49407            2.56742E+03
                1.49688            2.77466E+03
                1.50109            3.14859E+03
                1.50267            3.29934E+03
                1.50504            3.53954E+03
                1.5086             3.92444E+03
                1.51394            4.51655E+03
                1.51929            5.08186E+03
                1.52464            5.57973E+03
                1.52664            5.75705E+03
                1.52965            5.9882E+03 
                1.53417            6.2499E+03 
                1.53587            6.33756E+03
                1.53841            6.43715E+03
                1.54223            6.51661E+03
                1.54319            6.53361E+03
                1.54414            6.5455E+03 
                1.54558            6.55246E+03
                1.54773            6.54006E+03
                1.55095            6.47113E+03
                1.55579            6.26075E+03
                1.56064            5.95697E+03
                1.56549            5.57644E+03
                1.57276            4.89899E+03
                1.57458            4.72741E+03
                1.5764             4.54923E+03
                1.57914            4.2742E+03 
                1.58323            3.85921E+03
                1.58939            3.26753E+03
                1.59093            3.12462E+03
                1.59247            2.98309E+03
                1.59478            2.77777E+03
                1.59824            2.49181E+03
                1.60344            2.1176E+03 
                1.61125            1.68245E+03
                1.61418            1.54032E+03
                1.61858            1.36457E+03
                1.62517            1.1936E+03 
                1.62682            1.15917E+03
                1.62848            1.12882E+03
                1.63095            1.09436E+03
                1.63281            1.07551E+03
                1.6356             1.05964E+03
                1.63839            1.05549E+03
                1.64118            1.0611E+03 
                1.64397            1.07506E+03
                1.64676            1.09641E+03
                1.64955            1.12443E+03
                1.65374            1.17714E+03
                1.65531            1.19956E+03
                1.65767            1.23365E+03
                1.6612             1.2848E+03 
                1.66651            1.3558E+03 
                1.67448            1.45115E+03
                1.67647            1.47712E+03
                1.67846            1.50071E+03
                1.68145            1.5337E+03 
                1.68594            1.57712E+03
                1.69268            1.61599E+03
                1.69941            1.62426E+03
                1.70616            1.60242E+03
                1.7129             1.55305E+03
                1.71965            1.47768E+03
                1.72641            1.37934E+03
                1.73316            1.26535E+03
                1.73992            1.14715E+03
                1.75007            1.00226E+03
                1.75261          971.587      
                1.75515          942.305      
                1.75896          907.086      
                1.76467          881.087      
                1.76682          876.624      
                1.77003          877.778      
                1.77486          900.507      
                1.7821           976.373      
                1.78481            1.01182E+03
                1.78889            1.07339E+03
                1.795              1.18331E+03
                1.80112            1.30598E+03
                1.80724            1.43448E+03
                1.81642            1.61674E+03
                1.81987            1.68424E+03
                1.82503            1.77373E+03
                1.82697            1.80653E+03
                1.82988            1.85074E+03
                1.83424            1.90664E+03
                1.84079            1.96757E+03
                1.85061            2.02009E+03
                1.86535            2.0703E+03 
                1.87088            2.09035E+03
                1.87296            2.09791E+03
                1.87607            2.10885E+03
                1.88073            2.12831E+03
                1.88774            2.17049E+03
                1.89474            2.23111E+03
                1.89824            2.26699E+03
                1.9035             2.33291E+03
                1.90875            2.41291E+03
                1.91401            2.50698E+03
                1.91927            2.61445E+03
                1.92715            2.8001E+03 
                1.92913            2.84849E+03
                1.9311             2.89786E+03
                1.93406            2.97429E+03
                1.93849            3.09351E+03
                1.94293            3.21617E+03
                1.94737            3.34088E+03
                1.95181            3.46626E+03
                1.95347            3.51343E+03
                1.95597            3.58376E+03
                1.95971            3.68783E+03
                1.96533            3.8388E+03 
                1.96744            3.89474E+03
                1.9706             3.97649E+03
                1.97534            4.09474E+03
                1.98008            4.20894E+03
                1.98482            4.31913E+03
                1.98956            4.42522E+03
                1.9943             4.52705E+03
                1.99905            4.62436E+03
                2.00379            4.71667E+03
                2.0109             4.84151E+03
                2.01357            4.88612E+03
                2.01757            4.94822E+03
                2.02357            5.03035E+03
                2.02957            5.10299E+03
                2.03557            5.16911E+03
                2.04456            5.26463E+03
                2.05806            5.41603E+03
                2.06312            5.47334E+03
                2.07071            5.56335E+03
                2.07356            5.59682E+03
                2.07783            5.64813E+03
                2.08423            5.72383E+03
                2.09063            5.79567E+03
                2.09703            5.86212E+03
                2.10663            5.94394E+03
                2.12102            6.00147E+03
                2.1354             5.9778E+03 
                2.14978            5.87434E+03
                2.17132            5.60209E+03
                2.2036             5.15201E+03
                2.21166            5.02974E+03
                2.21972            4.91296E+03
                2.22777            4.79782E+03
                2.23079            4.75338E+03
                2.23531            4.69192E+03
                2.2421             4.61248E+03
                2.25228            4.52823E+03
                2.26752            4.43832E+03
                2.29036            4.29191E+03
                2.29891            4.2252E+03 
                2.31173            4.13156E+03
                2.31653            4.09173E+03
                2.32134            4.05527E+03
                2.32613            4.01921E+03
                2.33093            3.98291E+03
                2.33572            3.94596E+03
                2.34291            3.89307E+03
                2.35368            3.83352E+03
                2.35772            3.81047E+03
                2.35923            3.80218E+03
                2.3615             3.79324E+03
                2.3649             3.7835E+03 
                2.37               3.77449E+03
                2.37765            3.76584E+03
                2.38911            3.7442E+03 
                2.40627            3.68234E+03
                2.43194            3.59456E+03
                2.47028            3.55215E+03
                2.47387            3.52434E+03
                2.47924            3.51818E+03
                2.48125            3.51451E+03
                2.48427            3.51323E+03
                2.4888             3.51388E+03
                2.49219            3.51382E+03
                2.49728            3.51839E+03
                2.50236            3.5239E+03 
                2.50744            3.53072E+03
                2.51505            3.54367E+03
                2.52645            3.55939E+03
                2.54351            3.57072E+03
                2.5499             3.56226E+03
                2.55229            3.55851E+03
                2.55588            3.55824E+03
                2.56125            3.55803E+03
                2.56931            3.55716E+03
                2.58137            3.56057E+03
                2.58589            3.55469E+03
                2.58758            3.55234E+03
                2.59012            3.55341E+03
                2.59392            3.55718E+03
                2.59772            3.56112E+03
                2.60152            3.5663E+03 
                2.60532            3.57298E+03
                2.60911            3.58131E+03
                2.6148             3.60035E+03
                2.62331            3.63884E+03
                2.63606            3.68815E+03
                2.65512            3.68631E+03
                2.68357            3.59902E+03
                2.69065            3.54774E+03
                2.69773            3.51724E+03
                2.70038            3.5017E+03 
                2.70435            3.48644E+03
                2.70584            3.47833E+03
                2.70807            3.46987E+03
                2.71141            3.45917E+03
                2.71642            3.4461E+03 
                2.72393            3.4342E+03 
                2.73517            3.43274E+03
                2.75197            3.45113E+03
                2.77703            3.47494E+03
                2.80193            3.46758E+03
                2.82666            3.44768E+03
                2.86343            3.45237E+03
                2.91782            3.58204E+03
                2.99756            3.99444E+03
                3.11269            4.57737E+03
                3.27424            4.89719E+03
                3.48832            4.87523E+03
                3.73845            4.9057E+03 
                3.89949            4.97364E+03
                3.97888            5.04526E+03
                3.99079            4.96404E+03
                3.99375            5.00439E+03
                3.99468            5.02288E+03
                3.99589            5.08447E+03
                3.9963             5.07876E+03
                3.99644            5.07611E+03
                3.99665            5.08368E+03
                3.99673            5.08258E+03
                3.99684            5.08624E+03
                3.99701            5.0926E+03 
                3.99707            5.09176E+03
                3.99716            5.0947E+03 
                3.99729            5.09999E+03
                3.99741            5.10383E+03
                3.99753            5.10727E+03
                3.99765            5.11032E+03
                3.99777            5.11295E+03
                3.99793            5.11796E+03
                3.99809            5.12067E+03
                3.99824            5.1232E+03 
                3.99838            5.12593E+03
                3.99851            5.12895E+03
                3.9987             5.13548E+03
                3.99895            5.13636E+03
                3.99903            5.12745E+03
                3.99911            5.12252E+03
                3.99919            5.11569E+03
                3.99926            5.10629E+03
                3.99933            5.09433E+03
                3.99942            5.074E+03  
                3.99945            5.06263E+03
                3.9995             5.04971E+03
                3.99954            5.03634E+03
                3.99958            5.02321E+03
                3.9996             5.01709E+03
                3.99962            5.01006E+03
                3.99963            5.00685E+03
                3.99964            5.00288E+03
                3.99966            4.9974E+03 
                3.99968            4.98932E+03
                3.99971            4.97753E+03
                3.99976            4.96262E+03
                3.99978            4.95536E+03
                3.99978            4.95264E+03
                3.99979            4.94985E+03
                3.9998             4.94662E+03
                3.99982            4.94312E+03
                3.99984            4.94047E+03
                3.99986            4.93893E+03
                3.99988            4.93912E+03
                3.9999             4.94087E+03
                3.99991            4.93987E+03
                3.99993            4.9404E+03 
                3.99993            4.93981E+03
                3.99994            4.93967E+03
                3.99995            4.93881E+03
                3.99996            4.93471E+03
                3.99997            4.92927E+03
                3.99997            4.92238E+03
                3.99998            4.91392E+03
                3.99998            4.90402E+03
                3.99999            4.89291E+03
                3.99999            4.87456E+03
                4.                 4.84575E+03
                4.                 4.81077E+03
                4.                 4.79124E+03




