
                  X              uf-45-exp    

                0.                -0.         
               39.94E-09           1.05619E-03
              319.041E-09          7.76202E-03
                1.70601E-06       36.7966E-03 
                7.53894E-06      155.94E-03   
               29.9775E-06       610.084E-03  
              111.812E-06          2.26048    
              399.954E-06          8.0623     
                1.38837E-03       27.9457     
                4.70264E-03       94.5689     
               15.5512E-03       312.534      
               49.9952E-03         1.0044E+03 
              154.626E-03          3.10593E+03
              450.699E-03          9.05246E+03
              605.155E-03         12.1494E+03 
              647.241E-03         12.9555E+03 
              657.971E-03         13.152E+03  
              668.784E-03         13.3427E+03 
              679.679E-03         13.5283E+03 
              690.656E-03         13.7009E+03 
              693.413E-03         13.7408E+03 
              696.175E-03         13.7788E+03 
              700.327E-03         13.8324E+03 
              701.887E-03         13.8511E+03 
              702.472E-03         13.8578E+03 
              703.351E-03         13.8672E+03 
              704.67E-03          13.8799E+03 
              705.99E-03          13.8912E+03 
              707.311E-03         13.9016E+03 
              708.633E-03         13.9113E+03 
              709.129E-03         13.9149E+03 
              709.873E-03         13.9201E+03 
              710.991E-03         13.9281E+03 
              712.668E-03         13.9412E+03 
              713.298E-03         13.9463E+03 
              714.242E-03         13.9537E+03 
              714.597E-03         13.9565E+03 
              715.129E-03         13.9606E+03 
              715.927E-03         13.9668E+03 
              717.125E-03         13.976E+03  
              718.323E-03         13.9834E+03 
              719.523E-03         13.9841E+03 
              720.723E-03         13.9666E+03 
              721.925E-03         13.9255E+03 
              723.127E-03         13.8793E+03 
              724.331E-03         13.8435E+03 
              725.535E-03         13.822E+03  
              726.74E-03          13.8061E+03 
              727.946E-03         13.7801E+03 
              729.153E-03         13.7419E+03 
              730.36E-03          13.7122E+03 
              732.174E-03         13.6969E+03 
              734.898E-03         13.6936E+03 
              738.992E-03         13.7071E+03 
              745.153E-03         13.7099E+03 
              754.436E-03         13.7002E+03 
              755.309E-03         13.6994E+03 
              756.62E-03          13.691E+03  
              757.111E-03         13.6864E+03 
              757.849E-03         13.671E+03  
              758.956E-03         13.5979E+03 
              759.372E-03         13.5608E+03 
              759.995E-03         13.4641E+03 
              760.229E-03         13.4209E+03 
              760.579E-03         13.3341E+03 
              760.711E-03         13.2981E+03 
              760.908E-03         13.2341E+03 
              761.204E-03         13.0962E+03 
              761.315E-03         13.0372E+03 
              761.482E-03         12.9254E+03 
              761.732E-03         12.6668E+03 
              761.825E-03         12.5547E+03 
              761.966E-03         12.344E+03  
              762.177E-03         11.9057E+03 
              762.493E-03         10.9717E+03 
              762.968E-03          9.37477E+03
              763.68E-03           7.8939E+03 
              763.947E-03          7.51979E+03
              764.348E-03          7.38553E+03
              764.95E-03           7.74594E+03
              765.852E-03          8.43051E+03
              767.207E-03          8.8489E+03 
              769.241E-03          8.77855E+03
              771.277E-03          8.57601E+03
              773.316E-03          8.38009E+03
              773.826E-03          8.33186E+03
              774.336E-03          8.28423E+03
              775.102E-03          8.21079E+03
              776.251E-03          8.09744E+03
              776.682E-03          8.05479E+03
              777.328E-03          7.99344E+03
              778.299E-03          7.91154E+03
              779.27E-03           7.8045E+03 
              779.513E-03          7.77528E+03
              779.756E-03          7.74196E+03
              780.12E-03           7.66951E+03
              780.257E-03          7.63829E+03
              780.462E-03          7.57674E+03
              780.77E-03           7.38789E+03
              781.231E-03          6.61523E+03
              781.924E-03          4.68881E+03
              782.183E-03          3.90281E+03
              782.573E-03          2.7647E+03 
              783.158E-03          1.50095E+03
              784.035E-03        721.909      
              784.364E-03        577.866      
              784.858E-03        619.884      
              785.599E-03        961.806      
              786.711E-03          1.49598E+03
              788.381E-03          1.87043E+03
              790.888E-03          1.7035E+03 
              794.655E-03          1.15337E+03
              800.32E-03         870.34       
              808.85E-03           1.09519E+03
              821.719E-03          1.44579E+03
              826.567E-03          1.53922E+03
              828.388E-03          1.56738E+03
              829.072E-03          1.57689E+03
              829.328E-03          1.58031E+03
              829.713E-03          1.58504E+03
              829.857E-03          1.58678E+03
              830.073E-03          1.58924E+03
              830.398E-03          1.59262E+03
              830.885E-03          1.59612E+03
              831.616E-03          1.5904E+03 
              832.712E-03          1.56593E+03
              834.358E-03          1.54528E+03
              836.83E-03           1.52548E+03
              840.544E-03          1.47424E+03
              846.127E-03          1.39343E+03
              854.531E-03          1.34434E+03
              867.203E-03          1.3736E+03 
              871.975E-03          1.39231E+03
              879.154E-03          1.41674E+03
              889.967E-03          1.40116E+03
              900.835E-03          1.38764E+03
              911.757E-03          1.37901E+03
              915.867E-03          1.37687E+03
              922.045E-03          1.37527E+03
              924.366E-03          1.37471E+03
              925.237E-03          1.37443E+03
              926.545E-03          1.37359E+03
              927.035E-03          1.37325E+03
              927.219E-03          1.37311E+03
              927.495E-03          1.37286E+03
              927.909E-03          1.37243E+03
              928.064E-03          1.37227E+03
              928.297E-03          1.372E+03  
              928.646E-03          1.37153E+03
              928.996E-03          1.37086E+03
              929.345E-03          1.36957E+03




