
                  X              uf-45-lin    

                0.                -0.         
               39.94E-09           1.05619E-03
              319.041E-09          7.76202E-03
                1.70601E-06       36.7966E-03 
                7.53894E-06      155.94E-03   
               29.9775E-06       610.084E-03  
              111.812E-06          2.26048    
              399.954E-06          8.0623     
                1.38837E-03       27.9457     
                4.70264E-03       94.5689     
               15.5512E-03       312.534      
               49.9952E-03         1.0044E+03 
              154.626E-03          3.10593E+03
              450.699E-03          9.05246E+03
              487.177E-03          9.78583E+03
              544.587E-03         10.9386E+03 
              566.935E-03         11.3876E+03 
              569.052E-03         11.4305E+03 
              572.236E-03         11.494E+03  
              572.535E-03         11.5002E+03 
              572.984E-03         11.5091E+03 
              573.152E-03         11.5125E+03 
              573.168E-03         11.5128E+03 
              573.191E-03         11.5133E+03 
              573.227E-03         11.514E+03  
              573.253E-03         11.5145E+03 
              573.293E-03         11.5153E+03 
              573.308E-03         11.5156E+03 
              573.331E-03         11.5161E+03 
              573.364E-03         11.5167E+03 
              573.377E-03         11.517E+03  
              573.396E-03         11.5174E+03 
              573.403E-03         11.5175E+03 
              573.414E-03         11.5177E+03 
              573.43E-03          11.5181E+03 
              573.454E-03         11.5185E+03 
              573.478E-03         11.519E+03  
              573.502E-03         11.5195E+03 
              573.538E-03         11.5202E+03 
              573.592E-03         11.5213E+03 
              573.673E-03         11.5229E+03 
              573.794E-03         11.5253E+03 
              573.976E-03         11.5289E+03 
              574.25E-03          11.5342E+03 
              574.352E-03         11.5362E+03 
              574.391E-03         11.5369E+03 
              574.405E-03         11.5372E+03 
              574.427E-03         11.5376E+03 
              574.459E-03         11.5382E+03 
              574.471E-03         11.5385E+03 
              574.49E-03          11.5388E+03 
              574.517E-03         11.5393E+03 
              574.527E-03         11.5395E+03 
              574.543E-03         11.5398E+03 
              574.566E-03         11.5403E+03 
              574.601E-03         11.5409E+03 
              574.652E-03         11.5419E+03 
              574.731E-03         11.5433E+03 
              574.848E-03         11.5455E+03 
              575.023E-03         11.5489E+03 
              575.286E-03         11.5538E+03 
              575.681E-03         11.5612E+03 
              576.274E-03         11.5728E+03 
              577.164E-03         11.5908E+03 
              577.247E-03         11.5925E+03 
              577.279E-03         11.5932E+03 
              577.326E-03         11.5941E+03 
              577.343E-03         11.5945E+03 
              577.37E-03          11.595E+03  
              577.409E-03         11.5958E+03 
              577.419E-03         11.596E+03  
              577.429E-03         11.5962E+03 
              577.444E-03         11.5965E+03 
              577.466E-03         11.597E+03  
              577.475E-03         11.5972E+03 
              577.487E-03         11.5974E+03 
              577.506E-03         11.5978E+03 
              577.534E-03         11.5984E+03 
              577.555E-03         11.5988E+03 
              577.587E-03         11.5995E+03 
              577.599E-03         11.5997E+03 
              577.617E-03         11.6001E+03 
              577.644E-03         11.6006E+03 
              577.654E-03         11.6008E+03 
              577.669E-03         11.6011E+03 
              577.691E-03         11.6016E+03 
              577.7E-03           11.6018E+03 
              577.712E-03         11.602E+03  
              577.732E-03         11.6024E+03 
              577.76E-03          11.603E+03  
              577.771E-03         11.6032E+03 
              577.787E-03         11.6035E+03 
              577.811E-03         11.604E+03  
              577.847E-03         11.6048E+03 
              577.861E-03         11.6051E+03 
              577.881E-03         11.6055E+03 
              577.912E-03         11.6061E+03 
              577.923E-03         11.6063E+03 
              577.94E-03          11.6067E+03 
              577.966E-03         11.6072E+03 
              577.976E-03         11.6074E+03 
              577.99E-03          11.6077E+03 
              578.012E-03         11.6081E+03 
              578.045E-03         11.6088E+03 
              578.057E-03         11.6091E+03 
              578.075E-03         11.6094E+03 
              578.103E-03         11.61E+03   
              578.113E-03         11.6102E+03 
              578.129E-03         11.6105E+03 
              578.152E-03         11.6109E+03 
              578.187E-03         11.6116E+03 
              578.221E-03         11.6122E+03 
              578.256E-03         11.6128E+03 
              578.291E-03         11.6134E+03 
              578.304E-03         11.6136E+03 
              578.324E-03         11.6138E+03 
              578.353E-03         11.6142E+03 
              578.364E-03         11.6143E+03 
              578.381E-03         11.6145E+03 
              578.406E-03         11.6148E+03 
              578.443E-03         11.6152E+03 
              578.457E-03         11.6153E+03 
              578.478E-03         11.6155E+03 
              578.509E-03         11.6158E+03 
              578.521E-03         11.6159E+03 
              578.538E-03         11.616E+03  
              578.565E-03         11.6163E+03 
              578.605E-03         11.6167E+03 
              578.62E-03          11.6168E+03 
              578.642E-03         11.6171E+03 
              578.675E-03         11.6175E+03 
              578.688E-03         11.6177E+03 
              578.707E-03         11.618E+03  
              578.735E-03         11.6184E+03 
              578.778E-03         11.6192E+03 
              578.794E-03         11.6195E+03 
              578.817E-03         11.62E+03   
              578.853E-03         11.6208E+03 
              578.907E-03         11.6221E+03 
              578.927E-03         11.6225E+03 
              578.957E-03         11.6233E+03 
              579.003E-03         11.6244E+03 
              579.02E-03          11.6249E+03 
              579.045E-03         11.6255E+03 
              579.083E-03         11.6264E+03 
              579.141E-03         11.6278E+03 
              579.162E-03         11.6283E+03 
              579.195E-03         11.629E+03  
              579.243E-03         11.63E+03   
              579.261E-03         11.6304E+03 
              579.288E-03         11.631E+03  
              579.329E-03         11.6319E+03 
              579.391E-03         11.6332E+03 
              579.413E-03         11.6337E+03 
              579.448E-03         11.6344E+03 
              579.5E-03           11.6355E+03 
              579.519E-03         11.636E+03  
              579.548E-03         11.6366E+03 
              579.592E-03         11.6377E+03 
              579.657E-03         11.6392E+03 
              579.682E-03         11.6398E+03 
              579.719E-03         11.6408E+03 
              579.774E-03         11.6421E+03 
              579.795E-03         11.6427E+03 
              579.826E-03         11.6435E+03 
              579.872E-03         11.6446E+03 
              579.89E-03          11.6451E+03 
              579.916E-03         11.6457E+03 
              579.955E-03         11.6467E+03 
              580.014E-03         11.6482E+03 
              580.036E-03         11.6487E+03 
              580.07E-03          11.6496E+03 
              580.119E-03         11.6508E+03 
              580.138E-03         11.6512E+03 
              580.166E-03         11.6519E+03 
              580.208E-03         11.6529E+03 
              580.271E-03         11.6544E+03 
              580.295E-03         11.6549E+03 
              580.33E-03          11.6558E+03 
              580.383E-03         11.657E+03  
              580.403E-03         11.6575E+03 
              580.433E-03         11.6581E+03 
              580.478E-03         11.6592E+03 
              580.545E-03         11.6606E+03 
              580.571E-03         11.6612E+03 
              580.608E-03         11.662E+03  
              580.665E-03         11.6631E+03 
              580.687E-03         11.6636E+03 
              580.718E-03         11.6642E+03 
              580.766E-03         11.6651E+03 
              580.784E-03         11.6654E+03 
              580.811E-03         11.6659E+03 
              580.852E-03         11.6667E+03 
              580.912E-03         11.6677E+03 
              581.003E-03         11.6693E+03 
              581.14E-03          11.6715E+03 
              581.191E-03         11.6724E+03 
              581.21E-03          11.6727E+03 
              581.239E-03         11.6732E+03 
              581.282E-03         11.6739E+03 
              581.347E-03         11.675E+03  
              581.371E-03         11.6754E+03 
              581.408E-03         11.676E+03  
              581.463E-03         11.6769E+03 
              581.483E-03         11.6772E+03 
              581.514E-03         11.6777E+03 
              581.56E-03          11.6785E+03 
              581.577E-03         11.6788E+03 
              581.603E-03         11.6792E+03 
              581.642E-03         11.6799E+03 
              581.701E-03         11.6808E+03 
              581.788E-03         11.6823E+03 
              581.92E-03          11.6845E+03 
              581.969E-03         11.6853E+03 
              581.987E-03         11.6856E+03 
              582.015E-03         11.6861E+03 
              582.057E-03         11.6867E+03 
              582.119E-03         11.6878E+03 
              582.213E-03         11.6894E+03 
              582.248E-03         11.69E+03   
              582.261E-03         11.6902E+03 
              582.281E-03         11.6906E+03 
              582.31E-03          11.6911E+03 
              582.355E-03         11.6919E+03 
              582.421E-03         11.6931E+03 
              582.446E-03         11.6935E+03 
              582.484E-03         11.6942E+03 
              582.54E-03          11.6952E+03 
              582.561E-03         11.6956E+03 
              582.593E-03         11.6962E+03 
              582.64E-03          11.6971E+03 
              582.712E-03         11.6985E+03 
              582.738E-03         11.6991E+03 
              582.778E-03         11.6999E+03 
              582.838E-03         11.7011E+03 
              582.861E-03         11.7015E+03 
              582.895E-03         11.7022E+03 
              582.945E-03         11.7033E+03 
              582.964E-03         11.7037E+03 
              582.993E-03         11.7043E+03 
              583.036E-03         11.7052E+03 
              583.1E-03           11.7066E+03 
              583.124E-03         11.7071E+03 
              583.16E-03          11.7079E+03 
              583.214E-03         11.7091E+03 
              583.234E-03         11.7095E+03 
              583.265E-03         11.7102E+03 
              583.31E-03          11.7113E+03 
              583.328E-03         11.7117E+03 
              583.353E-03         11.7122E+03 
              583.392E-03         11.7131E+03 
              583.45E-03          11.7145E+03 
              583.536E-03         11.7165E+03 
              583.569E-03         11.7173E+03 
              583.618E-03         11.7184E+03 
              583.636E-03         11.7189E+03 
              583.664E-03         11.7195E+03 
              583.705E-03         11.7205E+03 
              583.766E-03         11.722E+03  
              583.79E-03          11.7226E+03 
              583.824E-03         11.7234E+03 
              583.876E-03         11.7247E+03 
              583.896E-03         11.7252E+03 
              583.925E-03         11.7259E+03 
              583.969E-03         11.7269E+03 
              584.035E-03         11.7285E+03 
              584.06E-03          11.7291E+03 
              584.097E-03         11.73E+03   
              584.153E-03         11.7313E+03 
              584.174E-03         11.7318E+03 
              584.205E-03         11.7326E+03 
              584.252E-03         11.7337E+03 
              584.322E-03         11.7353E+03 
              584.349E-03         11.7359E+03 
              584.388E-03         11.7368E+03 
              584.448E-03         11.7382E+03 
              584.47E-03          11.7387E+03 
              584.504E-03         11.7394E+03 
              584.554E-03         11.7405E+03 
              584.573E-03         11.7409E+03 
              584.601E-03         11.7415E+03 
              584.643E-03         11.7424E+03 
              584.707E-03         11.7438E+03 
              584.731E-03         11.7443E+03 
              584.766E-03         11.745E+03  
              584.82E-03          11.7461E+03 
              584.84E-03          11.7465E+03 
              584.87E-03          11.7471E+03 
              584.915E-03         11.748E+03  
              584.983E-03         11.7494E+03 
              585.009E-03         11.7499E+03 
              585.047E-03         11.7506E+03 
              585.104E-03         11.7517E+03 
              585.125E-03         11.7521E+03 
              585.158E-03         11.7526E+03 
              585.206E-03         11.7535E+03 
              585.224E-03         11.7538E+03 
              585.251E-03         11.7543E+03 
              585.292E-03         11.7551E+03 
              585.353E-03         11.7561E+03 
              585.445E-03         11.7577E+03 
              585.479E-03         11.7582E+03 
              585.492E-03         11.7585E+03 
              585.512E-03         11.7588E+03 
              585.541E-03         11.7593E+03 
              585.584E-03         11.76E+03   
              585.649E-03         11.7611E+03 
              585.674E-03         11.7615E+03 
              585.711E-03         11.762E+03  
              585.766E-03         11.7629E+03 
              585.786E-03         11.7633E+03 
              585.817E-03         11.7638E+03 
              585.864E-03         11.7645E+03 
              585.881E-03         11.7648E+03 
              585.908E-03         11.7652E+03 
              585.947E-03         11.7659E+03 
              586.006E-03         11.7668E+03 
              586.094E-03         11.7683E+03 
              586.226E-03         11.7706E+03 
              586.239E-03         11.7708E+03 
              586.257E-03         11.7712E+03 
              586.285E-03         11.7717E+03 
              586.327E-03         11.7724E+03 
              586.39E-03          11.7736E+03 
              586.414E-03         11.774E+03  
              586.449E-03         11.7747E+03 
              586.502E-03         11.7757E+03 
              586.542E-03         11.7764E+03 
              586.557E-03         11.7767E+03 
              586.579E-03         11.7772E+03 
              586.613E-03         11.7778E+03 
              586.663E-03         11.7788E+03 
              586.682E-03         11.7792E+03 
              586.71E-03          11.7798E+03 
              586.753E-03         11.7806E+03 
              586.817E-03         11.7819E+03 
              586.912E-03         11.7839E+03 
              586.948E-03         11.7847E+03 
              586.962E-03         11.785E+03  
              586.982E-03         11.7854E+03 
              587.012E-03         11.7861E+03 
              587.058E-03         11.7871E+03 
              587.126E-03         11.7885E+03 
              587.228E-03         11.7908E+03 
              587.266E-03         11.7916E+03 
              587.304E-03         11.7925E+03 
              587.343E-03         11.7933E+03 
              587.4E-03           11.7946E+03 
              587.422E-03         11.795E+03  
              587.454E-03         11.7958E+03 
              587.503E-03         11.7968E+03 
              587.521E-03         11.7972E+03 
              587.548E-03         11.7978E+03 
              587.589E-03         11.7987E+03 
              587.65E-03          11.8001E+03 
              587.673E-03         11.8006E+03 
              587.708E-03         11.8013E+03 
              587.76E-03          11.8024E+03 
              587.779E-03         11.8028E+03 
              587.808E-03         11.8035E+03 
              587.852E-03         11.8044E+03 
              587.917E-03         11.8058E+03 
              588.016E-03         11.8078E+03 
              588.053E-03         11.8086E+03 
              588.09E-03          11.8094E+03 
              588.127E-03         11.8101E+03 
              588.14E-03          11.8104E+03 
              588.161E-03         11.8108E+03 
              588.192E-03         11.8115E+03 
              588.239E-03         11.8124E+03 
              588.309E-03         11.8138E+03 
              588.335E-03         11.8143E+03 
              588.375E-03         11.8151E+03 
              588.434E-03         11.8163E+03 
              588.456E-03         11.8167E+03 
              588.489E-03         11.8174E+03 
              588.539E-03         11.8184E+03 
              588.558E-03         11.8187E+03 
              588.586E-03         11.8193E+03 
              588.628E-03         11.8201E+03 
              588.691E-03         11.8213E+03 
              588.715E-03         11.8218E+03 
              588.75E-03          11.8225E+03 
              588.803E-03         11.8235E+03 
              588.823E-03         11.8239E+03 
              588.853E-03         11.8245E+03 
              588.898E-03         11.8254E+03 
              588.966E-03         11.8267E+03 
              588.991E-03         11.8272E+03 
              589.029E-03         11.828E+03  
              589.086E-03         11.8291E+03 
              589.107E-03         11.8295E+03 
              589.139E-03         11.8302E+03 
              589.187E-03         11.8312E+03 
              589.205E-03         11.8315E+03 
              589.232E-03         11.8321E+03 
              589.273E-03         11.8329E+03 
              589.334E-03         11.8341E+03 
              589.425E-03         11.836E+03  
              589.459E-03         11.8367E+03 
              589.472E-03         11.8369E+03 
              589.491E-03         11.8373E+03 
              589.52E-03          11.8379E+03 
              589.563E-03         11.8388E+03 
              589.628E-03         11.8402E+03 
              589.652E-03         11.8407E+03 
              589.689E-03         11.8414E+03 
              589.744E-03         11.8426E+03 
              589.764E-03         11.843E+03  
              589.795E-03         11.8437E+03 
              589.841E-03         11.8446E+03 
              589.91E-03          11.8461E+03 
              589.937E-03         11.8466E+03 
              589.975E-03         11.8474E+03 
              589.99E-03          11.8477E+03 
              590.012E-03         11.8482E+03 
              590.045E-03         11.8489E+03 
              590.094E-03         11.8499E+03 
              590.168E-03         11.8514E+03 
              590.196E-03         11.852E+03  
              590.238E-03         11.8529E+03 
              590.3E-03           11.8542E+03 
              590.324E-03         11.8547E+03 
              590.359E-03         11.8554E+03 
              590.412E-03         11.8565E+03 
              590.431E-03         11.8569E+03 
              590.461E-03         11.8575E+03 
              590.506E-03         11.8584E+03 
              590.572E-03         11.8598E+03 
              590.597E-03         11.8603E+03 
              590.635E-03         11.8611E+03 
              590.691E-03         11.8622E+03 
              590.712E-03         11.8626E+03 
              590.744E-03         11.8633E+03 
              590.792E-03         11.8643E+03 
              590.809E-03         11.8646E+03 
              590.836E-03         11.8652E+03 
              590.876E-03         11.866E+03  
              590.936E-03         11.8672E+03 
              591.027E-03         11.869E+03  
              591.162E-03         11.8717E+03 
              591.175E-03         11.8719E+03 
              591.194E-03         11.8723E+03 
              591.222E-03         11.8729E+03 
              591.233E-03         11.8731E+03 
              591.249E-03         11.8734E+03 
              591.273E-03         11.8739E+03 
              591.309E-03         11.8746E+03 
              591.363E-03         11.8757E+03 
              591.384E-03         11.8761E+03 
              591.414E-03         11.8766E+03 
              591.46E-03          11.8775E+03 
              591.529E-03         11.8789E+03 
              591.554E-03         11.8794E+03 
              591.593E-03         11.8801E+03 
              591.651E-03         11.8812E+03 
              591.673E-03         11.8816E+03 
              591.705E-03         11.8823E+03 
              591.754E-03         11.8832E+03 
              591.772E-03         11.8835E+03 
              591.8E-03           11.884E+03  
              591.841E-03         11.8848E+03 
              591.903E-03         11.886E+03  
              591.996E-03         11.8877E+03 
              592.135E-03         11.8903E+03 
              592.148E-03         11.8905E+03 
              592.168E-03         11.8909E+03 
              592.197E-03         11.8914E+03 
              592.208E-03         11.8916E+03 
              592.225E-03         11.892E+03  
              592.249E-03         11.8924E+03 
              592.286E-03         11.8931E+03 
              592.342E-03         11.8941E+03 
              592.363E-03         11.8945E+03 
              592.395E-03         11.8951E+03 
              592.442E-03         11.8959E+03 
              592.459E-03         11.8963E+03 
              592.486E-03         11.8968E+03 
              592.525E-03         11.8975E+03 
              592.585E-03         11.8986E+03 
              592.674E-03         11.9002E+03 
              592.708E-03         11.9009E+03 
              592.72E-03          11.9011E+03 
              592.739E-03         11.9014E+03 
              592.767E-03         11.902E+03  
              592.81E-03          11.9028E+03 
              592.873E-03         11.904E+03  
              592.897E-03         11.9044E+03 
              592.933E-03         11.9051E+03 
              592.987E-03         11.9061E+03 
              593.007E-03         11.9065E+03 
              593.037E-03         11.9071E+03 
              593.082E-03         11.908E+03  
              593.099E-03         11.9083E+03 
              593.125E-03         11.9088E+03 
              593.163E-03         11.9095E+03 
              593.22E-03          11.9107E+03 
              593.242E-03         11.9111E+03 
              593.274E-03         11.9118E+03 
              593.286E-03         11.912E+03  
              593.304E-03         11.9124E+03 
              593.332E-03         11.9129E+03 
              593.372E-03         11.9137E+03 
              593.383E-03         11.9139E+03 
              593.393E-03         11.9142E+03 
              593.408E-03         11.9145E+03 
              593.414E-03         11.9146E+03 
              593.422E-03         11.9148E+03 
              593.435E-03         11.915E+03  
              593.44E-03          11.9151E+03 
              593.448E-03         11.9153E+03 
              593.458E-03         11.9155E+03 
              593.475E-03         11.9158E+03 
              593.499E-03         11.9164E+03 
              593.536E-03         11.9171E+03 
              593.591E-03         11.9183E+03 
              593.674E-03         11.92E+03   
              593.705E-03         11.9207E+03 
              593.717E-03         11.921E+03  
              593.734E-03         11.9213E+03 
              593.76E-03          11.9219E+03 
              593.8E-03           11.9227E+03 
              593.814E-03         11.9231E+03 
              593.836E-03         11.9235E+03 
              593.87E-03          11.9243E+03 
              593.919E-03         11.9254E+03 
              593.938E-03         11.9258E+03 
              593.966E-03         11.9264E+03 
              594.008E-03         11.9273E+03 
              594.071E-03         11.9287E+03 
              594.094E-03         11.9292E+03 
              594.13E-03          11.93E+03   
              594.183E-03         11.9311E+03 
              594.203E-03         11.9316E+03 
              594.233E-03         11.9322E+03 
              594.278E-03         11.9331E+03 
              594.345E-03         11.9344E+03 
              594.37E-03          11.9349E+03 
              594.408E-03         11.9355E+03 
              594.465E-03         11.9364E+03 
              594.486E-03         11.9367E+03 
              594.518E-03         11.9371E+03 
              594.566E-03         11.9377E+03 
              594.584E-03         11.9379E+03 
              594.611E-03         11.9383E+03 
              594.651E-03         11.9387E+03 
              594.711E-03         11.9394E+03 
              594.802E-03         11.9406E+03 
              594.836E-03         11.9411E+03 
              594.888E-03         11.942E+03  
              594.907E-03         11.9423E+03 
              594.936E-03         11.9428E+03 
              594.979E-03         11.9436E+03 
              594.995E-03         11.9439E+03 
              595.019E-03         11.9444E+03 
              595.056E-03         11.9451E+03 
              595.11E-03          11.9461E+03 
              595.131E-03         11.9465E+03 
              595.161E-03         11.9471E+03 
              595.207E-03         11.9478E+03 
              595.225E-03         11.9481E+03 
              595.251E-03         11.9485E+03 
              595.29E-03          11.949E+03  
              595.304E-03         11.9492E+03 
              595.326E-03         11.9495E+03 
              595.359E-03         11.9498E+03 
              595.371E-03         11.95E+03   
              595.39E-03          11.9502E+03 
              595.417E-03         11.9504E+03 
              595.428E-03         11.9505E+03 
              595.443E-03         11.9506E+03 
              595.467E-03         11.9508E+03 
              595.502E-03         11.9511E+03 
              595.515E-03         11.9512E+03 
              595.534E-03         11.9514E+03 
              595.564E-03         11.9516E+03 
              595.575E-03         11.9517E+03 
              595.592E-03         11.9519E+03 
              595.617E-03         11.9521E+03 
              595.654E-03         11.9525E+03 
              595.71E-03          11.9533E+03 
              595.731E-03         11.9536E+03 
              595.763E-03         11.9541E+03 
              595.81E-03          11.955E+03  
              595.828E-03         11.9553E+03 
              595.855E-03         11.9559E+03 
              595.895E-03         11.9568E+03 
              595.91E-03          11.9572E+03 
              595.932E-03         11.9577E+03 
              595.966E-03         11.9586E+03 
              595.979E-03         11.959E+03  
              595.998E-03         11.9595E+03 
              596.026E-03         11.9603E+03 
              596.037E-03         11.9606E+03 
              596.053E-03         11.9611E+03 
              596.077E-03         11.9618E+03 
              596.113E-03         11.9628E+03 
              596.126E-03         11.9632E+03 
              596.147E-03         11.9638E+03 
              596.177E-03         11.9647E+03 
              596.188E-03         11.965E+03  
              596.205E-03         11.9655E+03 
              596.231E-03         11.9662E+03 
              596.27E-03          11.9672E+03 
              596.298E-03         11.9679E+03 
              596.327E-03         11.9685E+03 
              596.338E-03         11.9688E+03 
              596.354E-03         11.9691E+03 
              596.379E-03         11.9696E+03 
              596.415E-03         11.9703E+03 
              596.452E-03         11.9709E+03 
              596.488E-03         11.9715E+03 
              596.525E-03         11.972E+03  
              596.538E-03         11.9721E+03 
              596.559E-03         11.9724E+03 
              596.59E-03          11.9727E+03 
              596.601E-03         11.9728E+03 
              596.619E-03         11.9729E+03 
              596.645E-03         11.9732E+03 
              596.654E-03         11.9733E+03 
              596.669E-03         11.9734E+03 
              596.691E-03         11.9736E+03 
              596.724E-03         11.9739E+03 
              596.736E-03         11.974E+03  
              596.755E-03         11.9742E+03 
              596.783E-03         11.9745E+03 
              596.824E-03         11.9751E+03 
              596.84E-03          11.9753E+03 
              596.863E-03         11.9757E+03 
              596.898E-03         11.9764E+03 
              596.951E-03         11.9776E+03 
              596.971E-03         11.9781E+03 
              597.001E-03         11.9789E+03 
              597.045E-03         11.9801E+03 
              597.062E-03         11.9805E+03 
              597.087E-03         11.9812E+03 
              597.124E-03         11.9822E+03 
              597.181E-03         11.9835E+03 
              597.202E-03         11.984E+03  
              597.234E-03         11.9846E+03 
              597.281E-03         11.9854E+03 
              597.299E-03         11.9857E+03 
              597.326E-03         11.9861E+03 
              597.366E-03         11.9865E+03 
              597.426E-03         11.9869E+03 
              597.448E-03         11.987E+03  
              597.482E-03         11.9872E+03 
              597.533E-03         11.9874E+03 
              597.552E-03         11.9874E+03 
              597.581E-03         11.9875E+03 
              597.624E-03         11.9877E+03 
              597.64E-03          11.9877E+03 
              597.664E-03         11.9879E+03 
              597.7E-03           11.9881E+03 
              597.713E-03         11.9882E+03 
              597.734E-03         11.9884E+03 
              597.764E-03         11.9887E+03 
              597.776E-03         11.9889E+03 
              597.793E-03         11.9891E+03 
              597.819E-03         11.9895E+03 
              597.828E-03         11.9896E+03 
              597.843E-03         11.9899E+03 
              597.848E-03         11.99E+03   
              597.856E-03         11.9901E+03 
              597.868E-03         11.9903E+03 
              597.873E-03         11.9904E+03 
              597.88E-03          11.9906E+03 
              597.89E-03          11.9908E+03 
              597.906E-03         11.9911E+03 
              597.929E-03         11.9916E+03 
              597.964E-03         11.9925E+03 
              597.998E-03         11.9935E+03 
              598.033E-03         11.9945E+03 
              598.068E-03         11.9955E+03 
              598.081E-03         11.9959E+03 
              598.101E-03         11.9965E+03 
              598.13E-03          11.9974E+03 
              598.141E-03         11.9977E+03 
              598.158E-03         11.9982E+03 
              598.182E-03         11.999E+03  
              598.219E-03         12.0001E+03 
              598.257E-03         12.0011E+03 
              598.294E-03         12.0021E+03 
              598.331E-03         12.0031E+03 
              598.368E-03         12.004E+03  
              598.405E-03         12.0049E+03 
              598.442E-03         12.0057E+03 
              598.48E-03          12.0065E+03 
              598.493E-03         12.0067E+03 
              598.514E-03         12.0071E+03 
              598.546E-03         12.0076E+03 
              598.557E-03         12.0078E+03 
              598.575E-03         12.0081E+03 
              598.602E-03         12.0084E+03 
              598.641E-03         12.0087E+03 
              598.656E-03         12.0088E+03 
              598.678E-03         12.0088E+03 
              598.712E-03         12.0088E+03 
              598.725E-03         12.0088E+03 
              598.743E-03         12.0087E+03 
              598.75E-03          12.0086E+03 
              598.761E-03         12.0086E+03 
              598.765E-03         12.0085E+03 
              598.771E-03         12.0085E+03 
              598.78E-03          12.0084E+03 
              598.793E-03         12.0083E+03 
              598.813E-03         12.0081E+03 
              598.844E-03         12.0078E+03 
              598.855E-03         12.0076E+03 
              598.872E-03         12.0075E+03 
              598.897E-03         12.0072E+03 
              598.936E-03         12.0071E+03 
              598.993E-03         12.0077E+03 
              599.014E-03         12.008E+03  
              599.047E-03         12.0087E+03 
              599.095E-03         12.0103E+03 
              599.113E-03         12.0109E+03 
              599.14E-03          12.012E+03  
              599.181E-03         12.0139E+03 
              599.242E-03         12.0168E+03 
              599.265E-03         12.0178E+03 
              599.3E-03           12.0194E+03 
              599.351E-03         12.0214E+03 
              599.371E-03         12.0222E+03 
              599.4E-03           12.0231E+03 
              599.443E-03         12.0243E+03 
              599.46E-03          12.0247E+03 
              599.484E-03         12.0251E+03 
              599.521E-03         12.0256E+03 
              599.535E-03         12.0257E+03 
              599.555E-03         12.0258E+03 
              599.586E-03         12.0258E+03 
              599.598E-03         12.0257E+03 
              599.616E-03         12.0256E+03 
              599.642E-03         12.0254E+03 
              599.681E-03         12.0248E+03 
              599.696E-03         12.0246E+03 
              599.718E-03         12.0242E+03 
              599.751E-03         12.0237E+03 
              599.763E-03         12.0234E+03 
              599.782E-03         12.0231E+03 
              599.81E-03          12.0228E+03 
              599.852E-03         12.0225E+03 
              599.915E-03         12.0229E+03 
              599.938E-03         12.0232E+03 
              599.974E-03         12.0239E+03 
              600.027E-03         12.0255E+03 
              600.047E-03         12.0262E+03 
              600.077E-03         12.0273E+03 
              600.121E-03         12.0292E+03 
              600.138E-03         12.0299E+03 
              600.163E-03         12.031E+03  
              600.201E-03         12.0327E+03 
              600.215E-03         12.0333E+03 
              600.237E-03         12.0342E+03 
              600.269E-03         12.0355E+03 
              600.316E-03         12.0373E+03 
              600.388E-03         12.0396E+03 
              600.415E-03         12.0404E+03 
              600.455E-03         12.0416E+03 
              600.516E-03         12.0432E+03 
              600.539E-03         12.0438E+03 
              600.573E-03         12.0447E+03 
              600.624E-03         12.0461E+03 
              600.643E-03         12.0466E+03 
              600.672E-03         12.0474E+03 
              600.715E-03         12.0487E+03 
              600.731E-03         12.0491E+03 
              600.755E-03         12.0499E+03 
              600.792E-03         12.051E+03  
              600.846E-03         12.0528E+03 
              600.928E-03         12.0556E+03 
              600.959E-03         12.0566E+03 
              601.005E-03         12.0581E+03 
              601.022E-03         12.0587E+03 
              601.048E-03         12.0595E+03 
              601.087E-03         12.0607E+03 
              601.145E-03         12.0625E+03 
              601.167E-03         12.0631E+03 
              601.2E-03           12.064E+03  
              601.249E-03         12.0653E+03 
              601.268E-03         12.0658E+03 
              601.295E-03         12.0665E+03 
              601.337E-03         12.0676E+03 
              601.399E-03         12.0691E+03 
              601.422E-03         12.0697E+03 
              601.457E-03         12.0705E+03 
              601.51E-03          12.0718E+03 
              601.53E-03          12.0723E+03 
              601.559E-03         12.073E+03  
              601.604E-03         12.0741E+03 
              601.67E-03          12.0757E+03 
              601.695E-03         12.0763E+03 
              601.732E-03         12.0771E+03 
              601.789E-03         12.0783E+03 
              601.81E-03          12.0788E+03 
              601.841E-03         12.0794E+03 
              601.889E-03         12.0802E+03 
              601.906E-03         12.0805E+03 
              601.933E-03         12.0809E+03 
              601.973E-03         12.0815E+03 
              602.033E-03         12.0821E+03 
              602.055E-03         12.0823E+03 
              602.089E-03         12.0826E+03 
              602.14E-03          12.0829E+03 
              602.159E-03         12.083E+03  
              602.187E-03         12.0831E+03 
              602.23E-03          12.0833E+03 
              602.294E-03         12.0834E+03 
              602.318E-03         12.0834E+03 
              602.354E-03         12.0834E+03 
              602.408E-03         12.0835E+03 
              602.428E-03         12.0835E+03 
              602.459E-03         12.0835E+03 
              602.504E-03         12.0835E+03 
              602.573E-03         12.0835E+03 
              602.598E-03         12.0835E+03 
              602.637E-03         12.0836E+03 
              602.694E-03         12.0836E+03 
              602.716E-03         12.0837E+03 
              602.748E-03         12.0837E+03 
              602.797E-03         12.0838E+03 
              602.815E-03         12.0839E+03 
              602.843E-03         12.0839E+03 
              602.884E-03         12.0841E+03 
              602.945E-03         12.0843E+03 
              602.969E-03         12.0844E+03 
              603.003E-03         12.0845E+03 
              603.055E-03         12.0848E+03 
              603.075E-03         12.0849E+03 
              603.104E-03         12.085E+03  
              603.148E-03         12.0853E+03 
              603.214E-03         12.0858E+03 
              603.239E-03         12.0859E+03 
              603.276E-03         12.0862E+03 
              603.331E-03         12.0868E+03 
              603.352E-03         12.087E+03  
              603.383E-03         12.0873E+03 
              603.43E-03          12.0879E+03 
              603.448E-03         12.0881E+03 
              603.474E-03         12.0884E+03 
              603.514E-03         12.089E+03  
              603.573E-03         12.09E+03   
              603.595E-03         12.0903E+03 
              603.629E-03         12.0909E+03 
              603.679E-03         12.0919E+03 
              603.697E-03         12.0923E+03 
              603.726E-03         12.0929E+03 
              603.768E-03         12.0939E+03 
              603.831E-03         12.0955E+03 
              603.855E-03         12.0962E+03 
              603.891E-03         12.0971E+03 
              603.944E-03         12.0987E+03 
              603.964E-03         12.0993E+03 
              603.994E-03         12.1002E+03 
              604.039E-03         12.1017E+03 
              604.107E-03         12.1039E+03 
              604.209E-03         12.1075E+03 
              604.247E-03         12.1089E+03 
              604.304E-03         12.111E+03  
              604.325E-03         12.1118E+03 
              604.357E-03         12.113E+03  
              604.406E-03         12.1149E+03 
              604.424E-03         12.1156E+03 
              604.451E-03         12.1166E+03 
              604.491E-03         12.1182E+03 
              604.552E-03         12.1206E+03 
              604.575E-03         12.1215E+03 
              604.61E-03          12.1228E+03 
              604.661E-03         12.1248E+03 
              604.68E-03          12.1256E+03 
              604.709E-03         12.1267E+03 
              604.753E-03         12.1284E+03 
              604.818E-03         12.1309E+03 
              604.842E-03         12.1318E+03 
              604.879E-03         12.1332E+03 
              604.934E-03         12.1353E+03 
              605.017E-03         12.1383E+03 
              605.047E-03         12.1394E+03 
              605.094E-03         12.141E+03  
              605.111E-03         12.1416E+03 
              605.137E-03         12.1425E+03 
              605.177E-03         12.1438E+03 
              605.235E-03         12.1457E+03 
              605.323E-03         12.1484E+03 
              605.356E-03         12.1494E+03 
              605.406E-03         12.1508E+03 
              605.425E-03         12.1513E+03 
              605.452E-03         12.152E+03  
              605.494E-03         12.1531E+03 
              605.557E-03         12.1546E+03 
              605.581E-03         12.1552E+03 
              605.616E-03         12.156E+03  
              605.669E-03         12.1571E+03 
              605.689E-03         12.1575E+03 
              605.718E-03         12.1581E+03 
              605.763E-03         12.1589E+03 
              605.83E-03          12.16E+03   
              605.855E-03         12.1604E+03 
              605.893E-03         12.161E+03  
              605.949E-03         12.1618E+03 
              605.971E-03         12.1621E+03 
              606.003E-03         12.1625E+03 
              606.05E-03          12.163E+03  
              606.122E-03         12.1638E+03 
              606.149E-03         12.164E+03  
              606.189E-03         12.1644E+03 
              606.204E-03         12.1645E+03 
              606.227E-03         12.1647E+03 
              606.261E-03         12.165E+03  
              606.312E-03         12.1654E+03 
              606.388E-03         12.166E+03  
              606.417E-03         12.1662E+03 
              606.46E-03          12.1665E+03 
              606.524E-03         12.1669E+03 
              606.548E-03         12.167E+03  
              606.585E-03         12.1673E+03 
              606.639E-03         12.1676E+03 
              606.66E-03          12.1677E+03 
              606.69E-03          12.1679E+03 
              606.736E-03         12.1682E+03 
              606.805E-03         12.1687E+03 
              606.831E-03         12.1688E+03 
              606.87E-03          12.1691E+03 
              606.928E-03         12.1695E+03 
              606.95E-03          12.1697E+03 
              606.982E-03         12.1699E+03 
              607.031E-03         12.1703E+03 
              607.05E-03          12.1705E+03 
              607.077E-03         12.1707E+03 
              607.119E-03         12.1711E+03 
              607.181E-03         12.1718E+03 
              607.204E-03         12.172E+03  
              607.239E-03         12.1724E+03 
              607.292E-03         12.173E+03  
              607.311E-03         12.1733E+03 
              607.341E-03         12.1736E+03 
              607.385E-03         12.1742E+03 
              607.451E-03         12.1752E+03 
              607.551E-03         12.1769E+03 
              607.588E-03         12.1775E+03 
              607.644E-03         12.1786E+03 
              607.665E-03         12.179E+03  
              607.696E-03         12.1796E+03 
              607.744E-03         12.1806E+03 
              607.761E-03         12.1809E+03 
              607.788E-03         12.1815E+03 
              607.828E-03         12.1824E+03 
              607.888E-03         12.1837E+03 
              607.977E-03         12.1859E+03 
              608.011E-03         12.1867E+03 
              608.061E-03         12.1879E+03 
              608.08E-03          12.1884E+03 
              608.109E-03         12.1891E+03 
              608.151E-03         12.1902E+03 
              608.215E-03         12.1919E+03 
              608.239E-03         12.1925E+03 
              608.275E-03         12.1934E+03 
              608.329E-03         12.1949E+03 
              608.349E-03         12.1954E+03 
              608.379E-03         12.1962E+03 
              608.425E-03         12.1974E+03 
              608.493E-03         12.1993E+03 
              608.519E-03         12.1999E+03 
              608.557E-03         12.201E+03  
              608.615E-03         12.2025E+03 
              608.636E-03         12.203E+03  
              608.669E-03         12.2039E+03 
              608.717E-03         12.2052E+03 
              608.735E-03         12.2056E+03 
              608.763E-03         12.2063E+03 
              608.804E-03         12.2074E+03 
              608.865E-03         12.2089E+03 
              608.957E-03         12.2112E+03 
              608.992E-03         12.212E+03  
              609.044E-03         12.2132E+03 
              609.063E-03         12.2137E+03 
              609.092E-03         12.2144E+03 
              609.136E-03         12.2154E+03 
              609.202E-03         12.2168E+03 
              609.227E-03         12.2174E+03 
              609.263E-03         12.2182E+03 
              609.319E-03         12.2194E+03 
              609.34E-03          12.2198E+03 
              609.371E-03         12.2205E+03 
              609.418E-03         12.2215E+03 
              609.435E-03         12.2219E+03 
              609.461E-03         12.2224E+03 
              609.501E-03         12.2232E+03 
              609.56E-03          12.2244E+03 
              609.649E-03         12.2262E+03 
              609.682E-03         12.2269E+03 
              609.732E-03         12.2278E+03 
              609.751E-03         12.2282E+03 
              609.779E-03         12.2288E+03 
              609.821E-03         12.2296E+03 
              609.884E-03         12.2308E+03 
              609.908E-03         12.2313E+03 
              609.944E-03         12.232E+03  
              609.997E-03         12.2331E+03 
              610.017E-03         12.2335E+03 
              610.047E-03         12.2341E+03 
              610.092E-03         12.235E+03  
              610.159E-03         12.2363E+03 
              610.185E-03         12.2368E+03 
              610.223E-03         12.2376E+03 
              610.28E-03          12.2388E+03 
              610.301E-03         12.2392E+03 
              610.333E-03         12.2399E+03 
              610.381E-03         12.2409E+03 
              610.399E-03         12.2413E+03 
              610.426E-03         12.2418E+03 
              610.467E-03         12.2427E+03 
              610.528E-03         12.244E+03  
              610.619E-03         12.246E+03  
              610.756E-03         12.2491E+03 
              610.769E-03         12.2494E+03 
              610.788E-03         12.2498E+03 
              610.817E-03         12.2504E+03 
              610.86E-03          12.2514E+03 
              610.877E-03         12.2518E+03 
              610.901E-03         12.2523E+03 
              610.938E-03         12.2532E+03 
              610.992E-03         12.2544E+03 
              611.013E-03         12.2549E+03 
              611.044E-03         12.2556E+03 
              611.09E-03          12.2566E+03 
              611.107E-03         12.257E+03  
              611.133E-03         12.2576E+03 
              611.172E-03         12.2585E+03 
              611.231E-03         12.2598E+03 
              611.319E-03         12.2618E+03 
              611.352E-03         12.2625E+03 
              611.401E-03         12.2636E+03 
              611.42E-03          12.264E+03  
              611.448E-03         12.2646E+03 
              611.489E-03         12.2655E+03 
              611.552E-03         12.2669E+03 
              611.576E-03         12.2674E+03 
              611.611E-03         12.2681E+03 
              611.664E-03         12.2692E+03 
              611.683E-03         12.2696E+03 
              611.713E-03         12.2702E+03 
              611.758E-03         12.2711E+03 
              611.824E-03         12.2725E+03 
              611.849E-03         12.273E+03  
              611.887E-03         12.2737E+03 
              611.943E-03         12.2748E+03 
              611.965E-03         12.2752E+03 
              611.996E-03         12.2758E+03 
              612.044E-03         12.2767E+03 
              612.115E-03         12.278E+03  
              612.142E-03         12.2785E+03 
              612.182E-03         12.2792E+03 
              612.242E-03         12.2802E+03 
              612.265E-03         12.2806E+03 
              612.299E-03         12.2812E+03 
              612.35E-03          12.282E+03  
              612.369E-03         12.2824E+03 
              612.398E-03         12.2828E+03 
              612.44E-03          12.2835E+03 
              612.505E-03         12.2845E+03 
              612.529E-03         12.2849E+03 
              612.565E-03         12.2855E+03 
              612.619E-03         12.2863E+03 
              612.64E-03          12.2866E+03 
              612.67E-03          12.287E+03  
              612.716E-03         12.2877E+03 
              612.785E-03         12.2887E+03 
              612.811E-03         12.2891E+03 
              612.849E-03         12.2896E+03 
              612.907E-03         12.2904E+03 
              612.929E-03         12.2907E+03 
              612.962E-03         12.2912E+03 
              613.01E-03          12.2918E+03 
              613.029E-03         12.2921E+03 
              613.056E-03         12.2925E+03 
              613.098E-03         12.293E+03  
              613.16E-03          12.2939E+03 
              613.183E-03         12.2942E+03 
              613.218E-03         12.2946E+03 
              613.27E-03          12.2954E+03 
              613.29E-03          12.2956E+03 
              613.319E-03         12.296E+03  
              613.363E-03         12.2966E+03 
              613.429E-03         12.2976E+03 
              613.529E-03         12.299E+03  
              613.566E-03         12.2995E+03 
              613.58E-03          12.2998E+03 
              613.601E-03         12.3001E+03 
              613.632E-03         12.3005E+03 
              613.679E-03         12.3013E+03 
              613.75E-03          12.3024E+03 
              613.776E-03         12.3028E+03 
              613.816E-03         12.3035E+03 
              613.831E-03         12.3037E+03 
              613.853E-03         12.3041E+03 
              613.887E-03         12.3047E+03 
              613.937E-03         12.3055E+03 
              613.956E-03         12.3059E+03 
              613.984E-03         12.3064E+03 
              614.027E-03         12.3072E+03 
              614.091E-03         12.3084E+03 
              614.186E-03         12.3103E+03 
              614.329E-03         12.3135E+03 
              614.343E-03         12.3138E+03 
              614.363E-03         12.3142E+03 
              614.393E-03         12.3149E+03 
              614.405E-03         12.3152E+03 
              614.422E-03         12.3156E+03 
              614.447E-03         12.3162E+03 
              614.485E-03         12.3171E+03 
              614.543E-03         12.3185E+03 
              614.564E-03         12.319E+03  
              614.597E-03         12.3198E+03 
              614.645E-03         12.321E+03  
              614.663E-03         12.3215E+03 
              614.69E-03          12.3222E+03 
              614.731E-03         12.3233E+03 
              614.793E-03         12.3249E+03 
              614.885E-03         12.3275E+03 
              614.919E-03         12.3284E+03 
              614.932E-03         12.3288E+03 
              614.951E-03         12.3293E+03 
              614.981E-03         12.3301E+03 
              615.024E-03         12.3314E+03 
              615.09E-03          12.3333E+03 
              615.114E-03         12.334E+03  
              615.151E-03         12.335E+03  
              615.206E-03         12.3366E+03 
              615.227E-03         12.3372E+03 
              615.258E-03         12.3382E+03 
              615.305E-03         12.3395E+03 
              615.322E-03         12.34E+03   
              615.349E-03         12.3408E+03 
              615.388E-03         12.3419E+03 
              615.447E-03         12.3436E+03 
              615.536E-03         12.3462E+03 
              615.569E-03         12.3471E+03 
              615.618E-03         12.3485E+03 
              615.637E-03         12.349E+03  
              615.665E-03         12.3498E+03 
              615.707E-03         12.351E+03  
              615.77E-03          12.3527E+03 
              615.794E-03         12.3533E+03 
              615.829E-03         12.3543E+03 
              615.883E-03         12.3557E+03 
              615.962E-03         12.3577E+03 
              615.992E-03         12.3584E+03 
              616.037E-03         12.3595E+03 
              616.105E-03         12.3611E+03 
              616.13E-03          12.3617E+03 
              616.168E-03         12.3626E+03 
              616.225E-03         12.3639E+03 
              616.246E-03         12.3643E+03 
              616.278E-03         12.365E+03  
              616.326E-03         12.366E+03  
              616.362E-03         12.3668E+03 
              616.416E-03         12.3678E+03 
              616.436E-03         12.3682E+03 
              616.466E-03         12.3688E+03 
              616.512E-03         12.3697E+03 
              616.529E-03         12.37E+03   
              616.554E-03         12.3704E+03 
              616.593E-03         12.3711E+03 
              616.65E-03          12.3721E+03 
              616.737E-03         12.3735E+03 
              616.769E-03         12.374E+03  
              616.781E-03         12.3742E+03 
              616.8E-03           12.3745E+03 
              616.827E-03         12.3749E+03 
              616.868E-03         12.3755E+03 
              616.93E-03          12.3763E+03 
              616.953E-03         12.3767E+03 
              616.987E-03         12.3771E+03 
              617.039E-03         12.3778E+03 
              617.059E-03         12.3781E+03 
              617.088E-03         12.3784E+03 
              617.132E-03         12.379E+03  
              617.198E-03         12.3798E+03 
              617.222E-03         12.3801E+03 
              617.259E-03         12.3806E+03 
              617.315E-03         12.3812E+03 
              617.335E-03         12.3815E+03 
              617.367E-03         12.3818E+03 
              617.413E-03         12.3824E+03 
              617.431E-03         12.3826E+03 
              617.457E-03         12.3829E+03 
              617.497E-03         12.3834E+03 
              617.556E-03         12.3841E+03 
              617.645E-03         12.3851E+03 
              617.778E-03         12.3868E+03 
              617.978E-03         12.3896E+03 
              617.997E-03         12.3898E+03 
              618.025E-03         12.3902E+03 
              618.067E-03         12.3908E+03 
              618.083E-03         12.3911E+03 
              618.107E-03         12.3914E+03 
              618.142E-03         12.392E+03  
              618.196E-03         12.3928E+03 
              618.216E-03         12.3931E+03 
              618.246E-03         12.3936E+03 
              618.257E-03         12.3938E+03 
              618.274E-03         12.394E+03  
              618.299E-03         12.3944E+03 
              618.309E-03         12.3946E+03 
              618.323E-03         12.3948E+03 
              618.345E-03         12.3952E+03 
              618.377E-03         12.3957E+03 
              618.409E-03         12.3963E+03 
              618.441E-03         12.3969E+03 
              618.453E-03         12.3971E+03 
              618.457E-03         12.3972E+03 
              618.464E-03         12.3973E+03 
              618.474E-03         12.3975E+03 
              618.49E-03          12.3977E+03 
              618.512E-03         12.3982E+03 
              618.547E-03         12.3988E+03 
              618.598E-03         12.3998E+03 
              618.617E-03         12.4002E+03 
              618.646E-03         12.4007E+03 
              618.69E-03          12.4016E+03 
              618.755E-03         12.4029E+03 
              618.779E-03         12.4034E+03 
              618.816E-03         12.4042E+03 
              618.829E-03         12.4045E+03 
              618.85E-03          12.4049E+03 
              618.881E-03         12.4056E+03 
              618.927E-03         12.4066E+03 
              618.945E-03         12.407E+03  
              618.971E-03         12.4075E+03 
              619.01E-03          12.4084E+03 
              619.068E-03         12.4097E+03 
              619.09E-03          12.4102E+03 
              619.123E-03         12.411E+03  
              619.173E-03         12.412E+03  
              619.191E-03         12.4124E+03 
              619.219E-03         12.413E+03  
              619.261E-03         12.4139E+03 
              619.324E-03         12.415E+03  
              619.347E-03         12.4154E+03 
              619.382E-03         12.4159E+03 
              619.435E-03         12.4165E+03 
              619.455E-03         12.4167E+03 
              619.485E-03         12.417E+03  
              619.529E-03         12.4172E+03 
              619.546E-03         12.4173E+03 
              619.571E-03         12.4174E+03 
              619.581E-03         12.4174E+03 
              619.595E-03         12.4175E+03 
              619.616E-03         12.4175E+03 
              619.632E-03         12.4175E+03 
              619.648E-03         12.4175E+03 
              619.654E-03         12.4175E+03 
              619.663E-03         12.4175E+03 
              619.676E-03         12.4175E+03 
              619.696E-03         12.4175E+03 
              619.711E-03         12.4175E+03 
              619.726E-03         12.4175E+03 
              619.732E-03         12.4175E+03 
              619.74E-03          12.4175E+03 
              619.753E-03         12.4175E+03 
              619.772E-03         12.4176E+03 
              619.791E-03         12.4176E+03 
              619.81E-03          12.4177E+03 
              619.829E-03         12.4178E+03 
              619.836E-03         12.4178E+03 
              619.847E-03         12.4179E+03 
              619.863E-03         12.418E+03  
              619.869E-03         12.418E+03  
              619.878E-03         12.4181E+03 
              619.892E-03         12.4182E+03 
              619.912E-03         12.4185E+03 
              619.933E-03         12.4187E+03 
              619.948E-03         12.4189E+03 
              619.963E-03         12.4192E+03 
              619.969E-03         12.4193E+03 
              619.978E-03         12.4194E+03 
              619.99E-03          12.4196E+03 
              620.01E-03          12.4199E+03 
              620.029E-03         12.4203E+03 
              620.048E-03         12.4207E+03 
              620.068E-03         12.421E+03  
              620.087E-03         12.4214E+03 
              620.107E-03         12.4218E+03 
              620.126E-03         12.4222E+03 
              620.131E-03         12.4222E+03 
              620.138E-03         12.4224E+03 
              620.149E-03         12.4226E+03 
              620.153E-03         12.4227E+03 
              620.159E-03         12.4228E+03 
              620.168E-03         12.4229E+03 
              620.172E-03         12.423E+03  
              620.177E-03         12.4231E+03 
              620.185E-03         12.4232E+03 
              620.196E-03         12.4234E+03 
              620.201E-03         12.4235E+03 
              620.207E-03         12.4236E+03 
              620.217E-03         12.4237E+03 
              620.221E-03         12.4238E+03 
              620.226E-03         12.4239E+03 
              620.234E-03         12.424E+03  
              620.237E-03         12.424E+03  
              620.242E-03         12.4241E+03 
              620.249E-03         12.4242E+03 
              620.26E-03          12.4243E+03 
              620.27E-03          12.4245E+03 
              620.28E-03          12.4246E+03 
              620.291E-03         12.4247E+03 
              620.301E-03         12.4248E+03 
              620.312E-03         12.4249E+03 
              620.322E-03         12.425E+03  
              620.326E-03         12.425E+03  
              620.332E-03         12.425E+03  
              620.341E-03         12.4251E+03 
              620.344E-03         12.4251E+03 
              620.349E-03         12.4252E+03 
              620.357E-03         12.4252E+03 
              620.368E-03         12.4253E+03 
              620.372E-03         12.4253E+03 
              620.378E-03         12.4253E+03 
              620.388E-03         12.4253E+03 
              620.391E-03         12.4253E+03 
              620.397E-03         12.4253E+03 
              620.405E-03         12.4254E+03 
              620.417E-03         12.4254E+03 
              620.429E-03         12.4254E+03 
              620.44E-03          12.4253E+03 
              620.452E-03         12.4253E+03 
              620.461E-03         12.4253E+03 
              620.47E-03          12.4253E+03 
              620.474E-03         12.4252E+03 
              620.479E-03         12.4252E+03 
              620.486E-03         12.4252E+03 
              620.497E-03         12.4251E+03 
              620.502E-03         12.4251E+03 
              620.508E-03         12.4251E+03 
              620.518E-03         12.425E+03  
              620.532E-03         12.4249E+03 
              620.554E-03         12.4247E+03 
              620.562E-03         12.4246E+03 
              620.574E-03         12.4245E+03 
              620.592E-03         12.4243E+03 
              620.599E-03         12.4243E+03 
              620.609E-03         12.4241E+03 
              620.613E-03         12.4241E+03 
              620.619E-03         12.424E+03  
              620.627E-03         12.4239E+03 
              620.63E-03          12.4239E+03 
              620.635E-03         12.4238E+03 
              620.642E-03         12.4238E+03 
              620.653E-03         12.4236E+03 
              620.657E-03         12.4236E+03 
              620.664E-03         12.4235E+03 
              620.673E-03         12.4234E+03 
              620.676E-03         12.4234E+03 
              620.681E-03         12.4233E+03 
              620.689E-03         12.4232E+03 
              620.701E-03         12.4231E+03 
              620.705E-03         12.423E+03  
              620.712E-03         12.4229E+03 
              620.722E-03         12.4228E+03 
              620.725E-03         12.4228E+03 
              620.731E-03         12.4227E+03 
              620.739E-03         12.4226E+03 
              620.752E-03         12.4225E+03 
              620.756E-03         12.4224E+03 
              620.763E-03         12.4223E+03 
              620.774E-03         12.4222E+03 
              620.778E-03         12.4222E+03 
              620.784E-03         12.4221E+03 
              620.792E-03         12.422E+03  
              620.796E-03         12.422E+03  
              620.801E-03         12.4219E+03 
              620.808E-03         12.4219E+03 
              620.819E-03         12.4218E+03 
              620.824E-03         12.4217E+03 
              620.83E-03          12.4217E+03 
              620.839E-03         12.4216E+03 
              620.843E-03         12.4216E+03 
              620.848E-03         12.4216E+03 
              620.856E-03         12.4215E+03 
              620.868E-03         12.4215E+03 
              620.873E-03         12.4215E+03 
              620.879E-03         12.4215E+03 
              620.889E-03         12.4214E+03 
              620.905E-03         12.4215E+03 
              620.91E-03          12.4215E+03 
              620.919E-03         12.4215E+03 
              620.932E-03         12.4216E+03 
              620.936E-03         12.4217E+03 
              620.944E-03         12.4217E+03 
              620.954E-03         12.4219E+03 
              620.958E-03         12.4219E+03 
              620.964E-03         12.422E+03  
              620.974E-03         12.4222E+03 
              620.977E-03         12.4222E+03 
              620.982E-03         12.4223E+03 
              620.99E-03          12.4225E+03 
              621.001E-03         12.4228E+03 
              621.006E-03         12.4229E+03 
              621.012E-03         12.4231E+03 
              621.022E-03         12.4234E+03 
              621.025E-03         12.4235E+03 
              621.031E-03         12.4237E+03 
              621.039E-03         12.424E+03  
              621.051E-03         12.4245E+03 
              621.056E-03         12.4247E+03 
              621.063E-03         12.425E+03  
              621.073E-03         12.4255E+03 
              621.089E-03         12.4263E+03 
              621.095E-03         12.4266E+03 
              621.103E-03         12.427E+03  
              621.117E-03         12.4278E+03 
              621.122E-03         12.428E+03  
              621.129E-03         12.4285E+03 
              621.14E-03          12.4291E+03 
              621.144E-03         12.4294E+03 
              621.15E-03          12.4297E+03 
              621.16E-03          12.4303E+03 
              621.163E-03         12.4305E+03 
              621.169E-03         12.4308E+03 
              621.176E-03         12.4313E+03 
              621.188E-03         12.432E+03  
              621.193E-03         12.4323E+03 
              621.199E-03         12.4327E+03 
              621.209E-03         12.4333E+03 
              621.213E-03         12.4335E+03 
              621.219E-03         12.4338E+03 
              621.227E-03         12.4343E+03 
              621.24E-03          12.435E+03  
              621.245E-03         12.4353E+03 
              621.252E-03         12.4357E+03 
              621.262E-03         12.4362E+03 
              621.266E-03         12.4364E+03 
              621.272E-03         12.4367E+03 
              621.281E-03         12.4372E+03 
              621.295E-03         12.4378E+03 
              621.315E-03         12.4386E+03 
              621.323E-03         12.4389E+03 
              621.334E-03         12.4394E+03 
              621.338E-03         12.4395E+03 
              621.345E-03         12.4397E+03 
              621.354E-03         12.4401E+03 
              621.369E-03         12.4405E+03 
              621.39E-03          12.441E+03  
              621.398E-03         12.4412E+03 
              621.411E-03         12.4415E+03 
              621.415E-03         12.4416E+03 
              621.422E-03         12.4417E+03 
              621.432E-03         12.4418E+03 
              621.436E-03         12.4419E+03 
              621.442E-03         12.442E+03  
              621.451E-03         12.4421E+03 
              621.464E-03         12.4422E+03 
              621.483E-03         12.4424E+03 
              621.512E-03         12.4425E+03 
              621.556E-03         12.4425E+03 
              621.56E-03          12.4425E+03 
              621.566E-03         12.4424E+03 
              621.576E-03         12.4424E+03 
              621.589E-03         12.4424E+03 
              621.61E-03          12.4423E+03 
              621.618E-03         12.4423E+03 
              621.63E-03          12.4422E+03 
              621.647E-03         12.4421E+03 
              621.654E-03         12.4421E+03 
              621.664E-03         12.4421E+03 
              621.679E-03         12.442E+03  
              621.701E-03         12.4418E+03 
              621.709E-03         12.4418E+03 
              621.722E-03         12.4417E+03 
              621.74E-03          12.4416E+03 
              621.768E-03         12.4413E+03 
              621.779E-03         12.4413E+03 
              621.783E-03         12.4412E+03 
              621.789E-03         12.4412E+03 
              621.798E-03         12.4411E+03 
              621.811E-03         12.441E+03  
              621.831E-03         12.4408E+03 
              621.861E-03         12.4405E+03 
              621.906E-03         12.4402E+03 
              621.91E-03          12.4402E+03 
              621.917E-03         12.4402E+03 
              621.926E-03         12.4401E+03 
              621.941E-03         12.4401E+03 
              621.962E-03         12.4401E+03 
              621.994E-03         12.4403E+03 
              622.006E-03         12.4404E+03 
              622.011E-03         12.4405E+03 
              622.017E-03         12.4406E+03 
              622.027E-03         12.4407E+03 
              622.043E-03         12.441E+03  
              622.066E-03         12.4416E+03 
              622.1E-03           12.4428E+03 
              622.113E-03         12.4433E+03 
              622.132E-03         12.4442E+03 
              622.161E-03         12.4457E+03 
              622.172E-03         12.4463E+03 
              622.176E-03         12.4465E+03 
              622.182E-03         12.4469E+03 
              622.191E-03         12.4475E+03 
              622.205E-03         12.4483E+03 
              622.225E-03         12.4497E+03 
              622.233E-03         12.4503E+03 
              622.245E-03         12.4511E+03 
              622.249E-03         12.4514E+03 
              622.255E-03         12.4519E+03 
              622.265E-03         12.4526E+03 
              622.28E-03          12.4537E+03 
              622.302E-03         12.4553E+03 
              622.335E-03         12.4578E+03 
              622.347E-03         12.4587E+03 
              622.366E-03         12.4601E+03 
              622.393E-03         12.4619E+03 
              622.404E-03         12.4626E+03 
              622.408E-03         12.4629E+03 
              622.414E-03         12.4633E+03 
              622.423E-03         12.4638E+03 
              622.436E-03         12.4646E+03 
              622.456E-03         12.4657E+03 
              622.485E-03         12.467E+03  
              622.496E-03         12.4675E+03 
              622.501E-03         12.4677E+03 
              622.507E-03         12.468E+03  
              622.516E-03         12.4683E+03 
              622.53E-03          12.4688E+03 
              622.551E-03         12.4694E+03 
              622.559E-03         12.4696E+03 
              622.571E-03         12.4699E+03 
              622.589E-03         12.4702E+03 
              622.596E-03         12.4703E+03 
              622.606E-03         12.4704E+03 
              622.61E-03          12.4705E+03 
              622.615E-03         12.4706E+03 
              622.624E-03         12.4706E+03 
              622.636E-03         12.4707E+03 
              622.655E-03         12.4708E+03 
              622.684E-03         12.4707E+03 
              622.727E-03         12.4704E+03 
              622.731E-03         12.4703E+03 
              622.737E-03         12.4703E+03 
              622.746E-03         12.4702E+03 
              622.76E-03          12.4701E+03 
              622.78E-03          12.4698E+03 
              622.788E-03         12.4698E+03 
              622.799E-03         12.4696E+03 
              622.803E-03         12.4696E+03 
              622.81E-03          12.4695E+03 
              622.819E-03         12.4694E+03 
              622.834E-03         12.4692E+03 
              622.856E-03         12.469E+03  
              622.888E-03         12.4687E+03 
              622.901E-03         12.4686E+03 
              622.919E-03         12.4686E+03 
              622.946E-03         12.4685E+03 
              622.957E-03         12.4685E+03 
              622.961E-03         12.4686E+03 
              622.966E-03         12.4686E+03 
              622.975E-03         12.4686E+03 
              622.988E-03         12.4687E+03 
              623.008E-03         12.4688E+03 
              623.037E-03         12.4693E+03 
              623.048E-03         12.4694E+03 
              623.052E-03         12.4695E+03 
              623.058E-03         12.4696E+03 
              623.068E-03         12.4698E+03 
              623.082E-03         12.4701E+03 
              623.103E-03         12.4707E+03 
              623.11E-03          12.4709E+03 
              623.122E-03         12.4712E+03 
              623.14E-03          12.4718E+03 
              623.146E-03         12.472E+03  
              623.156E-03         12.4724E+03 
              623.16E-03          12.4725E+03 
              623.166E-03         12.4727E+03 
              623.174E-03         12.473E+03  
              623.187E-03         12.4735E+03 
              623.206E-03         12.4743E+03 
              623.234E-03         12.4755E+03 
              623.244E-03         12.476E+03  
              623.248E-03         12.4761E+03 
              623.254E-03         12.4764E+03 
              623.263E-03         12.4768E+03 
              623.277E-03         12.4774E+03 
              623.297E-03         12.4784E+03 
              623.327E-03         12.4797E+03 
              623.372E-03         12.4816E+03 
              623.376E-03         12.4818E+03 
              623.383E-03         12.4821E+03 
              623.392E-03         12.4825E+03 
              623.407E-03         12.4831E+03 
              623.428E-03         12.4839E+03 
              623.436E-03         12.4842E+03 
              623.448E-03         12.4846E+03 
              623.453E-03         12.4848E+03 
              623.46E-03          12.485E+03  
              623.47E-03          12.4853E+03 
              623.485E-03         12.4858E+03 
              623.508E-03         12.4865E+03 
              623.543E-03         12.4873E+03 
              623.556E-03         12.4876E+03 
              623.575E-03         12.488E+03  
              623.604E-03         12.4886E+03 
              623.615E-03         12.4888E+03 
              623.619E-03         12.4888E+03 
              623.625E-03         12.4889E+03 
              623.634E-03         12.4891E+03 
              623.648E-03         12.4893E+03 
              623.669E-03         12.4895E+03 
              623.7E-03           12.4899E+03 
              623.711E-03         12.49E+03   
              623.729E-03         12.4902E+03 
              623.755E-03         12.4905E+03 
              623.794E-03         12.4908E+03 
              623.798E-03         12.4909E+03 
              623.804E-03         12.4909E+03 
              623.812E-03         12.491E+03  
              623.824E-03         12.4911E+03 
              623.843E-03         12.4912E+03 
              623.871E-03         12.4915E+03 
              623.881E-03         12.4916E+03 
              623.885E-03         12.4916E+03 
              623.891E-03         12.4917E+03 
              623.9E-03           12.4917E+03 
              623.913E-03         12.4919E+03 
              623.933E-03         12.492E+03  
              623.963E-03         12.4923E+03 
              623.974E-03         12.4925E+03 
              623.979E-03         12.4925E+03 
              623.985E-03         12.4926E+03 
              623.994E-03         12.4927E+03 
              624.008E-03         12.4928E+03 
              624.03E-03          12.4931E+03 
              624.038E-03         12.4932E+03 
              624.05E-03          12.4934E+03 
              624.068E-03         12.4936E+03 
              624.074E-03         12.4937E+03 
              624.084E-03         12.4938E+03 
              624.088E-03         12.4939E+03 
              624.094E-03         12.494E+03  
              624.102E-03         12.4941E+03 
              624.115E-03         12.4943E+03 
              624.134E-03         12.4947E+03 
              624.141E-03         12.4948E+03 
              624.152E-03         12.495E+03  
              624.156E-03         12.4951E+03 
              624.162E-03         12.4952E+03 
              624.171E-03         12.4954E+03 
              624.185E-03         12.4956E+03 
              624.206E-03         12.4961E+03 
              624.213E-03         12.4962E+03 
              624.225E-03         12.4965E+03 
              624.229E-03         12.4966E+03 
              624.236E-03         12.4968E+03 
              624.245E-03         12.497E+03  
              624.26E-03          12.4974E+03 
              624.282E-03         12.4979E+03 
              624.29E-03          12.4982E+03 
              624.302E-03         12.4985E+03 
              624.321E-03         12.499E+03  
              624.327E-03         12.4992E+03 
              624.338E-03         12.4995E+03 
              624.342E-03         12.4996E+03 
              624.348E-03         12.4998E+03 
              624.356E-03         12.5001E+03 
              624.365E-03         12.5004E+03 
              624.374E-03         12.5006E+03 
              624.383E-03         12.5009E+03 
              624.391E-03         12.5012E+03 
              624.4E-03           12.5015E+03 
              624.409E-03         12.5017E+03 
              624.418E-03         12.502E+03  
              624.421E-03         12.5021E+03 
              624.426E-03         12.5023E+03 
              624.433E-03         12.5025E+03 
              624.436E-03         12.5026E+03 
              624.44E-03          12.5028E+03 
              624.446E-03         12.503E+03  
              624.456E-03         12.5033E+03 
              624.465E-03         12.5036E+03 
              624.474E-03         12.5039E+03 
              624.481E-03         12.5042E+03 
              624.488E-03         12.5044E+03 
              624.491E-03         12.5045E+03 
              624.495E-03         12.5046E+03 
              624.501E-03         12.5048E+03 
              624.51E-03          12.5051E+03 
              624.519E-03         12.5054E+03 
              624.527E-03         12.5057E+03 
              624.536E-03         12.506E+03  
              624.545E-03         12.5063E+03 
              624.554E-03         12.5066E+03 
              624.563E-03         12.5069E+03 
              624.572E-03         12.5072E+03 
              624.581E-03         12.5075E+03 
              624.59E-03          12.5078E+03 
              624.598E-03         12.5081E+03 
              624.607E-03         12.5084E+03 
              624.616E-03         12.5087E+03 
              624.62E-03          12.5088E+03 
              624.625E-03         12.5089E+03 
              624.632E-03         12.5092E+03 
              624.635E-03         12.5093E+03 
              624.639E-03         12.5094E+03 
              624.645E-03         12.5096E+03 
              624.655E-03         12.5099E+03 
              624.662E-03         12.5101E+03 
              624.669E-03         12.5103E+03 
              624.672E-03         12.5104E+03 
              624.676E-03         12.5105E+03 
              624.682E-03         12.5107E+03 
              624.691E-03         12.511E+03  
              624.7E-03           12.5113E+03 
              624.709E-03         12.5115E+03 
              624.718E-03         12.5118E+03 
              624.727E-03         12.5121E+03 
              624.736E-03         12.5123E+03 
              624.745E-03         12.5126E+03 
              624.754E-03         12.5129E+03 
              624.763E-03         12.5131E+03 
              624.772E-03         12.5134E+03 
              624.775E-03         12.5135E+03 
              624.78E-03          12.5136E+03 
              624.788E-03         12.5138E+03 
              624.79E-03          12.5139E+03 
              624.795E-03         12.514E+03  
              624.801E-03         12.5142E+03 
              624.806E-03         12.5143E+03 
              624.813E-03         12.5145E+03 
              624.816E-03         12.5146E+03 
              624.82E-03          12.5147E+03 
              624.826E-03         12.5148E+03 
              624.835E-03         12.515E+03  
              624.844E-03         12.5153E+03 
              624.853E-03         12.5155E+03 
              624.862E-03         12.5157E+03 
              624.872E-03         12.5159E+03 
              624.881E-03         12.5161E+03 
              624.89E-03          12.5163E+03 
              624.899E-03         12.5165E+03 
              624.908E-03         12.5167E+03 
              624.917E-03         12.5169E+03 
              624.926E-03         12.517E+03  
              624.93E-03          12.5171E+03 
              624.935E-03         12.5172E+03 
              624.943E-03         12.5173E+03 
              624.945E-03         12.5174E+03 
              624.95E-03          12.5174E+03 
              624.956E-03         12.5175E+03 
              624.959E-03         12.5175E+03 
              624.962E-03         12.5176E+03 
              624.968E-03         12.5176E+03 
              624.976E-03         12.5177E+03 
              624.979E-03         12.5177E+03 
              624.984E-03         12.5178E+03 
              624.991E-03         12.5178E+03 
              624.993E-03         12.5178E+03 
              624.997E-03         12.5178E+03 
              625.003E-03         12.5179E+03 
              625.012E-03         12.5178E+03 
              625.02E-03          12.5178E+03 
              625.029E-03         12.5177E+03 
              625.038E-03         12.5176E+03 
              625.047E-03         12.5175E+03 
              625.056E-03         12.5173E+03 
              625.064E-03         12.5171E+03 
              625.073E-03         12.5168E+03 
              625.082E-03         12.5165E+03 
              625.091E-03         12.5162E+03 
              625.099E-03         12.5158E+03 
              625.108E-03         12.5154E+03 
              625.117E-03         12.5149E+03 
              625.126E-03         12.5144E+03 
              625.135E-03         12.5138E+03 
              625.143E-03         12.5132E+03 
              625.152E-03         12.5125E+03 
              625.161E-03         12.5118E+03 
              625.17E-03          12.5111E+03 
              625.173E-03         12.5108E+03 
              625.178E-03         12.5104E+03 
              625.185E-03         12.5097E+03 
              625.188E-03         12.5095E+03 
              625.192E-03         12.5091E+03 
              625.198E-03         12.5085E+03 
              625.208E-03         12.5076E+03 
              625.217E-03         12.5067E+03 
              625.227E-03         12.5058E+03 
              625.236E-03         12.5048E+03 
              625.245E-03         12.5039E+03 
              625.255E-03         12.503E+03  
              625.264E-03         12.5021E+03 
              625.273E-03         12.5012E+03 
              625.283E-03         12.5004E+03 
              625.292E-03         12.4996E+03 
              625.301E-03         12.4988E+03 
              625.311E-03         12.498E+03  
              625.32E-03          12.4973E+03 
              625.33E-03          12.4967E+03 
              625.339E-03         12.4961E+03 
              625.348E-03         12.4955E+03 
              625.358E-03         12.495E+03  
              625.367E-03         12.4946E+03 
              625.376E-03         12.4941E+03 
              625.386E-03         12.4938E+03 
              625.395E-03         12.4935E+03 
              625.405E-03         12.4932E+03 
              625.414E-03         12.493E+03  
              625.423E-03         12.4929E+03 
              625.433E-03         12.4928E+03 
              625.442E-03         12.4928E+03 
              625.451E-03         12.4928E+03 
              625.461E-03         12.4928E+03 
              625.47E-03          12.4929E+03 
              625.48E-03          12.4931E+03 
              625.489E-03         12.4933E+03 
              625.498E-03         12.4935E+03 
              625.508E-03         12.4938E+03 
              625.517E-03         12.4941E+03 
              625.526E-03         12.4945E+03 
              625.53E-03          12.4946E+03 
              625.535E-03         12.4948E+03 
              625.543E-03         12.4951E+03 
              625.546E-03         12.4953E+03 
              625.551E-03         12.4955E+03 
              625.557E-03         12.4958E+03 
              625.567E-03         12.4962E+03 
              625.57E-03          12.4964E+03 
              625.572E-03         12.4965E+03 
              625.576E-03         12.4967E+03 
              625.582E-03         12.4969E+03 
              625.59E-03          12.4973E+03 
              625.593E-03         12.4975E+03 
              625.598E-03         12.4977E+03 
              625.605E-03         12.498E+03  
              625.608E-03         12.4982E+03 
              625.612E-03         12.4983E+03 
              625.618E-03         12.4986E+03 
              625.627E-03         12.499E+03  
              625.63E-03          12.4991E+03 
              625.635E-03         12.4993E+03 
              625.643E-03         12.4996E+03 
              625.646E-03         12.4997E+03 
              625.65E-03          12.4998E+03 
              625.656E-03         12.5E+03    
              625.666E-03         12.5002E+03 
              625.67E-03          12.5003E+03 
              625.675E-03         12.5004E+03 
              625.683E-03         12.5005E+03 
              625.686E-03         12.5005E+03 
              625.691E-03         12.5005E+03 
              625.698E-03         12.5006E+03 
              625.7E-03           12.5005E+03 
              625.704E-03         12.5005E+03 
              625.71E-03          12.5005E+03 
              625.719E-03         12.5004E+03 
              625.722E-03         12.5003E+03 
              625.727E-03         12.5002E+03 
              625.734E-03         12.5E+03    
              625.737E-03         12.4999E+03 
              625.741E-03         12.4998E+03 
              625.747E-03         12.4996E+03 
              625.756E-03         12.4992E+03 
              625.76E-03          12.499E+03  
              625.765E-03         12.4988E+03 
              625.773E-03         12.4984E+03 
              625.776E-03         12.4982E+03 
              625.78E-03          12.4979E+03 
              625.787E-03         12.4976E+03 
              625.797E-03         12.4969E+03 
              625.8E-03           12.4967E+03 
              625.806E-03         12.4963E+03 
              625.814E-03         12.4958E+03 
              625.817E-03         12.4956E+03 
              625.822E-03         12.4953E+03 
              625.829E-03         12.4948E+03 
              625.832E-03         12.4946E+03 
              625.836E-03         12.4944E+03 
              625.842E-03         12.494E+03  
              625.851E-03         12.4934E+03 
              625.854E-03         12.4932E+03 
              625.859E-03         12.4929E+03 
              625.866E-03         12.4924E+03 
              625.869E-03         12.4923E+03 
              625.874E-03         12.492E+03  
              625.88E-03          12.4917E+03 
              625.889E-03         12.4912E+03 
              625.893E-03         12.491E+03  
              625.898E-03         12.4907E+03 
              625.906E-03         12.4904E+03 
              625.909E-03         12.4903E+03 
              625.914E-03         12.4901E+03 
              625.921E-03         12.4899E+03 
              625.931E-03         12.4895E+03 
              625.935E-03         12.4894E+03 
              625.94E-03          12.4893E+03 
              625.949E-03         12.4891E+03 
              625.952E-03         12.489E+03  
              625.957E-03         12.4889E+03 
              625.964E-03         12.4888E+03 
              625.975E-03         12.4887E+03 
              625.979E-03         12.4886E+03 
              625.985E-03         12.4886E+03 
              625.994E-03         12.4886E+03 
              625.998E-03         12.4886E+03 
              626.003E-03         12.4886E+03 
              626.011E-03         12.4886E+03 
              626.014E-03         12.4886E+03 
              626.018E-03         12.4886E+03 
              626.025E-03         12.4887E+03 
              626.034E-03         12.4887E+03 
              626.038E-03         12.4888E+03 
              626.044E-03         12.4889E+03 
              626.052E-03         12.489E+03  
              626.055E-03         12.489E+03  
              626.06E-03          12.4891E+03 
              626.067E-03         12.4893E+03 
              626.069E-03         12.4893E+03 
              626.073E-03         12.4894E+03 
              626.079E-03         12.4895E+03 
              626.088E-03         12.4898E+03 
              626.091E-03         12.4899E+03 
              626.096E-03         12.49E+03   
              626.103E-03         12.4902E+03 
              626.115E-03         12.4906E+03 
              626.119E-03         12.4907E+03 
              626.125E-03         12.491E+03  
              626.134E-03         12.4913E+03 
              626.138E-03         12.4915E+03 
              626.143E-03         12.4917E+03 
              626.151E-03         12.492E+03  
              626.154E-03         12.4921E+03 
              626.159E-03         12.4923E+03 
              626.165E-03         12.4926E+03 
              626.175E-03         12.4931E+03 
              626.179E-03         12.4933E+03 
              626.185E-03         12.4936E+03 
              626.193E-03         12.494E+03  
              626.197E-03         12.4941E+03 
              626.201E-03         12.4944E+03 
              626.208E-03         12.4947E+03 
              626.211E-03         12.4949E+03 
              626.215E-03         12.4951E+03 
              626.221E-03         12.4954E+03 
              626.23E-03          12.4959E+03 
              626.234E-03         12.4961E+03 
              626.239E-03         12.4964E+03 
              626.246E-03         12.4968E+03 
              626.258E-03         12.4974E+03 
              626.275E-03         12.4984E+03 
              626.281E-03         12.4988E+03 
              626.291E-03         12.4993E+03 
              626.295E-03         12.4995E+03 
              626.3E-03           12.4998E+03 
              626.308E-03         12.5003E+03 
              626.311E-03         12.5005E+03 
              626.316E-03         12.5008E+03 
              626.323E-03         12.5012E+03 
              626.333E-03         12.5019E+03 
              626.337E-03         12.5021E+03 
              626.343E-03         12.5025E+03 
              626.352E-03         12.5031E+03 
              626.355E-03         12.5033E+03 
              626.36E-03          12.5036E+03 
              626.367E-03         12.5041E+03 
              626.37E-03          12.5043E+03 
              626.374E-03         12.5046E+03 
              626.38E-03          12.505E+03  
              626.39E-03          12.5057E+03 
              626.393E-03         12.506E+03  
              626.398E-03         12.5064E+03 
              626.406E-03         12.507E+03  
              626.409E-03         12.5072E+03 
              626.414E-03         12.5076E+03 
              626.42E-03          12.5082E+03 
              626.43E-03          12.509E+03  
              626.434E-03         12.5093E+03 
              626.44E-03          12.5098E+03 
              626.448E-03         12.5106E+03 
              626.451E-03         12.5109E+03 
              626.456E-03         12.5113E+03 
              626.463E-03         12.512E+03  
              626.473E-03         12.513E+03  
              626.477E-03         12.5134E+03 
              626.483E-03         12.5139E+03 
              626.492E-03         12.5148E+03 
              626.496E-03         12.5152E+03 
              626.501E-03         12.5156E+03 
              626.508E-03         12.5164E+03 
              626.52E-03          12.5175E+03 
              626.524E-03         12.5179E+03 
              626.53E-03          12.5185E+03 
              626.54E-03          12.5194E+03 
              626.543E-03         12.5198E+03 
              626.549E-03         12.5203E+03 
              626.557E-03         12.521E+03  
              626.569E-03         12.522E+03  
              626.574E-03         12.5224E+03 
              626.58E-03          12.523E+03  
              626.591E-03         12.5237E+03 
              626.594E-03         12.524E+03  
              626.6E-03           12.5244E+03 
              626.609E-03         12.525E+03  
              626.612E-03         12.5253E+03 
              626.617E-03         12.5256E+03 
              626.624E-03         12.526E+03  
              626.635E-03         12.5266E+03 
              626.639E-03         12.5268E+03 
              626.645E-03         12.5271E+03 
              626.654E-03         12.5275E+03 
              626.658E-03         12.5277E+03 
              626.663E-03         12.5279E+03 
              626.671E-03         12.5282E+03 
              626.682E-03         12.5285E+03 
              626.687E-03         12.5286E+03 
              626.693E-03         12.5288E+03 
              626.703E-03         12.529E+03  
              626.707E-03         12.5291E+03 
              626.713E-03         12.5292E+03 
              626.721E-03         12.5294E+03 
              626.724E-03         12.5294E+03 
              626.729E-03         12.5295E+03 
              626.736E-03         12.5296E+03 
              626.746E-03         12.5297E+03 
              626.75E-03          12.5297E+03 
              626.756E-03         12.5298E+03 
              626.765E-03         12.5299E+03 
              626.768E-03         12.5299E+03 
              626.773E-03         12.5299E+03 




