
                  X             uf-60-45-exp  

                0.                -0.         
               39.94E-09          82.3844E-03 
              319.041E-09        390.149E-03  
                1.70601E-06      938.229E-03  
                7.53894E-06        2.06666    
               29.9775E-06         4.27409    
              111.812E-06          8.35       
              399.954E-06         16.0402     
                1.38837E-03       32.8861     
                4.70264E-03       76.9589     
               15.5512E-03       205.227      
               49.9952E-03       591.476      
              154.626E-03          1.73795E+03
              450.699E-03          4.95089E+03
                1.18929           12.931E+03  
                2.61016           25.3591E+03 
                2.69569           25.5715E+03 
                2.71683           25.5269E+03 
                2.73786           25.4823E+03 
                2.76921           25.4154E+03 
                2.77955           25.3931E+03 
                2.81576           25.0956E+03 
                2.8617            24.7132E+03 
                2.90702           24.2055E+03 
                2.94174           23.8107E+03 
                2.95167           23.7094E+03 
                3.01733           23.0262E+03 
                3.01968           23.0009E+03 
                3.04793           22.6978E+03 
                3.09031           22.3713E+03 
                3.11268           22.2089E+03 
                3.11413           22.1981E+03 
                3.11559           22.1873E+03 
                3.11778           22.1711E+03 
                3.12105           22.1468E+03 
                3.12595           22.1103E+03 
                3.13327           22.0555E+03 
                3.14422           21.9734E+03 
                3.15262           21.9099E+03 
                3.16052           21.8375E+03 
                3.17537           21.7E+03    
                3.18472           21.6158E+03 
                3.20898           21.3939E+03 
                3.22045           21.2516E+03 
                3.2582            20.7714E+03 
                3.27272           20.561E+03  
                3.30579           20.0618E+03 
                3.34802           19.4548E+03 
                3.35255           19.3862E+03 
                3.39714           18.7418E+03 
                3.39992           18.6622E+03 
                3.4041            18.5969E+03 
                3.4045            18.5897E+03 
                3.40508           18.5799E+03 
                3.40597           18.5668E+03 
                3.4063            18.5618E+03 
                3.40679           18.5547E+03 
                3.40754           18.5444E+03 
                3.40865           18.5292E+03 
                3.41033           18.5066E+03 
                3.41284           18.4727E+03 
                3.4166            18.4224E+03 
                3.41802           18.4013E+03 
                3.41944           18.382E+03  
                3.42009           18.3725E+03 
                3.42084           18.361E+03  
                3.42197           18.3448E+03 
                3.42239           18.3385E+03 
                3.42302           18.3295E+03 
                3.42397           18.3165E+03 
                3.42539           18.2978E+03 
                3.42753           18.2715E+03 
                3.43073           18.2356E+03 
                3.43553           18.1767E+03 
                3.44274           18.0279E+03 
                3.45354           17.6986E+03 
                3.46975           17.2284E+03 
                3.47583           17.0522E+03 
                3.4764            17.0331E+03 
                3.47726           17.0078E+03 
                3.47758           16.9986E+03 
                3.47806           16.9854E+03 
                3.47878           16.9668E+03 
                3.47986           16.94E+03   
                3.48148           16.9015E+03 
                3.48392           16.8472E+03 
                3.48682           16.7879E+03 
                3.48754           16.7727E+03 
                3.49278           16.6731E+03 
                3.49475           16.6332E+03 
                3.49549           16.6181E+03 
                3.49659           16.5976E+03 
                3.49701           16.5898E+03 
                3.49763           16.5786E+03 
                3.49857           16.5625E+03 
                3.49892           16.5562E+03 
                3.49944           16.5471E+03 
                3.50023           16.5338E+03 
                3.50141           16.5145E+03 
                3.50318           16.486E+03  
                3.50584           16.444E+03  
                3.50983           16.3822E+03 
                3.51103           16.3634E+03 
                3.51327           16.3279E+03 
                3.5141            16.3146E+03 
                3.51536           16.2946E+03 
                3.51574           16.2886E+03 
                3.51583           16.2867E+03 
                3.51654           16.2723E+03 
                3.5168            16.2669E+03 
                3.5172            16.2589E+03 
                3.51779           16.2467E+03 
                3.51868           16.2285E+03 
                3.52002           16.2012E+03 
                3.52202           16.1603E+03 
                3.52452           16.1089E+03 
                3.525             16.0948E+03 
                3.52947           15.9647E+03 
                3.53613           15.7696E+03 
                3.53753           15.7283E+03 
                3.54603           15.4644E+03 
                3.55668           15.1289E+03 
                3.56067           14.9976E+03 
                3.56376           14.8937E+03 
                3.57424           14.607E+03  
                3.57522           14.5711E+03 
                3.57559           14.5583E+03 
                3.57614           14.5414E+03 
                3.57697           14.5186E+03 
                3.57728           14.5101E+03 
                3.57775           14.4977E+03 
                3.57845           14.4797E+03 
                3.5795            14.4533E+03 
                3.58107           14.4148E+03 
                3.58216           14.3891E+03 
                3.58339           14.3593E+03 
                3.58682           14.2797E+03 
                3.59196           14.1583E+03 
                3.59966           13.9603E+03 
                3.61123           13.6724E+03 
                3.61335           13.6195E+03 
                3.61407           13.6014E+03 
                3.61514           13.5741E+03 
                3.61554           13.5639E+03 
                3.61614           13.5485E+03 
                3.61704           13.5255E+03 
                3.6184            13.491E+03  
                3.62042           13.4392E+03 
                3.62344           13.3616E+03 
                3.62795           13.2451E+03 
                3.6281            13.2411E+03 
                3.62849           13.2204E+03 
                3.62907           13.1956E+03 
                3.62929           13.187E+03  
                3.62962           13.1758E+03 
                3.63011           13.1614E+03 
                3.63085           13.142E+03  
                3.63112           13.1346E+03 
                3.63154           13.1237E+03 
                3.63216           13.1075E+03 
                3.63309           13.0833E+03 
                3.63449           13.0468E+03 
                3.63466           13.0424E+03 
                3.63657           12.9914E+03 
                3.63968           12.9056E+03 
                3.64084           12.8703E+03 
                3.64128           12.8567E+03 
                3.64194           12.8372E+03 
                3.64218           12.8298E+03 
                3.64255           12.8189E+03 
                3.64311           12.8027E+03 
                3.64394           12.7786E+03 
                3.6446            12.759E+03  
                3.64476           12.7541E+03 
                3.64558           12.7292E+03 
                3.6468            12.6919E+03 
                3.64863           12.6354E+03 
                3.65138           12.5496E+03 
                3.65551           12.4124E+03 
                3.65924           12.2657E+03 
                3.66163           12.1689E+03 
                3.67065           11.7515E+03 
                3.68057           11.3363E+03 
                3.68402           11.1855E+03 
                3.70342           10.5398E+03 
                3.70524           10.4539E+03 
                3.70796           10.3648E+03 
                3.70822           10.3552E+03 
                3.7086            10.3419E+03 
                3.70918           10.3235E+03 
                3.70939           10.3166E+03 
                3.70972           10.3065E+03 
                3.7102            10.292E+03  
                3.71093           10.2709E+03 
                3.71116           10.2643E+03 
                3.71199           10.2398E+03 
                3.71357           10.1942E+03 
                3.71593           10.1278E+03 
                3.71948           10.0312E+03 
                3.72081            9.99135E+03
                3.72131            9.97616E+03
                3.72206            9.95508E+03
                3.7222             9.95094E+03
                3.72233            9.94699E+03
                3.72274            9.93527E+03
                3.72336            9.9182E+03 
                3.72428            9.893E+03  
                3.72566            9.85533E+03
                3.72773            9.79859E+03
                3.73084            9.71182E+03
                3.73114            9.70159E+03
                3.73157            9.68728E+03
                3.73223            9.66754E+03
                3.73248            9.66001E+03
                3.73284            9.6491E+03 
                3.7334             9.63311E+03
                3.73423            9.60924E+03
                3.73547            9.57296E+03
                3.73734            9.51689E+03
                3.73804            9.49391E+03
                3.73831            9.48507E+03
                3.73831            9.48492E+03
                3.73869            9.47222E+03
                3.73927            9.45343E+03
                3.74013            9.42529E+03
                3.74143            9.38207E+03
                3.74338            9.31454E+03
                3.74421            9.31454E+03
                3.74641            9.31454E+03
                3.74661            9.31454E+03
                3.74692            9.31454E+03
                3.74738            9.31454E+03
                3.74755            9.31454E+03
                3.74781            9.31454E+03
                3.7482             9.31454E+03
                3.74878            9.31454E+03
                3.74965            9.31454E+03
                3.75096            9.31454E+03
                3.7529             9.31454E+03
                3.75581            9.31454E+03
                3.76013            9.31454E+03
                3.76654            9.31454E+03
                3.77596            9.31454E+03
                3.78967            9.31454E+03
                3.80933            9.31454E+03
                3.83675            9.31454E+03
                3.83736            9.31454E+03
                3.83797            9.31454E+03
                3.83858            9.31454E+03
                3.8395             9.31454E+03
                3.83984            9.31454E+03
                3.84035            9.31454E+03
                3.84086            9.31454E+03
                3.84137            9.31454E+03
                3.84188            9.31454E+03
                3.84264            9.31454E+03
                3.84378            9.31454E+03
                3.84548            9.31454E+03
                3.84801            9.31454E+03
                3.84895            9.31454E+03
                3.85035            9.31454E+03
                3.85088            9.31454E+03
                3.85166            9.31454E+03
                3.85245            9.31454E+03
                3.85323            9.31454E+03
                3.85439            9.31454E+03
                3.85613            9.31454E+03
                3.85872            9.31454E+03
                3.86255            9.31454E+03
                3.86817            9.31454E+03
                3.87635            9.31454E+03
                3.88804            9.31454E+03
                3.90429            9.31454E+03
                3.92584            9.31454E+03
                3.95213            9.31454E+03
                3.97916            9.31454E+03
                3.99738            9.31454E+03
                4.                 9.31454E+03




