
                  X          uf090exp-truncate

                0.                -0.         
               39.94E-09         128.52E-03   
              319.041E-09        637.802E-03  
                1.70601E-06        1.62497    
                7.53894E-06        3.72589    
               29.9775E-06         7.89869    
              111.812E-06         16.5528     
              399.954E-06         38.1232     
                1.38837E-03      101.012      
                4.70264E-03      296.911      
               15.5512E-03       917.319      
               49.9952E-03         2.85912E+03
              154.626E-03          8.72225E+03
              450.699E-03         25.2089E+03 
              551.162E-03         30.8489E+03 
              661.566E-03         36.4978E+03 
              705.417E-03         38.7816E+03 
              773.588E-03         42.1549E+03 
              880.974E-03         47.2327E+03 
              908.736E-03         48.5903E+03 
              915.731E-03         48.9243E+03 
              926.264E-03         49.3667E+03 
              930.227E-03         49.5407E+03 
              931.715E-03         49.6061E+03 
              933.948E-03         49.699E+03  
              934.786E-03         49.7348E+03 
              935.101E-03         49.7484E+03 
              935.572E-03         49.7683E+03 
              936.28E-03          49.7977E+03 
              937.342E-03         49.8411E+03 
              938.935E-03         49.9059E+03 
              939.334E-03         49.9228E+03 
              939.733E-03         49.9396E+03 
              940.331E-03         49.9644E+03 
              941.228E-03         50.001E+03  
              942.575E-03         50.0557E+03 
              944.596E-03         50.1377E+03 
              946.62E-03          50.2206E+03 
              948.645E-03         50.3037E+03 
              949.405E-03         50.3358E+03 
              950.545E-03         50.3828E+03 
              952.256E-03         50.4517E+03 
              952.898E-03         50.4781E+03 
              953.862E-03         50.5166E+03 
              955.308E-03         50.5709E+03 
              957.478E-03         50.6336E+03 
              958.292E-03         50.6549E+03 
              959.514E-03         50.6739E+03 
              961.349E-03         50.6531E+03 
              962.037E-03         50.6381E+03 
              963.07E-03          50.5913E+03 
              964.62E-03          50.4451E+03 
              966.946E-03         49.9728E+03 
              967.819E-03         49.7571E+03 
              969.129E-03         49.3281E+03 
              971.096E-03         48.4172E+03 
              971.834E-03         48.0377E+03 
              972.941E-03         47.3784E+03 
              974.603E-03         46.1958E+03 
              975.226E-03         45.7268E+03 
              976.162E-03         44.9674E+03 
              977.565E-03         43.7247E+03 
              979.673E-03         41.7223E+03 
              980.463E-03         40.9584E+03 
              981.65E-03          39.7981E+03 
              983.43E-03          38.0836E+03 
              984.099E-03         37.4481E+03 
              985.101E-03         36.5176E+03 
              986.605E-03         35.1959E+03 
              987.17E-03          34.7123E+03 
              988.017E-03         34.015E+03  
              989.287E-03         33.037E+03  
              991.195E-03         31.7233E+03 
              993.104E-03         30.5504E+03 
              995.014E-03         29.4964E+03 
              996.925E-03         28.5362E+03 
              998.838E-03         27.6441E+03 
              999.556E-03         27.3187E+03 
                1.                27.1229E+03 




