
                  X          uf0exp-trauncate

                0.                -0.         
               39.94E-09         144.262E-03  
              319.041E-09        746.553E-03  
                1.70601E-06        1.94853    
                7.53894E-06        4.44846    
               29.9775E-06         9.54913    
              111.812E-06         21.6481     
              399.954E-06         56.0726     
                1.38837E-03      163.196      
                4.70264E-03      506.745      
               15.5512E-03         1.60973E+03
               49.9952E-03         5.08311E+03
              154.626E-03         15.598E+03  
              281.19E-03          28.3361E+03 
              339.75E-03          34.2707E+03 
              404.338E-03         40.6064E+03 
              417.112E-03         42.0121E+03 
              426.829E-03         42.9162E+03 
              436.663E-03         43.8215E+03 
              446.612E-03         44.7604E+03 
              456.678E-03         45.7349E+03 
              466.859E-03         46.7361E+03 
              477.154E-03         47.7537E+03 
              487.565E-03         48.7809E+03 
              498.089E-03         49.8146E+03 
              508.726E-03         50.8543E+03 
              519.477E-03         51.8984E+03 
              530.339E-03         52.9468E+03 
              541.314E-03         54.0039E+03 
              546.843E-03         54.5524E+03 
              552.4E-03           55.0872E+03 
              557.984E-03         55.6238E+03 
              563.596E-03         56.1632E+03 
              569.235E-03         56.7057E+03 
              577.746E-03         57.5198E+03 
              590.627E-03         58.7602E+03 
              610.206E-03         60.6512E+03 
              640.147E-03         63.5417E+03 
              670.764E-03         66.4948E+03 
              694.164E-03         68.7491E+03 
              717.932E-03         71.0139E+03 
              742.063E-03         73.3135E+03 
              766.552E-03         75.6449E+03 
              791.391E-03         78.0005E+03 
              816.577E-03         80.3802E+03 
              842.101E-03         82.7846E+03 
              851.758E-03         83.723E+03  
              866.332E-03         85.0736E+03 
              871.823E-03         85.6026E+03 
              873.887E-03         85.8016E+03 
              874.661E-03         85.8762E+03 
              875.823E-03         85.9845E+03 
              876.985E-03         86.0924E+03 
              878.148E-03         86.2003E+03 
              879.894E-03         86.3612E+03 
              882.516E-03         86.6003E+03 
              883.171E-03         86.6626E+03 
              883.828E-03         86.7235E+03 
              884.812E-03         86.8124E+03 
              886.29E-03          86.9408E+03 
              888.508E-03         87.1048E+03 
              889.063E-03         87.1458E+03 
              889.618E-03         87.1836E+03 
              890.451E-03         87.2313E+03 
              890.763E-03         87.2484E+03 
              891.232E-03         87.2707E+03 
              891.935E-03         87.2954E+03 
              892.199E-03         87.3037E+03 
              892.595E-03         87.3129E+03 
              893.188E-03         87.3182E+03 
              894.079E-03         87.3029E+03 
              894.413E-03         87.2942E+03 
              894.915E-03         87.2721E+03 
              895.667E-03         87.2153E+03 
              895.949E-03         87.1909E+03 
              896.373E-03         87.1457E+03 
              897.008E-03         87.0565E+03 
              897.961E-03         86.8677E+03 
              898.318E-03         86.7894E+03 
              898.855E-03         86.6521E+03 
              899.659E-03         86.398E+03  
              900.867E-03         85.8994E+03 
              901.32E-03          85.6964E+03 
              902.E-03            85.352E+03  
              902.255E-03         85.2175E+03 
              902.637E-03         85.0028E+03 
              903.211E-03         84.6518E+03 
              904.072E-03         84.0613E+03 
              904.395E-03         83.8315E+03 
              904.88E-03          83.4668E+03 
              905.607E-03         82.8771E+03 
              906.698E-03         81.9058E+03 
              906.971E-03         81.6584E+03 
              907.244E-03         81.4058E+03 
              907.653E-03         81.0156E+03 
              908.268E-03         80.4069E+03 
              909.189E-03         79.447E+03  
              910.573E-03         77.9073E+03 
              911.091E-03         77.317E+03  
              911.87E-03          76.398E+03  
              912.162E-03         76.049E+03  
              912.6E-03           75.5141E+03 
              913.258E-03         74.6847E+03 
              914.244E-03         73.3735E+03 
              914.614E-03         72.8727E+03 
              915.169E-03         72.0983E+03 
              916.002E-03         70.8837E+03 
              916.315E-03         70.4213E+03 
              916.783E-03         69.711E+03  
              917.487E-03         68.6113E+03 
              917.751E-03         68.1946E+03 
              918.146E-03         67.5598E+03 
              918.74E-03          66.5896E+03 
              919.631E-03         65.1103E+03 
              919.965E-03         64.5537E+03 
              920.467E-03         63.7162E+03 
              921.219E-03         62.4658E+03 
              922.348E-03         60.6366E+03 
              922.771E-03         59.9595E+03 
              923.407E-03         58.9658E+03 
              924.36E-03          57.5341E+03 
              925.314E-03         56.1654E+03 
              926.268E-03         54.8588E+03 
              926.626E-03         54.378E+03  
              927.163E-03         53.6751E+03 
              927.968E-03         52.66E+03   
              928.271E-03         52.2851E+03 
              928.724E-03         51.7344E+03 
              929.404E-03         50.9333E+03 
              929.659E-03         50.6366E+03 
              930.042E-03         50.1993E+03 
              930.616E-03         49.5601E+03 
              931.478E-03         48.6404E+03 
              931.801E-03         48.3015E+03 
              932.286E-03         47.8058E+03 
              933.014E-03         47.092E+03  
              934.106E-03         46.0929E+03 
              935.744E-03         44.7603E+03 
              936.359E-03         44.2853E+03 
              937.281E-03         43.6224E+03 
              938.666E-03         42.7316E+03 
              939.185E-03         42.4126E+03 
              939.964E-03         41.9624E+03 
              941.134E-03         41.344E+03  
              941.572E-03         41.1206E+03 
              942.23E-03          40.8009E+03 
              942.477E-03         40.6834E+03 
              942.847E-03         40.5118E+03 
              943.403E-03         40.264E+03  
              944.237E-03         39.9134E+03 
              945.488E-03         39.4323E+03 
              945.957E-03         39.259E+03  
              946.661E-03         39.0119E+03 
              946.925E-03         38.9214E+03 
              947.321E-03         38.7896E+03 
              947.916E-03         38.6006E+03 
              948.808E-03         38.3363E+03 
              950.146E-03         37.9801E+03 
              950.648E-03         37.8531E+03 
              951.402E-03         37.6737E+03 
              952.532E-03         37.433E+03  
              953.663E-03         37.2285E+03 
              953.946E-03         37.1803E+03 
              954.37E-03          37.1135E+03 
              955.007E-03         37.0285E+03 
              955.962E-03         36.9465E+03 
              957.396E-03         36.9656E+03 
              957.934E-03         36.9958E+03 
              958.741E-03         37.0949E+03 
              959.951E-03         37.3712E+03 
              961.163E-03         37.7639E+03 
              962.375E-03         38.2434E+03 
              962.83E-03          38.4341E+03 
              963.512E-03         38.7349E+03 
              964.536E-03         39.1893E+03 
              966.072E-03         39.7829E+03 
              966.456E-03         39.9254E+03 
              966.841E-03         40.0593E+03 
              967.417E-03         40.2369E+03 
              968.282E-03         40.4418E+03 
              969.58E-03          40.6007E+03 
              971.529E-03         40.5422E+03 
              974.455E-03         39.9784E+03 
              975.553E-03         39.7124E+03 
              977.201E-03         39.1995E+03 
              979.674E-03         38.1709E+03 
              982.151E-03         36.8304E+03 
              984.63E-03          35.1221E+03 
              988.352E-03         31.7984E+03 
              989.75E-03          30.4591E+03 
              991.148E-03         29.0373E+03 
              992.547E-03         27.5578E+03 
              994.647E-03         25.306E+03  
              997.8E-03           22.1702E+03 
                1.                20.4724E+03 




