
                  X          uf45exp_truncate

                0.                -0.         
               39.94E-09         118.008E-03  
              319.041E-09        563.39E-03   
                1.70601E-06        1.37077    
                7.53894E-06        3.04476    
               29.9775E-06         6.30321    
              111.812E-06         12.3566     
              399.954E-06         24.2801     
                1.38837E-03       52.3104     
                4.70264E-03      130.082      
               15.5512E-03       363.36       
               49.9952E-03         1.07528E+03
              154.626E-03          3.20108E+03
              450.699E-03          9.15791E+03
              551.162E-03         11.1609E+03 
              661.566E-03         12.8399E+03 
              781.336E-03         14.4583E+03 
              812.662E-03         14.8854E+03 
              844.518E-03         15.0434E+03 
              876.892E-03         15.0044E+03 
              909.771E-03         14.7758E+03 
              943.14E-03          14.4436E+03 
              976.988E-03         14.1025E+03 
                1.0113            13.8038E+03 
                1.0636            13.4416E+03 
                1.14384           12.9848E+03 
                1.26787           12.3247E+03 
                1.46092           11.3888E+03 
                1.61003           10.7641E+03 
                1.66667           10.5504E+03 
                1.75221           10.2115E+03 
                1.88146            9.63644E+03
                1.91388            9.50555E+03
                1.94633            9.37916E+03
                1.99504            9.22381E+03
                1.9996             9.20956E+03
                2.00132            9.20421E+03
                2.00388            9.19621E+03
                2.00774            9.18436E+03
                2.01159            9.17272E+03
                2.01544            9.16141E+03
                2.02122            9.14605E+03
                2.02989            9.12468E+03
                2.04289            9.06977E+03
                2.06239            8.92881E+03
                2.09162            8.73661E+03
                2.13543            8.55941E+03
                2.20099            8.28982E+03
                2.29885            7.76315E+03
                2.33535            7.53738E+03
                2.38985            7.21521E+03
                2.4102             7.07987E+03
                2.41782            7.02846E+03
                2.42923            6.95966E+03
                2.43351            6.93111E+03
                2.43992            6.89234E+03
                2.44232            6.87646E+03
                2.44322            6.8704E+03 
                2.44457            6.86192E+03
                2.4466             6.84971E+03
                2.44963            6.83164E+03
                2.45419            6.80471E+03
                2.46101            6.76624E+03
                2.47124            6.71897E+03
                2.47507            6.70006E+03
                2.48081            6.67824E+03
                2.48297            6.66908E+03
                2.48619            6.65708E+03
                2.4874             6.65202E+03
                2.48922            6.64486E+03
                2.49194            6.63331E+03
                2.49296            6.62828E+03
                2.49449            6.62054E+03
                2.49678            6.60733E+03
                2.50022            6.58162E+03
                2.50537            6.52708E+03
                2.5131             6.4171E+03 
                2.52467            6.23818E+03
                2.54198            6.00627E+03
                2.56786            5.74335E+03
                2.60646            5.50353E+03
                2.62086            5.41701E+03
                2.62625            5.3866E+03 
                2.62827            5.37551E+03
                2.62903            5.37139E+03
                2.63016            5.3661E+03 
                2.63186            5.35907E+03
                2.6325             5.35621E+03
                2.63346            5.35222E+03
                2.6349             5.34666E+03
                2.63705            5.33883E+03
                2.64028            5.32775E+03
                2.64511            5.31214E+03
                2.65236            5.28868E+03
                2.66321            5.24126E+03
                2.67944            5.13347E+03
                2.70368            4.93892E+03
                2.73978            4.63455E+03
                2.79333            4.21419E+03
                2.87222            3.64936E+03
                2.87952            3.54022E+03
                2.88225            3.51246E+03
                2.88635            3.48239E+03
                2.88788            3.46982E+03
                2.89018            3.45318E+03
                2.89105            3.44635E+03
                2.89234            3.4369E+03 
                2.89428            3.42345E+03
                2.89718            3.4037E+03 
                2.89791            3.39777E+03
                2.89863            3.39211E+03
                2.89972            3.38427E+03
                2.90135            3.37314E+03
                2.9038             3.35685E+03
                2.90747            3.33289E+03
                2.91296            3.29829E+03
                2.92117            3.24984E+03
                2.93346            3.17811E+03
                2.95178            3.02561E+03
                2.97905            2.69434E+03
                3.                 2.49044E+03




