
                  X            uf-80-0-90-exp 

                0.                -0.         
               39.94E-09          97.5815E-03 
              319.041E-09        484.201E-03  
                1.70601E-06        1.23349    
                7.53894E-06        2.82592    
               29.9775E-06         5.9746     
              111.812E-06         12.4644     
              399.954E-06         28.5663     
                1.38837E-03       75.3735     
                4.70264E-03      220.901      
               15.5512E-03       681.375      
               49.9952E-03         2.12208E+03
              154.626E-03          6.47153E+03
              450.699E-03         18.7416E+03 
              605.155E-03         25.182E+03  
              876.892E-03         36.1108E+03 
              904.601E-03         37.4088E+03 
              915.082E-03         37.7875E+03 
              930.896E-03         38.3137E+03 
              936.855E-03         38.524E+03  
              939.093E-03         38.6034E+03 
              942.455E-03         38.7173E+03 
              943.717E-03         38.7616E+03 
              945.61E-03          38.8264E+03 
              948.454E-03         38.9238E+03 
              949.166E-03         38.9494E+03 
              949.877E-03         38.9748E+03 
              950.945E-03         39.0121E+03 
              952.548E-03         39.0679E+03 
              954.954E-03         39.1523E+03 
              958.568E-03         39.277E+03  
              963.999E-03         39.3902E+03 
              972.168E-03         39.1481E+03 
              975.238E-03         38.995E+03  
              976.39E-03          38.928E+03  
              978.12E-03          38.802E+03  
              978.769E-03         38.7519E+03 
              979.742E-03         38.669E+03  
              981.203E-03         38.5285E+03 
              981.751E-03         38.4742E+03 
              982.574E-03         38.3879E+03 
              982.882E-03         38.355E+03  
              983.345E-03         38.3043E+03 
              984.039E-03         38.2253E+03 
              985.081E-03         38.1013E+03 
              986.645E-03         37.9083E+03 
              987.232E-03         37.8356E+03 
              988.112E-03         37.7255E+03 
              989.432E-03         37.5613E+03 
              989.928E-03         37.5004E+03 
              990.671E-03         37.4102E+03 
              991.787E-03         37.2794E+03 
              993.461E-03         37.0976E+03 
              994.089E-03         37.0323E+03 
              995.031E-03         36.9392E+03 
              996.446E-03         36.8101E+03 
              996.976E-03         36.7636E+03 
              997.772E-03         36.6963E+03 
              998.967E-03         36.5982E+03 
                1.00076           36.4428E+03 
                1.00143           36.3831E+03 
                1.00244           36.2845E+03 
                1.00396           36.102E+03  
                1.00452           36.0283E+03 
                1.00538           35.9017E+03 
                1.00666           35.6654E+03 
                1.00858           35.1743E+03 
                1.0093            34.9701E+03 
                1.01038           34.6116E+03 
                1.012             33.9492E+03 
                1.01261           33.6835E+03 
                1.01352           33.2445E+03 
                1.01489           32.5006E+03 
                1.01541           32.2104E+03 
                1.01618           31.7505E+03 
                1.01733           31.014E+03  
                1.01907           29.8405E+03 
                1.01972           29.3935E+03 
                1.0207            28.7125E+03 
                1.02217           27.6913E+03 
                1.02437           26.2247E+03 
                1.0252            25.6878E+03 
                1.02644           24.917E+03  
                1.0283            23.8552E+03 
                1.029             23.4716E+03 
                1.03004           22.928E+03  
                1.03162           22.1835E+03 
                1.03221           21.9146E+03 
                1.03309           21.5322E+03 
                1.03442           21.0014E+03 
                1.03641           20.2805E+03 
                1.03716           20.0203E+03 
                1.03828           19.6462E+03 
                1.03997           19.1081E+03 
                1.0406            18.9094E+03 
                1.04155           18.6143E+03 
                1.04297           18.172E+03  
                1.0451            17.4968E+03 
                1.04591           17.2422E+03 
                1.04711           16.854E+03  
                1.04891           16.2606E+03 
                1.04959           16.0375E+03 
                1.0506            15.7005E+03 
                1.05213           15.196E+03  
                1.0527            15.0078E+03 
                1.05356           14.7274E+03 
                1.05484           14.3158E+03 
                1.05678           13.7324E+03 
                1.0575            13.5198E+03 
                1.05859           13.2149E+03 
                1.06022           12.796E+03  
                1.06083           12.6451E+03 
                1.06175           12.4324E+03 
                1.06313           12.1467E+03 
                1.06416           11.9528E+03 
                1.06572           11.7092E+03 
                1.0663            11.6251E+03 
                1.06717           11.5143E+03 
                1.06848           11.384E+03  
                1.07045           11.2707E+03 
                1.0734            11.2764E+03 
                1.07784           11.6131E+03 
                1.08451           12.5994E+03 
                1.09453           14.4591E+03 
                1.10964           17.0345E+03 
                1.13243           19.2337E+03 
                1.16691           19.687E+03  
                1.21929           19.6581E+03 
                1.29921           20.7213E+03 
                1.42184           22.6618E+03 
                1.46857           23.416E+03  
                1.53933           24.4938E+03 
                1.56605           24.9237E+03 
                1.57609           25.0846E+03 
                1.57986           25.1449E+03 
                1.58552           25.2316E+03 
                1.58764           25.2652E+03 
                1.58844           25.2779E+03 
                1.58964           25.2964E+03 
                1.59143           25.3238E+03 
                1.5921            25.3343E+03 
                1.59311           25.3499E+03 
                1.59462           25.373E+03  
                1.59689           25.4076E+03 
                1.6003            25.4595E+03 
                1.60115           25.473E+03  
                1.602             25.4864E+03 
                1.60328           25.506E+03  
                1.60519           25.5352E+03 
                1.60591           25.5464E+03 
                1.60699           25.563E+03  
                1.60861           25.5876E+03 
                1.61104           25.6239E+03 
                1.61468           25.6726E+03 
                1.62015           25.6876E+03 
                1.62835           25.4921E+03 
                1.64068           25.0758E+03 
                1.65919           24.97E+03   
                1.68703           25.57E+03   
                1.72892           26.5691E+03 
                1.792             27.6124E+03 
                1.88705           28.9958E+03 
                1.89598           29.1338E+03 
                1.90938           29.3264E+03 
                1.9144            29.3991E+03 
                1.91629           29.4263E+03 
                1.91912           29.467E+03  
                1.92018           29.4823E+03 
                1.92177           29.5052E+03 
                1.92415           29.5395E+03 
                1.92505           29.5524E+03 
                1.92639           29.5718E+03 
                1.9284            29.6008E+03 
                1.92916           29.6118E+03 
                1.93029           29.6282E+03 
                1.93199           29.6527E+03 
                1.93263           29.662E+03  
                1.93358           29.6758E+03 
                1.93502           29.6966E+03 
                1.93717           29.7279E+03 
                1.93797           29.7396E+03 
                1.93918           29.7572E+03 
                1.941             29.7837E+03 
                1.94281           29.8102E+03 
                1.94463           29.8366E+03 
                1.94735           29.876E+03  
                1.94837           29.8907E+03 
                1.9499            29.9125E+03 
                1.9522            29.9434E+03 
                1.95564           29.9773E+03 
                1.9565            29.9848E+03 
                1.95736           29.9913E+03 
                1.95866           29.9975E+03 
                1.9606            29.9957E+03 
                1.96132           29.9933E+03 
                1.96241           29.9848E+03 
                1.96405           29.9582E+03 
                1.9665            29.8754E+03 
                1.97018           29.6264E+03 
                1.9757            28.9951E+03 
                1.98398           27.8759E+03 
                1.9964            26.761E+03  
                2.01503           26.6799E+03 
                2.04298           28.064E+03  
                2.08487           29.676E+03  
                2.14763           30.6209E+03 
                2.24144           31.7636E+03 
                2.38093           33.6822E+03 
                2.43272           34.3836E+03 
                2.43756           34.4353E+03 
                2.44481           34.5364E+03 
                2.44753           34.5732E+03 
                2.44855           34.5869E+03 
                2.45007           34.6084E+03 
                2.45065           34.6163E+03 
                2.45151           34.6284E+03 
                2.4528            34.6468E+03 
                2.45328           34.6535E+03 
                2.454             34.6637E+03 
                2.45509           34.6792E+03 
                2.4555            34.685E+03  
                2.45611           34.6936E+03 
                2.45703           34.7067E+03 
                2.4584            34.7264E+03 
                2.46046           34.7561E+03 
                2.46124           34.7669E+03 
                2.4624            34.7834E+03 
                2.46414           34.8085E+03 
                2.46479           34.8176E+03 
                2.46577           34.8316E+03 
                2.46723           34.8528E+03 
                2.46778           34.8606E+03 
                2.46861           34.8724E+03 
                2.46985           34.8903E+03 
                2.4717            34.917E+03  
                2.4724            34.9267E+03 
                2.47344           34.9413E+03 
                2.475             34.9624E+03 
                2.47735           34.9871E+03 
                2.47823           34.9946E+03 
                2.47955           35.0016E+03 
                2.48153           34.9927E+03 
                2.48227           34.9858E+03 
                2.48338           34.9662E+03 
                2.48505           34.9062E+03 
                2.48568           34.8787E+03 
                2.48661           34.825E+03  
                2.48802           34.7101E+03 
                2.48855           34.6617E+03 
                2.48934           34.5766E+03 
                2.49053           34.4179E+03 
                2.49231           34.1059E+03 
                2.49297           33.9781E+03 
                2.49397           33.7635E+03 
                2.49548           33.3954E+03 
                2.49604           33.2509E+03 
                2.49688           33.0222E+03 
                2.49815           32.6587E+03 
                2.49862           32.5198E+03 
                2.49933           32.3074E+03 
                2.5004            31.9849E+03 
                2.5008            31.8636E+03 
                2.5014            31.682E+03  
                2.5023            31.4133E+03 
                2.50365           31.0274E+03 
                2.50416           30.8852E+03 
                2.50492           30.6795E+03 
                2.50606           30.3899E+03 
                2.50777           29.997E+03  
                2.50841           29.8551E+03 
                2.50937           29.6535E+03 
                2.51081           29.3683E+03 
                2.51297           28.942E+03  
                2.51621           28.1969E+03 
                2.52107           26.7384E+03 
                2.52834           24.2265E+03 
                2.53924           21.1549E+03 
                2.55555           19.5777E+03 
                2.57994           21.8055E+03 
                2.61631           25.8347E+03 
                2.67038           27.4397E+03 
                2.7503            27.6155E+03 
                2.8672            28.5463E+03 
                2.91002           28.9229E+03 
                2.92593           29.0721E+03 
                2.94963           29.3415E+03 
                2.95847           29.4261E+03 
                2.96177           29.4572E+03 
                2.96672           29.5119E+03 
                2.96858           29.5298E+03 
                2.96927           29.5364E+03 
                2.97032           29.5473E+03 
                2.97071           29.5512E+03 
                2.97129           29.5574E+03 
                2.97217           29.5669E+03 
                2.9725            29.5704E+03 
                2.973             29.5756E+03 
                2.97374           29.5837E+03 
                2.97402           29.5866E+03 
                2.97443           29.591E+03  
                2.97506           29.5977E+03 
                2.97599           29.6079E+03 
                2.97635           29.6116E+03 
                2.97687           29.6171E+03 
                2.97766           29.6256E+03 
                2.97796           29.6287E+03 
                2.9784            29.6333E+03 
                2.97907           29.6404E+03 
                2.98007           29.6512E+03 
                2.98045           29.6551E+03 
                2.98101           29.6609E+03 
                2.98185           29.6698E+03 
                2.98269           29.6787E+03 
                2.98353           29.6876E+03 
                2.9848            29.701E+03  
                2.98527           29.7057E+03 
                2.98598           29.713E+03  
                2.98705           29.7241E+03 
                2.98864           29.7408E+03 
                2.99103           29.7556E+03 
                2.99163           29.7576E+03 
                2.99223           29.7586E+03 
                2.99313           29.757E+03  
                2.99447           29.7391E+03 
                2.99648           29.6247E+03 
                2.9995            28.9801E+03 
                3.00402           26.5118E+03 
                3.01079           21.4507E+03 
                3.02091           16.2045E+03 
                3.02114           16.0805E+03 
                3.0215            15.8985E+03 
                3.02203           15.6351E+03 

 MINIMUM        0.                -0.         
  AT X =                           0.         
 MAXIMUM        3.02203           39.3902E+03 
  AT X =                         963.999E-03  




